ARM GAS  C:\DOCUME~1\Chuck\LOCALS~1\Temp\ccVpotlz.s 			page 1


   1              		.cpu cortex-m0
   2              		.fpu softvfp
   3              		.eabi_attribute 20, 1
   4              		.eabi_attribute 21, 1
   5              		.eabi_attribute 23, 3
   6              		.eabi_attribute 24, 1
   7              		.eabi_attribute 25, 1
   8              		.eabi_attribute 26, 1
   9              		.eabi_attribute 30, 6
  10              		.eabi_attribute 34, 0
  11              		.eabi_attribute 18, 4
  12              		.code	16
  13              		.file	"Bootloadable.c"
  14              		.text
  15              	.Ltext0:
  16              		.cfi_sections	.debug_frame
  17              		.section	.text.Bootloadable_Load,"ax",%progbits
  18              		.align	2
  19              		.global	Bootloadable_Load
  20              		.code	16
  21              		.thumb_func
  22              		.type	Bootloadable_Load, %function
  23              	Bootloadable_Load:
  24              	.LFB0:
  25              		.file 1 ".\\Generated_Source\\PSoC4\\Bootloadable.c"
   1:.\Generated_Source\PSoC4/Bootloadable.c **** /*******************************************************************************
   2:.\Generated_Source\PSoC4/Bootloadable.c **** * File Name: Bootloadable.c
   3:.\Generated_Source\PSoC4/Bootloadable.c **** * Version 1.20
   4:.\Generated_Source\PSoC4/Bootloadable.c **** *
   5:.\Generated_Source\PSoC4/Bootloadable.c **** *  Description:
   6:.\Generated_Source\PSoC4/Bootloadable.c **** *   Provides an API for the Bootloadable application. The API includes a
   7:.\Generated_Source\PSoC4/Bootloadable.c **** *   single function for starting bootloader.
   8:.\Generated_Source\PSoC4/Bootloadable.c **** *
   9:.\Generated_Source\PSoC4/Bootloadable.c **** ********************************************************************************
  10:.\Generated_Source\PSoC4/Bootloadable.c **** * Copyright 2008-2013, Cypress Semiconductor Corporation.  All rights reserved.
  11:.\Generated_Source\PSoC4/Bootloadable.c **** * You may use this file only in accordance with the license, terms, conditions,
  12:.\Generated_Source\PSoC4/Bootloadable.c **** * disclaimers, and limitations in the end user license agreement accompanying
  13:.\Generated_Source\PSoC4/Bootloadable.c **** * the software package with which this file was provided.
  14:.\Generated_Source\PSoC4/Bootloadable.c **** *******************************************************************************/
  15:.\Generated_Source\PSoC4/Bootloadable.c **** 
  16:.\Generated_Source\PSoC4/Bootloadable.c **** #include "Bootloadable.h"
  17:.\Generated_Source\PSoC4/Bootloadable.c **** 
  18:.\Generated_Source\PSoC4/Bootloadable.c **** 
  19:.\Generated_Source\PSoC4/Bootloadable.c **** /*******************************************************************************
  20:.\Generated_Source\PSoC4/Bootloadable.c **** * Function Name: Bootloadable_Load
  21:.\Generated_Source\PSoC4/Bootloadable.c **** ********************************************************************************
  22:.\Generated_Source\PSoC4/Bootloadable.c **** * Summary:
  23:.\Generated_Source\PSoC4/Bootloadable.c **** *  Begins the bootloading algorithm, downloading a new ACD image from the host.
  24:.\Generated_Source\PSoC4/Bootloadable.c **** *
  25:.\Generated_Source\PSoC4/Bootloadable.c **** * Parameters:
  26:.\Generated_Source\PSoC4/Bootloadable.c **** *  None
  27:.\Generated_Source\PSoC4/Bootloadable.c **** *
  28:.\Generated_Source\PSoC4/Bootloadable.c **** * Returns:
  29:.\Generated_Source\PSoC4/Bootloadable.c **** *  This method will never return. It will load a new application and reset
  30:.\Generated_Source\PSoC4/Bootloadable.c **** *  the device.
  31:.\Generated_Source\PSoC4/Bootloadable.c **** *
  32:.\Generated_Source\PSoC4/Bootloadable.c **** *******************************************************************************/
ARM GAS  C:\DOCUME~1\Chuck\LOCALS~1\Temp\ccVpotlz.s 			page 2


  33:.\Generated_Source\PSoC4/Bootloadable.c **** void Bootloadable_Load(void) 
  34:.\Generated_Source\PSoC4/Bootloadable.c **** {
  26              		.loc 1 34 0
  27              		.cfi_startproc
  28 0000 80B5     		push	{r7, lr}
  29              		.cfi_def_cfa_offset 8
  30              		.cfi_offset 7, -8
  31              		.cfi_offset 14, -4
  32 0002 00AF     		add	r7, sp, #0
  33              		.cfi_def_cfa_register 7
  35:.\Generated_Source\PSoC4/Bootloadable.c ****     /* Schedule Bootloader to start after reset */
  36:.\Generated_Source\PSoC4/Bootloadable.c ****     Bootloadable_SET_RUN_TYPE(Bootloadable_START_BTLDR);
  34              		.loc 1 36 0
  35 0004 034B     		ldr	r3, .L2
  36 0006 4022     		mov	r2, #64
  37 0008 1A60     		str	r2, [r3]
  37:.\Generated_Source\PSoC4/Bootloadable.c **** 
  38:.\Generated_Source\PSoC4/Bootloadable.c ****     CySoftwareReset();
  38              		.loc 1 38 0
  39 000a FFF7FEFF 		bl	CySoftwareReset
  39:.\Generated_Source\PSoC4/Bootloadable.c **** }
  40              		.loc 1 39 0
  41 000e BD46     		mov	sp, r7
  42              		@ sp needed
  43 0010 80BD     		pop	{r7, pc}
  44              	.L3:
  45 0012 C046     		.align	2
  46              	.L2:
  47 0014 00000000 		.word	cyBtldrRunType
  48              		.cfi_endproc
  49              	.LFE0:
  50              		.size	Bootloadable_Load, .-Bootloadable_Load
  51              		.section	.text.Bootloadable_SetFlashByte,"ax",%progbits
  52              		.align	2
  53              		.global	Bootloadable_SetFlashByte
  54              		.code	16
  55              		.thumb_func
  56              		.type	Bootloadable_SetFlashByte, %function
  57              	Bootloadable_SetFlashByte:
  58              	.LFB1:
  40:.\Generated_Source\PSoC4/Bootloadable.c **** 
  41:.\Generated_Source\PSoC4/Bootloadable.c **** 
  42:.\Generated_Source\PSoC4/Bootloadable.c **** /*******************************************************************************
  43:.\Generated_Source\PSoC4/Bootloadable.c **** * Function Name: Bootloadable_SetFlashByte
  44:.\Generated_Source\PSoC4/Bootloadable.c **** ********************************************************************************
  45:.\Generated_Source\PSoC4/Bootloadable.c **** * Summary:
  46:.\Generated_Source\PSoC4/Bootloadable.c **** *  Sets byte at specified address in Flash.
  47:.\Generated_Source\PSoC4/Bootloadable.c **** *
  48:.\Generated_Source\PSoC4/Bootloadable.c **** * Parameters:
  49:.\Generated_Source\PSoC4/Bootloadable.c **** *  None
  50:.\Generated_Source\PSoC4/Bootloadable.c **** *
  51:.\Generated_Source\PSoC4/Bootloadable.c **** * Returns:
  52:.\Generated_Source\PSoC4/Bootloadable.c **** *  None
  53:.\Generated_Source\PSoC4/Bootloadable.c **** *
  54:.\Generated_Source\PSoC4/Bootloadable.c **** *******************************************************************************/
  55:.\Generated_Source\PSoC4/Bootloadable.c **** void Bootloadable_SetFlashByte(uint32 address, uint8 runType) 
  56:.\Generated_Source\PSoC4/Bootloadable.c **** {
ARM GAS  C:\DOCUME~1\Chuck\LOCALS~1\Temp\ccVpotlz.s 			page 3


  59              		.loc 1 56 0
  60              		.cfi_startproc
  61 0000 80B5     		push	{r7, lr}
  62              		.cfi_def_cfa_offset 8
  63              		.cfi_offset 7, -8
  64              		.cfi_offset 14, -4
  65 0002 A6B0     		sub	sp, sp, #152
  66              		.cfi_def_cfa_offset 160
  67 0004 00AF     		add	r7, sp, #0
  68              		.cfi_def_cfa_register 7
  69 0006 7860     		str	r0, [r7, #4]
  70 0008 0A1C     		mov	r2, r1
  71 000a FB1C     		add	r3, r7, #3
  72 000c 1A70     		strb	r2, [r3]
  57:.\Generated_Source\PSoC4/Bootloadable.c ****     uint32 flsAddr = address - CYDEV_FLASH_BASE;
  73              		.loc 1 57 0
  74 000e 7B68     		ldr	r3, [r7, #4]
  75 0010 9020     		mov	r0, #144
  76 0012 C019     		add	r0, r0, r7
  77 0014 0360     		str	r3, [r0]
  58:.\Generated_Source\PSoC4/Bootloadable.c ****     uint8 rowData[CYDEV_FLS_ROW_SIZE];
  59:.\Generated_Source\PSoC4/Bootloadable.c **** 
  60:.\Generated_Source\PSoC4/Bootloadable.c ****     #if !(CY_PSOC4)
  61:.\Generated_Source\PSoC4/Bootloadable.c ****         uint8 arrayId = (uint8)(flsAddr / CYDEV_FLS_SECTOR_SIZE);
  62:.\Generated_Source\PSoC4/Bootloadable.c ****     #endif  /* !(CY_PSOC4) */
  63:.\Generated_Source\PSoC4/Bootloadable.c **** 
  64:.\Generated_Source\PSoC4/Bootloadable.c ****     uint16 rowNum = (uint16)((flsAddr % CYDEV_FLS_SECTOR_SIZE) / CYDEV_FLS_ROW_SIZE);
  78              		.loc 1 64 0
  79 0016 9022     		mov	r2, #144
  80 0018 D219     		add	r2, r2, r7
  81 001a 1368     		ldr	r3, [r2]
  82 001c 5B04     		lsl	r3, r3, #17
  83 001e 5B0C     		lsr	r3, r3, #17
  84 0020 DA09     		lsr	r2, r3, #7
  85 0022 3B1C     		mov	r3, r7
  86 0024 8E33     		add	r3, r3, #142
  87 0026 1A80     		strh	r2, [r3]
  65:.\Generated_Source\PSoC4/Bootloadable.c ****     uint32 baseAddr = address - (address % CYDEV_FLS_ROW_SIZE);
  88              		.loc 1 65 0
  89 0028 7B68     		ldr	r3, [r7, #4]
  90 002a 7F22     		mov	r2, #127
  91 002c 9343     		bic	r3, r2
  92 002e 8820     		mov	r0, #136
  93 0030 C019     		add	r0, r0, r7
  94 0032 0360     		str	r3, [r0]
  66:.\Generated_Source\PSoC4/Bootloadable.c ****     uint16 idx;
  67:.\Generated_Source\PSoC4/Bootloadable.c **** 
  68:.\Generated_Source\PSoC4/Bootloadable.c **** 
  69:.\Generated_Source\PSoC4/Bootloadable.c ****     for (idx = 0u; idx < CYDEV_FLS_ROW_SIZE; idx++)
  95              		.loc 1 69 0
  96 0034 3B1C     		mov	r3, r7
  97 0036 9633     		add	r3, r3, #150
  98 0038 0022     		mov	r2, #0
  99 003a 1A80     		strh	r2, [r3]
 100 003c 14E0     		b	.L5
 101              	.L6:
  70:.\Generated_Source\PSoC4/Bootloadable.c ****     {
ARM GAS  C:\DOCUME~1\Chuck\LOCALS~1\Temp\ccVpotlz.s 			page 4


  71:.\Generated_Source\PSoC4/Bootloadable.c ****         rowData[idx] = Bootloadable_GET_CODE_DATA(baseAddr + idx);
 102              		.loc 1 71 0 discriminator 2
 103 003e 3B1C     		mov	r3, r7
 104 0040 9633     		add	r3, r3, #150
 105 0042 1B88     		ldrh	r3, [r3]
 106 0044 3A1C     		mov	r2, r7
 107 0046 9632     		add	r2, r2, #150
 108 0048 1188     		ldrh	r1, [r2]
 109 004a 8820     		mov	r0, #136
 110 004c C019     		add	r0, r0, r7
 111 004e 0268     		ldr	r2, [r0]
 112 0050 8A18     		add	r2, r1, r2
 113 0052 1178     		ldrb	r1, [r2]
 114 0054 3A1C     		mov	r2, r7
 115 0056 0832     		add	r2, r2, #8
 116 0058 D154     		strb	r1, [r2, r3]
  69:.\Generated_Source\PSoC4/Bootloadable.c ****     for (idx = 0u; idx < CYDEV_FLS_ROW_SIZE; idx++)
 117              		.loc 1 69 0 discriminator 2
 118 005a 3B1C     		mov	r3, r7
 119 005c 9633     		add	r3, r3, #150
 120 005e 1A88     		ldrh	r2, [r3]
 121 0060 3B1C     		mov	r3, r7
 122 0062 9633     		add	r3, r3, #150
 123 0064 0132     		add	r2, r2, #1
 124 0066 1A80     		strh	r2, [r3]
 125              	.L5:
  69:.\Generated_Source\PSoC4/Bootloadable.c ****     for (idx = 0u; idx < CYDEV_FLS_ROW_SIZE; idx++)
 126              		.loc 1 69 0 is_stmt 0 discriminator 1
 127 0068 3B1C     		mov	r3, r7
 128 006a 9633     		add	r3, r3, #150
 129 006c 1B88     		ldrh	r3, [r3]
 130 006e 7F2B     		cmp	r3, #127
 131 0070 E5D9     		bls	.L6
  72:.\Generated_Source\PSoC4/Bootloadable.c ****     }
  73:.\Generated_Source\PSoC4/Bootloadable.c ****     rowData[address % CYDEV_FLS_ROW_SIZE] = runType;
 132              		.loc 1 73 0 is_stmt 1
 133 0072 7A68     		ldr	r2, [r7, #4]
 134 0074 7F23     		mov	r3, #127
 135 0076 1340     		and	r3, r2
 136 0078 3A1C     		mov	r2, r7
 137 007a 0832     		add	r2, r2, #8
 138 007c F91C     		add	r1, r7, #3
 139 007e 0978     		ldrb	r1, [r1]
 140 0080 D154     		strb	r1, [r2, r3]
  74:.\Generated_Source\PSoC4/Bootloadable.c **** 
  75:.\Generated_Source\PSoC4/Bootloadable.c **** 
  76:.\Generated_Source\PSoC4/Bootloadable.c ****     #if(CY_PSOC4)
  77:.\Generated_Source\PSoC4/Bootloadable.c ****         (void) CySysFlashWriteRow((uint32)rowNum, rowData);
 141              		.loc 1 77 0
 142 0082 3B1C     		mov	r3, r7
 143 0084 8E33     		add	r3, r3, #142
 144 0086 1A88     		ldrh	r2, [r3]
 145 0088 3B1C     		mov	r3, r7
 146 008a 0833     		add	r3, r3, #8
 147 008c 101C     		mov	r0, r2
 148 008e 191C     		mov	r1, r3
 149 0090 FFF7FEFF 		bl	CySysFlashWriteRow
ARM GAS  C:\DOCUME~1\Chuck\LOCALS~1\Temp\ccVpotlz.s 			page 5


  78:.\Generated_Source\PSoC4/Bootloadable.c ****     #else
  79:.\Generated_Source\PSoC4/Bootloadable.c ****         (void) CyWriteRowData(arrayId, rowNum, rowData);
  80:.\Generated_Source\PSoC4/Bootloadable.c ****     #endif  /* (CY_PSOC4) */
  81:.\Generated_Source\PSoC4/Bootloadable.c **** }
 150              		.loc 1 81 0
 151 0094 BD46     		mov	sp, r7
 152 0096 26B0     		add	sp, sp, #152
 153              		@ sp needed
 154 0098 80BD     		pop	{r7, pc}
 155              		.cfi_endproc
 156              	.LFE1:
 157              		.size	Bootloadable_SetFlashByte, .-Bootloadable_SetFlashByte
 158 009a C046     		.text
 159              	.Letext0:
 160              		.file 2 ".\\Generated_Source\\PSoC4\\cytypes.h"
 161              		.file 3 ".\\Generated_Source\\PSoC4\\Bootloadable.h"
 162              		.section	.debug_info,"",%progbits
 163              	.Ldebug_info0:
 164 0000 51010000 		.4byte	0x151
 165 0004 0400     		.2byte	0x4
 166 0006 00000000 		.4byte	.Ldebug_abbrev0
 167 000a 04       		.byte	0x4
 168 000b 01       		.uleb128 0x1
 169 000c 9E010000 		.4byte	.LASF22
 170 0010 01       		.byte	0x1
 171 0011 22000000 		.4byte	.LASF23
 172 0015 CF000000 		.4byte	.LASF24
 173 0019 00000000 		.4byte	.Ldebug_ranges0+0
 174 001d 00000000 		.4byte	0
 175 0021 00000000 		.4byte	.Ldebug_line0
 176 0025 02       		.uleb128 0x2
 177 0026 01       		.byte	0x1
 178 0027 06       		.byte	0x6
 179 0028 57010000 		.4byte	.LASF0
 180 002c 02       		.uleb128 0x2
 181 002d 01       		.byte	0x1
 182 002e 08       		.byte	0x8
 183 002f C1000000 		.4byte	.LASF1
 184 0033 02       		.uleb128 0x2
 185 0034 02       		.byte	0x2
 186 0035 05       		.byte	0x5
 187 0036 7E010000 		.4byte	.LASF2
 188 003a 02       		.uleb128 0x2
 189 003b 02       		.byte	0x2
 190 003c 07       		.byte	0x7
 191 003d 9B000000 		.4byte	.LASF3
 192 0041 02       		.uleb128 0x2
 193 0042 04       		.byte	0x4
 194 0043 05       		.byte	0x5
 195 0044 2F010000 		.4byte	.LASF4
 196 0048 02       		.uleb128 0x2
 197 0049 04       		.byte	0x4
 198 004a 07       		.byte	0x7
 199 004b 72000000 		.4byte	.LASF5
 200 004f 02       		.uleb128 0x2
 201 0050 08       		.byte	0x8
 202 0051 05       		.byte	0x5
ARM GAS  C:\DOCUME~1\Chuck\LOCALS~1\Temp\ccVpotlz.s 			page 6


 203 0052 00000000 		.4byte	.LASF6
 204 0056 02       		.uleb128 0x2
 205 0057 08       		.byte	0x8
 206 0058 07       		.byte	0x7
 207 0059 84000000 		.4byte	.LASF7
 208 005d 03       		.uleb128 0x3
 209 005e 04       		.byte	0x4
 210 005f 05       		.byte	0x5
 211 0060 696E7400 		.ascii	"int\000"
 212 0064 02       		.uleb128 0x2
 213 0065 04       		.byte	0x4
 214 0066 07       		.byte	0x7
 215 0067 15000000 		.4byte	.LASF8
 216 006b 04       		.uleb128 0x4
 217 006c 6C000000 		.4byte	.LASF9
 218 0070 02       		.byte	0x2
 219 0071 5B       		.byte	0x5b
 220 0072 2C000000 		.4byte	0x2c
 221 0076 04       		.uleb128 0x4
 222 0077 88010000 		.4byte	.LASF10
 223 007b 02       		.byte	0x2
 224 007c 5C       		.byte	0x5c
 225 007d 3A000000 		.4byte	0x3a
 226 0081 04       		.uleb128 0x4
 227 0082 0E000000 		.4byte	.LASF11
 228 0086 02       		.byte	0x2
 229 0087 5D       		.byte	0x5d
 230 0088 48000000 		.4byte	0x48
 231 008c 02       		.uleb128 0x2
 232 008d 04       		.byte	0x4
 233 008e 04       		.byte	0x4
 234 008f AE000000 		.4byte	.LASF12
 235 0093 02       		.uleb128 0x2
 236 0094 08       		.byte	0x8
 237 0095 04       		.byte	0x4
 238 0096 38010000 		.4byte	.LASF13
 239 009a 02       		.uleb128 0x2
 240 009b 01       		.byte	0x1
 241 009c 08       		.byte	0x8
 242 009d BC000000 		.4byte	.LASF14
 243 00a1 05       		.uleb128 0x5
 244 00a2 81000000 		.4byte	0x81
 245 00a6 02       		.uleb128 0x2
 246 00a7 04       		.byte	0x4
 247 00a8 07       		.byte	0x7
 248 00a9 75010000 		.4byte	.LASF15
 249 00ad 06       		.uleb128 0x6
 250 00ae 63010000 		.4byte	.LASF25
 251 00b2 01       		.byte	0x1
 252 00b3 21       		.byte	0x21
 253 00b4 00000000 		.4byte	.LFB0
 254 00b8 18000000 		.4byte	.LFE0-.LFB0
 255 00bc 01       		.uleb128 0x1
 256 00bd 9C       		.byte	0x9c
 257 00be 07       		.uleb128 0x7
 258 00bf 52000000 		.4byte	.LASF26
 259 00c3 01       		.byte	0x1
ARM GAS  C:\DOCUME~1\Chuck\LOCALS~1\Temp\ccVpotlz.s 			page 7


 260 00c4 37       		.byte	0x37
 261 00c5 00000000 		.4byte	.LFB1
 262 00c9 9A000000 		.4byte	.LFE1-.LFB1
 263 00cd 01       		.uleb128 0x1
 264 00ce 9C       		.byte	0x9c
 265 00cf 39010000 		.4byte	0x139
 266 00d3 08       		.uleb128 0x8
 267 00d4 B4000000 		.4byte	.LASF16
 268 00d8 01       		.byte	0x1
 269 00d9 37       		.byte	0x37
 270 00da 81000000 		.4byte	0x81
 271 00de 03       		.uleb128 0x3
 272 00df 91       		.byte	0x91
 273 00e0 E47E     		.sleb128 -156
 274 00e2 08       		.uleb128 0x8
 275 00e3 4A000000 		.4byte	.LASF17
 276 00e7 01       		.byte	0x1
 277 00e8 37       		.byte	0x37
 278 00e9 6B000000 		.4byte	0x6b
 279 00ed 03       		.uleb128 0x3
 280 00ee 91       		.byte	0x91
 281 00ef E37E     		.sleb128 -157
 282 00f1 09       		.uleb128 0x9
 283 00f2 27010000 		.4byte	.LASF18
 284 00f6 01       		.byte	0x1
 285 00f7 39       		.byte	0x39
 286 00f8 81000000 		.4byte	0x81
 287 00fc 02       		.uleb128 0x2
 288 00fd 91       		.byte	0x91
 289 00fe 70       		.sleb128 -16
 290 00ff 09       		.uleb128 0x9
 291 0100 96010000 		.4byte	.LASF19
 292 0104 01       		.byte	0x1
 293 0105 3A       		.byte	0x3a
 294 0106 39010000 		.4byte	0x139
 295 010a 03       		.uleb128 0x3
 296 010b 91       		.byte	0x91
 297 010c E87E     		.sleb128 -152
 298 010e 09       		.uleb128 0x9
 299 010f 8F010000 		.4byte	.LASF20
 300 0113 01       		.byte	0x1
 301 0114 40       		.byte	0x40
 302 0115 76000000 		.4byte	0x76
 303 0119 02       		.uleb128 0x2
 304 011a 91       		.byte	0x91
 305 011b 6E       		.sleb128 -18
 306 011c 09       		.uleb128 0x9
 307 011d 3F010000 		.4byte	.LASF21
 308 0121 01       		.byte	0x1
 309 0122 41       		.byte	0x41
 310 0123 81000000 		.4byte	0x81
 311 0127 02       		.uleb128 0x2
 312 0128 91       		.byte	0x91
 313 0129 68       		.sleb128 -24
 314 012a 0A       		.uleb128 0xa
 315 012b 69647800 		.ascii	"idx\000"
 316 012f 01       		.byte	0x1
ARM GAS  C:\DOCUME~1\Chuck\LOCALS~1\Temp\ccVpotlz.s 			page 8


 317 0130 42       		.byte	0x42
 318 0131 76000000 		.4byte	0x76
 319 0135 02       		.uleb128 0x2
 320 0136 91       		.byte	0x91
 321 0137 76       		.sleb128 -10
 322 0138 00       		.byte	0
 323 0139 0B       		.uleb128 0xb
 324 013a 6B000000 		.4byte	0x6b
 325 013e 49010000 		.4byte	0x149
 326 0142 0C       		.uleb128 0xc
 327 0143 A6000000 		.4byte	0xa6
 328 0147 7F       		.byte	0x7f
 329 0148 00       		.byte	0
 330 0149 0D       		.uleb128 0xd
 331 014a 48010000 		.4byte	.LASF27
 332 014e 03       		.byte	0x3
 333 014f 37       		.byte	0x37
 334 0150 A1000000 		.4byte	0xa1
 335 0154 00       		.byte	0
 336              		.section	.debug_abbrev,"",%progbits
 337              	.Ldebug_abbrev0:
 338 0000 01       		.uleb128 0x1
 339 0001 11       		.uleb128 0x11
 340 0002 01       		.byte	0x1
 341 0003 25       		.uleb128 0x25
 342 0004 0E       		.uleb128 0xe
 343 0005 13       		.uleb128 0x13
 344 0006 0B       		.uleb128 0xb
 345 0007 03       		.uleb128 0x3
 346 0008 0E       		.uleb128 0xe
 347 0009 1B       		.uleb128 0x1b
 348 000a 0E       		.uleb128 0xe
 349 000b 55       		.uleb128 0x55
 350 000c 17       		.uleb128 0x17
 351 000d 11       		.uleb128 0x11
 352 000e 01       		.uleb128 0x1
 353 000f 10       		.uleb128 0x10
 354 0010 17       		.uleb128 0x17
 355 0011 00       		.byte	0
 356 0012 00       		.byte	0
 357 0013 02       		.uleb128 0x2
 358 0014 24       		.uleb128 0x24
 359 0015 00       		.byte	0
 360 0016 0B       		.uleb128 0xb
 361 0017 0B       		.uleb128 0xb
 362 0018 3E       		.uleb128 0x3e
 363 0019 0B       		.uleb128 0xb
 364 001a 03       		.uleb128 0x3
 365 001b 0E       		.uleb128 0xe
 366 001c 00       		.byte	0
 367 001d 00       		.byte	0
 368 001e 03       		.uleb128 0x3
 369 001f 24       		.uleb128 0x24
 370 0020 00       		.byte	0
 371 0021 0B       		.uleb128 0xb
 372 0022 0B       		.uleb128 0xb
 373 0023 3E       		.uleb128 0x3e
ARM GAS  C:\DOCUME~1\Chuck\LOCALS~1\Temp\ccVpotlz.s 			page 9


 374 0024 0B       		.uleb128 0xb
 375 0025 03       		.uleb128 0x3
 376 0026 08       		.uleb128 0x8
 377 0027 00       		.byte	0
 378 0028 00       		.byte	0
 379 0029 04       		.uleb128 0x4
 380 002a 16       		.uleb128 0x16
 381 002b 00       		.byte	0
 382 002c 03       		.uleb128 0x3
 383 002d 0E       		.uleb128 0xe
 384 002e 3A       		.uleb128 0x3a
 385 002f 0B       		.uleb128 0xb
 386 0030 3B       		.uleb128 0x3b
 387 0031 0B       		.uleb128 0xb
 388 0032 49       		.uleb128 0x49
 389 0033 13       		.uleb128 0x13
 390 0034 00       		.byte	0
 391 0035 00       		.byte	0
 392 0036 05       		.uleb128 0x5
 393 0037 35       		.uleb128 0x35
 394 0038 00       		.byte	0
 395 0039 49       		.uleb128 0x49
 396 003a 13       		.uleb128 0x13
 397 003b 00       		.byte	0
 398 003c 00       		.byte	0
 399 003d 06       		.uleb128 0x6
 400 003e 2E       		.uleb128 0x2e
 401 003f 00       		.byte	0
 402 0040 3F       		.uleb128 0x3f
 403 0041 19       		.uleb128 0x19
 404 0042 03       		.uleb128 0x3
 405 0043 0E       		.uleb128 0xe
 406 0044 3A       		.uleb128 0x3a
 407 0045 0B       		.uleb128 0xb
 408 0046 3B       		.uleb128 0x3b
 409 0047 0B       		.uleb128 0xb
 410 0048 27       		.uleb128 0x27
 411 0049 19       		.uleb128 0x19
 412 004a 11       		.uleb128 0x11
 413 004b 01       		.uleb128 0x1
 414 004c 12       		.uleb128 0x12
 415 004d 06       		.uleb128 0x6
 416 004e 40       		.uleb128 0x40
 417 004f 18       		.uleb128 0x18
 418 0050 9642     		.uleb128 0x2116
 419 0052 19       		.uleb128 0x19
 420 0053 00       		.byte	0
 421 0054 00       		.byte	0
 422 0055 07       		.uleb128 0x7
 423 0056 2E       		.uleb128 0x2e
 424 0057 01       		.byte	0x1
 425 0058 3F       		.uleb128 0x3f
 426 0059 19       		.uleb128 0x19
 427 005a 03       		.uleb128 0x3
 428 005b 0E       		.uleb128 0xe
 429 005c 3A       		.uleb128 0x3a
 430 005d 0B       		.uleb128 0xb
ARM GAS  C:\DOCUME~1\Chuck\LOCALS~1\Temp\ccVpotlz.s 			page 10


 431 005e 3B       		.uleb128 0x3b
 432 005f 0B       		.uleb128 0xb
 433 0060 27       		.uleb128 0x27
 434 0061 19       		.uleb128 0x19
 435 0062 11       		.uleb128 0x11
 436 0063 01       		.uleb128 0x1
 437 0064 12       		.uleb128 0x12
 438 0065 06       		.uleb128 0x6
 439 0066 40       		.uleb128 0x40
 440 0067 18       		.uleb128 0x18
 441 0068 9642     		.uleb128 0x2116
 442 006a 19       		.uleb128 0x19
 443 006b 01       		.uleb128 0x1
 444 006c 13       		.uleb128 0x13
 445 006d 00       		.byte	0
 446 006e 00       		.byte	0
 447 006f 08       		.uleb128 0x8
 448 0070 05       		.uleb128 0x5
 449 0071 00       		.byte	0
 450 0072 03       		.uleb128 0x3
 451 0073 0E       		.uleb128 0xe
 452 0074 3A       		.uleb128 0x3a
 453 0075 0B       		.uleb128 0xb
 454 0076 3B       		.uleb128 0x3b
 455 0077 0B       		.uleb128 0xb
 456 0078 49       		.uleb128 0x49
 457 0079 13       		.uleb128 0x13
 458 007a 02       		.uleb128 0x2
 459 007b 18       		.uleb128 0x18
 460 007c 00       		.byte	0
 461 007d 00       		.byte	0
 462 007e 09       		.uleb128 0x9
 463 007f 34       		.uleb128 0x34
 464 0080 00       		.byte	0
 465 0081 03       		.uleb128 0x3
 466 0082 0E       		.uleb128 0xe
 467 0083 3A       		.uleb128 0x3a
 468 0084 0B       		.uleb128 0xb
 469 0085 3B       		.uleb128 0x3b
 470 0086 0B       		.uleb128 0xb
 471 0087 49       		.uleb128 0x49
 472 0088 13       		.uleb128 0x13
 473 0089 02       		.uleb128 0x2
 474 008a 18       		.uleb128 0x18
 475 008b 00       		.byte	0
 476 008c 00       		.byte	0
 477 008d 0A       		.uleb128 0xa
 478 008e 34       		.uleb128 0x34
 479 008f 00       		.byte	0
 480 0090 03       		.uleb128 0x3
 481 0091 08       		.uleb128 0x8
 482 0092 3A       		.uleb128 0x3a
 483 0093 0B       		.uleb128 0xb
 484 0094 3B       		.uleb128 0x3b
 485 0095 0B       		.uleb128 0xb
 486 0096 49       		.uleb128 0x49
 487 0097 13       		.uleb128 0x13
ARM GAS  C:\DOCUME~1\Chuck\LOCALS~1\Temp\ccVpotlz.s 			page 11


 488 0098 02       		.uleb128 0x2
 489 0099 18       		.uleb128 0x18
 490 009a 00       		.byte	0
 491 009b 00       		.byte	0
 492 009c 0B       		.uleb128 0xb
 493 009d 01       		.uleb128 0x1
 494 009e 01       		.byte	0x1
 495 009f 49       		.uleb128 0x49
 496 00a0 13       		.uleb128 0x13
 497 00a1 01       		.uleb128 0x1
 498 00a2 13       		.uleb128 0x13
 499 00a3 00       		.byte	0
 500 00a4 00       		.byte	0
 501 00a5 0C       		.uleb128 0xc
 502 00a6 21       		.uleb128 0x21
 503 00a7 00       		.byte	0
 504 00a8 49       		.uleb128 0x49
 505 00a9 13       		.uleb128 0x13
 506 00aa 2F       		.uleb128 0x2f
 507 00ab 0B       		.uleb128 0xb
 508 00ac 00       		.byte	0
 509 00ad 00       		.byte	0
 510 00ae 0D       		.uleb128 0xd
 511 00af 34       		.uleb128 0x34
 512 00b0 00       		.byte	0
 513 00b1 03       		.uleb128 0x3
 514 00b2 0E       		.uleb128 0xe
 515 00b3 3A       		.uleb128 0x3a
 516 00b4 0B       		.uleb128 0xb
 517 00b5 3B       		.uleb128 0x3b
 518 00b6 0B       		.uleb128 0xb
 519 00b7 49       		.uleb128 0x49
 520 00b8 13       		.uleb128 0x13
 521 00b9 3F       		.uleb128 0x3f
 522 00ba 19       		.uleb128 0x19
 523 00bb 3C       		.uleb128 0x3c
 524 00bc 19       		.uleb128 0x19
 525 00bd 00       		.byte	0
 526 00be 00       		.byte	0
 527 00bf 00       		.byte	0
 528              		.section	.debug_aranges,"",%progbits
 529 0000 24000000 		.4byte	0x24
 530 0004 0200     		.2byte	0x2
 531 0006 00000000 		.4byte	.Ldebug_info0
 532 000a 04       		.byte	0x4
 533 000b 00       		.byte	0
 534 000c 0000     		.2byte	0
 535 000e 0000     		.2byte	0
 536 0010 00000000 		.4byte	.LFB0
 537 0014 18000000 		.4byte	.LFE0-.LFB0
 538 0018 00000000 		.4byte	.LFB1
 539 001c 9A000000 		.4byte	.LFE1-.LFB1
 540 0020 00000000 		.4byte	0
 541 0024 00000000 		.4byte	0
 542              		.section	.debug_ranges,"",%progbits
 543              	.Ldebug_ranges0:
 544 0000 00000000 		.4byte	.LFB0
ARM GAS  C:\DOCUME~1\Chuck\LOCALS~1\Temp\ccVpotlz.s 			page 12


 545 0004 18000000 		.4byte	.LFE0
 546 0008 00000000 		.4byte	.LFB1
 547 000c 9A000000 		.4byte	.LFE1
 548 0010 00000000 		.4byte	0
 549 0014 00000000 		.4byte	0
 550              		.section	.debug_line,"",%progbits
 551              	.Ldebug_line0:
 552 0000 9C000000 		.section	.debug_str,"MS",%progbits,1
 552      02005D00 
 552      00000201 
 552      FB0E0D00 
 552      01010101 
 553              	.LASF6:
 554 0000 6C6F6E67 		.ascii	"long long int\000"
 554      206C6F6E 
 554      6720696E 
 554      7400
 555              	.LASF11:
 556 000e 75696E74 		.ascii	"uint32\000"
 556      333200
 557              	.LASF8:
 558 0015 756E7369 		.ascii	"unsigned int\000"
 558      676E6564 
 558      20696E74 
 558      00
 559              	.LASF23:
 560 0022 2E5C4765 		.ascii	".\\Generated_Source\\PSoC4\\Bootloadable.c\000"
 560      6E657261 
 560      7465645F 
 560      536F7572 
 560      63655C50 
 561              	.LASF17:
 562 004a 72756E54 		.ascii	"runType\000"
 562      79706500 
 563              	.LASF26:
 564 0052 426F6F74 		.ascii	"Bootloadable_SetFlashByte\000"
 564      6C6F6164 
 564      61626C65 
 564      5F536574 
 564      466C6173 
 565              	.LASF9:
 566 006c 75696E74 		.ascii	"uint8\000"
 566      3800
 567              	.LASF5:
 568 0072 6C6F6E67 		.ascii	"long unsigned int\000"
 568      20756E73 
 568      69676E65 
 568      6420696E 
 568      7400
 569              	.LASF7:
 570 0084 6C6F6E67 		.ascii	"long long unsigned int\000"
 570      206C6F6E 
 570      6720756E 
 570      7369676E 
 570      65642069 
 571              	.LASF3:
 572 009b 73686F72 		.ascii	"short unsigned int\000"
ARM GAS  C:\DOCUME~1\Chuck\LOCALS~1\Temp\ccVpotlz.s 			page 13


 572      7420756E 
 572      7369676E 
 572      65642069 
 572      6E7400
 573              	.LASF12:
 574 00ae 666C6F61 		.ascii	"float\000"
 574      7400
 575              	.LASF16:
 576 00b4 61646472 		.ascii	"address\000"
 576      65737300 
 577              	.LASF14:
 578 00bc 63686172 		.ascii	"char\000"
 578      00
 579              	.LASF1:
 580 00c1 756E7369 		.ascii	"unsigned char\000"
 580      676E6564 
 580      20636861 
 580      7200
 581              	.LASF24:
 582 00cf 433A5C44 		.ascii	"C:\\Documents and Settings\\Chuck\\My Documents\\PS"
 582      6F63756D 
 582      656E7473 
 582      20616E64 
 582      20536574 
 583 00fe 6F432043 		.ascii	"oC Creator\\RosOnAStick\\RosOnAStick.cydsn\000"
 583      72656174 
 583      6F725C52 
 583      6F734F6E 
 583      41537469 
 584              	.LASF18:
 585 0127 666C7341 		.ascii	"flsAddr\000"
 585      64647200 
 586              	.LASF4:
 587 012f 6C6F6E67 		.ascii	"long int\000"
 587      20696E74 
 587      00
 588              	.LASF13:
 589 0138 646F7562 		.ascii	"double\000"
 589      6C6500
 590              	.LASF21:
 591 013f 62617365 		.ascii	"baseAddr\000"
 591      41646472 
 591      00
 592              	.LASF27:
 593 0148 63794274 		.ascii	"cyBtldrRunType\000"
 593      6C647252 
 593      756E5479 
 593      706500
 594              	.LASF0:
 595 0157 7369676E 		.ascii	"signed char\000"
 595      65642063 
 595      68617200 
 596              	.LASF25:
 597 0163 426F6F74 		.ascii	"Bootloadable_Load\000"
 597      6C6F6164 
 597      61626C65 
 597      5F4C6F61 
ARM GAS  C:\DOCUME~1\Chuck\LOCALS~1\Temp\ccVpotlz.s 			page 14


 597      6400
 598              	.LASF15:
 599 0175 73697A65 		.ascii	"sizetype\000"
 599      74797065 
 599      00
 600              	.LASF2:
 601 017e 73686F72 		.ascii	"short int\000"
 601      7420696E 
 601      7400
 602              	.LASF10:
 603 0188 75696E74 		.ascii	"uint16\000"
 603      313600
 604              	.LASF20:
 605 018f 726F774E 		.ascii	"rowNum\000"
 605      756D00
 606              	.LASF19:
 607 0196 726F7744 		.ascii	"rowData\000"
 607      61746100 
 608              	.LASF22:
 609 019e 474E5520 		.ascii	"GNU C 4.8.4 20140526 (release) [ARM/embedded-4_8-br"
 609      4320342E 
 609      382E3420 
 609      32303134 
 609      30353236 
 610 01d1 616E6368 		.ascii	"anch revision 211358] -mcpu=cortex-m0 -mthumb -g -O"
 610      20726576 
 610      6973696F 
 610      6E203231 
 610      31333538 
 611 0204 30202D66 		.ascii	"0 -ffunction-sections -fno-rtti -fno-exceptions -fu"
 611      66756E63 
 611      74696F6E 
 611      2D736563 
 611      74696F6E 
 612 0237 6E736967 		.ascii	"nsigned-char -funsigned-bitfields -fshort-enums\000"
 612      6E65642D 
 612      63686172 
 612      202D6675 
 612      6E736967 
 613              		.ident	"GCC: (GNU Tools for ARM Embedded Processors) 4.8.4 20140526 (release) [ARM/embedded-4_8-br
