ARM GAS  C:\DOCUME~1\Chuck\LOCALS~1\Temp\cc5QzpQD.s 			page 1


   1              		.cpu cortex-m0
   2              		.fpu softvfp
   3              		.eabi_attribute 20, 1
   4              		.eabi_attribute 21, 1
   5              		.eabi_attribute 23, 3
   6              		.eabi_attribute 24, 1
   7              		.eabi_attribute 25, 1
   8              		.eabi_attribute 26, 1
   9              		.eabi_attribute 30, 6
  10              		.eabi_attribute 34, 0
  11              		.eabi_attribute 18, 4
  12              		.code	16
  13              		.file	"CapSense_PM.c"
  14              		.text
  15              	.Ltext0:
  16              		.cfi_sections	.debug_frame
  17              		.bss
  18              		.align	2
  19              	CapSense_backup:
  20 0000 00       		.space	1
  21 0001 000000   		.section	.text.CapSense_SaveConfig,"ax",%progbits
  22              		.align	2
  23              		.global	CapSense_SaveConfig
  24              		.code	16
  25              		.thumb_func
  26              		.type	CapSense_SaveConfig, %function
  27              	CapSense_SaveConfig:
  28              	.LFB33:
  29              		.file 1 ".\\Generated_Source\\PSoC4\\CapSense_PM.c"
   1:.\Generated_Source\PSoC4/CapSense_PM.c **** /*******************************************************************************
   2:.\Generated_Source\PSoC4/CapSense_PM.c **** * File Name: CapSense_PM.c
   3:.\Generated_Source\PSoC4/CapSense_PM.c **** * Version 2.0
   4:.\Generated_Source\PSoC4/CapSense_PM.c **** *
   5:.\Generated_Source\PSoC4/CapSense_PM.c **** * Description:
   6:.\Generated_Source\PSoC4/CapSense_PM.c **** *  This file provides Sleep APIs for CapSense CSD Component.
   7:.\Generated_Source\PSoC4/CapSense_PM.c **** *
   8:.\Generated_Source\PSoC4/CapSense_PM.c **** * Note:
   9:.\Generated_Source\PSoC4/CapSense_PM.c **** *
  10:.\Generated_Source\PSoC4/CapSense_PM.c **** ********************************************************************************
  11:.\Generated_Source\PSoC4/CapSense_PM.c **** * Copyright 2014, Cypress Semiconductor Corporation.  All rights reserved.
  12:.\Generated_Source\PSoC4/CapSense_PM.c **** * You may use this file only in accordance with the license, terms, conditions, 
  13:.\Generated_Source\PSoC4/CapSense_PM.c **** * disclaimers, and limitations in the end user license agreement accompanying 
  14:.\Generated_Source\PSoC4/CapSense_PM.c **** * the software package with which this file was provided.
  15:.\Generated_Source\PSoC4/CapSense_PM.c **** *******************************************************************************/
  16:.\Generated_Source\PSoC4/CapSense_PM.c **** 
  17:.\Generated_Source\PSoC4/CapSense_PM.c **** #include "CapSense.h"
  18:.\Generated_Source\PSoC4/CapSense_PM.c **** 
  19:.\Generated_Source\PSoC4/CapSense_PM.c **** static CapSense_BACKUP_STRUCT CapSense_backup =
  20:.\Generated_Source\PSoC4/CapSense_PM.c **** {   
  21:.\Generated_Source\PSoC4/CapSense_PM.c ****     0x00u, /* enableState; */
  22:.\Generated_Source\PSoC4/CapSense_PM.c **** };
  23:.\Generated_Source\PSoC4/CapSense_PM.c **** 
  24:.\Generated_Source\PSoC4/CapSense_PM.c **** 
  25:.\Generated_Source\PSoC4/CapSense_PM.c **** /*******************************************************************************
  26:.\Generated_Source\PSoC4/CapSense_PM.c **** * Function Name: CapSense_SaveConfig
  27:.\Generated_Source\PSoC4/CapSense_PM.c **** ********************************************************************************
  28:.\Generated_Source\PSoC4/CapSense_PM.c **** *
ARM GAS  C:\DOCUME~1\Chuck\LOCALS~1\Temp\cc5QzpQD.s 			page 2


  29:.\Generated_Source\PSoC4/CapSense_PM.c **** * Summary:
  30:.\Generated_Source\PSoC4/CapSense_PM.c **** *  Saves the customer configuration of CapSense.
  31:.\Generated_Source\PSoC4/CapSense_PM.c **** *
  32:.\Generated_Source\PSoC4/CapSense_PM.c **** * Parameters:
  33:.\Generated_Source\PSoC4/CapSense_PM.c **** *  None
  34:.\Generated_Source\PSoC4/CapSense_PM.c **** *
  35:.\Generated_Source\PSoC4/CapSense_PM.c **** * Return:
  36:.\Generated_Source\PSoC4/CapSense_PM.c **** *  None
  37:.\Generated_Source\PSoC4/CapSense_PM.c **** *
  38:.\Generated_Source\PSoC4/CapSense_PM.c **** * Global Variables:
  39:.\Generated_Source\PSoC4/CapSense_PM.c **** *  CapSense_backup - used to save the component state before entering the  sleep 
  40:.\Generated_Source\PSoC4/CapSense_PM.c **** *  mode and none-retention registers.
  41:.\Generated_Source\PSoC4/CapSense_PM.c **** *
  42:.\Generated_Source\PSoC4/CapSense_PM.c **** * Side Effects:
  43:.\Generated_Source\PSoC4/CapSense_PM.c **** *  None
  44:.\Generated_Source\PSoC4/CapSense_PM.c **** *
  45:.\Generated_Source\PSoC4/CapSense_PM.c **** *******************************************************************************/
  46:.\Generated_Source\PSoC4/CapSense_PM.c **** void CapSense_SaveConfig(void)
  47:.\Generated_Source\PSoC4/CapSense_PM.c **** {
  30              		.loc 1 47 0
  31              		.cfi_startproc
  32 0000 80B5     		push	{r7, lr}
  33              		.cfi_def_cfa_offset 8
  34              		.cfi_offset 7, -8
  35              		.cfi_offset 14, -4
  36 0002 00AF     		add	r7, sp, #0
  37              		.cfi_def_cfa_register 7
  48:.\Generated_Source\PSoC4/CapSense_PM.c **** 	if ((CapSense_CSD_CFG_REG & CapSense_CSD_CFG_ENABLE) != 0u)
  38              		.loc 1 48 0
  39 0004 044B     		ldr	r3, .L3
  40 0006 1B68     		ldr	r3, [r3]
  41 0008 002B     		cmp	r3, #0
  42 000a 02DA     		bge	.L1
  49:.\Generated_Source\PSoC4/CapSense_PM.c **** 	{
  50:.\Generated_Source\PSoC4/CapSense_PM.c **** 		CapSense_backup.enableState = 1u;
  43              		.loc 1 50 0
  44 000c 034B     		ldr	r3, .L3+4
  45 000e 0122     		mov	r2, #1
  46 0010 1A70     		strb	r2, [r3]
  47              	.L1:
  51:.\Generated_Source\PSoC4/CapSense_PM.c **** 	}
  52:.\Generated_Source\PSoC4/CapSense_PM.c **** }
  48              		.loc 1 52 0
  49 0012 BD46     		mov	sp, r7
  50              		@ sp needed
  51 0014 80BD     		pop	{r7, pc}
  52              	.L4:
  53 0016 C046     		.align	2
  54              	.L3:
  55 0018 04000840 		.word	1074266116
  56 001c 00000000 		.word	CapSense_backup
  57              		.cfi_endproc
  58              	.LFE33:
  59              		.size	CapSense_SaveConfig, .-CapSense_SaveConfig
  60              		.section	.text.CapSense_Sleep,"ax",%progbits
  61              		.align	2
  62              		.global	CapSense_Sleep
ARM GAS  C:\DOCUME~1\Chuck\LOCALS~1\Temp\cc5QzpQD.s 			page 3


  63              		.code	16
  64              		.thumb_func
  65              		.type	CapSense_Sleep, %function
  66              	CapSense_Sleep:
  67              	.LFB34:
  53:.\Generated_Source\PSoC4/CapSense_PM.c **** 
  54:.\Generated_Source\PSoC4/CapSense_PM.c **** 
  55:.\Generated_Source\PSoC4/CapSense_PM.c **** /*******************************************************************************
  56:.\Generated_Source\PSoC4/CapSense_PM.c **** * Function Name: CapSense_Sleep
  57:.\Generated_Source\PSoC4/CapSense_PM.c **** ********************************************************************************
  58:.\Generated_Source\PSoC4/CapSense_PM.c **** *
  59:.\Generated_Source\PSoC4/CapSense_PM.c **** * Summary:
  60:.\Generated_Source\PSoC4/CapSense_PM.c **** *  Disables the Active mode power.
  61:.\Generated_Source\PSoC4/CapSense_PM.c **** *
  62:.\Generated_Source\PSoC4/CapSense_PM.c **** * Parameters:
  63:.\Generated_Source\PSoC4/CapSense_PM.c **** *  None
  64:.\Generated_Source\PSoC4/CapSense_PM.c **** *
  65:.\Generated_Source\PSoC4/CapSense_PM.c **** * Return:
  66:.\Generated_Source\PSoC4/CapSense_PM.c **** *  None
  67:.\Generated_Source\PSoC4/CapSense_PM.c **** *
  68:.\Generated_Source\PSoC4/CapSense_PM.c **** * Global Variables:
  69:.\Generated_Source\PSoC4/CapSense_PM.c **** *  CapSense_backup - used to save the component state before entering the sleep 
  70:.\Generated_Source\PSoC4/CapSense_PM.c **** *  mode.
  71:.\Generated_Source\PSoC4/CapSense_PM.c **** *
  72:.\Generated_Source\PSoC4/CapSense_PM.c **** *******************************************************************************/
  73:.\Generated_Source\PSoC4/CapSense_PM.c **** void CapSense_Sleep(void)
  74:.\Generated_Source\PSoC4/CapSense_PM.c **** {
  68              		.loc 1 74 0
  69              		.cfi_startproc
  70 0000 80B5     		push	{r7, lr}
  71              		.cfi_def_cfa_offset 8
  72              		.cfi_offset 7, -8
  73              		.cfi_offset 14, -4
  74 0002 00AF     		add	r7, sp, #0
  75              		.cfi_def_cfa_register 7
  75:.\Generated_Source\PSoC4/CapSense_PM.c **** 	CapSense_SaveConfig();
  76              		.loc 1 75 0
  77 0004 FFF7FEFF 		bl	CapSense_SaveConfig
  76:.\Generated_Source\PSoC4/CapSense_PM.c **** 		
  77:.\Generated_Source\PSoC4/CapSense_PM.c **** 	/* Disable interrupt */
  78:.\Generated_Source\PSoC4/CapSense_PM.c **** 	CyIntDisable(CapSense_ISR_NUMBER);
  78              		.loc 1 78 0
  79 0008 0F20     		mov	r0, #15
  80 000a FFF7FEFF 		bl	CyIntDisable
  79:.\Generated_Source\PSoC4/CapSense_PM.c **** 	
  80:.\Generated_Source\PSoC4/CapSense_PM.c **** 	CapSense_CSD_CFG_REG &= ~(CapSense_CSD_CFG_SENSE_COMP_EN | CapSense_CSD_CFG_SENSE_EN);
  81              		.loc 1 80 0
  82 000e 094B     		ldr	r3, .L6
  83 0010 084A     		ldr	r2, .L6
  84 0012 1168     		ldr	r1, [r2]
  85 0014 084A     		ldr	r2, .L6+4
  86 0016 0A40     		and	r2, r1
  87 0018 1A60     		str	r2, [r3]
  81:.\Generated_Source\PSoC4/CapSense_PM.c **** 	
  82:.\Generated_Source\PSoC4/CapSense_PM.c **** 	#if(CapSense_IDAC_CNT == 2u)
  83:.\Generated_Source\PSoC4/CapSense_PM.c **** 		CapSense_CSD_CFG_REG &= ~(CapSense_CSD_CFG_ENABLE);
  88              		.loc 1 83 0
ARM GAS  C:\DOCUME~1\Chuck\LOCALS~1\Temp\cc5QzpQD.s 			page 4


  89 001a 064B     		ldr	r3, .L6
  90 001c 054A     		ldr	r2, .L6
  91 001e 1268     		ldr	r2, [r2]
  92 0020 5200     		lsl	r2, r2, #1
  93 0022 5208     		lsr	r2, r2, #1
  94 0024 1A60     		str	r2, [r3]
  84:.\Generated_Source\PSoC4/CapSense_PM.c **** 	#endif /* (CapSense_IDAC_CNT == 2u) */
  85:.\Generated_Source\PSoC4/CapSense_PM.c **** 	
  86:.\Generated_Source\PSoC4/CapSense_PM.c **** 	/* Disable Clocks */
  87:.\Generated_Source\PSoC4/CapSense_PM.c ****     CapSense_SenseClk_Stop();
  95              		.loc 1 87 0
  96 0026 FFF7FEFF 		bl	CapSense_SenseClk_Stop
  88:.\Generated_Source\PSoC4/CapSense_PM.c ****     CapSense_SampleClk_Stop();
  97              		.loc 1 88 0
  98 002a FFF7FEFF 		bl	CapSense_SampleClk_Stop
  89:.\Generated_Source\PSoC4/CapSense_PM.c **** }
  99              		.loc 1 89 0
 100 002e BD46     		mov	sp, r7
 101              		@ sp needed
 102 0030 80BD     		pop	{r7, pc}
 103              	.L7:
 104 0032 C046     		.align	2
 105              	.L6:
 106 0034 04000840 		.word	1074266116
 107 0038 FFEFF7FF 		.word	-528385
 108              		.cfi_endproc
 109              	.LFE34:
 110              		.size	CapSense_Sleep, .-CapSense_Sleep
 111              		.section	.text.CapSense_RestoreConfig,"ax",%progbits
 112              		.align	2
 113              		.global	CapSense_RestoreConfig
 114              		.code	16
 115              		.thumb_func
 116              		.type	CapSense_RestoreConfig, %function
 117              	CapSense_RestoreConfig:
 118              	.LFB35:
  90:.\Generated_Source\PSoC4/CapSense_PM.c **** 
  91:.\Generated_Source\PSoC4/CapSense_PM.c **** 
  92:.\Generated_Source\PSoC4/CapSense_PM.c **** /*******************************************************************************
  93:.\Generated_Source\PSoC4/CapSense_PM.c **** * Function Name: CapSense_RestoreConfig
  94:.\Generated_Source\PSoC4/CapSense_PM.c **** ********************************************************************************
  95:.\Generated_Source\PSoC4/CapSense_PM.c **** *
  96:.\Generated_Source\PSoC4/CapSense_PM.c **** * Summary:
  97:.\Generated_Source\PSoC4/CapSense_PM.c **** *  Restores the CapSense configuration.
  98:.\Generated_Source\PSoC4/CapSense_PM.c **** *
  99:.\Generated_Source\PSoC4/CapSense_PM.c **** * Parameters:
 100:.\Generated_Source\PSoC4/CapSense_PM.c **** *  None
 101:.\Generated_Source\PSoC4/CapSense_PM.c **** *
 102:.\Generated_Source\PSoC4/CapSense_PM.c **** * Return:
 103:.\Generated_Source\PSoC4/CapSense_PM.c **** *  None
 104:.\Generated_Source\PSoC4/CapSense_PM.c **** *
 105:.\Generated_Source\PSoC4/CapSense_PM.c **** * Side Effects:
 106:.\Generated_Source\PSoC4/CapSense_PM.c **** *  Must be called only after CapSense_SaveConfig() routine. Otherwise 
 107:.\Generated_Source\PSoC4/CapSense_PM.c **** *  the component configuration will be overwritten with its initial setting.  
 108:.\Generated_Source\PSoC4/CapSense_PM.c **** *
 109:.\Generated_Source\PSoC4/CapSense_PM.c **** * Global Variables:
 110:.\Generated_Source\PSoC4/CapSense_PM.c **** *  CapSense_backup - used to save the component state before entering the sleep 
ARM GAS  C:\DOCUME~1\Chuck\LOCALS~1\Temp\cc5QzpQD.s 			page 5


 111:.\Generated_Source\PSoC4/CapSense_PM.c **** *  mode and none-retention registers.
 112:.\Generated_Source\PSoC4/CapSense_PM.c **** *
 113:.\Generated_Source\PSoC4/CapSense_PM.c **** *******************************************************************************/
 114:.\Generated_Source\PSoC4/CapSense_PM.c **** void CapSense_RestoreConfig(void)
 115:.\Generated_Source\PSoC4/CapSense_PM.c **** {
 119              		.loc 1 115 0
 120              		.cfi_startproc
 121 0000 80B5     		push	{r7, lr}
 122              		.cfi_def_cfa_offset 8
 123              		.cfi_offset 7, -8
 124              		.cfi_offset 14, -4
 125 0002 00AF     		add	r7, sp, #0
 126              		.cfi_def_cfa_register 7
 116:.\Generated_Source\PSoC4/CapSense_PM.c **** 
 117:.\Generated_Source\PSoC4/CapSense_PM.c **** }
 127              		.loc 1 117 0
 128 0004 BD46     		mov	sp, r7
 129              		@ sp needed
 130 0006 80BD     		pop	{r7, pc}
 131              		.cfi_endproc
 132              	.LFE35:
 133              		.size	CapSense_RestoreConfig, .-CapSense_RestoreConfig
 134              		.section	.text.CapSense_Wakeup,"ax",%progbits
 135              		.align	2
 136              		.global	CapSense_Wakeup
 137              		.code	16
 138              		.thumb_func
 139              		.type	CapSense_Wakeup, %function
 140              	CapSense_Wakeup:
 141              	.LFB36:
 118:.\Generated_Source\PSoC4/CapSense_PM.c ****  
 119:.\Generated_Source\PSoC4/CapSense_PM.c ****  
 120:.\Generated_Source\PSoC4/CapSense_PM.c **** /*******************************************************************************
 121:.\Generated_Source\PSoC4/CapSense_PM.c **** * Function Name: CapSense_Wakeup
 122:.\Generated_Source\PSoC4/CapSense_PM.c **** ********************************************************************************
 123:.\Generated_Source\PSoC4/CapSense_PM.c **** *
 124:.\Generated_Source\PSoC4/CapSense_PM.c **** * Summary:
 125:.\Generated_Source\PSoC4/CapSense_PM.c **** *  Restores the CapSense configuration and non-retention register values. 
 126:.\Generated_Source\PSoC4/CapSense_PM.c **** *  Restores the enabled state of the component by setting the Active mode power template 
 127:.\Generated_Source\PSoC4/CapSense_PM.c **** *  bits for a number of components used within CapSense.
 128:.\Generated_Source\PSoC4/CapSense_PM.c **** *
 129:.\Generated_Source\PSoC4/CapSense_PM.c **** * Parameters:
 130:.\Generated_Source\PSoC4/CapSense_PM.c **** *  None
 131:.\Generated_Source\PSoC4/CapSense_PM.c **** *
 132:.\Generated_Source\PSoC4/CapSense_PM.c **** * Return:
 133:.\Generated_Source\PSoC4/CapSense_PM.c **** *  None
 134:.\Generated_Source\PSoC4/CapSense_PM.c **** *
 135:.\Generated_Source\PSoC4/CapSense_PM.c **** * Global Variables:
 136:.\Generated_Source\PSoC4/CapSense_PM.c **** *  CapSense_backup - used to save the component state before entering the sleep 
 137:.\Generated_Source\PSoC4/CapSense_PM.c **** *  mode and none-retention registers.
 138:.\Generated_Source\PSoC4/CapSense_PM.c **** *
 139:.\Generated_Source\PSoC4/CapSense_PM.c **** *******************************************************************************/
 140:.\Generated_Source\PSoC4/CapSense_PM.c **** void CapSense_Wakeup(void)
 141:.\Generated_Source\PSoC4/CapSense_PM.c **** {
 142              		.loc 1 141 0
 143              		.cfi_startproc
 144 0000 80B5     		push	{r7, lr}
ARM GAS  C:\DOCUME~1\Chuck\LOCALS~1\Temp\cc5QzpQD.s 			page 6


 145              		.cfi_def_cfa_offset 8
 146              		.cfi_offset 7, -8
 147              		.cfi_offset 14, -4
 148 0002 00AF     		add	r7, sp, #0
 149              		.cfi_def_cfa_register 7
 142:.\Generated_Source\PSoC4/CapSense_PM.c **** 	/* Enable the Clocks */
 143:.\Generated_Source\PSoC4/CapSense_PM.c ****     CapSense_SenseClk_Start();
 150              		.loc 1 143 0
 151 0004 FFF7FEFF 		bl	CapSense_SenseClk_Start
 144:.\Generated_Source\PSoC4/CapSense_PM.c ****     CapSense_SampleClk_Start();
 152              		.loc 1 144 0
 153 0008 FFF7FEFF 		bl	CapSense_SampleClk_Start
 145:.\Generated_Source\PSoC4/CapSense_PM.c ****     
 146:.\Generated_Source\PSoC4/CapSense_PM.c **** 	/* Restore CapSense Enable state */
 147:.\Generated_Source\PSoC4/CapSense_PM.c ****     if (CapSense_backup.enableState != 0u)
 154              		.loc 1 147 0
 155 000c 034B     		ldr	r3, .L11
 156 000e 1B78     		ldrb	r3, [r3]
 157 0010 002B     		cmp	r3, #0
 158 0012 01D0     		beq	.L9
 148:.\Generated_Source\PSoC4/CapSense_PM.c ****     {
 149:.\Generated_Source\PSoC4/CapSense_PM.c ****         CapSense_Enable();
 159              		.loc 1 149 0
 160 0014 FFF7FEFF 		bl	CapSense_Enable
 161              	.L9:
 150:.\Generated_Source\PSoC4/CapSense_PM.c ****     }
 151:.\Generated_Source\PSoC4/CapSense_PM.c **** }
 162              		.loc 1 151 0
 163 0018 BD46     		mov	sp, r7
 164              		@ sp needed
 165 001a 80BD     		pop	{r7, pc}
 166              	.L12:
 167              		.align	2
 168              	.L11:
 169 001c 00000000 		.word	CapSense_backup
 170              		.cfi_endproc
 171              	.LFE36:
 172              		.size	CapSense_Wakeup, .-CapSense_Wakeup
 173              		.text
 174              	.Letext0:
 175              		.file 2 ".\\Generated_Source\\PSoC4\\cytypes.h"
 176              		.file 3 ".\\Generated_Source\\PSoC4\\CapSense.h"
 177              		.section	.debug_info,"",%progbits
 178              	.Ldebug_info0:
 179 0000 1F010000 		.4byte	0x11f
 180 0004 0400     		.2byte	0x4
 181 0006 00000000 		.4byte	.Ldebug_abbrev0
 182 000a 04       		.byte	0x4
 183 000b 01       		.uleb128 0x1
 184 000c 9F010000 		.4byte	.LASF21
 185 0010 01       		.byte	0x1
 186 0011 23010000 		.4byte	.LASF22
 187 0015 A2000000 		.4byte	.LASF23
 188 0019 00000000 		.4byte	.Ldebug_ranges0+0
 189 001d 00000000 		.4byte	0
 190 0021 00000000 		.4byte	.Ldebug_line0
 191 0025 02       		.uleb128 0x2
ARM GAS  C:\DOCUME~1\Chuck\LOCALS~1\Temp\cc5QzpQD.s 			page 7


 192 0026 01       		.byte	0x1
 193 0027 06       		.byte	0x6
 194 0028 63010000 		.4byte	.LASF0
 195 002c 02       		.uleb128 0x2
 196 002d 01       		.byte	0x1
 197 002e 08       		.byte	0x8
 198 002f 94000000 		.4byte	.LASF1
 199 0033 02       		.uleb128 0x2
 200 0034 02       		.byte	0x2
 201 0035 05       		.byte	0x5
 202 0036 88010000 		.4byte	.LASF2
 203 003a 02       		.uleb128 0x2
 204 003b 02       		.byte	0x2
 205 003c 07       		.byte	0x7
 206 003d 50010000 		.4byte	.LASF3
 207 0041 02       		.uleb128 0x2
 208 0042 04       		.byte	0x4
 209 0043 05       		.byte	0x5
 210 0044 1A010000 		.4byte	.LASF4
 211 0048 02       		.uleb128 0x2
 212 0049 04       		.byte	0x4
 213 004a 07       		.byte	0x7
 214 004b 4E000000 		.4byte	.LASF5
 215 004f 02       		.uleb128 0x2
 216 0050 08       		.byte	0x8
 217 0051 05       		.byte	0x5
 218 0052 00000000 		.4byte	.LASF6
 219 0056 02       		.uleb128 0x2
 220 0057 08       		.byte	0x8
 221 0058 07       		.byte	0x7
 222 0059 60000000 		.4byte	.LASF7
 223 005d 03       		.uleb128 0x3
 224 005e 04       		.byte	0x4
 225 005f 05       		.byte	0x5
 226 0060 696E7400 		.ascii	"int\000"
 227 0064 02       		.uleb128 0x2
 228 0065 04       		.byte	0x4
 229 0066 07       		.byte	0x7
 230 0067 92010000 		.4byte	.LASF8
 231 006b 04       		.uleb128 0x4
 232 006c 48000000 		.4byte	.LASF9
 233 0070 02       		.byte	0x2
 234 0071 5B       		.byte	0x5b
 235 0072 2C000000 		.4byte	0x2c
 236 0076 04       		.uleb128 0x4
 237 0077 0E000000 		.4byte	.LASF10
 238 007b 02       		.byte	0x2
 239 007c 5D       		.byte	0x5d
 240 007d 48000000 		.4byte	0x48
 241 0081 02       		.uleb128 0x2
 242 0082 04       		.byte	0x4
 243 0083 04       		.byte	0x4
 244 0084 8E000000 		.4byte	.LASF11
 245 0088 02       		.uleb128 0x2
 246 0089 08       		.byte	0x8
 247 008a 04       		.byte	0x4
 248 008b 13010000 		.4byte	.LASF12
ARM GAS  C:\DOCUME~1\Chuck\LOCALS~1\Temp\cc5QzpQD.s 			page 8


 249 008f 02       		.uleb128 0x2
 250 0090 01       		.byte	0x1
 251 0091 08       		.byte	0x8
 252 0092 FA000000 		.4byte	.LASF13
 253 0096 04       		.uleb128 0x4
 254 0097 4A010000 		.4byte	.LASF14
 255 009b 02       		.byte	0x2
 256 009c F2       		.byte	0xf2
 257 009d A1000000 		.4byte	0xa1
 258 00a1 05       		.uleb128 0x5
 259 00a2 76000000 		.4byte	0x76
 260 00a6 02       		.uleb128 0x2
 261 00a7 04       		.byte	0x4
 262 00a8 07       		.byte	0x7
 263 00a9 7F010000 		.4byte	.LASF15
 264 00ad 06       		.uleb128 0x6
 265 00ae 01       		.byte	0x1
 266 00af 03       		.byte	0x3
 267 00b0 8D       		.byte	0x8d
 268 00b1 C2000000 		.4byte	0xc2
 269 00b5 07       		.uleb128 0x7
 270 00b6 15000000 		.4byte	.LASF24
 271 00ba 03       		.byte	0x3
 272 00bb 8F       		.byte	0x8f
 273 00bc 6B000000 		.4byte	0x6b
 274 00c0 00       		.byte	0
 275 00c1 00       		.byte	0
 276 00c2 04       		.uleb128 0x4
 277 00c3 31000000 		.4byte	.LASF16
 278 00c7 03       		.byte	0x3
 279 00c8 90       		.byte	0x90
 280 00c9 AD000000 		.4byte	0xad
 281 00cd 08       		.uleb128 0x8
 282 00ce FF000000 		.4byte	.LASF17
 283 00d2 01       		.byte	0x1
 284 00d3 2E       		.byte	0x2e
 285 00d4 00000000 		.4byte	.LFB33
 286 00d8 20000000 		.4byte	.LFE33-.LFB33
 287 00dc 01       		.uleb128 0x1
 288 00dd 9C       		.byte	0x9c
 289 00de 09       		.uleb128 0x9
 290 00df 68020000 		.4byte	.LASF18
 291 00e3 01       		.byte	0x1
 292 00e4 49       		.byte	0x49
 293 00e5 00000000 		.4byte	.LFB34
 294 00e9 3C000000 		.4byte	.LFE34-.LFB34
 295 00ed 01       		.uleb128 0x1
 296 00ee 9C       		.byte	0x9c
 297 00ef 08       		.uleb128 0x8
 298 00f0 77000000 		.4byte	.LASF19
 299 00f4 01       		.byte	0x1
 300 00f5 72       		.byte	0x72
 301 00f6 00000000 		.4byte	.LFB35
 302 00fa 08000000 		.4byte	.LFE35-.LFB35
 303 00fe 01       		.uleb128 0x1
 304 00ff 9C       		.byte	0x9c
 305 0100 09       		.uleb128 0x9
ARM GAS  C:\DOCUME~1\Chuck\LOCALS~1\Temp\cc5QzpQD.s 			page 9


 306 0101 21000000 		.4byte	.LASF20
 307 0105 01       		.byte	0x1
 308 0106 8C       		.byte	0x8c
 309 0107 00000000 		.4byte	.LFB36
 310 010b 20000000 		.4byte	.LFE36-.LFB36
 311 010f 01       		.uleb128 0x1
 312 0110 9C       		.byte	0x9c
 313 0111 0A       		.uleb128 0xa
 314 0112 6F010000 		.4byte	.LASF25
 315 0116 01       		.byte	0x1
 316 0117 13       		.byte	0x13
 317 0118 C2000000 		.4byte	0xc2
 318 011c 05       		.uleb128 0x5
 319 011d 03       		.byte	0x3
 320 011e 00000000 		.4byte	CapSense_backup
 321 0122 00       		.byte	0
 322              		.section	.debug_abbrev,"",%progbits
 323              	.Ldebug_abbrev0:
 324 0000 01       		.uleb128 0x1
 325 0001 11       		.uleb128 0x11
 326 0002 01       		.byte	0x1
 327 0003 25       		.uleb128 0x25
 328 0004 0E       		.uleb128 0xe
 329 0005 13       		.uleb128 0x13
 330 0006 0B       		.uleb128 0xb
 331 0007 03       		.uleb128 0x3
 332 0008 0E       		.uleb128 0xe
 333 0009 1B       		.uleb128 0x1b
 334 000a 0E       		.uleb128 0xe
 335 000b 55       		.uleb128 0x55
 336 000c 17       		.uleb128 0x17
 337 000d 11       		.uleb128 0x11
 338 000e 01       		.uleb128 0x1
 339 000f 10       		.uleb128 0x10
 340 0010 17       		.uleb128 0x17
 341 0011 00       		.byte	0
 342 0012 00       		.byte	0
 343 0013 02       		.uleb128 0x2
 344 0014 24       		.uleb128 0x24
 345 0015 00       		.byte	0
 346 0016 0B       		.uleb128 0xb
 347 0017 0B       		.uleb128 0xb
 348 0018 3E       		.uleb128 0x3e
 349 0019 0B       		.uleb128 0xb
 350 001a 03       		.uleb128 0x3
 351 001b 0E       		.uleb128 0xe
 352 001c 00       		.byte	0
 353 001d 00       		.byte	0
 354 001e 03       		.uleb128 0x3
 355 001f 24       		.uleb128 0x24
 356 0020 00       		.byte	0
 357 0021 0B       		.uleb128 0xb
 358 0022 0B       		.uleb128 0xb
 359 0023 3E       		.uleb128 0x3e
 360 0024 0B       		.uleb128 0xb
 361 0025 03       		.uleb128 0x3
 362 0026 08       		.uleb128 0x8
ARM GAS  C:\DOCUME~1\Chuck\LOCALS~1\Temp\cc5QzpQD.s 			page 10


 363 0027 00       		.byte	0
 364 0028 00       		.byte	0
 365 0029 04       		.uleb128 0x4
 366 002a 16       		.uleb128 0x16
 367 002b 00       		.byte	0
 368 002c 03       		.uleb128 0x3
 369 002d 0E       		.uleb128 0xe
 370 002e 3A       		.uleb128 0x3a
 371 002f 0B       		.uleb128 0xb
 372 0030 3B       		.uleb128 0x3b
 373 0031 0B       		.uleb128 0xb
 374 0032 49       		.uleb128 0x49
 375 0033 13       		.uleb128 0x13
 376 0034 00       		.byte	0
 377 0035 00       		.byte	0
 378 0036 05       		.uleb128 0x5
 379 0037 35       		.uleb128 0x35
 380 0038 00       		.byte	0
 381 0039 49       		.uleb128 0x49
 382 003a 13       		.uleb128 0x13
 383 003b 00       		.byte	0
 384 003c 00       		.byte	0
 385 003d 06       		.uleb128 0x6
 386 003e 13       		.uleb128 0x13
 387 003f 01       		.byte	0x1
 388 0040 0B       		.uleb128 0xb
 389 0041 0B       		.uleb128 0xb
 390 0042 3A       		.uleb128 0x3a
 391 0043 0B       		.uleb128 0xb
 392 0044 3B       		.uleb128 0x3b
 393 0045 0B       		.uleb128 0xb
 394 0046 01       		.uleb128 0x1
 395 0047 13       		.uleb128 0x13
 396 0048 00       		.byte	0
 397 0049 00       		.byte	0
 398 004a 07       		.uleb128 0x7
 399 004b 0D       		.uleb128 0xd
 400 004c 00       		.byte	0
 401 004d 03       		.uleb128 0x3
 402 004e 0E       		.uleb128 0xe
 403 004f 3A       		.uleb128 0x3a
 404 0050 0B       		.uleb128 0xb
 405 0051 3B       		.uleb128 0x3b
 406 0052 0B       		.uleb128 0xb
 407 0053 49       		.uleb128 0x49
 408 0054 13       		.uleb128 0x13
 409 0055 38       		.uleb128 0x38
 410 0056 0B       		.uleb128 0xb
 411 0057 00       		.byte	0
 412 0058 00       		.byte	0
 413 0059 08       		.uleb128 0x8
 414 005a 2E       		.uleb128 0x2e
 415 005b 00       		.byte	0
 416 005c 3F       		.uleb128 0x3f
 417 005d 19       		.uleb128 0x19
 418 005e 03       		.uleb128 0x3
 419 005f 0E       		.uleb128 0xe
ARM GAS  C:\DOCUME~1\Chuck\LOCALS~1\Temp\cc5QzpQD.s 			page 11


 420 0060 3A       		.uleb128 0x3a
 421 0061 0B       		.uleb128 0xb
 422 0062 3B       		.uleb128 0x3b
 423 0063 0B       		.uleb128 0xb
 424 0064 27       		.uleb128 0x27
 425 0065 19       		.uleb128 0x19
 426 0066 11       		.uleb128 0x11
 427 0067 01       		.uleb128 0x1
 428 0068 12       		.uleb128 0x12
 429 0069 06       		.uleb128 0x6
 430 006a 40       		.uleb128 0x40
 431 006b 18       		.uleb128 0x18
 432 006c 9742     		.uleb128 0x2117
 433 006e 19       		.uleb128 0x19
 434 006f 00       		.byte	0
 435 0070 00       		.byte	0
 436 0071 09       		.uleb128 0x9
 437 0072 2E       		.uleb128 0x2e
 438 0073 00       		.byte	0
 439 0074 3F       		.uleb128 0x3f
 440 0075 19       		.uleb128 0x19
 441 0076 03       		.uleb128 0x3
 442 0077 0E       		.uleb128 0xe
 443 0078 3A       		.uleb128 0x3a
 444 0079 0B       		.uleb128 0xb
 445 007a 3B       		.uleb128 0x3b
 446 007b 0B       		.uleb128 0xb
 447 007c 27       		.uleb128 0x27
 448 007d 19       		.uleb128 0x19
 449 007e 11       		.uleb128 0x11
 450 007f 01       		.uleb128 0x1
 451 0080 12       		.uleb128 0x12
 452 0081 06       		.uleb128 0x6
 453 0082 40       		.uleb128 0x40
 454 0083 18       		.uleb128 0x18
 455 0084 9642     		.uleb128 0x2116
 456 0086 19       		.uleb128 0x19
 457 0087 00       		.byte	0
 458 0088 00       		.byte	0
 459 0089 0A       		.uleb128 0xa
 460 008a 34       		.uleb128 0x34
 461 008b 00       		.byte	0
 462 008c 03       		.uleb128 0x3
 463 008d 0E       		.uleb128 0xe
 464 008e 3A       		.uleb128 0x3a
 465 008f 0B       		.uleb128 0xb
 466 0090 3B       		.uleb128 0x3b
 467 0091 0B       		.uleb128 0xb
 468 0092 49       		.uleb128 0x49
 469 0093 13       		.uleb128 0x13
 470 0094 02       		.uleb128 0x2
 471 0095 18       		.uleb128 0x18
 472 0096 00       		.byte	0
 473 0097 00       		.byte	0
 474 0098 00       		.byte	0
 475              		.section	.debug_aranges,"",%progbits
 476 0000 34000000 		.4byte	0x34
ARM GAS  C:\DOCUME~1\Chuck\LOCALS~1\Temp\cc5QzpQD.s 			page 12


 477 0004 0200     		.2byte	0x2
 478 0006 00000000 		.4byte	.Ldebug_info0
 479 000a 04       		.byte	0x4
 480 000b 00       		.byte	0
 481 000c 0000     		.2byte	0
 482 000e 0000     		.2byte	0
 483 0010 00000000 		.4byte	.LFB33
 484 0014 20000000 		.4byte	.LFE33-.LFB33
 485 0018 00000000 		.4byte	.LFB34
 486 001c 3C000000 		.4byte	.LFE34-.LFB34
 487 0020 00000000 		.4byte	.LFB35
 488 0024 08000000 		.4byte	.LFE35-.LFB35
 489 0028 00000000 		.4byte	.LFB36
 490 002c 20000000 		.4byte	.LFE36-.LFB36
 491 0030 00000000 		.4byte	0
 492 0034 00000000 		.4byte	0
 493              		.section	.debug_ranges,"",%progbits
 494              	.Ldebug_ranges0:
 495 0000 00000000 		.4byte	.LFB33
 496 0004 20000000 		.4byte	.LFE33
 497 0008 00000000 		.4byte	.LFB34
 498 000c 3C000000 		.4byte	.LFE34
 499 0010 00000000 		.4byte	.LFB35
 500 0014 08000000 		.4byte	.LFE35
 501 0018 00000000 		.4byte	.LFB36
 502 001c 20000000 		.4byte	.LFE36
 503 0020 00000000 		.4byte	0
 504 0024 00000000 		.4byte	0
 505              		.section	.debug_line,"",%progbits
 506              	.Ldebug_line0:
 507 0000 AD000000 		.section	.debug_str,"MS",%progbits,1
 507      02005800 
 507      00000201 
 507      FB0E0D00 
 507      01010101 
 508              	.LASF6:
 509 0000 6C6F6E67 		.ascii	"long long int\000"
 509      206C6F6E 
 509      6720696E 
 509      7400
 510              	.LASF10:
 511 000e 75696E74 		.ascii	"uint32\000"
 511      333200
 512              	.LASF24:
 513 0015 656E6162 		.ascii	"enableState\000"
 513      6C655374 
 513      61746500 
 514              	.LASF20:
 515 0021 43617053 		.ascii	"CapSense_Wakeup\000"
 515      656E7365 
 515      5F57616B 
 515      65757000 
 516              	.LASF16:
 517 0031 43617053 		.ascii	"CapSense_BACKUP_STRUCT\000"
 517      656E7365 
 517      5F424143 
 517      4B55505F 
ARM GAS  C:\DOCUME~1\Chuck\LOCALS~1\Temp\cc5QzpQD.s 			page 13


 517      53545255 
 518              	.LASF9:
 519 0048 75696E74 		.ascii	"uint8\000"
 519      3800
 520              	.LASF5:
 521 004e 6C6F6E67 		.ascii	"long unsigned int\000"
 521      20756E73 
 521      69676E65 
 521      6420696E 
 521      7400
 522              	.LASF7:
 523 0060 6C6F6E67 		.ascii	"long long unsigned int\000"
 523      206C6F6E 
 523      6720756E 
 523      7369676E 
 523      65642069 
 524              	.LASF19:
 525 0077 43617053 		.ascii	"CapSense_RestoreConfig\000"
 525      656E7365 
 525      5F526573 
 525      746F7265 
 525      436F6E66 
 526              	.LASF11:
 527 008e 666C6F61 		.ascii	"float\000"
 527      7400
 528              	.LASF1:
 529 0094 756E7369 		.ascii	"unsigned char\000"
 529      676E6564 
 529      20636861 
 529      7200
 530              	.LASF23:
 531 00a2 433A5C44 		.ascii	"C:\\Documents and Settings\\Chuck\\My Documents\\PS"
 531      6F63756D 
 531      656E7473 
 531      20616E64 
 531      20536574 
 532 00d1 6F432043 		.ascii	"oC Creator\\RosOnAStick\\RosOnAStick.cydsn\000"
 532      72656174 
 532      6F725C52 
 532      6F734F6E 
 532      41537469 
 533              	.LASF13:
 534 00fa 63686172 		.ascii	"char\000"
 534      00
 535              	.LASF17:
 536 00ff 43617053 		.ascii	"CapSense_SaveConfig\000"
 536      656E7365 
 536      5F536176 
 536      65436F6E 
 536      66696700 
 537              	.LASF12:
 538 0113 646F7562 		.ascii	"double\000"
 538      6C6500
 539              	.LASF4:
 540 011a 6C6F6E67 		.ascii	"long int\000"
 540      20696E74 
 540      00
ARM GAS  C:\DOCUME~1\Chuck\LOCALS~1\Temp\cc5QzpQD.s 			page 14


 541              	.LASF22:
 542 0123 2E5C4765 		.ascii	".\\Generated_Source\\PSoC4\\CapSense_PM.c\000"
 542      6E657261 
 542      7465645F 
 542      536F7572 
 542      63655C50 
 543              	.LASF14:
 544 014a 72656733 		.ascii	"reg32\000"
 544      3200
 545              	.LASF3:
 546 0150 73686F72 		.ascii	"short unsigned int\000"
 546      7420756E 
 546      7369676E 
 546      65642069 
 546      6E7400
 547              	.LASF0:
 548 0163 7369676E 		.ascii	"signed char\000"
 548      65642063 
 548      68617200 
 549              	.LASF25:
 550 016f 43617053 		.ascii	"CapSense_backup\000"
 550      656E7365 
 550      5F626163 
 550      6B757000 
 551              	.LASF15:
 552 017f 73697A65 		.ascii	"sizetype\000"
 552      74797065 
 552      00
 553              	.LASF2:
 554 0188 73686F72 		.ascii	"short int\000"
 554      7420696E 
 554      7400
 555              	.LASF8:
 556 0192 756E7369 		.ascii	"unsigned int\000"
 556      676E6564 
 556      20696E74 
 556      00
 557              	.LASF21:
 558 019f 474E5520 		.ascii	"GNU C 4.8.4 20140526 (release) [ARM/embedded-4_8-br"
 558      4320342E 
 558      382E3420 
 558      32303134 
 558      30353236 
 559 01d2 616E6368 		.ascii	"anch revision 211358] -mcpu=cortex-m0 -mthumb -g -O"
 559      20726576 
 559      6973696F 
 559      6E203231 
 559      31333538 
 560 0205 30202D66 		.ascii	"0 -ffunction-sections -fno-rtti -fno-exceptions -fu"
 560      66756E63 
 560      74696F6E 
 560      2D736563 
 560      74696F6E 
 561 0238 6E736967 		.ascii	"nsigned-char -funsigned-bitfields -fshort-enums\000"
 561      6E65642D 
 561      63686172 
 561      202D6675 
ARM GAS  C:\DOCUME~1\Chuck\LOCALS~1\Temp\cc5QzpQD.s 			page 15


 561      6E736967 
 562              	.LASF18:
 563 0268 43617053 		.ascii	"CapSense_Sleep\000"
 563      656E7365 
 563      5F536C65 
 563      657000
 564              		.ident	"GCC: (GNU Tools for ARM Embedded Processors) 4.8.4 20140526 (release) [ARM/embedded-4_8-br
