ARM GAS  C:\DOCUME~1\Chuck\LOCALS~1\Temp\cclj18j6.s 			page 1


   1              		.cpu cortex-m0
   2              		.fpu softvfp
   3              		.eabi_attribute 20, 1
   4              		.eabi_attribute 21, 1
   5              		.eabi_attribute 23, 3
   6              		.eabi_attribute 24, 1
   7              		.eabi_attribute 25, 1
   8              		.eabi_attribute 26, 1
   9              		.eabi_attribute 30, 6
  10              		.eabi_attribute 34, 0
  11              		.eabi_attribute 18, 4
  12              		.code	16
  13              		.file	"CapSense_INT.c"
  14              		.text
  15              	.Ltext0:
  16              		.cfi_sections	.debug_frame
  17              		.bss
  18              	CapSense_snsIndexTmp:
  19 0000 00       		.space	1
  20              		.section	.text.CapSense_ISR,"ax",%progbits
  21              		.align	2
  22              		.global	CapSense_ISR
  23              		.code	16
  24              		.thumb_func
  25              		.type	CapSense_ISR, %function
  26              	CapSense_ISR:
  27              	.LFB33:
  28              		.file 1 ".\\Generated_Source\\PSoC4\\CapSense_INT.c"
   1:.\Generated_Source\PSoC4/CapSense_INT.c **** /*******************************************************************************
   2:.\Generated_Source\PSoC4/CapSense_INT.c **** * File Name: CapSense_INT.c
   3:.\Generated_Source\PSoC4/CapSense_INT.c **** * Version 2.0
   4:.\Generated_Source\PSoC4/CapSense_INT.c **** *
   5:.\Generated_Source\PSoC4/CapSense_INT.c **** * Description:
   6:.\Generated_Source\PSoC4/CapSense_INT.c **** *  This file provides the source code of the  Interrupt Service Routine (ISR)
   7:.\Generated_Source\PSoC4/CapSense_INT.c **** *  for the CapSense CSD component.
   8:.\Generated_Source\PSoC4/CapSense_INT.c **** *
   9:.\Generated_Source\PSoC4/CapSense_INT.c **** * Note:
  10:.\Generated_Source\PSoC4/CapSense_INT.c **** *
  11:.\Generated_Source\PSoC4/CapSense_INT.c **** ********************************************************************************
  12:.\Generated_Source\PSoC4/CapSense_INT.c **** * Copyright 2014, Cypress Semiconductor Corporation.  All rights reserved.
  13:.\Generated_Source\PSoC4/CapSense_INT.c **** * You may use this file only in accordance with the license, terms, conditions,
  14:.\Generated_Source\PSoC4/CapSense_INT.c **** * disclaimers, and limitations in the end user license agreement accompanying
  15:.\Generated_Source\PSoC4/CapSense_INT.c **** * the software package with which this file was provided.
  16:.\Generated_Source\PSoC4/CapSense_INT.c **** *******************************************************************************/
  17:.\Generated_Source\PSoC4/CapSense_INT.c **** 
  18:.\Generated_Source\PSoC4/CapSense_INT.c **** #include "CapSense.h"
  19:.\Generated_Source\PSoC4/CapSense_INT.c **** 
  20:.\Generated_Source\PSoC4/CapSense_INT.c **** /*******************************************************************************
  21:.\Generated_Source\PSoC4/CapSense_INT.c **** *  Place your includes, defines and code here 
  22:.\Generated_Source\PSoC4/CapSense_INT.c **** ********************************************************************************/
  23:.\Generated_Source\PSoC4/CapSense_INT.c **** /* `#START CapSense_ISR_INTC` */
  24:.\Generated_Source\PSoC4/CapSense_INT.c **** 
  25:.\Generated_Source\PSoC4/CapSense_INT.c **** /* `#END` */
  26:.\Generated_Source\PSoC4/CapSense_INT.c **** 
  27:.\Generated_Source\PSoC4/CapSense_INT.c **** /* Extern functions declarations, Start and Compete scan */
  28:.\Generated_Source\PSoC4/CapSense_INT.c **** extern void CapSense_PreScan(uint32 sensor);
  29:.\Generated_Source\PSoC4/CapSense_INT.c **** extern void CapSense_PostScan(uint32 sensor);
ARM GAS  C:\DOCUME~1\Chuck\LOCALS~1\Temp\cclj18j6.s 			page 2


  30:.\Generated_Source\PSoC4/CapSense_INT.c **** 
  31:.\Generated_Source\PSoC4/CapSense_INT.c **** extern uint8 CapSense_FindNextSensor(uint8 snsIndex);
  32:.\Generated_Source\PSoC4/CapSense_INT.c ****  
  33:.\Generated_Source\PSoC4/CapSense_INT.c **** /* Global variables and arrays */
  34:.\Generated_Source\PSoC4/CapSense_INT.c **** extern volatile uint8 CapSense_csdStatusVar;
  35:.\Generated_Source\PSoC4/CapSense_INT.c **** extern volatile uint8 CapSense_sensorIndex;
  36:.\Generated_Source\PSoC4/CapSense_INT.c **** 
  37:.\Generated_Source\PSoC4/CapSense_INT.c **** static uint8 CapSense_snsIndexTmp;
  38:.\Generated_Source\PSoC4/CapSense_INT.c **** 
  39:.\Generated_Source\PSoC4/CapSense_INT.c **** extern volatile uint8 CapSense_sensorEnableMask[];
  40:.\Generated_Source\PSoC4/CapSense_INT.c **** extern uint8 CapSense_sensorEnableMaskBackup[];
  41:.\Generated_Source\PSoC4/CapSense_INT.c **** 
  42:.\Generated_Source\PSoC4/CapSense_INT.c **** /*******************************************************************************
  43:.\Generated_Source\PSoC4/CapSense_INT.c **** * Function Name: CapSense_ISR
  44:.\Generated_Source\PSoC4/CapSense_INT.c **** ********************************************************************************
  45:.\Generated_Source\PSoC4/CapSense_INT.c **** *
  46:.\Generated_Source\PSoC4/CapSense_INT.c **** * Summary:
  47:.\Generated_Source\PSoC4/CapSense_INT.c **** *  This ISR is executed when the measure window is closed. The measure window 
  48:.\Generated_Source\PSoC4/CapSense_INT.c **** *  depends on the sensor scan resolution parameter. 
  49:.\Generated_Source\PSoC4/CapSense_INT.c **** *  The ISR has two modes: 
  50:.\Generated_Source\PSoC4/CapSense_INT.c **** *   1. Scans a single sensor and stores the measure result.
  51:.\Generated_Source\PSoC4/CapSense_INT.c **** *   2. Stores the result of the current measure and starts the next scan till all 
  52:.\Generated_Source\PSoC4/CapSense_INT.c **** *      the enabled sensors are scanned.
  53:.\Generated_Source\PSoC4/CapSense_INT.c **** *  This interrupt handler is only used in one channel designs.
  54:.\Generated_Source\PSoC4/CapSense_INT.c **** *
  55:.\Generated_Source\PSoC4/CapSense_INT.c **** * Parameters:
  56:.\Generated_Source\PSoC4/CapSense_INT.c **** *  None
  57:.\Generated_Source\PSoC4/CapSense_INT.c **** *
  58:.\Generated_Source\PSoC4/CapSense_INT.c **** * Return:
  59:.\Generated_Source\PSoC4/CapSense_INT.c **** *  None
  60:.\Generated_Source\PSoC4/CapSense_INT.c **** *
  61:.\Generated_Source\PSoC4/CapSense_INT.c **** * Global Variables:
  62:.\Generated_Source\PSoC4/CapSense_INT.c **** *  CapSense_csv - used to provide the status and mode of the scanning process.
  63:.\Generated_Source\PSoC4/CapSense_INT.c **** *   Mode - a single scan or scan of all the enabled sensors.
  64:.\Generated_Source\PSoC4/CapSense_INT.c **** *   Status - scan is in progress or ready for new scan.
  65:.\Generated_Source\PSoC4/CapSense_INT.c **** *  CapSense_sensorIndex - used to store a sensor scanning sensor number.
  66:.\Generated_Source\PSoC4/CapSense_INT.c **** *
  67:.\Generated_Source\PSoC4/CapSense_INT.c **** * Reentrant:
  68:.\Generated_Source\PSoC4/CapSense_INT.c **** *  No
  69:.\Generated_Source\PSoC4/CapSense_INT.c **** *
  70:.\Generated_Source\PSoC4/CapSense_INT.c **** *******************************************************************************/
  71:.\Generated_Source\PSoC4/CapSense_INT.c **** CY_ISR(CapSense_ISR)
  72:.\Generated_Source\PSoC4/CapSense_INT.c **** {	
  29              		.loc 1 72 0
  30              		.cfi_startproc
  31 0000 80B5     		push	{r7, lr}
  32              		.cfi_def_cfa_offset 8
  33              		.cfi_offset 7, -8
  34              		.cfi_offset 14, -4
  35 0002 00AF     		add	r7, sp, #0
  36              		.cfi_def_cfa_register 7
  73:.\Generated_Source\PSoC4/CapSense_INT.c **** 	/*  Place your Interrupt code here. */
  74:.\Generated_Source\PSoC4/CapSense_INT.c ****     /* `#START CapSense_ISR_ENTER` */
  75:.\Generated_Source\PSoC4/CapSense_INT.c **** 
  76:.\Generated_Source\PSoC4/CapSense_INT.c ****     /* `#END` */
  77:.\Generated_Source\PSoC4/CapSense_INT.c **** 
  78:.\Generated_Source\PSoC4/CapSense_INT.c **** 	CyIntDisable(CapSense_ISR_NUMBER);
ARM GAS  C:\DOCUME~1\Chuck\LOCALS~1\Temp\cclj18j6.s 			page 3


  37              		.loc 1 78 0
  38 0004 0F20     		mov	r0, #15
  39 0006 FFF7FEFF 		bl	CyIntDisable
  79:.\Generated_Source\PSoC4/CapSense_INT.c ****     
  80:.\Generated_Source\PSoC4/CapSense_INT.c ****     CapSense_CSD_INTR_REG = 1u;
  40              		.loc 1 80 0
  41 000a 2C4B     		ldr	r3, .L7
  42 000c 0122     		mov	r2, #1
  43 000e 1A60     		str	r2, [r3]
  81:.\Generated_Source\PSoC4/CapSense_INT.c **** 
  82:.\Generated_Source\PSoC4/CapSense_INT.c ****     CapSense_PostScan((uint32)CapSense_sensorIndex);
  44              		.loc 1 82 0
  45 0010 2B4B     		ldr	r3, .L7+4
  46 0012 1B78     		ldrb	r3, [r3]
  47 0014 DBB2     		uxtb	r3, r3
  48 0016 181C     		mov	r0, r3
  49 0018 FFF7FEFF 		bl	CapSense_PostScan
  83:.\Generated_Source\PSoC4/CapSense_INT.c ****             
  84:.\Generated_Source\PSoC4/CapSense_INT.c ****     if ((CapSense_csdStatusVar & CapSense_SW_CTRL_SINGLE_SCAN) != 0u)
  50              		.loc 1 84 0
  51 001c 294B     		ldr	r3, .L7+8
  52 001e 1B78     		ldrb	r3, [r3]
  53 0020 DBB2     		uxtb	r3, r3
  54 0022 DBB2     		uxtb	r3, r3
  55 0024 5BB2     		sxtb	r3, r3
  56 0026 002B     		cmp	r3, #0
  57 0028 08DA     		bge	.L2
  85:.\Generated_Source\PSoC4/CapSense_INT.c ****     {
  86:.\Generated_Source\PSoC4/CapSense_INT.c ****         CapSense_csdStatusVar &= (uint8)~CapSense_SW_STS_BUSY;
  58              		.loc 1 86 0
  59 002a 264B     		ldr	r3, .L7+8
  60 002c 1B78     		ldrb	r3, [r3]
  61 002e DBB2     		uxtb	r3, r3
  62 0030 0122     		mov	r2, #1
  63 0032 9343     		bic	r3, r2
  64 0034 DAB2     		uxtb	r2, r3
  65 0036 234B     		ldr	r3, .L7+8
  66 0038 1A70     		strb	r2, [r3]
  67 003a 3AE0     		b	.L3
  68              	.L2:
  87:.\Generated_Source\PSoC4/CapSense_INT.c ****     }
  88:.\Generated_Source\PSoC4/CapSense_INT.c ****     else
  89:.\Generated_Source\PSoC4/CapSense_INT.c ****     {
  90:.\Generated_Source\PSoC4/CapSense_INT.c ****         /* Proceed scanning */
  91:.\Generated_Source\PSoC4/CapSense_INT.c ****         CapSense_sensorIndex = CapSense_FindNextSensor(CapSense_sensorIndex);
  69              		.loc 1 91 0
  70 003c 204B     		ldr	r3, .L7+4
  71 003e 1B78     		ldrb	r3, [r3]
  72 0040 DBB2     		uxtb	r3, r3
  73 0042 181C     		mov	r0, r3
  74 0044 FFF7FEFF 		bl	CapSense_FindNextSensor
  75 0048 031C     		mov	r3, r0
  76 004a 1A1C     		mov	r2, r3
  77 004c 1C4B     		ldr	r3, .L7+4
  78 004e 1A70     		strb	r2, [r3]
  92:.\Generated_Source\PSoC4/CapSense_INT.c ****         
  93:.\Generated_Source\PSoC4/CapSense_INT.c ****         /* Check end of scan */
ARM GAS  C:\DOCUME~1\Chuck\LOCALS~1\Temp\cclj18j6.s 			page 4


  94:.\Generated_Source\PSoC4/CapSense_INT.c ****         if(CapSense_sensorIndex < CapSense_TOTAL_SENSOR_COUNT)
  79              		.loc 1 94 0
  80 0050 1B4B     		ldr	r3, .L7+4
  81 0052 1B78     		ldrb	r3, [r3]
  82 0054 DBB2     		uxtb	r3, r3
  83 0056 002B     		cmp	r3, #0
  84 0058 06D1     		bne	.L4
  95:.\Generated_Source\PSoC4/CapSense_INT.c ****         {
  96:.\Generated_Source\PSoC4/CapSense_INT.c ****             CapSense_PreScan((uint32)CapSense_sensorIndex);
  85              		.loc 1 96 0
  86 005a 194B     		ldr	r3, .L7+4
  87 005c 1B78     		ldrb	r3, [r3]
  88 005e DBB2     		uxtb	r3, r3
  89 0060 181C     		mov	r0, r3
  90 0062 FFF7FEFF 		bl	CapSense_PreScan
  91 0066 24E0     		b	.L3
  92              	.L4:
  97:.\Generated_Source\PSoC4/CapSense_INT.c ****         }
  98:.\Generated_Source\PSoC4/CapSense_INT.c ****         else
  99:.\Generated_Source\PSoC4/CapSense_INT.c ****         {
 100:.\Generated_Source\PSoC4/CapSense_INT.c ****             CapSense_csdStatusVar &= (uint8)~CapSense_SW_STS_BUSY;
  93              		.loc 1 100 0
  94 0068 164B     		ldr	r3, .L7+8
  95 006a 1B78     		ldrb	r3, [r3]
  96 006c DBB2     		uxtb	r3, r3
  97 006e 0122     		mov	r2, #1
  98 0070 9343     		bic	r3, r2
  99 0072 DAB2     		uxtb	r2, r3
 100 0074 134B     		ldr	r3, .L7+8
 101 0076 1A70     		strb	r2, [r3]
 101:.\Generated_Source\PSoC4/CapSense_INT.c **** 
 102:.\Generated_Source\PSoC4/CapSense_INT.c **** 			 /* Check if widget has been scanned */
 103:.\Generated_Source\PSoC4/CapSense_INT.c **** 			if((CapSense_csdStatusVar & CapSense_SW_CTRL_WIDGET_SCAN) != 0u)
 102              		.loc 1 103 0
 103 0078 124B     		ldr	r3, .L7+8
 104 007a 1B78     		ldrb	r3, [r3]
 105 007c DBB2     		uxtb	r3, r3
 106 007e 1A1C     		mov	r2, r3
 107 0080 4023     		mov	r3, #64
 108 0082 1340     		and	r3, r2
 109 0084 15D0     		beq	.L3
 104:.\Generated_Source\PSoC4/CapSense_INT.c **** 			{
 105:.\Generated_Source\PSoC4/CapSense_INT.c **** 			    /* Restore sensorEnableMask array */
 106:.\Generated_Source\PSoC4/CapSense_INT.c **** 				for(CapSense_snsIndexTmp = 0u; 
 110              		.loc 1 106 0
 111 0086 104B     		ldr	r3, .L7+12
 112 0088 0022     		mov	r2, #0
 113 008a 1A70     		strb	r2, [r3]
 114 008c 0DE0     		b	.L5
 115              	.L6:
 107:.\Generated_Source\PSoC4/CapSense_INT.c **** 				    CapSense_snsIndexTmp < CapSense_TOTAL_SENSOR_MASK; 
 108:.\Generated_Source\PSoC4/CapSense_INT.c **** 					CapSense_snsIndexTmp++)
 109:.\Generated_Source\PSoC4/CapSense_INT.c **** 				{
 110:.\Generated_Source\PSoC4/CapSense_INT.c **** 					/* Backup sensorEnableMask array */
 111:.\Generated_Source\PSoC4/CapSense_INT.c **** 					CapSense_sensorEnableMask[CapSense_snsIndexTmp] = CapSense_sensorEnableMaskBackup[CapSense_sns
 116              		.loc 1 111 0
 117 008e 0E4B     		ldr	r3, .L7+12
ARM GAS  C:\DOCUME~1\Chuck\LOCALS~1\Temp\cclj18j6.s 			page 5


 118 0090 1B78     		ldrb	r3, [r3]
 119 0092 0D4A     		ldr	r2, .L7+12
 120 0094 1278     		ldrb	r2, [r2]
 121 0096 0D49     		ldr	r1, .L7+16
 122 0098 895C     		ldrb	r1, [r1, r2]
 123 009a 0D4A     		ldr	r2, .L7+20
 124 009c D154     		strb	r1, [r2, r3]
 108:.\Generated_Source\PSoC4/CapSense_INT.c **** 					CapSense_snsIndexTmp++)
 125              		.loc 1 108 0
 126 009e 0A4B     		ldr	r3, .L7+12
 127 00a0 1B78     		ldrb	r3, [r3]
 128 00a2 0133     		add	r3, r3, #1
 129 00a4 DAB2     		uxtb	r2, r3
 130 00a6 084B     		ldr	r3, .L7+12
 131 00a8 1A70     		strb	r2, [r3]
 132              	.L5:
 107:.\Generated_Source\PSoC4/CapSense_INT.c **** 				    CapSense_snsIndexTmp < CapSense_TOTAL_SENSOR_MASK; 
 133              		.loc 1 107 0 discriminator 1
 134 00aa 074B     		ldr	r3, .L7+12
 135 00ac 1B78     		ldrb	r3, [r3]
 106:.\Generated_Source\PSoC4/CapSense_INT.c **** 				for(CapSense_snsIndexTmp = 0u; 
 136              		.loc 1 106 0 discriminator 1
 137 00ae 002B     		cmp	r3, #0
 138 00b0 EDD0     		beq	.L6
 139              	.L3:
 112:.\Generated_Source\PSoC4/CapSense_INT.c **** 				}
 113:.\Generated_Source\PSoC4/CapSense_INT.c **** 			}
 114:.\Generated_Source\PSoC4/CapSense_INT.c ****         } 
 115:.\Generated_Source\PSoC4/CapSense_INT.c ****     }
 116:.\Generated_Source\PSoC4/CapSense_INT.c ****     CyIntEnable(CapSense_ISR_NUMBER);
 140              		.loc 1 116 0
 141 00b2 0F20     		mov	r0, #15
 142 00b4 FFF7FEFF 		bl	CyIntEnable
 117:.\Generated_Source\PSoC4/CapSense_INT.c **** 	
 118:.\Generated_Source\PSoC4/CapSense_INT.c **** 	/*  Place your Interrupt code here. */
 119:.\Generated_Source\PSoC4/CapSense_INT.c ****     /* `#START CapSense_ISR_EXIT` */
 120:.\Generated_Source\PSoC4/CapSense_INT.c **** 
 121:.\Generated_Source\PSoC4/CapSense_INT.c ****     /* `#END` */
 122:.\Generated_Source\PSoC4/CapSense_INT.c **** }
 143              		.loc 1 122 0
 144 00b8 BD46     		mov	sp, r7
 145              		@ sp needed
 146 00ba 80BD     		pop	{r7, pc}
 147              	.L8:
 148              		.align	2
 149              	.L7:
 150 00bc 14000840 		.word	1074266132
 151 00c0 00000000 		.word	CapSense_sensorIndex
 152 00c4 00000000 		.word	CapSense_csdStatusVar
 153 00c8 00000000 		.word	CapSense_snsIndexTmp
 154 00cc 00000000 		.word	CapSense_sensorEnableMaskBackup
 155 00d0 00000000 		.word	CapSense_sensorEnableMask
 156              		.cfi_endproc
 157              	.LFE33:
 158              		.size	CapSense_ISR, .-CapSense_ISR
 159              		.text
 160              	.Letext0:
ARM GAS  C:\DOCUME~1\Chuck\LOCALS~1\Temp\cclj18j6.s 			page 6


 161              		.file 2 ".\\Generated_Source\\PSoC4\\cytypes.h"
 162              		.section	.debug_info,"",%progbits
 163              	.Ldebug_info0:
 164 0000 0D010000 		.4byte	0x10d
 165 0004 0400     		.2byte	0x4
 166 0006 00000000 		.4byte	.Ldebug_abbrev0
 167 000a 04       		.byte	0x4
 168 000b 01       		.uleb128 0x1
 169 000c 91010000 		.4byte	.LASF20
 170 0010 01       		.byte	0x1
 171 0011 5A020000 		.4byte	.LASF21
 172 0015 87000000 		.4byte	.LASF22
 173 0019 00000000 		.4byte	.Ldebug_ranges0+0
 174 001d 00000000 		.4byte	0
 175 0021 00000000 		.4byte	.Ldebug_line0
 176 0025 02       		.uleb128 0x2
 177 0026 01       		.byte	0x1
 178 0027 06       		.byte	0x6
 179 0028 42010000 		.4byte	.LASF0
 180 002c 02       		.uleb128 0x2
 181 002d 01       		.byte	0x1
 182 002e 08       		.byte	0x8
 183 002f 79000000 		.4byte	.LASF1
 184 0033 02       		.uleb128 0x2
 185 0034 02       		.byte	0x2
 186 0035 05       		.byte	0x5
 187 0036 6D010000 		.4byte	.LASF2
 188 003a 02       		.uleb128 0x2
 189 003b 02       		.byte	0x2
 190 003c 07       		.byte	0x7
 191 003d 2F010000 		.4byte	.LASF3
 192 0041 02       		.uleb128 0x2
 193 0042 04       		.byte	0x4
 194 0043 05       		.byte	0x5
 195 0044 04010000 		.4byte	.LASF4
 196 0048 02       		.uleb128 0x2
 197 0049 04       		.byte	0x4
 198 004a 07       		.byte	0x7
 199 004b 3D000000 		.4byte	.LASF5
 200 004f 02       		.uleb128 0x2
 201 0050 08       		.byte	0x8
 202 0051 05       		.byte	0x5
 203 0052 00000000 		.4byte	.LASF6
 204 0056 02       		.uleb128 0x2
 205 0057 08       		.byte	0x8
 206 0058 07       		.byte	0x7
 207 0059 4F000000 		.4byte	.LASF7
 208 005d 03       		.uleb128 0x3
 209 005e 04       		.byte	0x4
 210 005f 05       		.byte	0x5
 211 0060 696E7400 		.ascii	"int\000"
 212 0064 02       		.uleb128 0x2
 213 0065 04       		.byte	0x4
 214 0066 07       		.byte	0x7
 215 0067 15000000 		.4byte	.LASF8
 216 006b 04       		.uleb128 0x4
 217 006c 37000000 		.4byte	.LASF9
ARM GAS  C:\DOCUME~1\Chuck\LOCALS~1\Temp\cclj18j6.s 			page 7


 218 0070 02       		.byte	0x2
 219 0071 5B       		.byte	0x5b
 220 0072 2C000000 		.4byte	0x2c
 221 0076 04       		.uleb128 0x4
 222 0077 0E000000 		.4byte	.LASF10
 223 007b 02       		.byte	0x2
 224 007c 5D       		.byte	0x5d
 225 007d 48000000 		.4byte	0x48
 226 0081 02       		.uleb128 0x2
 227 0082 04       		.byte	0x4
 228 0083 04       		.byte	0x4
 229 0084 66000000 		.4byte	.LASF11
 230 0088 02       		.uleb128 0x2
 231 0089 08       		.byte	0x8
 232 008a 04       		.byte	0x4
 233 008b 0D010000 		.4byte	.LASF12
 234 008f 02       		.uleb128 0x2
 235 0090 01       		.byte	0x1
 236 0091 08       		.byte	0x8
 237 0092 DF000000 		.4byte	.LASF13
 238 0096 05       		.uleb128 0x5
 239 0097 6B000000 		.4byte	0x6b
 240 009b 04       		.uleb128 0x4
 241 009c 14010000 		.4byte	.LASF14
 242 00a0 02       		.byte	0x2
 243 00a1 F2       		.byte	0xf2
 244 00a2 A6000000 		.4byte	0xa6
 245 00a6 05       		.uleb128 0x5
 246 00a7 76000000 		.4byte	0x76
 247 00ab 02       		.uleb128 0x2
 248 00ac 04       		.byte	0x4
 249 00ad 07       		.byte	0x7
 250 00ae 4E010000 		.4byte	.LASF15
 251 00b2 06       		.uleb128 0x6
 252 00b3 6C000000 		.4byte	.LASF23
 253 00b7 01       		.byte	0x1
 254 00b8 47       		.byte	0x47
 255 00b9 00000000 		.4byte	.LFB33
 256 00bd D4000000 		.4byte	.LFE33-.LFB33
 257 00c1 01       		.uleb128 0x1
 258 00c2 9C       		.byte	0x9c
 259 00c3 07       		.uleb128 0x7
 260 00c4 22000000 		.4byte	.LASF24
 261 00c8 01       		.byte	0x1
 262 00c9 25       		.byte	0x25
 263 00ca 6B000000 		.4byte	0x6b
 264 00ce 05       		.uleb128 0x5
 265 00cf 03       		.byte	0x3
 266 00d0 00000000 		.4byte	CapSense_snsIndexTmp
 267 00d4 08       		.uleb128 0x8
 268 00d5 57010000 		.4byte	.LASF16
 269 00d9 01       		.byte	0x1
 270 00da 22       		.byte	0x22
 271 00db 96000000 		.4byte	0x96
 272 00df 08       		.uleb128 0x8
 273 00e0 1A010000 		.4byte	.LASF17
 274 00e4 01       		.byte	0x1
ARM GAS  C:\DOCUME~1\Chuck\LOCALS~1\Temp\cclj18j6.s 			page 8


 275 00e5 23       		.byte	0x23
 276 00e6 96000000 		.4byte	0x96
 277 00ea 09       		.uleb128 0x9
 278 00eb 6B000000 		.4byte	0x6b
 279 00ef F5000000 		.4byte	0xf5
 280 00f3 0A       		.uleb128 0xa
 281 00f4 00       		.byte	0
 282 00f5 08       		.uleb128 0x8
 283 00f6 77010000 		.4byte	.LASF18
 284 00fa 01       		.byte	0x1
 285 00fb 27       		.byte	0x27
 286 00fc 00010000 		.4byte	0x100
 287 0100 05       		.uleb128 0x5
 288 0101 EA000000 		.4byte	0xea
 289 0105 08       		.uleb128 0x8
 290 0106 E4000000 		.4byte	.LASF19
 291 010a 01       		.byte	0x1
 292 010b 28       		.byte	0x28
 293 010c EA000000 		.4byte	0xea
 294 0110 00       		.byte	0
 295              		.section	.debug_abbrev,"",%progbits
 296              	.Ldebug_abbrev0:
 297 0000 01       		.uleb128 0x1
 298 0001 11       		.uleb128 0x11
 299 0002 01       		.byte	0x1
 300 0003 25       		.uleb128 0x25
 301 0004 0E       		.uleb128 0xe
 302 0005 13       		.uleb128 0x13
 303 0006 0B       		.uleb128 0xb
 304 0007 03       		.uleb128 0x3
 305 0008 0E       		.uleb128 0xe
 306 0009 1B       		.uleb128 0x1b
 307 000a 0E       		.uleb128 0xe
 308 000b 55       		.uleb128 0x55
 309 000c 17       		.uleb128 0x17
 310 000d 11       		.uleb128 0x11
 311 000e 01       		.uleb128 0x1
 312 000f 10       		.uleb128 0x10
 313 0010 17       		.uleb128 0x17
 314 0011 00       		.byte	0
 315 0012 00       		.byte	0
 316 0013 02       		.uleb128 0x2
 317 0014 24       		.uleb128 0x24
 318 0015 00       		.byte	0
 319 0016 0B       		.uleb128 0xb
 320 0017 0B       		.uleb128 0xb
 321 0018 3E       		.uleb128 0x3e
 322 0019 0B       		.uleb128 0xb
 323 001a 03       		.uleb128 0x3
 324 001b 0E       		.uleb128 0xe
 325 001c 00       		.byte	0
 326 001d 00       		.byte	0
 327 001e 03       		.uleb128 0x3
 328 001f 24       		.uleb128 0x24
 329 0020 00       		.byte	0
 330 0021 0B       		.uleb128 0xb
 331 0022 0B       		.uleb128 0xb
ARM GAS  C:\DOCUME~1\Chuck\LOCALS~1\Temp\cclj18j6.s 			page 9


 332 0023 3E       		.uleb128 0x3e
 333 0024 0B       		.uleb128 0xb
 334 0025 03       		.uleb128 0x3
 335 0026 08       		.uleb128 0x8
 336 0027 00       		.byte	0
 337 0028 00       		.byte	0
 338 0029 04       		.uleb128 0x4
 339 002a 16       		.uleb128 0x16
 340 002b 00       		.byte	0
 341 002c 03       		.uleb128 0x3
 342 002d 0E       		.uleb128 0xe
 343 002e 3A       		.uleb128 0x3a
 344 002f 0B       		.uleb128 0xb
 345 0030 3B       		.uleb128 0x3b
 346 0031 0B       		.uleb128 0xb
 347 0032 49       		.uleb128 0x49
 348 0033 13       		.uleb128 0x13
 349 0034 00       		.byte	0
 350 0035 00       		.byte	0
 351 0036 05       		.uleb128 0x5
 352 0037 35       		.uleb128 0x35
 353 0038 00       		.byte	0
 354 0039 49       		.uleb128 0x49
 355 003a 13       		.uleb128 0x13
 356 003b 00       		.byte	0
 357 003c 00       		.byte	0
 358 003d 06       		.uleb128 0x6
 359 003e 2E       		.uleb128 0x2e
 360 003f 00       		.byte	0
 361 0040 3F       		.uleb128 0x3f
 362 0041 19       		.uleb128 0x19
 363 0042 03       		.uleb128 0x3
 364 0043 0E       		.uleb128 0xe
 365 0044 3A       		.uleb128 0x3a
 366 0045 0B       		.uleb128 0xb
 367 0046 3B       		.uleb128 0x3b
 368 0047 0B       		.uleb128 0xb
 369 0048 27       		.uleb128 0x27
 370 0049 19       		.uleb128 0x19
 371 004a 11       		.uleb128 0x11
 372 004b 01       		.uleb128 0x1
 373 004c 12       		.uleb128 0x12
 374 004d 06       		.uleb128 0x6
 375 004e 40       		.uleb128 0x40
 376 004f 18       		.uleb128 0x18
 377 0050 9642     		.uleb128 0x2116
 378 0052 19       		.uleb128 0x19
 379 0053 00       		.byte	0
 380 0054 00       		.byte	0
 381 0055 07       		.uleb128 0x7
 382 0056 34       		.uleb128 0x34
 383 0057 00       		.byte	0
 384 0058 03       		.uleb128 0x3
 385 0059 0E       		.uleb128 0xe
 386 005a 3A       		.uleb128 0x3a
 387 005b 0B       		.uleb128 0xb
 388 005c 3B       		.uleb128 0x3b
ARM GAS  C:\DOCUME~1\Chuck\LOCALS~1\Temp\cclj18j6.s 			page 10


 389 005d 0B       		.uleb128 0xb
 390 005e 49       		.uleb128 0x49
 391 005f 13       		.uleb128 0x13
 392 0060 02       		.uleb128 0x2
 393 0061 18       		.uleb128 0x18
 394 0062 00       		.byte	0
 395 0063 00       		.byte	0
 396 0064 08       		.uleb128 0x8
 397 0065 34       		.uleb128 0x34
 398 0066 00       		.byte	0
 399 0067 03       		.uleb128 0x3
 400 0068 0E       		.uleb128 0xe
 401 0069 3A       		.uleb128 0x3a
 402 006a 0B       		.uleb128 0xb
 403 006b 3B       		.uleb128 0x3b
 404 006c 0B       		.uleb128 0xb
 405 006d 49       		.uleb128 0x49
 406 006e 13       		.uleb128 0x13
 407 006f 3F       		.uleb128 0x3f
 408 0070 19       		.uleb128 0x19
 409 0071 3C       		.uleb128 0x3c
 410 0072 19       		.uleb128 0x19
 411 0073 00       		.byte	0
 412 0074 00       		.byte	0
 413 0075 09       		.uleb128 0x9
 414 0076 01       		.uleb128 0x1
 415 0077 01       		.byte	0x1
 416 0078 49       		.uleb128 0x49
 417 0079 13       		.uleb128 0x13
 418 007a 01       		.uleb128 0x1
 419 007b 13       		.uleb128 0x13
 420 007c 00       		.byte	0
 421 007d 00       		.byte	0
 422 007e 0A       		.uleb128 0xa
 423 007f 21       		.uleb128 0x21
 424 0080 00       		.byte	0
 425 0081 00       		.byte	0
 426 0082 00       		.byte	0
 427 0083 00       		.byte	0
 428              		.section	.debug_aranges,"",%progbits
 429 0000 1C000000 		.4byte	0x1c
 430 0004 0200     		.2byte	0x2
 431 0006 00000000 		.4byte	.Ldebug_info0
 432 000a 04       		.byte	0x4
 433 000b 00       		.byte	0
 434 000c 0000     		.2byte	0
 435 000e 0000     		.2byte	0
 436 0010 00000000 		.4byte	.LFB33
 437 0014 D4000000 		.4byte	.LFE33-.LFB33
 438 0018 00000000 		.4byte	0
 439 001c 00000000 		.4byte	0
 440              		.section	.debug_ranges,"",%progbits
 441              	.Ldebug_ranges0:
 442 0000 00000000 		.4byte	.LFB33
 443 0004 D4000000 		.4byte	.LFE33
 444 0008 00000000 		.4byte	0
 445 000c 00000000 		.4byte	0
ARM GAS  C:\DOCUME~1\Chuck\LOCALS~1\Temp\cclj18j6.s 			page 11


 446              		.section	.debug_line,"",%progbits
 447              	.Ldebug_line0:
 448 0000 7C000000 		.section	.debug_str,"MS",%progbits,1
 448      02004B00 
 448      00000201 
 448      FB0E0D00 
 448      01010101 
 449              	.LASF6:
 450 0000 6C6F6E67 		.ascii	"long long int\000"
 450      206C6F6E 
 450      6720696E 
 450      7400
 451              	.LASF10:
 452 000e 75696E74 		.ascii	"uint32\000"
 452      333200
 453              	.LASF8:
 454 0015 756E7369 		.ascii	"unsigned int\000"
 454      676E6564 
 454      20696E74 
 454      00
 455              	.LASF24:
 456 0022 43617053 		.ascii	"CapSense_snsIndexTmp\000"
 456      656E7365 
 456      5F736E73 
 456      496E6465 
 456      78546D70 
 457              	.LASF9:
 458 0037 75696E74 		.ascii	"uint8\000"
 458      3800
 459              	.LASF5:
 460 003d 6C6F6E67 		.ascii	"long unsigned int\000"
 460      20756E73 
 460      69676E65 
 460      6420696E 
 460      7400
 461              	.LASF7:
 462 004f 6C6F6E67 		.ascii	"long long unsigned int\000"
 462      206C6F6E 
 462      6720756E 
 462      7369676E 
 462      65642069 
 463              	.LASF11:
 464 0066 666C6F61 		.ascii	"float\000"
 464      7400
 465              	.LASF23:
 466 006c 43617053 		.ascii	"CapSense_ISR\000"
 466      656E7365 
 466      5F495352 
 466      00
 467              	.LASF1:
 468 0079 756E7369 		.ascii	"unsigned char\000"
 468      676E6564 
 468      20636861 
 468      7200
 469              	.LASF22:
 470 0087 433A5C44 		.ascii	"C:\\Documents and Settings\\Chuck\\My Documents\\PS"
 470      6F63756D 
ARM GAS  C:\DOCUME~1\Chuck\LOCALS~1\Temp\cclj18j6.s 			page 12


 470      656E7473 
 470      20616E64 
 470      20536574 
 471 00b6 6F432043 		.ascii	"oC Creator\\RosOnAStick\\RosOnAStick.cydsn\000"
 471      72656174 
 471      6F725C52 
 471      6F734F6E 
 471      41537469 
 472              	.LASF13:
 473 00df 63686172 		.ascii	"char\000"
 473      00
 474              	.LASF19:
 475 00e4 43617053 		.ascii	"CapSense_sensorEnableMaskBackup\000"
 475      656E7365 
 475      5F73656E 
 475      736F7245 
 475      6E61626C 
 476              	.LASF4:
 477 0104 6C6F6E67 		.ascii	"long int\000"
 477      20696E74 
 477      00
 478              	.LASF12:
 479 010d 646F7562 		.ascii	"double\000"
 479      6C6500
 480              	.LASF14:
 481 0114 72656733 		.ascii	"reg32\000"
 481      3200
 482              	.LASF17:
 483 011a 43617053 		.ascii	"CapSense_sensorIndex\000"
 483      656E7365 
 483      5F73656E 
 483      736F7249 
 483      6E646578 
 484              	.LASF3:
 485 012f 73686F72 		.ascii	"short unsigned int\000"
 485      7420756E 
 485      7369676E 
 485      65642069 
 485      6E7400
 486              	.LASF0:
 487 0142 7369676E 		.ascii	"signed char\000"
 487      65642063 
 487      68617200 
 488              	.LASF15:
 489 014e 73697A65 		.ascii	"sizetype\000"
 489      74797065 
 489      00
 490              	.LASF16:
 491 0157 43617053 		.ascii	"CapSense_csdStatusVar\000"
 491      656E7365 
 491      5F637364 
 491      53746174 
 491      75735661 
 492              	.LASF2:
 493 016d 73686F72 		.ascii	"short int\000"
 493      7420696E 
 493      7400
ARM GAS  C:\DOCUME~1\Chuck\LOCALS~1\Temp\cclj18j6.s 			page 13


 494              	.LASF18:
 495 0177 43617053 		.ascii	"CapSense_sensorEnableMask\000"
 495      656E7365 
 495      5F73656E 
 495      736F7245 
 495      6E61626C 
 496              	.LASF20:
 497 0191 474E5520 		.ascii	"GNU C 4.8.4 20140526 (release) [ARM/embedded-4_8-br"
 497      4320342E 
 497      382E3420 
 497      32303134 
 497      30353236 
 498 01c4 616E6368 		.ascii	"anch revision 211358] -mcpu=cortex-m0 -mthumb -g -O"
 498      20726576 
 498      6973696F 
 498      6E203231 
 498      31333538 
 499 01f7 30202D66 		.ascii	"0 -ffunction-sections -fno-rtti -fno-exceptions -fu"
 499      66756E63 
 499      74696F6E 
 499      2D736563 
 499      74696F6E 
 500 022a 6E736967 		.ascii	"nsigned-char -funsigned-bitfields -fshort-enums\000"
 500      6E65642D 
 500      63686172 
 500      202D6675 
 500      6E736967 
 501              	.LASF21:
 502 025a 2E5C4765 		.ascii	".\\Generated_Source\\PSoC4\\CapSense_INT.c\000"
 502      6E657261 
 502      7465645F 
 502      536F7572 
 502      63655C50 
 503              		.ident	"GCC: (GNU Tools for ARM Embedded Processors) 4.8.4 20140526 (release) [ARM/embedded-4_8-br
