ARM GAS  C:\DOCUME~1\Chuck\LOCALS~1\Temp\ccNVus3H.s 			page 1


   1              		.cpu cortex-m0
   2              		.fpu softvfp
   3              		.eabi_attribute 20, 1
   4              		.eabi_attribute 21, 1
   5              		.eabi_attribute 23, 3
   6              		.eabi_attribute 24, 1
   7              		.eabi_attribute 25, 1
   8              		.eabi_attribute 26, 1
   9              		.eabi_attribute 30, 6
  10              		.eabi_attribute 34, 0
  11              		.eabi_attribute 18, 4
  12              		.code	16
  13              		.file	"cxxabi-compat.cpp"
  14              		.text
  15              	.Ltext0:
  16              		.cfi_sections	.debug_frame
  17              		.section	.text.__cxa_pure_virtual,"ax",%progbits
  18              		.align	2
  19              		.global	__cxa_pure_virtual
  20              		.code	16
  21              		.thumb_func
  22              		.type	__cxa_pure_virtual, %function
  23              	__cxa_pure_virtual:
  24              	.LFB0:
  25              		.file 1 ".\\ros_lib\\cxxabi-compat.cpp"
   1:.\ros_lib/cxxabi-compat.cpp **** 
   2:.\ros_lib/cxxabi-compat.cpp **** extern "C" void __cxa_pure_virtual(void) ;
   3:.\ros_lib/cxxabi-compat.cpp **** 
   4:.\ros_lib/cxxabi-compat.cpp **** extern "C" void __cxa_pure_virtual(void) {
  26              		.loc 1 4 0
  27              		.cfi_startproc
  28 0000 80B5     		push	{r7, lr}
  29              		.cfi_def_cfa_offset 8
  30              		.cfi_offset 7, -8
  31              		.cfi_offset 14, -4
  32 0002 00AF     		add	r7, sp, #0
  33              		.cfi_def_cfa_register 7
  34              	.L2:
  35              		.loc 1 4 0 discriminator 1
  36 0004 FEE7     		b	.L2
  37              		.cfi_endproc
  38              	.LFE0:
  39              		.size	__cxa_pure_virtual, .-__cxa_pure_virtual
  40 0006 C046     		.text
  41              	.Letext0:
  42              		.section	.debug_info,"",%progbits
  43              	.Ldebug_info0:
  44 0000 33000000 		.4byte	0x33
  45 0004 0400     		.2byte	0x4
  46 0006 00000000 		.4byte	.Ldebug_abbrev0
  47 000a 04       		.byte	0x4
  48 000b 01       		.uleb128 0x1
  49 000c 00000000 		.4byte	.LASF0
  50 0010 04       		.byte	0x4
  51 0011 DE000000 		.4byte	.LASF1
  52 0015 FA000000 		.4byte	.LASF2
  53 0019 00000000 		.4byte	.Ldebug_ranges0+0
ARM GAS  C:\DOCUME~1\Chuck\LOCALS~1\Temp\ccNVus3H.s 			page 2


  54 001d 00000000 		.4byte	0
  55 0021 00000000 		.4byte	.Ldebug_line0
  56 0025 02       		.uleb128 0x2
  57 0026 CB000000 		.4byte	.LASF3
  58 002a 01       		.byte	0x1
  59 002b 04       		.byte	0x4
  60 002c 00000000 		.4byte	.LFB0
  61 0030 06000000 		.4byte	.LFE0-.LFB0
  62 0034 01       		.uleb128 0x1
  63 0035 9C       		.byte	0x9c
  64 0036 00       		.byte	0
  65              		.section	.debug_abbrev,"",%progbits
  66              	.Ldebug_abbrev0:
  67 0000 01       		.uleb128 0x1
  68 0001 11       		.uleb128 0x11
  69 0002 01       		.byte	0x1
  70 0003 25       		.uleb128 0x25
  71 0004 0E       		.uleb128 0xe
  72 0005 13       		.uleb128 0x13
  73 0006 0B       		.uleb128 0xb
  74 0007 03       		.uleb128 0x3
  75 0008 0E       		.uleb128 0xe
  76 0009 1B       		.uleb128 0x1b
  77 000a 0E       		.uleb128 0xe
  78 000b 55       		.uleb128 0x55
  79 000c 17       		.uleb128 0x17
  80 000d 11       		.uleb128 0x11
  81 000e 01       		.uleb128 0x1
  82 000f 10       		.uleb128 0x10
  83 0010 17       		.uleb128 0x17
  84 0011 00       		.byte	0
  85 0012 00       		.byte	0
  86 0013 02       		.uleb128 0x2
  87 0014 2E       		.uleb128 0x2e
  88 0015 00       		.byte	0
  89 0016 3F       		.uleb128 0x3f
  90 0017 19       		.uleb128 0x19
  91 0018 03       		.uleb128 0x3
  92 0019 0E       		.uleb128 0xe
  93 001a 3A       		.uleb128 0x3a
  94 001b 0B       		.uleb128 0xb
  95 001c 3B       		.uleb128 0x3b
  96 001d 0B       		.uleb128 0xb
  97 001e 11       		.uleb128 0x11
  98 001f 01       		.uleb128 0x1
  99 0020 12       		.uleb128 0x12
 100 0021 06       		.uleb128 0x6
 101 0022 40       		.uleb128 0x40
 102 0023 18       		.uleb128 0x18
 103 0024 9742     		.uleb128 0x2117
 104 0026 19       		.uleb128 0x19
 105 0027 00       		.byte	0
 106 0028 00       		.byte	0
 107 0029 00       		.byte	0
 108              		.section	.debug_aranges,"",%progbits
 109 0000 1C000000 		.4byte	0x1c
 110 0004 0200     		.2byte	0x2
ARM GAS  C:\DOCUME~1\Chuck\LOCALS~1\Temp\ccNVus3H.s 			page 3


 111 0006 00000000 		.4byte	.Ldebug_info0
 112 000a 04       		.byte	0x4
 113 000b 00       		.byte	0
 114 000c 0000     		.2byte	0
 115 000e 0000     		.2byte	0
 116 0010 00000000 		.4byte	.LFB0
 117 0014 06000000 		.4byte	.LFE0-.LFB0
 118 0018 00000000 		.4byte	0
 119 001c 00000000 		.4byte	0
 120              		.section	.debug_ranges,"",%progbits
 121              	.Ldebug_ranges0:
 122 0000 00000000 		.4byte	.LFB0
 123 0004 06000000 		.4byte	.LFE0
 124 0008 00000000 		.4byte	0
 125 000c 00000000 		.4byte	0
 126              		.section	.debug_line,"",%progbits
 127              	.Ldebug_line0:
 128 0000 4A000000 		.section	.debug_str,"MS",%progbits,1
 128      02003200 
 128      00000201 
 128      FB0E0D00 
 128      01010101 
 129              	.LASF0:
 130 0000 474E5520 		.ascii	"GNU C++ 4.8.4 20140526 (release) [ARM/embedded-4_8-"
 130      432B2B20 
 130      342E382E 
 130      34203230 
 130      31343035 
 131 0033 6272616E 		.ascii	"branch revision 211358] -mcpu=cortex-m0 -mthumb -g "
 131      63682072 
 131      65766973 
 131      696F6E20 
 131      32313133 
 132 0066 2D4F3020 		.ascii	"-O0 -ffunction-sections -fno-rtti -fno-exceptions -"
 132      2D666675 
 132      6E637469 
 132      6F6E2D73 
 132      65637469 
 133 0099 66756E73 		.ascii	"funsigned-char -funsigned-bitfields -fshort-enums\000"
 133      69676E65 
 133      642D6368 
 133      6172202D 
 133      66756E73 
 134              	.LASF3:
 135 00cb 5F5F6378 		.ascii	"__cxa_pure_virtual\000"
 135      615F7075 
 135      72655F76 
 135      69727475 
 135      616C00
 136              	.LASF1:
 137 00de 2E5C726F 		.ascii	".\\ros_lib\\cxxabi-compat.cpp\000"
 137      735F6C69 
 137      625C6378 
 137      78616269 
 137      2D636F6D 
 138              	.LASF2:
 139 00fa 433A5C44 		.ascii	"C:\\Documents and Settings\\Chuck\\My Documents\\PS"
ARM GAS  C:\DOCUME~1\Chuck\LOCALS~1\Temp\ccNVus3H.s 			page 4


 139      6F63756D 
 139      656E7473 
 139      20616E64 
 139      20536574 
 140 0129 6F432043 		.ascii	"oC Creator\\RosOnAStick\\RosOnAStick.cydsn\000"
 140      72656174 
 140      6F725C52 
 140      6F734F6E 
 140      41537469 
 141              		.ident	"GCC: (GNU Tools for ARM Embedded Processors) 4.8.4 20140526 (release) [ARM/embedded-4_8-br
