ARM GAS  C:\DOCUME~1\Chuck\LOCALS~1\Temp\ccF5knaO.s 			page 1


   1              		.cpu cortex-m0
   2              		.fpu softvfp
   3              		.eabi_attribute 20, 1
   4              		.eabi_attribute 21, 1
   5              		.eabi_attribute 23, 3
   6              		.eabi_attribute 24, 1
   7              		.eabi_attribute 25, 1
   8              		.eabi_attribute 26, 1
   9              		.eabi_attribute 30, 6
  10              		.eabi_attribute 34, 0
  11              		.eabi_attribute 18, 4
  12              		.code	16
  13              		.file	"duration.cpp"
  14              		.text
  15              	.Ltext0:
  16              		.cfi_sections	.debug_frame
  17              		.section	.text._ZN3ros22normalizeSecNSecSignedERlS0_,"ax",%progbits
  18              		.align	2
  19              		.global	_ZN3ros22normalizeSecNSecSignedERlS0_
  20              		.code	16
  21              		.thumb_func
  22              		.type	_ZN3ros22normalizeSecNSecSignedERlS0_, %function
  23              	_ZN3ros22normalizeSecNSecSignedERlS0_:
  24              	.LFB8:
  25              		.file 1 ".\\ros_lib\\duration.cpp"
   1:.\ros_lib/duration.cpp **** /* 
   2:.\ros_lib/duration.cpp ****  * Software License Agreement (BSD License)
   3:.\ros_lib/duration.cpp ****  *
   4:.\ros_lib/duration.cpp ****  * Copyright (c) 2011, Willow Garage, Inc.
   5:.\ros_lib/duration.cpp ****  * All rights reserved.
   6:.\ros_lib/duration.cpp ****  *
   7:.\ros_lib/duration.cpp ****  * Redistribution and use in source and binary forms, with or without
   8:.\ros_lib/duration.cpp ****  * modification, are permitted provided that the following conditions
   9:.\ros_lib/duration.cpp ****  * are met:
  10:.\ros_lib/duration.cpp ****  *
  11:.\ros_lib/duration.cpp ****  *  * Redistributions of source code must retain the above copyright
  12:.\ros_lib/duration.cpp ****  *    notice, this list of conditions and the following disclaimer.
  13:.\ros_lib/duration.cpp ****  *  * Redistributions in binary form must reproduce the above
  14:.\ros_lib/duration.cpp ****  *    copyright notice, this list of conditions and the following
  15:.\ros_lib/duration.cpp ****  *    disclaimer in the documentation and/or other materials provided
  16:.\ros_lib/duration.cpp ****  *    with the distribution.
  17:.\ros_lib/duration.cpp ****  *  * Neither the name of Willow Garage, Inc. nor the names of its
  18:.\ros_lib/duration.cpp ****  *    contributors may be used to endorse or promote prducts derived
  19:.\ros_lib/duration.cpp ****  *    from this software without specific prior written permission.
  20:.\ros_lib/duration.cpp ****  *
  21:.\ros_lib/duration.cpp ****  * THIS SOFTWARE IS PROVIDED BY THE COPYRIGHT HOLDERS AND CONTRIBUTORS
  22:.\ros_lib/duration.cpp ****  * "AS IS" AND ANY EXPRESS OR IMPLIED WARRANTIES, INCLUDING, BUT NOT
  23:.\ros_lib/duration.cpp ****  * LIMITED TO, THE IMPLIED WARRANTIES OF MERCHANTABILITY AND FITNESS
  24:.\ros_lib/duration.cpp ****  * FOR A PARTICULAR PURPOSE ARE DISCLAIMED. IN NO EVENT SHALL THE
  25:.\ros_lib/duration.cpp ****  * COPYRIGHT OWNER OR CONTRIBUTORS BE LIABLE FOR ANY DIRECT, INDIRECT,
  26:.\ros_lib/duration.cpp ****  * INCIDENTAL, SPECIAL, EXEMPLARY, OR CONSEQUENTIAL DAMAGES (INCLUDING,
  27:.\ros_lib/duration.cpp ****  * BUT NOT LIMITED TO, PROCUREMENT OF SUBSTITUTE GOODS OR SERVICES;
  28:.\ros_lib/duration.cpp ****  * LOSS OF USE, DATA, OR PROFITS; OR BUSINESS INTERRUPTION) HOWEVER
  29:.\ros_lib/duration.cpp ****  * CAUSED AND ON ANY THEORY OF LIABILITY, WHETHER IN CONTRACT, STRICT
  30:.\ros_lib/duration.cpp ****  * LIABILITY, OR TORT (INCLUDING NEGLIGENCE OR OTHERWISE) ARISING IN
  31:.\ros_lib/duration.cpp ****  * ANY WAY OUT OF THE USE OF THIS SOFTWARE, EVEN IF ADVISED OF THE
  32:.\ros_lib/duration.cpp ****  * POSSIBILITY OF SUCH DAMAGE.
ARM GAS  C:\DOCUME~1\Chuck\LOCALS~1\Temp\ccF5knaO.s 			page 2


  33:.\ros_lib/duration.cpp ****  */
  34:.\ros_lib/duration.cpp **** 
  35:.\ros_lib/duration.cpp **** #include <math.h>
  36:.\ros_lib/duration.cpp **** #include "ros/duration.h"
  37:.\ros_lib/duration.cpp **** 
  38:.\ros_lib/duration.cpp **** namespace ros
  39:.\ros_lib/duration.cpp **** {
  40:.\ros_lib/duration.cpp ****   void normalizeSecNSecSigned(long &sec, long &nsec)
  41:.\ros_lib/duration.cpp ****   {
  26              		.loc 1 41 0
  27              		.cfi_startproc
  28 0000 80B5     		push	{r7, lr}
  29              		.cfi_def_cfa_offset 8
  30              		.cfi_offset 7, -8
  31              		.cfi_offset 14, -4
  32 0002 84B0     		sub	sp, sp, #16
  33              		.cfi_def_cfa_offset 24
  34 0004 00AF     		add	r7, sp, #0
  35              		.cfi_def_cfa_register 7
  36 0006 7860     		str	r0, [r7, #4]
  37 0008 3960     		str	r1, [r7]
  38              	.LBB2:
  42:.\ros_lib/duration.cpp ****     long nsec_part = nsec;
  39              		.loc 1 42 0
  40 000a 3B68     		ldr	r3, [r7]
  41 000c 1B68     		ldr	r3, [r3]
  42 000e FB60     		str	r3, [r7, #12]
  43:.\ros_lib/duration.cpp ****     long sec_part = sec;
  43              		.loc 1 43 0
  44 0010 7B68     		ldr	r3, [r7, #4]
  45 0012 1B68     		ldr	r3, [r3]
  46 0014 BB60     		str	r3, [r7, #8]
  44:.\ros_lib/duration.cpp ****      
  45:.\ros_lib/duration.cpp ****     while (nsec_part > 1000000000L)
  47              		.loc 1 45 0
  48 0016 06E0     		b	.L2
  49              	.L3:
  46:.\ros_lib/duration.cpp ****     {
  47:.\ros_lib/duration.cpp ****       nsec_part -= 1000000000L;
  50              		.loc 1 47 0
  51 0018 FB68     		ldr	r3, [r7, #12]
  52 001a 0F4A     		ldr	r2, .L6
  53 001c 9B18     		add	r3, r3, r2
  54 001e FB60     		str	r3, [r7, #12]
  48:.\ros_lib/duration.cpp ****       ++sec_part;
  55              		.loc 1 48 0
  56 0020 BB68     		ldr	r3, [r7, #8]
  57 0022 0133     		add	r3, r3, #1
  58 0024 BB60     		str	r3, [r7, #8]
  59              	.L2:
  45:.\ros_lib/duration.cpp ****     while (nsec_part > 1000000000L)
  60              		.loc 1 45 0 discriminator 1
  61 0026 FA68     		ldr	r2, [r7, #12]
  62 0028 0C4B     		ldr	r3, .L6+4
  63 002a 9A42     		cmp	r2, r3
  64 002c F4DC     		bgt	.L3
  49:.\ros_lib/duration.cpp ****     }
ARM GAS  C:\DOCUME~1\Chuck\LOCALS~1\Temp\ccF5knaO.s 			page 3


  50:.\ros_lib/duration.cpp ****     while (nsec_part < 0)
  65              		.loc 1 50 0
  66 002e 06E0     		b	.L4
  67              	.L5:
  51:.\ros_lib/duration.cpp ****     {
  52:.\ros_lib/duration.cpp ****       nsec_part += 1000000000L;
  68              		.loc 1 52 0
  69 0030 FB68     		ldr	r3, [r7, #12]
  70 0032 0A4A     		ldr	r2, .L6+4
  71 0034 9B18     		add	r3, r3, r2
  72 0036 FB60     		str	r3, [r7, #12]
  53:.\ros_lib/duration.cpp ****       --sec_part;
  73              		.loc 1 53 0
  74 0038 BB68     		ldr	r3, [r7, #8]
  75 003a 013B     		sub	r3, r3, #1
  76 003c BB60     		str	r3, [r7, #8]
  77              	.L4:
  50:.\ros_lib/duration.cpp ****     while (nsec_part < 0)
  78              		.loc 1 50 0 discriminator 1
  79 003e FB68     		ldr	r3, [r7, #12]
  80 0040 002B     		cmp	r3, #0
  81 0042 F5DB     		blt	.L5
  54:.\ros_lib/duration.cpp ****     }
  55:.\ros_lib/duration.cpp ****     sec = sec_part;
  82              		.loc 1 55 0
  83 0044 7B68     		ldr	r3, [r7, #4]
  84 0046 BA68     		ldr	r2, [r7, #8]
  85 0048 1A60     		str	r2, [r3]
  56:.\ros_lib/duration.cpp ****     nsec = nsec_part;
  86              		.loc 1 56 0
  87 004a 3B68     		ldr	r3, [r7]
  88 004c FA68     		ldr	r2, [r7, #12]
  89 004e 1A60     		str	r2, [r3]
  90              	.LBE2:
  57:.\ros_lib/duration.cpp ****   }
  91              		.loc 1 57 0
  92 0050 BD46     		mov	sp, r7
  93 0052 04B0     		add	sp, sp, #16
  94              		@ sp needed
  95 0054 80BD     		pop	{r7, pc}
  96              	.L7:
  97 0056 C046     		.align	2
  98              	.L6:
  99 0058 003665C4 		.word	-1000000000
 100 005c 00CA9A3B 		.word	1000000000
 101              		.cfi_endproc
 102              	.LFE8:
 103              		.size	_ZN3ros22normalizeSecNSecSignedERlS0_, .-_ZN3ros22normalizeSecNSecSignedERlS0_
 104              		.section	.text._ZN3ros8DurationpLERKS0_,"ax",%progbits
 105              		.align	2
 106              		.global	_ZN3ros8DurationpLERKS0_
 107              		.code	16
 108              		.thumb_func
 109              		.type	_ZN3ros8DurationpLERKS0_, %function
 110              	_ZN3ros8DurationpLERKS0_:
 111              	.LFB9:
  58:.\ros_lib/duration.cpp **** 
ARM GAS  C:\DOCUME~1\Chuck\LOCALS~1\Temp\ccF5knaO.s 			page 4


  59:.\ros_lib/duration.cpp ****   Duration& Duration::operator+=(const Duration &rhs)
  60:.\ros_lib/duration.cpp ****   {
 112              		.loc 1 60 0
 113              		.cfi_startproc
 114 0000 80B5     		push	{r7, lr}
 115              		.cfi_def_cfa_offset 8
 116              		.cfi_offset 7, -8
 117              		.cfi_offset 14, -4
 118 0002 82B0     		sub	sp, sp, #8
 119              		.cfi_def_cfa_offset 16
 120 0004 00AF     		add	r7, sp, #0
 121              		.cfi_def_cfa_register 7
 122 0006 7860     		str	r0, [r7, #4]
 123 0008 3960     		str	r1, [r7]
  61:.\ros_lib/duration.cpp ****     sec += rhs.sec;
 124              		.loc 1 61 0
 125 000a 7B68     		ldr	r3, [r7, #4]
 126 000c 1A68     		ldr	r2, [r3]
 127 000e 3B68     		ldr	r3, [r7]
 128 0010 1B68     		ldr	r3, [r3]
 129 0012 D218     		add	r2, r2, r3
 130 0014 7B68     		ldr	r3, [r7, #4]
 131 0016 1A60     		str	r2, [r3]
  62:.\ros_lib/duration.cpp ****     nsec += rhs.nsec;
 132              		.loc 1 62 0
 133 0018 7B68     		ldr	r3, [r7, #4]
 134 001a 5A68     		ldr	r2, [r3, #4]
 135 001c 3B68     		ldr	r3, [r7]
 136 001e 5B68     		ldr	r3, [r3, #4]
 137 0020 D218     		add	r2, r2, r3
 138 0022 7B68     		ldr	r3, [r7, #4]
 139 0024 5A60     		str	r2, [r3, #4]
  63:.\ros_lib/duration.cpp ****     normalizeSecNSecSigned(sec, nsec);
 140              		.loc 1 63 0
 141 0026 7A68     		ldr	r2, [r7, #4]
 142 0028 7B68     		ldr	r3, [r7, #4]
 143 002a 0433     		add	r3, r3, #4
 144 002c 101C     		mov	r0, r2
 145 002e 191C     		mov	r1, r3
 146 0030 FFF7FEFF 		bl	_ZN3ros22normalizeSecNSecSignedERlS0_
  64:.\ros_lib/duration.cpp ****     return *this;
 147              		.loc 1 64 0
 148 0034 7B68     		ldr	r3, [r7, #4]
  65:.\ros_lib/duration.cpp ****   }
 149              		.loc 1 65 0
 150 0036 181C     		mov	r0, r3
 151 0038 BD46     		mov	sp, r7
 152 003a 02B0     		add	sp, sp, #8
 153              		@ sp needed
 154 003c 80BD     		pop	{r7, pc}
 155              		.cfi_endproc
 156              	.LFE9:
 157              		.size	_ZN3ros8DurationpLERKS0_, .-_ZN3ros8DurationpLERKS0_
 158 003e C046     		.section	.text._ZN3ros8DurationmIERKS0_,"ax",%progbits
 159              		.align	2
 160              		.global	_ZN3ros8DurationmIERKS0_
 161              		.code	16
ARM GAS  C:\DOCUME~1\Chuck\LOCALS~1\Temp\ccF5knaO.s 			page 5


 162              		.thumb_func
 163              		.type	_ZN3ros8DurationmIERKS0_, %function
 164              	_ZN3ros8DurationmIERKS0_:
 165              	.LFB10:
  66:.\ros_lib/duration.cpp **** 
  67:.\ros_lib/duration.cpp ****   Duration& Duration::operator-=(const Duration &rhs){
 166              		.loc 1 67 0
 167              		.cfi_startproc
 168 0000 80B5     		push	{r7, lr}
 169              		.cfi_def_cfa_offset 8
 170              		.cfi_offset 7, -8
 171              		.cfi_offset 14, -4
 172 0002 82B0     		sub	sp, sp, #8
 173              		.cfi_def_cfa_offset 16
 174 0004 00AF     		add	r7, sp, #0
 175              		.cfi_def_cfa_register 7
 176 0006 7860     		str	r0, [r7, #4]
 177 0008 3960     		str	r1, [r7]
  68:.\ros_lib/duration.cpp ****     sec += -rhs.sec;
 178              		.loc 1 68 0
 179 000a 7B68     		ldr	r3, [r7, #4]
 180 000c 1A68     		ldr	r2, [r3]
 181 000e 3B68     		ldr	r3, [r7]
 182 0010 1B68     		ldr	r3, [r3]
 183 0012 D21A     		sub	r2, r2, r3
 184 0014 7B68     		ldr	r3, [r7, #4]
 185 0016 1A60     		str	r2, [r3]
  69:.\ros_lib/duration.cpp ****     nsec += -rhs.nsec;
 186              		.loc 1 69 0
 187 0018 7B68     		ldr	r3, [r7, #4]
 188 001a 5A68     		ldr	r2, [r3, #4]
 189 001c 3B68     		ldr	r3, [r7]
 190 001e 5B68     		ldr	r3, [r3, #4]
 191 0020 D21A     		sub	r2, r2, r3
 192 0022 7B68     		ldr	r3, [r7, #4]
 193 0024 5A60     		str	r2, [r3, #4]
  70:.\ros_lib/duration.cpp ****     normalizeSecNSecSigned(sec, nsec);
 194              		.loc 1 70 0
 195 0026 7A68     		ldr	r2, [r7, #4]
 196 0028 7B68     		ldr	r3, [r7, #4]
 197 002a 0433     		add	r3, r3, #4
 198 002c 101C     		mov	r0, r2
 199 002e 191C     		mov	r1, r3
 200 0030 FFF7FEFF 		bl	_ZN3ros22normalizeSecNSecSignedERlS0_
  71:.\ros_lib/duration.cpp ****     return *this;
 201              		.loc 1 71 0
 202 0034 7B68     		ldr	r3, [r7, #4]
  72:.\ros_lib/duration.cpp ****   }
 203              		.loc 1 72 0
 204 0036 181C     		mov	r0, r3
 205 0038 BD46     		mov	sp, r7
 206 003a 02B0     		add	sp, sp, #8
 207              		@ sp needed
 208 003c 80BD     		pop	{r7, pc}
 209              		.cfi_endproc
 210              	.LFE10:
 211              		.size	_ZN3ros8DurationmIERKS0_, .-_ZN3ros8DurationmIERKS0_
ARM GAS  C:\DOCUME~1\Chuck\LOCALS~1\Temp\ccF5knaO.s 			page 6


 212              		.global	__aeabi_i2d
 213              		.global	__aeabi_dmul
 214              		.global	__aeabi_d2iz
 215 003e C046     		.section	.text._ZN3ros8DurationmLEd,"ax",%progbits
 216              		.align	2
 217              		.global	_ZN3ros8DurationmLEd
 218              		.code	16
 219              		.thumb_func
 220              		.type	_ZN3ros8DurationmLEd, %function
 221              	_ZN3ros8DurationmLEd:
 222              	.LFB11:
  73:.\ros_lib/duration.cpp ****   #ifndef ROS_NO_FLOATS
  74:.\ros_lib/duration.cpp ****   Duration& Duration::operator*=(double scale){
 223              		.loc 1 74 0
 224              		.cfi_startproc
 225 0000 90B5     		push	{r4, r7, lr}
 226              		.cfi_def_cfa_offset 12
 227              		.cfi_offset 4, -12
 228              		.cfi_offset 7, -8
 229              		.cfi_offset 14, -4
 230 0002 85B0     		sub	sp, sp, #20
 231              		.cfi_def_cfa_offset 32
 232 0004 00AF     		add	r7, sp, #0
 233              		.cfi_def_cfa_register 7
 234 0006 F860     		str	r0, [r7, #12]
 235 0008 3A60     		str	r2, [r7]
 236 000a 7B60     		str	r3, [r7, #4]
  75:.\ros_lib/duration.cpp ****     sec *= scale;
 237              		.loc 1 75 0
 238 000c FB68     		ldr	r3, [r7, #12]
 239 000e 1B68     		ldr	r3, [r3]
 240 0010 181C     		mov	r0, r3
 241 0012 FFF7FEFF 		bl	__aeabi_i2d
 242 0016 031C     		mov	r3, r0
 243 0018 0C1C     		mov	r4, r1
 244 001a 181C     		mov	r0, r3
 245 001c 211C     		mov	r1, r4
 246 001e 3A68     		ldr	r2, [r7]
 247 0020 7B68     		ldr	r3, [r7, #4]
 248 0022 FFF7FEFF 		bl	__aeabi_dmul
 249 0026 031C     		mov	r3, r0
 250 0028 0C1C     		mov	r4, r1
 251 002a 181C     		mov	r0, r3
 252 002c 211C     		mov	r1, r4
 253 002e FFF7FEFF 		bl	__aeabi_d2iz
 254 0032 021C     		mov	r2, r0
 255 0034 FB68     		ldr	r3, [r7, #12]
 256 0036 1A60     		str	r2, [r3]
  76:.\ros_lib/duration.cpp ****     nsec *= scale;
 257              		.loc 1 76 0
 258 0038 FB68     		ldr	r3, [r7, #12]
 259 003a 5B68     		ldr	r3, [r3, #4]
 260 003c 181C     		mov	r0, r3
 261 003e FFF7FEFF 		bl	__aeabi_i2d
 262 0042 031C     		mov	r3, r0
 263 0044 0C1C     		mov	r4, r1
 264 0046 181C     		mov	r0, r3
ARM GAS  C:\DOCUME~1\Chuck\LOCALS~1\Temp\ccF5knaO.s 			page 7


 265 0048 211C     		mov	r1, r4
 266 004a 3A68     		ldr	r2, [r7]
 267 004c 7B68     		ldr	r3, [r7, #4]
 268 004e FFF7FEFF 		bl	__aeabi_dmul
 269 0052 031C     		mov	r3, r0
 270 0054 0C1C     		mov	r4, r1
 271 0056 181C     		mov	r0, r3
 272 0058 211C     		mov	r1, r4
 273 005a FFF7FEFF 		bl	__aeabi_d2iz
 274 005e 021C     		mov	r2, r0
 275 0060 FB68     		ldr	r3, [r7, #12]
 276 0062 5A60     		str	r2, [r3, #4]
  77:.\ros_lib/duration.cpp ****     normalizeSecNSecSigned(sec, nsec);
 277              		.loc 1 77 0
 278 0064 FA68     		ldr	r2, [r7, #12]
 279 0066 FB68     		ldr	r3, [r7, #12]
 280 0068 0433     		add	r3, r3, #4
 281 006a 101C     		mov	r0, r2
 282 006c 191C     		mov	r1, r3
 283 006e FFF7FEFF 		bl	_ZN3ros22normalizeSecNSecSignedERlS0_
  78:.\ros_lib/duration.cpp ****     return *this;
 284              		.loc 1 78 0
 285 0072 FB68     		ldr	r3, [r7, #12]
  79:.\ros_lib/duration.cpp ****   }
 286              		.loc 1 79 0
 287 0074 181C     		mov	r0, r3
 288 0076 BD46     		mov	sp, r7
 289 0078 05B0     		add	sp, sp, #20
 290              		@ sp needed
 291 007a 90BD     		pop	{r4, r7, pc}
 292              		.cfi_endproc
 293              	.LFE11:
 294              		.size	_ZN3ros8DurationmLEd, .-_ZN3ros8DurationmLEd
 295              		.text
 296              	.Letext0:
 297              		.file 2 ".\\ros_lib\\ros/duration.h"
 298              		.section	.debug_info,"",%progbits
 299              	.Ldebug_info0:
 300 0000 DD020000 		.4byte	0x2dd
 301 0004 0400     		.2byte	0x4
 302 0006 00000000 		.4byte	.Ldebug_abbrev0
 303 000a 04       		.byte	0x4
 304 000b 01       		.uleb128 0x1
 305 000c 75000000 		.4byte	.LASF30
 306 0010 04       		.byte	0x4
 307 0011 A2020000 		.4byte	.LASF31
 308 0015 00000000 		.4byte	.LASF32
 309 0019 00000000 		.4byte	.Ldebug_ranges0+0
 310 001d 00000000 		.4byte	0
 311 0021 00000000 		.4byte	.Ldebug_line0
 312 0025 02       		.uleb128 0x2
 313 0026 04       		.byte	0x4
 314 0027 05       		.byte	0x5
 315 0028 696E7400 		.ascii	"int\000"
 316 002c 03       		.uleb128 0x3
 317 002d 04       		.byte	0x4
 318 002e 07       		.byte	0x7
ARM GAS  C:\DOCUME~1\Chuck\LOCALS~1\Temp\ccF5knaO.s 			page 8


 319 002f E6010000 		.4byte	.LASF0
 320 0033 03       		.uleb128 0x3
 321 0034 01       		.byte	0x1
 322 0035 06       		.byte	0x6
 323 0036 96020000 		.4byte	.LASF1
 324 003a 03       		.uleb128 0x3
 325 003b 01       		.byte	0x1
 326 003c 08       		.byte	0x8
 327 003d D8010000 		.4byte	.LASF2
 328 0041 03       		.uleb128 0x3
 329 0042 02       		.byte	0x2
 330 0043 05       		.byte	0x5
 331 0044 53020000 		.4byte	.LASF3
 332 0048 03       		.uleb128 0x3
 333 0049 02       		.byte	0x2
 334 004a 07       		.byte	0x7
 335 004b 95010000 		.4byte	.LASF4
 336 004f 03       		.uleb128 0x3
 337 0050 04       		.byte	0x4
 338 0051 05       		.byte	0x5
 339 0052 76020000 		.4byte	.LASF5
 340 0056 03       		.uleb128 0x3
 341 0057 04       		.byte	0x4
 342 0058 07       		.byte	0x7
 343 0059 83010000 		.4byte	.LASF6
 344 005d 03       		.uleb128 0x3
 345 005e 08       		.byte	0x8
 346 005f 05       		.byte	0x5
 347 0060 40020000 		.4byte	.LASF7
 348 0064 03       		.uleb128 0x3
 349 0065 08       		.byte	0x8
 350 0066 07       		.byte	0x7
 351 0067 0A020000 		.4byte	.LASF8
 352 006b 03       		.uleb128 0x3
 353 006c 04       		.byte	0x4
 354 006d 07       		.byte	0x7
 355 006e 37020000 		.4byte	.LASF9
 356 0072 03       		.uleb128 0x3
 357 0073 01       		.byte	0x1
 358 0074 08       		.byte	0x8
 359 0075 7F020000 		.4byte	.LASF10
 360 0079 03       		.uleb128 0x3
 361 007a 08       		.byte	0x8
 362 007b 04       		.byte	0x4
 363 007c B2010000 		.4byte	.LASF11
 364 0080 03       		.uleb128 0x3
 365 0081 04       		.byte	0x4
 366 0082 04       		.byte	0x4
 367 0083 90020000 		.4byte	.LASF12
 368 0087 03       		.uleb128 0x3
 369 0088 08       		.byte	0x8
 370 0089 04       		.byte	0x4
 371 008a 84020000 		.4byte	.LASF13
 372 008e 04       		.uleb128 0x4
 373 008f 726F7300 		.ascii	"ros\000"
 374 0093 02       		.byte	0x2
 375 0094 28       		.byte	0x28
ARM GAS  C:\DOCUME~1\Chuck\LOCALS~1\Temp\ccF5knaO.s 			page 9


 376 0095 BC010000 		.4byte	0x1bc
 377 0099 05       		.uleb128 0x5
 378 009a 58000000 		.4byte	.LASF15
 379 009e 08       		.byte	0x8
 380 009f 02       		.byte	0x2
 381 00a0 2C       		.byte	0x2c
 382 00a1 A0010000 		.4byte	0x1a0
 383 00a5 06       		.uleb128 0x6
 384 00a6 73656300 		.ascii	"sec\000"
 385 00aa 02       		.byte	0x2
 386 00ab 2F       		.byte	0x2f
 387 00ac 4F000000 		.4byte	0x4f
 388 00b0 00       		.byte	0
 389 00b1 01       		.byte	0x1
 390 00b2 07       		.uleb128 0x7
 391 00b3 4E020000 		.4byte	.LASF14
 392 00b7 02       		.byte	0x2
 393 00b8 2F       		.byte	0x2f
 394 00b9 4F000000 		.4byte	0x4f
 395 00bd 04       		.byte	0x4
 396 00be 01       		.byte	0x1
 397 00bf 08       		.uleb128 0x8
 398 00c0 58000000 		.4byte	.LASF15
 399 00c4 02       		.byte	0x2
 400 00c5 31       		.byte	0x31
 401 00c6 BC010000 		.4byte	0x1bc
 402 00ca 01       		.byte	0x1
 403 00cb D3000000 		.4byte	0xd3
 404 00cf D9000000 		.4byte	0xd9
 405 00d3 09       		.uleb128 0x9
 406 00d4 BC010000 		.4byte	0x1bc
 407 00d8 00       		.byte	0
 408 00d9 08       		.uleb128 0x8
 409 00da 58000000 		.4byte	.LASF15
 410 00de 02       		.byte	0x2
 411 00df 32       		.byte	0x32
 412 00e0 BC010000 		.4byte	0x1bc
 413 00e4 01       		.byte	0x1
 414 00e5 ED000000 		.4byte	0xed
 415 00e9 FD000000 		.4byte	0xfd
 416 00ed 09       		.uleb128 0x9
 417 00ee BC010000 		.4byte	0x1bc
 418 00f2 0A       		.uleb128 0xa
 419 00f3 4F000000 		.4byte	0x4f
 420 00f7 0A       		.uleb128 0xa
 421 00f8 4F000000 		.4byte	0x4f
 422 00fc 00       		.byte	0
 423 00fd 0B       		.uleb128 0xb
 424 00fe B9010000 		.4byte	.LASF17
 425 0102 02       		.byte	0x2
 426 0103 37       		.byte	0x37
 427 0104 DF020000 		.4byte	.LASF19
 428 0108 79000000 		.4byte	0x79
 429 010c 01       		.byte	0x1
 430 010d 15010000 		.4byte	0x115
 431 0111 1B010000 		.4byte	0x11b
 432 0115 09       		.uleb128 0x9
ARM GAS  C:\DOCUME~1\Chuck\LOCALS~1\Temp\ccF5knaO.s 			page 10


 433 0116 C2010000 		.4byte	0x1c2
 434 011a 00       		.byte	0
 435 011b 0C       		.uleb128 0xc
 436 011c 61010000 		.4byte	.LASF16
 437 0120 02       		.byte	0x2
 438 0121 38       		.byte	0x38
 439 0122 40010000 		.4byte	.LASF24
 440 0126 01       		.byte	0x1
 441 0127 2F010000 		.4byte	0x12f
 442 012b 3A010000 		.4byte	0x13a
 443 012f 09       		.uleb128 0x9
 444 0130 BC010000 		.4byte	0x1bc
 445 0134 0A       		.uleb128 0xa
 446 0135 79000000 		.4byte	0x79
 447 0139 00       		.byte	0
 448 013a 0B       		.uleb128 0xb
 449 013b 21020000 		.4byte	.LASF18
 450 013f 02       		.byte	0x2
 451 0140 3B       		.byte	0x3b
 452 0141 BF010000 		.4byte	.LASF20
 453 0145 C8010000 		.4byte	0x1c8
 454 0149 01       		.byte	0x1
 455 014a 52010000 		.4byte	0x152
 456 014e 5D010000 		.4byte	0x15d
 457 0152 09       		.uleb128 0x9
 458 0153 BC010000 		.4byte	0x1bc
 459 0157 0A       		.uleb128 0xa
 460 0158 CE010000 		.4byte	0x1ce
 461 015c 00       		.byte	0
 462 015d 0B       		.uleb128 0xb
 463 015e 2C020000 		.4byte	.LASF21
 464 0162 02       		.byte	0x2
 465 0163 3C       		.byte	0x3c
 466 0164 5D020000 		.4byte	.LASF22
 467 0168 C8010000 		.4byte	0x1c8
 468 016c 01       		.byte	0x1
 469 016d 75010000 		.4byte	0x175
 470 0171 80010000 		.4byte	0x180
 471 0175 09       		.uleb128 0x9
 472 0176 BC010000 		.4byte	0x1bc
 473 017a 0A       		.uleb128 0xa
 474 017b CE010000 		.4byte	0x1ce
 475 017f 00       		.byte	0
 476 0180 0D       		.uleb128 0xd
 477 0181 6A000000 		.4byte	.LASF23
 478 0185 02       		.byte	0x2
 479 0186 3E       		.byte	0x3e
 480 0187 69010000 		.4byte	.LASF25
 481 018b C8010000 		.4byte	0x1c8
 482 018f 01       		.byte	0x1
 483 0190 94010000 		.4byte	0x194
 484 0194 09       		.uleb128 0x9
 485 0195 BC010000 		.4byte	0x1bc
 486 0199 0A       		.uleb128 0xa
 487 019a 79000000 		.4byte	0x79
 488 019e 00       		.byte	0
 489 019f 00       		.byte	0
ARM GAS  C:\DOCUME~1\Chuck\LOCALS~1\Temp\ccF5knaO.s 			page 11


 490 01a0 0E       		.uleb128 0xe
 491 01a1 99000000 		.4byte	0x99
 492 01a5 0F       		.uleb128 0xf
 493 01a6 F3010000 		.4byte	.LASF33
 494 01aa 01       		.byte	0x1
 495 01ab 28       		.byte	0x28
 496 01ac B9020000 		.4byte	.LASF34
 497 01b0 0A       		.uleb128 0xa
 498 01b1 D4010000 		.4byte	0x1d4
 499 01b5 0A       		.uleb128 0xa
 500 01b6 D4010000 		.4byte	0x1d4
 501 01ba 00       		.byte	0
 502 01bb 00       		.byte	0
 503 01bc 10       		.uleb128 0x10
 504 01bd 04       		.byte	0x4
 505 01be 99000000 		.4byte	0x99
 506 01c2 10       		.uleb128 0x10
 507 01c3 04       		.byte	0x4
 508 01c4 A0010000 		.4byte	0x1a0
 509 01c8 11       		.uleb128 0x11
 510 01c9 04       		.byte	0x4
 511 01ca 99000000 		.4byte	0x99
 512 01ce 11       		.uleb128 0x11
 513 01cf 04       		.byte	0x4
 514 01d0 A0010000 		.4byte	0x1a0
 515 01d4 11       		.uleb128 0x11
 516 01d5 04       		.byte	0x4
 517 01d6 4F000000 		.4byte	0x4f
 518 01da 12       		.uleb128 0x12
 519 01db A5010000 		.4byte	0x1a5
 520 01df 00000000 		.4byte	.LFB8
 521 01e3 60000000 		.4byte	.LFE8-.LFB8
 522 01e7 01       		.uleb128 0x1
 523 01e8 9C       		.byte	0x9c
 524 01e9 30020000 		.4byte	0x230
 525 01ed 13       		.uleb128 0x13
 526 01ee 73656300 		.ascii	"sec\000"
 527 01f2 01       		.byte	0x1
 528 01f3 28       		.byte	0x28
 529 01f4 30020000 		.4byte	0x230
 530 01f8 02       		.uleb128 0x2
 531 01f9 91       		.byte	0x91
 532 01fa 6C       		.sleb128 -20
 533 01fb 14       		.uleb128 0x14
 534 01fc 4E020000 		.4byte	.LASF14
 535 0200 01       		.byte	0x1
 536 0201 28       		.byte	0x28
 537 0202 35020000 		.4byte	0x235
 538 0206 02       		.uleb128 0x2
 539 0207 91       		.byte	0x91
 540 0208 68       		.sleb128 -24
 541 0209 15       		.uleb128 0x15
 542 020a 0A000000 		.4byte	.LBB2
 543 020e 46000000 		.4byte	.LBE2-.LBB2
 544 0212 16       		.uleb128 0x16
 545 0213 A8010000 		.4byte	.LASF26
 546 0217 01       		.byte	0x1
ARM GAS  C:\DOCUME~1\Chuck\LOCALS~1\Temp\ccF5knaO.s 			page 12


 547 0218 2A       		.byte	0x2a
 548 0219 4F000000 		.4byte	0x4f
 549 021d 02       		.uleb128 0x2
 550 021e 91       		.byte	0x91
 551 021f 74       		.sleb128 -12
 552 0220 16       		.uleb128 0x16
 553 0221 61000000 		.4byte	.LASF27
 554 0225 01       		.byte	0x1
 555 0226 2B       		.byte	0x2b
 556 0227 4F000000 		.4byte	0x4f
 557 022b 02       		.uleb128 0x2
 558 022c 91       		.byte	0x91
 559 022d 70       		.sleb128 -16
 560 022e 00       		.byte	0
 561 022f 00       		.byte	0
 562 0230 0E       		.uleb128 0xe
 563 0231 D4010000 		.4byte	0x1d4
 564 0235 0E       		.uleb128 0xe
 565 0236 D4010000 		.4byte	0x1d4
 566 023a 17       		.uleb128 0x17
 567 023b 3A010000 		.4byte	0x13a
 568 023f 01       		.byte	0x1
 569 0240 00000000 		.4byte	.LFB9
 570 0244 3E000000 		.4byte	.LFE9-.LFB9
 571 0248 01       		.uleb128 0x1
 572 0249 9C       		.byte	0x9c
 573 024a 52020000 		.4byte	0x252
 574 024e 6D020000 		.4byte	0x26d
 575 0252 18       		.uleb128 0x18
 576 0253 7E010000 		.4byte	.LASF28
 577 0257 6D020000 		.4byte	0x26d
 578 025b 02       		.uleb128 0x2
 579 025c 91       		.byte	0x91
 580 025d 74       		.sleb128 -12
 581 025e 13       		.uleb128 0x13
 582 025f 72687300 		.ascii	"rhs\000"
 583 0263 01       		.byte	0x1
 584 0264 3B       		.byte	0x3b
 585 0265 72020000 		.4byte	0x272
 586 0269 02       		.uleb128 0x2
 587 026a 91       		.byte	0x91
 588 026b 70       		.sleb128 -16
 589 026c 00       		.byte	0
 590 026d 0E       		.uleb128 0xe
 591 026e BC010000 		.4byte	0x1bc
 592 0272 0E       		.uleb128 0xe
 593 0273 CE010000 		.4byte	0x1ce
 594 0277 19       		.uleb128 0x19
 595 0278 5D010000 		.4byte	0x15d
 596 027c 01       		.byte	0x1
 597 027d 43       		.byte	0x43
 598 027e 00000000 		.4byte	.LFB10
 599 0282 3E000000 		.4byte	.LFE10-.LFB10
 600 0286 01       		.uleb128 0x1
 601 0287 9C       		.byte	0x9c
 602 0288 90020000 		.4byte	0x290
 603 028c AB020000 		.4byte	0x2ab
ARM GAS  C:\DOCUME~1\Chuck\LOCALS~1\Temp\ccF5knaO.s 			page 13


 604 0290 18       		.uleb128 0x18
 605 0291 7E010000 		.4byte	.LASF28
 606 0295 6D020000 		.4byte	0x26d
 607 0299 02       		.uleb128 0x2
 608 029a 91       		.byte	0x91
 609 029b 74       		.sleb128 -12
 610 029c 13       		.uleb128 0x13
 611 029d 72687300 		.ascii	"rhs\000"
 612 02a1 01       		.byte	0x1
 613 02a2 43       		.byte	0x43
 614 02a3 AB020000 		.4byte	0x2ab
 615 02a7 02       		.uleb128 0x2
 616 02a8 91       		.byte	0x91
 617 02a9 70       		.sleb128 -16
 618 02aa 00       		.byte	0
 619 02ab 0E       		.uleb128 0xe
 620 02ac CE010000 		.4byte	0x1ce
 621 02b0 1A       		.uleb128 0x1a
 622 02b1 80010000 		.4byte	0x180
 623 02b5 01       		.byte	0x1
 624 02b6 4A       		.byte	0x4a
 625 02b7 00000000 		.4byte	.LFB11
 626 02bb 7C000000 		.4byte	.LFE11-.LFB11
 627 02bf 01       		.uleb128 0x1
 628 02c0 9C       		.byte	0x9c
 629 02c1 C5020000 		.4byte	0x2c5
 630 02c5 18       		.uleb128 0x18
 631 02c6 7E010000 		.4byte	.LASF28
 632 02ca 6D020000 		.4byte	0x26d
 633 02ce 02       		.uleb128 0x2
 634 02cf 91       		.byte	0x91
 635 02d0 6C       		.sleb128 -20
 636 02d1 14       		.uleb128 0x14
 637 02d2 5B010000 		.4byte	.LASF29
 638 02d6 01       		.byte	0x1
 639 02d7 4A       		.byte	0x4a
 640 02d8 79000000 		.4byte	0x79
 641 02dc 02       		.uleb128 0x2
 642 02dd 91       		.byte	0x91
 643 02de 60       		.sleb128 -32
 644 02df 00       		.byte	0
 645 02e0 00       		.byte	0
 646              		.section	.debug_abbrev,"",%progbits
 647              	.Ldebug_abbrev0:
 648 0000 01       		.uleb128 0x1
 649 0001 11       		.uleb128 0x11
 650 0002 01       		.byte	0x1
 651 0003 25       		.uleb128 0x25
 652 0004 0E       		.uleb128 0xe
 653 0005 13       		.uleb128 0x13
 654 0006 0B       		.uleb128 0xb
 655 0007 03       		.uleb128 0x3
 656 0008 0E       		.uleb128 0xe
 657 0009 1B       		.uleb128 0x1b
 658 000a 0E       		.uleb128 0xe
 659 000b 55       		.uleb128 0x55
 660 000c 17       		.uleb128 0x17
ARM GAS  C:\DOCUME~1\Chuck\LOCALS~1\Temp\ccF5knaO.s 			page 14


 661 000d 11       		.uleb128 0x11
 662 000e 01       		.uleb128 0x1
 663 000f 10       		.uleb128 0x10
 664 0010 17       		.uleb128 0x17
 665 0011 00       		.byte	0
 666 0012 00       		.byte	0
 667 0013 02       		.uleb128 0x2
 668 0014 24       		.uleb128 0x24
 669 0015 00       		.byte	0
 670 0016 0B       		.uleb128 0xb
 671 0017 0B       		.uleb128 0xb
 672 0018 3E       		.uleb128 0x3e
 673 0019 0B       		.uleb128 0xb
 674 001a 03       		.uleb128 0x3
 675 001b 08       		.uleb128 0x8
 676 001c 00       		.byte	0
 677 001d 00       		.byte	0
 678 001e 03       		.uleb128 0x3
 679 001f 24       		.uleb128 0x24
 680 0020 00       		.byte	0
 681 0021 0B       		.uleb128 0xb
 682 0022 0B       		.uleb128 0xb
 683 0023 3E       		.uleb128 0x3e
 684 0024 0B       		.uleb128 0xb
 685 0025 03       		.uleb128 0x3
 686 0026 0E       		.uleb128 0xe
 687 0027 00       		.byte	0
 688 0028 00       		.byte	0
 689 0029 04       		.uleb128 0x4
 690 002a 39       		.uleb128 0x39
 691 002b 01       		.byte	0x1
 692 002c 03       		.uleb128 0x3
 693 002d 08       		.uleb128 0x8
 694 002e 3A       		.uleb128 0x3a
 695 002f 0B       		.uleb128 0xb
 696 0030 3B       		.uleb128 0x3b
 697 0031 0B       		.uleb128 0xb
 698 0032 01       		.uleb128 0x1
 699 0033 13       		.uleb128 0x13
 700 0034 00       		.byte	0
 701 0035 00       		.byte	0
 702 0036 05       		.uleb128 0x5
 703 0037 02       		.uleb128 0x2
 704 0038 01       		.byte	0x1
 705 0039 03       		.uleb128 0x3
 706 003a 0E       		.uleb128 0xe
 707 003b 0B       		.uleb128 0xb
 708 003c 0B       		.uleb128 0xb
 709 003d 3A       		.uleb128 0x3a
 710 003e 0B       		.uleb128 0xb
 711 003f 3B       		.uleb128 0x3b
 712 0040 0B       		.uleb128 0xb
 713 0041 01       		.uleb128 0x1
 714 0042 13       		.uleb128 0x13
 715 0043 00       		.byte	0
 716 0044 00       		.byte	0
 717 0045 06       		.uleb128 0x6
ARM GAS  C:\DOCUME~1\Chuck\LOCALS~1\Temp\ccF5knaO.s 			page 15


 718 0046 0D       		.uleb128 0xd
 719 0047 00       		.byte	0
 720 0048 03       		.uleb128 0x3
 721 0049 08       		.uleb128 0x8
 722 004a 3A       		.uleb128 0x3a
 723 004b 0B       		.uleb128 0xb
 724 004c 3B       		.uleb128 0x3b
 725 004d 0B       		.uleb128 0xb
 726 004e 49       		.uleb128 0x49
 727 004f 13       		.uleb128 0x13
 728 0050 38       		.uleb128 0x38
 729 0051 0B       		.uleb128 0xb
 730 0052 32       		.uleb128 0x32
 731 0053 0B       		.uleb128 0xb
 732 0054 00       		.byte	0
 733 0055 00       		.byte	0
 734 0056 07       		.uleb128 0x7
 735 0057 0D       		.uleb128 0xd
 736 0058 00       		.byte	0
 737 0059 03       		.uleb128 0x3
 738 005a 0E       		.uleb128 0xe
 739 005b 3A       		.uleb128 0x3a
 740 005c 0B       		.uleb128 0xb
 741 005d 3B       		.uleb128 0x3b
 742 005e 0B       		.uleb128 0xb
 743 005f 49       		.uleb128 0x49
 744 0060 13       		.uleb128 0x13
 745 0061 38       		.uleb128 0x38
 746 0062 0B       		.uleb128 0xb
 747 0063 32       		.uleb128 0x32
 748 0064 0B       		.uleb128 0xb
 749 0065 00       		.byte	0
 750 0066 00       		.byte	0
 751 0067 08       		.uleb128 0x8
 752 0068 2E       		.uleb128 0x2e
 753 0069 01       		.byte	0x1
 754 006a 3F       		.uleb128 0x3f
 755 006b 19       		.uleb128 0x19
 756 006c 03       		.uleb128 0x3
 757 006d 0E       		.uleb128 0xe
 758 006e 3A       		.uleb128 0x3a
 759 006f 0B       		.uleb128 0xb
 760 0070 3B       		.uleb128 0x3b
 761 0071 0B       		.uleb128 0xb
 762 0072 49       		.uleb128 0x49
 763 0073 13       		.uleb128 0x13
 764 0074 32       		.uleb128 0x32
 765 0075 0B       		.uleb128 0xb
 766 0076 3C       		.uleb128 0x3c
 767 0077 19       		.uleb128 0x19
 768 0078 64       		.uleb128 0x64
 769 0079 13       		.uleb128 0x13
 770 007a 01       		.uleb128 0x1
 771 007b 13       		.uleb128 0x13
 772 007c 00       		.byte	0
 773 007d 00       		.byte	0
 774 007e 09       		.uleb128 0x9
ARM GAS  C:\DOCUME~1\Chuck\LOCALS~1\Temp\ccF5knaO.s 			page 16


 775 007f 05       		.uleb128 0x5
 776 0080 00       		.byte	0
 777 0081 49       		.uleb128 0x49
 778 0082 13       		.uleb128 0x13
 779 0083 34       		.uleb128 0x34
 780 0084 19       		.uleb128 0x19
 781 0085 00       		.byte	0
 782 0086 00       		.byte	0
 783 0087 0A       		.uleb128 0xa
 784 0088 05       		.uleb128 0x5
 785 0089 00       		.byte	0
 786 008a 49       		.uleb128 0x49
 787 008b 13       		.uleb128 0x13
 788 008c 00       		.byte	0
 789 008d 00       		.byte	0
 790 008e 0B       		.uleb128 0xb
 791 008f 2E       		.uleb128 0x2e
 792 0090 01       		.byte	0x1
 793 0091 3F       		.uleb128 0x3f
 794 0092 19       		.uleb128 0x19
 795 0093 03       		.uleb128 0x3
 796 0094 0E       		.uleb128 0xe
 797 0095 3A       		.uleb128 0x3a
 798 0096 0B       		.uleb128 0xb
 799 0097 3B       		.uleb128 0x3b
 800 0098 0B       		.uleb128 0xb
 801 0099 6E       		.uleb128 0x6e
 802 009a 0E       		.uleb128 0xe
 803 009b 49       		.uleb128 0x49
 804 009c 13       		.uleb128 0x13
 805 009d 32       		.uleb128 0x32
 806 009e 0B       		.uleb128 0xb
 807 009f 3C       		.uleb128 0x3c
 808 00a0 19       		.uleb128 0x19
 809 00a1 64       		.uleb128 0x64
 810 00a2 13       		.uleb128 0x13
 811 00a3 01       		.uleb128 0x1
 812 00a4 13       		.uleb128 0x13
 813 00a5 00       		.byte	0
 814 00a6 00       		.byte	0
 815 00a7 0C       		.uleb128 0xc
 816 00a8 2E       		.uleb128 0x2e
 817 00a9 01       		.byte	0x1
 818 00aa 3F       		.uleb128 0x3f
 819 00ab 19       		.uleb128 0x19
 820 00ac 03       		.uleb128 0x3
 821 00ad 0E       		.uleb128 0xe
 822 00ae 3A       		.uleb128 0x3a
 823 00af 0B       		.uleb128 0xb
 824 00b0 3B       		.uleb128 0x3b
 825 00b1 0B       		.uleb128 0xb
 826 00b2 6E       		.uleb128 0x6e
 827 00b3 0E       		.uleb128 0xe
 828 00b4 32       		.uleb128 0x32
 829 00b5 0B       		.uleb128 0xb
 830 00b6 3C       		.uleb128 0x3c
 831 00b7 19       		.uleb128 0x19
ARM GAS  C:\DOCUME~1\Chuck\LOCALS~1\Temp\ccF5knaO.s 			page 17


 832 00b8 64       		.uleb128 0x64
 833 00b9 13       		.uleb128 0x13
 834 00ba 01       		.uleb128 0x1
 835 00bb 13       		.uleb128 0x13
 836 00bc 00       		.byte	0
 837 00bd 00       		.byte	0
 838 00be 0D       		.uleb128 0xd
 839 00bf 2E       		.uleb128 0x2e
 840 00c0 01       		.byte	0x1
 841 00c1 3F       		.uleb128 0x3f
 842 00c2 19       		.uleb128 0x19
 843 00c3 03       		.uleb128 0x3
 844 00c4 0E       		.uleb128 0xe
 845 00c5 3A       		.uleb128 0x3a
 846 00c6 0B       		.uleb128 0xb
 847 00c7 3B       		.uleb128 0x3b
 848 00c8 0B       		.uleb128 0xb
 849 00c9 6E       		.uleb128 0x6e
 850 00ca 0E       		.uleb128 0xe
 851 00cb 49       		.uleb128 0x49
 852 00cc 13       		.uleb128 0x13
 853 00cd 32       		.uleb128 0x32
 854 00ce 0B       		.uleb128 0xb
 855 00cf 3C       		.uleb128 0x3c
 856 00d0 19       		.uleb128 0x19
 857 00d1 64       		.uleb128 0x64
 858 00d2 13       		.uleb128 0x13
 859 00d3 00       		.byte	0
 860 00d4 00       		.byte	0
 861 00d5 0E       		.uleb128 0xe
 862 00d6 26       		.uleb128 0x26
 863 00d7 00       		.byte	0
 864 00d8 49       		.uleb128 0x49
 865 00d9 13       		.uleb128 0x13
 866 00da 00       		.byte	0
 867 00db 00       		.byte	0
 868 00dc 0F       		.uleb128 0xf
 869 00dd 2E       		.uleb128 0x2e
 870 00de 01       		.byte	0x1
 871 00df 3F       		.uleb128 0x3f
 872 00e0 19       		.uleb128 0x19
 873 00e1 03       		.uleb128 0x3
 874 00e2 0E       		.uleb128 0xe
 875 00e3 3A       		.uleb128 0x3a
 876 00e4 0B       		.uleb128 0xb
 877 00e5 3B       		.uleb128 0x3b
 878 00e6 0B       		.uleb128 0xb
 879 00e7 6E       		.uleb128 0x6e
 880 00e8 0E       		.uleb128 0xe
 881 00e9 3C       		.uleb128 0x3c
 882 00ea 19       		.uleb128 0x19
 883 00eb 00       		.byte	0
 884 00ec 00       		.byte	0
 885 00ed 10       		.uleb128 0x10
 886 00ee 0F       		.uleb128 0xf
 887 00ef 00       		.byte	0
 888 00f0 0B       		.uleb128 0xb
ARM GAS  C:\DOCUME~1\Chuck\LOCALS~1\Temp\ccF5knaO.s 			page 18


 889 00f1 0B       		.uleb128 0xb
 890 00f2 49       		.uleb128 0x49
 891 00f3 13       		.uleb128 0x13
 892 00f4 00       		.byte	0
 893 00f5 00       		.byte	0
 894 00f6 11       		.uleb128 0x11
 895 00f7 10       		.uleb128 0x10
 896 00f8 00       		.byte	0
 897 00f9 0B       		.uleb128 0xb
 898 00fa 0B       		.uleb128 0xb
 899 00fb 49       		.uleb128 0x49
 900 00fc 13       		.uleb128 0x13
 901 00fd 00       		.byte	0
 902 00fe 00       		.byte	0
 903 00ff 12       		.uleb128 0x12
 904 0100 2E       		.uleb128 0x2e
 905 0101 01       		.byte	0x1
 906 0102 47       		.uleb128 0x47
 907 0103 13       		.uleb128 0x13
 908 0104 11       		.uleb128 0x11
 909 0105 01       		.uleb128 0x1
 910 0106 12       		.uleb128 0x12
 911 0107 06       		.uleb128 0x6
 912 0108 40       		.uleb128 0x40
 913 0109 18       		.uleb128 0x18
 914 010a 9742     		.uleb128 0x2117
 915 010c 19       		.uleb128 0x19
 916 010d 01       		.uleb128 0x1
 917 010e 13       		.uleb128 0x13
 918 010f 00       		.byte	0
 919 0110 00       		.byte	0
 920 0111 13       		.uleb128 0x13
 921 0112 05       		.uleb128 0x5
 922 0113 00       		.byte	0
 923 0114 03       		.uleb128 0x3
 924 0115 08       		.uleb128 0x8
 925 0116 3A       		.uleb128 0x3a
 926 0117 0B       		.uleb128 0xb
 927 0118 3B       		.uleb128 0x3b
 928 0119 0B       		.uleb128 0xb
 929 011a 49       		.uleb128 0x49
 930 011b 13       		.uleb128 0x13
 931 011c 02       		.uleb128 0x2
 932 011d 18       		.uleb128 0x18
 933 011e 00       		.byte	0
 934 011f 00       		.byte	0
 935 0120 14       		.uleb128 0x14
 936 0121 05       		.uleb128 0x5
 937 0122 00       		.byte	0
 938 0123 03       		.uleb128 0x3
 939 0124 0E       		.uleb128 0xe
 940 0125 3A       		.uleb128 0x3a
 941 0126 0B       		.uleb128 0xb
 942 0127 3B       		.uleb128 0x3b
 943 0128 0B       		.uleb128 0xb
 944 0129 49       		.uleb128 0x49
 945 012a 13       		.uleb128 0x13
ARM GAS  C:\DOCUME~1\Chuck\LOCALS~1\Temp\ccF5knaO.s 			page 19


 946 012b 02       		.uleb128 0x2
 947 012c 18       		.uleb128 0x18
 948 012d 00       		.byte	0
 949 012e 00       		.byte	0
 950 012f 15       		.uleb128 0x15
 951 0130 0B       		.uleb128 0xb
 952 0131 01       		.byte	0x1
 953 0132 11       		.uleb128 0x11
 954 0133 01       		.uleb128 0x1
 955 0134 12       		.uleb128 0x12
 956 0135 06       		.uleb128 0x6
 957 0136 00       		.byte	0
 958 0137 00       		.byte	0
 959 0138 16       		.uleb128 0x16
 960 0139 34       		.uleb128 0x34
 961 013a 00       		.byte	0
 962 013b 03       		.uleb128 0x3
 963 013c 0E       		.uleb128 0xe
 964 013d 3A       		.uleb128 0x3a
 965 013e 0B       		.uleb128 0xb
 966 013f 3B       		.uleb128 0x3b
 967 0140 0B       		.uleb128 0xb
 968 0141 49       		.uleb128 0x49
 969 0142 13       		.uleb128 0x13
 970 0143 02       		.uleb128 0x2
 971 0144 18       		.uleb128 0x18
 972 0145 00       		.byte	0
 973 0146 00       		.byte	0
 974 0147 17       		.uleb128 0x17
 975 0148 2E       		.uleb128 0x2e
 976 0149 01       		.byte	0x1
 977 014a 47       		.uleb128 0x47
 978 014b 13       		.uleb128 0x13
 979 014c 3A       		.uleb128 0x3a
 980 014d 0B       		.uleb128 0xb
 981 014e 11       		.uleb128 0x11
 982 014f 01       		.uleb128 0x1
 983 0150 12       		.uleb128 0x12
 984 0151 06       		.uleb128 0x6
 985 0152 40       		.uleb128 0x40
 986 0153 18       		.uleb128 0x18
 987 0154 64       		.uleb128 0x64
 988 0155 13       		.uleb128 0x13
 989 0156 9642     		.uleb128 0x2116
 990 0158 19       		.uleb128 0x19
 991 0159 01       		.uleb128 0x1
 992 015a 13       		.uleb128 0x13
 993 015b 00       		.byte	0
 994 015c 00       		.byte	0
 995 015d 18       		.uleb128 0x18
 996 015e 05       		.uleb128 0x5
 997 015f 00       		.byte	0
 998 0160 03       		.uleb128 0x3
 999 0161 0E       		.uleb128 0xe
 1000 0162 49       		.uleb128 0x49
 1001 0163 13       		.uleb128 0x13
 1002 0164 34       		.uleb128 0x34
ARM GAS  C:\DOCUME~1\Chuck\LOCALS~1\Temp\ccF5knaO.s 			page 20


 1003 0165 19       		.uleb128 0x19
 1004 0166 02       		.uleb128 0x2
 1005 0167 18       		.uleb128 0x18
 1006 0168 00       		.byte	0
 1007 0169 00       		.byte	0
 1008 016a 19       		.uleb128 0x19
 1009 016b 2E       		.uleb128 0x2e
 1010 016c 01       		.byte	0x1
 1011 016d 47       		.uleb128 0x47
 1012 016e 13       		.uleb128 0x13
 1013 016f 3A       		.uleb128 0x3a
 1014 0170 0B       		.uleb128 0xb
 1015 0171 3B       		.uleb128 0x3b
 1016 0172 0B       		.uleb128 0xb
 1017 0173 11       		.uleb128 0x11
 1018 0174 01       		.uleb128 0x1
 1019 0175 12       		.uleb128 0x12
 1020 0176 06       		.uleb128 0x6
 1021 0177 40       		.uleb128 0x40
 1022 0178 18       		.uleb128 0x18
 1023 0179 64       		.uleb128 0x64
 1024 017a 13       		.uleb128 0x13
 1025 017b 9642     		.uleb128 0x2116
 1026 017d 19       		.uleb128 0x19
 1027 017e 01       		.uleb128 0x1
 1028 017f 13       		.uleb128 0x13
 1029 0180 00       		.byte	0
 1030 0181 00       		.byte	0
 1031 0182 1A       		.uleb128 0x1a
 1032 0183 2E       		.uleb128 0x2e
 1033 0184 01       		.byte	0x1
 1034 0185 47       		.uleb128 0x47
 1035 0186 13       		.uleb128 0x13
 1036 0187 3A       		.uleb128 0x3a
 1037 0188 0B       		.uleb128 0xb
 1038 0189 3B       		.uleb128 0x3b
 1039 018a 0B       		.uleb128 0xb
 1040 018b 11       		.uleb128 0x11
 1041 018c 01       		.uleb128 0x1
 1042 018d 12       		.uleb128 0x12
 1043 018e 06       		.uleb128 0x6
 1044 018f 40       		.uleb128 0x40
 1045 0190 18       		.uleb128 0x18
 1046 0191 64       		.uleb128 0x64
 1047 0192 13       		.uleb128 0x13
 1048 0193 9642     		.uleb128 0x2116
 1049 0195 19       		.uleb128 0x19
 1050 0196 00       		.byte	0
 1051 0197 00       		.byte	0
 1052 0198 00       		.byte	0
 1053              		.section	.debug_aranges,"",%progbits
 1054 0000 34000000 		.4byte	0x34
 1055 0004 0200     		.2byte	0x2
 1056 0006 00000000 		.4byte	.Ldebug_info0
 1057 000a 04       		.byte	0x4
 1058 000b 00       		.byte	0
 1059 000c 0000     		.2byte	0
ARM GAS  C:\DOCUME~1\Chuck\LOCALS~1\Temp\ccF5knaO.s 			page 21


 1060 000e 0000     		.2byte	0
 1061 0010 00000000 		.4byte	.LFB8
 1062 0014 60000000 		.4byte	.LFE8-.LFB8
 1063 0018 00000000 		.4byte	.LFB9
 1064 001c 3E000000 		.4byte	.LFE9-.LFB9
 1065 0020 00000000 		.4byte	.LFB10
 1066 0024 3E000000 		.4byte	.LFE10-.LFB10
 1067 0028 00000000 		.4byte	.LFB11
 1068 002c 7C000000 		.4byte	.LFE11-.LFB11
 1069 0030 00000000 		.4byte	0
 1070 0034 00000000 		.4byte	0
 1071              		.section	.debug_ranges,"",%progbits
 1072              	.Ldebug_ranges0:
 1073 0000 00000000 		.4byte	.LFB8
 1074 0004 60000000 		.4byte	.LFE8
 1075 0008 00000000 		.4byte	.LFB9
 1076 000c 3E000000 		.4byte	.LFE9
 1077 0010 00000000 		.4byte	.LFB10
 1078 0014 3E000000 		.4byte	.LFE10
 1079 0018 00000000 		.4byte	.LFB11
 1080 001c 7C000000 		.4byte	.LFE11
 1081 0020 00000000 		.4byte	0
 1082 0024 00000000 		.4byte	0
 1083              		.section	.debug_line,"",%progbits
 1084              	.Ldebug_line0:
 1085 0000 B3000000 		.section	.debug_str,"MS",%progbits,1
 1085      02004900 
 1085      00000201 
 1085      FB0E0D00 
 1085      01010101 
 1086              	.LASF32:
 1087 0000 433A5C44 		.ascii	"C:\\Documents and Settings\\Chuck\\My Documents\\PS"
 1087      6F63756D 
 1087      656E7473 
 1087      20616E64 
 1087      20536574 
 1088 002f 6F432043 		.ascii	"oC Creator\\RosOnAStick\\RosOnAStick.cydsn\000"
 1088      72656174 
 1088      6F725C52 
 1088      6F734F6E 
 1088      41537469 
 1089              	.LASF15:
 1090 0058 44757261 		.ascii	"Duration\000"
 1090      74696F6E 
 1090      00
 1091              	.LASF27:
 1092 0061 7365635F 		.ascii	"sec_part\000"
 1092      70617274 
 1092      00
 1093              	.LASF23:
 1094 006a 6F706572 		.ascii	"operator*=\000"
 1094      61746F72 
 1094      2A3D00
 1095              	.LASF30:
 1096 0075 474E5520 		.ascii	"GNU C++ 4.8.4 20140526 (release) [ARM/embedded-4_8-"
 1096      432B2B20 
 1096      342E382E 
ARM GAS  C:\DOCUME~1\Chuck\LOCALS~1\Temp\ccF5knaO.s 			page 22


 1096      34203230 
 1096      31343035 
 1097 00a8 6272616E 		.ascii	"branch revision 211358] -mcpu=cortex-m0 -mthumb -g "
 1097      63682072 
 1097      65766973 
 1097      696F6E20 
 1097      32313133 
 1098 00db 2D4F3020 		.ascii	"-O0 -ffunction-sections -fno-rtti -fno-exceptions -"
 1098      2D666675 
 1098      6E637469 
 1098      6F6E2D73 
 1098      65637469 
 1099 010e 66756E73 		.ascii	"funsigned-char -funsigned-bitfields -fshort-enums\000"
 1099      69676E65 
 1099      642D6368 
 1099      6172202D 
 1099      66756E73 
 1100              	.LASF24:
 1101 0140 5F5A4E33 		.ascii	"_ZN3ros8Duration7fromSecEd\000"
 1101      726F7338 
 1101      44757261 
 1101      74696F6E 
 1101      3766726F 
 1102              	.LASF29:
 1103 015b 7363616C 		.ascii	"scale\000"
 1103      6500
 1104              	.LASF16:
 1105 0161 66726F6D 		.ascii	"fromSec\000"
 1105      53656300 
 1106              	.LASF25:
 1107 0169 5F5A4E33 		.ascii	"_ZN3ros8DurationmLEd\000"
 1107      726F7338 
 1107      44757261 
 1107      74696F6E 
 1107      6D4C4564 
 1108              	.LASF28:
 1109 017e 74686973 		.ascii	"this\000"
 1109      00
 1110              	.LASF6:
 1111 0183 6C6F6E67 		.ascii	"long unsigned int\000"
 1111      20756E73 
 1111      69676E65 
 1111      6420696E 
 1111      7400
 1112              	.LASF4:
 1113 0195 73686F72 		.ascii	"short unsigned int\000"
 1113      7420756E 
 1113      7369676E 
 1113      65642069 
 1113      6E7400
 1114              	.LASF26:
 1115 01a8 6E736563 		.ascii	"nsec_part\000"
 1115      5F706172 
 1115      7400
 1116              	.LASF11:
 1117 01b2 646F7562 		.ascii	"double\000"
 1117      6C6500
ARM GAS  C:\DOCUME~1\Chuck\LOCALS~1\Temp\ccF5knaO.s 			page 23


 1118              	.LASF17:
 1119 01b9 746F5365 		.ascii	"toSec\000"
 1119      6300
 1120              	.LASF20:
 1121 01bf 5F5A4E33 		.ascii	"_ZN3ros8DurationpLERKS0_\000"
 1121      726F7338 
 1121      44757261 
 1121      74696F6E 
 1121      704C4552 
 1122              	.LASF2:
 1123 01d8 756E7369 		.ascii	"unsigned char\000"
 1123      676E6564 
 1123      20636861 
 1123      7200
 1124              	.LASF0:
 1125 01e6 756E7369 		.ascii	"unsigned int\000"
 1125      676E6564 
 1125      20696E74 
 1125      00
 1126              	.LASF33:
 1127 01f3 6E6F726D 		.ascii	"normalizeSecNSecSigned\000"
 1127      616C697A 
 1127      65536563 
 1127      4E536563 
 1127      5369676E 
 1128              	.LASF8:
 1129 020a 6C6F6E67 		.ascii	"long long unsigned int\000"
 1129      206C6F6E 
 1129      6720756E 
 1129      7369676E 
 1129      65642069 
 1130              	.LASF18:
 1131 0221 6F706572 		.ascii	"operator+=\000"
 1131      61746F72 
 1131      2B3D00
 1132              	.LASF21:
 1133 022c 6F706572 		.ascii	"operator-=\000"
 1133      61746F72 
 1133      2D3D00
 1134              	.LASF9:
 1135 0237 73697A65 		.ascii	"sizetype\000"
 1135      74797065 
 1135      00
 1136              	.LASF7:
 1137 0240 6C6F6E67 		.ascii	"long long int\000"
 1137      206C6F6E 
 1137      6720696E 
 1137      7400
 1138              	.LASF14:
 1139 024e 6E736563 		.ascii	"nsec\000"
 1139      00
 1140              	.LASF3:
 1141 0253 73686F72 		.ascii	"short int\000"
 1141      7420696E 
 1141      7400
 1142              	.LASF22:
 1143 025d 5F5A4E33 		.ascii	"_ZN3ros8DurationmIERKS0_\000"
ARM GAS  C:\DOCUME~1\Chuck\LOCALS~1\Temp\ccF5knaO.s 			page 24


 1143      726F7338 
 1143      44757261 
 1143      74696F6E 
 1143      6D494552 
 1144              	.LASF5:
 1145 0276 6C6F6E67 		.ascii	"long int\000"
 1145      20696E74 
 1145      00
 1146              	.LASF10:
 1147 027f 63686172 		.ascii	"char\000"
 1147      00
 1148              	.LASF13:
 1149 0284 6C6F6E67 		.ascii	"long double\000"
 1149      20646F75 
 1149      626C6500 
 1150              	.LASF12:
 1151 0290 666C6F61 		.ascii	"float\000"
 1151      7400
 1152              	.LASF1:
 1153 0296 7369676E 		.ascii	"signed char\000"
 1153      65642063 
 1153      68617200 
 1154              	.LASF31:
 1155 02a2 2E5C726F 		.ascii	".\\ros_lib\\duration.cpp\000"
 1155      735F6C69 
 1155      625C6475 
 1155      72617469 
 1155      6F6E2E63 
 1156              	.LASF34:
 1157 02b9 5F5A4E33 		.ascii	"_ZN3ros22normalizeSecNSecSignedERlS0_\000"
 1157      726F7332 
 1157      326E6F72 
 1157      6D616C69 
 1157      7A655365 
 1158              	.LASF19:
 1159 02df 5F5A4E4B 		.ascii	"_ZNK3ros8Duration5toSecEv\000"
 1159      33726F73 
 1159      38447572 
 1159      6174696F 
 1159      6E35746F 
 1160              		.ident	"GCC: (GNU Tools for ARM Embedded Processors) 4.8.4 20140526 (release) [ARM/embedded-4_8-br
