--------------- Rebuild Started: 02/20/2015 01:43:49 Project: RosOnAStick, Configuration: ARM GCC 4.8.4 Debug ---------------
Deleting file ".\CortexM0\ARM_GCC_484\Debug\main.o"
Deleting file ".\CortexM0\ARM_GCC_484\Debug\Uarts.o"
Deleting file ".\CortexM0\ARM_GCC_484\Debug\cxxabi-compat.o"
Deleting file ".\CortexM0\ARM_GCC_484\Debug\duration.o"
Deleting file ".\CortexM0\ARM_GCC_484\Debug\init.o"
Deleting file ".\CortexM0\ARM_GCC_484\Debug\isnprintf.o"
Deleting file ".\CortexM0\ARM_GCC_484\Debug\SysTimer.o"
Deleting file ".\CortexM0\ARM_GCC_484\Debug\time.o"
Deleting file ".\CortexM0\ARM_GCC_484\Debug\ADC.o"
Deleting file ".\CortexM0\ARM_GCC_484\Debug\Blink.o"
Deleting file ".\CortexM0\ARM_GCC_484\Debug\HelloWorld.o"
Deleting file ".\CortexM0\ARM_GCC_484\Debug\button_example.o"
Deleting file ".\CortexM0\ARM_GCC_484\Debug\ServoControl.o"
Deleting file ".\CortexM0\ARM_GCC_484\Debug\Encoder.o"
Deleting file ".\CortexM0\ARM_GCC_484\Debug\StepperControl.o"
Deleting file ".\CortexM0\ARM_GCC_484\Debug\capsense_button.o"
Deleting file ".\CortexM0\ARM_GCC_484\Debug\UpDownCount.o"
Deleting file ".\CortexM0\ARM_GCC_484\Debug\cyfitter_cfg.o"
Deleting file ".\CortexM0\ARM_GCC_484\Debug\cybootloader.o"
Deleting file ".\CortexM0\ARM_GCC_484\Debug\cymetadata.o"
Deleting file ".\CortexM0\ARM_GCC_484\Debug\Bootloadable.o"
Deleting file ".\CortexM0\ARM_GCC_484\Debug\ROSSerial_UART_Clock.o"
Deleting file ".\CortexM0\ARM_GCC_484\Debug\ROSSerial_UART.o"
Deleting file ".\CortexM0\ARM_GCC_484\Debug\ROSSerial_UART_SPI_UART.o"
Deleting file ".\CortexM0\ARM_GCC_484\Debug\ROSSerial_UART_SPI_UART_INT.o"
Deleting file ".\CortexM0\ARM_GCC_484\Debug\ROSSerial_UART_PM.o"
Deleting file ".\CortexM0\ARM_GCC_484\Debug\ROSSerial_UART_UART.o"
Deleting file ".\CortexM0\ARM_GCC_484\Debug\ROSSerial_UART_BOOT.o"
Deleting file ".\CortexM0\ARM_GCC_484\Debug\ROSSerial_UART_UART_BOOT.o"
Deleting file ".\CortexM0\ARM_GCC_484\Debug\P1_6.o"
Deleting file ".\CortexM0\ARM_GCC_484\Debug\Port0.o"
Deleting file ".\CortexM0\ARM_GCC_484\Debug\ADC_SAR_SEQ.o"
Deleting file ".\CortexM0\ARM_GCC_484\Debug\ADC_SAR_SEQ_PM.o"
Deleting file ".\CortexM0\ARM_GCC_484\Debug\ADC_SAR_SEQ_INT.o"
Deleting file ".\CortexM0\ARM_GCC_484\Debug\PWM_1.o"
Deleting file ".\CortexM0\ARM_GCC_484\Debug\PWM_1_PM.o"
Deleting file ".\CortexM0\ARM_GCC_484\Debug\QuadDec_1.o"
Deleting file ".\CortexM0\ARM_GCC_484\Debug\QuadDec_1_PM.o"
Deleting file ".\CortexM0\ARM_GCC_484\Debug\PWM_Pin.o"
Deleting file ".\CortexM0\ARM_GCC_484\Debug\Quad_In_A.o"
Deleting file ".\CortexM0\ARM_GCC_484\Debug\Quad_In_B.o"
Deleting file ".\CortexM0\ARM_GCC_484\Debug\Quad_Clock.o"
Deleting file ".\CortexM0\ARM_GCC_484\Debug\PWM_Clock.o"
Deleting file ".\CortexM0\ARM_GCC_484\Debug\Step_A_N.o"
Deleting file ".\CortexM0\ARM_GCC_484\Debug\Step_A_P.o"
Deleting file ".\CortexM0\ARM_GCC_484\Debug\Step_B_N.o"
Deleting file ".\CortexM0\ARM_GCC_484\Debug\CapSense.o"
Deleting file ".\CortexM0\ARM_GCC_484\Debug\CapSense_PM.o"
Deleting file ".\CortexM0\ARM_GCC_484\Debug\CapSense_CSHL.o"
Deleting file ".\CortexM0\ARM_GCC_484\Debug\CapSense_INT.o"
Deleting file ".\CortexM0\ARM_GCC_484\Debug\CapSense_TunerHelper.o"
Deleting file ".\CortexM0\ARM_GCC_484\Debug\CapSense_SMS.o"
Deleting file ".\CortexM0\ARM_GCC_484\Debug\Stepper_Control.o"
Deleting file ".\CortexM0\ARM_GCC_484\Debug\Step_B_P.o"
Deleting file ".\CortexM0\ARM_GCC_484\Debug\ROSSerial_UART_tx.o"
Deleting file ".\CortexM0\ARM_GCC_484\Debug\ROSSerial_UART_rx.o"
Deleting file ".\CortexM0\ARM_GCC_484\Debug\ADC_SAR_SEQ_intClock.o"
Deleting file ".\CortexM0\ARM_GCC_484\Debug\ADC_SAR_SEQ_IRQ.o"
Deleting file ".\CortexM0\ARM_GCC_484\Debug\CapSense_SampleClk.o"
Deleting file ".\CortexM0\ARM_GCC_484\Debug\CapSense_Sns.o"
Deleting file ".\CortexM0\ARM_GCC_484\Debug\CapSense_SenseClk.o"
Deleting file ".\CortexM0\ARM_GCC_484\Debug\Cm0Start.o"
Deleting file ".\CortexM0\ARM_GCC_484\Debug\CyBootAsmGnu.o"
Deleting file ".\CortexM0\ARM_GCC_484\Debug\CyFlash.o"
Deleting file ".\CortexM0\ARM_GCC_484\Debug\CyLib.o"
Deleting file ".\CortexM0\ARM_GCC_484\Debug\cyPm.o"
Deleting file ".\CortexM0\ARM_GCC_484\Debug\cyutils.o"
Deleting file ".\CortexM0\ARM_GCC_484\Debug\UpDown.o"
Deleting file ".\CortexM0\ARM_GCC_484\Debug\UpDown_PM.o"
Deleting file ".\CortexM0\ARM_GCC_484\Debug\UD_Ref.o"
Deleting file ".\CortexM0\ARM_GCC_484\Debug\UD_Signal.o"
Deleting file ".\CortexM0\ARM_GCC_484\Debug\Transimpedance.o"
Deleting file ".\CortexM0\ARM_GCC_484\Debug\Transimpedance_PM.o"
Deleting file ".\CortexM0\ARM_GCC_484\Debug\Sum_node.o"
Deleting file ".\CortexM0\ARM_GCC_484\Debug\Feedback.o"
Deleting file ".\CortexM0\ARM_GCC_484\Debug\Agnd.o"
Deleting file ".\CortexM0\ARM_GCC_484\Debug\RosOnAStick.map"
Deleting file ".\RosOnAStick.cycdx"
Deleting file ".\RosOnAStick.svd"
Deleting file ".\RosOnAStick.rpt"
Deleting file ".\RosOnAStick_timing.html"
Deleting file ".\CortexM0\ARM_GCC_484\Debug\.deps\C_FILE.P"
Deleting file ".\CortexM0\ARM_GCC_484\Debug\.deps\ARM_C_FILE.P"
Deleting file ".\CortexM0\ARM_GCC_484\Debug\.deps\GNU_ARM_ASM_FILE.P"
cydsfit.exe -.appdatapath "C:\Documents and Settings\Chuck\Local Settings\Application Data\Cypress Semiconductor\PSoC Creator\3.1" -.fdsnotice -.fdswarpdepfile=warp_dependencies.txt -.fdselabdepfile=elab_dependencies.txt -.fdsbldfile=generated_files.txt -p "C:\Documents and Settings\Chuck\My Documents\PSoC Creator\RosOnAStick\RosOnAStick.cydsn\RosOnAStick.cyprj" -d CY8C4245AXI-483 -s "C:\Documents and Settings\Chuck\My Documents\PSoC Creator\RosOnAStick\RosOnAStick.cydsn\Generated_Source\PSoC4" -- -yv2 -q10 -ygs -o2 -v3 -.fftcfgtype=LE
Elaborating Design...
ADD: sdb.M0060: warning: Warning in component: cy_boot. CY_BOOT: Versions of the cy_boot component prior to v4.20 may exhibit a defect where PSoC 4100/PSoC 4200 devices cannot wake from the Deep-Sleep state. It is recommended that you upgrade your cy_boot component version to v4.20.
ADD: pft.M0111: information: One or more rows of flash have been configured to be protected; however, debugging has been enabled in the System DWR Editor. This means that while write restrictions are honored flash rows can still be read via SWD or JTAG. To prevent any ability to read the flash rows, disable debugging in the System DWR Editor.
 * C:\Documents and Settings\Chuck\My Documents\PSoC Creator\RosOnAStick\RosOnAStick.cydsn\RosOnAStick.cydwr (Chip Protection)
ADD: sdb.M0061: information: Info from component: ADC_SAR_SEQ. The actual sample rate (148148 SPS) differs from the desired sample rate (166666 SPS) due to the clock configuration in the DWR.
 * C:\Documents and Settings\Chuck\My Documents\PSoC Creator\RosOnAStick\RosOnAStick.cydsn\TopDesign\TopDesign.cysch (Instance:ADC_SAR_SEQ)
HDL Generation ...
Synthesis ...
Place and Route ...
Tech mapping ...
Analog Placement ...
Analog Routing ...
Analog Code Generation ...
Digital Placement ...
Digital Routing ...
Bitstream Generation ...
Static timing analysis ...
API Generation ...
Dependency Generation ...
Clean Temporary Files ...
arm-none-eabi-gcc.exe -mcpu=cortex-m0 -mthumb -Wno-main -I. -I.\Generated_Source\PSoC4 -Wa,-alh=.\CortexM0\ARM_GCC_484\Debug/main.lst -g -D DEBUG -Wall -ffunction-sections -O0 -fno-rtti -fno-exceptions -funsigned-char -funsigned-bitfields -fshort-enums -I./ros_lib -c .\main.cpp -o .\CortexM0\ARM_GCC_484\Debug\main.o
arm-none-eabi-gcc.exe -mcpu=cortex-m0 -mthumb -Wno-main -I. -I.\Generated_Source\PSoC4 -Wa,-alh=.\CortexM0\ARM_GCC_484\Debug/Uarts.lst -g -D DEBUG -Wall -ffunction-sections -O0 -fno-rtti -fno-exceptions -funsigned-char -funsigned-bitfields -fshort-enums -I./ros_lib -c .\ros_lib\Uarts.cpp -o .\CortexM0\ARM_GCC_484\Debug\Uarts.o
arm-none-eabi-gcc.exe -mcpu=cortex-m0 -mthumb -Wno-main -I. -I.\Generated_Source\PSoC4 -Wa,-alh=.\CortexM0\ARM_GCC_484\Debug/cxxabi-compat.lst -g -D DEBUG -Wall -ffunction-sections -O0 -fno-rtti -fno-exceptions -funsigned-char -funsigned-bitfields -fshort-enums -I./ros_lib -c .\ros_lib\cxxabi-compat.cpp -o .\CortexM0\ARM_GCC_484\Debug\cxxabi-compat.o
arm-none-eabi-gcc.exe -mcpu=cortex-m0 -mthumb -Wno-main -I. -I.\Generated_Source\PSoC4 -Wa,-alh=.\CortexM0\ARM_GCC_484\Debug/duration.lst -g -D DEBUG -Wall -ffunction-sections -O0 -fno-rtti -fno-exceptions -funsigned-char -funsigned-bitfields -fshort-enums -I./ros_lib -c .\ros_lib\duration.cpp -o .\CortexM0\ARM_GCC_484\Debug\duration.o
arm-none-eabi-gcc.exe -mcpu=cortex-m0 -mthumb -Wno-main -I. -I.\Generated_Source\PSoC4 -Wa,-alh=.\CortexM0\ARM_GCC_484\Debug/init.lst -g -D DEBUG -Wall -ffunction-sections -O0 -fno-rtti -fno-exceptions -funsigned-char -funsigned-bitfields -fshort-enums -I./ros_lib -c .\ros_lib\init.cpp -o .\CortexM0\ARM_GCC_484\Debug\init.o
arm-none-eabi-gcc.exe -mcpu=cortex-m0 -mthumb -Wno-main -I. -I.\Generated_Source\PSoC4 -Wa,-alh=.\CortexM0\ARM_GCC_484\Debug/isnprintf.lst -g -D DEBUG -Wall -ffunction-sections -O0 -fno-rtti -fno-exceptions -funsigned-char -funsigned-bitfields -fshort-enums -I./ros_lib -c .\ros_lib\isnprintf.cpp -o .\CortexM0\ARM_GCC_484\Debug\isnprintf.o
arm-none-eabi-gcc.exe -mcpu=cortex-m0 -mthumb -Wno-main -I. -I.\Generated_Source\PSoC4 -Wa,-alh=.\CortexM0\ARM_GCC_484\Debug/SysTimer.lst -g -D DEBUG -Wall -ffunction-sections -O0 -fno-rtti -fno-exceptions -funsigned-char -funsigned-bitfields -fshort-enums -I./ros_lib -c .\ros_lib\SysTimer.cpp -o .\CortexM0\ARM_GCC_484\Debug\SysTimer.o
arm-none-eabi-gcc.exe -mcpu=cortex-m0 -mthumb -Wno-main -I. -I.\Generated_Source\PSoC4 -Wa,-alh=.\CortexM0\ARM_GCC_484\Debug/time.lst -g -D DEBUG -Wall -ffunction-sections -O0 -fno-rtti -fno-exceptions -funsigned-char -funsigned-bitfields -fshort-enums -I./ros_lib -c .\ros_lib\time.cpp -o .\CortexM0\ARM_GCC_484\Debug\time.o
arm-none-eabi-gcc.exe -mcpu=cortex-m0 -mthumb -Wno-main -I. -I.\Generated_Source\PSoC4 -Wa,-alh=.\CortexM0\ARM_GCC_484\Debug/ADC.lst -g -D DEBUG -Wall -ffunction-sections -O0 -fno-rtti -fno-exceptions -funsigned-char -funsigned-bitfields -fshort-enums -I./ros_lib -c .\ros_lib\examples\ADC\ADC.cpp -o .\CortexM0\ARM_GCC_484\Debug\ADC.o
arm-none-eabi-gcc.exe -mcpu=cortex-m0 -mthumb -Wno-main -I. -I.\Generated_Source\PSoC4 -Wa,-alh=.\CortexM0\ARM_GCC_484\Debug/Blink.lst -g -D DEBUG -Wall -ffunction-sections -O0 -fno-rtti -fno-exceptions -funsigned-char -funsigned-bitfields -fshort-enums -I./ros_lib -c .\ros_lib\examples\Blink\Blink.cpp -o .\CortexM0\ARM_GCC_484\Debug\Blink.o
arm-none-eabi-gcc.exe -mcpu=cortex-m0 -mthumb -Wno-main -I. -I.\Generated_Source\PSoC4 -Wa,-alh=.\CortexM0\ARM_GCC_484\Debug/HelloWorld.lst -g -D DEBUG -Wall -ffunction-sections -O0 -fno-rtti -fno-exceptions -funsigned-char -funsigned-bitfields -fshort-enums -I./ros_lib -c .\ros_lib\examples\HelloWorld\HelloWorld.cpp -o .\CortexM0\ARM_GCC_484\Debug\HelloWorld.o
arm-none-eabi-gcc.exe -mcpu=cortex-m0 -mthumb -Wno-main -I. -I.\Generated_Source\PSoC4 -Wa,-alh=.\CortexM0\ARM_GCC_484\Debug/button_example.lst -g -D DEBUG -Wall -ffunction-sections -O0 -fno-rtti -fno-exceptions -funsigned-char -funsigned-bitfields -fshort-enums -I./ros_lib -c .\ros_lib\examples\button_example\button_example.cpp -o .\CortexM0\ARM_GCC_484\Debug\button_example.o
arm-none-eabi-gcc.exe -mcpu=cortex-m0 -mthumb -Wno-main -I. -I.\Generated_Source\PSoC4 -Wa,-alh=.\CortexM0\ARM_GCC_484\Debug/ServoControl.lst -g -D DEBUG -Wall -ffunction-sections -O0 -fno-rtti -fno-exceptions -funsigned-char -funsigned-bitfields -fshort-enums -I./ros_lib -c .\ros_lib\examples\ServoControl\ServoControl.cpp -o .\CortexM0\ARM_GCC_484\Debug\ServoControl.o
arm-none-eabi-gcc.exe -mcpu=cortex-m0 -mthumb -Wno-main -I. -I.\Generated_Source\PSoC4 -Wa,-alh=.\CortexM0\ARM_GCC_484\Debug/Encoder.lst -g -D DEBUG -Wall -ffunction-sections -O0 -fno-rtti -fno-exceptions -funsigned-char -funsigned-bitfields -fshort-enums -I./ros_lib -c .\ros_lib\examples\Encoder\Encoder.cpp -o .\CortexM0\ARM_GCC_484\Debug\Encoder.o
arm-none-eabi-gcc.exe -mcpu=cortex-m0 -mthumb -Wno-main -I. -I.\Generated_Source\PSoC4 -Wa,-alh=.\CortexM0\ARM_GCC_484\Debug/StepperControl.lst -g -D DEBUG -Wall -ffunction-sections -O0 -fno-rtti -fno-exceptions -funsigned-char -funsigned-bitfields -fshort-enums -I./ros_lib -c .\ros_lib\examples\StepperControl\StepperControl.cpp -o .\CortexM0\ARM_GCC_484\Debug\StepperControl.o
arm-none-eabi-gcc.exe -mcpu=cortex-m0 -mthumb -Wno-main -I. -I.\Generated_Source\PSoC4 -Wa,-alh=.\CortexM0\ARM_GCC_484\Debug/capsense_button.lst -g -D DEBUG -Wall -ffunction-sections -O0 -fno-rtti -fno-exceptions -funsigned-char -funsigned-bitfields -fshort-enums -I./ros_lib -c .\ros_lib\examples\capsense_button\capsense_button.cpp -o .\CortexM0\ARM_GCC_484\Debug\capsense_button.o
arm-none-eabi-gcc.exe -mcpu=cortex-m0 -mthumb -Wno-main -I. -I.\Generated_Source\PSoC4 -Wa,-alh=.\CortexM0\ARM_GCC_484\Debug/UpDownCount.lst -g -D DEBUG -Wall -ffunction-sections -O0 -fno-rtti -fno-exceptions -funsigned-char -funsigned-bitfields -fshort-enums -I./ros_lib -c .\ros_lib\examples\UpDownCount\UpDownCount.cpp -o .\CortexM0\ARM_GCC_484\Debug\UpDownCount.o
arm-none-eabi-gcc.exe -mcpu=cortex-m0 -mthumb -Wno-main -I. -I.\Generated_Source\PSoC4 -Wa,-alh=.\CortexM0\ARM_GCC_484\Debug/cyfitter_cfg.lst -g -D DEBUG -Wall -ffunction-sections -O0 -fno-rtti -fno-exceptions -funsigned-char -funsigned-bitfields -fshort-enums -I./ros_lib -c .\Generated_Source\PSoC4\cyfitter_cfg.c -o .\CortexM0\ARM_GCC_484\Debug\cyfitter_cfg.o
cc1.exe: warning: command line option '-fno-rtti' is valid for C++/ObjC++ but not for C [enabled by default]
arm-none-eabi-gcc.exe -mcpu=cortex-m0 -mthumb -Wno-main -I. -I.\Generated_Source\PSoC4 -Wa,-alh=.\CortexM0\ARM_GCC_484\Debug/cybootloader.lst -g -D DEBUG -Wall -ffunction-sections -O0 -fno-rtti -fno-exceptions -funsigned-char -funsigned-bitfields -fshort-enums -I./ros_lib -c .\Generated_Source\PSoC4\cybootloader.c -o .\CortexM0\ARM_GCC_484\Debug\cybootloader.o
cc1.exe: warning: command line option '-fno-rtti' is valid for C++/ObjC++ but not for C [enabled by default]
arm-none-eabi-gcc.exe -mcpu=cortex-m0 -mthumb -Wno-main -I. -I.\Generated_Source\PSoC4 -Wa,-alh=.\CortexM0\ARM_GCC_484\Debug/cymetadata.lst -g -D DEBUG -Wall -ffunction-sections -O0 -fno-rtti -fno-exceptions -funsigned-char -funsigned-bitfields -fshort-enums -I./ros_lib -c .\Generated_Source\PSoC4\cymetadata.c -o .\CortexM0\ARM_GCC_484\Debug\cymetadata.o
cc1.exe: warning: command line option '-fno-rtti' is valid for C++/ObjC++ but not for C [enabled by default]
arm-none-eabi-gcc.exe -mcpu=cortex-m0 -mthumb -Wno-main -I. -I.\Generated_Source\PSoC4 -Wa,-alh=.\CortexM0\ARM_GCC_484\Debug/Bootloadable.lst -g -D DEBUG -Wall -ffunction-sections -O0 -fno-rtti -fno-exceptions -funsigned-char -funsigned-bitfields -fshort-enums -I./ros_lib -c .\Generated_Source\PSoC4\Bootloadable.c -o .\CortexM0\ARM_GCC_484\Debug\Bootloadable.o
cc1.exe: warning: command line option '-fno-rtti' is valid for C++/ObjC++ but not for C [enabled by default]
arm-none-eabi-gcc.exe -mcpu=cortex-m0 -mthumb -Wno-main -I. -I.\Generated_Source\PSoC4 -Wa,-alh=.\CortexM0\ARM_GCC_484\Debug/ROSSerial_UART_Clock.lst -g -D DEBUG -Wall -ffunction-sections -O0 -fno-rtti -fno-exceptions -funsigned-char -funsigned-bitfields -fshort-enums -I./ros_lib -c .\Generated_Source\PSoC4\ROSSerial_UART_Clock.c -o .\CortexM0\ARM_GCC_484\Debug\ROSSerial_UART_Clock.o
cc1.exe: warning: command line option '-fno-rtti' is valid for C++/ObjC++ but not for C [enabled by default]
arm-none-eabi-gcc.exe -mcpu=cortex-m0 -mthumb -Wno-main -I. -I.\Generated_Source\PSoC4 -Wa,-alh=.\CortexM0\ARM_GCC_484\Debug/ROSSerial_UART.lst -g -D DEBUG -Wall -ffunction-sections -O0 -fno-rtti -fno-exceptions -funsigned-char -funsigned-bitfields -fshort-enums -I./ros_lib -c .\Generated_Source\PSoC4\ROSSerial_UART.c -o .\CortexM0\ARM_GCC_484\Debug\ROSSerial_UART.o
cc1.exe: warning: command line option '-fno-rtti' is valid for C++/ObjC++ but not for C [enabled by default]
arm-none-eabi-gcc.exe -mcpu=cortex-m0 -mthumb -Wno-main -I. -I.\Generated_Source\PSoC4 -Wa,-alh=.\CortexM0\ARM_GCC_484\Debug/ROSSerial_UART_SPI_UART.lst -g -D DEBUG -Wall -ffunction-sections -O0 -fno-rtti -fno-exceptions -funsigned-char -funsigned-bitfields -fshort-enums -I./ros_lib -c .\Generated_Source\PSoC4\ROSSerial_UART_SPI_UART.c -o .\CortexM0\ARM_GCC_484\Debug\ROSSerial_UART_SPI_UART.o
cc1.exe: warning: command line option '-fno-rtti' is valid for C++/ObjC++ but not for C [enabled by default]
arm-none-eabi-gcc.exe -mcpu=cortex-m0 -mthumb -Wno-main -I. -I.\Generated_Source\PSoC4 -Wa,-alh=.\CortexM0\ARM_GCC_484\Debug/ROSSerial_UART_SPI_UART_INT.lst -g -D DEBUG -Wall -ffunction-sections -O0 -fno-rtti -fno-exceptions -funsigned-char -funsigned-bitfields -fshort-enums -I./ros_lib -c .\Generated_Source\PSoC4\ROSSerial_UART_SPI_UART_INT.c -o .\CortexM0\ARM_GCC_484\Debug\ROSSerial_UART_SPI_UART_INT.o
cc1.exe: warning: command line option '-fno-rtti' is valid for C++/ObjC++ but not for C [enabled by default]
arm-none-eabi-gcc.exe -mcpu=cortex-m0 -mthumb -Wno-main -I. -I.\Generated_Source\PSoC4 -Wa,-alh=.\CortexM0\ARM_GCC_484\Debug/ROSSerial_UART_PM.lst -g -D DEBUG -Wall -ffunction-sections -O0 -fno-rtti -fno-exceptions -funsigned-char -funsigned-bitfields -fshort-enums -I./ros_lib -c .\Generated_Source\PSoC4\ROSSerial_UART_PM.c -o .\CortexM0\ARM_GCC_484\Debug\ROSSerial_UART_PM.o
cc1.exe: warning: command line option '-fno-rtti' is valid for C++/ObjC++ but not for C [enabled by default]
arm-none-eabi-gcc.exe -mcpu=cortex-m0 -mthumb -Wno-main -I. -I.\Generated_Source\PSoC4 -Wa,-alh=.\CortexM0\ARM_GCC_484\Debug/ROSSerial_UART_UART.lst -g -D DEBUG -Wall -ffunction-sections -O0 -fno-rtti -fno-exceptions -funsigned-char -funsigned-bitfields -fshort-enums -I./ros_lib -c .\Generated_Source\PSoC4\ROSSerial_UART_UART.c -o .\CortexM0\ARM_GCC_484\Debug\ROSSerial_UART_UART.o
cc1.exe: warning: command line option '-fno-rtti' is valid for C++/ObjC++ but not for C [enabled by default]
arm-none-eabi-gcc.exe -mcpu=cortex-m0 -mthumb -Wno-main -I. -I.\Generated_Source\PSoC4 -Wa,-alh=.\CortexM0\ARM_GCC_484\Debug/ROSSerial_UART_BOOT.lst -g -D DEBUG -Wall -ffunction-sections -O0 -fno-rtti -fno-exceptions -funsigned-char -funsigned-bitfields -fshort-enums -I./ros_lib -c .\Generated_Source\PSoC4\ROSSerial_UART_BOOT.c -o .\CortexM0\ARM_GCC_484\Debug\ROSSerial_UART_BOOT.o
cc1.exe: warning: command line option '-fno-rtti' is valid for C++/ObjC++ but not for C [enabled by default]
arm-none-eabi-gcc.exe -mcpu=cortex-m0 -mthumb -Wno-main -I. -I.\Generated_Source\PSoC4 -Wa,-alh=.\CortexM0\ARM_GCC_484\Debug/ROSSerial_UART_UART_BOOT.lst -g -D DEBUG -Wall -ffunction-sections -O0 -fno-rtti -fno-exceptions -funsigned-char -funsigned-bitfields -fshort-enums -I./ros_lib -c .\Generated_Source\PSoC4\ROSSerial_UART_UART_BOOT.c -o .\CortexM0\ARM_GCC_484\Debug\ROSSerial_UART_UART_BOOT.o
cc1.exe: warning: command line option '-fno-rtti' is valid for C++/ObjC++ but not for C [enabled by default]
arm-none-eabi-gcc.exe -mcpu=cortex-m0 -mthumb -Wno-main -I. -I.\Generated_Source\PSoC4 -Wa,-alh=.\CortexM0\ARM_GCC_484\Debug/P1_6.lst -g -D DEBUG -Wall -ffunction-sections -O0 -fno-rtti -fno-exceptions -funsigned-char -funsigned-bitfields -fshort-enums -I./ros_lib -c .\Generated_Source\PSoC4\P1_6.c -o .\CortexM0\ARM_GCC_484\Debug\P1_6.o
cc1.exe: warning: command line option '-fno-rtti' is valid for C++/ObjC++ but not for C [enabled by default]
arm-none-eabi-gcc.exe -mcpu=cortex-m0 -mthumb -Wno-main -I. -I.\Generated_Source\PSoC4 -Wa,-alh=.\CortexM0\ARM_GCC_484\Debug/Port0.lst -g -D DEBUG -Wall -ffunction-sections -O0 -fno-rtti -fno-exceptions -funsigned-char -funsigned-bitfields -fshort-enums -I./ros_lib -c .\Generated_Source\PSoC4\Port0.c -o .\CortexM0\ARM_GCC_484\Debug\Port0.o
cc1.exe: warning: command line option '-fno-rtti' is valid for C++/ObjC++ but not for C [enabled by default]
arm-none-eabi-gcc.exe -mcpu=cortex-m0 -mthumb -Wno-main -I. -I.\Generated_Source\PSoC4 -Wa,-alh=.\CortexM0\ARM_GCC_484\Debug/ADC_SAR_SEQ.lst -g -D DEBUG -Wall -ffunction-sections -O0 -fno-rtti -fno-exceptions -funsigned-char -funsigned-bitfields -fshort-enums -I./ros_lib -c .\Generated_Source\PSoC4\ADC_SAR_SEQ.c -o .\CortexM0\ARM_GCC_484\Debug\ADC_SAR_SEQ.o
cc1.exe: warning: command line option '-fno-rtti' is valid for C++/ObjC++ but not for C [enabled by default]
arm-none-eabi-gcc.exe -mcpu=cortex-m0 -mthumb -Wno-main -I. -I.\Generated_Source\PSoC4 -Wa,-alh=.\CortexM0\ARM_GCC_484\Debug/ADC_SAR_SEQ_PM.lst -g -D DEBUG -Wall -ffunction-sections -O0 -fno-rtti -fno-exceptions -funsigned-char -funsigned-bitfields -fshort-enums -I./ros_lib -c .\Generated_Source\PSoC4\ADC_SAR_SEQ_PM.c -o .\CortexM0\ARM_GCC_484\Debug\ADC_SAR_SEQ_PM.o
cc1.exe: warning: command line option '-fno-rtti' is valid for C++/ObjC++ but not for C [enabled by default]
arm-none-eabi-gcc.exe -mcpu=cortex-m0 -mthumb -Wno-main -I. -I.\Generated_Source\PSoC4 -Wa,-alh=.\CortexM0\ARM_GCC_484\Debug/ADC_SAR_SEQ_INT.lst -g -D DEBUG -Wall -ffunction-sections -O0 -fno-rtti -fno-exceptions -funsigned-char -funsigned-bitfields -fshort-enums -I./ros_lib -c .\Generated_Source\PSoC4\ADC_SAR_SEQ_INT.c -o .\CortexM0\ARM_GCC_484\Debug\ADC_SAR_SEQ_INT.o
cc1.exe: warning: command line option '-fno-rtti' is valid for C++/ObjC++ but not for C [enabled by default]
arm-none-eabi-gcc.exe -mcpu=cortex-m0 -mthumb -Wno-main -I. -I.\Generated_Source\PSoC4 -Wa,-alh=.\CortexM0\ARM_GCC_484\Debug/PWM_1.lst -g -D DEBUG -Wall -ffunction-sections -O0 -fno-rtti -fno-exceptions -funsigned-char -funsigned-bitfields -fshort-enums -I./ros_lib -c .\Generated_Source\PSoC4\PWM_1.c -o .\CortexM0\ARM_GCC_484\Debug\PWM_1.o
cc1.exe: warning: command line option '-fno-rtti' is valid for C++/ObjC++ but not for C [enabled by default]
arm-none-eabi-gcc.exe -mcpu=cortex-m0 -mthumb -Wno-main -I. -I.\Generated_Source\PSoC4 -Wa,-alh=.\CortexM0\ARM_GCC_484\Debug/PWM_1_PM.lst -g -D DEBUG -Wall -ffunction-sections -O0 -fno-rtti -fno-exceptions -funsigned-char -funsigned-bitfields -fshort-enums -I./ros_lib -c .\Generated_Source\PSoC4\PWM_1_PM.c -o .\CortexM0\ARM_GCC_484\Debug\PWM_1_PM.o
cc1.exe: warning: command line option '-fno-rtti' is valid for C++/ObjC++ but not for C [enabled by default]
arm-none-eabi-gcc.exe -mcpu=cortex-m0 -mthumb -Wno-main -I. -I.\Generated_Source\PSoC4 -Wa,-alh=.\CortexM0\ARM_GCC_484\Debug/QuadDec_1.lst -g -D DEBUG -Wall -ffunction-sections -O0 -fno-rtti -fno-exceptions -funsigned-char -funsigned-bitfields -fshort-enums -I./ros_lib -c .\Generated_Source\PSoC4\QuadDec_1.c -o .\CortexM0\ARM_GCC_484\Debug\QuadDec_1.o
cc1.exe: warning: command line option '-fno-rtti' is valid for C++/ObjC++ but not for C [enabled by default]
arm-none-eabi-gcc.exe -mcpu=cortex-m0 -mthumb -Wno-main -I. -I.\Generated_Source\PSoC4 -Wa,-alh=.\CortexM0\ARM_GCC_484\Debug/QuadDec_1_PM.lst -g -D DEBUG -Wall -ffunction-sections -O0 -fno-rtti -fno-exceptions -funsigned-char -funsigned-bitfields -fshort-enums -I./ros_lib -c .\Generated_Source\PSoC4\QuadDec_1_PM.c -o .\CortexM0\ARM_GCC_484\Debug\QuadDec_1_PM.o
cc1.exe: warning: command line option '-fno-rtti' is valid for C++/ObjC++ but not for C [enabled by default]
arm-none-eabi-gcc.exe -mcpu=cortex-m0 -mthumb -Wno-main -I. -I.\Generated_Source\PSoC4 -Wa,-alh=.\CortexM0\ARM_GCC_484\Debug/PWM_Pin.lst -g -D DEBUG -Wall -ffunction-sections -O0 -fno-rtti -fno-exceptions -funsigned-char -funsigned-bitfields -fshort-enums -I./ros_lib -c .\Generated_Source\PSoC4\PWM_Pin.c -o .\CortexM0\ARM_GCC_484\Debug\PWM_Pin.o
cc1.exe: warning: command line option '-fno-rtti' is valid for C++/ObjC++ but not for C [enabled by default]
arm-none-eabi-gcc.exe -mcpu=cortex-m0 -mthumb -Wno-main -I. -I.\Generated_Source\PSoC4 -Wa,-alh=.\CortexM0\ARM_GCC_484\Debug/Quad_In_A.lst -g -D DEBUG -Wall -ffunction-sections -O0 -fno-rtti -fno-exceptions -funsigned-char -funsigned-bitfields -fshort-enums -I./ros_lib -c .\Generated_Source\PSoC4\Quad_In_A.c -o .\CortexM0\ARM_GCC_484\Debug\Quad_In_A.o
cc1.exe: warning: command line option '-fno-rtti' is valid for C++/ObjC++ but not for C [enabled by default]
arm-none-eabi-gcc.exe -mcpu=cortex-m0 -mthumb -Wno-main -I. -I.\Generated_Source\PSoC4 -Wa,-alh=.\CortexM0\ARM_GCC_484\Debug/Quad_In_B.lst -g -D DEBUG -Wall -ffunction-sections -O0 -fno-rtti -fno-exceptions -funsigned-char -funsigned-bitfields -fshort-enums -I./ros_lib -c .\Generated_Source\PSoC4\Quad_In_B.c -o .\CortexM0\ARM_GCC_484\Debug\Quad_In_B.o
cc1.exe: warning: command line option '-fno-rtti' is valid for C++/ObjC++ but not for C [enabled by default]
arm-none-eabi-gcc.exe -mcpu=cortex-m0 -mthumb -Wno-main -I. -I.\Generated_Source\PSoC4 -Wa,-alh=.\CortexM0\ARM_GCC_484\Debug/Quad_Clock.lst -g -D DEBUG -Wall -ffunction-sections -O0 -fno-rtti -fno-exceptions -funsigned-char -funsigned-bitfields -fshort-enums -I./ros_lib -c .\Generated_Source\PSoC4\Quad_Clock.c -o .\CortexM0\ARM_GCC_484\Debug\Quad_Clock.o
cc1.exe: warning: command line option '-fno-rtti' is valid for C++/ObjC++ but not for C [enabled by default]
arm-none-eabi-gcc.exe -mcpu=cortex-m0 -mthumb -Wno-main -I. -I.\Generated_Source\PSoC4 -Wa,-alh=.\CortexM0\ARM_GCC_484\Debug/PWM_Clock.lst -g -D DEBUG -Wall -ffunction-sections -O0 -fno-rtti -fno-exceptions -funsigned-char -funsigned-bitfields -fshort-enums -I./ros_lib -c .\Generated_Source\PSoC4\PWM_Clock.c -o .\CortexM0\ARM_GCC_484\Debug\PWM_Clock.o
cc1.exe: warning: command line option '-fno-rtti' is valid for C++/ObjC++ but not for C [enabled by default]
arm-none-eabi-gcc.exe -mcpu=cortex-m0 -mthumb -Wno-main -I. -I.\Generated_Source\PSoC4 -Wa,-alh=.\CortexM0\ARM_GCC_484\Debug/Step_A_N.lst -g -D DEBUG -Wall -ffunction-sections -O0 -fno-rtti -fno-exceptions -funsigned-char -funsigned-bitfields -fshort-enums -I./ros_lib -c .\Generated_Source\PSoC4\Step_A_N.c -o .\CortexM0\ARM_GCC_484\Debug\Step_A_N.o
cc1.exe: warning: command line option '-fno-rtti' is valid for C++/ObjC++ but not for C [enabled by default]
arm-none-eabi-gcc.exe -mcpu=cortex-m0 -mthumb -Wno-main -I. -I.\Generated_Source\PSoC4 -Wa,-alh=.\CortexM0\ARM_GCC_484\Debug/Step_A_P.lst -g -D DEBUG -Wall -ffunction-sections -O0 -fno-rtti -fno-exceptions -funsigned-char -funsigned-bitfields -fshort-enums -I./ros_lib -c .\Generated_Source\PSoC4\Step_A_P.c -o .\CortexM0\ARM_GCC_484\Debug\Step_A_P.o
cc1.exe: warning: command line option '-fno-rtti' is valid for C++/ObjC++ but not for C [enabled by default]
arm-none-eabi-gcc.exe -mcpu=cortex-m0 -mthumb -Wno-main -I. -I.\Generated_Source\PSoC4 -Wa,-alh=.\CortexM0\ARM_GCC_484\Debug/Step_B_N.lst -g -D DEBUG -Wall -ffunction-sections -O0 -fno-rtti -fno-exceptions -funsigned-char -funsigned-bitfields -fshort-enums -I./ros_lib -c .\Generated_Source\PSoC4\Step_B_N.c -o .\CortexM0\ARM_GCC_484\Debug\Step_B_N.o
cc1.exe: warning: command line option '-fno-rtti' is valid for C++/ObjC++ but not for C [enabled by default]
arm-none-eabi-gcc.exe -mcpu=cortex-m0 -mthumb -Wno-main -I. -I.\Generated_Source\PSoC4 -Wa,-alh=.\CortexM0\ARM_GCC_484\Debug/CapSense.lst -g -D DEBUG -Wall -ffunction-sections -O0 -fno-rtti -fno-exceptions -funsigned-char -funsigned-bitfields -fshort-enums -I./ros_lib -c .\Generated_Source\PSoC4\CapSense.c -o .\CortexM0\ARM_GCC_484\Debug\CapSense.o
cc1.exe: warning: command line option '-fno-rtti' is valid for C++/ObjC++ but not for C [enabled by default]
arm-none-eabi-gcc.exe -mcpu=cortex-m0 -mthumb -Wno-main -I. -I.\Generated_Source\PSoC4 -Wa,-alh=.\CortexM0\ARM_GCC_484\Debug/CapSense_PM.lst -g -D DEBUG -Wall -ffunction-sections -O0 -fno-rtti -fno-exceptions -funsigned-char -funsigned-bitfields -fshort-enums -I./ros_lib -c .\Generated_Source\PSoC4\CapSense_PM.c -o .\CortexM0\ARM_GCC_484\Debug\CapSense_PM.o
cc1.exe: warning: command line option '-fno-rtti' is valid for C++/ObjC++ but not for C [enabled by default]
arm-none-eabi-gcc.exe -mcpu=cortex-m0 -mthumb -Wno-main -I. -I.\Generated_Source\PSoC4 -Wa,-alh=.\CortexM0\ARM_GCC_484\Debug/CapSense_CSHL.lst -g -D DEBUG -Wall -ffunction-sections -O0 -fno-rtti -fno-exceptions -funsigned-char -funsigned-bitfields -fshort-enums -I./ros_lib -c .\Generated_Source\PSoC4\CapSense_CSHL.c -o .\CortexM0\ARM_GCC_484\Debug\CapSense_CSHL.o
cc1.exe: warning: command line option '-fno-rtti' is valid for C++/ObjC++ but not for C [enabled by default]
arm-none-eabi-gcc.exe -mcpu=cortex-m0 -mthumb -Wno-main -I. -I.\Generated_Source\PSoC4 -Wa,-alh=.\CortexM0\ARM_GCC_484\Debug/CapSense_INT.lst -g -D DEBUG -Wall -ffunction-sections -O0 -fno-rtti -fno-exceptions -funsigned-char -funsigned-bitfields -fshort-enums -I./ros_lib -c .\Generated_Source\PSoC4\CapSense_INT.c -o .\CortexM0\ARM_GCC_484\Debug\CapSense_INT.o
cc1.exe: warning: command line option '-fno-rtti' is valid for C++/ObjC++ but not for C [enabled by default]
arm-none-eabi-gcc.exe -mcpu=cortex-m0 -mthumb -Wno-main -I. -I.\Generated_Source\PSoC4 -Wa,-alh=.\CortexM0\ARM_GCC_484\Debug/CapSense_TunerHelper.lst -g -D DEBUG -Wall -ffunction-sections -O0 -fno-rtti -fno-exceptions -funsigned-char -funsigned-bitfields -fshort-enums -I./ros_lib -c .\Generated_Source\PSoC4\CapSense_TunerHelper.c -o .\CortexM0\ARM_GCC_484\Debug\CapSense_TunerHelper.o
cc1.exe: warning: command line option '-fno-rtti' is valid for C++/ObjC++ but not for C [enabled by default]
arm-none-eabi-gcc.exe -mcpu=cortex-m0 -mthumb -Wno-main -I. -I.\Generated_Source\PSoC4 -Wa,-alh=.\CortexM0\ARM_GCC_484\Debug/CapSense_SMS.lst -g -D DEBUG -Wall -ffunction-sections -O0 -fno-rtti -fno-exceptions -funsigned-char -funsigned-bitfields -fshort-enums -I./ros_lib -c .\Generated_Source\PSoC4\CapSense_SMS.c -o .\CortexM0\ARM_GCC_484\Debug\CapSense_SMS.o
cc1.exe: warning: command line option '-fno-rtti' is valid for C++/ObjC++ but not for C [enabled by default]
arm-none-eabi-gcc.exe -mcpu=cortex-m0 -mthumb -Wno-main -I. -I.\Generated_Source\PSoC4 -Wa,-alh=.\CortexM0\ARM_GCC_484\Debug/Stepper_Control.lst -g -D DEBUG -Wall -ffunction-sections -O0 -fno-rtti -fno-exceptions -funsigned-char -funsigned-bitfields -fshort-enums -I./ros_lib -c .\Generated_Source\PSoC4\Stepper_Control.c -o .\CortexM0\ARM_GCC_484\Debug\Stepper_Control.o
cc1.exe: warning: command line option '-fno-rtti' is valid for C++/ObjC++ but not for C [enabled by default]
arm-none-eabi-gcc.exe -mcpu=cortex-m0 -mthumb -Wno-main -I. -I.\Generated_Source\PSoC4 -Wa,-alh=.\CortexM0\ARM_GCC_484\Debug/Step_B_P.lst -g -D DEBUG -Wall -ffunction-sections -O0 -fno-rtti -fno-exceptions -funsigned-char -funsigned-bitfields -fshort-enums -I./ros_lib -c .\Generated_Source\PSoC4\Step_B_P.c -o .\CortexM0\ARM_GCC_484\Debug\Step_B_P.o
cc1.exe: warning: command line option '-fno-rtti' is valid for C++/ObjC++ but not for C [enabled by default]
arm-none-eabi-gcc.exe -mcpu=cortex-m0 -mthumb -Wno-main -I. -I.\Generated_Source\PSoC4 -Wa,-alh=.\CortexM0\ARM_GCC_484\Debug/ROSSerial_UART_tx.lst -g -D DEBUG -Wall -ffunction-sections -O0 -fno-rtti -fno-exceptions -funsigned-char -funsigned-bitfields -fshort-enums -I./ros_lib -c .\Generated_Source\PSoC4\ROSSerial_UART_tx.c -o .\CortexM0\ARM_GCC_484\Debug\ROSSerial_UART_tx.o
cc1.exe: warning: command line option '-fno-rtti' is valid for C++/ObjC++ but not for C [enabled by default]
arm-none-eabi-gcc.exe -mcpu=cortex-m0 -mthumb -Wno-main -I. -I.\Generated_Source\PSoC4 -Wa,-alh=.\CortexM0\ARM_GCC_484\Debug/ROSSerial_UART_rx.lst -g -D DEBUG -Wall -ffunction-sections -O0 -fno-rtti -fno-exceptions -funsigned-char -funsigned-bitfields -fshort-enums -I./ros_lib -c .\Generated_Source\PSoC4\ROSSerial_UART_rx.c -o .\CortexM0\ARM_GCC_484\Debug\ROSSerial_UART_rx.o
cc1.exe: warning: command line option '-fno-rtti' is valid for C++/ObjC++ but not for C [enabled by default]
arm-none-eabi-gcc.exe -mcpu=cortex-m0 -mthumb -Wno-main -I. -I.\Generated_Source\PSoC4 -Wa,-alh=.\CortexM0\ARM_GCC_484\Debug/ADC_SAR_SEQ_intClock.lst -g -D DEBUG -Wall -ffunction-sections -O0 -fno-rtti -fno-exceptions -funsigned-char -funsigned-bitfields -fshort-enums -I./ros_lib -c .\Generated_Source\PSoC4\ADC_SAR_SEQ_intClock.c -o .\CortexM0\ARM_GCC_484\Debug\ADC_SAR_SEQ_intClock.o
cc1.exe: warning: command line option '-fno-rtti' is valid for C++/ObjC++ but not for C [enabled by default]
arm-none-eabi-gcc.exe -mcpu=cortex-m0 -mthumb -Wno-main -I. -I.\Generated_Source\PSoC4 -Wa,-alh=.\CortexM0\ARM_GCC_484\Debug/ADC_SAR_SEQ_IRQ.lst -g -D DEBUG -Wall -ffunction-sections -O0 -fno-rtti -fno-exceptions -funsigned-char -funsigned-bitfields -fshort-enums -I./ros_lib -c .\Generated_Source\PSoC4\ADC_SAR_SEQ_IRQ.c -o .\CortexM0\ARM_GCC_484\Debug\ADC_SAR_SEQ_IRQ.o
cc1.exe: warning: command line option '-fno-rtti' is valid for C++/ObjC++ but not for C [enabled by default]
arm-none-eabi-gcc.exe -mcpu=cortex-m0 -mthumb -Wno-main -I. -I.\Generated_Source\PSoC4 -Wa,-alh=.\CortexM0\ARM_GCC_484\Debug/CapSense_SampleClk.lst -g -D DEBUG -Wall -ffunction-sections -O0 -fno-rtti -fno-exceptions -funsigned-char -funsigned-bitfields -fshort-enums -I./ros_lib -c .\Generated_Source\PSoC4\CapSense_SampleClk.c -o .\CortexM0\ARM_GCC_484\Debug\CapSense_SampleClk.o
cc1.exe: warning: command line option '-fno-rtti' is valid for C++/ObjC++ but not for C [enabled by default]
arm-none-eabi-gcc.exe -mcpu=cortex-m0 -mthumb -Wno-main -I. -I.\Generated_Source\PSoC4 -Wa,-alh=.\CortexM0\ARM_GCC_484\Debug/CapSense_Sns.lst -g -D DEBUG -Wall -ffunction-sections -O0 -fno-rtti -fno-exceptions -funsigned-char -funsigned-bitfields -fshort-enums -I./ros_lib -c .\Generated_Source\PSoC4\CapSense_Sns.c -o .\CortexM0\ARM_GCC_484\Debug\CapSense_Sns.o
cc1.exe: warning: command line option '-fno-rtti' is valid for C++/ObjC++ but not for C [enabled by default]
arm-none-eabi-gcc.exe -mcpu=cortex-m0 -mthumb -Wno-main -I. -I.\Generated_Source\PSoC4 -Wa,-alh=.\CortexM0\ARM_GCC_484\Debug/CapSense_SenseClk.lst -g -D DEBUG -Wall -ffunction-sections -O0 -fno-rtti -fno-exceptions -funsigned-char -funsigned-bitfields -fshort-enums -I./ros_lib -c .\Generated_Source\PSoC4\CapSense_SenseClk.c -o .\CortexM0\ARM_GCC_484\Debug\CapSense_SenseClk.o
cc1.exe: warning: command line option '-fno-rtti' is valid for C++/ObjC++ but not for C [enabled by default]
arm-none-eabi-gcc.exe -mcpu=cortex-m0 -mthumb -Wno-main -I. -I.\Generated_Source\PSoC4 -Wa,-alh=.\CortexM0\ARM_GCC_484\Debug/Cm0Start.lst -g -D DEBUG -Wall -ffunction-sections -O0 -fno-rtti -fno-exceptions -funsigned-char -funsigned-bitfields -fshort-enums -I./ros_lib -c .\Generated_Source\PSoC4\Cm0Start.c -o .\CortexM0\ARM_GCC_484\Debug\Cm0Start.o
cc1.exe: warning: command line option '-fno-rtti' is valid for C++/ObjC++ but not for C [enabled by default]
arm-none-eabi-as.exe -mcpu=cortex-m0 -mthumb -I. -I.\Generated_Source\PSoC4 -alh=.\CortexM0\ARM_GCC_484\Debug/CyBootAsmGnu.lst -g -o .\CortexM0\ARM_GCC_484\Debug\CyBootAsmGnu.o .\Generated_Source\PSoC4\CyBootAsmGnu.s
arm-none-eabi-gcc.exe -mcpu=cortex-m0 -mthumb -Wno-main -I. -I.\Generated_Source\PSoC4 -Wa,-alh=.\CortexM0\ARM_GCC_484\Debug/CyFlash.lst -g -D DEBUG -Wall -ffunction-sections -O0 -fno-rtti -fno-exceptions -funsigned-char -funsigned-bitfields -fshort-enums -I./ros_lib -c .\Generated_Source\PSoC4\CyFlash.c -o .\CortexM0\ARM_GCC_484\Debug\CyFlash.o
cc1.exe: warning: command line option '-fno-rtti' is valid for C++/ObjC++ but not for C [enabled by default]
arm-none-eabi-gcc.exe -mcpu=cortex-m0 -mthumb -Wno-main -I. -I.\Generated_Source\PSoC4 -Wa,-alh=.\CortexM0\ARM_GCC_484\Debug/CyLib.lst -g -D DEBUG -Wall -ffunction-sections -O0 -fno-rtti -fno-exceptions -funsigned-char -funsigned-bitfields -fshort-enums -I./ros_lib -c .\Generated_Source\PSoC4\CyLib.c -o .\CortexM0\ARM_GCC_484\Debug\CyLib.o
cc1.exe: warning: command line option '-fno-rtti' is valid for C++/ObjC++ but not for C [enabled by default]
arm-none-eabi-gcc.exe -mcpu=cortex-m0 -mthumb -Wno-main -I. -I.\Generated_Source\PSoC4 -Wa,-alh=.\CortexM0\ARM_GCC_484\Debug/cyPm.lst -g -D DEBUG -Wall -ffunction-sections -O0 -fno-rtti -fno-exceptions -funsigned-char -funsigned-bitfields -fshort-enums -I./ros_lib -c .\Generated_Source\PSoC4\cyPm.c -o .\CortexM0\ARM_GCC_484\Debug\cyPm.o
cc1.exe: warning: command line option '-fno-rtti' is valid for C++/ObjC++ but not for C [enabled by default]
arm-none-eabi-gcc.exe -mcpu=cortex-m0 -mthumb -Wno-main -I. -I.\Generated_Source\PSoC4 -Wa,-alh=.\CortexM0\ARM_GCC_484\Debug/cyutils.lst -g -D DEBUG -Wall -ffunction-sections -O0 -fno-rtti -fno-exceptions -funsigned-char -funsigned-bitfields -fshort-enums -I./ros_lib -c .\Generated_Source\PSoC4\cyutils.c -o .\CortexM0\ARM_GCC_484\Debug\cyutils.o
cc1.exe: warning: command line option '-fno-rtti' is valid for C++/ObjC++ but not for C [enabled by default]
arm-none-eabi-gcc.exe -mcpu=cortex-m0 -mthumb -Wno-main -I. -I.\Generated_Source\PSoC4 -Wa,-alh=.\CortexM0\ARM_GCC_484\Debug/UpDown.lst -g -D DEBUG -Wall -ffunction-sections -O0 -fno-rtti -fno-exceptions -funsigned-char -funsigned-bitfields -fshort-enums -I./ros_lib -c .\Generated_Source\PSoC4\UpDown.c -o .\CortexM0\ARM_GCC_484\Debug\UpDown.o
cc1.exe: warning: command line option '-fno-rtti' is valid for C++/ObjC++ but not for C [enabled by default]
arm-none-eabi-gcc.exe -mcpu=cortex-m0 -mthumb -Wno-main -I. -I.\Generated_Source\PSoC4 -Wa,-alh=.\CortexM0\ARM_GCC_484\Debug/UpDown_PM.lst -g -D DEBUG -Wall -ffunction-sections -O0 -fno-rtti -fno-exceptions -funsigned-char -funsigned-bitfields -fshort-enums -I./ros_lib -c .\Generated_Source\PSoC4\UpDown_PM.c -o .\CortexM0\ARM_GCC_484\Debug\UpDown_PM.o
cc1.exe: warning: command line option '-fno-rtti' is valid for C++/ObjC++ but not for C [enabled by default]
arm-none-eabi-gcc.exe -mcpu=cortex-m0 -mthumb -Wno-main -I. -I.\Generated_Source\PSoC4 -Wa,-alh=.\CortexM0\ARM_GCC_484\Debug/UD_Ref.lst -g -D DEBUG -Wall -ffunction-sections -O0 -fno-rtti -fno-exceptions -funsigned-char -funsigned-bitfields -fshort-enums -I./ros_lib -c .\Generated_Source\PSoC4\UD_Ref.c -o .\CortexM0\ARM_GCC_484\Debug\UD_Ref.o
cc1.exe: warning: command line option '-fno-rtti' is valid for C++/ObjC++ but not for C [enabled by default]
arm-none-eabi-gcc.exe -mcpu=cortex-m0 -mthumb -Wno-main -I. -I.\Generated_Source\PSoC4 -Wa,-alh=.\CortexM0\ARM_GCC_484\Debug/UD_Signal.lst -g -D DEBUG -Wall -ffunction-sections -O0 -fno-rtti -fno-exceptions -funsigned-char -funsigned-bitfields -fshort-enums -I./ros_lib -c .\Generated_Source\PSoC4\UD_Signal.c -o .\CortexM0\ARM_GCC_484\Debug\UD_Signal.o
cc1.exe: warning: command line option '-fno-rtti' is valid for C++/ObjC++ but not for C [enabled by default]
arm-none-eabi-gcc.exe -mcpu=cortex-m0 -mthumb -Wno-main -I. -I.\Generated_Source\PSoC4 -Wa,-alh=.\CortexM0\ARM_GCC_484\Debug/Transimpedance.lst -g -D DEBUG -Wall -ffunction-sections -O0 -fno-rtti -fno-exceptions -funsigned-char -funsigned-bitfields -fshort-enums -I./ros_lib -c .\Generated_Source\PSoC4\Transimpedance.c -o .\CortexM0\ARM_GCC_484\Debug\Transimpedance.o
cc1.exe: warning: command line option '-fno-rtti' is valid for C++/ObjC++ but not for C [enabled by default]
arm-none-eabi-gcc.exe -mcpu=cortex-m0 -mthumb -Wno-main -I. -I.\Generated_Source\PSoC4 -Wa,-alh=.\CortexM0\ARM_GCC_484\Debug/Transimpedance_PM.lst -g -D DEBUG -Wall -ffunction-sections -O0 -fno-rtti -fno-exceptions -funsigned-char -funsigned-bitfields -fshort-enums -I./ros_lib -c .\Generated_Source\PSoC4\Transimpedance_PM.c -o .\CortexM0\ARM_GCC_484\Debug\Transimpedance_PM.o
cc1.exe: warning: command line option '-fno-rtti' is valid for C++/ObjC++ but not for C [enabled by default]
arm-none-eabi-gcc.exe -mcpu=cortex-m0 -mthumb -Wno-main -I. -I.\Generated_Source\PSoC4 -Wa,-alh=.\CortexM0\ARM_GCC_484\Debug/Sum_node.lst -g -D DEBUG -Wall -ffunction-sections -O0 -fno-rtti -fno-exceptions -funsigned-char -funsigned-bitfields -fshort-enums -I./ros_lib -c .\Generated_Source\PSoC4\Sum_node.c -o .\CortexM0\ARM_GCC_484\Debug\Sum_node.o
cc1.exe: warning: command line option '-fno-rtti' is valid for C++/ObjC++ but not for C [enabled by default]
arm-none-eabi-gcc.exe -mcpu=cortex-m0 -mthumb -Wno-main -I. -I.\Generated_Source\PSoC4 -Wa,-alh=.\CortexM0\ARM_GCC_484\Debug/Feedback.lst -g -D DEBUG -Wall -ffunction-sections -O0 -fno-rtti -fno-exceptions -funsigned-char -funsigned-bitfields -fshort-enums -I./ros_lib -c .\Generated_Source\PSoC4\Feedback.c -o .\CortexM0\ARM_GCC_484\Debug\Feedback.o
cc1.exe: warning: command line option '-fno-rtti' is valid for C++/ObjC++ but not for C [enabled by default]
arm-none-eabi-gcc.exe -mcpu=cortex-m0 -mthumb -Wno-main -I. -I.\Generated_Source\PSoC4 -Wa,-alh=.\CortexM0\ARM_GCC_484\Debug/Agnd.lst -g -D DEBUG -Wall -ffunction-sections -O0 -fno-rtti -fno-exceptions -funsigned-char -funsigned-bitfields -fshort-enums -I./ros_lib -c .\Generated_Source\PSoC4\Agnd.c -o .\CortexM0\ARM_GCC_484\Debug\Agnd.o
cc1.exe: warning: command line option '-fno-rtti' is valid for C++/ObjC++ but not for C [enabled by default]
arm-none-eabi-ar.exe -rs .\CortexM0\ARM_GCC_484\Debug\RosOnAStick.a .\CortexM0\ARM_GCC_484\Debug\cyfitter_cfg.o .\CortexM0\ARM_GCC_484\Debug\Bootloadable.o .\CortexM0\ARM_GCC_484\Debug\ROSSerial_UART_Clock.o .\CortexM0\ARM_GCC_484\Debug\ROSSerial_UART.o .\CortexM0\ARM_GCC_484\Debug\ROSSerial_UART_SPI_UART.o .\CortexM0\ARM_GCC_484\Debug\ROSSerial_UART_SPI_UART_INT.o .\CortexM0\ARM_GCC_484\Debug\ROSSerial_UART_PM.o .\CortexM0\ARM_GCC_484\Debug\ROSSerial_UART_UART.o .\CortexM0\ARM_GCC_484\Debug\ROSSerial_UART_BOOT.o .\CortexM0\ARM_GCC_484\Debug\ROSSerial_UART_UART_BOOT.o .\CortexM0\ARM_GCC_484\Debug\P1_6.o .\CortexM0\ARM_GCC_484\Debug\Port0.o .\CortexM0\ARM_GCC_484\Debug\ADC_SAR_SEQ.o .\CortexM0\ARM_GCC_484\Debug\ADC_SAR_SEQ_PM.o .\CortexM0\ARM_GCC_484\Debug\ADC_SAR_SEQ_INT.o .\CortexM0\ARM_GCC_484\Debug\PWM_1.o .\CortexM0\ARM_GCC_484\Debug\PWM_1_PM.o .\CortexM0\ARM_GCC_484\Debug\QuadDec_1.o .\CortexM0\ARM_GCC_484\Debug\QuadDec_1_PM.o .\CortexM0\ARM_GCC_484\Debug\PWM_Pin.o .\CortexM0\ARM_GCC_484\Debug\Quad_In_A.o .\CortexM0\ARM_GCC_484\Debug\Quad_In_B.o .\CortexM0\ARM_GCC_484\Debug\Quad_Clock.o .\CortexM0\ARM_GCC_484\Debug\PWM_Clock.o .\CortexM0\ARM_GCC_484\Debug\Step_A_N.o .\CortexM0\ARM_GCC_484\Debug\Step_A_P.o .\CortexM0\ARM_GCC_484\Debug\Step_B_N.o .\CortexM0\ARM_GCC_484\Debug\CapSense.o .\CortexM0\ARM_GCC_484\Debug\CapSense_PM.o .\CortexM0\ARM_GCC_484\Debug\CapSense_CSHL.o .\CortexM0\ARM_GCC_484\Debug\CapSense_INT.o .\CortexM0\ARM_GCC_484\Debug\CapSense_TunerHelper.o .\CortexM0\ARM_GCC_484\Debug\CapSense_SMS.o .\CortexM0\ARM_GCC_484\Debug\Stepper_Control.o .\CortexM0\ARM_GCC_484\Debug\Step_B_P.o .\CortexM0\ARM_GCC_484\Debug\ROSSerial_UART_tx.o .\CortexM0\ARM_GCC_484\Debug\ROSSerial_UART_rx.o .\CortexM0\ARM_GCC_484\Debug\ADC_SAR_SEQ_intClock.o .\CortexM0\ARM_GCC_484\Debug\ADC_SAR_SEQ_IRQ.o .\CortexM0\ARM_GCC_484\Debug\CapSense_SampleClk.o .\CortexM0\ARM_GCC_484\Debug\CapSense_Sns.o .\CortexM0\ARM_GCC_484\Debug\CapSense_SenseClk.o .\CortexM0\ARM_GCC_484\Debug\CyBootAsmGnu.o .\CortexM0\ARM_GCC_484\Debug\CyFlash.o .\CortexM0\ARM_GCC_484\Debug\CyLib.o .\CortexM0\ARM_GCC_484\Debug\cyPm.o .\CortexM0\ARM_GCC_484\Debug\cyutils.o .\CortexM0\ARM_GCC_484\Debug\UpDown.o .\CortexM0\ARM_GCC_484\Debug\UpDown_PM.o .\CortexM0\ARM_GCC_484\Debug\UD_Ref.o .\CortexM0\ARM_GCC_484\Debug\UD_Signal.o .\CortexM0\ARM_GCC_484\Debug\Transimpedance.o .\CortexM0\ARM_GCC_484\Debug\Transimpedance_PM.o .\CortexM0\ARM_GCC_484\Debug\Sum_node.o .\CortexM0\ARM_GCC_484\Debug\Feedback.o .\CortexM0\ARM_GCC_484\Debug\Agnd.o
arm-none-eabi-ar.exe: creating .\CortexM0\ARM_GCC_484\Debug\RosOnAStick.a
arm-none-eabi-gcc.exe -Wl,--start-group -o .\CortexM0\ARM_GCC_484\Debug\RosOnAStick.elf .\CortexM0\ARM_GCC_484\Debug\main.o .\CortexM0\ARM_GCC_484\Debug\Uarts.o .\CortexM0\ARM_GCC_484\Debug\cxxabi-compat.o .\CortexM0\ARM_GCC_484\Debug\duration.o .\CortexM0\ARM_GCC_484\Debug\init.o .\CortexM0\ARM_GCC_484\Debug\isnprintf.o .\CortexM0\ARM_GCC_484\Debug\SysTimer.o .\CortexM0\ARM_GCC_484\Debug\time.o .\CortexM0\ARM_GCC_484\Debug\ADC.o .\CortexM0\ARM_GCC_484\Debug\Blink.o .\CortexM0\ARM_GCC_484\Debug\HelloWorld.o .\CortexM0\ARM_GCC_484\Debug\button_example.o .\CortexM0\ARM_GCC_484\Debug\ServoControl.o .\CortexM0\ARM_GCC_484\Debug\Encoder.o .\CortexM0\ARM_GCC_484\Debug\StepperControl.o .\CortexM0\ARM_GCC_484\Debug\capsense_button.o .\CortexM0\ARM_GCC_484\Debug\UpDownCount.o .\CortexM0\ARM_GCC_484\Debug\cybootloader.o .\CortexM0\ARM_GCC_484\Debug\cymetadata.o .\CortexM0\ARM_GCC_484\Debug\Cm0Start.o .\CortexM0\ARM_GCC_484\Debug\RosOnAStick.a "C:\Program Files\Cypress\PSoC Creator\3.1\PSoC Creator\psoc\content\cycomponentlibrary\CyComponentLibrary.cylib\CortexM0\ARM_GCC_484\Debug\CyComponentLibrary.a" -mthumb -march=armv6-m -Wl,-Map,.\CortexM0\ARM_GCC_484\Debug/RosOnAStick.map -T .\Generated_Source\PSoC4\cm0gcc.ld -g -specs=nano.specs "-u _printf_float" "" -Wl,--gc-sections -Wl,--end-group
cyelftool.exe -B "C:\Documents and Settings\Chuck\My Documents\PSoC Creator\RosOnAStick\RosOnAStick.cydsn\CortexM0\ARM_GCC_484\Debug\RosOnAStick.elf" --flash_row_size 128 --flash_size 32768 --flash_array_size 32768
cyelftool.exe -S "C:\Documents and Settings\Chuck\My Documents\PSoC Creator\RosOnAStick\RosOnAStick.cydsn\CortexM0\ARM_GCC_484\Debug\RosOnAStick.elf"
Flash used: 31260 of 32768 bytes (95.4 %). Bootloader: 3968 bytes. Application: 27292 bytes
SRAM used: 2984 of 4096 bytes (72.9 %). Stack: 1024 bytes. Heap: 256 bytes.
--------------- Rebuild Succeeded: 02/20/2015 01:44:23 ---------------
