--------------- Build Started: 02/20/2015 01:43:29 Project: RosOnAStick, Configuration: ARM GCC 4.8.4 Debug ---------------
The code generation step is up to date.
The compile step is up to date, no work needs to be done.
arm-none-eabi-ar.exe -rs .\CortexM0\ARM_GCC_484\Debug\RosOnAStick.a .\CortexM0\ARM_GCC_484\Debug\cyfitter_cfg.o .\CortexM0\ARM_GCC_484\Debug\Bootloadable.o .\CortexM0\ARM_GCC_484\Debug\ROSSerial_UART_Clock.o .\CortexM0\ARM_GCC_484\Debug\ROSSerial_UART.o .\CortexM0\ARM_GCC_484\Debug\ROSSerial_UART_SPI_UART.o .\CortexM0\ARM_GCC_484\Debug\ROSSerial_UART_SPI_UART_INT.o .\CortexM0\ARM_GCC_484\Debug\ROSSerial_UART_PM.o .\CortexM0\ARM_GCC_484\Debug\ROSSerial_UART_UART.o .\CortexM0\ARM_GCC_484\Debug\ROSSerial_UART_BOOT.o .\CortexM0\ARM_GCC_484\Debug\ROSSerial_UART_UART_BOOT.o .\CortexM0\ARM_GCC_484\Debug\P1_6.o .\CortexM0\ARM_GCC_484\Debug\Port0.o .\CortexM0\ARM_GCC_484\Debug\ADC_SAR_SEQ.o .\CortexM0\ARM_GCC_484\Debug\ADC_SAR_SEQ_PM.o .\CortexM0\ARM_GCC_484\Debug\ADC_SAR_SEQ_INT.o .\CortexM0\ARM_GCC_484\Debug\PWM_1.o .\CortexM0\ARM_GCC_484\Debug\PWM_1_PM.o .\CortexM0\ARM_GCC_484\Debug\QuadDec_1.o .\CortexM0\ARM_GCC_484\Debug\QuadDec_1_PM.o .\CortexM0\ARM_GCC_484\Debug\PWM_Pin.o .\CortexM0\ARM_GCC_484\Debug\Quad_In_A.o .\CortexM0\ARM_GCC_484\Debug\Quad_In_B.o .\CortexM0\ARM_GCC_484\Debug\Quad_Clock.o .\CortexM0\ARM_GCC_484\Debug\PWM_Clock.o .\CortexM0\ARM_GCC_484\Debug\Step_A_N.o .\CortexM0\ARM_GCC_484\Debug\Step_A_P.o .\CortexM0\ARM_GCC_484\Debug\Step_B_N.o .\CortexM0\ARM_GCC_484\Debug\CapSense.o .\CortexM0\ARM_GCC_484\Debug\CapSense_PM.o .\CortexM0\ARM_GCC_484\Debug\CapSense_CSHL.o .\CortexM0\ARM_GCC_484\Debug\CapSense_INT.o .\CortexM0\ARM_GCC_484\Debug\CapSense_TunerHelper.o .\CortexM0\ARM_GCC_484\Debug\CapSense_SMS.o .\CortexM0\ARM_GCC_484\Debug\Stepper_Control.o .\CortexM0\ARM_GCC_484\Debug\Step_B_P.o .\CortexM0\ARM_GCC_484\Debug\ROSSerial_UART_tx.o .\CortexM0\ARM_GCC_484\Debug\ROSSerial_UART_rx.o .\CortexM0\ARM_GCC_484\Debug\ADC_SAR_SEQ_intClock.o .\CortexM0\ARM_GCC_484\Debug\ADC_SAR_SEQ_IRQ.o .\CortexM0\ARM_GCC_484\Debug\CapSense_SampleClk.o .\CortexM0\ARM_GCC_484\Debug\CapSense_Sns.o .\CortexM0\ARM_GCC_484\Debug\CapSense_SenseClk.o .\CortexM0\ARM_GCC_484\Debug\CyBootAsmGnu.o .\CortexM0\ARM_GCC_484\Debug\CyFlash.o .\CortexM0\ARM_GCC_484\Debug\CyLib.o .\CortexM0\ARM_GCC_484\Debug\cyPm.o .\CortexM0\ARM_GCC_484\Debug\cyutils.o .\CortexM0\ARM_GCC_484\Debug\UpDown.o .\CortexM0\ARM_GCC_484\Debug\UpDown_PM.o .\CortexM0\ARM_GCC_484\Debug\UD_Ref.o .\CortexM0\ARM_GCC_484\Debug\UD_Signal.o .\CortexM0\ARM_GCC_484\Debug\Transimpedance.o .\CortexM0\ARM_GCC_484\Debug\Transimpedance_PM.o .\CortexM0\ARM_GCC_484\Debug\Sum_node.o .\CortexM0\ARM_GCC_484\Debug\Feedback.o .\CortexM0\ARM_GCC_484\Debug\Agnd.o
arm-none-eabi-ar.exe: creating .\CortexM0\ARM_GCC_484\Debug\RosOnAStick.a
arm-none-eabi-gcc.exe -Wl,--start-group -o .\CortexM0\ARM_GCC_484\Debug\RosOnAStick.elf .\CortexM0\ARM_GCC_484\Debug\main.o .\CortexM0\ARM_GCC_484\Debug\Uarts.o .\CortexM0\ARM_GCC_484\Debug\cxxabi-compat.o .\CortexM0\ARM_GCC_484\Debug\duration.o .\CortexM0\ARM_GCC_484\Debug\init.o .\CortexM0\ARM_GCC_484\Debug\isnprintf.o .\CortexM0\ARM_GCC_484\Debug\SysTimer.o .\CortexM0\ARM_GCC_484\Debug\time.o .\CortexM0\ARM_GCC_484\Debug\ADC.o .\CortexM0\ARM_GCC_484\Debug\Blink.o .\CortexM0\ARM_GCC_484\Debug\HelloWorld.o .\CortexM0\ARM_GCC_484\Debug\button_example.o .\CortexM0\ARM_GCC_484\Debug\ServoControl.o .\CortexM0\ARM_GCC_484\Debug\Encoder.o .\CortexM0\ARM_GCC_484\Debug\StepperControl.o .\CortexM0\ARM_GCC_484\Debug\capsense_button.o .\CortexM0\ARM_GCC_484\Debug\UpDownCount.o .\CortexM0\ARM_GCC_484\Debug\cybootloader.o .\CortexM0\ARM_GCC_484\Debug\cymetadata.o .\CortexM0\ARM_GCC_484\Debug\Cm0Start.o .\CortexM0\ARM_GCC_484\Debug\RosOnAStick.a "C:\Program Files\Cypress\PSoC Creator\3.1\PSoC Creator\psoc\content\cycomponentlibrary\CyComponentLibrary.cylib\CortexM0\ARM_GCC_484\Debug\CyComponentLibrary.a" -mthumb -march=armv6-m -Wl,-Map,.\CortexM0\ARM_GCC_484\Debug/RosOnAStick.map -T .\Generated_Source\PSoC4\cm0gcc.ld -g -specs=nano.specs "-u _printf_float" "" -Wl,--gc-sections -Wl,--end-group
.\CortexM0\ARM_GCC_484\Debug\Uarts.o: In function `_GLOBAL__sub_I__ZN3ros22normalizeSecNSecSignedERlS0_':
C:\Documents and Settings\Chuck\My Documents\PSoC Creator\RosOnAStick\RosOnAStick.cydsn/.\ros_lib/duration.cpp:41: multiple definition of `ros::normalizeSecNSecSigned(long&, long&)'
.\CortexM0\ARM_GCC_484\Debug\main.o:C:\Documents and Settings\Chuck\My Documents\PSoC Creator\RosOnAStick\RosOnAStick.cydsn/./ros_lib/duration.cpp:41: first defined here
.\CortexM0\ARM_GCC_484\Debug\Uarts.o: In function `ros::Duration::operator*=(double)':
C:\Documents and Settings\Chuck\My Documents\PSoC Creator\RosOnAStick\RosOnAStick.cydsn/.\ros_lib/duration.cpp:60: multiple definition of `ros::Duration::operator+=(ros::Duration const&)'
.\CortexM0\ARM_GCC_484\Debug\main.o:C:\Documents and Settings\Chuck\My Documents\PSoC Creator\RosOnAStick\RosOnAStick.cydsn/./ros_lib/duration.cpp:60: first defined here
.\CortexM0\ARM_GCC_484\Debug\Uarts.o: In function `ros::Duration::operator-=(ros::Duration const&)':
C:\Documents and Settings\Chuck\My Documents\PSoC Creator\RosOnAStick\RosOnAStick.cydsn/.\ros_lib/duration.cpp:67: multiple definition of `ros::Duration::operator-=(ros::Duration const&)'
.\CortexM0\ARM_GCC_484\Debug\main.o:C:\Documents and Settings\Chuck\My Documents\PSoC Creator\RosOnAStick\RosOnAStick.cydsn/./ros_lib/duration.cpp:67: first defined here
.\CortexM0\ARM_GCC_484\Debug\Uarts.o: In function `ros::Duration::operator*=(double)':
C:\Documents and Settings\Chuck\My Documents\PSoC Creator\RosOnAStick\RosOnAStick.cydsn/.\ros_lib/duration.cpp:74: multiple definition of `ros::Duration::operator*=(double)'
.\CortexM0\ARM_GCC_484\Debug\main.o:C:\Documents and Settings\Chuck\My Documents\PSoC Creator\RosOnAStick\RosOnAStick.cydsn/./ros_lib/duration.cpp:74: first defined here
.\CortexM0\ARM_GCC_484\Debug\Uarts.o: In function `ros::normalizeSecNSec(unsigned long&, unsigned long&)':
C:\Documents and Settings\Chuck\My Documents\PSoC Creator\RosOnAStick\RosOnAStick.cydsn/.\ros_lib/time.cpp:39: multiple definition of `ros::normalizeSecNSec(unsigned long&, unsigned long&)'
.\CortexM0\ARM_GCC_484\Debug\main.o:C:\Documents and Settings\Chuck\My Documents\PSoC Creator\RosOnAStick\RosOnAStick.cydsn/./ros_lib/time.cpp:39: first defined here
.\CortexM0\ARM_GCC_484\Debug\Uarts.o: In function `ros::Time::fromNSec(long)':
C:\Documents and Settings\Chuck\My Documents\PSoC Creator\RosOnAStick\RosOnAStick.cydsn/.\ros_lib/time.cpp:47: multiple definition of `ros::Time::fromNSec(long)'
.\CortexM0\ARM_GCC_484\Debug\main.o:C:\Documents and Settings\Chuck\My Documents\PSoC Creator\RosOnAStick\RosOnAStick.cydsn/./ros_lib/time.cpp:47: first defined here
.\CortexM0\ARM_GCC_484\Debug\Uarts.o: In function `ros::Time::operator+=(ros::Duration const&)':
C:\Documents and Settings\Chuck\My Documents\PSoC Creator\RosOnAStick\RosOnAStick.cydsn/.\ros_lib/time.cpp:55: multiple definition of `ros::Time::operator+=(ros::Duration const&)'
.\CortexM0\ARM_GCC_484\Debug\main.o:C:\Documents and Settings\Chuck\My Documents\PSoC Creator\RosOnAStick\RosOnAStick.cydsn/./ros_lib/time.cpp:55: first defined here
.\CortexM0\ARM_GCC_484\Debug\Uarts.o: In function `ros::Time::operator-=(ros::Duration const&)':
C:\Documents and Settings\Chuck\My Documents\PSoC Creator\RosOnAStick\RosOnAStick.cydsn/.\ros_lib/time.cpp:62: multiple definition of `ros::Time::operator-=(ros::Duration const&)'
.\CortexM0\ARM_GCC_484\Debug\main.o:C:\Documents and Settings\Chuck\My Documents\PSoC Creator\RosOnAStick\RosOnAStick.cydsn/./ros_lib/time.cpp:62: first defined here
.\CortexM0\ARM_GCC_484\Debug\duration.o: In function `ros::Duration::operator-=(ros::Duration const&)':
C:\Documents and Settings\Chuck\My Documents\PSoC Creator\RosOnAStick\RosOnAStick.cydsn/.\ros_lib/duration.cpp:41: multiple definition of `ros::normalizeSecNSecSigned(long&, long&)'
.\CortexM0\ARM_GCC_484\Debug\main.o:C:\Documents and Settings\Chuck\My Documents\PSoC Creator\RosOnAStick\RosOnAStick.cydsn/./ros_lib/duration.cpp:41: first defined here
.\CortexM0\ARM_GCC_484\Debug\duration.o: In function `ros::Duration::operator*=(double)':
C:\Documents and Settings\Chuck\My Documents\PSoC Creator\RosOnAStick\RosOnAStick.cydsn/.\ros_lib/duration.cpp:60: multiple definition of `ros::Duration::operator+=(ros::Duration const&)'
.\CortexM0\ARM_GCC_484\Debug\main.o:C:\Documents and Settings\Chuck\My Documents\PSoC Creator\RosOnAStick\RosOnAStick.cydsn/./ros_lib/duration.cpp:60: first defined here
.\CortexM0\ARM_GCC_484\Debug\duration.o: In function `ros::Duration::operator-=(ros::Duration const&)':
C:\Documents and Settings\Chuck\My Documents\PSoC Creator\RosOnAStick\RosOnAStick.cydsn/.\ros_lib/duration.cpp:67: multiple definition of `ros::Duration::operator-=(ros::Duration const&)'
.\CortexM0\ARM_GCC_484\Debug\main.o:C:\Documents and Settings\Chuck\My Documents\PSoC Creator\RosOnAStick\RosOnAStick.cydsn/./ros_lib/duration.cpp:67: first defined here
.\CortexM0\ARM_GCC_484\Debug\duration.o: In function `ros::Duration::operator*=(double)':
C:\Documents and Settings\Chuck\My Documents\PSoC Creator\RosOnAStick\RosOnAStick.cydsn/.\ros_lib/duration.cpp:74: multiple definition of `ros::Duration::operator*=(double)'
.\CortexM0\ARM_GCC_484\Debug\main.o:C:\Documents and Settings\Chuck\My Documents\PSoC Creator\RosOnAStick\RosOnAStick.cydsn/./ros_lib/duration.cpp:74: first defined here
.\CortexM0\ARM_GCC_484\Debug\init.o: In function `init()':
C:\Documents and Settings\Chuck\My Documents\PSoC Creator\RosOnAStick\RosOnAStick.cydsn/.\ros_lib/duration.cpp:41: multiple definition of `ros::normalizeSecNSecSigned(long&, long&)'
.\CortexM0\ARM_GCC_484\Debug\main.o:C:\Documents and Settings\Chuck\My Documents\PSoC Creator\RosOnAStick\RosOnAStick.cydsn/./ros_lib/duration.cpp:41: first defined here
.\CortexM0\ARM_GCC_484\Debug\init.o: In function `ros::Duration::operator*=(double)':
C:\Documents and Settings\Chuck\My Documents\PSoC Creator\RosOnAStick\RosOnAStick.cydsn/.\ros_lib/duration.cpp:60: multiple definition of `ros::Duration::operator+=(ros::Duration const&)'
.\CortexM0\ARM_GCC_484\Debug\main.o:C:\Documents and Settings\Chuck\My Documents\PSoC Creator\RosOnAStick\RosOnAStick.cydsn/./ros_lib/duration.cpp:60: first defined here
.\CortexM0\ARM_GCC_484\Debug\init.o: In function `ros::Duration::operator-=(ros::Duration const&)':
C:\Documents and Settings\Chuck\My Documents\PSoC Creator\RosOnAStick\RosOnAStick.cydsn/.\ros_lib/duration.cpp:67: multiple definition of `ros::Duration::operator-=(ros::Duration const&)'
.\CortexM0\ARM_GCC_484\Debug\main.o:C:\Documents and Settings\Chuck\My Documents\PSoC Creator\RosOnAStick\RosOnAStick.cydsn/./ros_lib/duration.cpp:67: first defined here
.\CortexM0\ARM_GCC_484\Debug\init.o: In function `ros::Duration::operator*=(double)':
C:\Documents and Settings\Chuck\My Documents\PSoC Creator\RosOnAStick\RosOnAStick.cydsn/.\ros_lib/duration.cpp:74: multiple definition of `ros::Duration::operator*=(double)'
.\CortexM0\ARM_GCC_484\Debug\main.o:C:\Documents and Settings\Chuck\My Documents\PSoC Creator\RosOnAStick\RosOnAStick.cydsn/./ros_lib/duration.cpp:74: first defined here
.\CortexM0\ARM_GCC_484\Debug\init.o: In function `ros::normalizeSecNSec(unsigned long&, unsigned long&)':
C:\Documents and Settings\Chuck\My Documents\PSoC Creator\RosOnAStick\RosOnAStick.cydsn/.\ros_lib/time.cpp:39: multiple definition of `ros::normalizeSecNSec(unsigned long&, unsigned long&)'
.\CortexM0\ARM_GCC_484\Debug\main.o:C:\Documents and Settings\Chuck\My Documents\PSoC Creator\RosOnAStick\RosOnAStick.cydsn/./ros_lib/time.cpp:39: first defined here
.\CortexM0\ARM_GCC_484\Debug\init.o: In function `ros::Time::fromNSec(long)':
C:\Documents and Settings\Chuck\My Documents\PSoC Creator\RosOnAStick\RosOnAStick.cydsn/.\ros_lib/time.cpp:47: multiple definition of `ros::Time::fromNSec(long)'
.\CortexM0\ARM_GCC_484\Debug\main.o:C:\Documents and Settings\Chuck\My Documents\PSoC Creator\RosOnAStick\RosOnAStick.cydsn/./ros_lib/time.cpp:47: first defined here
.\CortexM0\ARM_GCC_484\Debug\init.o: In function `ros::Time::operator+=(ros::Duration const&)':
C:\Documents and Settings\Chuck\My Documents\PSoC Creator\RosOnAStick\RosOnAStick.cydsn/.\ros_lib/time.cpp:55: multiple definition of `ros::Time::operator+=(ros::Duration const&)'
.\CortexM0\ARM_GCC_484\Debug\main.o:C:\Documents and Settings\Chuck\My Documents\PSoC Creator\RosOnAStick\RosOnAStick.cydsn/./ros_lib/time.cpp:55: first defined here
.\CortexM0\ARM_GCC_484\Debug\init.o: In function `ros::Time::operator-=(ros::Duration const&)':
C:\Documents and Settings\Chuck\My Documents\PSoC Creator\RosOnAStick\RosOnAStick.cydsn/.\ros_lib/time.cpp:62: multiple definition of `ros::Time::operator-=(ros::Duration const&)'
.\CortexM0\ARM_GCC_484\Debug\main.o:C:\Documents and Settings\Chuck\My Documents\PSoC Creator\RosOnAStick\RosOnAStick.cydsn/./ros_lib/time.cpp:62: first defined here
.\CortexM0\ARM_GCC_484\Debug\SysTimer.o: In function `SysTick_ISR()':
C:\Documents and Settings\Chuck\My Documents\PSoC Creator\RosOnAStick\RosOnAStick.cydsn/.\ros_lib/duration.cpp:41: multiple definition of `ros::normalizeSecNSecSigned(long&, long&)'
.\CortexM0\ARM_GCC_484\Debug\main.o:C:\Documents and Settings\Chuck\My Documents\PSoC Creator\RosOnAStick\RosOnAStick.cydsn/./ros_lib/duration.cpp:41: first defined here
.\CortexM0\ARM_GCC_484\Debug\SysTimer.o: In function `ros::Duration::operator*=(double)':
C:\Documents and Settings\Chuck\My Documents\PSoC Creator\RosOnAStick\RosOnAStick.cydsn/.\ros_lib/duration.cpp:60: multiple definition of `ros::Duration::operator+=(ros::Duration const&)'
.\CortexM0\ARM_GCC_484\Debug\main.o:C:\Documents and Settings\Chuck\My Documents\PSoC Creator\RosOnAStick\RosOnAStick.cydsn/./ros_lib/duration.cpp:60: first defined here
.\CortexM0\ARM_GCC_484\Debug\SysTimer.o: In function `ros::Duration::operator-=(ros::Duration const&)':
C:\Documents and Settings\Chuck\My Documents\PSoC Creator\RosOnAStick\RosOnAStick.cydsn/.\ros_lib/duration.cpp:67: multiple definition of `ros::Duration::operator-=(ros::Duration const&)'
.\CortexM0\ARM_GCC_484\Debug\main.o:C:\Documents and Settings\Chuck\My Documents\PSoC Creator\RosOnAStick\RosOnAStick.cydsn/./ros_lib/duration.cpp:67: first defined here
.\CortexM0\ARM_GCC_484\Debug\SysTimer.o: In function `ros::Duration::operator*=(double)':
C:\Documents and Settings\Chuck\My Documents\PSoC Creator\RosOnAStick\RosOnAStick.cydsn/.\ros_lib/duration.cpp:74: multiple definition of `ros::Duration::operator*=(double)'
.\CortexM0\ARM_GCC_484\Debug\main.o:C:\Documents and Settings\Chuck\My Documents\PSoC Creator\RosOnAStick\RosOnAStick.cydsn/./ros_lib/duration.cpp:74: first defined here
.\CortexM0\ARM_GCC_484\Debug\SysTimer.o: In function `ros::normalizeSecNSec(unsigned long&, unsigned long&)':
C:\Documents and Settings\Chuck\My Documents\PSoC Creator\RosOnAStick\RosOnAStick.cydsn/.\ros_lib/time.cpp:39: multiple definition of `ros::normalizeSecNSec(unsigned long&, unsigned long&)'
.\CortexM0\ARM_GCC_484\Debug\main.o:C:\Documents and Settings\Chuck\My Documents\PSoC Creator\RosOnAStick\RosOnAStick.cydsn/./ros_lib/time.cpp:39: first defined here
.\CortexM0\ARM_GCC_484\Debug\SysTimer.o: In function `ros::Time::fromNSec(long)':
C:\Documents and Settings\Chuck\My Documents\PSoC Creator\RosOnAStick\RosOnAStick.cydsn/.\ros_lib/time.cpp:47: multiple definition of `ros::Time::fromNSec(long)'
.\CortexM0\ARM_GCC_484\Debug\main.o:C:\Documents and Settings\Chuck\My Documents\PSoC Creator\RosOnAStick\RosOnAStick.cydsn/./ros_lib/time.cpp:47: first defined here
.\CortexM0\ARM_GCC_484\Debug\SysTimer.o: In function `ros::Time::operator+=(ros::Duration const&)':
C:\Documents and Settings\Chuck\My Documents\PSoC Creator\RosOnAStick\RosOnAStick.cydsn/.\ros_lib/time.cpp:55: multiple definition of `ros::Time::operator+=(ros::Duration const&)'
.\CortexM0\ARM_GCC_484\Debug\main.o:C:\Documents and Settings\Chuck\My Documents\PSoC Creator\RosOnAStick\RosOnAStick.cydsn/./ros_lib/time.cpp:55: first defined here
.\CortexM0\ARM_GCC_484\Debug\SysTimer.o: In function `ros::Time::operator-=(ros::Duration const&)':
C:\Documents and Settings\Chuck\My Documents\PSoC Creator\RosOnAStick\RosOnAStick.cydsn/.\ros_lib/time.cpp:62: multiple definition of `ros::Time::operator-=(ros::Duration const&)'
.\CortexM0\ARM_GCC_484\Debug\main.o:C:\Documents and Settings\Chuck\My Documents\PSoC Creator\RosOnAStick\RosOnAStick.cydsn/./ros_lib/time.cpp:62: first defined here
.\CortexM0\ARM_GCC_484\Debug\time.o: In function `ros::Time::operator-=(ros::Duration const&)':
C:\Documents and Settings\Chuck\My Documents\PSoC Creator\RosOnAStick\RosOnAStick.cydsn/.\ros_lib/time.cpp:39: multiple definition of `ros::normalizeSecNSec(unsigned long&, unsigned long&)'
.\CortexM0\ARM_GCC_484\Debug\main.o:C:\Documents and Settings\Chuck\My Documents\PSoC Creator\RosOnAStick\RosOnAStick.cydsn/./ros_lib/time.cpp:39: first defined here
.\CortexM0\ARM_GCC_484\Debug\time.o: In function `ros::Time::fromNSec(long)':
C:\Documents and Settings\Chuck\My Documents\PSoC Creator\RosOnAStick\RosOnAStick.cydsn/.\ros_lib/time.cpp:47: multiple definition of `ros::Time::fromNSec(long)'
.\CortexM0\ARM_GCC_484\Debug\main.o:C:\Documents and Settings\Chuck\My Documents\PSoC Creator\RosOnAStick\RosOnAStick.cydsn/./ros_lib/time.cpp:47: first defined here
.\CortexM0\ARM_GCC_484\Debug\time.o: In function `ros::Time::operator+=(ros::Duration const&)':
C:\Documents and Settings\Chuck\My Documents\PSoC Creator\RosOnAStick\RosOnAStick.cydsn/.\ros_lib/time.cpp:55: multiple definition of `ros::Time::operator+=(ros::Duration const&)'
.\CortexM0\ARM_GCC_484\Debug\main.o:C:\Documents and Settings\Chuck\My Documents\PSoC Creator\RosOnAStick\RosOnAStick.cydsn/./ros_lib/time.cpp:55: first defined here
.\CortexM0\ARM_GCC_484\Debug\time.o: In function `ros::Time::operator-=(ros::Duration const&)':
C:\Documents and Settings\Chuck\My Documents\PSoC Creator\RosOnAStick\RosOnAStick.cydsn/.\ros_lib/time.cpp:62: multiple definition of `ros::Time::operator-=(ros::Duration const&)'
.\CortexM0\ARM_GCC_484\Debug\main.o:C:\Documents and Settings\Chuck\My Documents\PSoC Creator\RosOnAStick\RosOnAStick.cydsn/./ros_lib/time.cpp:62: first defined here
.\CortexM0\ARM_GCC_484\Debug\ADC.o: In function `SysTimer::millis()':
C:\Documents and Settings\Chuck\My Documents\PSoC Creator\RosOnAStick\RosOnAStick.cydsn/./ros_lib/duration.cpp:41: multiple definition of `ros::normalizeSecNSecSigned(long&, long&)'
.\CortexM0\ARM_GCC_484\Debug\main.o:C:\Documents and Settings\Chuck\My Documents\PSoC Creator\RosOnAStick\RosOnAStick.cydsn/./ros_lib/duration.cpp:41: first defined here
.\CortexM0\ARM_GCC_484\Debug\ADC.o: In function `ros::Duration::operator*=(double)':
C:\Documents and Settings\Chuck\My Documents\PSoC Creator\RosOnAStick\RosOnAStick.cydsn/./ros_lib/duration.cpp:60: multiple definition of `ros::Duration::operator+=(ros::Duration const&)'
.\CortexM0\ARM_GCC_484\Debug\main.o:C:\Documents and Settings\Chuck\My Documents\PSoC Creator\RosOnAStick\RosOnAStick.cydsn/./ros_lib/duration.cpp:60: first defined here
.\CortexM0\ARM_GCC_484\Debug\ADC.o: In function `rosserial_psoc4::Adc::serialize(unsigned char*) const':
C:\Documents and Settings\Chuck\My Documents\PSoC Creator\RosOnAStick\RosOnAStick.cydsn/./ros_lib/duration.cpp:67: multiple definition of `ros::Duration::operator-=(ros::Duration const&)'
.\CortexM0\ARM_GCC_484\Debug\main.o:C:\Documents and Settings\Chuck\My Documents\PSoC Creator\RosOnAStick\RosOnAStick.cydsn/./ros_lib/duration.cpp:67: first defined here
.\CortexM0\ARM_GCC_484\Debug\ADC.o: In function `ros::Duration::operator*=(double)':
C:\Documents and Settings\Chuck\My Documents\PSoC Creator\RosOnAStick\RosOnAStick.cydsn/./ros_lib/duration.cpp:74: multiple definition of `ros::Duration::operator*=(double)'
.\CortexM0\ARM_GCC_484\Debug\main.o:C:\Documents and Settings\Chuck\My Documents\PSoC Creator\RosOnAStick\RosOnAStick.cydsn/./ros_lib/duration.cpp:74: first defined here
.\CortexM0\ARM_GCC_484\Debug\ADC.o: In function `ros::normalizeSecNSec(unsigned long&, unsigned long&)':
C:\Documents and Settings\Chuck\My Documents\PSoC Creator\RosOnAStick\RosOnAStick.cydsn/./ros_lib/time.cpp:39: multiple definition of `ros::normalizeSecNSec(unsigned long&, unsigned long&)'
.\CortexM0\ARM_GCC_484\Debug\main.o:C:\Documents and Settings\Chuck\My Documents\PSoC Creator\RosOnAStick\RosOnAStick.cydsn/./ros_lib/time.cpp:39: first defined here
.\CortexM0\ARM_GCC_484\Debug\ADC.o: In function `ros::Time::fromNSec(long)':
C:\Documents and Settings\Chuck\My Documents\PSoC Creator\RosOnAStick\RosOnAStick.cydsn/./ros_lib/time.cpp:47: multiple definition of `ros::Time::fromNSec(long)'
.\CortexM0\ARM_GCC_484\Debug\main.o:C:\Documents and Settings\Chuck\My Documents\PSoC Creator\RosOnAStick\RosOnAStick.cydsn/./ros_lib/time.cpp:47: first defined here
.\CortexM0\ARM_GCC_484\Debug\ADC.o: In function `ros::Time::operator+=(ros::Duration const&)':
C:\Documents and Settings\Chuck\My Documents\PSoC Creator\RosOnAStick\RosOnAStick.cydsn/./ros_lib/time.cpp:55: multiple definition of `ros::Time::operator+=(ros::Duration const&)'
.\CortexM0\ARM_GCC_484\Debug\main.o:C:\Documents and Settings\Chuck\My Documents\PSoC Creator\RosOnAStick\RosOnAStick.cydsn/./ros_lib/time.cpp:55: first defined here
.\CortexM0\ARM_GCC_484\Debug\ADC.o: In function `ros::Time::operator-=(ros::Duration const&)':
C:\Documents and Settings\Chuck\My Documents\PSoC Creator\RosOnAStick\RosOnAStick.cydsn/./ros_lib/time.cpp:62: multiple definition of `ros::Time::operator-=(ros::Duration const&)'
.\CortexM0\ARM_GCC_484\Debug\main.o:C:\Documents and Settings\Chuck\My Documents\PSoC Creator\RosOnAStick\RosOnAStick.cydsn/./ros_lib/time.cpp:62: first defined here
.\CortexM0\ARM_GCC_484\Debug\Blink.o: In function `ros::Subscriber<std_msgs::Empty>::getEndpointType()':
C:\Documents and Settings\Chuck\My Documents\PSoC Creator\RosOnAStick\RosOnAStick.cydsn/./ros_lib/duration.cpp:41: multiple definition of `ros::normalizeSecNSecSigned(long&, long&)'
.\CortexM0\ARM_GCC_484\Debug\main.o:C:\Documents and Settings\Chuck\My Documents\PSoC Creator\RosOnAStick\RosOnAStick.cydsn/./ros_lib/duration.cpp:41: first defined here
.\CortexM0\ARM_GCC_484\Debug\Blink.o: In function `ros::Duration::operator*=(double)':
C:\Documents and Settings\Chuck\My Documents\PSoC Creator\RosOnAStick\RosOnAStick.cydsn/./ros_lib/duration.cpp:60: multiple definition of `ros::Duration::operator+=(ros::Duration const&)'
.\CortexM0\ARM_GCC_484\Debug\main.o:C:\Documents and Settings\Chuck\My Documents\PSoC Creator\RosOnAStick\RosOnAStick.cydsn/./ros_lib/duration.cpp:60: first defined here
.\CortexM0\ARM_GCC_484\Debug\Blink.o: In function `ros::Duration::operator-=(ros::Duration const&)':
C:\Documents and Settings\Chuck\My Documents\PSoC Creator\RosOnAStick\RosOnAStick.cydsn/./ros_lib/duration.cpp:67: multiple definition of `ros::Duration::operator-=(ros::Duration const&)'
.\CortexM0\ARM_GCC_484\Debug\main.o:C:\Documents and Settings\Chuck\My Documents\PSoC Creator\RosOnAStick\RosOnAStick.cydsn/./ros_lib/duration.cpp:67: first defined here
.\CortexM0\ARM_GCC_484\Debug\Blink.o: In function `ros::Duration::operator*=(double)':
C:\Documents and Settings\Chuck\My Documents\PSoC Creator\RosOnAStick\RosOnAStick.cydsn/./ros_lib/duration.cpp:74: multiple definition of `ros::Duration::operator*=(double)'
.\CortexM0\ARM_GCC_484\Debug\main.o:C:\Documents and Settings\Chuck\My Documents\PSoC Creator\RosOnAStick\RosOnAStick.cydsn/./ros_lib/duration.cpp:74: first defined here
.\CortexM0\ARM_GCC_484\Debug\Blink.o: In function `ros::normalizeSecNSec(unsigned long&, unsigned long&)':
C:\Documents and Settings\Chuck\My Documents\PSoC Creator\RosOnAStick\RosOnAStick.cydsn/./ros_lib/time.cpp:39: multiple definition of `ros::normalizeSecNSec(unsigned long&, unsigned long&)'
.\CortexM0\ARM_GCC_484\Debug\main.o:C:\Documents and Settings\Chuck\My Documents\PSoC Creator\RosOnAStick\RosOnAStick.cydsn/./ros_lib/time.cpp:39: first defined here
.\CortexM0\ARM_GCC_484\Debug\Blink.o: In function `ros::Time::fromNSec(long)':
C:\Documents and Settings\Chuck\My Documents\PSoC Creator\RosOnAStick\RosOnAStick.cydsn/./ros_lib/time.cpp:47: multiple definition of `ros::Time::fromNSec(long)'
.\CortexM0\ARM_GCC_484\Debug\main.o:C:\Documents and Settings\Chuck\My Documents\PSoC Creator\RosOnAStick\RosOnAStick.cydsn/./ros_lib/time.cpp:47: first defined here
.\CortexM0\ARM_GCC_484\Debug\Blink.o: In function `ros::Time::operator+=(ros::Duration const&)':
C:\Documents and Settings\Chuck\My Documents\PSoC Creator\RosOnAStick\RosOnAStick.cydsn/./ros_lib/time.cpp:55: multiple definition of `ros::Time::operator+=(ros::Duration const&)'
.\CortexM0\ARM_GCC_484\Debug\main.o:C:\Documents and Settings\Chuck\My Documents\PSoC Creator\RosOnAStick\RosOnAStick.cydsn/./ros_lib/time.cpp:55: first defined here
.\CortexM0\ARM_GCC_484\Debug\Blink.o: In function `ros::Time::operator-=(ros::Duration const&)':
C:\Documents and Settings\Chuck\My Documents\PSoC Creator\RosOnAStick\RosOnAStick.cydsn/./ros_lib/time.cpp:62: multiple definition of `ros::Time::operator-=(ros::Duration const&)'
.\CortexM0\ARM_GCC_484\Debug\main.o:C:\Documents and Settings\Chuck\My Documents\PSoC Creator\RosOnAStick\RosOnAStick.cydsn/./ros_lib/time.cpp:62: first defined here
.\CortexM0\ARM_GCC_484\Debug\HelloWorld.o: In function `SysTimer::millis()':
C:\Documents and Settings\Chuck\My Documents\PSoC Creator\RosOnAStick\RosOnAStick.cydsn/./ros_lib/ros/node_handle.h:345: multiple definition of `ros::normalizeSecNSecSigned(long&, long&)'
.\CortexM0\ARM_GCC_484\Debug\main.o:C:\Documents and Settings\Chuck\My Documents\PSoC Creator\RosOnAStick\RosOnAStick.cydsn/./ros_lib/duration.cpp:41: first defined here
.\CortexM0\ARM_GCC_484\Debug\HelloWorld.o: In function `ros::Duration::operator+=(ros::Duration const&)':
C:\Documents and Settings\Chuck\My Documents\PSoC Creator\RosOnAStick\RosOnAStick.cydsn/./ros_lib/duration.cpp:60: multiple definition of `ros::Duration::operator+=(ros::Duration const&)'
.\CortexM0\ARM_GCC_484\Debug\main.o:C:\Documents and Settings\Chuck\My Documents\PSoC Creator\RosOnAStick\RosOnAStick.cydsn/./ros_lib/duration.cpp:60: first defined here
.\CortexM0\ARM_GCC_484\Debug\HelloWorld.o: In function `ros::Duration::operator-=(ros::Duration const&)':
C:\Documents and Settings\Chuck\My Documents\PSoC Creator\RosOnAStick\RosOnAStick.cydsn/./ros_lib/duration.cpp:67: multiple definition of `ros::Duration::operator-=(ros::Duration const&)'
.\CortexM0\ARM_GCC_484\Debug\main.o:C:\Documents and Settings\Chuck\My Documents\PSoC Creator\RosOnAStick\RosOnAStick.cydsn/./ros_lib/duration.cpp:67: first defined here
.\CortexM0\ARM_GCC_484\Debug\HelloWorld.o: In function `ros::Duration::operator*=(double)':
C:\Documents and Settings\Chuck\My Documents\PSoC Creator\RosOnAStick\RosOnAStick.cydsn/./ros_lib/duration.cpp:74: multiple definition of `ros::Duration::operator*=(double)'
.\CortexM0\ARM_GCC_484\Debug\main.o:C:\Documents and Settings\Chuck\My Documents\PSoC Creator\RosOnAStick\RosOnAStick.cydsn/./ros_lib/duration.cpp:74: first defined here
.\CortexM0\ARM_GCC_484\Debug\HelloWorld.o: In function `ros::normalizeSecNSec(unsigned long&, unsigned long&)':
C:\Documents and Settings\Chuck\My Documents\PSoC Creator\RosOnAStick\RosOnAStick.cydsn/./ros_lib/time.cpp:39: multiple definition of `ros::normalizeSecNSec(unsigned long&, unsigned long&)'
.\CortexM0\ARM_GCC_484\Debug\main.o:C:\Documents and Settings\Chuck\My Documents\PSoC Creator\RosOnAStick\RosOnAStick.cydsn/./ros_lib/time.cpp:39: first defined here
.\CortexM0\ARM_GCC_484\Debug\HelloWorld.o: In function `ros::Time::fromNSec(long)':
C:\Documents and Settings\Chuck\My Documents\PSoC Creator\RosOnAStick\RosOnAStick.cydsn/./ros_lib/time.cpp:47: multiple definition of `ros::Time::fromNSec(long)'
.\CortexM0\ARM_GCC_484\Debug\main.o:C:\Documents and Settings\Chuck\My Documents\PSoC Creator\RosOnAStick\RosOnAStick.cydsn/./ros_lib/time.cpp:47: first defined here
.\CortexM0\ARM_GCC_484\Debug\HelloWorld.o: In function `ros::Time::operator+=(ros::Duration const&)':
C:\Documents and Settings\Chuck\My Documents\PSoC Creator\RosOnAStick\RosOnAStick.cydsn/./ros_lib/time.cpp:55: multiple definition of `ros::Time::operator+=(ros::Duration const&)'
.\CortexM0\ARM_GCC_484\Debug\main.o:C:\Documents and Settings\Chuck\My Documents\PSoC Creator\RosOnAStick\RosOnAStick.cydsn/./ros_lib/time.cpp:55: first defined here
.\CortexM0\ARM_GCC_484\Debug\HelloWorld.o: In function `ros::Time::operator-=(ros::Duration const&)':
C:\Documents and Settings\Chuck\My Documents\PSoC Creator\RosOnAStick\RosOnAStick.cydsn/./ros_lib/time.cpp:62: multiple definition of `ros::Time::operator-=(ros::Duration const&)'
.\CortexM0\ARM_GCC_484\Debug\main.o:C:\Documents and Settings\Chuck\My Documents\PSoC Creator\RosOnAStick\RosOnAStick.cydsn/./ros_lib/time.cpp:62: first defined here
.\CortexM0\ARM_GCC_484\Debug\button_example.o: In function `SysTimer::millis()':
C:\Documents and Settings\Chuck\My Documents\PSoC Creator\RosOnAStick\RosOnAStick.cydsn/./ros_lib/rosserial_msgs/Log.h:44: multiple definition of `ros::normalizeSecNSecSigned(long&, long&)'
.\CortexM0\ARM_GCC_484\Debug\main.o:C:\Documents and Settings\Chuck\My Documents\PSoC Creator\RosOnAStick\RosOnAStick.cydsn/./ros_lib/duration.cpp:41: first defined here
.\CortexM0\ARM_GCC_484\Debug\button_example.o: In function `ros::Duration::operator*=(double)':
C:\Documents and Settings\Chuck\My Documents\PSoC Creator\RosOnAStick\RosOnAStick.cydsn/./ros_lib/rosserial_msgs/Log.h:56: multiple definition of `ros::Duration::operator+=(ros::Duration const&)'
.\CortexM0\ARM_GCC_484\Debug\main.o:C:\Documents and Settings\Chuck\My Documents\PSoC Creator\RosOnAStick\RosOnAStick.cydsn/./ros_lib/duration.cpp:60: first defined here
.\CortexM0\ARM_GCC_484\Debug\button_example.o: In function `ros::Duration::operator-=(ros::Duration const&)':
C:\Documents and Settings\Chuck\My Documents\PSoC Creator\RosOnAStick\RosOnAStick.cydsn/./ros_lib/duration.cpp:67: multiple definition of `ros::Duration::operator-=(ros::Duration const&)'
.\CortexM0\ARM_GCC_484\Debug\main.o:C:\Documents and Settings\Chuck\My Documents\PSoC Creator\RosOnAStick\RosOnAStick.cydsn/./ros_lib/duration.cpp:67: first defined here
.\CortexM0\ARM_GCC_484\Debug\button_example.o: In function `ros::Duration::operator*=(double)':
C:\Documents and Settings\Chuck\My Documents\PSoC Creator\RosOnAStick\RosOnAStick.cydsn/./ros_lib/duration.cpp:74: multiple definition of `ros::Duration::operator*=(double)'
.\CortexM0\ARM_GCC_484\Debug\main.o:C:\Documents and Settings\Chuck\My Documents\PSoC Creator\RosOnAStick\RosOnAStick.cydsn/./ros_lib/duration.cpp:74: first defined here
.\CortexM0\ARM_GCC_484\Debug\button_example.o: In function `ros::normalizeSecNSec(unsigned long&, unsigned long&)':
C:\Documents and Settings\Chuck\My Documents\PSoC Creator\RosOnAStick\RosOnAStick.cydsn/./ros_lib/time.cpp:39: multiple definition of `ros::normalizeSecNSec(unsigned long&, unsigned long&)'
.\CortexM0\ARM_GCC_484\Debug\main.o:C:\Documents and Settings\Chuck\My Documents\PSoC Creator\RosOnAStick\RosOnAStick.cydsn/./ros_lib/time.cpp:39: first defined here
.\CortexM0\ARM_GCC_484\Debug\button_example.o: In function `ros::Time::fromNSec(long)':
C:\Documents and Settings\Chuck\My Documents\PSoC Creator\RosOnAStick\RosOnAStick.cydsn/./ros_lib/time.cpp:47: multiple definition of `ros::Time::fromNSec(long)'
.\CortexM0\ARM_GCC_484\Debug\main.o:C:\Documents and Settings\Chuck\My Documents\PSoC Creator\RosOnAStick\RosOnAStick.cydsn/./ros_lib/time.cpp:47: first defined here
.\CortexM0\ARM_GCC_484\Debug\button_example.o: In function `ros::Time::operator+=(ros::Duration const&)':
C:\Documents and Settings\Chuck\My Documents\PSoC Creator\RosOnAStick\RosOnAStick.cydsn/./ros_lib/time.cpp:55: multiple definition of `ros::Time::operator+=(ros::Duration const&)'
.\CortexM0\ARM_GCC_484\Debug\main.o:C:\Documents and Settings\Chuck\My Documents\PSoC Creator\RosOnAStick\RosOnAStick.cydsn/./ros_lib/time.cpp:55: first defined here
.\CortexM0\ARM_GCC_484\Debug\button_example.o: In function `ros::Time::operator-=(ros::Duration const&)':
C:\Documents and Settings\Chuck\My Documents\PSoC Creator\RosOnAStick\RosOnAStick.cydsn/./ros_lib/time.cpp:62: multiple definition of `ros::Time::operator-=(ros::Duration const&)'
.\CortexM0\ARM_GCC_484\Debug\main.o:C:\Documents and Settings\Chuck\My Documents\PSoC Creator\RosOnAStick\RosOnAStick.cydsn/./ros_lib/time.cpp:62: first defined here
.\CortexM0\ARM_GCC_484\Debug\ServoControl.o: In function `ServoControl::loop()':
C:\Documents and Settings\Chuck\My Documents\PSoC Creator\RosOnAStick\RosOnAStick.cydsn/./ros_lib/duration.cpp:41: multiple definition of `ros::normalizeSecNSecSigned(long&, long&)'
.\CortexM0\ARM_GCC_484\Debug\main.o:C:\Documents and Settings\Chuck\My Documents\PSoC Creator\RosOnAStick\RosOnAStick.cydsn/./ros_lib/duration.cpp:41: first defined here
.\CortexM0\ARM_GCC_484\Debug\ServoControl.o: In function `ros::Duration::operator*=(double)':
C:\Documents and Settings\Chuck\My Documents\PSoC Creator\RosOnAStick\RosOnAStick.cydsn/./ros_lib/duration.cpp:60: multiple definition of `ros::Duration::operator+=(ros::Duration const&)'
.\CortexM0\ARM_GCC_484\Debug\main.o:C:\Documents and Settings\Chuck\My Documents\PSoC Creator\RosOnAStick\RosOnAStick.cydsn/./ros_lib/duration.cpp:60: first defined here
.\CortexM0\ARM_GCC_484\Debug\ServoControl.o: In function `ros::Duration::operator-=(ros::Duration const&)':
C:\Documents and Settings\Chuck\My Documents\PSoC Creator\RosOnAStick\RosOnAStick.cydsn/./ros_lib/duration.cpp:67: multiple definition of `ros::Duration::operator-=(ros::Duration const&)'
.\CortexM0\ARM_GCC_484\Debug\main.o:C:\Documents and Settings\Chuck\My Documents\PSoC Creator\RosOnAStick\RosOnAStick.cydsn/./ros_lib/duration.cpp:67: first defined here
.\CortexM0\ARM_GCC_484\Debug\ServoControl.o: In function `ros::Duration::operator*=(double)':
C:\Documents and Settings\Chuck\My Documents\PSoC Creator\RosOnAStick\RosOnAStick.cydsn/./ros_lib/duration.cpp:74: multiple definition of `ros::Duration::operator*=(double)'
.\CortexM0\ARM_GCC_484\Debug\main.o:C:\Documents and Settings\Chuck\My Documents\PSoC Creator\RosOnAStick\RosOnAStick.cydsn/./ros_lib/duration.cpp:74: first defined here
.\CortexM0\ARM_GCC_484\Debug\ServoControl.o: In function `ros::normalizeSecNSec(unsigned long&, unsigned long&)':
C:\Documents and Settings\Chuck\My Documents\PSoC Creator\RosOnAStick\RosOnAStick.cydsn/./ros_lib/time.cpp:39: multiple definition of `ros::normalizeSecNSec(unsigned long&, unsigned long&)'
.\CortexM0\ARM_GCC_484\Debug\main.o:C:\Documents and Settings\Chuck\My Documents\PSoC Creator\RosOnAStick\RosOnAStick.cydsn/./ros_lib/time.cpp:39: first defined here
.\CortexM0\ARM_GCC_484\Debug\ServoControl.o: In function `ros::Time::fromNSec(long)':
C:\Documents and Settings\Chuck\My Documents\PSoC Creator\RosOnAStick\RosOnAStick.cydsn/./ros_lib/time.cpp:47: multiple definition of `ros::Time::fromNSec(long)'
.\CortexM0\ARM_GCC_484\Debug\main.o:C:\Documents and Settings\Chuck\My Documents\PSoC Creator\RosOnAStick\RosOnAStick.cydsn/./ros_lib/time.cpp:47: first defined here
.\CortexM0\ARM_GCC_484\Debug\ServoControl.o: In function `ros::Time::operator+=(ros::Duration const&)':
C:\Documents and Settings\Chuck\My Documents\PSoC Creator\RosOnAStick\RosOnAStick.cydsn/./ros_lib/time.cpp:55: multiple definition of `ros::Time::operator+=(ros::Duration const&)'
.\CortexM0\ARM_GCC_484\Debug\main.o:C:\Documents and Settings\Chuck\My Documents\PSoC Creator\RosOnAStick\RosOnAStick.cydsn/./ros_lib/time.cpp:55: first defined here
.\CortexM0\ARM_GCC_484\Debug\ServoControl.o: In function `ros::Time::operator-=(ros::Duration const&)':
C:\Documents and Settings\Chuck\My Documents\PSoC Creator\RosOnAStick\RosOnAStick.cydsn/./ros_lib/time.cpp:62: multiple definition of `ros::Time::operator-=(ros::Duration const&)'
.\CortexM0\ARM_GCC_484\Debug\main.o:C:\Documents and Settings\Chuck\My Documents\PSoC Creator\RosOnAStick\RosOnAStick.cydsn/./ros_lib/time.cpp:62: first defined here
.\CortexM0\ARM_GCC_484\Debug\Encoder.o: In function `SysTimer::millis()':
C:\Documents and Settings\Chuck\My Documents\PSoC Creator\RosOnAStick\RosOnAStick.cydsn/./ros_lib/duration.cpp:41: multiple definition of `ros::normalizeSecNSecSigned(long&, long&)'
.\CortexM0\ARM_GCC_484\Debug\main.o:C:\Documents and Settings\Chuck\My Documents\PSoC Creator\RosOnAStick\RosOnAStick.cydsn/./ros_lib/duration.cpp:41: first defined here
.\CortexM0\ARM_GCC_484\Debug\Encoder.o: In function `std_msgs::Int16::deserialize(unsigned char*)':
C:\Documents and Settings\Chuck\My Documents\PSoC Creator\RosOnAStick\RosOnAStick.cydsn/./ros_lib/duration.cpp:60: multiple definition of `ros::Duration::operator+=(ros::Duration const&)'
.\CortexM0\ARM_GCC_484\Debug\main.o:C:\Documents and Settings\Chuck\My Documents\PSoC Creator\RosOnAStick\RosOnAStick.cydsn/./ros_lib/duration.cpp:60: first defined here
.\CortexM0\ARM_GCC_484\Debug\Encoder.o: In function `ros::Duration::operator-=(ros::Duration const&)':
C:\Documents and Settings\Chuck\My Documents\PSoC Creator\RosOnAStick\RosOnAStick.cydsn/./ros_lib/duration.cpp:67: multiple definition of `ros::Duration::operator-=(ros::Duration const&)'
.\CortexM0\ARM_GCC_484\Debug\main.o:C:\Documents and Settings\Chuck\My Documents\PSoC Creator\RosOnAStick\RosOnAStick.cydsn/./ros_lib/duration.cpp:67: first defined here
.\CortexM0\ARM_GCC_484\Debug\Encoder.o: In function `ros::Duration::operator*=(double)':
C:\Documents and Settings\Chuck\My Documents\PSoC Creator\RosOnAStick\RosOnAStick.cydsn/./ros_lib/duration.cpp:74: multiple definition of `ros::Duration::operator*=(double)'
.\CortexM0\ARM_GCC_484\Debug\main.o:C:\Documents and Settings\Chuck\My Documents\PSoC Creator\RosOnAStick\RosOnAStick.cydsn/./ros_lib/duration.cpp:74: first defined here
.\CortexM0\ARM_GCC_484\Debug\Encoder.o: In function `ros::normalizeSecNSec(unsigned long&, unsigned long&)':
C:\Documents and Settings\Chuck\My Documents\PSoC Creator\RosOnAStick\RosOnAStick.cydsn/./ros_lib/time.cpp:39: multiple definition of `ros::normalizeSecNSec(unsigned long&, unsigned long&)'
.\CortexM0\ARM_GCC_484\Debug\main.o:C:\Documents and Settings\Chuck\My Documents\PSoC Creator\RosOnAStick\RosOnAStick.cydsn/./ros_lib/time.cpp:39: first defined here
.\CortexM0\ARM_GCC_484\Debug\Encoder.o: In function `ros::Time::fromNSec(long)':
C:\Documents and Settings\Chuck\My Documents\PSoC Creator\RosOnAStick\RosOnAStick.cydsn/./ros_lib/time.cpp:47: multiple definition of `ros::Time::fromNSec(long)'
.\CortexM0\ARM_GCC_484\Debug\main.o:C:\Documents and Settings\Chuck\My Documents\PSoC Creator\RosOnAStick\RosOnAStick.cydsn/./ros_lib/time.cpp:47: first defined here
.\CortexM0\ARM_GCC_484\Debug\Encoder.o: In function `ros::Time::operator+=(ros::Duration const&)':
C:\Documents and Settings\Chuck\My Documents\PSoC Creator\RosOnAStick\RosOnAStick.cydsn/./ros_lib/time.cpp:55: multiple definition of `ros::Time::operator+=(ros::Duration const&)'
.\CortexM0\ARM_GCC_484\Debug\main.o:C:\Documents and Settings\Chuck\My Documents\PSoC Creator\RosOnAStick\RosOnAStick.cydsn/./ros_lib/time.cpp:55: first defined here
.\CortexM0\ARM_GCC_484\Debug\Encoder.o: In function `ros::Time::operator-=(ros::Duration const&)':
C:\Documents and Settings\Chuck\My Documents\PSoC Creator\RosOnAStick\RosOnAStick.cydsn/./ros_lib/time.cpp:62: multiple definition of `ros::Time::operator-=(ros::Duration const&)'
.\CortexM0\ARM_GCC_484\Debug\main.o:C:\Documents and Settings\Chuck\My Documents\PSoC Creator\RosOnAStick\RosOnAStick.cydsn/./ros_lib/time.cpp:62: first defined here
.\CortexM0\ARM_GCC_484\Debug\StepperControl.o: In function `ros::Subscriber<std_msgs::Int16>::getEndpointType()':
C:\Documents and Settings\Chuck\My Documents\PSoC Creator\RosOnAStick\RosOnAStick.cydsn/./ros_lib/std_msgs/Int16.h:38: multiple definition of `ros::normalizeSecNSecSigned(long&, long&)'
.\CortexM0\ARM_GCC_484\Debug\main.o:C:\Documents and Settings\Chuck\My Documents\PSoC Creator\RosOnAStick\RosOnAStick.cydsn/./ros_lib/duration.cpp:41: first defined here
.\CortexM0\ARM_GCC_484\Debug\StepperControl.o: In function `std_msgs::Int16::deserialize(unsigned char*)':
C:\Documents and Settings\Chuck\My Documents\PSoC Creator\RosOnAStick\RosOnAStick.cydsn/./ros_lib/std_msgs/Int16.h:52: multiple definition of `ros::Duration::operator+=(ros::Duration const&)'
.\CortexM0\ARM_GCC_484\Debug\main.o:C:\Documents and Settings\Chuck\My Documents\PSoC Creator\RosOnAStick\RosOnAStick.cydsn/./ros_lib/duration.cpp:60: first defined here
.\CortexM0\ARM_GCC_484\Debug\StepperControl.o: In function `ros::Duration::operator-=(ros::Duration const&)':
C:\Documents and Settings\Chuck\My Documents\PSoC Creator\RosOnAStick\RosOnAStick.cydsn/./ros_lib/duration.cpp:67: multiple definition of `ros::Duration::operator-=(ros::Duration const&)'
.\CortexM0\ARM_GCC_484\Debug\main.o:C:\Documents and Settings\Chuck\My Documents\PSoC Creator\RosOnAStick\RosOnAStick.cydsn/./ros_lib/duration.cpp:67: first defined here
.\CortexM0\ARM_GCC_484\Debug\StepperControl.o: In function `ros::Duration::operator*=(double)':
C:\Documents and Settings\Chuck\My Documents\PSoC Creator\RosOnAStick\RosOnAStick.cydsn/./ros_lib/duration.cpp:74: multiple definition of `ros::Duration::operator*=(double)'
.\CortexM0\ARM_GCC_484\Debug\main.o:C:\Documents and Settings\Chuck\My Documents\PSoC Creator\RosOnAStick\RosOnAStick.cydsn/./ros_lib/duration.cpp:74: first defined here
.\CortexM0\ARM_GCC_484\Debug\StepperControl.o: In function `ros::normalizeSecNSec(unsigned long&, unsigned long&)':
C:\Documents and Settings\Chuck\My Documents\PSoC Creator\RosOnAStick\RosOnAStick.cydsn/./ros_lib/time.cpp:39: multiple definition of `ros::normalizeSecNSec(unsigned long&, unsigned long&)'
.\CortexM0\ARM_GCC_484\Debug\main.o:C:\Documents and Settings\Chuck\My Documents\PSoC Creator\RosOnAStick\RosOnAStick.cydsn/./ros_lib/time.cpp:39: first defined here
.\CortexM0\ARM_GCC_484\Debug\StepperControl.o: In function `ros::Time::fromNSec(long)':
C:\Documents and Settings\Chuck\My Documents\PSoC Creator\RosOnAStick\RosOnAStick.cydsn/./ros_lib/time.cpp:47: multiple definition of `ros::Time::fromNSec(long)'
.\CortexM0\ARM_GCC_484\Debug\main.o:C:\Documents and Settings\Chuck\My Documents\PSoC Creator\RosOnAStick\RosOnAStick.cydsn/./ros_lib/time.cpp:47: first defined here
.\CortexM0\ARM_GCC_484\Debug\StepperControl.o: In function `ros::Time::operator+=(ros::Duration const&)':
C:\Documents and Settings\Chuck\My Documents\PSoC Creator\RosOnAStick\RosOnAStick.cydsn/./ros_lib/time.cpp:55: multiple definition of `ros::Time::operator+=(ros::Duration const&)'
.\CortexM0\ARM_GCC_484\Debug\main.o:C:\Documents and Settings\Chuck\My Documents\PSoC Creator\RosOnAStick\RosOnAStick.cydsn/./ros_lib/time.cpp:55: first defined here
.\CortexM0\ARM_GCC_484\Debug\StepperControl.o: In function `ros::Time::operator-=(ros::Duration const&)':
C:\Documents and Settings\Chuck\My Documents\PSoC Creator\RosOnAStick\RosOnAStick.cydsn/./ros_lib/time.cpp:62: multiple definition of `ros::Time::operator-=(ros::Duration const&)'
.\CortexM0\ARM_GCC_484\Debug\main.o:C:\Documents and Settings\Chuck\My Documents\PSoC Creator\RosOnAStick\RosOnAStick.cydsn/./ros_lib/time.cpp:62: first defined here
.\CortexM0\ARM_GCC_484\Debug\capsense_button.o: In function `SysTimer::millis()':
C:\Documents and Settings\Chuck\My Documents\PSoC Creator\RosOnAStick\RosOnAStick.cydsn/./ros_lib/rosserial_msgs/Log.h:44: multiple definition of `ros::normalizeSecNSecSigned(long&, long&)'
.\CortexM0\ARM_GCC_484\Debug\main.o:C:\Documents and Settings\Chuck\My Documents\PSoC Creator\RosOnAStick\RosOnAStick.cydsn/./ros_lib/duration.cpp:41: first defined here
.\CortexM0\ARM_GCC_484\Debug\capsense_button.o: In function `ros::Duration::operator*=(double)':
C:\Documents and Settings\Chuck\My Documents\PSoC Creator\RosOnAStick\RosOnAStick.cydsn/./ros_lib/rosserial_msgs/Log.h:56: multiple definition of `ros::Duration::operator+=(ros::Duration const&)'
.\CortexM0\ARM_GCC_484\Debug\main.o:C:\Documents and Settings\Chuck\My Documents\PSoC Creator\RosOnAStick\RosOnAStick.cydsn/./ros_lib/duration.cpp:60: first defined here
.\CortexM0\ARM_GCC_484\Debug\capsense_button.o: In function `ros::Duration::operator-=(ros::Duration const&)':
C:\Documents and Settings\Chuck\My Documents\PSoC Creator\RosOnAStick\RosOnAStick.cydsn/./ros_lib/duration.cpp:67: multiple definition of `ros::Duration::operator-=(ros::Duration const&)'
.\CortexM0\ARM_GCC_484\Debug\main.o:C:\Documents and Settings\Chuck\My Documents\PSoC Creator\RosOnAStick\RosOnAStick.cydsn/./ros_lib/duration.cpp:67: first defined here
.\CortexM0\ARM_GCC_484\Debug\capsense_button.o: In function `ros::Duration::operator*=(double)':
C:\Documents and Settings\Chuck\My Documents\PSoC Creator\RosOnAStick\RosOnAStick.cydsn/./ros_lib/duration.cpp:74: multiple definition of `ros::Duration::operator*=(double)'
.\CortexM0\ARM_GCC_484\Debug\main.o:C:\Documents and Settings\Chuck\My Documents\PSoC Creator\RosOnAStick\RosOnAStick.cydsn/./ros_lib/duration.cpp:74: first defined here
.\CortexM0\ARM_GCC_484\Debug\capsense_button.o: In function `ros::normalizeSecNSec(unsigned long&, unsigned long&)':
C:\Documents and Settings\Chuck\My Documents\PSoC Creator\RosOnAStick\RosOnAStick.cydsn/./ros_lib/time.cpp:39: multiple definition of `ros::normalizeSecNSec(unsigned long&, unsigned long&)'
.\CortexM0\ARM_GCC_484\Debug\main.o:C:\Documents and Settings\Chuck\My Documents\PSoC Creator\RosOnAStick\RosOnAStick.cydsn/./ros_lib/time.cpp:39: first defined here
.\CortexM0\ARM_GCC_484\Debug\capsense_button.o: In function `ros::Time::fromNSec(long)':
C:\Documents and Settings\Chuck\My Documents\PSoC Creator\RosOnAStick\RosOnAStick.cydsn/./ros_lib/time.cpp:47: multiple definition of `ros::Time::fromNSec(long)'
.\CortexM0\ARM_GCC_484\Debug\main.o:C:\Documents and Settings\Chuck\My Documents\PSoC Creator\RosOnAStick\RosOnAStick.cydsn/./ros_lib/time.cpp:47: first defined here
.\CortexM0\ARM_GCC_484\Debug\capsense_button.o: In function `ros::Time::operator+=(ros::Duration const&)':
C:\Documents and Settings\Chuck\My Documents\PSoC Creator\RosOnAStick\RosOnAStick.cydsn/./ros_lib/time.cpp:55: multiple definition of `ros::Time::operator+=(ros::Duration const&)'
.\CortexM0\ARM_GCC_484\Debug\main.o:C:\Documents and Settings\Chuck\My Documents\PSoC Creator\RosOnAStick\RosOnAStick.cydsn/./ros_lib/time.cpp:55: first defined here
.\CortexM0\ARM_GCC_484\Debug\capsense_button.o: In function `ros::Time::operator-=(ros::Duration const&)':
C:\Documents and Settings\Chuck\My Documents\PSoC Creator\RosOnAStick\RosOnAStick.cydsn/./ros_lib/time.cpp:62: multiple definition of `ros::Time::operator-=(ros::Duration const&)'
.\CortexM0\ARM_GCC_484\Debug\main.o:C:\Documents and Settings\Chuck\My Documents\PSoC Creator\RosOnAStick\RosOnAStick.cydsn/./ros_lib/time.cpp:62: first defined here
.\CortexM0\ARM_GCC_484\Debug\UpDownCount.o: In function `ros::Subscriber<std_msgs::Empty>::getEndpointType()':
C:\Documents and Settings\Chuck\My Documents\PSoC Creator\RosOnAStick\RosOnAStick.cydsn/./ros_lib/std_msgs/Int32.h:40: multiple definition of `ros::normalizeSecNSecSigned(long&, long&)'
.\CortexM0\ARM_GCC_484\Debug\main.o:C:\Documents and Settings\Chuck\My Documents\PSoC Creator\RosOnAStick\RosOnAStick.cydsn/./ros_lib/duration.cpp:41: first defined here
.\CortexM0\ARM_GCC_484\Debug\UpDownCount.o: In function `__static_initialization_and_destruction_0':
C:\Documents and Settings\Chuck\My Documents\PSoC Creator\RosOnAStick\RosOnAStick.cydsn/./ros_lib/std_msgs/Int32.h:54: multiple definition of `ros::Duration::operator+=(ros::Duration const&)'
.\CortexM0\ARM_GCC_484\Debug\main.o:C:\Documents and Settings\Chuck\My Documents\PSoC Creator\RosOnAStick\RosOnAStick.cydsn/./ros_lib/duration.cpp:60: first defined here
.\CortexM0\ARM_GCC_484\Debug\UpDownCount.o: In function `ros::Duration::operator-=(ros::Duration const&)':
C:\Documents and Settings\Chuck\My Documents\PSoC Creator\RosOnAStick\RosOnAStick.cydsn/./ros_lib/duration.cpp:67: multiple definition of `ros::Duration::operator-=(ros::Duration const&)'
.\CortexM0\ARM_GCC_484\Debug\main.o:C:\Documents and Settings\Chuck\My Documents\PSoC Creator\RosOnAStick\RosOnAStick.cydsn/./ros_lib/duration.cpp:67: first defined here
.\CortexM0\ARM_GCC_484\Debug\UpDownCount.o: In function `ros::Duration::operator*=(double)':
C:\Documents and Settings\Chuck\My Documents\PSoC Creator\RosOnAStick\RosOnAStick.cydsn/./ros_lib/duration.cpp:74: multiple definition of `ros::Duration::operator*=(double)'
.\CortexM0\ARM_GCC_484\Debug\main.o:C:\Documents and Settings\Chuck\My Documents\PSoC Creator\RosOnAStick\RosOnAStick.cydsn/./ros_lib/duration.cpp:74: first defined here
.\CortexM0\ARM_GCC_484\Debug\UpDownCount.o: In function `ros::normalizeSecNSec(unsigned long&, unsigned long&)':
C:\Documents and Settings\Chuck\My Documents\PSoC Creator\RosOnAStick\RosOnAStick.cydsn/./ros_lib/time.cpp:39: multiple definition of `ros::normalizeSecNSec(unsigned long&, unsigned long&)'
.\CortexM0\ARM_GCC_484\Debug\main.o:C:\Documents and Settings\Chuck\My Documents\PSoC Creator\RosOnAStick\RosOnAStick.cydsn/./ros_lib/time.cpp:39: first defined here
.\CortexM0\ARM_GCC_484\Debug\UpDownCount.o: In function `ros::Time::fromNSec(long)':
C:\Documents and Settings\Chuck\My Documents\PSoC Creator\RosOnAStick\RosOnAStick.cydsn/./ros_lib/time.cpp:47: multiple definition of `ros::Time::fromNSec(long)'
.\CortexM0\ARM_GCC_484\Debug\main.o:C:\Documents and Settings\Chuck\My Documents\PSoC Creator\RosOnAStick\RosOnAStick.cydsn/./ros_lib/time.cpp:47: first defined here
.\CortexM0\ARM_GCC_484\Debug\UpDownCount.o: In function `ros::Time::operator+=(ros::Duration const&)':
C:\Documents and Settings\Chuck\My Documents\PSoC Creator\RosOnAStick\RosOnAStick.cydsn/./ros_lib/time.cpp:55: multiple definition of `ros::Time::operator+=(ros::Duration const&)'
.\CortexM0\ARM_GCC_484\Debug\main.o:C:\Documents and Settings\Chuck\My Documents\PSoC Creator\RosOnAStick\RosOnAStick.cydsn/./ros_lib/time.cpp:55: first defined here
.\CortexM0\ARM_GCC_484\Debug\UpDownCount.o: In function `ros::Time::operator-=(ros::Duration const&)':
C:\Documents and Settings\Chuck\My Documents\PSoC Creator\RosOnAStick\RosOnAStick.cydsn/./ros_lib/time.cpp:62: multiple definition of `ros::Time::operator-=(ros::Duration const&)'
.\CortexM0\ARM_GCC_484\Debug\main.o:C:\Documents and Settings\Chuck\My Documents\PSoC Creator\RosOnAStick\RosOnAStick.cydsn/./ros_lib/time.cpp:62: first defined here
collect2.exe: error: ld returned 1 exit status
The command 'arm-none-eabi-gcc.exe' failed with exit code '1'.
--------------- Build Failed: 02/20/2015 01:43:30 ---------------
