ARM GAS  C:\DOCUME~1\Chuck\LOCALS~1\Temp\ccuftYYi.s 			page 1


   1              		.cpu cortex-m0
   2              		.fpu softvfp
   3              		.eabi_attribute 20, 1
   4              		.eabi_attribute 21, 1
   5              		.eabi_attribute 23, 3
   6              		.eabi_attribute 24, 1
   7              		.eabi_attribute 25, 1
   8              		.eabi_attribute 26, 1
   9              		.eabi_attribute 30, 6
  10              		.eabi_attribute 34, 0
  11              		.eabi_attribute 18, 4
  12              		.code	16
  13              		.file	"ROSSerial_UART_PM.c"
  14              		.text
  15              	.Ltext0:
  16              		.cfi_sections	.debug_frame
  17              		.global	ROSSerial_UART_backup
  18              		.bss
  19              		.align	2
  20              		.type	ROSSerial_UART_backup, %object
  21              		.size	ROSSerial_UART_backup, 1
  22              	ROSSerial_UART_backup:
  23 0000 00       		.space	1
  24 0001 000000   		.section	.text.ROSSerial_UART_Sleep,"ax",%progbits
  25              		.align	2
  26              		.global	ROSSerial_UART_Sleep
  27              		.code	16
  28              		.thumb_func
  29              		.type	ROSSerial_UART_Sleep, %function
  30              	ROSSerial_UART_Sleep:
  31              	.LFB0:
  32              		.file 1 ".\\Generated_Source\\PSoC4\\ROSSerial_UART_PM.c"
   1:.\Generated_Source\PSoC4/ROSSerial_UART_PM.c **** /*******************************************************************************
   2:.\Generated_Source\PSoC4/ROSSerial_UART_PM.c **** * File Name: ROSSerial_UART_PM.c
   3:.\Generated_Source\PSoC4/ROSSerial_UART_PM.c **** * Version 1.20
   4:.\Generated_Source\PSoC4/ROSSerial_UART_PM.c **** *
   5:.\Generated_Source\PSoC4/ROSSerial_UART_PM.c **** * Description:
   6:.\Generated_Source\PSoC4/ROSSerial_UART_PM.c **** *  This file provides the source code to the Power Management support for
   7:.\Generated_Source\PSoC4/ROSSerial_UART_PM.c **** *  the SCB Component.
   8:.\Generated_Source\PSoC4/ROSSerial_UART_PM.c **** *
   9:.\Generated_Source\PSoC4/ROSSerial_UART_PM.c **** * Note:
  10:.\Generated_Source\PSoC4/ROSSerial_UART_PM.c **** *
  11:.\Generated_Source\PSoC4/ROSSerial_UART_PM.c **** ********************************************************************************
  12:.\Generated_Source\PSoC4/ROSSerial_UART_PM.c **** * Copyright 2013-2014, Cypress Semiconductor Corporation.  All rights reserved.
  13:.\Generated_Source\PSoC4/ROSSerial_UART_PM.c **** * You may use this file only in accordance with the license, terms, conditions,
  14:.\Generated_Source\PSoC4/ROSSerial_UART_PM.c **** * disclaimers, and limitations in the end user license agreement accompanying
  15:.\Generated_Source\PSoC4/ROSSerial_UART_PM.c **** * the software package with which this file was provided.
  16:.\Generated_Source\PSoC4/ROSSerial_UART_PM.c **** *******************************************************************************/
  17:.\Generated_Source\PSoC4/ROSSerial_UART_PM.c **** 
  18:.\Generated_Source\PSoC4/ROSSerial_UART_PM.c **** #include "ROSSerial_UART.h"
  19:.\Generated_Source\PSoC4/ROSSerial_UART_PM.c **** #include "ROSSerial_UART_PVT.h"
  20:.\Generated_Source\PSoC4/ROSSerial_UART_PM.c **** 
  21:.\Generated_Source\PSoC4/ROSSerial_UART_PM.c **** #if(ROSSerial_UART_SCB_MODE_I2C_INC)
  22:.\Generated_Source\PSoC4/ROSSerial_UART_PM.c ****     #include "ROSSerial_UART_I2C_PVT.h"
  23:.\Generated_Source\PSoC4/ROSSerial_UART_PM.c **** #endif /* (ROSSerial_UART_SCB_MODE_I2C_INC) */
  24:.\Generated_Source\PSoC4/ROSSerial_UART_PM.c **** 
  25:.\Generated_Source\PSoC4/ROSSerial_UART_PM.c **** #if(ROSSerial_UART_SCB_MODE_EZI2C_INC)
ARM GAS  C:\DOCUME~1\Chuck\LOCALS~1\Temp\ccuftYYi.s 			page 2


  26:.\Generated_Source\PSoC4/ROSSerial_UART_PM.c ****     #include "ROSSerial_UART_EZI2C_PVT.h"
  27:.\Generated_Source\PSoC4/ROSSerial_UART_PM.c **** #endif /* (ROSSerial_UART_SCB_MODE_EZI2C_INC) */
  28:.\Generated_Source\PSoC4/ROSSerial_UART_PM.c **** 
  29:.\Generated_Source\PSoC4/ROSSerial_UART_PM.c **** #if(ROSSerial_UART_SCB_MODE_SPI_INC || ROSSerial_UART_SCB_MODE_UART_INC)
  30:.\Generated_Source\PSoC4/ROSSerial_UART_PM.c ****     #include "ROSSerial_UART_SPI_UART_PVT.h"
  31:.\Generated_Source\PSoC4/ROSSerial_UART_PM.c **** #endif /* (ROSSerial_UART_SCB_MODE_SPI_INC || ROSSerial_UART_SCB_MODE_UART_INC) */
  32:.\Generated_Source\PSoC4/ROSSerial_UART_PM.c **** 
  33:.\Generated_Source\PSoC4/ROSSerial_UART_PM.c **** 
  34:.\Generated_Source\PSoC4/ROSSerial_UART_PM.c **** /***************************************
  35:.\Generated_Source\PSoC4/ROSSerial_UART_PM.c **** *   Backup Structure declaration
  36:.\Generated_Source\PSoC4/ROSSerial_UART_PM.c **** ***************************************/
  37:.\Generated_Source\PSoC4/ROSSerial_UART_PM.c **** 
  38:.\Generated_Source\PSoC4/ROSSerial_UART_PM.c **** #if(ROSSerial_UART_SCB_MODE_UNCONFIG_CONST_CFG || \
  39:.\Generated_Source\PSoC4/ROSSerial_UART_PM.c ****    (ROSSerial_UART_SCB_MODE_I2C_CONST_CFG   && (!ROSSerial_UART_I2C_WAKE_ENABLE_CONST))   || \
  40:.\Generated_Source\PSoC4/ROSSerial_UART_PM.c ****    (ROSSerial_UART_SCB_MODE_EZI2C_CONST_CFG && (!ROSSerial_UART_EZI2C_WAKE_ENABLE_CONST)) || \
  41:.\Generated_Source\PSoC4/ROSSerial_UART_PM.c ****    (ROSSerial_UART_SCB_MODE_SPI_CONST_CFG   && (!ROSSerial_UART_SPI_WAKE_ENABLE_CONST))   || \
  42:.\Generated_Source\PSoC4/ROSSerial_UART_PM.c ****    (ROSSerial_UART_SCB_MODE_UART_CONST_CFG  && (!ROSSerial_UART_UART_WAKE_ENABLE_CONST)))
  43:.\Generated_Source\PSoC4/ROSSerial_UART_PM.c **** 
  44:.\Generated_Source\PSoC4/ROSSerial_UART_PM.c ****     ROSSerial_UART_BACKUP_STRUCT ROSSerial_UART_backup =
  45:.\Generated_Source\PSoC4/ROSSerial_UART_PM.c ****     {
  46:.\Generated_Source\PSoC4/ROSSerial_UART_PM.c ****         0u, /* enableState */
  47:.\Generated_Source\PSoC4/ROSSerial_UART_PM.c ****     };
  48:.\Generated_Source\PSoC4/ROSSerial_UART_PM.c **** #endif
  49:.\Generated_Source\PSoC4/ROSSerial_UART_PM.c **** 
  50:.\Generated_Source\PSoC4/ROSSerial_UART_PM.c **** 
  51:.\Generated_Source\PSoC4/ROSSerial_UART_PM.c **** /*******************************************************************************
  52:.\Generated_Source\PSoC4/ROSSerial_UART_PM.c **** * Function Name: ROSSerial_UART_Sleep
  53:.\Generated_Source\PSoC4/ROSSerial_UART_PM.c **** ********************************************************************************
  54:.\Generated_Source\PSoC4/ROSSerial_UART_PM.c **** *
  55:.\Generated_Source\PSoC4/ROSSerial_UART_PM.c **** * Summary:
  56:.\Generated_Source\PSoC4/ROSSerial_UART_PM.c **** *  Prepares the component to enter Deep Sleep.
  57:.\Generated_Source\PSoC4/ROSSerial_UART_PM.c **** *  The “Enable wakeup from Sleep Mode” selection has an influence on
  58:.\Generated_Source\PSoC4/ROSSerial_UART_PM.c **** *  this function implementation.
  59:.\Generated_Source\PSoC4/ROSSerial_UART_PM.c **** *
  60:.\Generated_Source\PSoC4/ROSSerial_UART_PM.c **** * Parameters:
  61:.\Generated_Source\PSoC4/ROSSerial_UART_PM.c **** *  None
  62:.\Generated_Source\PSoC4/ROSSerial_UART_PM.c **** *
  63:.\Generated_Source\PSoC4/ROSSerial_UART_PM.c **** * Return:
  64:.\Generated_Source\PSoC4/ROSSerial_UART_PM.c **** *  None
  65:.\Generated_Source\PSoC4/ROSSerial_UART_PM.c **** *
  66:.\Generated_Source\PSoC4/ROSSerial_UART_PM.c **** *******************************************************************************/
  67:.\Generated_Source\PSoC4/ROSSerial_UART_PM.c **** void ROSSerial_UART_Sleep(void)
  68:.\Generated_Source\PSoC4/ROSSerial_UART_PM.c **** {
  33              		.loc 1 68 0
  34              		.cfi_startproc
  35 0000 80B5     		push	{r7, lr}
  36              		.cfi_def_cfa_offset 8
  37              		.cfi_offset 7, -8
  38              		.cfi_offset 14, -4
  39 0002 00AF     		add	r7, sp, #0
  40              		.cfi_def_cfa_register 7
  69:.\Generated_Source\PSoC4/ROSSerial_UART_PM.c **** #if(ROSSerial_UART_SCB_MODE_UNCONFIG_CONST_CFG)
  70:.\Generated_Source\PSoC4/ROSSerial_UART_PM.c **** 
  71:.\Generated_Source\PSoC4/ROSSerial_UART_PM.c ****     if(ROSSerial_UART_SCB_WAKE_ENABLE_CHECK)
  72:.\Generated_Source\PSoC4/ROSSerial_UART_PM.c ****     {
  73:.\Generated_Source\PSoC4/ROSSerial_UART_PM.c ****         if(ROSSerial_UART_SCB_MODE_I2C_RUNTM_CFG)
  74:.\Generated_Source\PSoC4/ROSSerial_UART_PM.c ****         {
ARM GAS  C:\DOCUME~1\Chuck\LOCALS~1\Temp\ccuftYYi.s 			page 3


  75:.\Generated_Source\PSoC4/ROSSerial_UART_PM.c ****             ROSSerial_UART_I2CSaveConfig();
  76:.\Generated_Source\PSoC4/ROSSerial_UART_PM.c ****         }
  77:.\Generated_Source\PSoC4/ROSSerial_UART_PM.c ****         else if(ROSSerial_UART_SCB_MODE_EZI2C_RUNTM_CFG)
  78:.\Generated_Source\PSoC4/ROSSerial_UART_PM.c ****         {
  79:.\Generated_Source\PSoC4/ROSSerial_UART_PM.c ****             ROSSerial_UART_EzI2CSaveConfig();
  80:.\Generated_Source\PSoC4/ROSSerial_UART_PM.c ****         }
  81:.\Generated_Source\PSoC4/ROSSerial_UART_PM.c ****     #if(!ROSSerial_UART_CY_SCBIP_V1_I2C_ONLY)
  82:.\Generated_Source\PSoC4/ROSSerial_UART_PM.c ****         else if(ROSSerial_UART_SCB_MODE_SPI_RUNTM_CFG)
  83:.\Generated_Source\PSoC4/ROSSerial_UART_PM.c ****         {
  84:.\Generated_Source\PSoC4/ROSSerial_UART_PM.c ****             ROSSerial_UART_SpiSaveConfig();
  85:.\Generated_Source\PSoC4/ROSSerial_UART_PM.c ****         }
  86:.\Generated_Source\PSoC4/ROSSerial_UART_PM.c ****         else if(ROSSerial_UART_SCB_MODE_UART_RUNTM_CFG)
  87:.\Generated_Source\PSoC4/ROSSerial_UART_PM.c ****         {
  88:.\Generated_Source\PSoC4/ROSSerial_UART_PM.c ****             ROSSerial_UART_UartSaveConfig();
  89:.\Generated_Source\PSoC4/ROSSerial_UART_PM.c ****         }
  90:.\Generated_Source\PSoC4/ROSSerial_UART_PM.c ****     #endif /* (!ROSSerial_UART_CY_SCBIP_V1_I2C_ONLY) */
  91:.\Generated_Source\PSoC4/ROSSerial_UART_PM.c ****         else
  92:.\Generated_Source\PSoC4/ROSSerial_UART_PM.c ****         {
  93:.\Generated_Source\PSoC4/ROSSerial_UART_PM.c ****             /* Unknown mode: do nothing */
  94:.\Generated_Source\PSoC4/ROSSerial_UART_PM.c ****         }
  95:.\Generated_Source\PSoC4/ROSSerial_UART_PM.c ****     }
  96:.\Generated_Source\PSoC4/ROSSerial_UART_PM.c ****     else
  97:.\Generated_Source\PSoC4/ROSSerial_UART_PM.c ****     {
  98:.\Generated_Source\PSoC4/ROSSerial_UART_PM.c ****         ROSSerial_UART_backup.enableState = (uint8) ROSSerial_UART_GET_CTRL_ENABLED;
  99:.\Generated_Source\PSoC4/ROSSerial_UART_PM.c **** 
 100:.\Generated_Source\PSoC4/ROSSerial_UART_PM.c ****         if(0u != ROSSerial_UART_backup.enableState)
 101:.\Generated_Source\PSoC4/ROSSerial_UART_PM.c ****         {
 102:.\Generated_Source\PSoC4/ROSSerial_UART_PM.c ****             ROSSerial_UART_Stop();
 103:.\Generated_Source\PSoC4/ROSSerial_UART_PM.c ****         }
 104:.\Generated_Source\PSoC4/ROSSerial_UART_PM.c ****     }
 105:.\Generated_Source\PSoC4/ROSSerial_UART_PM.c **** 
 106:.\Generated_Source\PSoC4/ROSSerial_UART_PM.c **** #else
 107:.\Generated_Source\PSoC4/ROSSerial_UART_PM.c **** 
 108:.\Generated_Source\PSoC4/ROSSerial_UART_PM.c ****     #if (ROSSerial_UART_SCB_MODE_I2C_CONST_CFG && ROSSerial_UART_I2C_WAKE_ENABLE_CONST)
 109:.\Generated_Source\PSoC4/ROSSerial_UART_PM.c ****         ROSSerial_UART_I2CSaveConfig();
 110:.\Generated_Source\PSoC4/ROSSerial_UART_PM.c **** 
 111:.\Generated_Source\PSoC4/ROSSerial_UART_PM.c ****     #elif (ROSSerial_UART_SCB_MODE_EZI2C_CONST_CFG && ROSSerial_UART_EZI2C_WAKE_ENABLE_CONST)
 112:.\Generated_Source\PSoC4/ROSSerial_UART_PM.c ****         ROSSerial_UART_EzI2CSaveConfig();
 113:.\Generated_Source\PSoC4/ROSSerial_UART_PM.c **** 
 114:.\Generated_Source\PSoC4/ROSSerial_UART_PM.c ****     #elif (ROSSerial_UART_SCB_MODE_SPI_CONST_CFG && ROSSerial_UART_SPI_WAKE_ENABLE_CONST)
 115:.\Generated_Source\PSoC4/ROSSerial_UART_PM.c ****         ROSSerial_UART_SpiSaveConfig();
 116:.\Generated_Source\PSoC4/ROSSerial_UART_PM.c **** 
 117:.\Generated_Source\PSoC4/ROSSerial_UART_PM.c ****     #elif (ROSSerial_UART_SCB_MODE_UART_CONST_CFG && ROSSerial_UART_UART_WAKE_ENABLE_CONST)
 118:.\Generated_Source\PSoC4/ROSSerial_UART_PM.c ****         ROSSerial_UART_UartSaveConfig();
 119:.\Generated_Source\PSoC4/ROSSerial_UART_PM.c **** 
 120:.\Generated_Source\PSoC4/ROSSerial_UART_PM.c ****     #else
 121:.\Generated_Source\PSoC4/ROSSerial_UART_PM.c **** 
 122:.\Generated_Source\PSoC4/ROSSerial_UART_PM.c ****         ROSSerial_UART_backup.enableState = (uint8) ROSSerial_UART_GET_CTRL_ENABLED;
  41              		.loc 1 122 0
  42 0004 074B     		ldr	r3, .L3
  43 0006 1B68     		ldr	r3, [r3]
  44 0008 DB0F     		lsr	r3, r3, #31
  45 000a DBB2     		uxtb	r3, r3
  46 000c 1A1C     		mov	r2, r3
  47 000e 064B     		ldr	r3, .L3+4
  48 0010 1A70     		strb	r2, [r3]
 123:.\Generated_Source\PSoC4/ROSSerial_UART_PM.c **** 
ARM GAS  C:\DOCUME~1\Chuck\LOCALS~1\Temp\ccuftYYi.s 			page 4


 124:.\Generated_Source\PSoC4/ROSSerial_UART_PM.c ****         if(0u != ROSSerial_UART_backup.enableState)
  49              		.loc 1 124 0
  50 0012 054B     		ldr	r3, .L3+4
  51 0014 1B78     		ldrb	r3, [r3]
  52 0016 002B     		cmp	r3, #0
  53 0018 01D0     		beq	.L1
 125:.\Generated_Source\PSoC4/ROSSerial_UART_PM.c ****         {
 126:.\Generated_Source\PSoC4/ROSSerial_UART_PM.c ****             ROSSerial_UART_Stop();
  54              		.loc 1 126 0
  55 001a FFF7FEFF 		bl	ROSSerial_UART_Stop
  56              	.L1:
 127:.\Generated_Source\PSoC4/ROSSerial_UART_PM.c ****         }
 128:.\Generated_Source\PSoC4/ROSSerial_UART_PM.c **** 
 129:.\Generated_Source\PSoC4/ROSSerial_UART_PM.c ****     #endif /* defined (ROSSerial_UART_SCB_MODE_I2C_CONST_CFG) && (ROSSerial_UART_I2C_WAKE_ENABLE_CO
 130:.\Generated_Source\PSoC4/ROSSerial_UART_PM.c **** 
 131:.\Generated_Source\PSoC4/ROSSerial_UART_PM.c **** #endif /* (ROSSerial_UART_SCB_MODE_UNCONFIG_CONST_CFG) */
 132:.\Generated_Source\PSoC4/ROSSerial_UART_PM.c **** }
  57              		.loc 1 132 0
  58 001e BD46     		mov	sp, r7
  59              		@ sp needed
  60 0020 80BD     		pop	{r7, pc}
  61              	.L4:
  62 0022 C046     		.align	2
  63              	.L3:
  64 0024 00000640 		.word	1074135040
  65 0028 00000000 		.word	ROSSerial_UART_backup
  66              		.cfi_endproc
  67              	.LFE0:
  68              		.size	ROSSerial_UART_Sleep, .-ROSSerial_UART_Sleep
  69              		.section	.text.ROSSerial_UART_Wakeup,"ax",%progbits
  70              		.align	2
  71              		.global	ROSSerial_UART_Wakeup
  72              		.code	16
  73              		.thumb_func
  74              		.type	ROSSerial_UART_Wakeup, %function
  75              	ROSSerial_UART_Wakeup:
  76              	.LFB1:
 133:.\Generated_Source\PSoC4/ROSSerial_UART_PM.c **** 
 134:.\Generated_Source\PSoC4/ROSSerial_UART_PM.c **** 
 135:.\Generated_Source\PSoC4/ROSSerial_UART_PM.c **** /*******************************************************************************
 136:.\Generated_Source\PSoC4/ROSSerial_UART_PM.c **** * Function Name: ROSSerial_UART_Wakeup
 137:.\Generated_Source\PSoC4/ROSSerial_UART_PM.c **** ********************************************************************************
 138:.\Generated_Source\PSoC4/ROSSerial_UART_PM.c **** *
 139:.\Generated_Source\PSoC4/ROSSerial_UART_PM.c **** * Summary:
 140:.\Generated_Source\PSoC4/ROSSerial_UART_PM.c **** *  Prepares the component for the Active mode operation after exiting Deep Sleep.
 141:.\Generated_Source\PSoC4/ROSSerial_UART_PM.c **** *  The “Enable wakeup from Sleep Mode” option has an influence on this function
 142:.\Generated_Source\PSoC4/ROSSerial_UART_PM.c **** *  implementation.
 143:.\Generated_Source\PSoC4/ROSSerial_UART_PM.c **** *  This function should not be called after exiting Sleep.
 144:.\Generated_Source\PSoC4/ROSSerial_UART_PM.c **** *
 145:.\Generated_Source\PSoC4/ROSSerial_UART_PM.c **** * Parameters:
 146:.\Generated_Source\PSoC4/ROSSerial_UART_PM.c **** *  None
 147:.\Generated_Source\PSoC4/ROSSerial_UART_PM.c **** *
 148:.\Generated_Source\PSoC4/ROSSerial_UART_PM.c **** * Return:
 149:.\Generated_Source\PSoC4/ROSSerial_UART_PM.c **** *  None
 150:.\Generated_Source\PSoC4/ROSSerial_UART_PM.c **** *
 151:.\Generated_Source\PSoC4/ROSSerial_UART_PM.c **** *******************************************************************************/
 152:.\Generated_Source\PSoC4/ROSSerial_UART_PM.c **** void ROSSerial_UART_Wakeup(void)
ARM GAS  C:\DOCUME~1\Chuck\LOCALS~1\Temp\ccuftYYi.s 			page 5


 153:.\Generated_Source\PSoC4/ROSSerial_UART_PM.c **** {
  77              		.loc 1 153 0
  78              		.cfi_startproc
  79 0000 80B5     		push	{r7, lr}
  80              		.cfi_def_cfa_offset 8
  81              		.cfi_offset 7, -8
  82              		.cfi_offset 14, -4
  83 0002 00AF     		add	r7, sp, #0
  84              		.cfi_def_cfa_register 7
 154:.\Generated_Source\PSoC4/ROSSerial_UART_PM.c **** #if(ROSSerial_UART_SCB_MODE_UNCONFIG_CONST_CFG)
 155:.\Generated_Source\PSoC4/ROSSerial_UART_PM.c **** 
 156:.\Generated_Source\PSoC4/ROSSerial_UART_PM.c ****     if(ROSSerial_UART_SCB_WAKE_ENABLE_CHECK)
 157:.\Generated_Source\PSoC4/ROSSerial_UART_PM.c ****     {
 158:.\Generated_Source\PSoC4/ROSSerial_UART_PM.c ****         if(ROSSerial_UART_SCB_MODE_I2C_RUNTM_CFG)
 159:.\Generated_Source\PSoC4/ROSSerial_UART_PM.c ****         {
 160:.\Generated_Source\PSoC4/ROSSerial_UART_PM.c ****             ROSSerial_UART_I2CRestoreConfig();
 161:.\Generated_Source\PSoC4/ROSSerial_UART_PM.c ****         }
 162:.\Generated_Source\PSoC4/ROSSerial_UART_PM.c ****         else if(ROSSerial_UART_SCB_MODE_EZI2C_RUNTM_CFG)
 163:.\Generated_Source\PSoC4/ROSSerial_UART_PM.c ****         {
 164:.\Generated_Source\PSoC4/ROSSerial_UART_PM.c ****             ROSSerial_UART_EzI2CRestoreConfig();
 165:.\Generated_Source\PSoC4/ROSSerial_UART_PM.c ****         }
 166:.\Generated_Source\PSoC4/ROSSerial_UART_PM.c ****     #if(!ROSSerial_UART_CY_SCBIP_V1_I2C_ONLY)
 167:.\Generated_Source\PSoC4/ROSSerial_UART_PM.c ****         else if(ROSSerial_UART_SCB_MODE_SPI_RUNTM_CFG)
 168:.\Generated_Source\PSoC4/ROSSerial_UART_PM.c ****         {
 169:.\Generated_Source\PSoC4/ROSSerial_UART_PM.c ****             ROSSerial_UART_SpiRestoreConfig();
 170:.\Generated_Source\PSoC4/ROSSerial_UART_PM.c ****         }
 171:.\Generated_Source\PSoC4/ROSSerial_UART_PM.c ****         else if(ROSSerial_UART_SCB_MODE_UART_RUNTM_CFG)
 172:.\Generated_Source\PSoC4/ROSSerial_UART_PM.c ****         {
 173:.\Generated_Source\PSoC4/ROSSerial_UART_PM.c ****             ROSSerial_UART_UartRestoreConfig();
 174:.\Generated_Source\PSoC4/ROSSerial_UART_PM.c ****         }
 175:.\Generated_Source\PSoC4/ROSSerial_UART_PM.c ****     #endif /* (!ROSSerial_UART_CY_SCBIP_V1_I2C_ONLY) */
 176:.\Generated_Source\PSoC4/ROSSerial_UART_PM.c ****         else
 177:.\Generated_Source\PSoC4/ROSSerial_UART_PM.c ****         {
 178:.\Generated_Source\PSoC4/ROSSerial_UART_PM.c ****             /* Unknown mode: do nothing */
 179:.\Generated_Source\PSoC4/ROSSerial_UART_PM.c ****         }
 180:.\Generated_Source\PSoC4/ROSSerial_UART_PM.c ****     }
 181:.\Generated_Source\PSoC4/ROSSerial_UART_PM.c ****     else
 182:.\Generated_Source\PSoC4/ROSSerial_UART_PM.c ****     {
 183:.\Generated_Source\PSoC4/ROSSerial_UART_PM.c ****         if(0u != ROSSerial_UART_backup.enableState)
 184:.\Generated_Source\PSoC4/ROSSerial_UART_PM.c ****         {
 185:.\Generated_Source\PSoC4/ROSSerial_UART_PM.c ****             ROSSerial_UART_Enable();
 186:.\Generated_Source\PSoC4/ROSSerial_UART_PM.c ****         }
 187:.\Generated_Source\PSoC4/ROSSerial_UART_PM.c ****     }
 188:.\Generated_Source\PSoC4/ROSSerial_UART_PM.c **** 
 189:.\Generated_Source\PSoC4/ROSSerial_UART_PM.c **** #else
 190:.\Generated_Source\PSoC4/ROSSerial_UART_PM.c **** 
 191:.\Generated_Source\PSoC4/ROSSerial_UART_PM.c ****     #if (ROSSerial_UART_SCB_MODE_I2C_CONST_CFG  && ROSSerial_UART_I2C_WAKE_ENABLE_CONST)
 192:.\Generated_Source\PSoC4/ROSSerial_UART_PM.c ****         ROSSerial_UART_I2CRestoreConfig();
 193:.\Generated_Source\PSoC4/ROSSerial_UART_PM.c **** 
 194:.\Generated_Source\PSoC4/ROSSerial_UART_PM.c ****     #elif (ROSSerial_UART_SCB_MODE_EZI2C_CONST_CFG && ROSSerial_UART_EZI2C_WAKE_ENABLE_CONST)
 195:.\Generated_Source\PSoC4/ROSSerial_UART_PM.c ****         ROSSerial_UART_EzI2CRestoreConfig();
 196:.\Generated_Source\PSoC4/ROSSerial_UART_PM.c **** 
 197:.\Generated_Source\PSoC4/ROSSerial_UART_PM.c ****     #elif (ROSSerial_UART_SCB_MODE_SPI_CONST_CFG && ROSSerial_UART_SPI_WAKE_ENABLE_CONST)
 198:.\Generated_Source\PSoC4/ROSSerial_UART_PM.c ****         ROSSerial_UART_SpiRestoreConfig();
 199:.\Generated_Source\PSoC4/ROSSerial_UART_PM.c **** 
 200:.\Generated_Source\PSoC4/ROSSerial_UART_PM.c ****     #elif (ROSSerial_UART_SCB_MODE_UART_CONST_CFG && ROSSerial_UART_UART_WAKE_ENABLE_CONST)
 201:.\Generated_Source\PSoC4/ROSSerial_UART_PM.c ****         ROSSerial_UART_UartRestoreConfig();
ARM GAS  C:\DOCUME~1\Chuck\LOCALS~1\Temp\ccuftYYi.s 			page 6


 202:.\Generated_Source\PSoC4/ROSSerial_UART_PM.c **** 
 203:.\Generated_Source\PSoC4/ROSSerial_UART_PM.c ****     #else
 204:.\Generated_Source\PSoC4/ROSSerial_UART_PM.c **** 
 205:.\Generated_Source\PSoC4/ROSSerial_UART_PM.c ****         if(0u != ROSSerial_UART_backup.enableState)
  85              		.loc 1 205 0
  86 0004 034B     		ldr	r3, .L7
  87 0006 1B78     		ldrb	r3, [r3]
  88 0008 002B     		cmp	r3, #0
  89 000a 01D0     		beq	.L5
 206:.\Generated_Source\PSoC4/ROSSerial_UART_PM.c ****         {
 207:.\Generated_Source\PSoC4/ROSSerial_UART_PM.c ****             ROSSerial_UART_Enable();
  90              		.loc 1 207 0
  91 000c FFF7FEFF 		bl	ROSSerial_UART_Enable
  92              	.L5:
 208:.\Generated_Source\PSoC4/ROSSerial_UART_PM.c ****         }
 209:.\Generated_Source\PSoC4/ROSSerial_UART_PM.c **** 
 210:.\Generated_Source\PSoC4/ROSSerial_UART_PM.c ****     #endif /* (ROSSerial_UART_I2C_WAKE_ENABLE_CONST) */
 211:.\Generated_Source\PSoC4/ROSSerial_UART_PM.c **** 
 212:.\Generated_Source\PSoC4/ROSSerial_UART_PM.c **** #endif /* (ROSSerial_UART_SCB_MODE_UNCONFIG_CONST_CFG) */
 213:.\Generated_Source\PSoC4/ROSSerial_UART_PM.c **** }
  93              		.loc 1 213 0
  94 0010 BD46     		mov	sp, r7
  95              		@ sp needed
  96 0012 80BD     		pop	{r7, pc}
  97              	.L8:
  98              		.align	2
  99              	.L7:
 100 0014 00000000 		.word	ROSSerial_UART_backup
 101              		.cfi_endproc
 102              	.LFE1:
 103              		.size	ROSSerial_UART_Wakeup, .-ROSSerial_UART_Wakeup
 104              		.text
 105              	.Letext0:
 106              		.file 2 ".\\Generated_Source\\PSoC4/cytypes.h"
 107              		.file 3 ".\\Generated_Source\\PSoC4\\ROSSerial_UART.h"
 108              		.section	.debug_info,"",%progbits
 109              	.Ldebug_info0:
 110 0000 FD000000 		.4byte	0xfd
 111 0004 0400     		.2byte	0x4
 112 0006 00000000 		.4byte	.Ldebug_abbrev0
 113 000a 04       		.byte	0x4
 114 000b 01       		.uleb128 0x1
 115 000c 74010000 		.4byte	.LASF19
 116 0010 01       		.byte	0x1
 117 0011 3D020000 		.4byte	.LASF20
 118 0015 71000000 		.4byte	.LASF21
 119 0019 00000000 		.4byte	.Ldebug_ranges0+0
 120 001d 00000000 		.4byte	0
 121 0021 00000000 		.4byte	.Ldebug_line0
 122 0025 02       		.uleb128 0x2
 123 0026 01       		.byte	0x1
 124 0027 06       		.byte	0x6
 125 0028 29010000 		.4byte	.LASF0
 126 002c 02       		.uleb128 0x2
 127 002d 01       		.byte	0x1
 128 002e 08       		.byte	0x8
 129 002f 63000000 		.4byte	.LASF1
ARM GAS  C:\DOCUME~1\Chuck\LOCALS~1\Temp\ccuftYYi.s 			page 7


 130 0033 02       		.uleb128 0x2
 131 0034 02       		.byte	0x2
 132 0035 05       		.byte	0x5
 133 0036 6A010000 		.4byte	.LASF2
 134 003a 02       		.uleb128 0x2
 135 003b 02       		.byte	0x2
 136 003c 07       		.byte	0x7
 137 003d 16010000 		.4byte	.LASF3
 138 0041 02       		.uleb128 0x2
 139 0042 04       		.byte	0x4
 140 0043 05       		.byte	0x5
 141 0044 E3000000 		.4byte	.LASF4
 142 0048 02       		.uleb128 0x2
 143 0049 04       		.byte	0x4
 144 004a 07       		.byte	0x7
 145 004b 34000000 		.4byte	.LASF5
 146 004f 02       		.uleb128 0x2
 147 0050 08       		.byte	0x8
 148 0051 05       		.byte	0x5
 149 0052 00000000 		.4byte	.LASF6
 150 0056 02       		.uleb128 0x2
 151 0057 08       		.byte	0x8
 152 0058 07       		.byte	0x7
 153 0059 46000000 		.4byte	.LASF7
 154 005d 03       		.uleb128 0x3
 155 005e 04       		.byte	0x4
 156 005f 05       		.byte	0x5
 157 0060 696E7400 		.ascii	"int\000"
 158 0064 02       		.uleb128 0x2
 159 0065 04       		.byte	0x4
 160 0066 07       		.byte	0x7
 161 0067 21000000 		.4byte	.LASF8
 162 006b 04       		.uleb128 0x4
 163 006c 2E000000 		.4byte	.LASF9
 164 0070 02       		.byte	0x2
 165 0071 5B       		.byte	0x5b
 166 0072 2C000000 		.4byte	0x2c
 167 0076 04       		.uleb128 0x4
 168 0077 0E000000 		.4byte	.LASF10
 169 007b 02       		.byte	0x2
 170 007c 5D       		.byte	0x5d
 171 007d 48000000 		.4byte	0x48
 172 0081 02       		.uleb128 0x2
 173 0082 04       		.byte	0x4
 174 0083 04       		.byte	0x4
 175 0084 5D000000 		.4byte	.LASF11
 176 0088 02       		.uleb128 0x2
 177 0089 08       		.byte	0x8
 178 008a 04       		.byte	0x4
 179 008b F2000000 		.4byte	.LASF12
 180 008f 02       		.uleb128 0x2
 181 0090 01       		.byte	0x1
 182 0091 08       		.byte	0x8
 183 0092 C9000000 		.4byte	.LASF13
 184 0096 04       		.uleb128 0x4
 185 0097 EC000000 		.4byte	.LASF14
 186 009b 02       		.byte	0x2
ARM GAS  C:\DOCUME~1\Chuck\LOCALS~1\Temp\ccuftYYi.s 			page 8


 187 009c F2       		.byte	0xf2
 188 009d A1000000 		.4byte	0xa1
 189 00a1 05       		.uleb128 0x5
 190 00a2 76000000 		.4byte	0x76
 191 00a6 02       		.uleb128 0x2
 192 00a7 04       		.byte	0x4
 193 00a8 07       		.byte	0x7
 194 00a9 61010000 		.4byte	.LASF15
 195 00ad 06       		.uleb128 0x6
 196 00ae 01       		.byte	0x1
 197 00af 03       		.byte	0x3
 198 00b0 5E       		.byte	0x5e
 199 00b1 C2000000 		.4byte	0xc2
 200 00b5 07       		.uleb128 0x7
 201 00b6 15000000 		.4byte	.LASF22
 202 00ba 03       		.byte	0x3
 203 00bb 60       		.byte	0x60
 204 00bc 6B000000 		.4byte	0x6b
 205 00c0 00       		.byte	0
 206 00c1 00       		.byte	0
 207 00c2 04       		.uleb128 0x4
 208 00c3 F9000000 		.4byte	.LASF16
 209 00c7 03       		.byte	0x3
 210 00c8 61       		.byte	0x61
 211 00c9 AD000000 		.4byte	0xad
 212 00cd 08       		.uleb128 0x8
 213 00ce CE000000 		.4byte	.LASF17
 214 00d2 01       		.byte	0x1
 215 00d3 43       		.byte	0x43
 216 00d4 00000000 		.4byte	.LFB0
 217 00d8 2C000000 		.4byte	.LFE0-.LFB0
 218 00dc 01       		.uleb128 0x1
 219 00dd 9C       		.byte	0x9c
 220 00de 08       		.uleb128 0x8
 221 00df 4B010000 		.4byte	.LASF18
 222 00e3 01       		.byte	0x1
 223 00e4 98       		.byte	0x98
 224 00e5 00000000 		.4byte	.LFB1
 225 00e9 18000000 		.4byte	.LFE1-.LFB1
 226 00ed 01       		.uleb128 0x1
 227 00ee 9C       		.byte	0x9c
 228 00ef 09       		.uleb128 0x9
 229 00f0 35010000 		.4byte	.LASF23
 230 00f4 01       		.byte	0x1
 231 00f5 2C       		.byte	0x2c
 232 00f6 C2000000 		.4byte	0xc2
 233 00fa 05       		.uleb128 0x5
 234 00fb 03       		.byte	0x3
 235 00fc 00000000 		.4byte	ROSSerial_UART_backup
 236 0100 00       		.byte	0
 237              		.section	.debug_abbrev,"",%progbits
 238              	.Ldebug_abbrev0:
 239 0000 01       		.uleb128 0x1
 240 0001 11       		.uleb128 0x11
 241 0002 01       		.byte	0x1
 242 0003 25       		.uleb128 0x25
 243 0004 0E       		.uleb128 0xe
ARM GAS  C:\DOCUME~1\Chuck\LOCALS~1\Temp\ccuftYYi.s 			page 9


 244 0005 13       		.uleb128 0x13
 245 0006 0B       		.uleb128 0xb
 246 0007 03       		.uleb128 0x3
 247 0008 0E       		.uleb128 0xe
 248 0009 1B       		.uleb128 0x1b
 249 000a 0E       		.uleb128 0xe
 250 000b 55       		.uleb128 0x55
 251 000c 17       		.uleb128 0x17
 252 000d 11       		.uleb128 0x11
 253 000e 01       		.uleb128 0x1
 254 000f 10       		.uleb128 0x10
 255 0010 17       		.uleb128 0x17
 256 0011 00       		.byte	0
 257 0012 00       		.byte	0
 258 0013 02       		.uleb128 0x2
 259 0014 24       		.uleb128 0x24
 260 0015 00       		.byte	0
 261 0016 0B       		.uleb128 0xb
 262 0017 0B       		.uleb128 0xb
 263 0018 3E       		.uleb128 0x3e
 264 0019 0B       		.uleb128 0xb
 265 001a 03       		.uleb128 0x3
 266 001b 0E       		.uleb128 0xe
 267 001c 00       		.byte	0
 268 001d 00       		.byte	0
 269 001e 03       		.uleb128 0x3
 270 001f 24       		.uleb128 0x24
 271 0020 00       		.byte	0
 272 0021 0B       		.uleb128 0xb
 273 0022 0B       		.uleb128 0xb
 274 0023 3E       		.uleb128 0x3e
 275 0024 0B       		.uleb128 0xb
 276 0025 03       		.uleb128 0x3
 277 0026 08       		.uleb128 0x8
 278 0027 00       		.byte	0
 279 0028 00       		.byte	0
 280 0029 04       		.uleb128 0x4
 281 002a 16       		.uleb128 0x16
 282 002b 00       		.byte	0
 283 002c 03       		.uleb128 0x3
 284 002d 0E       		.uleb128 0xe
 285 002e 3A       		.uleb128 0x3a
 286 002f 0B       		.uleb128 0xb
 287 0030 3B       		.uleb128 0x3b
 288 0031 0B       		.uleb128 0xb
 289 0032 49       		.uleb128 0x49
 290 0033 13       		.uleb128 0x13
 291 0034 00       		.byte	0
 292 0035 00       		.byte	0
 293 0036 05       		.uleb128 0x5
 294 0037 35       		.uleb128 0x35
 295 0038 00       		.byte	0
 296 0039 49       		.uleb128 0x49
 297 003a 13       		.uleb128 0x13
 298 003b 00       		.byte	0
 299 003c 00       		.byte	0
 300 003d 06       		.uleb128 0x6
ARM GAS  C:\DOCUME~1\Chuck\LOCALS~1\Temp\ccuftYYi.s 			page 10


 301 003e 13       		.uleb128 0x13
 302 003f 01       		.byte	0x1
 303 0040 0B       		.uleb128 0xb
 304 0041 0B       		.uleb128 0xb
 305 0042 3A       		.uleb128 0x3a
 306 0043 0B       		.uleb128 0xb
 307 0044 3B       		.uleb128 0x3b
 308 0045 0B       		.uleb128 0xb
 309 0046 01       		.uleb128 0x1
 310 0047 13       		.uleb128 0x13
 311 0048 00       		.byte	0
 312 0049 00       		.byte	0
 313 004a 07       		.uleb128 0x7
 314 004b 0D       		.uleb128 0xd
 315 004c 00       		.byte	0
 316 004d 03       		.uleb128 0x3
 317 004e 0E       		.uleb128 0xe
 318 004f 3A       		.uleb128 0x3a
 319 0050 0B       		.uleb128 0xb
 320 0051 3B       		.uleb128 0x3b
 321 0052 0B       		.uleb128 0xb
 322 0053 49       		.uleb128 0x49
 323 0054 13       		.uleb128 0x13
 324 0055 38       		.uleb128 0x38
 325 0056 0B       		.uleb128 0xb
 326 0057 00       		.byte	0
 327 0058 00       		.byte	0
 328 0059 08       		.uleb128 0x8
 329 005a 2E       		.uleb128 0x2e
 330 005b 00       		.byte	0
 331 005c 3F       		.uleb128 0x3f
 332 005d 19       		.uleb128 0x19
 333 005e 03       		.uleb128 0x3
 334 005f 0E       		.uleb128 0xe
 335 0060 3A       		.uleb128 0x3a
 336 0061 0B       		.uleb128 0xb
 337 0062 3B       		.uleb128 0x3b
 338 0063 0B       		.uleb128 0xb
 339 0064 27       		.uleb128 0x27
 340 0065 19       		.uleb128 0x19
 341 0066 11       		.uleb128 0x11
 342 0067 01       		.uleb128 0x1
 343 0068 12       		.uleb128 0x12
 344 0069 06       		.uleb128 0x6
 345 006a 40       		.uleb128 0x40
 346 006b 18       		.uleb128 0x18
 347 006c 9642     		.uleb128 0x2116
 348 006e 19       		.uleb128 0x19
 349 006f 00       		.byte	0
 350 0070 00       		.byte	0
 351 0071 09       		.uleb128 0x9
 352 0072 34       		.uleb128 0x34
 353 0073 00       		.byte	0
 354 0074 03       		.uleb128 0x3
 355 0075 0E       		.uleb128 0xe
 356 0076 3A       		.uleb128 0x3a
 357 0077 0B       		.uleb128 0xb
ARM GAS  C:\DOCUME~1\Chuck\LOCALS~1\Temp\ccuftYYi.s 			page 11


 358 0078 3B       		.uleb128 0x3b
 359 0079 0B       		.uleb128 0xb
 360 007a 49       		.uleb128 0x49
 361 007b 13       		.uleb128 0x13
 362 007c 3F       		.uleb128 0x3f
 363 007d 19       		.uleb128 0x19
 364 007e 02       		.uleb128 0x2
 365 007f 18       		.uleb128 0x18
 366 0080 00       		.byte	0
 367 0081 00       		.byte	0
 368 0082 00       		.byte	0
 369              		.section	.debug_aranges,"",%progbits
 370 0000 24000000 		.4byte	0x24
 371 0004 0200     		.2byte	0x2
 372 0006 00000000 		.4byte	.Ldebug_info0
 373 000a 04       		.byte	0x4
 374 000b 00       		.byte	0
 375 000c 0000     		.2byte	0
 376 000e 0000     		.2byte	0
 377 0010 00000000 		.4byte	.LFB0
 378 0014 2C000000 		.4byte	.LFE0-.LFB0
 379 0018 00000000 		.4byte	.LFB1
 380 001c 18000000 		.4byte	.LFE1-.LFB1
 381 0020 00000000 		.4byte	0
 382 0024 00000000 		.4byte	0
 383              		.section	.debug_ranges,"",%progbits
 384              	.Ldebug_ranges0:
 385 0000 00000000 		.4byte	.LFB0
 386 0004 2C000000 		.4byte	.LFE0
 387 0008 00000000 		.4byte	.LFB1
 388 000c 18000000 		.4byte	.LFE1
 389 0010 00000000 		.4byte	0
 390 0014 00000000 		.4byte	0
 391              		.section	.debug_line,"",%progbits
 392              	.Ldebug_line0:
 393 0000 95000000 		.section	.debug_str,"MS",%progbits,1
 393      02006400 
 393      00000201 
 393      FB0E0D00 
 393      01010101 
 394              	.LASF6:
 395 0000 6C6F6E67 		.ascii	"long long int\000"
 395      206C6F6E 
 395      6720696E 
 395      7400
 396              	.LASF10:
 397 000e 75696E74 		.ascii	"uint32\000"
 397      333200
 398              	.LASF22:
 399 0015 656E6162 		.ascii	"enableState\000"
 399      6C655374 
 399      61746500 
 400              	.LASF8:
 401 0021 756E7369 		.ascii	"unsigned int\000"
 401      676E6564 
 401      20696E74 
 401      00
ARM GAS  C:\DOCUME~1\Chuck\LOCALS~1\Temp\ccuftYYi.s 			page 12


 402              	.LASF9:
 403 002e 75696E74 		.ascii	"uint8\000"
 403      3800
 404              	.LASF5:
 405 0034 6C6F6E67 		.ascii	"long unsigned int\000"
 405      20756E73 
 405      69676E65 
 405      6420696E 
 405      7400
 406              	.LASF7:
 407 0046 6C6F6E67 		.ascii	"long long unsigned int\000"
 407      206C6F6E 
 407      6720756E 
 407      7369676E 
 407      65642069 
 408              	.LASF11:
 409 005d 666C6F61 		.ascii	"float\000"
 409      7400
 410              	.LASF1:
 411 0063 756E7369 		.ascii	"unsigned char\000"
 411      676E6564 
 411      20636861 
 411      7200
 412              	.LASF21:
 413 0071 433A5C44 		.ascii	"C:\\Documents and Settings\\Chuck\\My Documents\\PS"
 413      6F63756D 
 413      656E7473 
 413      20616E64 
 413      20536574 
 414 00a0 6F432043 		.ascii	"oC Creator\\RosOnAStick\\RosOnAStick.cydsn\000"
 414      72656174 
 414      6F725C52 
 414      6F734F6E 
 414      41537469 
 415              	.LASF13:
 416 00c9 63686172 		.ascii	"char\000"
 416      00
 417              	.LASF17:
 418 00ce 524F5353 		.ascii	"ROSSerial_UART_Sleep\000"
 418      65726961 
 418      6C5F5541 
 418      52545F53 
 418      6C656570 
 419              	.LASF4:
 420 00e3 6C6F6E67 		.ascii	"long int\000"
 420      20696E74 
 420      00
 421              	.LASF14:
 422 00ec 72656733 		.ascii	"reg32\000"
 422      3200
 423              	.LASF12:
 424 00f2 646F7562 		.ascii	"double\000"
 424      6C6500
 425              	.LASF16:
 426 00f9 524F5353 		.ascii	"ROSSerial_UART_BACKUP_STRUCT\000"
 426      65726961 
 426      6C5F5541 
ARM GAS  C:\DOCUME~1\Chuck\LOCALS~1\Temp\ccuftYYi.s 			page 13


 426      52545F42 
 426      41434B55 
 427              	.LASF3:
 428 0116 73686F72 		.ascii	"short unsigned int\000"
 428      7420756E 
 428      7369676E 
 428      65642069 
 428      6E7400
 429              	.LASF0:
 430 0129 7369676E 		.ascii	"signed char\000"
 430      65642063 
 430      68617200 
 431              	.LASF23:
 432 0135 524F5353 		.ascii	"ROSSerial_UART_backup\000"
 432      65726961 
 432      6C5F5541 
 432      52545F62 
 432      61636B75 
 433              	.LASF18:
 434 014b 524F5353 		.ascii	"ROSSerial_UART_Wakeup\000"
 434      65726961 
 434      6C5F5541 
 434      52545F57 
 434      616B6575 
 435              	.LASF15:
 436 0161 73697A65 		.ascii	"sizetype\000"
 436      74797065 
 436      00
 437              	.LASF2:
 438 016a 73686F72 		.ascii	"short int\000"
 438      7420696E 
 438      7400
 439              	.LASF19:
 440 0174 474E5520 		.ascii	"GNU C 4.8.4 20140526 (release) [ARM/embedded-4_8-br"
 440      4320342E 
 440      382E3420 
 440      32303134 
 440      30353236 
 441 01a7 616E6368 		.ascii	"anch revision 211358] -mcpu=cortex-m0 -mthumb -g -O"
 441      20726576 
 441      6973696F 
 441      6E203231 
 441      31333538 
 442 01da 30202D66 		.ascii	"0 -ffunction-sections -fno-rtti -fno-exceptions -fu"
 442      66756E63 
 442      74696F6E 
 442      2D736563 
 442      74696F6E 
 443 020d 6E736967 		.ascii	"nsigned-char -funsigned-bitfields -fshort-enums\000"
 443      6E65642D 
 443      63686172 
 443      202D6675 
 443      6E736967 
 444              	.LASF20:
 445 023d 2E5C4765 		.ascii	".\\Generated_Source\\PSoC4\\ROSSerial_UART_PM.c\000"
 445      6E657261 
 445      7465645F 
ARM GAS  C:\DOCUME~1\Chuck\LOCALS~1\Temp\ccuftYYi.s 			page 14


 445      536F7572 
 445      63655C50 
 446              		.ident	"GCC: (GNU Tools for ARM Embedded Processors) 4.8.4 20140526 (release) [ARM/embedded-4_8-br
