ARM GAS  C:\DOCUME~1\Chuck\LOCALS~1\Temp\ccbiyegg.s 			page 1


   1              		.cpu cortex-m0
   2              		.fpu softvfp
   3              		.eabi_attribute 20, 1
   4              		.eabi_attribute 21, 1
   5              		.eabi_attribute 23, 3
   6              		.eabi_attribute 24, 1
   7              		.eabi_attribute 25, 1
   8              		.eabi_attribute 26, 1
   9              		.eabi_attribute 30, 6
  10              		.eabi_attribute 34, 0
  11              		.eabi_attribute 18, 4
  12              		.code	16
  13              		.file	"ROSSerial_UART_SPI_UART_INT.c"
  14              		.text
  15              	.Ltext0:
  16              		.cfi_sections	.debug_frame
  17              		.section	.text.ROSSerial_UART_SPI_UART_ISR,"ax",%progbits
  18              		.align	2
  19              		.global	ROSSerial_UART_SPI_UART_ISR
  20              		.code	16
  21              		.thumb_func
  22              		.type	ROSSerial_UART_SPI_UART_ISR, %function
  23              	ROSSerial_UART_SPI_UART_ISR:
  24              	.LFB0:
  25              		.file 1 ".\\Generated_Source\\PSoC4\\ROSSerial_UART_SPI_UART_INT.c"
   1:.\Generated_Source\PSoC4/ROSSerial_UART_SPI_UART_INT.c **** /*******************************************************************************
   2:.\Generated_Source\PSoC4/ROSSerial_UART_SPI_UART_INT.c **** * File Name: ROSSerial_UART_SPI_UART_INT.c
   3:.\Generated_Source\PSoC4/ROSSerial_UART_SPI_UART_INT.c **** * Version 1.20
   4:.\Generated_Source\PSoC4/ROSSerial_UART_SPI_UART_INT.c **** *
   5:.\Generated_Source\PSoC4/ROSSerial_UART_SPI_UART_INT.c **** * Description:
   6:.\Generated_Source\PSoC4/ROSSerial_UART_SPI_UART_INT.c **** *  This file provides the source code to the Interrupt Service Routine for
   7:.\Generated_Source\PSoC4/ROSSerial_UART_SPI_UART_INT.c **** *  the SCB Component in SPI and UART modes.
   8:.\Generated_Source\PSoC4/ROSSerial_UART_SPI_UART_INT.c **** *
   9:.\Generated_Source\PSoC4/ROSSerial_UART_SPI_UART_INT.c **** * Note:
  10:.\Generated_Source\PSoC4/ROSSerial_UART_SPI_UART_INT.c **** *
  11:.\Generated_Source\PSoC4/ROSSerial_UART_SPI_UART_INT.c **** ********************************************************************************
  12:.\Generated_Source\PSoC4/ROSSerial_UART_SPI_UART_INT.c **** * Copyright 2013-2014, Cypress Semiconductor Corporation.  All rights reserved.
  13:.\Generated_Source\PSoC4/ROSSerial_UART_SPI_UART_INT.c **** * You may use this file only in accordance with the license, terms, conditions,
  14:.\Generated_Source\PSoC4/ROSSerial_UART_SPI_UART_INT.c **** * disclaimers, and limitations in the end user license agreement accompanying
  15:.\Generated_Source\PSoC4/ROSSerial_UART_SPI_UART_INT.c **** * the software package with which this file was provided.
  16:.\Generated_Source\PSoC4/ROSSerial_UART_SPI_UART_INT.c **** *******************************************************************************/
  17:.\Generated_Source\PSoC4/ROSSerial_UART_SPI_UART_INT.c **** 
  18:.\Generated_Source\PSoC4/ROSSerial_UART_SPI_UART_INT.c **** #include "ROSSerial_UART_PVT.h"
  19:.\Generated_Source\PSoC4/ROSSerial_UART_SPI_UART_INT.c **** #include "ROSSerial_UART_SPI_UART_PVT.h"
  20:.\Generated_Source\PSoC4/ROSSerial_UART_SPI_UART_INT.c **** 
  21:.\Generated_Source\PSoC4/ROSSerial_UART_SPI_UART_INT.c **** 
  22:.\Generated_Source\PSoC4/ROSSerial_UART_SPI_UART_INT.c **** /*******************************************************************************
  23:.\Generated_Source\PSoC4/ROSSerial_UART_SPI_UART_INT.c **** * Function Name: ROSSerial_UART_SPI_UART_ISR
  24:.\Generated_Source\PSoC4/ROSSerial_UART_SPI_UART_INT.c **** ********************************************************************************
  25:.\Generated_Source\PSoC4/ROSSerial_UART_SPI_UART_INT.c **** *
  26:.\Generated_Source\PSoC4/ROSSerial_UART_SPI_UART_INT.c **** * Summary:
  27:.\Generated_Source\PSoC4/ROSSerial_UART_SPI_UART_INT.c **** *  Handles the Interrupt Service Routine for the SCB SPI or UART modes.
  28:.\Generated_Source\PSoC4/ROSSerial_UART_SPI_UART_INT.c **** *
  29:.\Generated_Source\PSoC4/ROSSerial_UART_SPI_UART_INT.c **** * Parameters:
  30:.\Generated_Source\PSoC4/ROSSerial_UART_SPI_UART_INT.c **** *  None
  31:.\Generated_Source\PSoC4/ROSSerial_UART_SPI_UART_INT.c **** *
  32:.\Generated_Source\PSoC4/ROSSerial_UART_SPI_UART_INT.c **** * Return:
ARM GAS  C:\DOCUME~1\Chuck\LOCALS~1\Temp\ccbiyegg.s 			page 2


  33:.\Generated_Source\PSoC4/ROSSerial_UART_SPI_UART_INT.c **** *  None
  34:.\Generated_Source\PSoC4/ROSSerial_UART_SPI_UART_INT.c **** *
  35:.\Generated_Source\PSoC4/ROSSerial_UART_SPI_UART_INT.c **** *******************************************************************************/
  36:.\Generated_Source\PSoC4/ROSSerial_UART_SPI_UART_INT.c **** CY_ISR(ROSSerial_UART_SPI_UART_ISR)
  37:.\Generated_Source\PSoC4/ROSSerial_UART_SPI_UART_INT.c **** {
  26              		.loc 1 37 0
  27              		.cfi_startproc
  28 0000 80B5     		push	{r7, lr}
  29              		.cfi_def_cfa_offset 8
  30              		.cfi_offset 7, -8
  31              		.cfi_offset 14, -4
  32 0002 84B0     		sub	sp, sp, #16
  33              		.cfi_def_cfa_offset 24
  34 0004 00AF     		add	r7, sp, #0
  35              		.cfi_def_cfa_register 7
  38:.\Generated_Source\PSoC4/ROSSerial_UART_SPI_UART_INT.c **** #if(ROSSerial_UART_INTERNAL_RX_SW_BUFFER_CONST)
  39:.\Generated_Source\PSoC4/ROSSerial_UART_SPI_UART_INT.c ****     uint32 locHead;
  40:.\Generated_Source\PSoC4/ROSSerial_UART_SPI_UART_INT.c ****     uint32 dataRx;
  41:.\Generated_Source\PSoC4/ROSSerial_UART_SPI_UART_INT.c **** #endif /* (ROSSerial_UART_INTERNAL_RX_SW_BUFFER_CONST) */
  42:.\Generated_Source\PSoC4/ROSSerial_UART_SPI_UART_INT.c **** 
  43:.\Generated_Source\PSoC4/ROSSerial_UART_SPI_UART_INT.c **** #if(ROSSerial_UART_INTERNAL_TX_SW_BUFFER_CONST)
  44:.\Generated_Source\PSoC4/ROSSerial_UART_SPI_UART_INT.c ****     uint32 locTail;
  45:.\Generated_Source\PSoC4/ROSSerial_UART_SPI_UART_INT.c **** #endif /* (ROSSerial_UART_INTERNAL_TX_SW_BUFFER_CONST) */
  46:.\Generated_Source\PSoC4/ROSSerial_UART_SPI_UART_INT.c **** 
  47:.\Generated_Source\PSoC4/ROSSerial_UART_SPI_UART_INT.c ****     if(NULL != ROSSerial_UART_customIntrHandler)
  36              		.loc 1 47 0
  37 0006 334B     		ldr	r3, .L14
  38 0008 1B68     		ldr	r3, [r3]
  39 000a 002B     		cmp	r3, #0
  40 000c 02D0     		beq	.L2
  48:.\Generated_Source\PSoC4/ROSSerial_UART_SPI_UART_INT.c ****     {
  49:.\Generated_Source\PSoC4/ROSSerial_UART_SPI_UART_INT.c ****         ROSSerial_UART_customIntrHandler();
  41              		.loc 1 49 0
  42 000e 314B     		ldr	r3, .L14
  43 0010 1B68     		ldr	r3, [r3]
  44 0012 9847     		blx	r3
  45              	.L2:
  50:.\Generated_Source\PSoC4/ROSSerial_UART_SPI_UART_INT.c ****     }
  51:.\Generated_Source\PSoC4/ROSSerial_UART_SPI_UART_INT.c **** 
  52:.\Generated_Source\PSoC4/ROSSerial_UART_SPI_UART_INT.c ****     #if(ROSSerial_UART_CHECK_SPI_WAKE_ENABLE)
  53:.\Generated_Source\PSoC4/ROSSerial_UART_SPI_UART_INT.c ****     {
  54:.\Generated_Source\PSoC4/ROSSerial_UART_SPI_UART_INT.c ****         /* Clear SPI wakeup source */
  55:.\Generated_Source\PSoC4/ROSSerial_UART_SPI_UART_INT.c ****         ROSSerial_UART_ClearSpiExtClkInterruptSource(ROSSerial_UART_INTR_SPI_EC_WAKE_UP);
  56:.\Generated_Source\PSoC4/ROSSerial_UART_SPI_UART_INT.c ****     }
  57:.\Generated_Source\PSoC4/ROSSerial_UART_SPI_UART_INT.c ****     #endif
  58:.\Generated_Source\PSoC4/ROSSerial_UART_SPI_UART_INT.c **** 
  59:.\Generated_Source\PSoC4/ROSSerial_UART_SPI_UART_INT.c ****     #if(ROSSerial_UART_CHECK_RX_SW_BUFFER)
  60:.\Generated_Source\PSoC4/ROSSerial_UART_SPI_UART_INT.c ****     {
  61:.\Generated_Source\PSoC4/ROSSerial_UART_SPI_UART_INT.c ****         if(ROSSerial_UART_CHECK_INTR_RX_MASKED(ROSSerial_UART_INTR_RX_NOT_EMPTY))
  46              		.loc 1 61 0
  47 0014 304B     		ldr	r3, .L14+4
  48 0016 1A68     		ldr	r2, [r3]
  49 0018 0423     		mov	r3, #4
  50 001a 1340     		and	r3, r2
  51 001c 26D0     		beq	.L3
  62:.\Generated_Source\PSoC4/ROSSerial_UART_SPI_UART_INT.c ****         {
  63:.\Generated_Source\PSoC4/ROSSerial_UART_SPI_UART_INT.c ****             while(0u != ROSSerial_UART_GET_RX_FIFO_ENTRIES)
ARM GAS  C:\DOCUME~1\Chuck\LOCALS~1\Temp\ccbiyegg.s 			page 3


  52              		.loc 1 63 0
  53 001e 1DE0     		b	.L4
  54              	.L7:
  64:.\Generated_Source\PSoC4/ROSSerial_UART_SPI_UART_INT.c ****             {
  65:.\Generated_Source\PSoC4/ROSSerial_UART_SPI_UART_INT.c ****                 /* Get data from RX FIFO */
  66:.\Generated_Source\PSoC4/ROSSerial_UART_SPI_UART_INT.c ****                 dataRx = ROSSerial_UART_RX_FIFO_RD_REG;
  55              		.loc 1 66 0
  56 0020 2E4B     		ldr	r3, .L14+8
  57 0022 1B68     		ldr	r3, [r3]
  58 0024 7B60     		str	r3, [r7, #4]
  67:.\Generated_Source\PSoC4/ROSSerial_UART_SPI_UART_INT.c **** 
  68:.\Generated_Source\PSoC4/ROSSerial_UART_SPI_UART_INT.c ****                 /* Move local head index */
  69:.\Generated_Source\PSoC4/ROSSerial_UART_SPI_UART_INT.c ****                 locHead = (ROSSerial_UART_rxBufferHead + 1u);
  59              		.loc 1 69 0
  60 0026 2E4B     		ldr	r3, .L14+12
  61 0028 1B68     		ldr	r3, [r3]
  62 002a 0133     		add	r3, r3, #1
  63 002c FB60     		str	r3, [r7, #12]
  70:.\Generated_Source\PSoC4/ROSSerial_UART_SPI_UART_INT.c **** 
  71:.\Generated_Source\PSoC4/ROSSerial_UART_SPI_UART_INT.c ****                 /* Adjust local head index */
  72:.\Generated_Source\PSoC4/ROSSerial_UART_SPI_UART_INT.c ****                 if(ROSSerial_UART_RX_BUFFER_SIZE == locHead)
  64              		.loc 1 72 0
  65 002e FB68     		ldr	r3, [r7, #12]
  66 0030 412B     		cmp	r3, #65
  67 0032 01D1     		bne	.L5
  73:.\Generated_Source\PSoC4/ROSSerial_UART_SPI_UART_INT.c ****                 {
  74:.\Generated_Source\PSoC4/ROSSerial_UART_SPI_UART_INT.c ****                     locHead = 0u;
  68              		.loc 1 74 0
  69 0034 0023     		mov	r3, #0
  70 0036 FB60     		str	r3, [r7, #12]
  71              	.L5:
  75:.\Generated_Source\PSoC4/ROSSerial_UART_SPI_UART_INT.c ****                 }
  76:.\Generated_Source\PSoC4/ROSSerial_UART_SPI_UART_INT.c **** 
  77:.\Generated_Source\PSoC4/ROSSerial_UART_SPI_UART_INT.c ****                 if(locHead == ROSSerial_UART_rxBufferTail)
  72              		.loc 1 77 0
  73 0038 2A4B     		ldr	r3, .L14+16
  74 003a 1B68     		ldr	r3, [r3]
  75 003c FA68     		ldr	r2, [r7, #12]
  76 003e 9A42     		cmp	r2, r3
  77 0040 03D1     		bne	.L6
  78:.\Generated_Source\PSoC4/ROSSerial_UART_SPI_UART_INT.c ****                 {
  79:.\Generated_Source\PSoC4/ROSSerial_UART_SPI_UART_INT.c ****                     /* Overflow: through away new data */
  80:.\Generated_Source\PSoC4/ROSSerial_UART_SPI_UART_INT.c ****                     ROSSerial_UART_rxBufferOverflow = (uint8) ROSSerial_UART_INTR_RX_OVERFLOW;
  78              		.loc 1 80 0
  79 0042 294B     		ldr	r3, .L14+20
  80 0044 2022     		mov	r2, #32
  81 0046 1A70     		strb	r2, [r3]
  82 0048 08E0     		b	.L4
  83              	.L6:
  81:.\Generated_Source\PSoC4/ROSSerial_UART_SPI_UART_INT.c ****                 }
  82:.\Generated_Source\PSoC4/ROSSerial_UART_SPI_UART_INT.c ****                 else
  83:.\Generated_Source\PSoC4/ROSSerial_UART_SPI_UART_INT.c ****                 {
  84:.\Generated_Source\PSoC4/ROSSerial_UART_SPI_UART_INT.c ****                     /* Store received data */
  85:.\Generated_Source\PSoC4/ROSSerial_UART_SPI_UART_INT.c ****                     ROSSerial_UART_PutWordInRxBuffer(locHead, dataRx);
  84              		.loc 1 85 0
  85 004a 7B68     		ldr	r3, [r7, #4]
  86 004c DAB2     		uxtb	r2, r3
ARM GAS  C:\DOCUME~1\Chuck\LOCALS~1\Temp\ccbiyegg.s 			page 4


  87 004e 2749     		ldr	r1, .L14+24
  88 0050 FB68     		ldr	r3, [r7, #12]
  89 0052 CB18     		add	r3, r1, r3
  90 0054 1A70     		strb	r2, [r3]
  86:.\Generated_Source\PSoC4/ROSSerial_UART_SPI_UART_INT.c **** 
  87:.\Generated_Source\PSoC4/ROSSerial_UART_SPI_UART_INT.c ****                     /* Move head index */
  88:.\Generated_Source\PSoC4/ROSSerial_UART_SPI_UART_INT.c ****                     ROSSerial_UART_rxBufferHead = locHead;
  91              		.loc 1 88 0
  92 0056 224B     		ldr	r3, .L14+12
  93 0058 FA68     		ldr	r2, [r7, #12]
  94 005a 1A60     		str	r2, [r3]
  95              	.L4:
  63:.\Generated_Source\PSoC4/ROSSerial_UART_SPI_UART_INT.c ****             while(0u != ROSSerial_UART_GET_RX_FIFO_ENTRIES)
  96              		.loc 1 63 0 discriminator 1
  97 005c 244B     		ldr	r3, .L14+28
  98 005e 1A68     		ldr	r2, [r3]
  99 0060 0F23     		mov	r3, #15
 100 0062 1340     		and	r3, r2
 101 0064 DCD1     		bne	.L7
  89:.\Generated_Source\PSoC4/ROSSerial_UART_SPI_UART_INT.c ****                 }
  90:.\Generated_Source\PSoC4/ROSSerial_UART_SPI_UART_INT.c ****             }
  91:.\Generated_Source\PSoC4/ROSSerial_UART_SPI_UART_INT.c **** 
  92:.\Generated_Source\PSoC4/ROSSerial_UART_SPI_UART_INT.c ****             ROSSerial_UART_ClearRxInterruptSource(ROSSerial_UART_INTR_RX_NOT_EMPTY);
 102              		.loc 1 92 0
 103 0066 234B     		ldr	r3, .L14+32
 104 0068 0422     		mov	r2, #4
 105 006a 1A60     		str	r2, [r3]
 106              	.L3:
  93:.\Generated_Source\PSoC4/ROSSerial_UART_SPI_UART_INT.c ****         }
  94:.\Generated_Source\PSoC4/ROSSerial_UART_SPI_UART_INT.c ****     }
  95:.\Generated_Source\PSoC4/ROSSerial_UART_SPI_UART_INT.c ****     #endif
  96:.\Generated_Source\PSoC4/ROSSerial_UART_SPI_UART_INT.c **** 
  97:.\Generated_Source\PSoC4/ROSSerial_UART_SPI_UART_INT.c **** 
  98:.\Generated_Source\PSoC4/ROSSerial_UART_SPI_UART_INT.c ****     #if(ROSSerial_UART_CHECK_TX_SW_BUFFER)
  99:.\Generated_Source\PSoC4/ROSSerial_UART_SPI_UART_INT.c ****     {
 100:.\Generated_Source\PSoC4/ROSSerial_UART_SPI_UART_INT.c ****         if(ROSSerial_UART_CHECK_INTR_TX_MASKED(ROSSerial_UART_INTR_TX_NOT_FULL))
 107              		.loc 1 100 0
 108 006c 224B     		ldr	r3, .L14+36
 109 006e 1A68     		ldr	r2, [r3]
 110 0070 0223     		mov	r3, #2
 111 0072 1340     		and	r3, r2
 112 0074 2AD0     		beq	.L1
 101:.\Generated_Source\PSoC4/ROSSerial_UART_SPI_UART_INT.c ****         {
 102:.\Generated_Source\PSoC4/ROSSerial_UART_SPI_UART_INT.c ****             /* Put data into TX FIFO */
 103:.\Generated_Source\PSoC4/ROSSerial_UART_SPI_UART_INT.c ****             while(ROSSerial_UART_FIFO_SIZE != ROSSerial_UART_GET_TX_FIFO_ENTRIES)
 113              		.loc 1 103 0
 114 0076 20E0     		b	.L9
 115              	.L13:
 104:.\Generated_Source\PSoC4/ROSSerial_UART_SPI_UART_INT.c ****             {
 105:.\Generated_Source\PSoC4/ROSSerial_UART_SPI_UART_INT.c ****                 /* Check for a room in TX software buffer */
 106:.\Generated_Source\PSoC4/ROSSerial_UART_SPI_UART_INT.c ****                 if(ROSSerial_UART_txBufferHead != ROSSerial_UART_txBufferTail)
 116              		.loc 1 106 0
 117 0078 204B     		ldr	r3, .L14+40
 118 007a 1A68     		ldr	r2, [r3]
 119 007c 204B     		ldr	r3, .L14+44
 120 007e 1B68     		ldr	r3, [r3]
 121 0080 9A42     		cmp	r2, r3
ARM GAS  C:\DOCUME~1\Chuck\LOCALS~1\Temp\ccbiyegg.s 			page 5


 122 0082 13D0     		beq	.L10
 107:.\Generated_Source\PSoC4/ROSSerial_UART_SPI_UART_INT.c ****                 {
 108:.\Generated_Source\PSoC4/ROSSerial_UART_SPI_UART_INT.c ****                     /* Move local tail index */
 109:.\Generated_Source\PSoC4/ROSSerial_UART_SPI_UART_INT.c ****                     locTail = (ROSSerial_UART_txBufferTail + 1u);
 123              		.loc 1 109 0
 124 0084 1E4B     		ldr	r3, .L14+44
 125 0086 1B68     		ldr	r3, [r3]
 126 0088 0133     		add	r3, r3, #1
 127 008a BB60     		str	r3, [r7, #8]
 110:.\Generated_Source\PSoC4/ROSSerial_UART_SPI_UART_INT.c **** 
 111:.\Generated_Source\PSoC4/ROSSerial_UART_SPI_UART_INT.c ****                     /* Adjust local tail index */
 112:.\Generated_Source\PSoC4/ROSSerial_UART_SPI_UART_INT.c ****                     if(ROSSerial_UART_TX_BUFFER_SIZE == locTail)
 128              		.loc 1 112 0
 129 008c BB68     		ldr	r3, [r7, #8]
 130 008e 802B     		cmp	r3, #128
 131 0090 01D1     		bne	.L11
 113:.\Generated_Source\PSoC4/ROSSerial_UART_SPI_UART_INT.c ****                     {
 114:.\Generated_Source\PSoC4/ROSSerial_UART_SPI_UART_INT.c ****                         locTail = 0u;
 132              		.loc 1 114 0
 133 0092 0023     		mov	r3, #0
 134 0094 BB60     		str	r3, [r7, #8]
 135              	.L11:
 115:.\Generated_Source\PSoC4/ROSSerial_UART_SPI_UART_INT.c ****                     }
 116:.\Generated_Source\PSoC4/ROSSerial_UART_SPI_UART_INT.c **** 
 117:.\Generated_Source\PSoC4/ROSSerial_UART_SPI_UART_INT.c ****                     /* Put data into TX FIFO */
 118:.\Generated_Source\PSoC4/ROSSerial_UART_SPI_UART_INT.c ****                     ROSSerial_UART_TX_FIFO_WR_REG = ROSSerial_UART_GetWordFromTxBuffer(locTail);
 136              		.loc 1 118 0
 137 0096 1B4B     		ldr	r3, .L14+48
 138 0098 1B49     		ldr	r1, .L14+52
 139 009a BA68     		ldr	r2, [r7, #8]
 140 009c 8A18     		add	r2, r1, r2
 141 009e 1278     		ldrb	r2, [r2]
 142 00a0 D2B2     		uxtb	r2, r2
 143 00a2 1A60     		str	r2, [r3]
 119:.\Generated_Source\PSoC4/ROSSerial_UART_SPI_UART_INT.c **** 
 120:.\Generated_Source\PSoC4/ROSSerial_UART_SPI_UART_INT.c ****                     /* Move tail index */
 121:.\Generated_Source\PSoC4/ROSSerial_UART_SPI_UART_INT.c ****                     ROSSerial_UART_txBufferTail = locTail;
 144              		.loc 1 121 0
 145 00a4 164B     		ldr	r3, .L14+44
 146 00a6 BA68     		ldr	r2, [r7, #8]
 147 00a8 1A60     		str	r2, [r3]
 148 00aa 06E0     		b	.L9
 149              	.L10:
 122:.\Generated_Source\PSoC4/ROSSerial_UART_SPI_UART_INT.c ****                 }
 123:.\Generated_Source\PSoC4/ROSSerial_UART_SPI_UART_INT.c ****                 else
 124:.\Generated_Source\PSoC4/ROSSerial_UART_SPI_UART_INT.c ****                 {
 125:.\Generated_Source\PSoC4/ROSSerial_UART_SPI_UART_INT.c ****                     /* TX software buffer is empty: complete transmition */
 126:.\Generated_Source\PSoC4/ROSSerial_UART_SPI_UART_INT.c ****                     ROSSerial_UART_DISABLE_INTR_TX(ROSSerial_UART_INTR_TX_NOT_FULL);
 150              		.loc 1 126 0
 151 00ac 174B     		ldr	r3, .L14+56
 152 00ae 174A     		ldr	r2, .L14+56
 153 00b0 1268     		ldr	r2, [r2]
 154 00b2 0221     		mov	r1, #2
 155 00b4 8A43     		bic	r2, r1
 156 00b6 1A60     		str	r2, [r3]
 127:.\Generated_Source\PSoC4/ROSSerial_UART_SPI_UART_INT.c ****                     break;
 157              		.loc 1 127 0
ARM GAS  C:\DOCUME~1\Chuck\LOCALS~1\Temp\ccbiyegg.s 			page 6


 158 00b8 05E0     		b	.L12
 159              	.L9:
 103:.\Generated_Source\PSoC4/ROSSerial_UART_SPI_UART_INT.c ****             while(ROSSerial_UART_FIFO_SIZE != ROSSerial_UART_GET_TX_FIFO_ENTRIES)
 160              		.loc 1 103 0 discriminator 1
 161 00ba 154B     		ldr	r3, .L14+60
 162 00bc 1A68     		ldr	r2, [r3]
 163 00be 0F23     		mov	r3, #15
 164 00c0 1340     		and	r3, r2
 165 00c2 082B     		cmp	r3, #8
 166 00c4 D8D1     		bne	.L13
 167              	.L12:
 128:.\Generated_Source\PSoC4/ROSSerial_UART_SPI_UART_INT.c ****                 }
 129:.\Generated_Source\PSoC4/ROSSerial_UART_SPI_UART_INT.c ****             }
 130:.\Generated_Source\PSoC4/ROSSerial_UART_SPI_UART_INT.c **** 
 131:.\Generated_Source\PSoC4/ROSSerial_UART_SPI_UART_INT.c ****             ROSSerial_UART_ClearTxInterruptSource(ROSSerial_UART_INTR_TX_NOT_FULL);
 168              		.loc 1 131 0
 169 00c6 134B     		ldr	r3, .L14+64
 170 00c8 0222     		mov	r2, #2
 171 00ca 1A60     		str	r2, [r3]
 172              	.L1:
 132:.\Generated_Source\PSoC4/ROSSerial_UART_SPI_UART_INT.c ****         }
 133:.\Generated_Source\PSoC4/ROSSerial_UART_SPI_UART_INT.c ****     }
 134:.\Generated_Source\PSoC4/ROSSerial_UART_SPI_UART_INT.c ****     #endif
 135:.\Generated_Source\PSoC4/ROSSerial_UART_SPI_UART_INT.c **** }
 173              		.loc 1 135 0
 174 00cc BD46     		mov	sp, r7
 175 00ce 04B0     		add	sp, sp, #16
 176              		@ sp needed
 177 00d0 80BD     		pop	{r7, pc}
 178              	.L15:
 179 00d2 C046     		.align	2
 180              	.L14:
 181 00d4 00000000 		.word	ROSSerial_UART_customIntrHandler
 182 00d8 CC0F0640 		.word	1074139084
 183 00dc 40030640 		.word	1074135872
 184 00e0 00000000 		.word	ROSSerial_UART_rxBufferHead
 185 00e4 00000000 		.word	ROSSerial_UART_rxBufferTail
 186 00e8 00000000 		.word	ROSSerial_UART_rxBufferOverflow
 187 00ec 00000000 		.word	ROSSerial_UART_rxBufferInternal
 188 00f0 08030640 		.word	1074135816
 189 00f4 C00F0640 		.word	1074139072
 190 00f8 8C0F0640 		.word	1074139020
 191 00fc 00000000 		.word	ROSSerial_UART_txBufferHead
 192 0100 00000000 		.word	ROSSerial_UART_txBufferTail
 193 0104 40020640 		.word	1074135616
 194 0108 00000000 		.word	ROSSerial_UART_txBufferInternal
 195 010c 880F0640 		.word	1074139016
 196 0110 08020640 		.word	1074135560
 197 0114 800F0640 		.word	1074139008
 198              		.cfi_endproc
 199              	.LFE0:
 200              		.size	ROSSerial_UART_SPI_UART_ISR, .-ROSSerial_UART_SPI_UART_ISR
 201              		.text
 202              	.Letext0:
 203              		.file 2 ".\\Generated_Source\\PSoC4/cytypes.h"
 204              		.file 3 ".\\Generated_Source\\PSoC4\\ROSSerial_UART_PVT.h"
 205              		.file 4 ".\\Generated_Source\\PSoC4\\ROSSerial_UART_SPI_UART_PVT.h"
ARM GAS  C:\DOCUME~1\Chuck\LOCALS~1\Temp\ccbiyegg.s 			page 7


 206              		.section	.debug_info,"",%progbits
 207              	.Ldebug_info0:
 208 0000 84010000 		.4byte	0x184
 209 0004 0400     		.2byte	0x4
 210 0006 00000000 		.4byte	.Ldebug_abbrev0
 211 000a 04       		.byte	0x4
 212 000b 01       		.uleb128 0x1
 213 000c 72020000 		.4byte	.LASF28
 214 0010 01       		.byte	0x1
 215 0011 48010000 		.4byte	.LASF29
 216 0015 00000000 		.4byte	.LASF30
 217 0019 00000000 		.4byte	.Ldebug_ranges0+0
 218 001d 00000000 		.4byte	0
 219 0021 00000000 		.4byte	.Ldebug_line0
 220 0025 02       		.uleb128 0x2
 221 0026 01       		.byte	0x1
 222 0027 06       		.byte	0x6
 223 0028 66020000 		.4byte	.LASF0
 224 002c 02       		.uleb128 0x2
 225 002d 01       		.byte	0x1
 226 002e 08       		.byte	0x8
 227 002f E1000000 		.4byte	.LASF1
 228 0033 02       		.uleb128 0x2
 229 0034 02       		.byte	0x2
 230 0035 05       		.byte	0x5
 231 0036 33020000 		.4byte	.LASF2
 232 003a 02       		.uleb128 0x2
 233 003b 02       		.byte	0x2
 234 003c 07       		.byte	0x7
 235 003d 7A000000 		.4byte	.LASF3
 236 0041 02       		.uleb128 0x2
 237 0042 04       		.byte	0x4
 238 0043 05       		.byte	0x5
 239 0044 5D020000 		.4byte	.LASF4
 240 0048 02       		.uleb128 0x2
 241 0049 04       		.byte	0x4
 242 004a 07       		.byte	0x7
 243 004b EF000000 		.4byte	.LASF5
 244 004f 02       		.uleb128 0x2
 245 0050 08       		.byte	0x8
 246 0051 05       		.byte	0x5
 247 0052 04020000 		.4byte	.LASF6
 248 0056 02       		.uleb128 0x2
 249 0057 08       		.byte	0x8
 250 0058 07       		.byte	0x7
 251 0059 CF010000 		.4byte	.LASF7
 252 005d 03       		.uleb128 0x3
 253 005e 04       		.byte	0x4
 254 005f 05       		.byte	0x5
 255 0060 696E7400 		.ascii	"int\000"
 256 0064 02       		.uleb128 0x2
 257 0065 04       		.byte	0x4
 258 0066 07       		.byte	0x7
 259 0067 A6010000 		.4byte	.LASF8
 260 006b 04       		.uleb128 0x4
 261 006c 21010000 		.4byte	.LASF9
 262 0070 02       		.byte	0x2
ARM GAS  C:\DOCUME~1\Chuck\LOCALS~1\Temp\ccbiyegg.s 			page 8


 263 0071 5B       		.byte	0x5b
 264 0072 2C000000 		.4byte	0x2c
 265 0076 04       		.uleb128 0x4
 266 0077 7F010000 		.4byte	.LASF10
 267 007b 02       		.byte	0x2
 268 007c 5D       		.byte	0x5d
 269 007d 48000000 		.4byte	0x48
 270 0081 02       		.uleb128 0x2
 271 0082 04       		.byte	0x4
 272 0083 04       		.byte	0x4
 273 0084 D4000000 		.4byte	.LASF11
 274 0088 02       		.uleb128 0x2
 275 0089 08       		.byte	0x8
 276 008a 04       		.byte	0x4
 277 008b A9000000 		.4byte	.LASF12
 278 008f 02       		.uleb128 0x2
 279 0090 01       		.byte	0x1
 280 0091 08       		.byte	0x8
 281 0092 12020000 		.4byte	.LASF13
 282 0096 05       		.uleb128 0x5
 283 0097 6B000000 		.4byte	0x6b
 284 009b 04       		.uleb128 0x4
 285 009c 58000000 		.4byte	.LASF14
 286 00a0 02       		.byte	0x2
 287 00a1 F2       		.byte	0xf2
 288 00a2 A6000000 		.4byte	0xa6
 289 00a6 05       		.uleb128 0x5
 290 00a7 76000000 		.4byte	0x76
 291 00ab 06       		.uleb128 0x6
 292 00ac E6010000 		.4byte	.LASF15
 293 00b0 02       		.byte	0x2
 294 00b1 0201     		.2byte	0x102
 295 00b3 B7000000 		.4byte	0xb7
 296 00b7 07       		.uleb128 0x7
 297 00b8 04       		.byte	0x4
 298 00b9 BD000000 		.4byte	0xbd
 299 00bd 08       		.uleb128 0x8
 300 00be 02       		.uleb128 0x2
 301 00bf 04       		.byte	0x4
 302 00c0 07       		.byte	0x7
 303 00c1 FB010000 		.4byte	.LASF16
 304 00c5 09       		.uleb128 0x9
 305 00c6 8D000000 		.4byte	.LASF31
 306 00ca 01       		.byte	0x1
 307 00cb 24       		.byte	0x24
 308 00cc 00000000 		.4byte	.LFB0
 309 00d0 18010000 		.4byte	.LFE0-.LFB0
 310 00d4 01       		.uleb128 0x1
 311 00d5 9C       		.byte	0x9c
 312 00d6 05010000 		.4byte	0x105
 313 00da 0A       		.uleb128 0xa
 314 00db CC000000 		.4byte	.LASF17
 315 00df 01       		.byte	0x1
 316 00e0 27       		.byte	0x27
 317 00e1 76000000 		.4byte	0x76
 318 00e5 02       		.uleb128 0x2
 319 00e6 91       		.byte	0x91
ARM GAS  C:\DOCUME~1\Chuck\LOCALS~1\Temp\ccbiyegg.s 			page 9


 320 00e7 74       		.sleb128 -12
 321 00e8 0A       		.uleb128 0xa
 322 00e9 DA000000 		.4byte	.LASF18
 323 00ed 01       		.byte	0x1
 324 00ee 28       		.byte	0x28
 325 00ef 76000000 		.4byte	0x76
 326 00f3 02       		.uleb128 0x2
 327 00f4 91       		.byte	0x91
 328 00f5 6C       		.sleb128 -20
 329 00f6 0A       		.uleb128 0xa
 330 00f7 F3010000 		.4byte	.LASF19
 331 00fb 01       		.byte	0x1
 332 00fc 2C       		.byte	0x2c
 333 00fd 76000000 		.4byte	0x76
 334 0101 02       		.uleb128 0x2
 335 0102 91       		.byte	0x91
 336 0103 70       		.sleb128 -16
 337 0104 00       		.byte	0
 338 0105 0B       		.uleb128 0xb
 339 0106 27010000 		.4byte	.LASF20
 340 010a 03       		.byte	0x3
 341 010b 37       		.byte	0x37
 342 010c AB000000 		.4byte	0xab
 343 0110 0B       		.uleb128 0xb
 344 0111 17020000 		.4byte	.LASF21
 345 0115 04       		.byte	0x4
 346 0116 1E       		.byte	0x1e
 347 0117 A6000000 		.4byte	0xa6
 348 011b 0B       		.uleb128 0xb
 349 011c B0000000 		.4byte	.LASF22
 350 0120 04       		.byte	0x4
 351 0121 1F       		.byte	0x1f
 352 0122 A6000000 		.4byte	0xa6
 353 0126 0B       		.uleb128 0xb
 354 0127 86010000 		.4byte	.LASF23
 355 012b 04       		.byte	0x4
 356 012c 20       		.byte	0x20
 357 012d 96000000 		.4byte	0x96
 358 0131 0B       		.uleb128 0xb
 359 0132 B3010000 		.4byte	.LASF24
 360 0136 04       		.byte	0x4
 361 0137 24       		.byte	0x24
 362 0138 A6000000 		.4byte	0xa6
 363 013c 0B       		.uleb128 0xb
 364 013d 5E000000 		.4byte	.LASF25
 365 0141 04       		.byte	0x4
 366 0142 25       		.byte	0x25
 367 0143 A6000000 		.4byte	0xa6
 368 0147 0C       		.uleb128 0xc
 369 0148 6B000000 		.4byte	0x6b
 370 014c 57010000 		.4byte	0x157
 371 0150 0D       		.uleb128 0xd
 372 0151 BE000000 		.4byte	0xbe
 373 0155 40       		.byte	0x40
 374 0156 00       		.byte	0
 375 0157 0B       		.uleb128 0xb
 376 0158 01010000 		.4byte	.LASF26
ARM GAS  C:\DOCUME~1\Chuck\LOCALS~1\Temp\ccbiyegg.s 			page 10


 377 015c 04       		.byte	0x4
 378 015d 29       		.byte	0x29
 379 015e 62010000 		.4byte	0x162
 380 0162 05       		.uleb128 0x5
 381 0163 47010000 		.4byte	0x147
 382 0167 0C       		.uleb128 0xc
 383 0168 6B000000 		.4byte	0x6b
 384 016c 77010000 		.4byte	0x177
 385 0170 0D       		.uleb128 0xd
 386 0171 BE000000 		.4byte	0xbe
 387 0175 7F       		.byte	0x7f
 388 0176 00       		.byte	0
 389 0177 0B       		.uleb128 0xb
 390 0178 3D020000 		.4byte	.LASF27
 391 017c 04       		.byte	0x4
 392 017d 2D       		.byte	0x2d
 393 017e 82010000 		.4byte	0x182
 394 0182 05       		.uleb128 0x5
 395 0183 67010000 		.4byte	0x167
 396 0187 00       		.byte	0
 397              		.section	.debug_abbrev,"",%progbits
 398              	.Ldebug_abbrev0:
 399 0000 01       		.uleb128 0x1
 400 0001 11       		.uleb128 0x11
 401 0002 01       		.byte	0x1
 402 0003 25       		.uleb128 0x25
 403 0004 0E       		.uleb128 0xe
 404 0005 13       		.uleb128 0x13
 405 0006 0B       		.uleb128 0xb
 406 0007 03       		.uleb128 0x3
 407 0008 0E       		.uleb128 0xe
 408 0009 1B       		.uleb128 0x1b
 409 000a 0E       		.uleb128 0xe
 410 000b 55       		.uleb128 0x55
 411 000c 17       		.uleb128 0x17
 412 000d 11       		.uleb128 0x11
 413 000e 01       		.uleb128 0x1
 414 000f 10       		.uleb128 0x10
 415 0010 17       		.uleb128 0x17
 416 0011 00       		.byte	0
 417 0012 00       		.byte	0
 418 0013 02       		.uleb128 0x2
 419 0014 24       		.uleb128 0x24
 420 0015 00       		.byte	0
 421 0016 0B       		.uleb128 0xb
 422 0017 0B       		.uleb128 0xb
 423 0018 3E       		.uleb128 0x3e
 424 0019 0B       		.uleb128 0xb
 425 001a 03       		.uleb128 0x3
 426 001b 0E       		.uleb128 0xe
 427 001c 00       		.byte	0
 428 001d 00       		.byte	0
 429 001e 03       		.uleb128 0x3
 430 001f 24       		.uleb128 0x24
 431 0020 00       		.byte	0
 432 0021 0B       		.uleb128 0xb
 433 0022 0B       		.uleb128 0xb
ARM GAS  C:\DOCUME~1\Chuck\LOCALS~1\Temp\ccbiyegg.s 			page 11


 434 0023 3E       		.uleb128 0x3e
 435 0024 0B       		.uleb128 0xb
 436 0025 03       		.uleb128 0x3
 437 0026 08       		.uleb128 0x8
 438 0027 00       		.byte	0
 439 0028 00       		.byte	0
 440 0029 04       		.uleb128 0x4
 441 002a 16       		.uleb128 0x16
 442 002b 00       		.byte	0
 443 002c 03       		.uleb128 0x3
 444 002d 0E       		.uleb128 0xe
 445 002e 3A       		.uleb128 0x3a
 446 002f 0B       		.uleb128 0xb
 447 0030 3B       		.uleb128 0x3b
 448 0031 0B       		.uleb128 0xb
 449 0032 49       		.uleb128 0x49
 450 0033 13       		.uleb128 0x13
 451 0034 00       		.byte	0
 452 0035 00       		.byte	0
 453 0036 05       		.uleb128 0x5
 454 0037 35       		.uleb128 0x35
 455 0038 00       		.byte	0
 456 0039 49       		.uleb128 0x49
 457 003a 13       		.uleb128 0x13
 458 003b 00       		.byte	0
 459 003c 00       		.byte	0
 460 003d 06       		.uleb128 0x6
 461 003e 16       		.uleb128 0x16
 462 003f 00       		.byte	0
 463 0040 03       		.uleb128 0x3
 464 0041 0E       		.uleb128 0xe
 465 0042 3A       		.uleb128 0x3a
 466 0043 0B       		.uleb128 0xb
 467 0044 3B       		.uleb128 0x3b
 468 0045 05       		.uleb128 0x5
 469 0046 49       		.uleb128 0x49
 470 0047 13       		.uleb128 0x13
 471 0048 00       		.byte	0
 472 0049 00       		.byte	0
 473 004a 07       		.uleb128 0x7
 474 004b 0F       		.uleb128 0xf
 475 004c 00       		.byte	0
 476 004d 0B       		.uleb128 0xb
 477 004e 0B       		.uleb128 0xb
 478 004f 49       		.uleb128 0x49
 479 0050 13       		.uleb128 0x13
 480 0051 00       		.byte	0
 481 0052 00       		.byte	0
 482 0053 08       		.uleb128 0x8
 483 0054 15       		.uleb128 0x15
 484 0055 00       		.byte	0
 485 0056 27       		.uleb128 0x27
 486 0057 19       		.uleb128 0x19
 487 0058 00       		.byte	0
 488 0059 00       		.byte	0
 489 005a 09       		.uleb128 0x9
 490 005b 2E       		.uleb128 0x2e
ARM GAS  C:\DOCUME~1\Chuck\LOCALS~1\Temp\ccbiyegg.s 			page 12


 491 005c 01       		.byte	0x1
 492 005d 3F       		.uleb128 0x3f
 493 005e 19       		.uleb128 0x19
 494 005f 03       		.uleb128 0x3
 495 0060 0E       		.uleb128 0xe
 496 0061 3A       		.uleb128 0x3a
 497 0062 0B       		.uleb128 0xb
 498 0063 3B       		.uleb128 0x3b
 499 0064 0B       		.uleb128 0xb
 500 0065 27       		.uleb128 0x27
 501 0066 19       		.uleb128 0x19
 502 0067 11       		.uleb128 0x11
 503 0068 01       		.uleb128 0x1
 504 0069 12       		.uleb128 0x12
 505 006a 06       		.uleb128 0x6
 506 006b 40       		.uleb128 0x40
 507 006c 18       		.uleb128 0x18
 508 006d 9642     		.uleb128 0x2116
 509 006f 19       		.uleb128 0x19
 510 0070 01       		.uleb128 0x1
 511 0071 13       		.uleb128 0x13
 512 0072 00       		.byte	0
 513 0073 00       		.byte	0
 514 0074 0A       		.uleb128 0xa
 515 0075 34       		.uleb128 0x34
 516 0076 00       		.byte	0
 517 0077 03       		.uleb128 0x3
 518 0078 0E       		.uleb128 0xe
 519 0079 3A       		.uleb128 0x3a
 520 007a 0B       		.uleb128 0xb
 521 007b 3B       		.uleb128 0x3b
 522 007c 0B       		.uleb128 0xb
 523 007d 49       		.uleb128 0x49
 524 007e 13       		.uleb128 0x13
 525 007f 02       		.uleb128 0x2
 526 0080 18       		.uleb128 0x18
 527 0081 00       		.byte	0
 528 0082 00       		.byte	0
 529 0083 0B       		.uleb128 0xb
 530 0084 34       		.uleb128 0x34
 531 0085 00       		.byte	0
 532 0086 03       		.uleb128 0x3
 533 0087 0E       		.uleb128 0xe
 534 0088 3A       		.uleb128 0x3a
 535 0089 0B       		.uleb128 0xb
 536 008a 3B       		.uleb128 0x3b
 537 008b 0B       		.uleb128 0xb
 538 008c 49       		.uleb128 0x49
 539 008d 13       		.uleb128 0x13
 540 008e 3F       		.uleb128 0x3f
 541 008f 19       		.uleb128 0x19
 542 0090 3C       		.uleb128 0x3c
 543 0091 19       		.uleb128 0x19
 544 0092 00       		.byte	0
 545 0093 00       		.byte	0
 546 0094 0C       		.uleb128 0xc
 547 0095 01       		.uleb128 0x1
ARM GAS  C:\DOCUME~1\Chuck\LOCALS~1\Temp\ccbiyegg.s 			page 13


 548 0096 01       		.byte	0x1
 549 0097 49       		.uleb128 0x49
 550 0098 13       		.uleb128 0x13
 551 0099 01       		.uleb128 0x1
 552 009a 13       		.uleb128 0x13
 553 009b 00       		.byte	0
 554 009c 00       		.byte	0
 555 009d 0D       		.uleb128 0xd
 556 009e 21       		.uleb128 0x21
 557 009f 00       		.byte	0
 558 00a0 49       		.uleb128 0x49
 559 00a1 13       		.uleb128 0x13
 560 00a2 2F       		.uleb128 0x2f
 561 00a3 0B       		.uleb128 0xb
 562 00a4 00       		.byte	0
 563 00a5 00       		.byte	0
 564 00a6 00       		.byte	0
 565              		.section	.debug_aranges,"",%progbits
 566 0000 1C000000 		.4byte	0x1c
 567 0004 0200     		.2byte	0x2
 568 0006 00000000 		.4byte	.Ldebug_info0
 569 000a 04       		.byte	0x4
 570 000b 00       		.byte	0
 571 000c 0000     		.2byte	0
 572 000e 0000     		.2byte	0
 573 0010 00000000 		.4byte	.LFB0
 574 0014 18010000 		.4byte	.LFE0-.LFB0
 575 0018 00000000 		.4byte	0
 576 001c 00000000 		.4byte	0
 577              		.section	.debug_ranges,"",%progbits
 578              	.Ldebug_ranges0:
 579 0000 00000000 		.4byte	.LFB0
 580 0004 18010000 		.4byte	.LFE0
 581 0008 00000000 		.4byte	0
 582 000c 00000000 		.4byte	0
 583              		.section	.debug_line,"",%progbits
 584              	.Ldebug_line0:
 585 0000 D7000000 		.section	.debug_str,"MS",%progbits,1
 585      02009300 
 585      00000201 
 585      FB0E0D00 
 585      01010101 
 586              	.LASF30:
 587 0000 433A5C44 		.ascii	"C:\\Documents and Settings\\Chuck\\My Documents\\PS"
 587      6F63756D 
 587      656E7473 
 587      20616E64 
 587      20536574 
 588 002f 6F432043 		.ascii	"oC Creator\\RosOnAStick\\RosOnAStick.cydsn\000"
 588      72656174 
 588      6F725C52 
 588      6F734F6E 
 588      41537469 
 589              	.LASF14:
 590 0058 72656733 		.ascii	"reg32\000"
 590      3200
 591              	.LASF25:
ARM GAS  C:\DOCUME~1\Chuck\LOCALS~1\Temp\ccbiyegg.s 			page 14


 592 005e 524F5353 		.ascii	"ROSSerial_UART_txBufferTail\000"
 592      65726961 
 592      6C5F5541 
 592      52545F74 
 592      78427566 
 593              	.LASF3:
 594 007a 73686F72 		.ascii	"short unsigned int\000"
 594      7420756E 
 594      7369676E 
 594      65642069 
 594      6E7400
 595              	.LASF31:
 596 008d 524F5353 		.ascii	"ROSSerial_UART_SPI_UART_ISR\000"
 596      65726961 
 596      6C5F5541 
 596      52545F53 
 596      50495F55 
 597              	.LASF12:
 598 00a9 646F7562 		.ascii	"double\000"
 598      6C6500
 599              	.LASF22:
 600 00b0 524F5353 		.ascii	"ROSSerial_UART_rxBufferTail\000"
 600      65726961 
 600      6C5F5541 
 600      52545F72 
 600      78427566 
 601              	.LASF17:
 602 00cc 6C6F6348 		.ascii	"locHead\000"
 602      65616400 
 603              	.LASF11:
 604 00d4 666C6F61 		.ascii	"float\000"
 604      7400
 605              	.LASF18:
 606 00da 64617461 		.ascii	"dataRx\000"
 606      527800
 607              	.LASF1:
 608 00e1 756E7369 		.ascii	"unsigned char\000"
 608      676E6564 
 608      20636861 
 608      7200
 609              	.LASF5:
 610 00ef 6C6F6E67 		.ascii	"long unsigned int\000"
 610      20756E73 
 610      69676E65 
 610      6420696E 
 610      7400
 611              	.LASF26:
 612 0101 524F5353 		.ascii	"ROSSerial_UART_rxBufferInternal\000"
 612      65726961 
 612      6C5F5541 
 612      52545F72 
 612      78427566 
 613              	.LASF9:
 614 0121 75696E74 		.ascii	"uint8\000"
 614      3800
 615              	.LASF20:
 616 0127 524F5353 		.ascii	"ROSSerial_UART_customIntrHandler\000"
ARM GAS  C:\DOCUME~1\Chuck\LOCALS~1\Temp\ccbiyegg.s 			page 15


 616      65726961 
 616      6C5F5541 
 616      52545F63 
 616      7573746F 
 617              	.LASF29:
 618 0148 2E5C4765 		.ascii	".\\Generated_Source\\PSoC4\\ROSSerial_UART_SPI_UART"
 618      6E657261 
 618      7465645F 
 618      536F7572 
 618      63655C50 
 619 0178 5F494E54 		.ascii	"_INT.c\000"
 619      2E6300
 620              	.LASF10:
 621 017f 75696E74 		.ascii	"uint32\000"
 621      333200
 622              	.LASF23:
 623 0186 524F5353 		.ascii	"ROSSerial_UART_rxBufferOverflow\000"
 623      65726961 
 623      6C5F5541 
 623      52545F72 
 623      78427566 
 624              	.LASF8:
 625 01a6 756E7369 		.ascii	"unsigned int\000"
 625      676E6564 
 625      20696E74 
 625      00
 626              	.LASF24:
 627 01b3 524F5353 		.ascii	"ROSSerial_UART_txBufferHead\000"
 627      65726961 
 627      6C5F5541 
 627      52545F74 
 627      78427566 
 628              	.LASF7:
 629 01cf 6C6F6E67 		.ascii	"long long unsigned int\000"
 629      206C6F6E 
 629      6720756E 
 629      7369676E 
 629      65642069 
 630              	.LASF15:
 631 01e6 63796973 		.ascii	"cyisraddress\000"
 631      72616464 
 631      72657373 
 631      00
 632              	.LASF19:
 633 01f3 6C6F6354 		.ascii	"locTail\000"
 633      61696C00 
 634              	.LASF16:
 635 01fb 73697A65 		.ascii	"sizetype\000"
 635      74797065 
 635      00
 636              	.LASF6:
 637 0204 6C6F6E67 		.ascii	"long long int\000"
 637      206C6F6E 
 637      6720696E 
 637      7400
 638              	.LASF13:
 639 0212 63686172 		.ascii	"char\000"
ARM GAS  C:\DOCUME~1\Chuck\LOCALS~1\Temp\ccbiyegg.s 			page 16


 639      00
 640              	.LASF21:
 641 0217 524F5353 		.ascii	"ROSSerial_UART_rxBufferHead\000"
 641      65726961 
 641      6C5F5541 
 641      52545F72 
 641      78427566 
 642              	.LASF2:
 643 0233 73686F72 		.ascii	"short int\000"
 643      7420696E 
 643      7400
 644              	.LASF27:
 645 023d 524F5353 		.ascii	"ROSSerial_UART_txBufferInternal\000"
 645      65726961 
 645      6C5F5541 
 645      52545F74 
 645      78427566 
 646              	.LASF4:
 647 025d 6C6F6E67 		.ascii	"long int\000"
 647      20696E74 
 647      00
 648              	.LASF0:
 649 0266 7369676E 		.ascii	"signed char\000"
 649      65642063 
 649      68617200 
 650              	.LASF28:
 651 0272 474E5520 		.ascii	"GNU C 4.8.4 20140526 (release) [ARM/embedded-4_8-br"
 651      4320342E 
 651      382E3420 
 651      32303134 
 651      30353236 
 652 02a5 616E6368 		.ascii	"anch revision 211358] -mcpu=cortex-m0 -mthumb -g -O"
 652      20726576 
 652      6973696F 
 652      6E203231 
 652      31333538 
 653 02d8 30202D66 		.ascii	"0 -ffunction-sections -fno-rtti -fno-exceptions -fu"
 653      66756E63 
 653      74696F6E 
 653      2D736563 
 653      74696F6E 
 654 030b 6E736967 		.ascii	"nsigned-char -funsigned-bitfields -fshort-enums\000"
 654      6E65642D 
 654      63686172 
 654      202D6675 
 654      6E736967 
 655              		.ident	"GCC: (GNU Tools for ARM Embedded Processors) 4.8.4 20140526 (release) [ARM/embedded-4_8-br
