ARM GAS  C:\DOCUME~1\Chuck\LOCALS~1\Temp\ccEe4yPq.s 			page 1


   1              		.cpu cortex-m0
   2              		.fpu softvfp
   3              		.eabi_attribute 20, 1
   4              		.eabi_attribute 21, 1
   5              		.eabi_attribute 23, 3
   6              		.eabi_attribute 24, 1
   7              		.eabi_attribute 25, 1
   8              		.eabi_attribute 26, 1
   9              		.eabi_attribute 30, 6
  10              		.eabi_attribute 34, 0
  11              		.eabi_attribute 18, 4
  12              		.code	16
  13              		.file	"ROSSerial_UART_UART.c"
  14              		.text
  15              	.Ltext0:
  16              		.cfi_sections	.debug_frame
  17              		.section	.text.ROSSerial_UART_UartInit,"ax",%progbits
  18              		.align	2
  19              		.global	ROSSerial_UART_UartInit
  20              		.code	16
  21              		.thumb_func
  22              		.type	ROSSerial_UART_UartInit, %function
  23              	ROSSerial_UART_UartInit:
  24              	.LFB0:
  25              		.file 1 ".\\Generated_Source\\PSoC4\\ROSSerial_UART_UART.c"
   1:.\Generated_Source\PSoC4/ROSSerial_UART_UART.c **** /*******************************************************************************
   2:.\Generated_Source\PSoC4/ROSSerial_UART_UART.c **** * File Name: ROSSerial_UART_UART.c
   3:.\Generated_Source\PSoC4/ROSSerial_UART_UART.c **** * Version 1.20
   4:.\Generated_Source\PSoC4/ROSSerial_UART_UART.c **** *
   5:.\Generated_Source\PSoC4/ROSSerial_UART_UART.c **** * Description:
   6:.\Generated_Source\PSoC4/ROSSerial_UART_UART.c **** *  This file provides the source code to the API for the SCB Component in
   7:.\Generated_Source\PSoC4/ROSSerial_UART_UART.c **** *  UART mode.
   8:.\Generated_Source\PSoC4/ROSSerial_UART_UART.c **** *
   9:.\Generated_Source\PSoC4/ROSSerial_UART_UART.c **** * Note:
  10:.\Generated_Source\PSoC4/ROSSerial_UART_UART.c **** *
  11:.\Generated_Source\PSoC4/ROSSerial_UART_UART.c **** *******************************************************************************
  12:.\Generated_Source\PSoC4/ROSSerial_UART_UART.c **** * Copyright 2013-2014, Cypress Semiconductor Corporation.  All rights reserved.
  13:.\Generated_Source\PSoC4/ROSSerial_UART_UART.c **** * You may use this file only in accordance with the license, terms, conditions,
  14:.\Generated_Source\PSoC4/ROSSerial_UART_UART.c **** * disclaimers, and limitations in the end user license agreement accompanying
  15:.\Generated_Source\PSoC4/ROSSerial_UART_UART.c **** * the software package with which this file was provided.
  16:.\Generated_Source\PSoC4/ROSSerial_UART_UART.c **** *******************************************************************************/
  17:.\Generated_Source\PSoC4/ROSSerial_UART_UART.c **** 
  18:.\Generated_Source\PSoC4/ROSSerial_UART_UART.c **** #include "ROSSerial_UART_PVT.h"
  19:.\Generated_Source\PSoC4/ROSSerial_UART_UART.c **** #include "ROSSerial_UART_SPI_UART_PVT.h"
  20:.\Generated_Source\PSoC4/ROSSerial_UART_UART.c **** 
  21:.\Generated_Source\PSoC4/ROSSerial_UART_UART.c **** 
  22:.\Generated_Source\PSoC4/ROSSerial_UART_UART.c **** #if(ROSSerial_UART_SCB_MODE_UNCONFIG_CONST_CFG)
  23:.\Generated_Source\PSoC4/ROSSerial_UART_UART.c **** 
  24:.\Generated_Source\PSoC4/ROSSerial_UART_UART.c ****     /***************************************
  25:.\Generated_Source\PSoC4/ROSSerial_UART_UART.c ****     *  Config Structure Initialization
  26:.\Generated_Source\PSoC4/ROSSerial_UART_UART.c ****     ***************************************/
  27:.\Generated_Source\PSoC4/ROSSerial_UART_UART.c **** 
  28:.\Generated_Source\PSoC4/ROSSerial_UART_UART.c ****     const ROSSerial_UART_UART_INIT_STRUCT ROSSerial_UART_configUart =
  29:.\Generated_Source\PSoC4/ROSSerial_UART_UART.c ****     {
  30:.\Generated_Source\PSoC4/ROSSerial_UART_UART.c ****         ROSSerial_UART_UART_SUB_MODE,
  31:.\Generated_Source\PSoC4/ROSSerial_UART_UART.c ****         ROSSerial_UART_UART_DIRECTION,
  32:.\Generated_Source\PSoC4/ROSSerial_UART_UART.c ****         ROSSerial_UART_UART_DATA_BITS_NUM,
ARM GAS  C:\DOCUME~1\Chuck\LOCALS~1\Temp\ccEe4yPq.s 			page 2


  33:.\Generated_Source\PSoC4/ROSSerial_UART_UART.c ****         ROSSerial_UART_UART_PARITY_TYPE,
  34:.\Generated_Source\PSoC4/ROSSerial_UART_UART.c ****         ROSSerial_UART_UART_STOP_BITS_NUM,
  35:.\Generated_Source\PSoC4/ROSSerial_UART_UART.c ****         ROSSerial_UART_UART_OVS_FACTOR,
  36:.\Generated_Source\PSoC4/ROSSerial_UART_UART.c ****         ROSSerial_UART_UART_IRDA_LOW_POWER,
  37:.\Generated_Source\PSoC4/ROSSerial_UART_UART.c ****         ROSSerial_UART_UART_MEDIAN_FILTER_ENABLE,
  38:.\Generated_Source\PSoC4/ROSSerial_UART_UART.c ****         ROSSerial_UART_UART_RETRY_ON_NACK,
  39:.\Generated_Source\PSoC4/ROSSerial_UART_UART.c ****         ROSSerial_UART_UART_IRDA_POLARITY,
  40:.\Generated_Source\PSoC4/ROSSerial_UART_UART.c ****         ROSSerial_UART_UART_DROP_ON_PARITY_ERR,
  41:.\Generated_Source\PSoC4/ROSSerial_UART_UART.c ****         ROSSerial_UART_UART_DROP_ON_FRAME_ERR,
  42:.\Generated_Source\PSoC4/ROSSerial_UART_UART.c ****         ROSSerial_UART_UART_WAKE_ENABLE,
  43:.\Generated_Source\PSoC4/ROSSerial_UART_UART.c ****         0u,
  44:.\Generated_Source\PSoC4/ROSSerial_UART_UART.c ****         NULL,
  45:.\Generated_Source\PSoC4/ROSSerial_UART_UART.c ****         0u,
  46:.\Generated_Source\PSoC4/ROSSerial_UART_UART.c ****         NULL,
  47:.\Generated_Source\PSoC4/ROSSerial_UART_UART.c ****         ROSSerial_UART_UART_MP_MODE_ENABLE,
  48:.\Generated_Source\PSoC4/ROSSerial_UART_UART.c ****         ROSSerial_UART_UART_MP_ACCEPT_ADDRESS,
  49:.\Generated_Source\PSoC4/ROSSerial_UART_UART.c ****         ROSSerial_UART_UART_MP_RX_ADDRESS,
  50:.\Generated_Source\PSoC4/ROSSerial_UART_UART.c ****         ROSSerial_UART_UART_MP_RX_ADDRESS_MASK,
  51:.\Generated_Source\PSoC4/ROSSerial_UART_UART.c ****         (uint32) ROSSerial_UART_SCB_IRQ_INTERNAL,
  52:.\Generated_Source\PSoC4/ROSSerial_UART_UART.c ****         ROSSerial_UART_UART_INTR_RX_MASK,
  53:.\Generated_Source\PSoC4/ROSSerial_UART_UART.c ****         ROSSerial_UART_UART_RX_TRIGGER_LEVEL,
  54:.\Generated_Source\PSoC4/ROSSerial_UART_UART.c ****         ROSSerial_UART_UART_INTR_TX_MASK,
  55:.\Generated_Source\PSoC4/ROSSerial_UART_UART.c ****         ROSSerial_UART_UART_TX_TRIGGER_LEVEL
  56:.\Generated_Source\PSoC4/ROSSerial_UART_UART.c ****     };
  57:.\Generated_Source\PSoC4/ROSSerial_UART_UART.c **** 
  58:.\Generated_Source\PSoC4/ROSSerial_UART_UART.c **** 
  59:.\Generated_Source\PSoC4/ROSSerial_UART_UART.c ****     /*******************************************************************************
  60:.\Generated_Source\PSoC4/ROSSerial_UART_UART.c ****     * Function Name: ROSSerial_UART_UartInit
  61:.\Generated_Source\PSoC4/ROSSerial_UART_UART.c ****     ********************************************************************************
  62:.\Generated_Source\PSoC4/ROSSerial_UART_UART.c ****     *
  63:.\Generated_Source\PSoC4/ROSSerial_UART_UART.c ****     * Summary:
  64:.\Generated_Source\PSoC4/ROSSerial_UART_UART.c ****     *  Configures the SCB for the UART operation.
  65:.\Generated_Source\PSoC4/ROSSerial_UART_UART.c ****     *
  66:.\Generated_Source\PSoC4/ROSSerial_UART_UART.c ****     * Parameters:
  67:.\Generated_Source\PSoC4/ROSSerial_UART_UART.c ****     *  config:  Pointer to a structure that contains the following ordered list of
  68:.\Generated_Source\PSoC4/ROSSerial_UART_UART.c ****     *           fields. These fields match the selections available in the
  69:.\Generated_Source\PSoC4/ROSSerial_UART_UART.c ****     *           customizer.
  70:.\Generated_Source\PSoC4/ROSSerial_UART_UART.c ****     *
  71:.\Generated_Source\PSoC4/ROSSerial_UART_UART.c ****     * Return:
  72:.\Generated_Source\PSoC4/ROSSerial_UART_UART.c ****     *  None
  73:.\Generated_Source\PSoC4/ROSSerial_UART_UART.c ****     *
  74:.\Generated_Source\PSoC4/ROSSerial_UART_UART.c ****     *******************************************************************************/
  75:.\Generated_Source\PSoC4/ROSSerial_UART_UART.c ****     void ROSSerial_UART_UartInit(const ROSSerial_UART_UART_INIT_STRUCT *config)
  76:.\Generated_Source\PSoC4/ROSSerial_UART_UART.c ****     {
  77:.\Generated_Source\PSoC4/ROSSerial_UART_UART.c ****         if(NULL == config)
  78:.\Generated_Source\PSoC4/ROSSerial_UART_UART.c ****         {
  79:.\Generated_Source\PSoC4/ROSSerial_UART_UART.c ****             CYASSERT(0u != 0u); /* Halt execution due bad function parameter */
  80:.\Generated_Source\PSoC4/ROSSerial_UART_UART.c ****         }
  81:.\Generated_Source\PSoC4/ROSSerial_UART_UART.c ****         else
  82:.\Generated_Source\PSoC4/ROSSerial_UART_UART.c ****         {
  83:.\Generated_Source\PSoC4/ROSSerial_UART_UART.c ****             /* Configure pins */
  84:.\Generated_Source\PSoC4/ROSSerial_UART_UART.c ****             ROSSerial_UART_SetPins(ROSSerial_UART_SCB_MODE_UART, config->mode, config->direction);
  85:.\Generated_Source\PSoC4/ROSSerial_UART_UART.c **** 
  86:.\Generated_Source\PSoC4/ROSSerial_UART_UART.c ****             /* Store internal configuration */
  87:.\Generated_Source\PSoC4/ROSSerial_UART_UART.c ****             ROSSerial_UART_scbMode       = (uint8) ROSSerial_UART_SCB_MODE_UART;
  88:.\Generated_Source\PSoC4/ROSSerial_UART_UART.c ****             ROSSerial_UART_scbEnableWake = (uint8) config->enableWake;
  89:.\Generated_Source\PSoC4/ROSSerial_UART_UART.c ****             ROSSerial_UART_scbEnableIntr = (uint8) config->enableInterrupt;
ARM GAS  C:\DOCUME~1\Chuck\LOCALS~1\Temp\ccEe4yPq.s 			page 3


  90:.\Generated_Source\PSoC4/ROSSerial_UART_UART.c **** 
  91:.\Generated_Source\PSoC4/ROSSerial_UART_UART.c ****             /* Set RX direction internal variables */
  92:.\Generated_Source\PSoC4/ROSSerial_UART_UART.c ****             ROSSerial_UART_rxBuffer      =         config->rxBuffer;
  93:.\Generated_Source\PSoC4/ROSSerial_UART_UART.c ****             ROSSerial_UART_rxDataBits    = (uint8) config->dataBits;
  94:.\Generated_Source\PSoC4/ROSSerial_UART_UART.c ****             ROSSerial_UART_rxBufferSize  = (uint8) config->rxBufferSize;
  95:.\Generated_Source\PSoC4/ROSSerial_UART_UART.c **** 
  96:.\Generated_Source\PSoC4/ROSSerial_UART_UART.c ****             /* Set TX direction internal variables */
  97:.\Generated_Source\PSoC4/ROSSerial_UART_UART.c ****             ROSSerial_UART_txBuffer      =         config->txBuffer;
  98:.\Generated_Source\PSoC4/ROSSerial_UART_UART.c ****             ROSSerial_UART_txDataBits    = (uint8) config->dataBits;
  99:.\Generated_Source\PSoC4/ROSSerial_UART_UART.c ****             ROSSerial_UART_txBufferSize  = (uint8) config->txBufferSize;
 100:.\Generated_Source\PSoC4/ROSSerial_UART_UART.c **** 
 101:.\Generated_Source\PSoC4/ROSSerial_UART_UART.c ****             /* Configure UART interface */
 102:.\Generated_Source\PSoC4/ROSSerial_UART_UART.c ****             if(ROSSerial_UART_UART_MODE_IRDA == config->mode)
 103:.\Generated_Source\PSoC4/ROSSerial_UART_UART.c ****             {
 104:.\Generated_Source\PSoC4/ROSSerial_UART_UART.c ****                 /* OVS settings: IrDA */
 105:.\Generated_Source\PSoC4/ROSSerial_UART_UART.c ****                 ROSSerial_UART_CTRL_REG  = ((0u != config->enableIrdaLowPower) ?
 106:.\Generated_Source\PSoC4/ROSSerial_UART_UART.c ****                                                 (ROSSerial_UART_UART_GET_CTRL_OVS_IRDA_LP(config->o
 107:.\Generated_Source\PSoC4/ROSSerial_UART_UART.c ****                                                 (ROSSerial_UART_CTRL_OVS_IRDA_OVS16));
 108:.\Generated_Source\PSoC4/ROSSerial_UART_UART.c ****             }
 109:.\Generated_Source\PSoC4/ROSSerial_UART_UART.c ****             else
 110:.\Generated_Source\PSoC4/ROSSerial_UART_UART.c ****             {
 111:.\Generated_Source\PSoC4/ROSSerial_UART_UART.c ****                 /* OVS settings: UART and SmartCard */
 112:.\Generated_Source\PSoC4/ROSSerial_UART_UART.c ****                 ROSSerial_UART_CTRL_REG  = ROSSerial_UART_GET_CTRL_OVS(config->oversample);
 113:.\Generated_Source\PSoC4/ROSSerial_UART_UART.c ****             }
 114:.\Generated_Source\PSoC4/ROSSerial_UART_UART.c **** 
 115:.\Generated_Source\PSoC4/ROSSerial_UART_UART.c ****             ROSSerial_UART_CTRL_REG     |= ROSSerial_UART_GET_CTRL_ADDR_ACCEPT(config->multiprocAcc
 116:.\Generated_Source\PSoC4/ROSSerial_UART_UART.c ****                                              ROSSerial_UART_CTRL_UART;
 117:.\Generated_Source\PSoC4/ROSSerial_UART_UART.c **** 
 118:.\Generated_Source\PSoC4/ROSSerial_UART_UART.c ****             /* Configure sub-mode: UART, SmartCard or IrDA */
 119:.\Generated_Source\PSoC4/ROSSerial_UART_UART.c ****             ROSSerial_UART_UART_CTRL_REG = ROSSerial_UART_GET_UART_CTRL_MODE(config->mode);
 120:.\Generated_Source\PSoC4/ROSSerial_UART_UART.c **** 
 121:.\Generated_Source\PSoC4/ROSSerial_UART_UART.c ****             /* Configure RX direction */
 122:.\Generated_Source\PSoC4/ROSSerial_UART_UART.c ****             ROSSerial_UART_UART_RX_CTRL_REG = ROSSerial_UART_GET_UART_RX_CTRL_MODE(config->stopBits
 123:.\Generated_Source\PSoC4/ROSSerial_UART_UART.c ****                                         ROSSerial_UART_GET_UART_RX_CTRL_POLARITY(config->enableInve
 124:.\Generated_Source\PSoC4/ROSSerial_UART_UART.c ****                                         ROSSerial_UART_GET_UART_RX_CTRL_MP_MODE(config->enableMulti
 125:.\Generated_Source\PSoC4/ROSSerial_UART_UART.c ****                                         ROSSerial_UART_GET_UART_RX_CTRL_DROP_ON_PARITY_ERR(config->
 126:.\Generated_Source\PSoC4/ROSSerial_UART_UART.c ****                                         ROSSerial_UART_GET_UART_RX_CTRL_DROP_ON_FRAME_ERR(config->d
 127:.\Generated_Source\PSoC4/ROSSerial_UART_UART.c **** 
 128:.\Generated_Source\PSoC4/ROSSerial_UART_UART.c ****             if(ROSSerial_UART_UART_PARITY_NONE != config->parity)
 129:.\Generated_Source\PSoC4/ROSSerial_UART_UART.c ****             {
 130:.\Generated_Source\PSoC4/ROSSerial_UART_UART.c ****                ROSSerial_UART_UART_RX_CTRL_REG |= ROSSerial_UART_GET_UART_RX_CTRL_PARITY(config->pa
 131:.\Generated_Source\PSoC4/ROSSerial_UART_UART.c ****                                                     ROSSerial_UART_UART_RX_CTRL_PARITY_ENABLED;
 132:.\Generated_Source\PSoC4/ROSSerial_UART_UART.c ****             }
 133:.\Generated_Source\PSoC4/ROSSerial_UART_UART.c **** 
 134:.\Generated_Source\PSoC4/ROSSerial_UART_UART.c ****             ROSSerial_UART_RX_CTRL_REG      = ROSSerial_UART_GET_RX_CTRL_DATA_WIDTH(config->dataBit
 135:.\Generated_Source\PSoC4/ROSSerial_UART_UART.c ****                                                 ROSSerial_UART_GET_RX_CTRL_MEDIAN(config->enableMed
 136:.\Generated_Source\PSoC4/ROSSerial_UART_UART.c ****                                                 ROSSerial_UART_GET_UART_RX_CTRL_ENABLED(config->dir
 137:.\Generated_Source\PSoC4/ROSSerial_UART_UART.c **** 
 138:.\Generated_Source\PSoC4/ROSSerial_UART_UART.c ****             ROSSerial_UART_RX_FIFO_CTRL_REG = ROSSerial_UART_GET_RX_FIFO_CTRL_TRIGGER_LEVEL(config-
 139:.\Generated_Source\PSoC4/ROSSerial_UART_UART.c **** 
 140:.\Generated_Source\PSoC4/ROSSerial_UART_UART.c ****             /* Configure MP address */
 141:.\Generated_Source\PSoC4/ROSSerial_UART_UART.c ****             ROSSerial_UART_RX_MATCH_REG     = ROSSerial_UART_GET_RX_MATCH_ADDR(config->multiprocAdd
 142:.\Generated_Source\PSoC4/ROSSerial_UART_UART.c ****                                                 ROSSerial_UART_GET_RX_MATCH_MASK(config->multiprocA
 143:.\Generated_Source\PSoC4/ROSSerial_UART_UART.c **** 
 144:.\Generated_Source\PSoC4/ROSSerial_UART_UART.c ****             /* Configure RX direction */
 145:.\Generated_Source\PSoC4/ROSSerial_UART_UART.c ****             ROSSerial_UART_UART_TX_CTRL_REG = ROSSerial_UART_GET_UART_TX_CTRL_MODE(config->stopBits
 146:.\Generated_Source\PSoC4/ROSSerial_UART_UART.c ****                                                 ROSSerial_UART_GET_UART_TX_CTRL_RETRY_NACK(config->
ARM GAS  C:\DOCUME~1\Chuck\LOCALS~1\Temp\ccEe4yPq.s 			page 4


 147:.\Generated_Source\PSoC4/ROSSerial_UART_UART.c **** 
 148:.\Generated_Source\PSoC4/ROSSerial_UART_UART.c ****             if(ROSSerial_UART_UART_PARITY_NONE != config->parity)
 149:.\Generated_Source\PSoC4/ROSSerial_UART_UART.c ****             {
 150:.\Generated_Source\PSoC4/ROSSerial_UART_UART.c ****                ROSSerial_UART_UART_TX_CTRL_REG |= ROSSerial_UART_GET_UART_TX_CTRL_PARITY(config->pa
 151:.\Generated_Source\PSoC4/ROSSerial_UART_UART.c ****                                                     ROSSerial_UART_UART_TX_CTRL_PARITY_ENABLED;
 152:.\Generated_Source\PSoC4/ROSSerial_UART_UART.c ****             }
 153:.\Generated_Source\PSoC4/ROSSerial_UART_UART.c **** 
 154:.\Generated_Source\PSoC4/ROSSerial_UART_UART.c ****             ROSSerial_UART_TX_CTRL_REG      = ROSSerial_UART_GET_TX_CTRL_DATA_WIDTH(config->dataBit
 155:.\Generated_Source\PSoC4/ROSSerial_UART_UART.c ****                                                 ROSSerial_UART_GET_UART_TX_CTRL_ENABLED(config->dir
 156:.\Generated_Source\PSoC4/ROSSerial_UART_UART.c **** 
 157:.\Generated_Source\PSoC4/ROSSerial_UART_UART.c ****             ROSSerial_UART_TX_FIFO_CTRL_REG = ROSSerial_UART_GET_TX_FIFO_CTRL_TRIGGER_LEVEL(config-
 158:.\Generated_Source\PSoC4/ROSSerial_UART_UART.c **** 
 159:.\Generated_Source\PSoC4/ROSSerial_UART_UART.c **** 
 160:.\Generated_Source\PSoC4/ROSSerial_UART_UART.c **** 
 161:.\Generated_Source\PSoC4/ROSSerial_UART_UART.c ****             /* Configure interrupt with UART handler but do not enable it */
 162:.\Generated_Source\PSoC4/ROSSerial_UART_UART.c ****             CyIntDisable    (ROSSerial_UART_ISR_NUMBER);
 163:.\Generated_Source\PSoC4/ROSSerial_UART_UART.c ****             CyIntSetPriority(ROSSerial_UART_ISR_NUMBER, ROSSerial_UART_ISR_PRIORITY);
 164:.\Generated_Source\PSoC4/ROSSerial_UART_UART.c ****             (void) CyIntSetVector(ROSSerial_UART_ISR_NUMBER, &ROSSerial_UART_SPI_UART_ISR);
 165:.\Generated_Source\PSoC4/ROSSerial_UART_UART.c **** 
 166:.\Generated_Source\PSoC4/ROSSerial_UART_UART.c ****             /* Configure WAKE interrupt */
 167:.\Generated_Source\PSoC4/ROSSerial_UART_UART.c ****         #if(ROSSerial_UART_UART_RX_WAKEUP_IRQ)
 168:.\Generated_Source\PSoC4/ROSSerial_UART_UART.c ****             CyIntDisable    (ROSSerial_UART_RX_WAKE_ISR_NUMBER);
 169:.\Generated_Source\PSoC4/ROSSerial_UART_UART.c ****             CyIntSetPriority(ROSSerial_UART_RX_WAKE_ISR_NUMBER, ROSSerial_UART_RX_WAKE_ISR_PRIORITY
 170:.\Generated_Source\PSoC4/ROSSerial_UART_UART.c ****             (void) CyIntSetVector(ROSSerial_UART_RX_WAKE_ISR_NUMBER, &ROSSerial_UART_UART_WAKEUP_IS
 171:.\Generated_Source\PSoC4/ROSSerial_UART_UART.c ****         #endif /* (ROSSerial_UART_UART_RX_WAKEUP_IRQ) */
 172:.\Generated_Source\PSoC4/ROSSerial_UART_UART.c **** 
 173:.\Generated_Source\PSoC4/ROSSerial_UART_UART.c ****             /* Configure interrupt sources */
 174:.\Generated_Source\PSoC4/ROSSerial_UART_UART.c ****             ROSSerial_UART_INTR_I2C_EC_MASK_REG = ROSSerial_UART_NO_INTR_SOURCES;
 175:.\Generated_Source\PSoC4/ROSSerial_UART_UART.c ****             ROSSerial_UART_INTR_SPI_EC_MASK_REG = ROSSerial_UART_NO_INTR_SOURCES;
 176:.\Generated_Source\PSoC4/ROSSerial_UART_UART.c ****             ROSSerial_UART_INTR_SLAVE_MASK_REG  = ROSSerial_UART_NO_INTR_SOURCES;
 177:.\Generated_Source\PSoC4/ROSSerial_UART_UART.c ****             ROSSerial_UART_INTR_MASTER_MASK_REG = ROSSerial_UART_NO_INTR_SOURCES;
 178:.\Generated_Source\PSoC4/ROSSerial_UART_UART.c ****             ROSSerial_UART_INTR_RX_MASK_REG     = config->rxInterruptMask;
 179:.\Generated_Source\PSoC4/ROSSerial_UART_UART.c ****             ROSSerial_UART_INTR_TX_MASK_REG     = config->txInterruptMask;
 180:.\Generated_Source\PSoC4/ROSSerial_UART_UART.c **** 
 181:.\Generated_Source\PSoC4/ROSSerial_UART_UART.c ****             /* Clear RX buffer indexes */
 182:.\Generated_Source\PSoC4/ROSSerial_UART_UART.c ****             ROSSerial_UART_rxBufferHead     = 0u;
 183:.\Generated_Source\PSoC4/ROSSerial_UART_UART.c ****             ROSSerial_UART_rxBufferTail     = 0u;
 184:.\Generated_Source\PSoC4/ROSSerial_UART_UART.c ****             ROSSerial_UART_rxBufferOverflow = 0u;
 185:.\Generated_Source\PSoC4/ROSSerial_UART_UART.c **** 
 186:.\Generated_Source\PSoC4/ROSSerial_UART_UART.c ****             /* Clrea TX buffer indexes */
 187:.\Generated_Source\PSoC4/ROSSerial_UART_UART.c ****             ROSSerial_UART_txBufferHead = 0u;
 188:.\Generated_Source\PSoC4/ROSSerial_UART_UART.c ****             ROSSerial_UART_txBufferTail = 0u;
 189:.\Generated_Source\PSoC4/ROSSerial_UART_UART.c ****         }
 190:.\Generated_Source\PSoC4/ROSSerial_UART_UART.c ****     }
 191:.\Generated_Source\PSoC4/ROSSerial_UART_UART.c **** 
 192:.\Generated_Source\PSoC4/ROSSerial_UART_UART.c **** #else
 193:.\Generated_Source\PSoC4/ROSSerial_UART_UART.c **** 
 194:.\Generated_Source\PSoC4/ROSSerial_UART_UART.c ****     /*******************************************************************************
 195:.\Generated_Source\PSoC4/ROSSerial_UART_UART.c ****     * Function Name: ROSSerial_UART_UartInit
 196:.\Generated_Source\PSoC4/ROSSerial_UART_UART.c ****     ********************************************************************************
 197:.\Generated_Source\PSoC4/ROSSerial_UART_UART.c ****     *
 198:.\Generated_Source\PSoC4/ROSSerial_UART_UART.c ****     * Summary:
 199:.\Generated_Source\PSoC4/ROSSerial_UART_UART.c ****     *  Configures the SCB for the UART operation.
 200:.\Generated_Source\PSoC4/ROSSerial_UART_UART.c ****     *
 201:.\Generated_Source\PSoC4/ROSSerial_UART_UART.c ****     * Parameters:
 202:.\Generated_Source\PSoC4/ROSSerial_UART_UART.c ****     *  None
 203:.\Generated_Source\PSoC4/ROSSerial_UART_UART.c ****     *
ARM GAS  C:\DOCUME~1\Chuck\LOCALS~1\Temp\ccEe4yPq.s 			page 5


 204:.\Generated_Source\PSoC4/ROSSerial_UART_UART.c ****     * Return:
 205:.\Generated_Source\PSoC4/ROSSerial_UART_UART.c ****     *  None
 206:.\Generated_Source\PSoC4/ROSSerial_UART_UART.c ****     *
 207:.\Generated_Source\PSoC4/ROSSerial_UART_UART.c ****     *******************************************************************************/
 208:.\Generated_Source\PSoC4/ROSSerial_UART_UART.c ****     void ROSSerial_UART_UartInit(void)
 209:.\Generated_Source\PSoC4/ROSSerial_UART_UART.c ****     {
  26              		.loc 1 209 0
  27              		.cfi_startproc
  28 0000 80B5     		push	{r7, lr}
  29              		.cfi_def_cfa_offset 8
  30              		.cfi_offset 7, -8
  31              		.cfi_offset 14, -4
  32 0002 00AF     		add	r7, sp, #0
  33              		.cfi_def_cfa_register 7
 210:.\Generated_Source\PSoC4/ROSSerial_UART_UART.c ****         /* Configure UART interface */
 211:.\Generated_Source\PSoC4/ROSSerial_UART_UART.c ****         ROSSerial_UART_CTRL_REG = ROSSerial_UART_UART_DEFAULT_CTRL;
  34              		.loc 1 211 0
  35 0004 244B     		ldr	r3, .L2
  36 0006 254A     		ldr	r2, .L2+4
  37 0008 1A60     		str	r2, [r3]
 212:.\Generated_Source\PSoC4/ROSSerial_UART_UART.c **** 
 213:.\Generated_Source\PSoC4/ROSSerial_UART_UART.c ****         /* Configure sub-mode: UART, SmartCard or IrDA */
 214:.\Generated_Source\PSoC4/ROSSerial_UART_UART.c ****         ROSSerial_UART_UART_CTRL_REG = ROSSerial_UART_UART_DEFAULT_UART_CTRL;
  38              		.loc 1 214 0
  39 000a 254B     		ldr	r3, .L2+8
  40 000c 0022     		mov	r2, #0
  41 000e 1A60     		str	r2, [r3]
 215:.\Generated_Source\PSoC4/ROSSerial_UART_UART.c **** 
 216:.\Generated_Source\PSoC4/ROSSerial_UART_UART.c ****         /* Configure RX direction */
 217:.\Generated_Source\PSoC4/ROSSerial_UART_UART.c ****         ROSSerial_UART_UART_RX_CTRL_REG = ROSSerial_UART_UART_DEFAULT_UART_RX_CTRL;
  42              		.loc 1 217 0
  43 0010 244B     		ldr	r3, .L2+12
  44 0012 0122     		mov	r2, #1
  45 0014 1A60     		str	r2, [r3]
 218:.\Generated_Source\PSoC4/ROSSerial_UART_UART.c ****         ROSSerial_UART_RX_CTRL_REG      = ROSSerial_UART_UART_DEFAULT_RX_CTRL;
  46              		.loc 1 218 0
  47 0016 244B     		ldr	r3, .L2+16
  48 0018 244A     		ldr	r2, .L2+20
  49 001a 1A60     		str	r2, [r3]
 219:.\Generated_Source\PSoC4/ROSSerial_UART_UART.c ****         ROSSerial_UART_RX_FIFO_CTRL_REG = ROSSerial_UART_UART_DEFAULT_RX_FIFO_CTRL;
  50              		.loc 1 219 0
  51 001c 244B     		ldr	r3, .L2+24
  52 001e 0722     		mov	r2, #7
  53 0020 1A60     		str	r2, [r3]
 220:.\Generated_Source\PSoC4/ROSSerial_UART_UART.c ****         ROSSerial_UART_RX_MATCH_REG     = ROSSerial_UART_UART_DEFAULT_RX_MATCH_REG;
  54              		.loc 1 220 0
  55 0022 244B     		ldr	r3, .L2+28
  56 0024 0022     		mov	r2, #0
  57 0026 1A60     		str	r2, [r3]
 221:.\Generated_Source\PSoC4/ROSSerial_UART_UART.c **** 
 222:.\Generated_Source\PSoC4/ROSSerial_UART_UART.c ****         /* Configure TX direction */
 223:.\Generated_Source\PSoC4/ROSSerial_UART_UART.c ****         ROSSerial_UART_UART_TX_CTRL_REG = ROSSerial_UART_UART_DEFAULT_UART_TX_CTRL;
  58              		.loc 1 223 0
  59 0028 234B     		ldr	r3, .L2+32
  60 002a 0122     		mov	r2, #1
  61 002c 1A60     		str	r2, [r3]
 224:.\Generated_Source\PSoC4/ROSSerial_UART_UART.c ****         ROSSerial_UART_TX_CTRL_REG      = ROSSerial_UART_UART_DEFAULT_TX_CTRL;
ARM GAS  C:\DOCUME~1\Chuck\LOCALS~1\Temp\ccEe4yPq.s 			page 6


  62              		.loc 1 224 0
  63 002e 234B     		ldr	r3, .L2+36
  64 0030 1E4A     		ldr	r2, .L2+20
  65 0032 1A60     		str	r2, [r3]
 225:.\Generated_Source\PSoC4/ROSSerial_UART_UART.c ****         ROSSerial_UART_TX_FIFO_CTRL_REG = ROSSerial_UART_UART_DEFAULT_TX_FIFO_CTRL;
  66              		.loc 1 225 0
  67 0034 224B     		ldr	r3, .L2+40
  68 0036 0022     		mov	r2, #0
  69 0038 1A60     		str	r2, [r3]
 226:.\Generated_Source\PSoC4/ROSSerial_UART_UART.c **** 
 227:.\Generated_Source\PSoC4/ROSSerial_UART_UART.c ****         /* Configure interrupt with UART handler but do not enable it */
 228:.\Generated_Source\PSoC4/ROSSerial_UART_UART.c ****     #if(ROSSerial_UART_SCB_IRQ_INTERNAL)
 229:.\Generated_Source\PSoC4/ROSSerial_UART_UART.c ****         CyIntDisable    (ROSSerial_UART_ISR_NUMBER);
  70              		.loc 1 229 0
  71 003a 0A20     		mov	r0, #10
  72 003c FFF7FEFF 		bl	CyIntDisable
 230:.\Generated_Source\PSoC4/ROSSerial_UART_UART.c ****         CyIntSetPriority(ROSSerial_UART_ISR_NUMBER, ROSSerial_UART_ISR_PRIORITY);
  73              		.loc 1 230 0
  74 0040 0A20     		mov	r0, #10
  75 0042 0321     		mov	r1, #3
  76 0044 FFF7FEFF 		bl	CyIntSetPriority
 231:.\Generated_Source\PSoC4/ROSSerial_UART_UART.c ****         (void) CyIntSetVector(ROSSerial_UART_ISR_NUMBER, &ROSSerial_UART_SPI_UART_ISR);
  77              		.loc 1 231 0
  78 0048 1E4B     		ldr	r3, .L2+44
  79 004a 0A20     		mov	r0, #10
  80 004c 191C     		mov	r1, r3
  81 004e FFF7FEFF 		bl	CyIntSetVector
 232:.\Generated_Source\PSoC4/ROSSerial_UART_UART.c ****     #endif /* (ROSSerial_UART_SCB_IRQ_INTERNAL) */
 233:.\Generated_Source\PSoC4/ROSSerial_UART_UART.c **** 
 234:.\Generated_Source\PSoC4/ROSSerial_UART_UART.c ****         /* Configure WAKE interrupt */
 235:.\Generated_Source\PSoC4/ROSSerial_UART_UART.c ****     #if(ROSSerial_UART_UART_RX_WAKEUP_IRQ)
 236:.\Generated_Source\PSoC4/ROSSerial_UART_UART.c ****         CyIntDisable    (ROSSerial_UART_RX_WAKE_ISR_NUMBER);
 237:.\Generated_Source\PSoC4/ROSSerial_UART_UART.c ****         CyIntSetPriority(ROSSerial_UART_RX_WAKE_ISR_NUMBER, ROSSerial_UART_RX_WAKE_ISR_PRIORITY);
 238:.\Generated_Source\PSoC4/ROSSerial_UART_UART.c ****         (void) CyIntSetVector(ROSSerial_UART_RX_WAKE_ISR_NUMBER, &ROSSerial_UART_UART_WAKEUP_ISR);
 239:.\Generated_Source\PSoC4/ROSSerial_UART_UART.c ****     #endif /* (ROSSerial_UART_UART_RX_WAKEUP_IRQ) */
 240:.\Generated_Source\PSoC4/ROSSerial_UART_UART.c **** 
 241:.\Generated_Source\PSoC4/ROSSerial_UART_UART.c ****         /* Configure interrupt sources */
 242:.\Generated_Source\PSoC4/ROSSerial_UART_UART.c ****         ROSSerial_UART_INTR_I2C_EC_MASK_REG = ROSSerial_UART_UART_DEFAULT_INTR_I2C_EC_MASK;
  82              		.loc 1 242 0
  83 0052 1D4B     		ldr	r3, .L2+48
  84 0054 0022     		mov	r2, #0
  85 0056 1A60     		str	r2, [r3]
 243:.\Generated_Source\PSoC4/ROSSerial_UART_UART.c ****         ROSSerial_UART_INTR_SPI_EC_MASK_REG = ROSSerial_UART_UART_DEFAULT_INTR_SPI_EC_MASK;
  86              		.loc 1 243 0
  87 0058 1C4B     		ldr	r3, .L2+52
  88 005a 0022     		mov	r2, #0
  89 005c 1A60     		str	r2, [r3]
 244:.\Generated_Source\PSoC4/ROSSerial_UART_UART.c ****         ROSSerial_UART_INTR_SLAVE_MASK_REG  = ROSSerial_UART_UART_DEFAULT_INTR_SLAVE_MASK;
  90              		.loc 1 244 0
  91 005e 1C4B     		ldr	r3, .L2+56
  92 0060 0022     		mov	r2, #0
  93 0062 1A60     		str	r2, [r3]
 245:.\Generated_Source\PSoC4/ROSSerial_UART_UART.c ****         ROSSerial_UART_INTR_MASTER_MASK_REG = ROSSerial_UART_UART_DEFAULT_INTR_MASTER_MASK;
  94              		.loc 1 245 0
  95 0064 1B4B     		ldr	r3, .L2+60
  96 0066 0022     		mov	r2, #0
  97 0068 1A60     		str	r2, [r3]
ARM GAS  C:\DOCUME~1\Chuck\LOCALS~1\Temp\ccEe4yPq.s 			page 7


 246:.\Generated_Source\PSoC4/ROSSerial_UART_UART.c ****         ROSSerial_UART_INTR_RX_MASK_REG     = ROSSerial_UART_UART_DEFAULT_INTR_RX_MASK;
  98              		.loc 1 246 0
  99 006a 1B4B     		ldr	r3, .L2+64
 100 006c 0422     		mov	r2, #4
 101 006e 1A60     		str	r2, [r3]
 247:.\Generated_Source\PSoC4/ROSSerial_UART_UART.c ****         ROSSerial_UART_INTR_TX_MASK_REG     = ROSSerial_UART_UART_DEFAULT_INTR_TX_MASK;
 102              		.loc 1 247 0
 103 0070 1A4B     		ldr	r3, .L2+68
 104 0072 0022     		mov	r2, #0
 105 0074 1A60     		str	r2, [r3]
 248:.\Generated_Source\PSoC4/ROSSerial_UART_UART.c **** 
 249:.\Generated_Source\PSoC4/ROSSerial_UART_UART.c ****     #if(ROSSerial_UART_INTERNAL_RX_SW_BUFFER_CONST)
 250:.\Generated_Source\PSoC4/ROSSerial_UART_UART.c ****         ROSSerial_UART_rxBufferHead     = 0u;
 106              		.loc 1 250 0
 107 0076 1A4B     		ldr	r3, .L2+72
 108 0078 0022     		mov	r2, #0
 109 007a 1A60     		str	r2, [r3]
 251:.\Generated_Source\PSoC4/ROSSerial_UART_UART.c ****         ROSSerial_UART_rxBufferTail     = 0u;
 110              		.loc 1 251 0
 111 007c 194B     		ldr	r3, .L2+76
 112 007e 0022     		mov	r2, #0
 113 0080 1A60     		str	r2, [r3]
 252:.\Generated_Source\PSoC4/ROSSerial_UART_UART.c ****         ROSSerial_UART_rxBufferOverflow = 0u;
 114              		.loc 1 252 0
 115 0082 194B     		ldr	r3, .L2+80
 116 0084 0022     		mov	r2, #0
 117 0086 1A70     		strb	r2, [r3]
 253:.\Generated_Source\PSoC4/ROSSerial_UART_UART.c ****     #endif /* (ROSSerial_UART_INTERNAL_RX_SW_BUFFER_CONST) */
 254:.\Generated_Source\PSoC4/ROSSerial_UART_UART.c **** 
 255:.\Generated_Source\PSoC4/ROSSerial_UART_UART.c ****     #if(ROSSerial_UART_INTERNAL_TX_SW_BUFFER_CONST)
 256:.\Generated_Source\PSoC4/ROSSerial_UART_UART.c ****         ROSSerial_UART_txBufferHead = 0u;
 118              		.loc 1 256 0
 119 0088 184B     		ldr	r3, .L2+84
 120 008a 0022     		mov	r2, #0
 121 008c 1A60     		str	r2, [r3]
 257:.\Generated_Source\PSoC4/ROSSerial_UART_UART.c ****         ROSSerial_UART_txBufferTail = 0u;
 122              		.loc 1 257 0
 123 008e 184B     		ldr	r3, .L2+88
 124 0090 0022     		mov	r2, #0
 125 0092 1A60     		str	r2, [r3]
 258:.\Generated_Source\PSoC4/ROSSerial_UART_UART.c ****     #endif /* (ROSSerial_UART_INTERNAL_TX_SW_BUFFER_CONST) */
 259:.\Generated_Source\PSoC4/ROSSerial_UART_UART.c ****     }
 126              		.loc 1 259 0
 127 0094 BD46     		mov	sp, r7
 128              		@ sp needed
 129 0096 80BD     		pop	{r7, pc}
 130              	.L3:
 131              		.align	2
 132              	.L2:
 133 0098 00000640 		.word	1074135040
 134 009c 0F000002 		.word	33554447
 135 00a0 40000640 		.word	1074135104
 136 00a4 48000640 		.word	1074135112
 137 00a8 00030640 		.word	1074135808
 138 00ac 07000080 		.word	-2147483641
 139 00b0 04030640 		.word	1074135812
 140 00b4 10030640 		.word	1074135824
ARM GAS  C:\DOCUME~1\Chuck\LOCALS~1\Temp\ccEe4yPq.s 			page 8


 141 00b8 44000640 		.word	1074135108
 142 00bc 00020640 		.word	1074135552
 143 00c0 04020640 		.word	1074135556
 144 00c4 00000000 		.word	ROSSerial_UART_SPI_UART_ISR
 145 00c8 880E0640 		.word	1074138760
 146 00cc C80E0640 		.word	1074138824
 147 00d0 480F0640 		.word	1074138952
 148 00d4 080F0640 		.word	1074138888
 149 00d8 C80F0640 		.word	1074139080
 150 00dc 880F0640 		.word	1074139016
 151 00e0 00000000 		.word	ROSSerial_UART_rxBufferHead
 152 00e4 00000000 		.word	ROSSerial_UART_rxBufferTail
 153 00e8 00000000 		.word	ROSSerial_UART_rxBufferOverflow
 154 00ec 00000000 		.word	ROSSerial_UART_txBufferHead
 155 00f0 00000000 		.word	ROSSerial_UART_txBufferTail
 156              		.cfi_endproc
 157              	.LFE0:
 158              		.size	ROSSerial_UART_UartInit, .-ROSSerial_UART_UartInit
 159              		.section	.text.ROSSerial_UART_UartSetRxAddress,"ax",%progbits
 160              		.align	2
 161              		.global	ROSSerial_UART_UartSetRxAddress
 162              		.code	16
 163              		.thumb_func
 164              		.type	ROSSerial_UART_UartSetRxAddress, %function
 165              	ROSSerial_UART_UartSetRxAddress:
 166              	.LFB1:
 260:.\Generated_Source\PSoC4/ROSSerial_UART_UART.c **** #endif /* (ROSSerial_UART_SCB_MODE_UNCONFIG_CONST_CFG) */
 261:.\Generated_Source\PSoC4/ROSSerial_UART_UART.c **** 
 262:.\Generated_Source\PSoC4/ROSSerial_UART_UART.c **** 
 263:.\Generated_Source\PSoC4/ROSSerial_UART_UART.c **** /*******************************************************************************
 264:.\Generated_Source\PSoC4/ROSSerial_UART_UART.c **** * Function Name: ROSSerial_UART_UartSetRxAddress
 265:.\Generated_Source\PSoC4/ROSSerial_UART_UART.c **** ********************************************************************************
 266:.\Generated_Source\PSoC4/ROSSerial_UART_UART.c **** *
 267:.\Generated_Source\PSoC4/ROSSerial_UART_UART.c **** * Summary:
 268:.\Generated_Source\PSoC4/ROSSerial_UART_UART.c **** *  Sets the hardware detectable receiver address for the UART in the Multiprocessor
 269:.\Generated_Source\PSoC4/ROSSerial_UART_UART.c **** *  mode.
 270:.\Generated_Source\PSoC4/ROSSerial_UART_UART.c **** *
 271:.\Generated_Source\PSoC4/ROSSerial_UART_UART.c **** * Parameters:
 272:.\Generated_Source\PSoC4/ROSSerial_UART_UART.c **** *  address: Address for hardware address detection.
 273:.\Generated_Source\PSoC4/ROSSerial_UART_UART.c **** *
 274:.\Generated_Source\PSoC4/ROSSerial_UART_UART.c **** * Return:
 275:.\Generated_Source\PSoC4/ROSSerial_UART_UART.c **** *  None
 276:.\Generated_Source\PSoC4/ROSSerial_UART_UART.c **** *
 277:.\Generated_Source\PSoC4/ROSSerial_UART_UART.c **** *******************************************************************************/
 278:.\Generated_Source\PSoC4/ROSSerial_UART_UART.c **** void ROSSerial_UART_UartSetRxAddress(uint32 address)
 279:.\Generated_Source\PSoC4/ROSSerial_UART_UART.c **** {
 167              		.loc 1 279 0
 168              		.cfi_startproc
 169 0000 80B5     		push	{r7, lr}
 170              		.cfi_def_cfa_offset 8
 171              		.cfi_offset 7, -8
 172              		.cfi_offset 14, -4
 173 0002 84B0     		sub	sp, sp, #16
 174              		.cfi_def_cfa_offset 24
 175 0004 00AF     		add	r7, sp, #0
 176              		.cfi_def_cfa_register 7
 177 0006 7860     		str	r0, [r7, #4]
ARM GAS  C:\DOCUME~1\Chuck\LOCALS~1\Temp\ccEe4yPq.s 			page 9


 280:.\Generated_Source\PSoC4/ROSSerial_UART_UART.c ****      uint32 matchReg;
 281:.\Generated_Source\PSoC4/ROSSerial_UART_UART.c **** 
 282:.\Generated_Source\PSoC4/ROSSerial_UART_UART.c ****     matchReg = ROSSerial_UART_RX_MATCH_REG;
 178              		.loc 1 282 0
 179 0008 094B     		ldr	r3, .L5
 180 000a 1B68     		ldr	r3, [r3]
 181 000c FB60     		str	r3, [r7, #12]
 283:.\Generated_Source\PSoC4/ROSSerial_UART_UART.c **** 
 284:.\Generated_Source\PSoC4/ROSSerial_UART_UART.c ****     matchReg &= ((uint32) ~ROSSerial_UART_RX_MATCH_ADDR_MASK); /* Clear address bits */
 182              		.loc 1 284 0
 183 000e FB68     		ldr	r3, [r7, #12]
 184 0010 FF22     		mov	r2, #255
 185 0012 9343     		bic	r3, r2
 186 0014 FB60     		str	r3, [r7, #12]
 285:.\Generated_Source\PSoC4/ROSSerial_UART_UART.c ****     matchReg |= ((uint32)  (address & ROSSerial_UART_RX_MATCH_ADDR_MASK)); /* Set address  */
 187              		.loc 1 285 0
 188 0016 7A68     		ldr	r2, [r7, #4]
 189 0018 FF23     		mov	r3, #255
 190 001a 1340     		and	r3, r2
 191 001c FA68     		ldr	r2, [r7, #12]
 192 001e 1343     		orr	r3, r2
 193 0020 FB60     		str	r3, [r7, #12]
 286:.\Generated_Source\PSoC4/ROSSerial_UART_UART.c **** 
 287:.\Generated_Source\PSoC4/ROSSerial_UART_UART.c ****     ROSSerial_UART_RX_MATCH_REG = matchReg;
 194              		.loc 1 287 0
 195 0022 034B     		ldr	r3, .L5
 196 0024 FA68     		ldr	r2, [r7, #12]
 197 0026 1A60     		str	r2, [r3]
 288:.\Generated_Source\PSoC4/ROSSerial_UART_UART.c **** }
 198              		.loc 1 288 0
 199 0028 BD46     		mov	sp, r7
 200 002a 04B0     		add	sp, sp, #16
 201              		@ sp needed
 202 002c 80BD     		pop	{r7, pc}
 203              	.L6:
 204 002e C046     		.align	2
 205              	.L5:
 206 0030 10030640 		.word	1074135824
 207              		.cfi_endproc
 208              	.LFE1:
 209              		.size	ROSSerial_UART_UartSetRxAddress, .-ROSSerial_UART_UartSetRxAddress
 210              		.section	.text.ROSSerial_UART_UartSetRxAddressMask,"ax",%progbits
 211              		.align	2
 212              		.global	ROSSerial_UART_UartSetRxAddressMask
 213              		.code	16
 214              		.thumb_func
 215              		.type	ROSSerial_UART_UartSetRxAddressMask, %function
 216              	ROSSerial_UART_UartSetRxAddressMask:
 217              	.LFB2:
 289:.\Generated_Source\PSoC4/ROSSerial_UART_UART.c **** 
 290:.\Generated_Source\PSoC4/ROSSerial_UART_UART.c **** 
 291:.\Generated_Source\PSoC4/ROSSerial_UART_UART.c **** /*******************************************************************************
 292:.\Generated_Source\PSoC4/ROSSerial_UART_UART.c **** * Function Name: ROSSerial_UART_UartSetRxAddressMask
 293:.\Generated_Source\PSoC4/ROSSerial_UART_UART.c **** ********************************************************************************
 294:.\Generated_Source\PSoC4/ROSSerial_UART_UART.c **** *
 295:.\Generated_Source\PSoC4/ROSSerial_UART_UART.c **** * Summary:
 296:.\Generated_Source\PSoC4/ROSSerial_UART_UART.c **** *  Sets the hardware address mask for the UART in the Multiprocessor mode.
ARM GAS  C:\DOCUME~1\Chuck\LOCALS~1\Temp\ccEe4yPq.s 			page 10


 297:.\Generated_Source\PSoC4/ROSSerial_UART_UART.c **** *
 298:.\Generated_Source\PSoC4/ROSSerial_UART_UART.c **** * Parameters:
 299:.\Generated_Source\PSoC4/ROSSerial_UART_UART.c **** *  addressMask: Address mask.
 300:.\Generated_Source\PSoC4/ROSSerial_UART_UART.c **** *   0 - address bit does not care while comparison.
 301:.\Generated_Source\PSoC4/ROSSerial_UART_UART.c **** *   1 - address bit is significant while comparison.
 302:.\Generated_Source\PSoC4/ROSSerial_UART_UART.c **** *
 303:.\Generated_Source\PSoC4/ROSSerial_UART_UART.c **** * Return:
 304:.\Generated_Source\PSoC4/ROSSerial_UART_UART.c **** *  None
 305:.\Generated_Source\PSoC4/ROSSerial_UART_UART.c **** *
 306:.\Generated_Source\PSoC4/ROSSerial_UART_UART.c **** *******************************************************************************/
 307:.\Generated_Source\PSoC4/ROSSerial_UART_UART.c **** void ROSSerial_UART_UartSetRxAddressMask(uint32 addressMask)
 308:.\Generated_Source\PSoC4/ROSSerial_UART_UART.c **** {
 218              		.loc 1 308 0
 219              		.cfi_startproc
 220 0000 80B5     		push	{r7, lr}
 221              		.cfi_def_cfa_offset 8
 222              		.cfi_offset 7, -8
 223              		.cfi_offset 14, -4
 224 0002 84B0     		sub	sp, sp, #16
 225              		.cfi_def_cfa_offset 24
 226 0004 00AF     		add	r7, sp, #0
 227              		.cfi_def_cfa_register 7
 228 0006 7860     		str	r0, [r7, #4]
 309:.\Generated_Source\PSoC4/ROSSerial_UART_UART.c ****     uint32 matchReg;
 310:.\Generated_Source\PSoC4/ROSSerial_UART_UART.c **** 
 311:.\Generated_Source\PSoC4/ROSSerial_UART_UART.c ****     matchReg = ROSSerial_UART_RX_MATCH_REG;
 229              		.loc 1 311 0
 230 0008 084B     		ldr	r3, .L8
 231 000a 1B68     		ldr	r3, [r3]
 232 000c FB60     		str	r3, [r7, #12]
 312:.\Generated_Source\PSoC4/ROSSerial_UART_UART.c **** 
 313:.\Generated_Source\PSoC4/ROSSerial_UART_UART.c ****     matchReg &= ((uint32) ~ROSSerial_UART_RX_MATCH_MASK_MASK); /* Clear address mask bits */
 233              		.loc 1 313 0
 234 000e FA68     		ldr	r2, [r7, #12]
 235 0010 074B     		ldr	r3, .L8+4
 236 0012 1340     		and	r3, r2
 237 0014 FB60     		str	r3, [r7, #12]
 314:.\Generated_Source\PSoC4/ROSSerial_UART_UART.c ****     matchReg |= ((uint32) (addressMask << ROSSerial_UART_RX_MATCH_MASK_POS));
 238              		.loc 1 314 0
 239 0016 7B68     		ldr	r3, [r7, #4]
 240 0018 1B04     		lsl	r3, r3, #16
 241 001a FA68     		ldr	r2, [r7, #12]
 242 001c 1343     		orr	r3, r2
 243 001e FB60     		str	r3, [r7, #12]
 315:.\Generated_Source\PSoC4/ROSSerial_UART_UART.c **** 
 316:.\Generated_Source\PSoC4/ROSSerial_UART_UART.c ****     ROSSerial_UART_RX_MATCH_REG = matchReg;
 244              		.loc 1 316 0
 245 0020 024B     		ldr	r3, .L8
 246 0022 FA68     		ldr	r2, [r7, #12]
 247 0024 1A60     		str	r2, [r3]
 317:.\Generated_Source\PSoC4/ROSSerial_UART_UART.c **** }
 248              		.loc 1 317 0
 249 0026 BD46     		mov	sp, r7
 250 0028 04B0     		add	sp, sp, #16
 251              		@ sp needed
 252 002a 80BD     		pop	{r7, pc}
 253              	.L9:
ARM GAS  C:\DOCUME~1\Chuck\LOCALS~1\Temp\ccEe4yPq.s 			page 11


 254              		.align	2
 255              	.L8:
 256 002c 10030640 		.word	1074135824
 257 0030 FFFF00FF 		.word	-16711681
 258              		.cfi_endproc
 259              	.LFE2:
 260              		.size	ROSSerial_UART_UartSetRxAddressMask, .-ROSSerial_UART_UartSetRxAddressMask
 261              		.section	.text.ROSSerial_UART_UartGetChar,"ax",%progbits
 262              		.align	2
 263              		.global	ROSSerial_UART_UartGetChar
 264              		.code	16
 265              		.thumb_func
 266              		.type	ROSSerial_UART_UartGetChar, %function
 267              	ROSSerial_UART_UartGetChar:
 268              	.LFB3:
 318:.\Generated_Source\PSoC4/ROSSerial_UART_UART.c **** 
 319:.\Generated_Source\PSoC4/ROSSerial_UART_UART.c **** 
 320:.\Generated_Source\PSoC4/ROSSerial_UART_UART.c **** #if(ROSSerial_UART_UART_RX_DIRECTION)
 321:.\Generated_Source\PSoC4/ROSSerial_UART_UART.c ****     /*******************************************************************************
 322:.\Generated_Source\PSoC4/ROSSerial_UART_UART.c ****     * Function Name: ROSSerial_UART_UartGetChar
 323:.\Generated_Source\PSoC4/ROSSerial_UART_UART.c ****     ********************************************************************************
 324:.\Generated_Source\PSoC4/ROSSerial_UART_UART.c ****     *
 325:.\Generated_Source\PSoC4/ROSSerial_UART_UART.c ****     * Summary:
 326:.\Generated_Source\PSoC4/ROSSerial_UART_UART.c ****     *  Retrieves the next data element from the receive buffer.
 327:.\Generated_Source\PSoC4/ROSSerial_UART_UART.c ****     *  This function is designed for ASCII characters and returns a char
 328:.\Generated_Source\PSoC4/ROSSerial_UART_UART.c ****     *  where 1 to 255 are valid characters and 0 indicates an error occurred or
 329:.\Generated_Source\PSoC4/ROSSerial_UART_UART.c ****     *  no data present.
 330:.\Generated_Source\PSoC4/ROSSerial_UART_UART.c ****     *  - The RX software buffer is disabled: returns the data element retrieved from the RX FIFO.
 331:.\Generated_Source\PSoC4/ROSSerial_UART_UART.c ****     *    Undefined data will be returned if the RX FIFO is empty.
 332:.\Generated_Source\PSoC4/ROSSerial_UART_UART.c ****     *  - The RX software buffer is enabled: returns the data element from the software receive
 333:.\Generated_Source\PSoC4/ROSSerial_UART_UART.c ****     *    buffer.
 334:.\Generated_Source\PSoC4/ROSSerial_UART_UART.c ****     *
 335:.\Generated_Source\PSoC4/ROSSerial_UART_UART.c ****     * Parameters:
 336:.\Generated_Source\PSoC4/ROSSerial_UART_UART.c ****     *  None
 337:.\Generated_Source\PSoC4/ROSSerial_UART_UART.c ****     *
 338:.\Generated_Source\PSoC4/ROSSerial_UART_UART.c ****     * Return:
 339:.\Generated_Source\PSoC4/ROSSerial_UART_UART.c ****     *  The next data element from the receive buffer.
 340:.\Generated_Source\PSoC4/ROSSerial_UART_UART.c ****     *  ASCII character values from 1 to 255 are valid.
 341:.\Generated_Source\PSoC4/ROSSerial_UART_UART.c ****     *  A returned zero signifies an error condition or no data available.
 342:.\Generated_Source\PSoC4/ROSSerial_UART_UART.c ****     *
 343:.\Generated_Source\PSoC4/ROSSerial_UART_UART.c ****     *******************************************************************************/
 344:.\Generated_Source\PSoC4/ROSSerial_UART_UART.c ****     uint32 ROSSerial_UART_UartGetChar(void)
 345:.\Generated_Source\PSoC4/ROSSerial_UART_UART.c ****     {
 269              		.loc 1 345 0
 270              		.cfi_startproc
 271 0000 80B5     		push	{r7, lr}
 272              		.cfi_def_cfa_offset 8
 273              		.cfi_offset 7, -8
 274              		.cfi_offset 14, -4
 275 0002 82B0     		sub	sp, sp, #8
 276              		.cfi_def_cfa_offset 16
 277 0004 00AF     		add	r7, sp, #0
 278              		.cfi_def_cfa_register 7
 346:.\Generated_Source\PSoC4/ROSSerial_UART_UART.c ****         uint32 rxData = 0u;
 279              		.loc 1 346 0
 280 0006 0023     		mov	r3, #0
 281 0008 7B60     		str	r3, [r7, #4]
ARM GAS  C:\DOCUME~1\Chuck\LOCALS~1\Temp\ccEe4yPq.s 			page 12


 347:.\Generated_Source\PSoC4/ROSSerial_UART_UART.c **** 
 348:.\Generated_Source\PSoC4/ROSSerial_UART_UART.c ****         /* Read data only if there is data to read */
 349:.\Generated_Source\PSoC4/ROSSerial_UART_UART.c ****         if(0u != ROSSerial_UART_SpiUartGetRxBufferSize())
 282              		.loc 1 349 0
 283 000a FFF7FEFF 		bl	ROSSerial_UART_SpiUartGetRxBufferSize
 284 000e 031C     		mov	r3, r0
 285 0010 002B     		cmp	r3, #0
 286 0012 03D0     		beq	.L11
 350:.\Generated_Source\PSoC4/ROSSerial_UART_UART.c ****         {
 351:.\Generated_Source\PSoC4/ROSSerial_UART_UART.c ****             rxData = ROSSerial_UART_SpiUartReadRxData();
 287              		.loc 1 351 0
 288 0014 FFF7FEFF 		bl	ROSSerial_UART_SpiUartReadRxData
 289 0018 031C     		mov	r3, r0
 290 001a 7B60     		str	r3, [r7, #4]
 291              	.L11:
 352:.\Generated_Source\PSoC4/ROSSerial_UART_UART.c ****         }
 353:.\Generated_Source\PSoC4/ROSSerial_UART_UART.c **** 
 354:.\Generated_Source\PSoC4/ROSSerial_UART_UART.c ****         if(ROSSerial_UART_CHECK_INTR_RX(ROSSerial_UART_INTR_RX_ERR))
 292              		.loc 1 354 0
 293 001c 084B     		ldr	r3, .L14
 294 001e 1A68     		ldr	r2, [r3]
 295 0020 D823     		mov	r3, #216
 296 0022 9B00     		lsl	r3, r3, #2
 297 0024 1340     		and	r3, r2
 298 0026 05D0     		beq	.L12
 355:.\Generated_Source\PSoC4/ROSSerial_UART_UART.c ****         {
 356:.\Generated_Source\PSoC4/ROSSerial_UART_UART.c ****             rxData = 0u; /* Error occurred: return zero */
 299              		.loc 1 356 0
 300 0028 0023     		mov	r3, #0
 301 002a 7B60     		str	r3, [r7, #4]
 357:.\Generated_Source\PSoC4/ROSSerial_UART_UART.c ****             ROSSerial_UART_ClearRxInterruptSource(ROSSerial_UART_INTR_RX_ERR);
 302              		.loc 1 357 0
 303 002c 044B     		ldr	r3, .L14
 304 002e D822     		mov	r2, #216
 305 0030 9200     		lsl	r2, r2, #2
 306 0032 1A60     		str	r2, [r3]
 307              	.L12:
 358:.\Generated_Source\PSoC4/ROSSerial_UART_UART.c ****         }
 359:.\Generated_Source\PSoC4/ROSSerial_UART_UART.c **** 
 360:.\Generated_Source\PSoC4/ROSSerial_UART_UART.c ****         return(rxData);
 308              		.loc 1 360 0
 309 0034 7B68     		ldr	r3, [r7, #4]
 361:.\Generated_Source\PSoC4/ROSSerial_UART_UART.c ****     }
 310              		.loc 1 361 0
 311 0036 181C     		mov	r0, r3
 312 0038 BD46     		mov	sp, r7
 313 003a 02B0     		add	sp, sp, #8
 314              		@ sp needed
 315 003c 80BD     		pop	{r7, pc}
 316              	.L15:
 317 003e C046     		.align	2
 318              	.L14:
 319 0040 C00F0640 		.word	1074139072
 320              		.cfi_endproc
 321              	.LFE3:
 322              		.size	ROSSerial_UART_UartGetChar, .-ROSSerial_UART_UartGetChar
 323              		.section	.text.ROSSerial_UART_UartGetByte,"ax",%progbits
ARM GAS  C:\DOCUME~1\Chuck\LOCALS~1\Temp\ccEe4yPq.s 			page 13


 324              		.align	2
 325              		.global	ROSSerial_UART_UartGetByte
 326              		.code	16
 327              		.thumb_func
 328              		.type	ROSSerial_UART_UartGetByte, %function
 329              	ROSSerial_UART_UartGetByte:
 330              	.LFB4:
 362:.\Generated_Source\PSoC4/ROSSerial_UART_UART.c **** 
 363:.\Generated_Source\PSoC4/ROSSerial_UART_UART.c **** 
 364:.\Generated_Source\PSoC4/ROSSerial_UART_UART.c ****     /*******************************************************************************
 365:.\Generated_Source\PSoC4/ROSSerial_UART_UART.c ****     * Function Name: ROSSerial_UART_UartGetByte
 366:.\Generated_Source\PSoC4/ROSSerial_UART_UART.c ****     ********************************************************************************
 367:.\Generated_Source\PSoC4/ROSSerial_UART_UART.c ****     *
 368:.\Generated_Source\PSoC4/ROSSerial_UART_UART.c ****     * Summary:
 369:.\Generated_Source\PSoC4/ROSSerial_UART_UART.c ****     *  Retrieves the next data element from the receive buffer, returns the received byte
 370:.\Generated_Source\PSoC4/ROSSerial_UART_UART.c ****     *  and error condition.
 371:.\Generated_Source\PSoC4/ROSSerial_UART_UART.c ****     *   - The RX software buffer is disabled: returns the data element retrieved from the RX FIFO.
 372:.\Generated_Source\PSoC4/ROSSerial_UART_UART.c ****     *     Undefined data will be returned if the RX FIFO is empty.
 373:.\Generated_Source\PSoC4/ROSSerial_UART_UART.c ****     *   - The RX software buffer is enabled: returns data element from the software receive
 374:.\Generated_Source\PSoC4/ROSSerial_UART_UART.c ****     *     buffer.
 375:.\Generated_Source\PSoC4/ROSSerial_UART_UART.c ****     *
 376:.\Generated_Source\PSoC4/ROSSerial_UART_UART.c ****     * Parameters:
 377:.\Generated_Source\PSoC4/ROSSerial_UART_UART.c ****     *  None
 378:.\Generated_Source\PSoC4/ROSSerial_UART_UART.c ****     *
 379:.\Generated_Source\PSoC4/ROSSerial_UART_UART.c ****     * Return:
 380:.\Generated_Source\PSoC4/ROSSerial_UART_UART.c ****     *  Bits 15-8 contains status and bits 7-0 contains the next data element from
 381:.\Generated_Source\PSoC4/ROSSerial_UART_UART.c ****     *  receive buffer. If the bits 15-8 are non-zero, an error has occurred.
 382:.\Generated_Source\PSoC4/ROSSerial_UART_UART.c ****     *
 383:.\Generated_Source\PSoC4/ROSSerial_UART_UART.c ****     *******************************************************************************/
 384:.\Generated_Source\PSoC4/ROSSerial_UART_UART.c ****     uint32 ROSSerial_UART_UartGetByte(void)
 385:.\Generated_Source\PSoC4/ROSSerial_UART_UART.c ****     {
 331              		.loc 1 385 0
 332              		.cfi_startproc
 333 0000 80B5     		push	{r7, lr}
 334              		.cfi_def_cfa_offset 8
 335              		.cfi_offset 7, -8
 336              		.cfi_offset 14, -4
 337 0002 84B0     		sub	sp, sp, #16
 338              		.cfi_def_cfa_offset 24
 339 0004 00AF     		add	r7, sp, #0
 340              		.cfi_def_cfa_register 7
 386:.\Generated_Source\PSoC4/ROSSerial_UART_UART.c ****         uint32 rxData;
 387:.\Generated_Source\PSoC4/ROSSerial_UART_UART.c ****         uint32 tmpStatus;
 388:.\Generated_Source\PSoC4/ROSSerial_UART_UART.c ****         uint32 intSourceMask;
 389:.\Generated_Source\PSoC4/ROSSerial_UART_UART.c **** 
 390:.\Generated_Source\PSoC4/ROSSerial_UART_UART.c ****         intSourceMask = ROSSerial_UART_SpiUartDisableIntRx();
 341              		.loc 1 390 0
 342 0006 FFF7FEFF 		bl	ROSSerial_UART_SpiUartDisableIntRx
 343 000a 031C     		mov	r3, r0
 344 000c BB60     		str	r3, [r7, #8]
 391:.\Generated_Source\PSoC4/ROSSerial_UART_UART.c **** 
 392:.\Generated_Source\PSoC4/ROSSerial_UART_UART.c ****         if(0u != ROSSerial_UART_SpiUartGetRxBufferSize())
 345              		.loc 1 392 0
 346 000e FFF7FEFF 		bl	ROSSerial_UART_SpiUartGetRxBufferSize
 347 0012 031C     		mov	r3, r0
 348 0014 002B     		cmp	r3, #0
 349 0016 07D0     		beq	.L17
ARM GAS  C:\DOCUME~1\Chuck\LOCALS~1\Temp\ccEe4yPq.s 			page 14


 393:.\Generated_Source\PSoC4/ROSSerial_UART_UART.c ****         {
 394:.\Generated_Source\PSoC4/ROSSerial_UART_UART.c ****              /*
 395:.\Generated_Source\PSoC4/ROSSerial_UART_UART.c ****              * Enable interrupt to receive more bytes: at least one byte is in
 396:.\Generated_Source\PSoC4/ROSSerial_UART_UART.c ****              * buffer.
 397:.\Generated_Source\PSoC4/ROSSerial_UART_UART.c ****              */
 398:.\Generated_Source\PSoC4/ROSSerial_UART_UART.c ****             ROSSerial_UART_SpiUartEnableIntRx(intSourceMask);
 350              		.loc 1 398 0
 351 0018 104B     		ldr	r3, .L20
 352 001a BA68     		ldr	r2, [r7, #8]
 353 001c 1A60     		str	r2, [r3]
 399:.\Generated_Source\PSoC4/ROSSerial_UART_UART.c **** 
 400:.\Generated_Source\PSoC4/ROSSerial_UART_UART.c ****             /* Get received byte */
 401:.\Generated_Source\PSoC4/ROSSerial_UART_UART.c ****             rxData = ROSSerial_UART_SpiUartReadRxData();
 354              		.loc 1 401 0
 355 001e FFF7FEFF 		bl	ROSSerial_UART_SpiUartReadRxData
 356 0022 031C     		mov	r3, r0
 357 0024 FB60     		str	r3, [r7, #12]
 358 0026 05E0     		b	.L18
 359              	.L17:
 402:.\Generated_Source\PSoC4/ROSSerial_UART_UART.c ****         }
 403:.\Generated_Source\PSoC4/ROSSerial_UART_UART.c ****         else
 404:.\Generated_Source\PSoC4/ROSSerial_UART_UART.c ****         {
 405:.\Generated_Source\PSoC4/ROSSerial_UART_UART.c ****             /*
 406:.\Generated_Source\PSoC4/ROSSerial_UART_UART.c ****             * Read byte directly from RX FIFO: the underflow is raised in case
 407:.\Generated_Source\PSoC4/ROSSerial_UART_UART.c ****             * of empty. In other case the first received byte will be read.
 408:.\Generated_Source\PSoC4/ROSSerial_UART_UART.c ****             */
 409:.\Generated_Source\PSoC4/ROSSerial_UART_UART.c ****             rxData = ROSSerial_UART_RX_FIFO_RD_REG;
 360              		.loc 1 409 0
 361 0028 0D4B     		ldr	r3, .L20+4
 362 002a 1B68     		ldr	r3, [r3]
 363 002c FB60     		str	r3, [r7, #12]
 410:.\Generated_Source\PSoC4/ROSSerial_UART_UART.c **** 
 411:.\Generated_Source\PSoC4/ROSSerial_UART_UART.c ****             /*
 412:.\Generated_Source\PSoC4/ROSSerial_UART_UART.c ****             * Enable interrupt to receive more bytes.
 413:.\Generated_Source\PSoC4/ROSSerial_UART_UART.c ****             * The RX_NOT_EMPTY interrupt is cleared by the interrupt routine in case
 414:.\Generated_Source\PSoC4/ROSSerial_UART_UART.c ****             * the byte was received and read above.
 415:.\Generated_Source\PSoC4/ROSSerial_UART_UART.c ****             */
 416:.\Generated_Source\PSoC4/ROSSerial_UART_UART.c ****             ROSSerial_UART_SpiUartEnableIntRx(intSourceMask);
 364              		.loc 1 416 0
 365 002e 0B4B     		ldr	r3, .L20
 366 0030 BA68     		ldr	r2, [r7, #8]
 367 0032 1A60     		str	r2, [r3]
 368              	.L18:
 417:.\Generated_Source\PSoC4/ROSSerial_UART_UART.c ****         }
 418:.\Generated_Source\PSoC4/ROSSerial_UART_UART.c **** 
 419:.\Generated_Source\PSoC4/ROSSerial_UART_UART.c ****         /* Get and clear RX error mask */
 420:.\Generated_Source\PSoC4/ROSSerial_UART_UART.c ****         tmpStatus = (ROSSerial_UART_GetRxInterruptSource() & ROSSerial_UART_INTR_RX_ERR);
 369              		.loc 1 420 0
 370 0034 0B4B     		ldr	r3, .L20+8
 371 0036 1A68     		ldr	r2, [r3]
 372 0038 D823     		mov	r3, #216
 373 003a 9B00     		lsl	r3, r3, #2
 374 003c 1340     		and	r3, r2
 375 003e 7B60     		str	r3, [r7, #4]
 421:.\Generated_Source\PSoC4/ROSSerial_UART_UART.c ****         ROSSerial_UART_ClearRxInterruptSource(ROSSerial_UART_INTR_RX_ERR);
 376              		.loc 1 421 0
 377 0040 084B     		ldr	r3, .L20+8
ARM GAS  C:\DOCUME~1\Chuck\LOCALS~1\Temp\ccEe4yPq.s 			page 15


 378 0042 D822     		mov	r2, #216
 379 0044 9200     		lsl	r2, r2, #2
 380 0046 1A60     		str	r2, [r3]
 422:.\Generated_Source\PSoC4/ROSSerial_UART_UART.c **** 
 423:.\Generated_Source\PSoC4/ROSSerial_UART_UART.c ****         /*
 424:.\Generated_Source\PSoC4/ROSSerial_UART_UART.c ****         * Put together data and error status:
 425:.\Generated_Source\PSoC4/ROSSerial_UART_UART.c ****         * MP mode and accept address: the 9th bit is set to notify mark.
 426:.\Generated_Source\PSoC4/ROSSerial_UART_UART.c ****         */
 427:.\Generated_Source\PSoC4/ROSSerial_UART_UART.c ****         rxData |= ((uint32) (tmpStatus << 8u));
 381              		.loc 1 427 0
 382 0048 7B68     		ldr	r3, [r7, #4]
 383 004a 1B02     		lsl	r3, r3, #8
 384 004c FA68     		ldr	r2, [r7, #12]
 385 004e 1343     		orr	r3, r2
 386 0050 FB60     		str	r3, [r7, #12]
 428:.\Generated_Source\PSoC4/ROSSerial_UART_UART.c **** 
 429:.\Generated_Source\PSoC4/ROSSerial_UART_UART.c ****         return(rxData);
 387              		.loc 1 429 0
 388 0052 FB68     		ldr	r3, [r7, #12]
 430:.\Generated_Source\PSoC4/ROSSerial_UART_UART.c ****     }
 389              		.loc 1 430 0
 390 0054 181C     		mov	r0, r3
 391 0056 BD46     		mov	sp, r7
 392 0058 04B0     		add	sp, sp, #16
 393              		@ sp needed
 394 005a 80BD     		pop	{r7, pc}
 395              	.L21:
 396              		.align	2
 397              	.L20:
 398 005c C80F0640 		.word	1074139080
 399 0060 40030640 		.word	1074135872
 400 0064 C00F0640 		.word	1074139072
 401              		.cfi_endproc
 402              	.LFE4:
 403              		.size	ROSSerial_UART_UartGetByte, .-ROSSerial_UART_UartGetByte
 404              		.section	.text.ROSSerial_UART_UartPutString,"ax",%progbits
 405              		.align	2
 406              		.global	ROSSerial_UART_UartPutString
 407              		.code	16
 408              		.thumb_func
 409              		.type	ROSSerial_UART_UartPutString, %function
 410              	ROSSerial_UART_UartPutString:
 411              	.LFB5:
 431:.\Generated_Source\PSoC4/ROSSerial_UART_UART.c **** 
 432:.\Generated_Source\PSoC4/ROSSerial_UART_UART.c **** #endif /* (ROSSerial_UART_UART_RX_DIRECTION) */
 433:.\Generated_Source\PSoC4/ROSSerial_UART_UART.c **** 
 434:.\Generated_Source\PSoC4/ROSSerial_UART_UART.c **** 
 435:.\Generated_Source\PSoC4/ROSSerial_UART_UART.c **** #if(ROSSerial_UART_UART_TX_DIRECTION)
 436:.\Generated_Source\PSoC4/ROSSerial_UART_UART.c ****     /*******************************************************************************
 437:.\Generated_Source\PSoC4/ROSSerial_UART_UART.c ****     * Function Name: ROSSerial_UART_UartPutString
 438:.\Generated_Source\PSoC4/ROSSerial_UART_UART.c ****     ********************************************************************************
 439:.\Generated_Source\PSoC4/ROSSerial_UART_UART.c ****     *
 440:.\Generated_Source\PSoC4/ROSSerial_UART_UART.c ****     * Summary:
 441:.\Generated_Source\PSoC4/ROSSerial_UART_UART.c ****     *  Places a NULL terminated string in the transmit buffer to be sent at the
 442:.\Generated_Source\PSoC4/ROSSerial_UART_UART.c ****     *  next available bus time.
 443:.\Generated_Source\PSoC4/ROSSerial_UART_UART.c ****     *  This function is blocking and waits until there is space available to put
 444:.\Generated_Source\PSoC4/ROSSerial_UART_UART.c ****     *  all the requested data into the  transmit buffer.
ARM GAS  C:\DOCUME~1\Chuck\LOCALS~1\Temp\ccEe4yPq.s 			page 16


 445:.\Generated_Source\PSoC4/ROSSerial_UART_UART.c ****     *
 446:.\Generated_Source\PSoC4/ROSSerial_UART_UART.c ****     * Parameters:
 447:.\Generated_Source\PSoC4/ROSSerial_UART_UART.c ****     *  string: pointer to the null terminated string array to be placed in the
 448:.\Generated_Source\PSoC4/ROSSerial_UART_UART.c ****     *          transmit buffer.
 449:.\Generated_Source\PSoC4/ROSSerial_UART_UART.c ****     *
 450:.\Generated_Source\PSoC4/ROSSerial_UART_UART.c ****     * Return:
 451:.\Generated_Source\PSoC4/ROSSerial_UART_UART.c ****     *  None
 452:.\Generated_Source\PSoC4/ROSSerial_UART_UART.c ****     *
 453:.\Generated_Source\PSoC4/ROSSerial_UART_UART.c ****     *******************************************************************************/
 454:.\Generated_Source\PSoC4/ROSSerial_UART_UART.c ****     void ROSSerial_UART_UartPutString(const char8 string[])
 455:.\Generated_Source\PSoC4/ROSSerial_UART_UART.c ****     {
 412              		.loc 1 455 0
 413              		.cfi_startproc
 414 0000 80B5     		push	{r7, lr}
 415              		.cfi_def_cfa_offset 8
 416              		.cfi_offset 7, -8
 417              		.cfi_offset 14, -4
 418 0002 84B0     		sub	sp, sp, #16
 419              		.cfi_def_cfa_offset 24
 420 0004 00AF     		add	r7, sp, #0
 421              		.cfi_def_cfa_register 7
 422 0006 7860     		str	r0, [r7, #4]
 456:.\Generated_Source\PSoC4/ROSSerial_UART_UART.c ****         uint32 bufIndex;
 457:.\Generated_Source\PSoC4/ROSSerial_UART_UART.c **** 
 458:.\Generated_Source\PSoC4/ROSSerial_UART_UART.c ****         bufIndex = 0u;
 423              		.loc 1 458 0
 424 0008 0023     		mov	r3, #0
 425 000a FB60     		str	r3, [r7, #12]
 459:.\Generated_Source\PSoC4/ROSSerial_UART_UART.c **** 
 460:.\Generated_Source\PSoC4/ROSSerial_UART_UART.c ****         /* Block the control flow until all data has been sent */
 461:.\Generated_Source\PSoC4/ROSSerial_UART_UART.c ****         while(string[bufIndex] != ((char8) 0))
 426              		.loc 1 461 0
 427 000c 09E0     		b	.L23
 428              	.L24:
 462:.\Generated_Source\PSoC4/ROSSerial_UART_UART.c ****         {
 463:.\Generated_Source\PSoC4/ROSSerial_UART_UART.c ****             ROSSerial_UART_UartPutChar((uint32) string[bufIndex]);
 429              		.loc 1 463 0
 430 000e 7A68     		ldr	r2, [r7, #4]
 431 0010 FB68     		ldr	r3, [r7, #12]
 432 0012 D318     		add	r3, r2, r3
 433 0014 1B78     		ldrb	r3, [r3]
 434 0016 181C     		mov	r0, r3
 435 0018 FFF7FEFF 		bl	ROSSerial_UART_SpiUartWriteTxData
 464:.\Generated_Source\PSoC4/ROSSerial_UART_UART.c ****             bufIndex++;
 436              		.loc 1 464 0
 437 001c FB68     		ldr	r3, [r7, #12]
 438 001e 0133     		add	r3, r3, #1
 439 0020 FB60     		str	r3, [r7, #12]
 440              	.L23:
 461:.\Generated_Source\PSoC4/ROSSerial_UART_UART.c ****         while(string[bufIndex] != ((char8) 0))
 441              		.loc 1 461 0 discriminator 1
 442 0022 7A68     		ldr	r2, [r7, #4]
 443 0024 FB68     		ldr	r3, [r7, #12]
 444 0026 D318     		add	r3, r2, r3
 445 0028 1B78     		ldrb	r3, [r3]
 446 002a 002B     		cmp	r3, #0
 447 002c EFD1     		bne	.L24
ARM GAS  C:\DOCUME~1\Chuck\LOCALS~1\Temp\ccEe4yPq.s 			page 17


 465:.\Generated_Source\PSoC4/ROSSerial_UART_UART.c ****         }
 466:.\Generated_Source\PSoC4/ROSSerial_UART_UART.c ****     }
 448              		.loc 1 466 0
 449 002e BD46     		mov	sp, r7
 450 0030 04B0     		add	sp, sp, #16
 451              		@ sp needed
 452 0032 80BD     		pop	{r7, pc}
 453              		.cfi_endproc
 454              	.LFE5:
 455              		.size	ROSSerial_UART_UartPutString, .-ROSSerial_UART_UartPutString
 456              		.section	.text.ROSSerial_UART_UartPutCRLF,"ax",%progbits
 457              		.align	2
 458              		.global	ROSSerial_UART_UartPutCRLF
 459              		.code	16
 460              		.thumb_func
 461              		.type	ROSSerial_UART_UartPutCRLF, %function
 462              	ROSSerial_UART_UartPutCRLF:
 463              	.LFB6:
 467:.\Generated_Source\PSoC4/ROSSerial_UART_UART.c **** 
 468:.\Generated_Source\PSoC4/ROSSerial_UART_UART.c **** 
 469:.\Generated_Source\PSoC4/ROSSerial_UART_UART.c ****     /*******************************************************************************
 470:.\Generated_Source\PSoC4/ROSSerial_UART_UART.c ****     * Function Name: ROSSerial_UART_UartPutCRLF
 471:.\Generated_Source\PSoC4/ROSSerial_UART_UART.c ****     ********************************************************************************
 472:.\Generated_Source\PSoC4/ROSSerial_UART_UART.c ****     *
 473:.\Generated_Source\PSoC4/ROSSerial_UART_UART.c ****     * Summary:
 474:.\Generated_Source\PSoC4/ROSSerial_UART_UART.c ****     *  Places a byte of data followed by a carriage return (0x0D) and line feed (0x0A)
 475:.\Generated_Source\PSoC4/ROSSerial_UART_UART.c ****     *  into the transmit buffer.
 476:.\Generated_Source\PSoC4/ROSSerial_UART_UART.c ****     *  This function is blocking and waits until there is space available to put
 477:.\Generated_Source\PSoC4/ROSSerial_UART_UART.c ****     *  all the requested data into the  transmit buffer.
 478:.\Generated_Source\PSoC4/ROSSerial_UART_UART.c ****     *
 479:.\Generated_Source\PSoC4/ROSSerial_UART_UART.c ****     * Parameters:
 480:.\Generated_Source\PSoC4/ROSSerial_UART_UART.c ****     *  txDataByte : the data to be transmitted.
 481:.\Generated_Source\PSoC4/ROSSerial_UART_UART.c ****     *
 482:.\Generated_Source\PSoC4/ROSSerial_UART_UART.c ****     * Return:
 483:.\Generated_Source\PSoC4/ROSSerial_UART_UART.c ****     *  None
 484:.\Generated_Source\PSoC4/ROSSerial_UART_UART.c ****     *
 485:.\Generated_Source\PSoC4/ROSSerial_UART_UART.c ****     *******************************************************************************/
 486:.\Generated_Source\PSoC4/ROSSerial_UART_UART.c ****     void ROSSerial_UART_UartPutCRLF(uint32 txDataByte)
 487:.\Generated_Source\PSoC4/ROSSerial_UART_UART.c ****     {
 464              		.loc 1 487 0
 465              		.cfi_startproc
 466 0000 80B5     		push	{r7, lr}
 467              		.cfi_def_cfa_offset 8
 468              		.cfi_offset 7, -8
 469              		.cfi_offset 14, -4
 470 0002 82B0     		sub	sp, sp, #8
 471              		.cfi_def_cfa_offset 16
 472 0004 00AF     		add	r7, sp, #0
 473              		.cfi_def_cfa_register 7
 474 0006 7860     		str	r0, [r7, #4]
 488:.\Generated_Source\PSoC4/ROSSerial_UART_UART.c ****         ROSSerial_UART_UartPutChar(txDataByte);  /* Blocks control flow until all data has been sen
 475              		.loc 1 488 0
 476 0008 7B68     		ldr	r3, [r7, #4]
 477 000a 181C     		mov	r0, r3
 478 000c FFF7FEFF 		bl	ROSSerial_UART_SpiUartWriteTxData
 489:.\Generated_Source\PSoC4/ROSSerial_UART_UART.c ****         ROSSerial_UART_UartPutChar(0x0Du);       /* Blocks control flow until all data has been sen
 479              		.loc 1 489 0
ARM GAS  C:\DOCUME~1\Chuck\LOCALS~1\Temp\ccEe4yPq.s 			page 18


 480 0010 0D20     		mov	r0, #13
 481 0012 FFF7FEFF 		bl	ROSSerial_UART_SpiUartWriteTxData
 490:.\Generated_Source\PSoC4/ROSSerial_UART_UART.c ****         ROSSerial_UART_UartPutChar(0x0Au);       /* Blocks control flow until all data has been sen
 482              		.loc 1 490 0
 483 0016 0A20     		mov	r0, #10
 484 0018 FFF7FEFF 		bl	ROSSerial_UART_SpiUartWriteTxData
 491:.\Generated_Source\PSoC4/ROSSerial_UART_UART.c ****     }
 485              		.loc 1 491 0
 486 001c BD46     		mov	sp, r7
 487 001e 02B0     		add	sp, sp, #8
 488              		@ sp needed
 489 0020 80BD     		pop	{r7, pc}
 490              		.cfi_endproc
 491              	.LFE6:
 492              		.size	ROSSerial_UART_UartPutCRLF, .-ROSSerial_UART_UartPutCRLF
 493 0022 C046     		.text
 494              	.Letext0:
 495              		.file 2 ".\\Generated_Source\\PSoC4/cytypes.h"
 496              		.file 3 ".\\Generated_Source\\PSoC4\\ROSSerial_UART_SPI_UART_PVT.h"
 497              		.section	.debug_info,"",%progbits
 498              	.Ldebug_info0:
 499 0000 44020000 		.4byte	0x244
 500 0004 0400     		.2byte	0x4
 501 0006 00000000 		.4byte	.Ldebug_abbrev0
 502 000a 04       		.byte	0x4
 503 000b 01       		.uleb128 0x1
 504 000c F0020000 		.4byte	.LASF37
 505 0010 01       		.byte	0x1
 506 0011 D6010000 		.4byte	.LASF38
 507 0015 98020000 		.4byte	.LASF39
 508 0019 00000000 		.4byte	.Ldebug_ranges0+0
 509 001d 00000000 		.4byte	0
 510 0021 00000000 		.4byte	.Ldebug_line0
 511 0025 02       		.uleb128 0x2
 512 0026 01       		.byte	0x1
 513 0027 06       		.byte	0x6
 514 0028 8C020000 		.4byte	.LASF0
 515 002c 02       		.uleb128 0x2
 516 002d 01       		.byte	0x1
 517 002e 08       		.byte	0x8
 518 002f B2000000 		.4byte	.LASF1
 519 0033 02       		.uleb128 0x2
 520 0034 02       		.byte	0x2
 521 0035 05       		.byte	0x5
 522 0036 66020000 		.4byte	.LASF2
 523 003a 02       		.uleb128 0x2
 524 003b 02       		.byte	0x2
 525 003c 07       		.byte	0x7
 526 003d 4D000000 		.4byte	.LASF3
 527 0041 02       		.uleb128 0x2
 528 0042 04       		.byte	0x4
 529 0043 05       		.byte	0x5
 530 0044 70020000 		.4byte	.LASF4
 531 0048 02       		.uleb128 0x2
 532 0049 04       		.byte	0x4
 533 004a 07       		.byte	0x7
 534 004b FC000000 		.4byte	.LASF5
ARM GAS  C:\DOCUME~1\Chuck\LOCALS~1\Temp\ccEe4yPq.s 			page 19


 535 004f 02       		.uleb128 0x2
 536 0050 08       		.byte	0x8
 537 0051 05       		.byte	0x5
 538 0052 00000000 		.4byte	.LASF6
 539 0056 02       		.uleb128 0x2
 540 0057 08       		.byte	0x8
 541 0058 07       		.byte	0x7
 542 0059 9F010000 		.4byte	.LASF7
 543 005d 03       		.uleb128 0x3
 544 005e 04       		.byte	0x4
 545 005f 05       		.byte	0x5
 546 0060 696E7400 		.ascii	"int\000"
 547 0064 02       		.uleb128 0x2
 548 0065 04       		.byte	0x4
 549 0066 07       		.byte	0x7
 550 0067 60000000 		.4byte	.LASF8
 551 006b 04       		.uleb128 0x4
 552 006c 0E010000 		.4byte	.LASF9
 553 0070 02       		.byte	0x2
 554 0071 5B       		.byte	0x5b
 555 0072 2C000000 		.4byte	0x2c
 556 0076 04       		.uleb128 0x4
 557 0077 46010000 		.4byte	.LASF10
 558 007b 02       		.byte	0x2
 559 007c 5D       		.byte	0x5d
 560 007d 48000000 		.4byte	0x48
 561 0081 02       		.uleb128 0x2
 562 0082 04       		.byte	0x4
 563 0083 04       		.byte	0x4
 564 0084 90000000 		.4byte	.LASF11
 565 0088 02       		.uleb128 0x2
 566 0089 08       		.byte	0x8
 567 008a 04       		.byte	0x4
 568 008b 3F010000 		.4byte	.LASF12
 569 008f 04       		.uleb128 0x4
 570 0090 DB000000 		.4byte	.LASF13
 571 0094 02       		.byte	0x2
 572 0095 6C       		.byte	0x6c
 573 0096 9A000000 		.4byte	0x9a
 574 009a 02       		.uleb128 0x2
 575 009b 01       		.byte	0x1
 576 009c 08       		.byte	0x8
 577 009d 46020000 		.4byte	.LASF14
 578 00a1 05       		.uleb128 0x5
 579 00a2 6B000000 		.4byte	0x6b
 580 00a6 04       		.uleb128 0x4
 581 00a7 0E000000 		.4byte	.LASF15
 582 00ab 02       		.byte	0x2
 583 00ac F2       		.byte	0xf2
 584 00ad B1000000 		.4byte	0xb1
 585 00b1 05       		.uleb128 0x5
 586 00b2 76000000 		.4byte	0x76
 587 00b6 02       		.uleb128 0x2
 588 00b7 04       		.byte	0x4
 589 00b8 07       		.byte	0x7
 590 00b9 0E020000 		.4byte	.LASF16
 591 00bd 06       		.uleb128 0x6
ARM GAS  C:\DOCUME~1\Chuck\LOCALS~1\Temp\ccEe4yPq.s 			page 20


 592 00be 14010000 		.4byte	.LASF40
 593 00c2 01       		.byte	0x1
 594 00c3 D0       		.byte	0xd0
 595 00c4 00000000 		.4byte	.LFB0
 596 00c8 F4000000 		.4byte	.LFE0-.LFB0
 597 00cc 01       		.uleb128 0x1
 598 00cd 9C       		.byte	0x9c
 599 00ce 07       		.uleb128 0x7
 600 00cf B6010000 		.4byte	.LASF17
 601 00d3 01       		.byte	0x1
 602 00d4 1601     		.2byte	0x116
 603 00d6 00000000 		.4byte	.LFB1
 604 00da 34000000 		.4byte	.LFE1-.LFB1
 605 00de 01       		.uleb128 0x1
 606 00df 9C       		.byte	0x9c
 607 00e0 03010000 		.4byte	0x103
 608 00e4 08       		.uleb128 0x8
 609 00e5 97010000 		.4byte	.LASF19
 610 00e9 01       		.byte	0x1
 611 00ea 1601     		.2byte	0x116
 612 00ec 76000000 		.4byte	0x76
 613 00f0 02       		.uleb128 0x2
 614 00f1 91       		.byte	0x91
 615 00f2 6C       		.sleb128 -20
 616 00f3 09       		.uleb128 0x9
 617 00f4 83020000 		.4byte	.LASF21
 618 00f8 01       		.byte	0x1
 619 00f9 1801     		.2byte	0x118
 620 00fb 76000000 		.4byte	0x76
 621 00ff 02       		.uleb128 0x2
 622 0100 91       		.byte	0x91
 623 0101 74       		.sleb128 -12
 624 0102 00       		.byte	0
 625 0103 07       		.uleb128 0x7
 626 0104 22020000 		.4byte	.LASF18
 627 0108 01       		.byte	0x1
 628 0109 3301     		.2byte	0x133
 629 010b 00000000 		.4byte	.LFB2
 630 010f 34000000 		.4byte	.LFE2-.LFB2
 631 0113 01       		.uleb128 0x1
 632 0114 9C       		.byte	0x9c
 633 0115 38010000 		.4byte	0x138
 634 0119 08       		.uleb128 0x8
 635 011a 33010000 		.4byte	.LASF20
 636 011e 01       		.byte	0x1
 637 011f 3301     		.2byte	0x133
 638 0121 76000000 		.4byte	0x76
 639 0125 02       		.uleb128 0x2
 640 0126 91       		.byte	0x91
 641 0127 6C       		.sleb128 -20
 642 0128 09       		.uleb128 0x9
 643 0129 83020000 		.4byte	.LASF21
 644 012d 01       		.byte	0x1
 645 012e 3501     		.2byte	0x135
 646 0130 76000000 		.4byte	0x76
 647 0134 02       		.uleb128 0x2
 648 0135 91       		.byte	0x91
ARM GAS  C:\DOCUME~1\Chuck\LOCALS~1\Temp\ccEe4yPq.s 			page 21


 649 0136 74       		.sleb128 -12
 650 0137 00       		.byte	0
 651 0138 0A       		.uleb128 0xa
 652 0139 4B020000 		.4byte	.LASF23
 653 013d 01       		.byte	0x1
 654 013e 5801     		.2byte	0x158
 655 0140 76000000 		.4byte	0x76
 656 0144 00000000 		.4byte	.LFB3
 657 0148 44000000 		.4byte	.LFE3-.LFB3
 658 014c 01       		.uleb128 0x1
 659 014d 9C       		.byte	0x9c
 660 014e 62010000 		.4byte	0x162
 661 0152 09       		.uleb128 0x9
 662 0153 2C010000 		.4byte	.LASF22
 663 0157 01       		.byte	0x1
 664 0158 5A01     		.2byte	0x15a
 665 015a 76000000 		.4byte	0x76
 666 015e 02       		.uleb128 0x2
 667 015f 91       		.byte	0x91
 668 0160 74       		.sleb128 -12
 669 0161 00       		.byte	0
 670 0162 0A       		.uleb128 0xa
 671 0163 E1000000 		.4byte	.LASF24
 672 0167 01       		.byte	0x1
 673 0168 8001     		.2byte	0x180
 674 016a 76000000 		.4byte	0x76
 675 016e 00000000 		.4byte	.LFB4
 676 0172 68000000 		.4byte	.LFE4-.LFB4
 677 0176 01       		.uleb128 0x1
 678 0177 9C       		.byte	0x9c
 679 0178 AA010000 		.4byte	0x1aa
 680 017c 09       		.uleb128 0x9
 681 017d 2C010000 		.4byte	.LASF22
 682 0181 01       		.byte	0x1
 683 0182 8201     		.2byte	0x182
 684 0184 76000000 		.4byte	0x76
 685 0188 02       		.uleb128 0x2
 686 0189 91       		.byte	0x91
 687 018a 74       		.sleb128 -12
 688 018b 09       		.uleb128 0x9
 689 018c 79020000 		.4byte	.LASF25
 690 0190 01       		.byte	0x1
 691 0191 8301     		.2byte	0x183
 692 0193 76000000 		.4byte	0x76
 693 0197 02       		.uleb128 0x2
 694 0198 91       		.byte	0x91
 695 0199 6C       		.sleb128 -20
 696 019a 09       		.uleb128 0x9
 697 019b 6D010000 		.4byte	.LASF26
 698 019f 01       		.byte	0x1
 699 01a0 8401     		.2byte	0x184
 700 01a2 76000000 		.4byte	0x76
 701 01a6 02       		.uleb128 0x2
 702 01a7 91       		.byte	0x91
 703 01a8 70       		.sleb128 -16
 704 01a9 00       		.byte	0
 705 01aa 0B       		.uleb128 0xb
ARM GAS  C:\DOCUME~1\Chuck\LOCALS~1\Temp\ccEe4yPq.s 			page 22


 706 01ab 30000000 		.4byte	.LASF27
 707 01af 01       		.byte	0x1
 708 01b0 C601     		.2byte	0x1c6
 709 01b2 00000000 		.4byte	.LFB5
 710 01b6 34000000 		.4byte	.LFE5-.LFB5
 711 01ba 01       		.uleb128 0x1
 712 01bb 9C       		.byte	0x9c
 713 01bc DF010000 		.4byte	0x1df
 714 01c0 08       		.uleb128 0x8
 715 01c1 89000000 		.4byte	.LASF28
 716 01c5 01       		.byte	0x1
 717 01c6 C601     		.2byte	0x1c6
 718 01c8 DF010000 		.4byte	0x1df
 719 01cc 02       		.uleb128 0x2
 720 01cd 91       		.byte	0x91
 721 01ce 6C       		.sleb128 -20
 722 01cf 09       		.uleb128 0x9
 723 01d0 05020000 		.4byte	.LASF29
 724 01d4 01       		.byte	0x1
 725 01d5 C801     		.2byte	0x1c8
 726 01d7 76000000 		.4byte	0x76
 727 01db 02       		.uleb128 0x2
 728 01dc 91       		.byte	0x91
 729 01dd 74       		.sleb128 -12
 730 01de 00       		.byte	0
 731 01df 0C       		.uleb128 0xc
 732 01e0 04       		.byte	0x4
 733 01e1 E5010000 		.4byte	0x1e5
 734 01e5 0D       		.uleb128 0xd
 735 01e6 8F000000 		.4byte	0x8f
 736 01ea 0B       		.uleb128 0xb
 737 01eb C0000000 		.4byte	.LASF30
 738 01ef 01       		.byte	0x1
 739 01f0 E601     		.2byte	0x1e6
 740 01f2 00000000 		.4byte	.LFB6
 741 01f6 22000000 		.4byte	.LFE6-.LFB6
 742 01fa 01       		.uleb128 0x1
 743 01fb 9C       		.byte	0x9c
 744 01fc 10020000 		.4byte	0x210
 745 0200 08       		.uleb128 0x8
 746 0201 17020000 		.4byte	.LASF31
 747 0205 01       		.byte	0x1
 748 0206 E601     		.2byte	0x1e6
 749 0208 76000000 		.4byte	0x76
 750 020c 02       		.uleb128 0x2
 751 020d 91       		.byte	0x91
 752 020e 74       		.sleb128 -12
 753 020f 00       		.byte	0
 754 0210 0E       		.uleb128 0xe
 755 0211 96000000 		.4byte	.LASF32
 756 0215 03       		.byte	0x3
 757 0216 1E       		.byte	0x1e
 758 0217 B1000000 		.4byte	0xb1
 759 021b 0E       		.uleb128 0xe
 760 021c 6D000000 		.4byte	.LASF33
 761 0220 03       		.byte	0x3
 762 0221 1F       		.byte	0x1f
ARM GAS  C:\DOCUME~1\Chuck\LOCALS~1\Temp\ccEe4yPq.s 			page 23


 763 0222 B1000000 		.4byte	0xb1
 764 0226 0E       		.uleb128 0xe
 765 0227 4D010000 		.4byte	.LASF34
 766 022b 03       		.byte	0x3
 767 022c 20       		.byte	0x20
 768 022d A1000000 		.4byte	0xa1
 769 0231 0E       		.uleb128 0xe
 770 0232 7B010000 		.4byte	.LASF35
 771 0236 03       		.byte	0x3
 772 0237 24       		.byte	0x24
 773 0238 B1000000 		.4byte	0xb1
 774 023c 0E       		.uleb128 0xe
 775 023d 14000000 		.4byte	.LASF36
 776 0241 03       		.byte	0x3
 777 0242 25       		.byte	0x25
 778 0243 B1000000 		.4byte	0xb1
 779 0247 00       		.byte	0
 780              		.section	.debug_abbrev,"",%progbits
 781              	.Ldebug_abbrev0:
 782 0000 01       		.uleb128 0x1
 783 0001 11       		.uleb128 0x11
 784 0002 01       		.byte	0x1
 785 0003 25       		.uleb128 0x25
 786 0004 0E       		.uleb128 0xe
 787 0005 13       		.uleb128 0x13
 788 0006 0B       		.uleb128 0xb
 789 0007 03       		.uleb128 0x3
 790 0008 0E       		.uleb128 0xe
 791 0009 1B       		.uleb128 0x1b
 792 000a 0E       		.uleb128 0xe
 793 000b 55       		.uleb128 0x55
 794 000c 17       		.uleb128 0x17
 795 000d 11       		.uleb128 0x11
 796 000e 01       		.uleb128 0x1
 797 000f 10       		.uleb128 0x10
 798 0010 17       		.uleb128 0x17
 799 0011 00       		.byte	0
 800 0012 00       		.byte	0
 801 0013 02       		.uleb128 0x2
 802 0014 24       		.uleb128 0x24
 803 0015 00       		.byte	0
 804 0016 0B       		.uleb128 0xb
 805 0017 0B       		.uleb128 0xb
 806 0018 3E       		.uleb128 0x3e
 807 0019 0B       		.uleb128 0xb
 808 001a 03       		.uleb128 0x3
 809 001b 0E       		.uleb128 0xe
 810 001c 00       		.byte	0
 811 001d 00       		.byte	0
 812 001e 03       		.uleb128 0x3
 813 001f 24       		.uleb128 0x24
 814 0020 00       		.byte	0
 815 0021 0B       		.uleb128 0xb
 816 0022 0B       		.uleb128 0xb
 817 0023 3E       		.uleb128 0x3e
 818 0024 0B       		.uleb128 0xb
 819 0025 03       		.uleb128 0x3
ARM GAS  C:\DOCUME~1\Chuck\LOCALS~1\Temp\ccEe4yPq.s 			page 24


 820 0026 08       		.uleb128 0x8
 821 0027 00       		.byte	0
 822 0028 00       		.byte	0
 823 0029 04       		.uleb128 0x4
 824 002a 16       		.uleb128 0x16
 825 002b 00       		.byte	0
 826 002c 03       		.uleb128 0x3
 827 002d 0E       		.uleb128 0xe
 828 002e 3A       		.uleb128 0x3a
 829 002f 0B       		.uleb128 0xb
 830 0030 3B       		.uleb128 0x3b
 831 0031 0B       		.uleb128 0xb
 832 0032 49       		.uleb128 0x49
 833 0033 13       		.uleb128 0x13
 834 0034 00       		.byte	0
 835 0035 00       		.byte	0
 836 0036 05       		.uleb128 0x5
 837 0037 35       		.uleb128 0x35
 838 0038 00       		.byte	0
 839 0039 49       		.uleb128 0x49
 840 003a 13       		.uleb128 0x13
 841 003b 00       		.byte	0
 842 003c 00       		.byte	0
 843 003d 06       		.uleb128 0x6
 844 003e 2E       		.uleb128 0x2e
 845 003f 00       		.byte	0
 846 0040 3F       		.uleb128 0x3f
 847 0041 19       		.uleb128 0x19
 848 0042 03       		.uleb128 0x3
 849 0043 0E       		.uleb128 0xe
 850 0044 3A       		.uleb128 0x3a
 851 0045 0B       		.uleb128 0xb
 852 0046 3B       		.uleb128 0x3b
 853 0047 0B       		.uleb128 0xb
 854 0048 27       		.uleb128 0x27
 855 0049 19       		.uleb128 0x19
 856 004a 11       		.uleb128 0x11
 857 004b 01       		.uleb128 0x1
 858 004c 12       		.uleb128 0x12
 859 004d 06       		.uleb128 0x6
 860 004e 40       		.uleb128 0x40
 861 004f 18       		.uleb128 0x18
 862 0050 9642     		.uleb128 0x2116
 863 0052 19       		.uleb128 0x19
 864 0053 00       		.byte	0
 865 0054 00       		.byte	0
 866 0055 07       		.uleb128 0x7
 867 0056 2E       		.uleb128 0x2e
 868 0057 01       		.byte	0x1
 869 0058 3F       		.uleb128 0x3f
 870 0059 19       		.uleb128 0x19
 871 005a 03       		.uleb128 0x3
 872 005b 0E       		.uleb128 0xe
 873 005c 3A       		.uleb128 0x3a
 874 005d 0B       		.uleb128 0xb
 875 005e 3B       		.uleb128 0x3b
 876 005f 05       		.uleb128 0x5
ARM GAS  C:\DOCUME~1\Chuck\LOCALS~1\Temp\ccEe4yPq.s 			page 25


 877 0060 27       		.uleb128 0x27
 878 0061 19       		.uleb128 0x19
 879 0062 11       		.uleb128 0x11
 880 0063 01       		.uleb128 0x1
 881 0064 12       		.uleb128 0x12
 882 0065 06       		.uleb128 0x6
 883 0066 40       		.uleb128 0x40
 884 0067 18       		.uleb128 0x18
 885 0068 9742     		.uleb128 0x2117
 886 006a 19       		.uleb128 0x19
 887 006b 01       		.uleb128 0x1
 888 006c 13       		.uleb128 0x13
 889 006d 00       		.byte	0
 890 006e 00       		.byte	0
 891 006f 08       		.uleb128 0x8
 892 0070 05       		.uleb128 0x5
 893 0071 00       		.byte	0
 894 0072 03       		.uleb128 0x3
 895 0073 0E       		.uleb128 0xe
 896 0074 3A       		.uleb128 0x3a
 897 0075 0B       		.uleb128 0xb
 898 0076 3B       		.uleb128 0x3b
 899 0077 05       		.uleb128 0x5
 900 0078 49       		.uleb128 0x49
 901 0079 13       		.uleb128 0x13
 902 007a 02       		.uleb128 0x2
 903 007b 18       		.uleb128 0x18
 904 007c 00       		.byte	0
 905 007d 00       		.byte	0
 906 007e 09       		.uleb128 0x9
 907 007f 34       		.uleb128 0x34
 908 0080 00       		.byte	0
 909 0081 03       		.uleb128 0x3
 910 0082 0E       		.uleb128 0xe
 911 0083 3A       		.uleb128 0x3a
 912 0084 0B       		.uleb128 0xb
 913 0085 3B       		.uleb128 0x3b
 914 0086 05       		.uleb128 0x5
 915 0087 49       		.uleb128 0x49
 916 0088 13       		.uleb128 0x13
 917 0089 02       		.uleb128 0x2
 918 008a 18       		.uleb128 0x18
 919 008b 00       		.byte	0
 920 008c 00       		.byte	0
 921 008d 0A       		.uleb128 0xa
 922 008e 2E       		.uleb128 0x2e
 923 008f 01       		.byte	0x1
 924 0090 3F       		.uleb128 0x3f
 925 0091 19       		.uleb128 0x19
 926 0092 03       		.uleb128 0x3
 927 0093 0E       		.uleb128 0xe
 928 0094 3A       		.uleb128 0x3a
 929 0095 0B       		.uleb128 0xb
 930 0096 3B       		.uleb128 0x3b
 931 0097 05       		.uleb128 0x5
 932 0098 27       		.uleb128 0x27
 933 0099 19       		.uleb128 0x19
ARM GAS  C:\DOCUME~1\Chuck\LOCALS~1\Temp\ccEe4yPq.s 			page 26


 934 009a 49       		.uleb128 0x49
 935 009b 13       		.uleb128 0x13
 936 009c 11       		.uleb128 0x11
 937 009d 01       		.uleb128 0x1
 938 009e 12       		.uleb128 0x12
 939 009f 06       		.uleb128 0x6
 940 00a0 40       		.uleb128 0x40
 941 00a1 18       		.uleb128 0x18
 942 00a2 9642     		.uleb128 0x2116
 943 00a4 19       		.uleb128 0x19
 944 00a5 01       		.uleb128 0x1
 945 00a6 13       		.uleb128 0x13
 946 00a7 00       		.byte	0
 947 00a8 00       		.byte	0
 948 00a9 0B       		.uleb128 0xb
 949 00aa 2E       		.uleb128 0x2e
 950 00ab 01       		.byte	0x1
 951 00ac 3F       		.uleb128 0x3f
 952 00ad 19       		.uleb128 0x19
 953 00ae 03       		.uleb128 0x3
 954 00af 0E       		.uleb128 0xe
 955 00b0 3A       		.uleb128 0x3a
 956 00b1 0B       		.uleb128 0xb
 957 00b2 3B       		.uleb128 0x3b
 958 00b3 05       		.uleb128 0x5
 959 00b4 27       		.uleb128 0x27
 960 00b5 19       		.uleb128 0x19
 961 00b6 11       		.uleb128 0x11
 962 00b7 01       		.uleb128 0x1
 963 00b8 12       		.uleb128 0x12
 964 00b9 06       		.uleb128 0x6
 965 00ba 40       		.uleb128 0x40
 966 00bb 18       		.uleb128 0x18
 967 00bc 9642     		.uleb128 0x2116
 968 00be 19       		.uleb128 0x19
 969 00bf 01       		.uleb128 0x1
 970 00c0 13       		.uleb128 0x13
 971 00c1 00       		.byte	0
 972 00c2 00       		.byte	0
 973 00c3 0C       		.uleb128 0xc
 974 00c4 0F       		.uleb128 0xf
 975 00c5 00       		.byte	0
 976 00c6 0B       		.uleb128 0xb
 977 00c7 0B       		.uleb128 0xb
 978 00c8 49       		.uleb128 0x49
 979 00c9 13       		.uleb128 0x13
 980 00ca 00       		.byte	0
 981 00cb 00       		.byte	0
 982 00cc 0D       		.uleb128 0xd
 983 00cd 26       		.uleb128 0x26
 984 00ce 00       		.byte	0
 985 00cf 49       		.uleb128 0x49
 986 00d0 13       		.uleb128 0x13
 987 00d1 00       		.byte	0
 988 00d2 00       		.byte	0
 989 00d3 0E       		.uleb128 0xe
 990 00d4 34       		.uleb128 0x34
ARM GAS  C:\DOCUME~1\Chuck\LOCALS~1\Temp\ccEe4yPq.s 			page 27


 991 00d5 00       		.byte	0
 992 00d6 03       		.uleb128 0x3
 993 00d7 0E       		.uleb128 0xe
 994 00d8 3A       		.uleb128 0x3a
 995 00d9 0B       		.uleb128 0xb
 996 00da 3B       		.uleb128 0x3b
 997 00db 0B       		.uleb128 0xb
 998 00dc 49       		.uleb128 0x49
 999 00dd 13       		.uleb128 0x13
 1000 00de 3F       		.uleb128 0x3f
 1001 00df 19       		.uleb128 0x19
 1002 00e0 3C       		.uleb128 0x3c
 1003 00e1 19       		.uleb128 0x19
 1004 00e2 00       		.byte	0
 1005 00e3 00       		.byte	0
 1006 00e4 00       		.byte	0
 1007              		.section	.debug_aranges,"",%progbits
 1008 0000 4C000000 		.4byte	0x4c
 1009 0004 0200     		.2byte	0x2
 1010 0006 00000000 		.4byte	.Ldebug_info0
 1011 000a 04       		.byte	0x4
 1012 000b 00       		.byte	0
 1013 000c 0000     		.2byte	0
 1014 000e 0000     		.2byte	0
 1015 0010 00000000 		.4byte	.LFB0
 1016 0014 F4000000 		.4byte	.LFE0-.LFB0
 1017 0018 00000000 		.4byte	.LFB1
 1018 001c 34000000 		.4byte	.LFE1-.LFB1
 1019 0020 00000000 		.4byte	.LFB2
 1020 0024 34000000 		.4byte	.LFE2-.LFB2
 1021 0028 00000000 		.4byte	.LFB3
 1022 002c 44000000 		.4byte	.LFE3-.LFB3
 1023 0030 00000000 		.4byte	.LFB4
 1024 0034 68000000 		.4byte	.LFE4-.LFB4
 1025 0038 00000000 		.4byte	.LFB5
 1026 003c 34000000 		.4byte	.LFE5-.LFB5
 1027 0040 00000000 		.4byte	.LFB6
 1028 0044 22000000 		.4byte	.LFE6-.LFB6
 1029 0048 00000000 		.4byte	0
 1030 004c 00000000 		.4byte	0
 1031              		.section	.debug_ranges,"",%progbits
 1032              	.Ldebug_ranges0:
 1033 0000 00000000 		.4byte	.LFB0
 1034 0004 F4000000 		.4byte	.LFE0
 1035 0008 00000000 		.4byte	.LFB1
 1036 000c 34000000 		.4byte	.LFE1
 1037 0010 00000000 		.4byte	.LFB2
 1038 0014 34000000 		.4byte	.LFE2
 1039 0018 00000000 		.4byte	.LFB3
 1040 001c 44000000 		.4byte	.LFE3
 1041 0020 00000000 		.4byte	.LFB4
 1042 0024 68000000 		.4byte	.LFE4
 1043 0028 00000000 		.4byte	.LFB5
 1044 002c 34000000 		.4byte	.LFE5
 1045 0030 00000000 		.4byte	.LFB6
 1046 0034 22000000 		.4byte	.LFE6
 1047 0038 00000000 		.4byte	0
ARM GAS  C:\DOCUME~1\Chuck\LOCALS~1\Temp\ccEe4yPq.s 			page 28


 1048 003c 00000000 		.4byte	0
 1049              		.section	.debug_line,"",%progbits
 1050              	.Ldebug_line0:
 1051 0000 2E010000 		.section	.debug_str,"MS",%progbits,1
 1051      02007300 
 1051      00000201 
 1051      FB0E0D00 
 1051      01010101 
 1052              	.LASF6:
 1053 0000 6C6F6E67 		.ascii	"long long int\000"
 1053      206C6F6E 
 1053      6720696E 
 1053      7400
 1054              	.LASF15:
 1055 000e 72656733 		.ascii	"reg32\000"
 1055      3200
 1056              	.LASF36:
 1057 0014 524F5353 		.ascii	"ROSSerial_UART_txBufferTail\000"
 1057      65726961 
 1057      6C5F5541 
 1057      52545F74 
 1057      78427566 
 1058              	.LASF27:
 1059 0030 524F5353 		.ascii	"ROSSerial_UART_UartPutString\000"
 1059      65726961 
 1059      6C5F5541 
 1059      52545F55 
 1059      61727450 
 1060              	.LASF3:
 1061 004d 73686F72 		.ascii	"short unsigned int\000"
 1061      7420756E 
 1061      7369676E 
 1061      65642069 
 1061      6E7400
 1062              	.LASF8:
 1063 0060 756E7369 		.ascii	"unsigned int\000"
 1063      676E6564 
 1063      20696E74 
 1063      00
 1064              	.LASF33:
 1065 006d 524F5353 		.ascii	"ROSSerial_UART_rxBufferTail\000"
 1065      65726961 
 1065      6C5F5541 
 1065      52545F72 
 1065      78427566 
 1066              	.LASF28:
 1067 0089 73747269 		.ascii	"string\000"
 1067      6E6700
 1068              	.LASF11:
 1069 0090 666C6F61 		.ascii	"float\000"
 1069      7400
 1070              	.LASF32:
 1071 0096 524F5353 		.ascii	"ROSSerial_UART_rxBufferHead\000"
 1071      65726961 
 1071      6C5F5541 
 1071      52545F72 
 1071      78427566 
ARM GAS  C:\DOCUME~1\Chuck\LOCALS~1\Temp\ccEe4yPq.s 			page 29


 1072              	.LASF1:
 1073 00b2 756E7369 		.ascii	"unsigned char\000"
 1073      676E6564 
 1073      20636861 
 1073      7200
 1074              	.LASF30:
 1075 00c0 524F5353 		.ascii	"ROSSerial_UART_UartPutCRLF\000"
 1075      65726961 
 1075      6C5F5541 
 1075      52545F55 
 1075      61727450 
 1076              	.LASF13:
 1077 00db 63686172 		.ascii	"char8\000"
 1077      3800
 1078              	.LASF24:
 1079 00e1 524F5353 		.ascii	"ROSSerial_UART_UartGetByte\000"
 1079      65726961 
 1079      6C5F5541 
 1079      52545F55 
 1079      61727447 
 1080              	.LASF5:
 1081 00fc 6C6F6E67 		.ascii	"long unsigned int\000"
 1081      20756E73 
 1081      69676E65 
 1081      6420696E 
 1081      7400
 1082              	.LASF9:
 1083 010e 75696E74 		.ascii	"uint8\000"
 1083      3800
 1084              	.LASF40:
 1085 0114 524F5353 		.ascii	"ROSSerial_UART_UartInit\000"
 1085      65726961 
 1085      6C5F5541 
 1085      52545F55 
 1085      61727449 
 1086              	.LASF22:
 1087 012c 72784461 		.ascii	"rxData\000"
 1087      746100
 1088              	.LASF20:
 1089 0133 61646472 		.ascii	"addressMask\000"
 1089      6573734D 
 1089      61736B00 
 1090              	.LASF12:
 1091 013f 646F7562 		.ascii	"double\000"
 1091      6C6500
 1092              	.LASF10:
 1093 0146 75696E74 		.ascii	"uint32\000"
 1093      333200
 1094              	.LASF34:
 1095 014d 524F5353 		.ascii	"ROSSerial_UART_rxBufferOverflow\000"
 1095      65726961 
 1095      6C5F5541 
 1095      52545F72 
 1095      78427566 
 1096              	.LASF26:
 1097 016d 696E7453 		.ascii	"intSourceMask\000"
 1097      6F757263 
ARM GAS  C:\DOCUME~1\Chuck\LOCALS~1\Temp\ccEe4yPq.s 			page 30


 1097      654D6173 
 1097      6B00
 1098              	.LASF35:
 1099 017b 524F5353 		.ascii	"ROSSerial_UART_txBufferHead\000"
 1099      65726961 
 1099      6C5F5541 
 1099      52545F74 
 1099      78427566 
 1100              	.LASF19:
 1101 0197 61646472 		.ascii	"address\000"
 1101      65737300 
 1102              	.LASF7:
 1103 019f 6C6F6E67 		.ascii	"long long unsigned int\000"
 1103      206C6F6E 
 1103      6720756E 
 1103      7369676E 
 1103      65642069 
 1104              	.LASF17:
 1105 01b6 524F5353 		.ascii	"ROSSerial_UART_UartSetRxAddress\000"
 1105      65726961 
 1105      6C5F5541 
 1105      52545F55 
 1105      61727453 
 1106              	.LASF38:
 1107 01d6 2E5C4765 		.ascii	".\\Generated_Source\\PSoC4\\ROSSerial_UART_UART.c\000"
 1107      6E657261 
 1107      7465645F 
 1107      536F7572 
 1107      63655C50 
 1108              	.LASF29:
 1109 0205 62756649 		.ascii	"bufIndex\000"
 1109      6E646578 
 1109      00
 1110              	.LASF16:
 1111 020e 73697A65 		.ascii	"sizetype\000"
 1111      74797065 
 1111      00
 1112              	.LASF31:
 1113 0217 74784461 		.ascii	"txDataByte\000"
 1113      74614279 
 1113      746500
 1114              	.LASF18:
 1115 0222 524F5353 		.ascii	"ROSSerial_UART_UartSetRxAddressMask\000"
 1115      65726961 
 1115      6C5F5541 
 1115      52545F55 
 1115      61727453 
 1116              	.LASF14:
 1117 0246 63686172 		.ascii	"char\000"
 1117      00
 1118              	.LASF23:
 1119 024b 524F5353 		.ascii	"ROSSerial_UART_UartGetChar\000"
 1119      65726961 
 1119      6C5F5541 
 1119      52545F55 
 1119      61727447 
 1120              	.LASF2:
ARM GAS  C:\DOCUME~1\Chuck\LOCALS~1\Temp\ccEe4yPq.s 			page 31


 1121 0266 73686F72 		.ascii	"short int\000"
 1121      7420696E 
 1121      7400
 1122              	.LASF4:
 1123 0270 6C6F6E67 		.ascii	"long int\000"
 1123      20696E74 
 1123      00
 1124              	.LASF25:
 1125 0279 746D7053 		.ascii	"tmpStatus\000"
 1125      74617475 
 1125      7300
 1126              	.LASF21:
 1127 0283 6D617463 		.ascii	"matchReg\000"
 1127      68526567 
 1127      00
 1128              	.LASF0:
 1129 028c 7369676E 		.ascii	"signed char\000"
 1129      65642063 
 1129      68617200 
 1130              	.LASF39:
 1131 0298 433A5C44 		.ascii	"C:\\Documents and Settings\\Chuck\\My Documents\\PS"
 1131      6F63756D 
 1131      656E7473 
 1131      20616E64 
 1131      20536574 
 1132 02c7 6F432043 		.ascii	"oC Creator\\RosOnAStick\\RosOnAStick.cydsn\000"
 1132      72656174 
 1132      6F725C52 
 1132      6F734F6E 
 1132      41537469 
 1133              	.LASF37:
 1134 02f0 474E5520 		.ascii	"GNU C 4.8.4 20140526 (release) [ARM/embedded-4_8-br"
 1134      4320342E 
 1134      382E3420 
 1134      32303134 
 1134      30353236 
 1135 0323 616E6368 		.ascii	"anch revision 211358] -mcpu=cortex-m0 -mthumb -g -O"
 1135      20726576 
 1135      6973696F 
 1135      6E203231 
 1135      31333538 
 1136 0356 30202D66 		.ascii	"0 -ffunction-sections -fno-rtti -fno-exceptions -fu"
 1136      66756E63 
 1136      74696F6E 
 1136      2D736563 
 1136      74696F6E 
 1137 0389 6E736967 		.ascii	"nsigned-char -funsigned-bitfields -fshort-enums\000"
 1137      6E65642D 
 1137      63686172 
 1137      202D6675 
 1137      6E736967 
 1138              		.ident	"GCC: (GNU Tools for ARM Embedded Processors) 4.8.4 20140526 (release) [ARM/embedded-4_8-br
