ARM GAS  C:\DOCUME~1\Chuck\LOCALS~1\Temp\ccddsDzk.s 			page 1


   1              		.cpu cortex-m0
   2              		.fpu softvfp
   3              		.eabi_attribute 20, 1
   4              		.eabi_attribute 21, 1
   5              		.eabi_attribute 23, 3
   6              		.eabi_attribute 24, 1
   7              		.eabi_attribute 25, 1
   8              		.eabi_attribute 26, 1
   9              		.eabi_attribute 30, 6
  10              		.eabi_attribute 34, 0
  11              		.eabi_attribute 18, 4
  12              		.code	16
  13              		.file	"Sum_node.c"
  14              		.text
  15              	.Ltext0:
  16              		.cfi_sections	.debug_frame
  17              		.section	.text.Sum_node_Write,"ax",%progbits
  18              		.align	2
  19              		.global	Sum_node_Write
  20              		.code	16
  21              		.thumb_func
  22              		.type	Sum_node_Write, %function
  23              	Sum_node_Write:
  24              	.LFB0:
  25              		.file 1 ".\\Generated_Source\\PSoC4\\Sum_node.c"
   1:.\Generated_Source\PSoC4/Sum_node.c **** /*******************************************************************************
   2:.\Generated_Source\PSoC4/Sum_node.c **** * File Name: Sum_node.c  
   3:.\Generated_Source\PSoC4/Sum_node.c **** * Version 2.0
   4:.\Generated_Source\PSoC4/Sum_node.c **** *
   5:.\Generated_Source\PSoC4/Sum_node.c **** * Description:
   6:.\Generated_Source\PSoC4/Sum_node.c **** *  This file contains API to enable firmware control of a Pins component.
   7:.\Generated_Source\PSoC4/Sum_node.c **** *
   8:.\Generated_Source\PSoC4/Sum_node.c **** * Note:
   9:.\Generated_Source\PSoC4/Sum_node.c **** *
  10:.\Generated_Source\PSoC4/Sum_node.c **** ********************************************************************************
  11:.\Generated_Source\PSoC4/Sum_node.c **** * Copyright 2008-2014, Cypress Semiconductor Corporation.  All rights reserved.
  12:.\Generated_Source\PSoC4/Sum_node.c **** * You may use this file only in accordance with the license, terms, conditions, 
  13:.\Generated_Source\PSoC4/Sum_node.c **** * disclaimers, and limitations in the end user license agreement accompanying 
  14:.\Generated_Source\PSoC4/Sum_node.c **** * the software package with which this file was provided.
  15:.\Generated_Source\PSoC4/Sum_node.c **** *******************************************************************************/
  16:.\Generated_Source\PSoC4/Sum_node.c **** 
  17:.\Generated_Source\PSoC4/Sum_node.c **** #include "cytypes.h"
  18:.\Generated_Source\PSoC4/Sum_node.c **** #include "Sum_node.h"
  19:.\Generated_Source\PSoC4/Sum_node.c **** 
  20:.\Generated_Source\PSoC4/Sum_node.c **** #define SetP4PinDriveMode(shift, mode)  \
  21:.\Generated_Source\PSoC4/Sum_node.c ****     do { \
  22:.\Generated_Source\PSoC4/Sum_node.c ****         Sum_node_PC =   (Sum_node_PC & \
  23:.\Generated_Source\PSoC4/Sum_node.c ****                                 (uint32)(~(uint32)(Sum_node_DRIVE_MODE_IND_MASK << (Sum_node_DRIVE_
  24:.\Generated_Source\PSoC4/Sum_node.c ****                                 (uint32)((uint32)(mode) << (Sum_node_DRIVE_MODE_BITS * (shift))); \
  25:.\Generated_Source\PSoC4/Sum_node.c ****     } while (0)
  26:.\Generated_Source\PSoC4/Sum_node.c **** 
  27:.\Generated_Source\PSoC4/Sum_node.c **** 
  28:.\Generated_Source\PSoC4/Sum_node.c **** /*******************************************************************************
  29:.\Generated_Source\PSoC4/Sum_node.c **** * Function Name: Sum_node_Write
  30:.\Generated_Source\PSoC4/Sum_node.c **** ********************************************************************************
  31:.\Generated_Source\PSoC4/Sum_node.c **** *
  32:.\Generated_Source\PSoC4/Sum_node.c **** * Summary:
ARM GAS  C:\DOCUME~1\Chuck\LOCALS~1\Temp\ccddsDzk.s 			page 2


  33:.\Generated_Source\PSoC4/Sum_node.c **** *  Assign a new value to the digital port's data output register.  
  34:.\Generated_Source\PSoC4/Sum_node.c **** *
  35:.\Generated_Source\PSoC4/Sum_node.c **** * Parameters:  
  36:.\Generated_Source\PSoC4/Sum_node.c **** *  prtValue:  The value to be assigned to the Digital Port. 
  37:.\Generated_Source\PSoC4/Sum_node.c **** *
  38:.\Generated_Source\PSoC4/Sum_node.c **** * Return: 
  39:.\Generated_Source\PSoC4/Sum_node.c **** *  None 
  40:.\Generated_Source\PSoC4/Sum_node.c **** *  
  41:.\Generated_Source\PSoC4/Sum_node.c **** *******************************************************************************/
  42:.\Generated_Source\PSoC4/Sum_node.c **** void Sum_node_Write(uint8 value) 
  43:.\Generated_Source\PSoC4/Sum_node.c **** {
  26              		.loc 1 43 0
  27              		.cfi_startproc
  28 0000 80B5     		push	{r7, lr}
  29              		.cfi_def_cfa_offset 8
  30              		.cfi_offset 7, -8
  31              		.cfi_offset 14, -4
  32 0002 84B0     		sub	sp, sp, #16
  33              		.cfi_def_cfa_offset 24
  34 0004 00AF     		add	r7, sp, #0
  35              		.cfi_def_cfa_register 7
  36 0006 021C     		mov	r2, r0
  37 0008 FB1D     		add	r3, r7, #7
  38 000a 1A70     		strb	r2, [r3]
  44:.\Generated_Source\PSoC4/Sum_node.c ****     uint8 drVal = (uint8)(Sum_node_DR & (uint8)(~Sum_node_MASK));
  39              		.loc 1 44 0
  40 000c 0E4B     		ldr	r3, .L2
  41 000e 1B68     		ldr	r3, [r3]
  42 0010 DAB2     		uxtb	r2, r3
  43 0012 3B1C     		mov	r3, r7
  44 0014 0F33     		add	r3, r3, #15
  45 0016 0221     		mov	r1, #2
  46 0018 8A43     		bic	r2, r1
  47 001a 1A70     		strb	r2, [r3]
  45:.\Generated_Source\PSoC4/Sum_node.c ****     drVal = (drVal | ((uint8)(value << Sum_node_SHIFT) & Sum_node_MASK));
  48              		.loc 1 45 0
  49 001c FB1D     		add	r3, r7, #7
  50 001e 1B78     		ldrb	r3, [r3]
  51 0020 DB18     		add	r3, r3, r3
  52 0022 DAB2     		uxtb	r2, r3
  53 0024 0223     		mov	r3, #2
  54 0026 1340     		and	r3, r2
  55 0028 D9B2     		uxtb	r1, r3
  56 002a 3B1C     		mov	r3, r7
  57 002c 0F33     		add	r3, r3, #15
  58 002e 3A1C     		mov	r2, r7
  59 0030 0F32     		add	r2, r2, #15
  60 0032 1278     		ldrb	r2, [r2]
  61 0034 0A43     		orr	r2, r1
  62 0036 1A70     		strb	r2, [r3]
  46:.\Generated_Source\PSoC4/Sum_node.c ****     Sum_node_DR = (uint32)drVal;
  63              		.loc 1 46 0
  64 0038 034B     		ldr	r3, .L2
  65 003a 3A1C     		mov	r2, r7
  66 003c 0F32     		add	r2, r2, #15
  67 003e 1278     		ldrb	r2, [r2]
  68 0040 1A60     		str	r2, [r3]
ARM GAS  C:\DOCUME~1\Chuck\LOCALS~1\Temp\ccddsDzk.s 			page 3


  47:.\Generated_Source\PSoC4/Sum_node.c **** }
  69              		.loc 1 47 0
  70 0042 BD46     		mov	sp, r7
  71 0044 04B0     		add	sp, sp, #16
  72              		@ sp needed
  73 0046 80BD     		pop	{r7, pc}
  74              	.L3:
  75              		.align	2
  76              	.L2:
  77 0048 00010440 		.word	1074004224
  78              		.cfi_endproc
  79              	.LFE0:
  80              		.size	Sum_node_Write, .-Sum_node_Write
  81              		.section	.text.Sum_node_SetDriveMode,"ax",%progbits
  82              		.align	2
  83              		.global	Sum_node_SetDriveMode
  84              		.code	16
  85              		.thumb_func
  86              		.type	Sum_node_SetDriveMode, %function
  87              	Sum_node_SetDriveMode:
  88              	.LFB1:
  48:.\Generated_Source\PSoC4/Sum_node.c **** 
  49:.\Generated_Source\PSoC4/Sum_node.c **** 
  50:.\Generated_Source\PSoC4/Sum_node.c **** /*******************************************************************************
  51:.\Generated_Source\PSoC4/Sum_node.c **** * Function Name: Sum_node_SetDriveMode
  52:.\Generated_Source\PSoC4/Sum_node.c **** ********************************************************************************
  53:.\Generated_Source\PSoC4/Sum_node.c **** *
  54:.\Generated_Source\PSoC4/Sum_node.c **** * Summary:
  55:.\Generated_Source\PSoC4/Sum_node.c **** *  Change the drive mode on the pins of the port.
  56:.\Generated_Source\PSoC4/Sum_node.c **** * 
  57:.\Generated_Source\PSoC4/Sum_node.c **** * Parameters:  
  58:.\Generated_Source\PSoC4/Sum_node.c **** *  mode:  Change the pins to one of the following drive modes.
  59:.\Generated_Source\PSoC4/Sum_node.c **** *
  60:.\Generated_Source\PSoC4/Sum_node.c **** *  Sum_node_DM_STRONG     Strong Drive 
  61:.\Generated_Source\PSoC4/Sum_node.c **** *  Sum_node_DM_OD_HI      Open Drain, Drives High 
  62:.\Generated_Source\PSoC4/Sum_node.c **** *  Sum_node_DM_OD_LO      Open Drain, Drives Low 
  63:.\Generated_Source\PSoC4/Sum_node.c **** *  Sum_node_DM_RES_UP     Resistive Pull Up 
  64:.\Generated_Source\PSoC4/Sum_node.c **** *  Sum_node_DM_RES_DWN    Resistive Pull Down 
  65:.\Generated_Source\PSoC4/Sum_node.c **** *  Sum_node_DM_RES_UPDWN  Resistive Pull Up/Down 
  66:.\Generated_Source\PSoC4/Sum_node.c **** *  Sum_node_DM_DIG_HIZ    High Impedance Digital 
  67:.\Generated_Source\PSoC4/Sum_node.c **** *  Sum_node_DM_ALG_HIZ    High Impedance Analog 
  68:.\Generated_Source\PSoC4/Sum_node.c **** *
  69:.\Generated_Source\PSoC4/Sum_node.c **** * Return: 
  70:.\Generated_Source\PSoC4/Sum_node.c **** *  None
  71:.\Generated_Source\PSoC4/Sum_node.c **** *
  72:.\Generated_Source\PSoC4/Sum_node.c **** *******************************************************************************/
  73:.\Generated_Source\PSoC4/Sum_node.c **** void Sum_node_SetDriveMode(uint8 mode) 
  74:.\Generated_Source\PSoC4/Sum_node.c **** {
  89              		.loc 1 74 0
  90              		.cfi_startproc
  91 0000 80B5     		push	{r7, lr}
  92              		.cfi_def_cfa_offset 8
  93              		.cfi_offset 7, -8
  94              		.cfi_offset 14, -4
  95 0002 82B0     		sub	sp, sp, #8
  96              		.cfi_def_cfa_offset 16
  97 0004 00AF     		add	r7, sp, #0
ARM GAS  C:\DOCUME~1\Chuck\LOCALS~1\Temp\ccddsDzk.s 			page 4


  98              		.cfi_def_cfa_register 7
  99 0006 021C     		mov	r2, r0
 100 0008 FB1D     		add	r3, r7, #7
 101 000a 1A70     		strb	r2, [r3]
  75:.\Generated_Source\PSoC4/Sum_node.c **** 	SetP4PinDriveMode(Sum_node__0__SHIFT, mode);
 102              		.loc 1 75 0
 103 000c 074B     		ldr	r3, .L5
 104 000e 074A     		ldr	r2, .L5
 105 0010 1268     		ldr	r2, [r2]
 106 0012 3821     		mov	r1, #56
 107 0014 101C     		mov	r0, r2
 108 0016 8843     		bic	r0, r1
 109 0018 011C     		mov	r1, r0
 110 001a FA1D     		add	r2, r7, #7
 111 001c 1278     		ldrb	r2, [r2]
 112 001e D200     		lsl	r2, r2, #3
 113 0020 0A43     		orr	r2, r1
 114 0022 1A60     		str	r2, [r3]
  76:.\Generated_Source\PSoC4/Sum_node.c **** }
 115              		.loc 1 76 0
 116 0024 BD46     		mov	sp, r7
 117 0026 02B0     		add	sp, sp, #8
 118              		@ sp needed
 119 0028 80BD     		pop	{r7, pc}
 120              	.L6:
 121 002a C046     		.align	2
 122              	.L5:
 123 002c 08010440 		.word	1074004232
 124              		.cfi_endproc
 125              	.LFE1:
 126              		.size	Sum_node_SetDriveMode, .-Sum_node_SetDriveMode
 127              		.section	.text.Sum_node_Read,"ax",%progbits
 128              		.align	2
 129              		.global	Sum_node_Read
 130              		.code	16
 131              		.thumb_func
 132              		.type	Sum_node_Read, %function
 133              	Sum_node_Read:
 134              	.LFB2:
  77:.\Generated_Source\PSoC4/Sum_node.c **** 
  78:.\Generated_Source\PSoC4/Sum_node.c **** 
  79:.\Generated_Source\PSoC4/Sum_node.c **** /*******************************************************************************
  80:.\Generated_Source\PSoC4/Sum_node.c **** * Function Name: Sum_node_Read
  81:.\Generated_Source\PSoC4/Sum_node.c **** ********************************************************************************
  82:.\Generated_Source\PSoC4/Sum_node.c **** *
  83:.\Generated_Source\PSoC4/Sum_node.c **** * Summary:
  84:.\Generated_Source\PSoC4/Sum_node.c **** *  Read the current value on the pins of the Digital Port in right justified 
  85:.\Generated_Source\PSoC4/Sum_node.c **** *  form.
  86:.\Generated_Source\PSoC4/Sum_node.c **** *
  87:.\Generated_Source\PSoC4/Sum_node.c **** * Parameters:  
  88:.\Generated_Source\PSoC4/Sum_node.c **** *  None 
  89:.\Generated_Source\PSoC4/Sum_node.c **** *
  90:.\Generated_Source\PSoC4/Sum_node.c **** * Return: 
  91:.\Generated_Source\PSoC4/Sum_node.c **** *  Returns the current value of the Digital Port as a right justified number
  92:.\Generated_Source\PSoC4/Sum_node.c **** *  
  93:.\Generated_Source\PSoC4/Sum_node.c **** * Note:
  94:.\Generated_Source\PSoC4/Sum_node.c **** *  Macro Sum_node_ReadPS calls this function. 
ARM GAS  C:\DOCUME~1\Chuck\LOCALS~1\Temp\ccddsDzk.s 			page 5


  95:.\Generated_Source\PSoC4/Sum_node.c **** *  
  96:.\Generated_Source\PSoC4/Sum_node.c **** *******************************************************************************/
  97:.\Generated_Source\PSoC4/Sum_node.c **** uint8 Sum_node_Read(void) 
  98:.\Generated_Source\PSoC4/Sum_node.c **** {
 135              		.loc 1 98 0
 136              		.cfi_startproc
 137 0000 80B5     		push	{r7, lr}
 138              		.cfi_def_cfa_offset 8
 139              		.cfi_offset 7, -8
 140              		.cfi_offset 14, -4
 141 0002 00AF     		add	r7, sp, #0
 142              		.cfi_def_cfa_register 7
  99:.\Generated_Source\PSoC4/Sum_node.c ****     return (uint8)((Sum_node_PS & Sum_node_MASK) >> Sum_node_SHIFT);
 143              		.loc 1 99 0
 144 0004 044B     		ldr	r3, .L9
 145 0006 1A68     		ldr	r2, [r3]
 146 0008 0223     		mov	r3, #2
 147 000a 1340     		and	r3, r2
 148 000c 5B08     		lsr	r3, r3, #1
 149 000e DBB2     		uxtb	r3, r3
 100:.\Generated_Source\PSoC4/Sum_node.c **** }
 150              		.loc 1 100 0
 151 0010 181C     		mov	r0, r3
 152 0012 BD46     		mov	sp, r7
 153              		@ sp needed
 154 0014 80BD     		pop	{r7, pc}
 155              	.L10:
 156 0016 C046     		.align	2
 157              	.L9:
 158 0018 04010440 		.word	1074004228
 159              		.cfi_endproc
 160              	.LFE2:
 161              		.size	Sum_node_Read, .-Sum_node_Read
 162              		.section	.text.Sum_node_ReadDataReg,"ax",%progbits
 163              		.align	2
 164              		.global	Sum_node_ReadDataReg
 165              		.code	16
 166              		.thumb_func
 167              		.type	Sum_node_ReadDataReg, %function
 168              	Sum_node_ReadDataReg:
 169              	.LFB3:
 101:.\Generated_Source\PSoC4/Sum_node.c **** 
 102:.\Generated_Source\PSoC4/Sum_node.c **** 
 103:.\Generated_Source\PSoC4/Sum_node.c **** /*******************************************************************************
 104:.\Generated_Source\PSoC4/Sum_node.c **** * Function Name: Sum_node_ReadDataReg
 105:.\Generated_Source\PSoC4/Sum_node.c **** ********************************************************************************
 106:.\Generated_Source\PSoC4/Sum_node.c **** *
 107:.\Generated_Source\PSoC4/Sum_node.c **** * Summary:
 108:.\Generated_Source\PSoC4/Sum_node.c **** *  Read the current value assigned to a Digital Port's data output register
 109:.\Generated_Source\PSoC4/Sum_node.c **** *
 110:.\Generated_Source\PSoC4/Sum_node.c **** * Parameters:  
 111:.\Generated_Source\PSoC4/Sum_node.c **** *  None 
 112:.\Generated_Source\PSoC4/Sum_node.c **** *
 113:.\Generated_Source\PSoC4/Sum_node.c **** * Return: 
 114:.\Generated_Source\PSoC4/Sum_node.c **** *  Returns the current value assigned to the Digital Port's data output register
 115:.\Generated_Source\PSoC4/Sum_node.c **** *  
 116:.\Generated_Source\PSoC4/Sum_node.c **** *******************************************************************************/
ARM GAS  C:\DOCUME~1\Chuck\LOCALS~1\Temp\ccddsDzk.s 			page 6


 117:.\Generated_Source\PSoC4/Sum_node.c **** uint8 Sum_node_ReadDataReg(void) 
 118:.\Generated_Source\PSoC4/Sum_node.c **** {
 170              		.loc 1 118 0
 171              		.cfi_startproc
 172 0000 80B5     		push	{r7, lr}
 173              		.cfi_def_cfa_offset 8
 174              		.cfi_offset 7, -8
 175              		.cfi_offset 14, -4
 176 0002 00AF     		add	r7, sp, #0
 177              		.cfi_def_cfa_register 7
 119:.\Generated_Source\PSoC4/Sum_node.c ****     return (uint8)((Sum_node_DR & Sum_node_MASK) >> Sum_node_SHIFT);
 178              		.loc 1 119 0
 179 0004 044B     		ldr	r3, .L13
 180 0006 1A68     		ldr	r2, [r3]
 181 0008 0223     		mov	r3, #2
 182 000a 1340     		and	r3, r2
 183 000c 5B08     		lsr	r3, r3, #1
 184 000e DBB2     		uxtb	r3, r3
 120:.\Generated_Source\PSoC4/Sum_node.c **** }
 185              		.loc 1 120 0
 186 0010 181C     		mov	r0, r3
 187 0012 BD46     		mov	sp, r7
 188              		@ sp needed
 189 0014 80BD     		pop	{r7, pc}
 190              	.L14:
 191 0016 C046     		.align	2
 192              	.L13:
 193 0018 00010440 		.word	1074004224
 194              		.cfi_endproc
 195              	.LFE3:
 196              		.size	Sum_node_ReadDataReg, .-Sum_node_ReadDataReg
 197              		.section	.text.Sum_node_ClearInterrupt,"ax",%progbits
 198              		.align	2
 199              		.global	Sum_node_ClearInterrupt
 200              		.code	16
 201              		.thumb_func
 202              		.type	Sum_node_ClearInterrupt, %function
 203              	Sum_node_ClearInterrupt:
 204              	.LFB4:
 121:.\Generated_Source\PSoC4/Sum_node.c **** 
 122:.\Generated_Source\PSoC4/Sum_node.c **** 
 123:.\Generated_Source\PSoC4/Sum_node.c **** /* If Interrupts Are Enabled for this Pins component */ 
 124:.\Generated_Source\PSoC4/Sum_node.c **** #if defined(Sum_node_INTSTAT) 
 125:.\Generated_Source\PSoC4/Sum_node.c **** 
 126:.\Generated_Source\PSoC4/Sum_node.c ****     /*******************************************************************************
 127:.\Generated_Source\PSoC4/Sum_node.c ****     * Function Name: Sum_node_ClearInterrupt
 128:.\Generated_Source\PSoC4/Sum_node.c ****     ********************************************************************************
 129:.\Generated_Source\PSoC4/Sum_node.c ****     *
 130:.\Generated_Source\PSoC4/Sum_node.c ****     * Summary:
 131:.\Generated_Source\PSoC4/Sum_node.c ****     *  Clears any active interrupts attached to port and returns the value of the 
 132:.\Generated_Source\PSoC4/Sum_node.c ****     *  interrupt status register.
 133:.\Generated_Source\PSoC4/Sum_node.c ****     *
 134:.\Generated_Source\PSoC4/Sum_node.c ****     * Parameters:  
 135:.\Generated_Source\PSoC4/Sum_node.c ****     *  None 
 136:.\Generated_Source\PSoC4/Sum_node.c ****     *
 137:.\Generated_Source\PSoC4/Sum_node.c ****     * Return: 
 138:.\Generated_Source\PSoC4/Sum_node.c ****     *  Returns the value of the interrupt status register
ARM GAS  C:\DOCUME~1\Chuck\LOCALS~1\Temp\ccddsDzk.s 			page 7


 139:.\Generated_Source\PSoC4/Sum_node.c ****     *  
 140:.\Generated_Source\PSoC4/Sum_node.c ****     *******************************************************************************/
 141:.\Generated_Source\PSoC4/Sum_node.c ****     uint8 Sum_node_ClearInterrupt(void) 
 142:.\Generated_Source\PSoC4/Sum_node.c ****     {
 205              		.loc 1 142 0
 206              		.cfi_startproc
 207 0000 80B5     		push	{r7, lr}
 208              		.cfi_def_cfa_offset 8
 209              		.cfi_offset 7, -8
 210              		.cfi_offset 14, -4
 211 0002 82B0     		sub	sp, sp, #8
 212              		.cfi_def_cfa_offset 16
 213 0004 00AF     		add	r7, sp, #0
 214              		.cfi_def_cfa_register 7
 143:.\Generated_Source\PSoC4/Sum_node.c **** 		uint8 maskedStatus = (uint8)(Sum_node_INTSTAT & Sum_node_MASK);
 215              		.loc 1 143 0
 216 0006 094B     		ldr	r3, .L17
 217 0008 1B68     		ldr	r3, [r3]
 218 000a D9B2     		uxtb	r1, r3
 219 000c FB1D     		add	r3, r7, #7
 220 000e 0222     		mov	r2, #2
 221 0010 0A40     		and	r2, r1
 222 0012 1A70     		strb	r2, [r3]
 144:.\Generated_Source\PSoC4/Sum_node.c **** 		Sum_node_INTSTAT = maskedStatus;
 223              		.loc 1 144 0
 224 0014 054B     		ldr	r3, .L17
 225 0016 FA1D     		add	r2, r7, #7
 226 0018 1278     		ldrb	r2, [r2]
 227 001a 1A60     		str	r2, [r3]
 145:.\Generated_Source\PSoC4/Sum_node.c ****         return maskedStatus >> Sum_node_SHIFT;
 228              		.loc 1 145 0
 229 001c FB1D     		add	r3, r7, #7
 230 001e 1B78     		ldrb	r3, [r3]
 231 0020 5B08     		lsr	r3, r3, #1
 232 0022 DBB2     		uxtb	r3, r3
 146:.\Generated_Source\PSoC4/Sum_node.c ****     }
 233              		.loc 1 146 0
 234 0024 181C     		mov	r0, r3
 235 0026 BD46     		mov	sp, r7
 236 0028 02B0     		add	sp, sp, #8
 237              		@ sp needed
 238 002a 80BD     		pop	{r7, pc}
 239              	.L18:
 240              		.align	2
 241              	.L17:
 242 002c 10010440 		.word	1074004240
 243              		.cfi_endproc
 244              	.LFE4:
 245              		.size	Sum_node_ClearInterrupt, .-Sum_node_ClearInterrupt
 246              		.text
 247              	.Letext0:
 248              		.file 2 ".\\Generated_Source\\PSoC4\\cytypes.h"
 249              		.section	.debug_info,"",%progbits
 250              	.Ldebug_info0:
 251 0000 47010000 		.4byte	0x147
 252 0004 0400     		.2byte	0x4
 253 0006 00000000 		.4byte	.Ldebug_abbrev0
ARM GAS  C:\DOCUME~1\Chuck\LOCALS~1\Temp\ccddsDzk.s 			page 8


 254 000a 04       		.byte	0x4
 255 000b 01       		.uleb128 0x1
 256 000c A3010000 		.4byte	.LASF24
 257 0010 01       		.byte	0x1
 258 0011 5C010000 		.4byte	.LASF25
 259 0015 00000000 		.4byte	.LASF26
 260 0019 00000000 		.4byte	.Ldebug_ranges0+0
 261 001d 00000000 		.4byte	0
 262 0021 00000000 		.4byte	.Ldebug_line0
 263 0025 02       		.uleb128 0x2
 264 0026 01       		.byte	0x1
 265 0027 06       		.byte	0x6
 266 0028 97010000 		.4byte	.LASF0
 267 002c 02       		.uleb128 0x2
 268 002d 01       		.byte	0x1
 269 002e 08       		.byte	0x8
 270 002f 97000000 		.4byte	.LASF1
 271 0033 02       		.uleb128 0x2
 272 0034 02       		.byte	0x2
 273 0035 05       		.byte	0x5
 274 0036 4C010000 		.4byte	.LASF2
 275 003a 02       		.uleb128 0x2
 276 003b 02       		.byte	0x2
 277 003c 07       		.byte	0x7
 278 003d BD000000 		.4byte	.LASF3
 279 0041 02       		.uleb128 0x2
 280 0042 04       		.byte	0x4
 281 0043 05       		.byte	0x5
 282 0044 8E010000 		.4byte	.LASF4
 283 0048 02       		.uleb128 0x2
 284 0049 04       		.byte	0x4
 285 004a 07       		.byte	0x7
 286 004b AB000000 		.4byte	.LASF5
 287 004f 02       		.uleb128 0x2
 288 0050 08       		.byte	0x8
 289 0051 05       		.byte	0x5
 290 0052 2C010000 		.4byte	.LASF6
 291 0056 02       		.uleb128 0x2
 292 0057 08       		.byte	0x8
 293 0058 07       		.byte	0x7
 294 0059 10010000 		.4byte	.LASF7
 295 005d 03       		.uleb128 0x3
 296 005e 04       		.byte	0x4
 297 005f 05       		.byte	0x5
 298 0060 696E7400 		.ascii	"int\000"
 299 0064 02       		.uleb128 0x2
 300 0065 04       		.byte	0x4
 301 0066 07       		.byte	0x7
 302 0067 03010000 		.4byte	.LASF8
 303 006b 04       		.uleb128 0x4
 304 006c 56010000 		.4byte	.LASF9
 305 0070 02       		.byte	0x2
 306 0071 5B       		.byte	0x5b
 307 0072 2C000000 		.4byte	0x2c
 308 0076 04       		.uleb128 0x4
 309 0077 FC000000 		.4byte	.LASF10
 310 007b 02       		.byte	0x2
ARM GAS  C:\DOCUME~1\Chuck\LOCALS~1\Temp\ccddsDzk.s 			page 9


 311 007c 5D       		.byte	0x5d
 312 007d 48000000 		.4byte	0x48
 313 0081 02       		.uleb128 0x2
 314 0082 04       		.byte	0x4
 315 0083 04       		.byte	0x4
 316 0084 91000000 		.4byte	.LASF11
 317 0088 02       		.uleb128 0x2
 318 0089 08       		.byte	0x8
 319 008a 04       		.byte	0x4
 320 008b DF000000 		.4byte	.LASF12
 321 008f 02       		.uleb128 0x2
 322 0090 01       		.byte	0x1
 323 0091 08       		.byte	0x8
 324 0092 47010000 		.4byte	.LASF13
 325 0096 04       		.uleb128 0x4
 326 0097 58000000 		.4byte	.LASF14
 327 009b 02       		.byte	0x2
 328 009c F2       		.byte	0xf2
 329 009d A1000000 		.4byte	0xa1
 330 00a1 05       		.uleb128 0x5
 331 00a2 76000000 		.4byte	0x76
 332 00a6 06       		.uleb128 0x6
 333 00a7 D0000000 		.4byte	.LASF15
 334 00ab 01       		.byte	0x1
 335 00ac 2A       		.byte	0x2a
 336 00ad 00000000 		.4byte	.LFB0
 337 00b1 4C000000 		.4byte	.LFE0-.LFB0
 338 00b5 01       		.uleb128 0x1
 339 00b6 9C       		.byte	0x9c
 340 00b7 D8000000 		.4byte	0xd8
 341 00bb 07       		.uleb128 0x7
 342 00bc 5E000000 		.4byte	.LASF17
 343 00c0 01       		.byte	0x1
 344 00c1 2A       		.byte	0x2a
 345 00c2 6B000000 		.4byte	0x6b
 346 00c6 02       		.uleb128 0x2
 347 00c7 91       		.byte	0x91
 348 00c8 6F       		.sleb128 -17
 349 00c9 08       		.uleb128 0x8
 350 00ca A5000000 		.4byte	.LASF22
 351 00ce 01       		.byte	0x1
 352 00cf 2C       		.byte	0x2c
 353 00d0 6B000000 		.4byte	0x6b
 354 00d4 02       		.uleb128 0x2
 355 00d5 91       		.byte	0x91
 356 00d6 77       		.sleb128 -9
 357 00d7 00       		.byte	0
 358 00d8 06       		.uleb128 0x6
 359 00d9 E6000000 		.4byte	.LASF16
 360 00dd 01       		.byte	0x1
 361 00de 49       		.byte	0x49
 362 00df 00000000 		.4byte	.LFB1
 363 00e3 30000000 		.4byte	.LFE1-.LFB1
 364 00e7 01       		.uleb128 0x1
 365 00e8 9C       		.byte	0x9c
 366 00e9 FC000000 		.4byte	0xfc
 367 00ed 07       		.uleb128 0x7
ARM GAS  C:\DOCUME~1\Chuck\LOCALS~1\Temp\ccddsDzk.s 			page 10


 368 00ee 27010000 		.4byte	.LASF18
 369 00f2 01       		.byte	0x1
 370 00f3 49       		.byte	0x49
 371 00f4 6B000000 		.4byte	0x6b
 372 00f8 02       		.uleb128 0x2
 373 00f9 91       		.byte	0x91
 374 00fa 77       		.sleb128 -9
 375 00fb 00       		.byte	0
 376 00fc 09       		.uleb128 0x9
 377 00fd 80010000 		.4byte	.LASF19
 378 0101 01       		.byte	0x1
 379 0102 61       		.byte	0x61
 380 0103 6B000000 		.4byte	0x6b
 381 0107 00000000 		.4byte	.LFB2
 382 010b 1C000000 		.4byte	.LFE2-.LFB2
 383 010f 01       		.uleb128 0x1
 384 0110 9C       		.byte	0x9c
 385 0111 09       		.uleb128 0x9
 386 0112 7C000000 		.4byte	.LASF20
 387 0116 01       		.byte	0x1
 388 0117 75       		.byte	0x75
 389 0118 6B000000 		.4byte	0x6b
 390 011c 00000000 		.4byte	.LFB3
 391 0120 1C000000 		.4byte	.LFE3-.LFB3
 392 0124 01       		.uleb128 0x1
 393 0125 9C       		.byte	0x9c
 394 0126 0A       		.uleb128 0xa
 395 0127 64000000 		.4byte	.LASF21
 396 012b 01       		.byte	0x1
 397 012c 8D       		.byte	0x8d
 398 012d 6B000000 		.4byte	0x6b
 399 0131 00000000 		.4byte	.LFB4
 400 0135 30000000 		.4byte	.LFE4-.LFB4
 401 0139 01       		.uleb128 0x1
 402 013a 9C       		.byte	0x9c
 403 013b 08       		.uleb128 0x8
 404 013c 3A010000 		.4byte	.LASF23
 405 0140 01       		.byte	0x1
 406 0141 8F       		.byte	0x8f
 407 0142 6B000000 		.4byte	0x6b
 408 0146 02       		.uleb128 0x2
 409 0147 91       		.byte	0x91
 410 0148 77       		.sleb128 -9
 411 0149 00       		.byte	0
 412 014a 00       		.byte	0
 413              		.section	.debug_abbrev,"",%progbits
 414              	.Ldebug_abbrev0:
 415 0000 01       		.uleb128 0x1
 416 0001 11       		.uleb128 0x11
 417 0002 01       		.byte	0x1
 418 0003 25       		.uleb128 0x25
 419 0004 0E       		.uleb128 0xe
 420 0005 13       		.uleb128 0x13
 421 0006 0B       		.uleb128 0xb
 422 0007 03       		.uleb128 0x3
 423 0008 0E       		.uleb128 0xe
 424 0009 1B       		.uleb128 0x1b
ARM GAS  C:\DOCUME~1\Chuck\LOCALS~1\Temp\ccddsDzk.s 			page 11


 425 000a 0E       		.uleb128 0xe
 426 000b 55       		.uleb128 0x55
 427 000c 17       		.uleb128 0x17
 428 000d 11       		.uleb128 0x11
 429 000e 01       		.uleb128 0x1
 430 000f 10       		.uleb128 0x10
 431 0010 17       		.uleb128 0x17
 432 0011 00       		.byte	0
 433 0012 00       		.byte	0
 434 0013 02       		.uleb128 0x2
 435 0014 24       		.uleb128 0x24
 436 0015 00       		.byte	0
 437 0016 0B       		.uleb128 0xb
 438 0017 0B       		.uleb128 0xb
 439 0018 3E       		.uleb128 0x3e
 440 0019 0B       		.uleb128 0xb
 441 001a 03       		.uleb128 0x3
 442 001b 0E       		.uleb128 0xe
 443 001c 00       		.byte	0
 444 001d 00       		.byte	0
 445 001e 03       		.uleb128 0x3
 446 001f 24       		.uleb128 0x24
 447 0020 00       		.byte	0
 448 0021 0B       		.uleb128 0xb
 449 0022 0B       		.uleb128 0xb
 450 0023 3E       		.uleb128 0x3e
 451 0024 0B       		.uleb128 0xb
 452 0025 03       		.uleb128 0x3
 453 0026 08       		.uleb128 0x8
 454 0027 00       		.byte	0
 455 0028 00       		.byte	0
 456 0029 04       		.uleb128 0x4
 457 002a 16       		.uleb128 0x16
 458 002b 00       		.byte	0
 459 002c 03       		.uleb128 0x3
 460 002d 0E       		.uleb128 0xe
 461 002e 3A       		.uleb128 0x3a
 462 002f 0B       		.uleb128 0xb
 463 0030 3B       		.uleb128 0x3b
 464 0031 0B       		.uleb128 0xb
 465 0032 49       		.uleb128 0x49
 466 0033 13       		.uleb128 0x13
 467 0034 00       		.byte	0
 468 0035 00       		.byte	0
 469 0036 05       		.uleb128 0x5
 470 0037 35       		.uleb128 0x35
 471 0038 00       		.byte	0
 472 0039 49       		.uleb128 0x49
 473 003a 13       		.uleb128 0x13
 474 003b 00       		.byte	0
 475 003c 00       		.byte	0
 476 003d 06       		.uleb128 0x6
 477 003e 2E       		.uleb128 0x2e
 478 003f 01       		.byte	0x1
 479 0040 3F       		.uleb128 0x3f
 480 0041 19       		.uleb128 0x19
 481 0042 03       		.uleb128 0x3
ARM GAS  C:\DOCUME~1\Chuck\LOCALS~1\Temp\ccddsDzk.s 			page 12


 482 0043 0E       		.uleb128 0xe
 483 0044 3A       		.uleb128 0x3a
 484 0045 0B       		.uleb128 0xb
 485 0046 3B       		.uleb128 0x3b
 486 0047 0B       		.uleb128 0xb
 487 0048 27       		.uleb128 0x27
 488 0049 19       		.uleb128 0x19
 489 004a 11       		.uleb128 0x11
 490 004b 01       		.uleb128 0x1
 491 004c 12       		.uleb128 0x12
 492 004d 06       		.uleb128 0x6
 493 004e 40       		.uleb128 0x40
 494 004f 18       		.uleb128 0x18
 495 0050 9742     		.uleb128 0x2117
 496 0052 19       		.uleb128 0x19
 497 0053 01       		.uleb128 0x1
 498 0054 13       		.uleb128 0x13
 499 0055 00       		.byte	0
 500 0056 00       		.byte	0
 501 0057 07       		.uleb128 0x7
 502 0058 05       		.uleb128 0x5
 503 0059 00       		.byte	0
 504 005a 03       		.uleb128 0x3
 505 005b 0E       		.uleb128 0xe
 506 005c 3A       		.uleb128 0x3a
 507 005d 0B       		.uleb128 0xb
 508 005e 3B       		.uleb128 0x3b
 509 005f 0B       		.uleb128 0xb
 510 0060 49       		.uleb128 0x49
 511 0061 13       		.uleb128 0x13
 512 0062 02       		.uleb128 0x2
 513 0063 18       		.uleb128 0x18
 514 0064 00       		.byte	0
 515 0065 00       		.byte	0
 516 0066 08       		.uleb128 0x8
 517 0067 34       		.uleb128 0x34
 518 0068 00       		.byte	0
 519 0069 03       		.uleb128 0x3
 520 006a 0E       		.uleb128 0xe
 521 006b 3A       		.uleb128 0x3a
 522 006c 0B       		.uleb128 0xb
 523 006d 3B       		.uleb128 0x3b
 524 006e 0B       		.uleb128 0xb
 525 006f 49       		.uleb128 0x49
 526 0070 13       		.uleb128 0x13
 527 0071 02       		.uleb128 0x2
 528 0072 18       		.uleb128 0x18
 529 0073 00       		.byte	0
 530 0074 00       		.byte	0
 531 0075 09       		.uleb128 0x9
 532 0076 2E       		.uleb128 0x2e
 533 0077 00       		.byte	0
 534 0078 3F       		.uleb128 0x3f
 535 0079 19       		.uleb128 0x19
 536 007a 03       		.uleb128 0x3
 537 007b 0E       		.uleb128 0xe
 538 007c 3A       		.uleb128 0x3a
ARM GAS  C:\DOCUME~1\Chuck\LOCALS~1\Temp\ccddsDzk.s 			page 13


 539 007d 0B       		.uleb128 0xb
 540 007e 3B       		.uleb128 0x3b
 541 007f 0B       		.uleb128 0xb
 542 0080 27       		.uleb128 0x27
 543 0081 19       		.uleb128 0x19
 544 0082 49       		.uleb128 0x49
 545 0083 13       		.uleb128 0x13
 546 0084 11       		.uleb128 0x11
 547 0085 01       		.uleb128 0x1
 548 0086 12       		.uleb128 0x12
 549 0087 06       		.uleb128 0x6
 550 0088 40       		.uleb128 0x40
 551 0089 18       		.uleb128 0x18
 552 008a 9742     		.uleb128 0x2117
 553 008c 19       		.uleb128 0x19
 554 008d 00       		.byte	0
 555 008e 00       		.byte	0
 556 008f 0A       		.uleb128 0xa
 557 0090 2E       		.uleb128 0x2e
 558 0091 01       		.byte	0x1
 559 0092 3F       		.uleb128 0x3f
 560 0093 19       		.uleb128 0x19
 561 0094 03       		.uleb128 0x3
 562 0095 0E       		.uleb128 0xe
 563 0096 3A       		.uleb128 0x3a
 564 0097 0B       		.uleb128 0xb
 565 0098 3B       		.uleb128 0x3b
 566 0099 0B       		.uleb128 0xb
 567 009a 27       		.uleb128 0x27
 568 009b 19       		.uleb128 0x19
 569 009c 49       		.uleb128 0x49
 570 009d 13       		.uleb128 0x13
 571 009e 11       		.uleb128 0x11
 572 009f 01       		.uleb128 0x1
 573 00a0 12       		.uleb128 0x12
 574 00a1 06       		.uleb128 0x6
 575 00a2 40       		.uleb128 0x40
 576 00a3 18       		.uleb128 0x18
 577 00a4 9742     		.uleb128 0x2117
 578 00a6 19       		.uleb128 0x19
 579 00a7 00       		.byte	0
 580 00a8 00       		.byte	0
 581 00a9 00       		.byte	0
 582              		.section	.debug_aranges,"",%progbits
 583 0000 3C000000 		.4byte	0x3c
 584 0004 0200     		.2byte	0x2
 585 0006 00000000 		.4byte	.Ldebug_info0
 586 000a 04       		.byte	0x4
 587 000b 00       		.byte	0
 588 000c 0000     		.2byte	0
 589 000e 0000     		.2byte	0
 590 0010 00000000 		.4byte	.LFB0
 591 0014 4C000000 		.4byte	.LFE0-.LFB0
 592 0018 00000000 		.4byte	.LFB1
 593 001c 30000000 		.4byte	.LFE1-.LFB1
 594 0020 00000000 		.4byte	.LFB2
 595 0024 1C000000 		.4byte	.LFE2-.LFB2
ARM GAS  C:\DOCUME~1\Chuck\LOCALS~1\Temp\ccddsDzk.s 			page 14


 596 0028 00000000 		.4byte	.LFB3
 597 002c 1C000000 		.4byte	.LFE3-.LFB3
 598 0030 00000000 		.4byte	.LFB4
 599 0034 30000000 		.4byte	.LFE4-.LFB4
 600 0038 00000000 		.4byte	0
 601 003c 00000000 		.4byte	0
 602              		.section	.debug_ranges,"",%progbits
 603              	.Ldebug_ranges0:
 604 0000 00000000 		.4byte	.LFB0
 605 0004 4C000000 		.4byte	.LFE0
 606 0008 00000000 		.4byte	.LFB1
 607 000c 30000000 		.4byte	.LFE1
 608 0010 00000000 		.4byte	.LFB2
 609 0014 1C000000 		.4byte	.LFE2
 610 0018 00000000 		.4byte	.LFB3
 611 001c 1C000000 		.4byte	.LFE3
 612 0020 00000000 		.4byte	.LFB4
 613 0024 30000000 		.4byte	.LFE4
 614 0028 00000000 		.4byte	0
 615 002c 00000000 		.4byte	0
 616              		.section	.debug_line,"",%progbits
 617              	.Ldebug_line0:
 618 0000 AA000000 		.section	.debug_str,"MS",%progbits,1
 618      02004700 
 618      00000201 
 618      FB0E0D00 
 618      01010101 
 619              	.LASF26:
 620 0000 433A5C44 		.ascii	"C:\\Documents and Settings\\Chuck\\My Documents\\PS"
 620      6F63756D 
 620      656E7473 
 620      20616E64 
 620      20536574 
 621 002f 6F432043 		.ascii	"oC Creator\\RosOnAStick\\RosOnAStick.cydsn\000"
 621      72656174 
 621      6F725C52 
 621      6F734F6E 
 621      41537469 
 622              	.LASF14:
 623 0058 72656733 		.ascii	"reg32\000"
 623      3200
 624              	.LASF17:
 625 005e 76616C75 		.ascii	"value\000"
 625      6500
 626              	.LASF21:
 627 0064 53756D5F 		.ascii	"Sum_node_ClearInterrupt\000"
 627      6E6F6465 
 627      5F436C65 
 627      6172496E 
 627      74657272 
 628              	.LASF20:
 629 007c 53756D5F 		.ascii	"Sum_node_ReadDataReg\000"
 629      6E6F6465 
 629      5F526561 
 629      64446174 
 629      61526567 
 630              	.LASF11:
ARM GAS  C:\DOCUME~1\Chuck\LOCALS~1\Temp\ccddsDzk.s 			page 15


 631 0091 666C6F61 		.ascii	"float\000"
 631      7400
 632              	.LASF1:
 633 0097 756E7369 		.ascii	"unsigned char\000"
 633      676E6564 
 633      20636861 
 633      7200
 634              	.LASF22:
 635 00a5 64725661 		.ascii	"drVal\000"
 635      6C00
 636              	.LASF5:
 637 00ab 6C6F6E67 		.ascii	"long unsigned int\000"
 637      20756E73 
 637      69676E65 
 637      6420696E 
 637      7400
 638              	.LASF3:
 639 00bd 73686F72 		.ascii	"short unsigned int\000"
 639      7420756E 
 639      7369676E 
 639      65642069 
 639      6E7400
 640              	.LASF15:
 641 00d0 53756D5F 		.ascii	"Sum_node_Write\000"
 641      6E6F6465 
 641      5F577269 
 641      746500
 642              	.LASF12:
 643 00df 646F7562 		.ascii	"double\000"
 643      6C6500
 644              	.LASF16:
 645 00e6 53756D5F 		.ascii	"Sum_node_SetDriveMode\000"
 645      6E6F6465 
 645      5F536574 
 645      44726976 
 645      654D6F64 
 646              	.LASF10:
 647 00fc 75696E74 		.ascii	"uint32\000"
 647      333200
 648              	.LASF8:
 649 0103 756E7369 		.ascii	"unsigned int\000"
 649      676E6564 
 649      20696E74 
 649      00
 650              	.LASF7:
 651 0110 6C6F6E67 		.ascii	"long long unsigned int\000"
 651      206C6F6E 
 651      6720756E 
 651      7369676E 
 651      65642069 
 652              	.LASF18:
 653 0127 6D6F6465 		.ascii	"mode\000"
 653      00
 654              	.LASF6:
 655 012c 6C6F6E67 		.ascii	"long long int\000"
 655      206C6F6E 
 655      6720696E 
ARM GAS  C:\DOCUME~1\Chuck\LOCALS~1\Temp\ccddsDzk.s 			page 16


 655      7400
 656              	.LASF23:
 657 013a 6D61736B 		.ascii	"maskedStatus\000"
 657      65645374 
 657      61747573 
 657      00
 658              	.LASF13:
 659 0147 63686172 		.ascii	"char\000"
 659      00
 660              	.LASF2:
 661 014c 73686F72 		.ascii	"short int\000"
 661      7420696E 
 661      7400
 662              	.LASF9:
 663 0156 75696E74 		.ascii	"uint8\000"
 663      3800
 664              	.LASF25:
 665 015c 2E5C4765 		.ascii	".\\Generated_Source\\PSoC4\\Sum_node.c\000"
 665      6E657261 
 665      7465645F 
 665      536F7572 
 665      63655C50 
 666              	.LASF19:
 667 0180 53756D5F 		.ascii	"Sum_node_Read\000"
 667      6E6F6465 
 667      5F526561 
 667      6400
 668              	.LASF4:
 669 018e 6C6F6E67 		.ascii	"long int\000"
 669      20696E74 
 669      00
 670              	.LASF0:
 671 0197 7369676E 		.ascii	"signed char\000"
 671      65642063 
 671      68617200 
 672              	.LASF24:
 673 01a3 474E5520 		.ascii	"GNU C 4.8.4 20140526 (release) [ARM/embedded-4_8-br"
 673      4320342E 
 673      382E3420 
 673      32303134 
 673      30353236 
 674 01d6 616E6368 		.ascii	"anch revision 211358] -mcpu=cortex-m0 -mthumb -g -O"
 674      20726576 
 674      6973696F 
 674      6E203231 
 674      31333538 
 675 0209 30202D66 		.ascii	"0 -ffunction-sections -fno-rtti -fno-exceptions -fu"
 675      66756E63 
 675      74696F6E 
 675      2D736563 
 675      74696F6E 
 676 023c 6E736967 		.ascii	"nsigned-char -funsigned-bitfields -fshort-enums\000"
 676      6E65642D 
 676      63686172 
 676      202D6675 
 676      6E736967 
 677              		.ident	"GCC: (GNU Tools for ARM Embedded Processors) 4.8.4 20140526 (release) [ARM/embedded-4_8-br
ARM GAS  C:\DOCUME~1\Chuck\LOCALS~1\Temp\ccddsDzk.s 			page 17


