ARM GAS  C:\DOCUME~1\Chuck\LOCALS~1\Temp\ccWRYa9t.s 			page 1


   1              		.cpu cortex-m0
   2              		.fpu softvfp
   3              		.eabi_attribute 20, 1
   4              		.eabi_attribute 21, 1
   5              		.eabi_attribute 23, 3
   6              		.eabi_attribute 24, 1
   7              		.eabi_attribute 25, 1
   8              		.eabi_attribute 26, 1
   9              		.eabi_attribute 30, 6
  10              		.eabi_attribute 34, 0
  11              		.eabi_attribute 18, 4
  12              		.code	16
  13              		.file	"time.cpp"
  14              		.text
  15              	.Ltext0:
  16              		.cfi_sections	.debug_frame
  17              		.global	__aeabi_uidivmod
  18              		.global	__aeabi_uidiv
  19              		.section	.text._ZN3ros16normalizeSecNSecERmS0_,"ax",%progbits
  20              		.align	2
  21              		.global	_ZN3ros16normalizeSecNSecERmS0_
  22              		.code	16
  23              		.thumb_func
  24              		.type	_ZN3ros16normalizeSecNSecERmS0_, %function
  25              	_ZN3ros16normalizeSecNSecERmS0_:
  26              	.LFB17:
  27              		.file 1 ".\\ros_lib\\time.cpp"
   1:.\ros_lib/time.cpp **** /* 
   2:.\ros_lib/time.cpp ****  * Software License Agreement (BSD License)
   3:.\ros_lib/time.cpp ****  *
   4:.\ros_lib/time.cpp ****  * Copyright (c) 2011, Willow Garage, Inc.
   5:.\ros_lib/time.cpp ****  * All rights reserved.
   6:.\ros_lib/time.cpp ****  *
   7:.\ros_lib/time.cpp ****  * Redistribution and use in source and binary forms, with or without
   8:.\ros_lib/time.cpp ****  * modification, are permitted provided that the following conditions
   9:.\ros_lib/time.cpp ****  * are met:
  10:.\ros_lib/time.cpp ****  *
  11:.\ros_lib/time.cpp ****  *  * Redistributions of source code must retain the above copyright
  12:.\ros_lib/time.cpp ****  *    notice, this list of conditions and the following disclaimer.
  13:.\ros_lib/time.cpp ****  *  * Redistributions in binary form must reproduce the above
  14:.\ros_lib/time.cpp ****  *    copyright notice, this list of conditions and the following
  15:.\ros_lib/time.cpp ****  *    disclaimer in the documentation and/or other materials provided
  16:.\ros_lib/time.cpp ****  *    with the distribution.
  17:.\ros_lib/time.cpp ****  *  * Neither the name of Willow Garage, Inc. nor the names of its
  18:.\ros_lib/time.cpp ****  *    contributors may be used to endorse or promote prducts derived
  19:.\ros_lib/time.cpp ****  *    from this software without specific prior written permission.
  20:.\ros_lib/time.cpp ****  *
  21:.\ros_lib/time.cpp ****  * THIS SOFTWARE IS PROVIDED BY THE COPYRIGHT HOLDERS AND CONTRIBUTORS
  22:.\ros_lib/time.cpp ****  * "AS IS" AND ANY EXPRESS OR IMPLIED WARRANTIES, INCLUDING, BUT NOT
  23:.\ros_lib/time.cpp ****  * LIMITED TO, THE IMPLIED WARRANTIES OF MERCHANTABILITY AND FITNESS
  24:.\ros_lib/time.cpp ****  * FOR A PARTICULAR PURPOSE ARE DISCLAIMED. IN NO EVENT SHALL THE
  25:.\ros_lib/time.cpp ****  * COPYRIGHT OWNER OR CONTRIBUTORS BE LIABLE FOR ANY DIRECT, INDIRECT,
  26:.\ros_lib/time.cpp ****  * INCIDENTAL, SPECIAL, EXEMPLARY, OR CONSEQUENTIAL DAMAGES (INCLUDING,
  27:.\ros_lib/time.cpp ****  * BUT NOT LIMITED TO, PROCUREMENT OF SUBSTITUTE GOODS OR SERVICES;
  28:.\ros_lib/time.cpp ****  * LOSS OF USE, DATA, OR PROFITS; OR BUSINESS INTERRUPTION) HOWEVER
  29:.\ros_lib/time.cpp ****  * CAUSED AND ON ANY THEORY OF LIABILITY, WHETHER IN CONTRACT, STRICT
  30:.\ros_lib/time.cpp ****  * LIABILITY, OR TORT (INCLUDING NEGLIGENCE OR OTHERWISE) ARISING IN
ARM GAS  C:\DOCUME~1\Chuck\LOCALS~1\Temp\ccWRYa9t.s 			page 2


  31:.\ros_lib/time.cpp ****  * ANY WAY OUT OF THE USE OF THIS SOFTWARE, EVEN IF ADVISED OF THE
  32:.\ros_lib/time.cpp ****  * POSSIBILITY OF SUCH DAMAGE.
  33:.\ros_lib/time.cpp ****  */
  34:.\ros_lib/time.cpp **** 
  35:.\ros_lib/time.cpp **** #include "ros/time.h"
  36:.\ros_lib/time.cpp **** 
  37:.\ros_lib/time.cpp **** namespace ros
  38:.\ros_lib/time.cpp **** {
  39:.\ros_lib/time.cpp ****   void normalizeSecNSec(unsigned long& sec, unsigned long& nsec){
  28              		.loc 1 39 0
  29              		.cfi_startproc
  30 0000 80B5     		push	{r7, lr}
  31              		.cfi_def_cfa_offset 8
  32              		.cfi_offset 7, -8
  33              		.cfi_offset 14, -4
  34 0002 84B0     		sub	sp, sp, #16
  35              		.cfi_def_cfa_offset 24
  36 0004 00AF     		add	r7, sp, #0
  37              		.cfi_def_cfa_register 7
  38 0006 7860     		str	r0, [r7, #4]
  39 0008 3960     		str	r1, [r7]
  40              	.LBB2:
  40:.\ros_lib/time.cpp ****     unsigned long nsec_part= nsec % 1000000000UL;
  41              		.loc 1 40 0
  42 000a 3B68     		ldr	r3, [r7]
  43 000c 1B68     		ldr	r3, [r3]
  44 000e 181C     		mov	r0, r3
  45 0010 0C49     		ldr	r1, .L2
  46 0012 FFF7FEFF 		bl	__aeabi_uidivmod
  47 0016 0B1C     		mov	r3, r1
  48 0018 FB60     		str	r3, [r7, #12]
  41:.\ros_lib/time.cpp ****     unsigned long sec_part = nsec / 1000000000UL;
  49              		.loc 1 41 0
  50 001a 3B68     		ldr	r3, [r7]
  51 001c 1B68     		ldr	r3, [r3]
  52 001e 181C     		mov	r0, r3
  53 0020 0849     		ldr	r1, .L2
  54 0022 FFF7FEFF 		bl	__aeabi_uidiv
  55 0026 031C     		mov	r3, r0
  56 0028 BB60     		str	r3, [r7, #8]
  42:.\ros_lib/time.cpp ****     sec += sec_part;
  57              		.loc 1 42 0
  58 002a 7B68     		ldr	r3, [r7, #4]
  59 002c 1A68     		ldr	r2, [r3]
  60 002e BB68     		ldr	r3, [r7, #8]
  61 0030 D218     		add	r2, r2, r3
  62 0032 7B68     		ldr	r3, [r7, #4]
  63 0034 1A60     		str	r2, [r3]
  43:.\ros_lib/time.cpp ****     nsec = nsec_part;
  64              		.loc 1 43 0
  65 0036 3B68     		ldr	r3, [r7]
  66 0038 FA68     		ldr	r2, [r7, #12]
  67 003a 1A60     		str	r2, [r3]
  68              	.LBE2:
  44:.\ros_lib/time.cpp ****   }
  69              		.loc 1 44 0
  70 003c BD46     		mov	sp, r7
ARM GAS  C:\DOCUME~1\Chuck\LOCALS~1\Temp\ccWRYa9t.s 			page 3


  71 003e 04B0     		add	sp, sp, #16
  72              		@ sp needed
  73 0040 80BD     		pop	{r7, pc}
  74              	.L3:
  75 0042 C046     		.align	2
  76              	.L2:
  77 0044 00CA9A3B 		.word	1000000000
  78              		.cfi_endproc
  79              	.LFE17:
  80              		.size	_ZN3ros16normalizeSecNSecERmS0_, .-_ZN3ros16normalizeSecNSecERmS0_
  81              		.global	__aeabi_idiv
  82              		.global	__aeabi_idivmod
  83              		.section	.text._ZN3ros4Time8fromNSecEl,"ax",%progbits
  84              		.align	2
  85              		.global	_ZN3ros4Time8fromNSecEl
  86              		.code	16
  87              		.thumb_func
  88              		.type	_ZN3ros4Time8fromNSecEl, %function
  89              	_ZN3ros4Time8fromNSecEl:
  90              	.LFB18:
  45:.\ros_lib/time.cpp **** 
  46:.\ros_lib/time.cpp ****   Time& Time::fromNSec(long t)
  47:.\ros_lib/time.cpp ****   {
  91              		.loc 1 47 0
  92              		.cfi_startproc
  93 0000 80B5     		push	{r7, lr}
  94              		.cfi_def_cfa_offset 8
  95              		.cfi_offset 7, -8
  96              		.cfi_offset 14, -4
  97 0002 82B0     		sub	sp, sp, #8
  98              		.cfi_def_cfa_offset 16
  99 0004 00AF     		add	r7, sp, #0
 100              		.cfi_def_cfa_register 7
 101 0006 7860     		str	r0, [r7, #4]
 102 0008 3960     		str	r1, [r7]
  48:.\ros_lib/time.cpp ****     sec = t / 1000000000;
 103              		.loc 1 48 0
 104 000a 3B68     		ldr	r3, [r7]
 105 000c 181C     		mov	r0, r3
 106 000e 0E49     		ldr	r1, .L6
 107 0010 FFF7FEFF 		bl	__aeabi_idiv
 108 0014 031C     		mov	r3, r0
 109 0016 1A1C     		mov	r2, r3
 110 0018 7B68     		ldr	r3, [r7, #4]
 111 001a 1A60     		str	r2, [r3]
  49:.\ros_lib/time.cpp ****     nsec = t % 1000000000;
 112              		.loc 1 49 0
 113 001c 3B68     		ldr	r3, [r7]
 114 001e 181C     		mov	r0, r3
 115 0020 0949     		ldr	r1, .L6
 116 0022 FFF7FEFF 		bl	__aeabi_idivmod
 117 0026 0B1C     		mov	r3, r1
 118 0028 1A1C     		mov	r2, r3
 119 002a 7B68     		ldr	r3, [r7, #4]
 120 002c 5A60     		str	r2, [r3, #4]
  50:.\ros_lib/time.cpp ****     normalizeSecNSec(sec, nsec);
 121              		.loc 1 50 0
ARM GAS  C:\DOCUME~1\Chuck\LOCALS~1\Temp\ccWRYa9t.s 			page 4


 122 002e 7A68     		ldr	r2, [r7, #4]
 123 0030 7B68     		ldr	r3, [r7, #4]
 124 0032 0433     		add	r3, r3, #4
 125 0034 101C     		mov	r0, r2
 126 0036 191C     		mov	r1, r3
 127 0038 FFF7FEFF 		bl	_ZN3ros16normalizeSecNSecERmS0_
  51:.\ros_lib/time.cpp ****     return *this;
 128              		.loc 1 51 0
 129 003c 7B68     		ldr	r3, [r7, #4]
  52:.\ros_lib/time.cpp ****   }
 130              		.loc 1 52 0
 131 003e 181C     		mov	r0, r3
 132 0040 BD46     		mov	sp, r7
 133 0042 02B0     		add	sp, sp, #8
 134              		@ sp needed
 135 0044 80BD     		pop	{r7, pc}
 136              	.L7:
 137 0046 C046     		.align	2
 138              	.L6:
 139 0048 00CA9A3B 		.word	1000000000
 140              		.cfi_endproc
 141              	.LFE18:
 142              		.size	_ZN3ros4Time8fromNSecEl, .-_ZN3ros4Time8fromNSecEl
 143              		.section	.text._ZN3ros4TimepLERKNS_8DurationE,"ax",%progbits
 144              		.align	2
 145              		.global	_ZN3ros4TimepLERKNS_8DurationE
 146              		.code	16
 147              		.thumb_func
 148              		.type	_ZN3ros4TimepLERKNS_8DurationE, %function
 149              	_ZN3ros4TimepLERKNS_8DurationE:
 150              	.LFB19:
  53:.\ros_lib/time.cpp **** 
  54:.\ros_lib/time.cpp ****   Time& Time::operator +=(const Duration &rhs)
  55:.\ros_lib/time.cpp ****   {
 151              		.loc 1 55 0
 152              		.cfi_startproc
 153 0000 80B5     		push	{r7, lr}
 154              		.cfi_def_cfa_offset 8
 155              		.cfi_offset 7, -8
 156              		.cfi_offset 14, -4
 157 0002 82B0     		sub	sp, sp, #8
 158              		.cfi_def_cfa_offset 16
 159 0004 00AF     		add	r7, sp, #0
 160              		.cfi_def_cfa_register 7
 161 0006 7860     		str	r0, [r7, #4]
 162 0008 3960     		str	r1, [r7]
  56:.\ros_lib/time.cpp ****     sec = sec - 1 + rhs.sec;
 163              		.loc 1 56 0
 164 000a 7B68     		ldr	r3, [r7, #4]
 165 000c 1A68     		ldr	r2, [r3]
 166 000e 3B68     		ldr	r3, [r7]
 167 0010 1B68     		ldr	r3, [r3]
 168 0012 D318     		add	r3, r2, r3
 169 0014 5A1E     		sub	r2, r3, #1
 170 0016 7B68     		ldr	r3, [r7, #4]
 171 0018 1A60     		str	r2, [r3]
  57:.\ros_lib/time.cpp ****     nsec = nsec + 1000000000L + rhs.nsec;
ARM GAS  C:\DOCUME~1\Chuck\LOCALS~1\Temp\ccWRYa9t.s 			page 5


 172              		.loc 1 57 0
 173 001a 7B68     		ldr	r3, [r7, #4]
 174 001c 5A68     		ldr	r2, [r3, #4]
 175 001e 3B68     		ldr	r3, [r7]
 176 0020 5B68     		ldr	r3, [r3, #4]
 177 0022 D318     		add	r3, r2, r3
 178 0024 0749     		ldr	r1, .L10
 179 0026 5A18     		add	r2, r3, r1
 180 0028 7B68     		ldr	r3, [r7, #4]
 181 002a 5A60     		str	r2, [r3, #4]
  58:.\ros_lib/time.cpp ****     normalizeSecNSec(sec, nsec);
 182              		.loc 1 58 0
 183 002c 7A68     		ldr	r2, [r7, #4]
 184 002e 7B68     		ldr	r3, [r7, #4]
 185 0030 0433     		add	r3, r3, #4
 186 0032 101C     		mov	r0, r2
 187 0034 191C     		mov	r1, r3
 188 0036 FFF7FEFF 		bl	_ZN3ros16normalizeSecNSecERmS0_
  59:.\ros_lib/time.cpp ****     return *this; 
 189              		.loc 1 59 0
 190 003a 7B68     		ldr	r3, [r7, #4]
  60:.\ros_lib/time.cpp ****   }
 191              		.loc 1 60 0
 192 003c 181C     		mov	r0, r3
 193 003e BD46     		mov	sp, r7
 194 0040 02B0     		add	sp, sp, #8
 195              		@ sp needed
 196 0042 80BD     		pop	{r7, pc}
 197              	.L11:
 198              		.align	2
 199              	.L10:
 200 0044 00CA9A3B 		.word	1000000000
 201              		.cfi_endproc
 202              	.LFE19:
 203              		.size	_ZN3ros4TimepLERKNS_8DurationE, .-_ZN3ros4TimepLERKNS_8DurationE
 204              		.section	.text._ZN3ros4TimemIERKNS_8DurationE,"ax",%progbits
 205              		.align	2
 206              		.global	_ZN3ros4TimemIERKNS_8DurationE
 207              		.code	16
 208              		.thumb_func
 209              		.type	_ZN3ros4TimemIERKNS_8DurationE, %function
 210              	_ZN3ros4TimemIERKNS_8DurationE:
 211              	.LFB20:
  61:.\ros_lib/time.cpp **** 
  62:.\ros_lib/time.cpp ****   Time& Time::operator -=(const Duration &rhs){
 212              		.loc 1 62 0
 213              		.cfi_startproc
 214 0000 80B5     		push	{r7, lr}
 215              		.cfi_def_cfa_offset 8
 216              		.cfi_offset 7, -8
 217              		.cfi_offset 14, -4
 218 0002 82B0     		sub	sp, sp, #8
 219              		.cfi_def_cfa_offset 16
 220 0004 00AF     		add	r7, sp, #0
 221              		.cfi_def_cfa_register 7
 222 0006 7860     		str	r0, [r7, #4]
 223 0008 3960     		str	r1, [r7]
ARM GAS  C:\DOCUME~1\Chuck\LOCALS~1\Temp\ccWRYa9t.s 			page 6


  63:.\ros_lib/time.cpp ****     sec = sec - 1 - rhs.sec;
 224              		.loc 1 63 0
 225 000a 7B68     		ldr	r3, [r7, #4]
 226 000c 1A68     		ldr	r2, [r3]
 227 000e 3B68     		ldr	r3, [r7]
 228 0010 1B68     		ldr	r3, [r3]
 229 0012 D31A     		sub	r3, r2, r3
 230 0014 5A1E     		sub	r2, r3, #1
 231 0016 7B68     		ldr	r3, [r7, #4]
 232 0018 1A60     		str	r2, [r3]
  64:.\ros_lib/time.cpp ****     nsec = nsec + 1000000000L - rhs.nsec;
 233              		.loc 1 64 0
 234 001a 7B68     		ldr	r3, [r7, #4]
 235 001c 5A68     		ldr	r2, [r3, #4]
 236 001e 3B68     		ldr	r3, [r7]
 237 0020 5B68     		ldr	r3, [r3, #4]
 238 0022 D31A     		sub	r3, r2, r3
 239 0024 0749     		ldr	r1, .L14
 240 0026 5A18     		add	r2, r3, r1
 241 0028 7B68     		ldr	r3, [r7, #4]
 242 002a 5A60     		str	r2, [r3, #4]
  65:.\ros_lib/time.cpp ****     normalizeSecNSec(sec, nsec);
 243              		.loc 1 65 0
 244 002c 7A68     		ldr	r2, [r7, #4]
 245 002e 7B68     		ldr	r3, [r7, #4]
 246 0030 0433     		add	r3, r3, #4
 247 0032 101C     		mov	r0, r2
 248 0034 191C     		mov	r1, r3
 249 0036 FFF7FEFF 		bl	_ZN3ros16normalizeSecNSecERmS0_
  66:.\ros_lib/time.cpp ****     return *this;
 250              		.loc 1 66 0
 251 003a 7B68     		ldr	r3, [r7, #4]
  67:.\ros_lib/time.cpp ****   }
 252              		.loc 1 67 0
 253 003c 181C     		mov	r0, r3
 254 003e BD46     		mov	sp, r7
 255 0040 02B0     		add	sp, sp, #8
 256              		@ sp needed
 257 0042 80BD     		pop	{r7, pc}
 258              	.L15:
 259              		.align	2
 260              	.L14:
 261 0044 00CA9A3B 		.word	1000000000
 262              		.cfi_endproc
 263              	.LFE20:
 264              		.size	_ZN3ros4TimemIERKNS_8DurationE, .-_ZN3ros4TimemIERKNS_8DurationE
 265              		.text
 266              	.Letext0:
 267              		.file 2 "./ros_lib/ros/duration.h"
 268              		.file 3 ".\\ros_lib\\ros/time.h"
 269              		.section	.debug_info,"",%progbits
 270              	.Ldebug_info0:
 271 0000 42040000 		.4byte	0x442
 272 0004 0400     		.2byte	0x4
 273 0006 00000000 		.4byte	.Ldebug_abbrev0
 274 000a 04       		.byte	0x4
 275 000b 01       		.uleb128 0x1
ARM GAS  C:\DOCUME~1\Chuck\LOCALS~1\Temp\ccWRYa9t.s 			page 7


 276 000c AA000000 		.4byte	.LASF38
 277 0010 04       		.byte	0x4
 278 0011 C9010000 		.4byte	.LASF39
 279 0015 00000000 		.4byte	.LASF40
 280 0019 00000000 		.4byte	.Ldebug_ranges0+0
 281 001d 00000000 		.4byte	0
 282 0021 00000000 		.4byte	.Ldebug_line0
 283 0025 02       		.uleb128 0x2
 284 0026 04       		.byte	0x4
 285 0027 05       		.byte	0x5
 286 0028 696E7400 		.ascii	"int\000"
 287 002c 03       		.uleb128 0x3
 288 002d 04       		.byte	0x4
 289 002e 07       		.byte	0x7
 290 002f B9020000 		.4byte	.LASF0
 291 0033 03       		.uleb128 0x3
 292 0034 01       		.byte	0x1
 293 0035 06       		.byte	0x6
 294 0036 99030000 		.4byte	.LASF1
 295 003a 03       		.uleb128 0x3
 296 003b 01       		.byte	0x1
 297 003c 08       		.byte	0x8
 298 003d 0F030000 		.4byte	.LASF2
 299 0041 03       		.uleb128 0x3
 300 0042 02       		.byte	0x2
 301 0043 05       		.byte	0x5
 302 0044 40030000 		.4byte	.LASF3
 303 0048 03       		.uleb128 0x3
 304 0049 02       		.byte	0x2
 305 004a 07       		.byte	0x7
 306 004b 30020000 		.4byte	.LASF4
 307 004f 03       		.uleb128 0x3
 308 0050 04       		.byte	0x4
 309 0051 05       		.byte	0x5
 310 0052 79030000 		.4byte	.LASF5
 311 0056 03       		.uleb128 0x3
 312 0057 04       		.byte	0x4
 313 0058 07       		.byte	0x7
 314 0059 1E020000 		.4byte	.LASF6
 315 005d 03       		.uleb128 0x3
 316 005e 08       		.byte	0x8
 317 005f 05       		.byte	0x5
 318 0060 26030000 		.4byte	.LASF7
 319 0064 03       		.uleb128 0x3
 320 0065 08       		.byte	0x8
 321 0066 07       		.byte	0x7
 322 0067 CF020000 		.4byte	.LASF8
 323 006b 03       		.uleb128 0x3
 324 006c 04       		.byte	0x4
 325 006d 07       		.byte	0x7
 326 006e 1D030000 		.4byte	.LASF9
 327 0072 03       		.uleb128 0x3
 328 0073 01       		.byte	0x1
 329 0074 08       		.byte	0x8
 330 0075 82030000 		.4byte	.LASF10
 331 0079 03       		.uleb128 0x3
 332 007a 08       		.byte	0x8
ARM GAS  C:\DOCUME~1\Chuck\LOCALS~1\Temp\ccWRYa9t.s 			page 8


 333 007b 04       		.byte	0x4
 334 007c 7B020000 		.4byte	.LASF11
 335 0080 03       		.uleb128 0x3
 336 0081 04       		.byte	0x4
 337 0082 04       		.byte	0x4
 338 0083 93030000 		.4byte	.LASF12
 339 0087 03       		.uleb128 0x3
 340 0088 08       		.byte	0x8
 341 0089 04       		.byte	0x4
 342 008a 87030000 		.4byte	.LASF13
 343 008e 04       		.uleb128 0x4
 344 008f 726F7300 		.ascii	"ros\000"
 345 0093 02       		.byte	0x2
 346 0094 28       		.byte	0x28
 347 0095 0C030000 		.4byte	0x30c
 348 0099 05       		.uleb128 0x5
 349 009a 96000000 		.4byte	.LASF15
 350 009e 08       		.byte	0x8
 351 009f 02       		.byte	0x2
 352 00a0 2C       		.byte	0x2c
 353 00a1 A0010000 		.4byte	0x1a0
 354 00a5 06       		.uleb128 0x6
 355 00a6 73656300 		.ascii	"sec\000"
 356 00aa 02       		.byte	0x2
 357 00ab 2F       		.byte	0x2f
 358 00ac 4F000000 		.4byte	0x4f
 359 00b0 00       		.byte	0
 360 00b1 01       		.byte	0x1
 361 00b2 07       		.uleb128 0x7
 362 00b3 34030000 		.4byte	.LASF14
 363 00b7 02       		.byte	0x2
 364 00b8 2F       		.byte	0x2f
 365 00b9 4F000000 		.4byte	0x4f
 366 00bd 04       		.byte	0x4
 367 00be 01       		.byte	0x1
 368 00bf 08       		.uleb128 0x8
 369 00c0 96000000 		.4byte	.LASF15
 370 00c4 02       		.byte	0x2
 371 00c5 31       		.byte	0x31
 372 00c6 0C030000 		.4byte	0x30c
 373 00ca 01       		.byte	0x1
 374 00cb D3000000 		.4byte	0xd3
 375 00cf D9000000 		.4byte	0xd9
 376 00d3 09       		.uleb128 0x9
 377 00d4 0C030000 		.4byte	0x30c
 378 00d8 00       		.byte	0
 379 00d9 08       		.uleb128 0x8
 380 00da 96000000 		.4byte	.LASF15
 381 00de 02       		.byte	0x2
 382 00df 32       		.byte	0x32
 383 00e0 0C030000 		.4byte	0x30c
 384 00e4 01       		.byte	0x1
 385 00e5 ED000000 		.4byte	0xed
 386 00e9 FD000000 		.4byte	0xfd
 387 00ed 09       		.uleb128 0x9
 388 00ee 0C030000 		.4byte	0x30c
 389 00f2 0A       		.uleb128 0xa
ARM GAS  C:\DOCUME~1\Chuck\LOCALS~1\Temp\ccWRYa9t.s 			page 9


 390 00f3 4F000000 		.4byte	0x4f
 391 00f7 0A       		.uleb128 0xa
 392 00f8 4F000000 		.4byte	0x4f
 393 00fc 00       		.byte	0
 394 00fd 0B       		.uleb128 0xb
 395 00fe 82020000 		.4byte	.LASF17
 396 0102 02       		.byte	0x2
 397 0103 37       		.byte	0x37
 398 0104 A5030000 		.4byte	.LASF19
 399 0108 79000000 		.4byte	0x79
 400 010c 01       		.byte	0x1
 401 010d 15010000 		.4byte	0x115
 402 0111 1B010000 		.4byte	0x11b
 403 0115 09       		.uleb128 0x9
 404 0116 12030000 		.4byte	0x312
 405 011a 00       		.byte	0
 406 011b 0C       		.uleb128 0xc
 407 011c DC010000 		.4byte	.LASF16
 408 0120 02       		.byte	0x2
 409 0121 38       		.byte	0x38
 410 0122 75010000 		.4byte	.LASF24
 411 0126 01       		.byte	0x1
 412 0127 2F010000 		.4byte	0x12f
 413 012b 3A010000 		.4byte	0x13a
 414 012f 09       		.uleb128 0x9
 415 0130 0C030000 		.4byte	0x30c
 416 0134 0A       		.uleb128 0xa
 417 0135 79000000 		.4byte	0x79
 418 0139 00       		.byte	0
 419 013a 0B       		.uleb128 0xb
 420 013b E6020000 		.4byte	.LASF18
 421 013f 02       		.byte	0x2
 422 0140 3B       		.byte	0x3b
 423 0141 88020000 		.4byte	.LASF20
 424 0145 18030000 		.4byte	0x318
 425 0149 01       		.byte	0x1
 426 014a 52010000 		.4byte	0x152
 427 014e 5D010000 		.4byte	0x15d
 428 0152 09       		.uleb128 0x9
 429 0153 0C030000 		.4byte	0x30c
 430 0157 0A       		.uleb128 0xa
 431 0158 1E030000 		.4byte	0x31e
 432 015c 00       		.byte	0
 433 015d 0B       		.uleb128 0xb
 434 015e 04030000 		.4byte	.LASF21
 435 0162 02       		.byte	0x2
 436 0163 3C       		.byte	0x3c
 437 0164 60030000 		.4byte	.LASF22
 438 0168 18030000 		.4byte	0x318
 439 016c 01       		.byte	0x1
 440 016d 75010000 		.4byte	0x175
 441 0171 80010000 		.4byte	0x180
 442 0175 09       		.uleb128 0x9
 443 0176 0C030000 		.4byte	0x30c
 444 017a 0A       		.uleb128 0xa
 445 017b 1E030000 		.4byte	0x31e
 446 017f 00       		.byte	0
ARM GAS  C:\DOCUME~1\Chuck\LOCALS~1\Temp\ccWRYa9t.s 			page 10


 447 0180 0D       		.uleb128 0xd
 448 0181 9F000000 		.4byte	.LASF23
 449 0185 02       		.byte	0x2
 450 0186 3E       		.byte	0x3e
 451 0187 E4010000 		.4byte	.LASF25
 452 018b 18030000 		.4byte	0x318
 453 018f 01       		.byte	0x1
 454 0190 94010000 		.4byte	0x194
 455 0194 09       		.uleb128 0x9
 456 0195 0C030000 		.4byte	0x30c
 457 0199 0A       		.uleb128 0xa
 458 019a 79000000 		.4byte	0x79
 459 019e 00       		.byte	0
 460 019f 00       		.byte	0
 461 01a0 0E       		.uleb128 0xe
 462 01a1 99000000 		.4byte	0x99
 463 01a5 05       		.uleb128 0x5
 464 01a6 BF030000 		.4byte	.LASF26
 465 01aa 08       		.byte	0x8
 466 01ab 03       		.byte	0x3
 467 01ac 2E       		.byte	0x2e
 468 01ad F0020000 		.4byte	0x2f0
 469 01b1 06       		.uleb128 0x6
 470 01b2 73656300 		.ascii	"sec\000"
 471 01b6 03       		.byte	0x3
 472 01b7 31       		.byte	0x31
 473 01b8 56000000 		.4byte	0x56
 474 01bc 00       		.byte	0
 475 01bd 01       		.byte	0x1
 476 01be 07       		.uleb128 0x7
 477 01bf 34030000 		.4byte	.LASF14
 478 01c3 03       		.byte	0x3
 479 01c4 31       		.byte	0x31
 480 01c5 56000000 		.4byte	0x56
 481 01c9 04       		.byte	0x4
 482 01ca 01       		.byte	0x1
 483 01cb 08       		.uleb128 0x8
 484 01cc BF030000 		.4byte	.LASF26
 485 01d0 03       		.byte	0x3
 486 01d1 33       		.byte	0x33
 487 01d2 24030000 		.4byte	0x324
 488 01d6 01       		.byte	0x1
 489 01d7 DF010000 		.4byte	0x1df
 490 01db E5010000 		.4byte	0x1e5
 491 01df 09       		.uleb128 0x9
 492 01e0 24030000 		.4byte	0x324
 493 01e4 00       		.byte	0
 494 01e5 08       		.uleb128 0x8
 495 01e6 BF030000 		.4byte	.LASF26
 496 01ea 03       		.byte	0x3
 497 01eb 34       		.byte	0x34
 498 01ec 24030000 		.4byte	0x324
 499 01f0 01       		.byte	0x1
 500 01f1 F9010000 		.4byte	0x1f9
 501 01f5 09020000 		.4byte	0x209
 502 01f9 09       		.uleb128 0x9
 503 01fa 24030000 		.4byte	0x324
ARM GAS  C:\DOCUME~1\Chuck\LOCALS~1\Temp\ccWRYa9t.s 			page 11


 504 01fe 0A       		.uleb128 0xa
 505 01ff 56000000 		.4byte	0x56
 506 0203 0A       		.uleb128 0xa
 507 0204 56000000 		.4byte	0x56
 508 0208 00       		.byte	0
 509 0209 0B       		.uleb128 0xb
 510 020a 82020000 		.4byte	.LASF17
 511 020e 03       		.byte	0x3
 512 020f 39       		.byte	0x39
 513 0210 5B020000 		.4byte	.LASF27
 514 0214 79000000 		.4byte	0x79
 515 0218 01       		.byte	0x1
 516 0219 21020000 		.4byte	0x221
 517 021d 27020000 		.4byte	0x227
 518 0221 09       		.uleb128 0x9
 519 0222 2A030000 		.4byte	0x32a
 520 0226 00       		.byte	0
 521 0227 0C       		.uleb128 0xc
 522 0228 DC010000 		.4byte	.LASF16
 523 022c 03       		.byte	0x3
 524 022d 3A       		.byte	0x3a
 525 022e F9010000 		.4byte	.LASF28
 526 0232 01       		.byte	0x1
 527 0233 3B020000 		.4byte	0x23b
 528 0237 46020000 		.4byte	0x246
 529 023b 09       		.uleb128 0x9
 530 023c 24030000 		.4byte	0x324
 531 0240 0A       		.uleb128 0xa
 532 0241 79000000 		.4byte	0x79
 533 0245 00       		.byte	0
 534 0246 0B       		.uleb128 0xb
 535 0247 43020000 		.4byte	.LASF29
 536 024b 03       		.byte	0x3
 537 024c 3C       		.byte	0x3c
 538 024d 4A030000 		.4byte	.LASF30
 539 0251 56000000 		.4byte	0x56
 540 0255 01       		.byte	0x1
 541 0256 5E020000 		.4byte	0x25e
 542 025a 64020000 		.4byte	0x264
 543 025e 09       		.uleb128 0x9
 544 025f 24030000 		.4byte	0x324
 545 0263 00       		.byte	0
 546 0264 0B       		.uleb128 0xb
 547 0265 10020000 		.4byte	.LASF31
 548 0269 03       		.byte	0x3
 549 026a 3D       		.byte	0x3d
 550 026b A1020000 		.4byte	.LASF32
 551 026f 30030000 		.4byte	0x330
 552 0273 01       		.byte	0x1
 553 0274 7C020000 		.4byte	0x27c
 554 0278 87020000 		.4byte	0x287
 555 027c 09       		.uleb128 0x9
 556 027d 24030000 		.4byte	0x324
 557 0281 0A       		.uleb128 0xa
 558 0282 4F000000 		.4byte	0x4f
 559 0286 00       		.byte	0
 560 0287 0B       		.uleb128 0xb
ARM GAS  C:\DOCUME~1\Chuck\LOCALS~1\Temp\ccWRYa9t.s 			page 12


 561 0288 E6020000 		.4byte	.LASF18
 562 028c 03       		.byte	0x3
 563 028d 3F       		.byte	0x3f
 564 028e 58000000 		.4byte	.LASF33
 565 0292 30030000 		.4byte	0x330
 566 0296 01       		.byte	0x1
 567 0297 9F020000 		.4byte	0x29f
 568 029b AA020000 		.4byte	0x2aa
 569 029f 09       		.uleb128 0x9
 570 02a0 24030000 		.4byte	0x324
 571 02a4 0A       		.uleb128 0xa
 572 02a5 1E030000 		.4byte	0x31e
 573 02a9 00       		.byte	0
 574 02aa 0B       		.uleb128 0xb
 575 02ab 04030000 		.4byte	.LASF21
 576 02af 03       		.byte	0x3
 577 02b0 40       		.byte	0x40
 578 02b1 77000000 		.4byte	.LASF34
 579 02b5 30030000 		.4byte	0x330
 580 02b9 01       		.byte	0x1
 581 02ba C2020000 		.4byte	0x2c2
 582 02be CD020000 		.4byte	0x2cd
 583 02c2 09       		.uleb128 0x9
 584 02c3 24030000 		.4byte	0x324
 585 02c7 0A       		.uleb128 0xa
 586 02c8 1E030000 		.4byte	0x31e
 587 02cc 00       		.byte	0
 588 02cd 0F       		.uleb128 0xf
 589 02ce 6E6F7700 		.ascii	"now\000"
 590 02d2 03       		.byte	0x3
 591 02d3 42       		.byte	0x42
 592 02d4 F1020000 		.4byte	.LASF41
 593 02d8 A5010000 		.4byte	0x1a5
 594 02dc 01       		.byte	0x1
 595 02dd 10       		.uleb128 0x10
 596 02de 39030000 		.4byte	.LASF42
 597 02e2 03       		.byte	0x3
 598 02e3 43       		.byte	0x43
 599 02e4 90010000 		.4byte	.LASF43
 600 02e8 01       		.byte	0x1
 601 02e9 0A       		.uleb128 0xa
 602 02ea 30030000 		.4byte	0x330
 603 02ee 00       		.byte	0
 604 02ef 00       		.byte	0
 605 02f0 0E       		.uleb128 0xe
 606 02f1 A5010000 		.4byte	0x1a5
 607 02f5 11       		.uleb128 0x11
 608 02f6 4A020000 		.4byte	.LASF44
 609 02fa 01       		.byte	0x1
 610 02fb 27       		.byte	0x27
 611 02fc A9010000 		.4byte	.LASF45
 612 0300 0A       		.uleb128 0xa
 613 0301 36030000 		.4byte	0x336
 614 0305 0A       		.uleb128 0xa
 615 0306 36030000 		.4byte	0x336
 616 030a 00       		.byte	0
 617 030b 00       		.byte	0
ARM GAS  C:\DOCUME~1\Chuck\LOCALS~1\Temp\ccWRYa9t.s 			page 13


 618 030c 12       		.uleb128 0x12
 619 030d 04       		.byte	0x4
 620 030e 99000000 		.4byte	0x99
 621 0312 12       		.uleb128 0x12
 622 0313 04       		.byte	0x4
 623 0314 A0010000 		.4byte	0x1a0
 624 0318 13       		.uleb128 0x13
 625 0319 04       		.byte	0x4
 626 031a 99000000 		.4byte	0x99
 627 031e 13       		.uleb128 0x13
 628 031f 04       		.byte	0x4
 629 0320 A0010000 		.4byte	0x1a0
 630 0324 12       		.uleb128 0x12
 631 0325 04       		.byte	0x4
 632 0326 A5010000 		.4byte	0x1a5
 633 032a 12       		.uleb128 0x12
 634 032b 04       		.byte	0x4
 635 032c F0020000 		.4byte	0x2f0
 636 0330 13       		.uleb128 0x13
 637 0331 04       		.byte	0x4
 638 0332 A5010000 		.4byte	0x1a5
 639 0336 13       		.uleb128 0x13
 640 0337 04       		.byte	0x4
 641 0338 56000000 		.4byte	0x56
 642 033c 14       		.uleb128 0x14
 643 033d F5020000 		.4byte	0x2f5
 644 0341 00000000 		.4byte	.LFB17
 645 0345 48000000 		.4byte	.LFE17-.LFB17
 646 0349 01       		.uleb128 0x1
 647 034a 9C       		.byte	0x9c
 648 034b 92030000 		.4byte	0x392
 649 034f 15       		.uleb128 0x15
 650 0350 73656300 		.ascii	"sec\000"
 651 0354 01       		.byte	0x1
 652 0355 27       		.byte	0x27
 653 0356 92030000 		.4byte	0x392
 654 035a 02       		.uleb128 0x2
 655 035b 91       		.byte	0x91
 656 035c 6C       		.sleb128 -20
 657 035d 16       		.uleb128 0x16
 658 035e 34030000 		.4byte	.LASF14
 659 0362 01       		.byte	0x1
 660 0363 27       		.byte	0x27
 661 0364 97030000 		.4byte	0x397
 662 0368 02       		.uleb128 0x2
 663 0369 91       		.byte	0x91
 664 036a 68       		.sleb128 -24
 665 036b 17       		.uleb128 0x17
 666 036c 0A000000 		.4byte	.LBB2
 667 0370 32000000 		.4byte	.LBE2-.LBB2
 668 0374 18       		.uleb128 0x18
 669 0375 71020000 		.4byte	.LASF35
 670 0379 01       		.byte	0x1
 671 037a 28       		.byte	0x28
 672 037b 56000000 		.4byte	0x56
 673 037f 02       		.uleb128 0x2
 674 0380 91       		.byte	0x91
ARM GAS  C:\DOCUME~1\Chuck\LOCALS~1\Temp\ccWRYa9t.s 			page 14


 675 0381 74       		.sleb128 -12
 676 0382 18       		.uleb128 0x18
 677 0383 C6020000 		.4byte	.LASF36
 678 0387 01       		.byte	0x1
 679 0388 29       		.byte	0x29
 680 0389 56000000 		.4byte	0x56
 681 038d 02       		.uleb128 0x2
 682 038e 91       		.byte	0x91
 683 038f 70       		.sleb128 -16
 684 0390 00       		.byte	0
 685 0391 00       		.byte	0
 686 0392 0E       		.uleb128 0xe
 687 0393 36030000 		.4byte	0x336
 688 0397 0E       		.uleb128 0xe
 689 0398 36030000 		.4byte	0x336
 690 039c 19       		.uleb128 0x19
 691 039d 64020000 		.4byte	0x264
 692 03a1 01       		.byte	0x1
 693 03a2 2E       		.byte	0x2e
 694 03a3 00000000 		.4byte	.LFB18
 695 03a7 4C000000 		.4byte	.LFE18-.LFB18
 696 03ab 01       		.uleb128 0x1
 697 03ac 9C       		.byte	0x9c
 698 03ad B5030000 		.4byte	0x3b5
 699 03b1 CE030000 		.4byte	0x3ce
 700 03b5 1A       		.uleb128 0x1a
 701 03b6 19020000 		.4byte	.LASF37
 702 03ba CE030000 		.4byte	0x3ce
 703 03be 02       		.uleb128 0x2
 704 03bf 91       		.byte	0x91
 705 03c0 74       		.sleb128 -12
 706 03c1 15       		.uleb128 0x15
 707 03c2 7400     		.ascii	"t\000"
 708 03c4 01       		.byte	0x1
 709 03c5 2E       		.byte	0x2e
 710 03c6 4F000000 		.4byte	0x4f
 711 03ca 02       		.uleb128 0x2
 712 03cb 91       		.byte	0x91
 713 03cc 70       		.sleb128 -16
 714 03cd 00       		.byte	0
 715 03ce 0E       		.uleb128 0xe
 716 03cf 24030000 		.4byte	0x324
 717 03d3 19       		.uleb128 0x19
 718 03d4 87020000 		.4byte	0x287
 719 03d8 01       		.byte	0x1
 720 03d9 36       		.byte	0x36
 721 03da 00000000 		.4byte	.LFB19
 722 03de 48000000 		.4byte	.LFE19-.LFB19
 723 03e2 01       		.uleb128 0x1
 724 03e3 9C       		.byte	0x9c
 725 03e4 EC030000 		.4byte	0x3ec
 726 03e8 07040000 		.4byte	0x407
 727 03ec 1A       		.uleb128 0x1a
 728 03ed 19020000 		.4byte	.LASF37
 729 03f1 CE030000 		.4byte	0x3ce
 730 03f5 02       		.uleb128 0x2
 731 03f6 91       		.byte	0x91
ARM GAS  C:\DOCUME~1\Chuck\LOCALS~1\Temp\ccWRYa9t.s 			page 15


 732 03f7 74       		.sleb128 -12
 733 03f8 15       		.uleb128 0x15
 734 03f9 72687300 		.ascii	"rhs\000"
 735 03fd 01       		.byte	0x1
 736 03fe 36       		.byte	0x36
 737 03ff 07040000 		.4byte	0x407
 738 0403 02       		.uleb128 0x2
 739 0404 91       		.byte	0x91
 740 0405 70       		.sleb128 -16
 741 0406 00       		.byte	0
 742 0407 0E       		.uleb128 0xe
 743 0408 1E030000 		.4byte	0x31e
 744 040c 19       		.uleb128 0x19
 745 040d AA020000 		.4byte	0x2aa
 746 0411 01       		.byte	0x1
 747 0412 3E       		.byte	0x3e
 748 0413 00000000 		.4byte	.LFB20
 749 0417 48000000 		.4byte	.LFE20-.LFB20
 750 041b 01       		.uleb128 0x1
 751 041c 9C       		.byte	0x9c
 752 041d 25040000 		.4byte	0x425
 753 0421 40040000 		.4byte	0x440
 754 0425 1A       		.uleb128 0x1a
 755 0426 19020000 		.4byte	.LASF37
 756 042a CE030000 		.4byte	0x3ce
 757 042e 02       		.uleb128 0x2
 758 042f 91       		.byte	0x91
 759 0430 74       		.sleb128 -12
 760 0431 15       		.uleb128 0x15
 761 0432 72687300 		.ascii	"rhs\000"
 762 0436 01       		.byte	0x1
 763 0437 3E       		.byte	0x3e
 764 0438 40040000 		.4byte	0x440
 765 043c 02       		.uleb128 0x2
 766 043d 91       		.byte	0x91
 767 043e 70       		.sleb128 -16
 768 043f 00       		.byte	0
 769 0440 0E       		.uleb128 0xe
 770 0441 1E030000 		.4byte	0x31e
 771 0445 00       		.byte	0
 772              		.section	.debug_abbrev,"",%progbits
 773              	.Ldebug_abbrev0:
 774 0000 01       		.uleb128 0x1
 775 0001 11       		.uleb128 0x11
 776 0002 01       		.byte	0x1
 777 0003 25       		.uleb128 0x25
 778 0004 0E       		.uleb128 0xe
 779 0005 13       		.uleb128 0x13
 780 0006 0B       		.uleb128 0xb
 781 0007 03       		.uleb128 0x3
 782 0008 0E       		.uleb128 0xe
 783 0009 1B       		.uleb128 0x1b
 784 000a 0E       		.uleb128 0xe
 785 000b 55       		.uleb128 0x55
 786 000c 17       		.uleb128 0x17
 787 000d 11       		.uleb128 0x11
 788 000e 01       		.uleb128 0x1
ARM GAS  C:\DOCUME~1\Chuck\LOCALS~1\Temp\ccWRYa9t.s 			page 16


 789 000f 10       		.uleb128 0x10
 790 0010 17       		.uleb128 0x17
 791 0011 00       		.byte	0
 792 0012 00       		.byte	0
 793 0013 02       		.uleb128 0x2
 794 0014 24       		.uleb128 0x24
 795 0015 00       		.byte	0
 796 0016 0B       		.uleb128 0xb
 797 0017 0B       		.uleb128 0xb
 798 0018 3E       		.uleb128 0x3e
 799 0019 0B       		.uleb128 0xb
 800 001a 03       		.uleb128 0x3
 801 001b 08       		.uleb128 0x8
 802 001c 00       		.byte	0
 803 001d 00       		.byte	0
 804 001e 03       		.uleb128 0x3
 805 001f 24       		.uleb128 0x24
 806 0020 00       		.byte	0
 807 0021 0B       		.uleb128 0xb
 808 0022 0B       		.uleb128 0xb
 809 0023 3E       		.uleb128 0x3e
 810 0024 0B       		.uleb128 0xb
 811 0025 03       		.uleb128 0x3
 812 0026 0E       		.uleb128 0xe
 813 0027 00       		.byte	0
 814 0028 00       		.byte	0
 815 0029 04       		.uleb128 0x4
 816 002a 39       		.uleb128 0x39
 817 002b 01       		.byte	0x1
 818 002c 03       		.uleb128 0x3
 819 002d 08       		.uleb128 0x8
 820 002e 3A       		.uleb128 0x3a
 821 002f 0B       		.uleb128 0xb
 822 0030 3B       		.uleb128 0x3b
 823 0031 0B       		.uleb128 0xb
 824 0032 01       		.uleb128 0x1
 825 0033 13       		.uleb128 0x13
 826 0034 00       		.byte	0
 827 0035 00       		.byte	0
 828 0036 05       		.uleb128 0x5
 829 0037 02       		.uleb128 0x2
 830 0038 01       		.byte	0x1
 831 0039 03       		.uleb128 0x3
 832 003a 0E       		.uleb128 0xe
 833 003b 0B       		.uleb128 0xb
 834 003c 0B       		.uleb128 0xb
 835 003d 3A       		.uleb128 0x3a
 836 003e 0B       		.uleb128 0xb
 837 003f 3B       		.uleb128 0x3b
 838 0040 0B       		.uleb128 0xb
 839 0041 01       		.uleb128 0x1
 840 0042 13       		.uleb128 0x13
 841 0043 00       		.byte	0
 842 0044 00       		.byte	0
 843 0045 06       		.uleb128 0x6
 844 0046 0D       		.uleb128 0xd
 845 0047 00       		.byte	0
ARM GAS  C:\DOCUME~1\Chuck\LOCALS~1\Temp\ccWRYa9t.s 			page 17


 846 0048 03       		.uleb128 0x3
 847 0049 08       		.uleb128 0x8
 848 004a 3A       		.uleb128 0x3a
 849 004b 0B       		.uleb128 0xb
 850 004c 3B       		.uleb128 0x3b
 851 004d 0B       		.uleb128 0xb
 852 004e 49       		.uleb128 0x49
 853 004f 13       		.uleb128 0x13
 854 0050 38       		.uleb128 0x38
 855 0051 0B       		.uleb128 0xb
 856 0052 32       		.uleb128 0x32
 857 0053 0B       		.uleb128 0xb
 858 0054 00       		.byte	0
 859 0055 00       		.byte	0
 860 0056 07       		.uleb128 0x7
 861 0057 0D       		.uleb128 0xd
 862 0058 00       		.byte	0
 863 0059 03       		.uleb128 0x3
 864 005a 0E       		.uleb128 0xe
 865 005b 3A       		.uleb128 0x3a
 866 005c 0B       		.uleb128 0xb
 867 005d 3B       		.uleb128 0x3b
 868 005e 0B       		.uleb128 0xb
 869 005f 49       		.uleb128 0x49
 870 0060 13       		.uleb128 0x13
 871 0061 38       		.uleb128 0x38
 872 0062 0B       		.uleb128 0xb
 873 0063 32       		.uleb128 0x32
 874 0064 0B       		.uleb128 0xb
 875 0065 00       		.byte	0
 876 0066 00       		.byte	0
 877 0067 08       		.uleb128 0x8
 878 0068 2E       		.uleb128 0x2e
 879 0069 01       		.byte	0x1
 880 006a 3F       		.uleb128 0x3f
 881 006b 19       		.uleb128 0x19
 882 006c 03       		.uleb128 0x3
 883 006d 0E       		.uleb128 0xe
 884 006e 3A       		.uleb128 0x3a
 885 006f 0B       		.uleb128 0xb
 886 0070 3B       		.uleb128 0x3b
 887 0071 0B       		.uleb128 0xb
 888 0072 49       		.uleb128 0x49
 889 0073 13       		.uleb128 0x13
 890 0074 32       		.uleb128 0x32
 891 0075 0B       		.uleb128 0xb
 892 0076 3C       		.uleb128 0x3c
 893 0077 19       		.uleb128 0x19
 894 0078 64       		.uleb128 0x64
 895 0079 13       		.uleb128 0x13
 896 007a 01       		.uleb128 0x1
 897 007b 13       		.uleb128 0x13
 898 007c 00       		.byte	0
 899 007d 00       		.byte	0
 900 007e 09       		.uleb128 0x9
 901 007f 05       		.uleb128 0x5
 902 0080 00       		.byte	0
ARM GAS  C:\DOCUME~1\Chuck\LOCALS~1\Temp\ccWRYa9t.s 			page 18


 903 0081 49       		.uleb128 0x49
 904 0082 13       		.uleb128 0x13
 905 0083 34       		.uleb128 0x34
 906 0084 19       		.uleb128 0x19
 907 0085 00       		.byte	0
 908 0086 00       		.byte	0
 909 0087 0A       		.uleb128 0xa
 910 0088 05       		.uleb128 0x5
 911 0089 00       		.byte	0
 912 008a 49       		.uleb128 0x49
 913 008b 13       		.uleb128 0x13
 914 008c 00       		.byte	0
 915 008d 00       		.byte	0
 916 008e 0B       		.uleb128 0xb
 917 008f 2E       		.uleb128 0x2e
 918 0090 01       		.byte	0x1
 919 0091 3F       		.uleb128 0x3f
 920 0092 19       		.uleb128 0x19
 921 0093 03       		.uleb128 0x3
 922 0094 0E       		.uleb128 0xe
 923 0095 3A       		.uleb128 0x3a
 924 0096 0B       		.uleb128 0xb
 925 0097 3B       		.uleb128 0x3b
 926 0098 0B       		.uleb128 0xb
 927 0099 6E       		.uleb128 0x6e
 928 009a 0E       		.uleb128 0xe
 929 009b 49       		.uleb128 0x49
 930 009c 13       		.uleb128 0x13
 931 009d 32       		.uleb128 0x32
 932 009e 0B       		.uleb128 0xb
 933 009f 3C       		.uleb128 0x3c
 934 00a0 19       		.uleb128 0x19
 935 00a1 64       		.uleb128 0x64
 936 00a2 13       		.uleb128 0x13
 937 00a3 01       		.uleb128 0x1
 938 00a4 13       		.uleb128 0x13
 939 00a5 00       		.byte	0
 940 00a6 00       		.byte	0
 941 00a7 0C       		.uleb128 0xc
 942 00a8 2E       		.uleb128 0x2e
 943 00a9 01       		.byte	0x1
 944 00aa 3F       		.uleb128 0x3f
 945 00ab 19       		.uleb128 0x19
 946 00ac 03       		.uleb128 0x3
 947 00ad 0E       		.uleb128 0xe
 948 00ae 3A       		.uleb128 0x3a
 949 00af 0B       		.uleb128 0xb
 950 00b0 3B       		.uleb128 0x3b
 951 00b1 0B       		.uleb128 0xb
 952 00b2 6E       		.uleb128 0x6e
 953 00b3 0E       		.uleb128 0xe
 954 00b4 32       		.uleb128 0x32
 955 00b5 0B       		.uleb128 0xb
 956 00b6 3C       		.uleb128 0x3c
 957 00b7 19       		.uleb128 0x19
 958 00b8 64       		.uleb128 0x64
 959 00b9 13       		.uleb128 0x13
ARM GAS  C:\DOCUME~1\Chuck\LOCALS~1\Temp\ccWRYa9t.s 			page 19


 960 00ba 01       		.uleb128 0x1
 961 00bb 13       		.uleb128 0x13
 962 00bc 00       		.byte	0
 963 00bd 00       		.byte	0
 964 00be 0D       		.uleb128 0xd
 965 00bf 2E       		.uleb128 0x2e
 966 00c0 01       		.byte	0x1
 967 00c1 3F       		.uleb128 0x3f
 968 00c2 19       		.uleb128 0x19
 969 00c3 03       		.uleb128 0x3
 970 00c4 0E       		.uleb128 0xe
 971 00c5 3A       		.uleb128 0x3a
 972 00c6 0B       		.uleb128 0xb
 973 00c7 3B       		.uleb128 0x3b
 974 00c8 0B       		.uleb128 0xb
 975 00c9 6E       		.uleb128 0x6e
 976 00ca 0E       		.uleb128 0xe
 977 00cb 49       		.uleb128 0x49
 978 00cc 13       		.uleb128 0x13
 979 00cd 32       		.uleb128 0x32
 980 00ce 0B       		.uleb128 0xb
 981 00cf 3C       		.uleb128 0x3c
 982 00d0 19       		.uleb128 0x19
 983 00d1 64       		.uleb128 0x64
 984 00d2 13       		.uleb128 0x13
 985 00d3 00       		.byte	0
 986 00d4 00       		.byte	0
 987 00d5 0E       		.uleb128 0xe
 988 00d6 26       		.uleb128 0x26
 989 00d7 00       		.byte	0
 990 00d8 49       		.uleb128 0x49
 991 00d9 13       		.uleb128 0x13
 992 00da 00       		.byte	0
 993 00db 00       		.byte	0
 994 00dc 0F       		.uleb128 0xf
 995 00dd 2E       		.uleb128 0x2e
 996 00de 00       		.byte	0
 997 00df 3F       		.uleb128 0x3f
 998 00e0 19       		.uleb128 0x19
 999 00e1 03       		.uleb128 0x3
 1000 00e2 08       		.uleb128 0x8
 1001 00e3 3A       		.uleb128 0x3a
 1002 00e4 0B       		.uleb128 0xb
 1003 00e5 3B       		.uleb128 0x3b
 1004 00e6 0B       		.uleb128 0xb
 1005 00e7 6E       		.uleb128 0x6e
 1006 00e8 0E       		.uleb128 0xe
 1007 00e9 49       		.uleb128 0x49
 1008 00ea 13       		.uleb128 0x13
 1009 00eb 32       		.uleb128 0x32
 1010 00ec 0B       		.uleb128 0xb
 1011 00ed 3C       		.uleb128 0x3c
 1012 00ee 19       		.uleb128 0x19
 1013 00ef 00       		.byte	0
 1014 00f0 00       		.byte	0
 1015 00f1 10       		.uleb128 0x10
 1016 00f2 2E       		.uleb128 0x2e
ARM GAS  C:\DOCUME~1\Chuck\LOCALS~1\Temp\ccWRYa9t.s 			page 20


 1017 00f3 01       		.byte	0x1
 1018 00f4 3F       		.uleb128 0x3f
 1019 00f5 19       		.uleb128 0x19
 1020 00f6 03       		.uleb128 0x3
 1021 00f7 0E       		.uleb128 0xe
 1022 00f8 3A       		.uleb128 0x3a
 1023 00f9 0B       		.uleb128 0xb
 1024 00fa 3B       		.uleb128 0x3b
 1025 00fb 0B       		.uleb128 0xb
 1026 00fc 6E       		.uleb128 0x6e
 1027 00fd 0E       		.uleb128 0xe
 1028 00fe 32       		.uleb128 0x32
 1029 00ff 0B       		.uleb128 0xb
 1030 0100 3C       		.uleb128 0x3c
 1031 0101 19       		.uleb128 0x19
 1032 0102 00       		.byte	0
 1033 0103 00       		.byte	0
 1034 0104 11       		.uleb128 0x11
 1035 0105 2E       		.uleb128 0x2e
 1036 0106 01       		.byte	0x1
 1037 0107 3F       		.uleb128 0x3f
 1038 0108 19       		.uleb128 0x19
 1039 0109 03       		.uleb128 0x3
 1040 010a 0E       		.uleb128 0xe
 1041 010b 3A       		.uleb128 0x3a
 1042 010c 0B       		.uleb128 0xb
 1043 010d 3B       		.uleb128 0x3b
 1044 010e 0B       		.uleb128 0xb
 1045 010f 6E       		.uleb128 0x6e
 1046 0110 0E       		.uleb128 0xe
 1047 0111 3C       		.uleb128 0x3c
 1048 0112 19       		.uleb128 0x19
 1049 0113 00       		.byte	0
 1050 0114 00       		.byte	0
 1051 0115 12       		.uleb128 0x12
 1052 0116 0F       		.uleb128 0xf
 1053 0117 00       		.byte	0
 1054 0118 0B       		.uleb128 0xb
 1055 0119 0B       		.uleb128 0xb
 1056 011a 49       		.uleb128 0x49
 1057 011b 13       		.uleb128 0x13
 1058 011c 00       		.byte	0
 1059 011d 00       		.byte	0
 1060 011e 13       		.uleb128 0x13
 1061 011f 10       		.uleb128 0x10
 1062 0120 00       		.byte	0
 1063 0121 0B       		.uleb128 0xb
 1064 0122 0B       		.uleb128 0xb
 1065 0123 49       		.uleb128 0x49
 1066 0124 13       		.uleb128 0x13
 1067 0125 00       		.byte	0
 1068 0126 00       		.byte	0
 1069 0127 14       		.uleb128 0x14
 1070 0128 2E       		.uleb128 0x2e
 1071 0129 01       		.byte	0x1
 1072 012a 47       		.uleb128 0x47
 1073 012b 13       		.uleb128 0x13
ARM GAS  C:\DOCUME~1\Chuck\LOCALS~1\Temp\ccWRYa9t.s 			page 21


 1074 012c 11       		.uleb128 0x11
 1075 012d 01       		.uleb128 0x1
 1076 012e 12       		.uleb128 0x12
 1077 012f 06       		.uleb128 0x6
 1078 0130 40       		.uleb128 0x40
 1079 0131 18       		.uleb128 0x18
 1080 0132 9642     		.uleb128 0x2116
 1081 0134 19       		.uleb128 0x19
 1082 0135 01       		.uleb128 0x1
 1083 0136 13       		.uleb128 0x13
 1084 0137 00       		.byte	0
 1085 0138 00       		.byte	0
 1086 0139 15       		.uleb128 0x15
 1087 013a 05       		.uleb128 0x5
 1088 013b 00       		.byte	0
 1089 013c 03       		.uleb128 0x3
 1090 013d 08       		.uleb128 0x8
 1091 013e 3A       		.uleb128 0x3a
 1092 013f 0B       		.uleb128 0xb
 1093 0140 3B       		.uleb128 0x3b
 1094 0141 0B       		.uleb128 0xb
 1095 0142 49       		.uleb128 0x49
 1096 0143 13       		.uleb128 0x13
 1097 0144 02       		.uleb128 0x2
 1098 0145 18       		.uleb128 0x18
 1099 0146 00       		.byte	0
 1100 0147 00       		.byte	0
 1101 0148 16       		.uleb128 0x16
 1102 0149 05       		.uleb128 0x5
 1103 014a 00       		.byte	0
 1104 014b 03       		.uleb128 0x3
 1105 014c 0E       		.uleb128 0xe
 1106 014d 3A       		.uleb128 0x3a
 1107 014e 0B       		.uleb128 0xb
 1108 014f 3B       		.uleb128 0x3b
 1109 0150 0B       		.uleb128 0xb
 1110 0151 49       		.uleb128 0x49
 1111 0152 13       		.uleb128 0x13
 1112 0153 02       		.uleb128 0x2
 1113 0154 18       		.uleb128 0x18
 1114 0155 00       		.byte	0
 1115 0156 00       		.byte	0
 1116 0157 17       		.uleb128 0x17
 1117 0158 0B       		.uleb128 0xb
 1118 0159 01       		.byte	0x1
 1119 015a 11       		.uleb128 0x11
 1120 015b 01       		.uleb128 0x1
 1121 015c 12       		.uleb128 0x12
 1122 015d 06       		.uleb128 0x6
 1123 015e 00       		.byte	0
 1124 015f 00       		.byte	0
 1125 0160 18       		.uleb128 0x18
 1126 0161 34       		.uleb128 0x34
 1127 0162 00       		.byte	0
 1128 0163 03       		.uleb128 0x3
 1129 0164 0E       		.uleb128 0xe
 1130 0165 3A       		.uleb128 0x3a
ARM GAS  C:\DOCUME~1\Chuck\LOCALS~1\Temp\ccWRYa9t.s 			page 22


 1131 0166 0B       		.uleb128 0xb
 1132 0167 3B       		.uleb128 0x3b
 1133 0168 0B       		.uleb128 0xb
 1134 0169 49       		.uleb128 0x49
 1135 016a 13       		.uleb128 0x13
 1136 016b 02       		.uleb128 0x2
 1137 016c 18       		.uleb128 0x18
 1138 016d 00       		.byte	0
 1139 016e 00       		.byte	0
 1140 016f 19       		.uleb128 0x19
 1141 0170 2E       		.uleb128 0x2e
 1142 0171 01       		.byte	0x1
 1143 0172 47       		.uleb128 0x47
 1144 0173 13       		.uleb128 0x13
 1145 0174 3A       		.uleb128 0x3a
 1146 0175 0B       		.uleb128 0xb
 1147 0176 3B       		.uleb128 0x3b
 1148 0177 0B       		.uleb128 0xb
 1149 0178 11       		.uleb128 0x11
 1150 0179 01       		.uleb128 0x1
 1151 017a 12       		.uleb128 0x12
 1152 017b 06       		.uleb128 0x6
 1153 017c 40       		.uleb128 0x40
 1154 017d 18       		.uleb128 0x18
 1155 017e 64       		.uleb128 0x64
 1156 017f 13       		.uleb128 0x13
 1157 0180 9642     		.uleb128 0x2116
 1158 0182 19       		.uleb128 0x19
 1159 0183 01       		.uleb128 0x1
 1160 0184 13       		.uleb128 0x13
 1161 0185 00       		.byte	0
 1162 0186 00       		.byte	0
 1163 0187 1A       		.uleb128 0x1a
 1164 0188 05       		.uleb128 0x5
 1165 0189 00       		.byte	0
 1166 018a 03       		.uleb128 0x3
 1167 018b 0E       		.uleb128 0xe
 1168 018c 49       		.uleb128 0x49
 1169 018d 13       		.uleb128 0x13
 1170 018e 34       		.uleb128 0x34
 1171 018f 19       		.uleb128 0x19
 1172 0190 02       		.uleb128 0x2
 1173 0191 18       		.uleb128 0x18
 1174 0192 00       		.byte	0
 1175 0193 00       		.byte	0
 1176 0194 00       		.byte	0
 1177              		.section	.debug_aranges,"",%progbits
 1178 0000 34000000 		.4byte	0x34
 1179 0004 0200     		.2byte	0x2
 1180 0006 00000000 		.4byte	.Ldebug_info0
 1181 000a 04       		.byte	0x4
 1182 000b 00       		.byte	0
 1183 000c 0000     		.2byte	0
 1184 000e 0000     		.2byte	0
 1185 0010 00000000 		.4byte	.LFB17
 1186 0014 48000000 		.4byte	.LFE17-.LFB17
 1187 0018 00000000 		.4byte	.LFB18
ARM GAS  C:\DOCUME~1\Chuck\LOCALS~1\Temp\ccWRYa9t.s 			page 23


 1188 001c 4C000000 		.4byte	.LFE18-.LFB18
 1189 0020 00000000 		.4byte	.LFB19
 1190 0024 48000000 		.4byte	.LFE19-.LFB19
 1191 0028 00000000 		.4byte	.LFB20
 1192 002c 48000000 		.4byte	.LFE20-.LFB20
 1193 0030 00000000 		.4byte	0
 1194 0034 00000000 		.4byte	0
 1195              		.section	.debug_ranges,"",%progbits
 1196              	.Ldebug_ranges0:
 1197 0000 00000000 		.4byte	.LFB17
 1198 0004 48000000 		.4byte	.LFE17
 1199 0008 00000000 		.4byte	.LFB18
 1200 000c 4C000000 		.4byte	.LFE18
 1201 0010 00000000 		.4byte	.LFB19
 1202 0014 48000000 		.4byte	.LFE19
 1203 0018 00000000 		.4byte	.LFB20
 1204 001c 48000000 		.4byte	.LFE20
 1205 0020 00000000 		.4byte	0
 1206 0024 00000000 		.4byte	0
 1207              		.section	.debug_line,"",%progbits
 1208              	.Ldebug_line0:
 1209 0000 A5000000 		.section	.debug_str,"MS",%progbits,1
 1209      02004F00 
 1209      00000201 
 1209      FB0E0D00 
 1209      01010101 
 1210              	.LASF40:
 1211 0000 433A5C44 		.ascii	"C:\\Documents and Settings\\Chuck\\My Documents\\PS"
 1211      6F63756D 
 1211      656E7473 
 1211      20616E64 
 1211      20536574 
 1212 002f 6F432043 		.ascii	"oC Creator\\RosOnAStick\\RosOnAStick.cydsn\000"
 1212      72656174 
 1212      6F725C52 
 1212      6F734F6E 
 1212      41537469 
 1213              	.LASF33:
 1214 0058 5F5A4E33 		.ascii	"_ZN3ros4TimepLERKNS_8DurationE\000"
 1214      726F7334 
 1214      54696D65 
 1214      704C4552 
 1214      4B4E535F 
 1215              	.LASF34:
 1216 0077 5F5A4E33 		.ascii	"_ZN3ros4TimemIERKNS_8DurationE\000"
 1216      726F7334 
 1216      54696D65 
 1216      6D494552 
 1216      4B4E535F 
 1217              	.LASF15:
 1218 0096 44757261 		.ascii	"Duration\000"
 1218      74696F6E 
 1218      00
 1219              	.LASF23:
 1220 009f 6F706572 		.ascii	"operator*=\000"
 1220      61746F72 
 1220      2A3D00
ARM GAS  C:\DOCUME~1\Chuck\LOCALS~1\Temp\ccWRYa9t.s 			page 24


 1221              	.LASF38:
 1222 00aa 474E5520 		.ascii	"GNU C++ 4.8.4 20140526 (release) [ARM/embedded-4_8-"
 1222      432B2B20 
 1222      342E382E 
 1222      34203230 
 1222      31343035 
 1223 00dd 6272616E 		.ascii	"branch revision 211358] -mcpu=cortex-m0 -mthumb -g "
 1223      63682072 
 1223      65766973 
 1223      696F6E20 
 1223      32313133 
 1224 0110 2D4F3020 		.ascii	"-O0 -ffunction-sections -fno-rtti -fno-exceptions -"
 1224      2D666675 
 1224      6E637469 
 1224      6F6E2D73 
 1224      65637469 
 1225 0143 66756E73 		.ascii	"funsigned-char -funsigned-bitfields -fshort-enums\000"
 1225      69676E65 
 1225      642D6368 
 1225      6172202D 
 1225      66756E73 
 1226              	.LASF24:
 1227 0175 5F5A4E33 		.ascii	"_ZN3ros8Duration7fromSecEd\000"
 1227      726F7338 
 1227      44757261 
 1227      74696F6E 
 1227      3766726F 
 1228              	.LASF43:
 1229 0190 5F5A4E33 		.ascii	"_ZN3ros4Time6setNowERS0_\000"
 1229      726F7334 
 1229      54696D65 
 1229      36736574 
 1229      4E6F7745 
 1230              	.LASF45:
 1231 01a9 5F5A4E33 		.ascii	"_ZN3ros16normalizeSecNSecERmS0_\000"
 1231      726F7331 
 1231      366E6F72 
 1231      6D616C69 
 1231      7A655365 
 1232              	.LASF39:
 1233 01c9 2E5C726F 		.ascii	".\\ros_lib\\time.cpp\000"
 1233      735F6C69 
 1233      625C7469 
 1233      6D652E63 
 1233      707000
 1234              	.LASF16:
 1235 01dc 66726F6D 		.ascii	"fromSec\000"
 1235      53656300 
 1236              	.LASF25:
 1237 01e4 5F5A4E33 		.ascii	"_ZN3ros8DurationmLEd\000"
 1237      726F7338 
 1237      44757261 
 1237      74696F6E 
 1237      6D4C4564 
 1238              	.LASF28:
 1239 01f9 5F5A4E33 		.ascii	"_ZN3ros4Time7fromSecEd\000"
 1239      726F7334 
ARM GAS  C:\DOCUME~1\Chuck\LOCALS~1\Temp\ccWRYa9t.s 			page 25


 1239      54696D65 
 1239      3766726F 
 1239      6D536563 
 1240              	.LASF31:
 1241 0210 66726F6D 		.ascii	"fromNSec\000"
 1241      4E536563 
 1241      00
 1242              	.LASF37:
 1243 0219 74686973 		.ascii	"this\000"
 1243      00
 1244              	.LASF6:
 1245 021e 6C6F6E67 		.ascii	"long unsigned int\000"
 1245      20756E73 
 1245      69676E65 
 1245      6420696E 
 1245      7400
 1246              	.LASF4:
 1247 0230 73686F72 		.ascii	"short unsigned int\000"
 1247      7420756E 
 1247      7369676E 
 1247      65642069 
 1247      6E7400
 1248              	.LASF29:
 1249 0243 746F4E73 		.ascii	"toNsec\000"
 1249      656300
 1250              	.LASF44:
 1251 024a 6E6F726D 		.ascii	"normalizeSecNSec\000"
 1251      616C697A 
 1251      65536563 
 1251      4E536563 
 1251      00
 1252              	.LASF27:
 1253 025b 5F5A4E4B 		.ascii	"_ZNK3ros4Time5toSecEv\000"
 1253      33726F73 
 1253      3454696D 
 1253      6535746F 
 1253      53656345 
 1254              	.LASF35:
 1255 0271 6E736563 		.ascii	"nsec_part\000"
 1255      5F706172 
 1255      7400
 1256              	.LASF11:
 1257 027b 646F7562 		.ascii	"double\000"
 1257      6C6500
 1258              	.LASF17:
 1259 0282 746F5365 		.ascii	"toSec\000"
 1259      6300
 1260              	.LASF20:
 1261 0288 5F5A4E33 		.ascii	"_ZN3ros8DurationpLERKS0_\000"
 1261      726F7338 
 1261      44757261 
 1261      74696F6E 
 1261      704C4552 
 1262              	.LASF32:
 1263 02a1 5F5A4E33 		.ascii	"_ZN3ros4Time8fromNSecEl\000"
 1263      726F7334 
 1263      54696D65 
ARM GAS  C:\DOCUME~1\Chuck\LOCALS~1\Temp\ccWRYa9t.s 			page 26


 1263      3866726F 
 1263      6D4E5365 
 1264              	.LASF0:
 1265 02b9 756E7369 		.ascii	"unsigned int\000"
 1265      676E6564 
 1265      20696E74 
 1265      00
 1266              	.LASF36:
 1267 02c6 7365635F 		.ascii	"sec_part\000"
 1267      70617274 
 1267      00
 1268              	.LASF8:
 1269 02cf 6C6F6E67 		.ascii	"long long unsigned int\000"
 1269      206C6F6E 
 1269      6720756E 
 1269      7369676E 
 1269      65642069 
 1270              	.LASF18:
 1271 02e6 6F706572 		.ascii	"operator+=\000"
 1271      61746F72 
 1271      2B3D00
 1272              	.LASF41:
 1273 02f1 5F5A4E33 		.ascii	"_ZN3ros4Time3nowEv\000"
 1273      726F7334 
 1273      54696D65 
 1273      336E6F77 
 1273      457600
 1274              	.LASF21:
 1275 0304 6F706572 		.ascii	"operator-=\000"
 1275      61746F72 
 1275      2D3D00
 1276              	.LASF2:
 1277 030f 756E7369 		.ascii	"unsigned char\000"
 1277      676E6564 
 1277      20636861 
 1277      7200
 1278              	.LASF9:
 1279 031d 73697A65 		.ascii	"sizetype\000"
 1279      74797065 
 1279      00
 1280              	.LASF7:
 1281 0326 6C6F6E67 		.ascii	"long long int\000"
 1281      206C6F6E 
 1281      6720696E 
 1281      7400
 1282              	.LASF14:
 1283 0334 6E736563 		.ascii	"nsec\000"
 1283      00
 1284              	.LASF42:
 1285 0339 7365744E 		.ascii	"setNow\000"
 1285      6F7700
 1286              	.LASF3:
 1287 0340 73686F72 		.ascii	"short int\000"
 1287      7420696E 
 1287      7400
 1288              	.LASF30:
 1289 034a 5F5A4E33 		.ascii	"_ZN3ros4Time6toNsecEv\000"
ARM GAS  C:\DOCUME~1\Chuck\LOCALS~1\Temp\ccWRYa9t.s 			page 27


 1289      726F7334 
 1289      54696D65 
 1289      36746F4E 
 1289      73656345 
 1290              	.LASF22:
 1291 0360 5F5A4E33 		.ascii	"_ZN3ros8DurationmIERKS0_\000"
 1291      726F7338 
 1291      44757261 
 1291      74696F6E 
 1291      6D494552 
 1292              	.LASF5:
 1293 0379 6C6F6E67 		.ascii	"long int\000"
 1293      20696E74 
 1293      00
 1294              	.LASF10:
 1295 0382 63686172 		.ascii	"char\000"
 1295      00
 1296              	.LASF13:
 1297 0387 6C6F6E67 		.ascii	"long double\000"
 1297      20646F75 
 1297      626C6500 
 1298              	.LASF12:
 1299 0393 666C6F61 		.ascii	"float\000"
 1299      7400
 1300              	.LASF1:
 1301 0399 7369676E 		.ascii	"signed char\000"
 1301      65642063 
 1301      68617200 
 1302              	.LASF19:
 1303 03a5 5F5A4E4B 		.ascii	"_ZNK3ros8Duration5toSecEv\000"
 1303      33726F73 
 1303      38447572 
 1303      6174696F 
 1303      6E35746F 
 1304              	.LASF26:
 1305 03bf 54696D65 		.ascii	"Time\000"
 1305      00
 1306              		.ident	"GCC: (GNU Tools for ARM Embedded Processors) 4.8.4 20140526 (release) [ARM/embedded-4_8-br
