ARM GAS  C:\DOCUME~1\Chuck\LOCALS~1\Temp\cc7R3yPq.s 			page 1


   1              		.cpu cortex-m0
   2              		.fpu softvfp
   3              		.eabi_attribute 20, 1
   4              		.eabi_attribute 21, 1
   5              		.eabi_attribute 23, 3
   6              		.eabi_attribute 24, 1
   7              		.eabi_attribute 25, 1
   8              		.eabi_attribute 26, 1
   9              		.eabi_attribute 30, 6
  10              		.eabi_attribute 34, 0
  11              		.eabi_attribute 18, 4
  12              		.code	16
  13              		.file	"Uarts.cpp"
  14              		.text
  15              	.Ltext0:
  16              		.cfi_sections	.debug_frame
  17              		.global	__aeabi_uidiv
  18              		.section	.text._ZN4Uart5beginEm,"ax",%progbits
  19              		.align	2
  20              		.global	_ZN4Uart5beginEm
  21              		.code	16
  22              		.thumb_func
  23              		.type	_ZN4Uart5beginEm, %function
  24              	_ZN4Uart5beginEm:
  25              	.LFB158:
  26              		.file 1 ".\\ros_lib\\Uarts.cpp"
   1:.\ros_lib/Uarts.cpp **** /* ========================================
   2:.\ros_lib/Uarts.cpp ****  * PSoc4 "ROSOnAStick" Uart
   3:.\ros_lib/Uarts.cpp ****  *
   4:.\ros_lib/Uarts.cpp ****  * Copyright C. Harrison
   5:.\ros_lib/Uarts.cpp ****  * BSD 2-clause license http://opensource.org/licenses/BSD-2-Clause
   6:.\ros_lib/Uarts.cpp ****  *
   7:.\ros_lib/Uarts.cpp ****  * ========================================
   8:.\ros_lib/Uarts.cpp ****  */
   9:.\ros_lib/Uarts.cpp **** 
  10:.\ros_lib/Uarts.cpp **** #include "ros.h"
  11:.\ros_lib/Uarts.cpp **** 
  12:.\ros_lib/Uarts.cpp **** #include "Uarts.h"
  13:.\ros_lib/Uarts.cpp **** extern "C" {
  14:.\ros_lib/Uarts.cpp ****   #include "project.h"
  15:.\ros_lib/Uarts.cpp **** }
  16:.\ros_lib/Uarts.cpp **** 
  17:.\ros_lib/Uarts.cpp **** void Uart::begin(unsigned long baud) {
  27              		.loc 1 17 0
  28              		.cfi_startproc
  29 0000 80B5     		push	{r7, lr}
  30              		.cfi_def_cfa_offset 8
  31              		.cfi_offset 7, -8
  32              		.cfi_offset 14, -4
  33 0002 84B0     		sub	sp, sp, #16
  34              		.cfi_def_cfa_offset 24
  35 0004 00AF     		add	r7, sp, #0
  36              		.cfi_def_cfa_register 7
  37 0006 7860     		str	r0, [r7, #4]
  38 0008 3960     		str	r1, [r7]
  39              	.LBB2:
  18:.\ros_lib/Uarts.cpp ****   // compute clock divider D = HFCLK/(baud * oversampling_factor)
ARM GAS  C:\DOCUME~1\Chuck\LOCALS~1\Temp\cc7R3yPq.s 			page 2


  19:.\ros_lib/Uarts.cpp ****   uint32_t denom = baud * ROSSerial_UART_UART_OVS_FACTOR;
  40              		.loc 1 19 0
  41 000a 3B68     		ldr	r3, [r7]
  42 000c 1B01     		lsl	r3, r3, #4
  43 000e FB60     		str	r3, [r7, #12]
  20:.\ros_lib/Uarts.cpp ****   uint16_t divider = (CYDEV_BCLK__HFCLK__HZ + (denom/2))/denom;
  44              		.loc 1 20 0
  45 0010 FB68     		ldr	r3, [r7, #12]
  46 0012 5B08     		lsr	r3, r3, #1
  47 0014 0B4A     		ldr	r2, .L2
  48 0016 9B18     		add	r3, r3, r2
  49 0018 181C     		mov	r0, r3
  50 001a F968     		ldr	r1, [r7, #12]
  51 001c FFF7FEFF 		bl	__aeabi_uidiv
  52 0020 031C     		mov	r3, r0
  53 0022 1A1C     		mov	r2, r3
  54 0024 3B1C     		mov	r3, r7
  55 0026 0A33     		add	r3, r3, #10
  56 0028 1A80     		strh	r2, [r3]
  21:.\ros_lib/Uarts.cpp ****   ROSSerial_UART_Clock_SetFractionalDividerRegister(divider, 0);
  57              		.loc 1 21 0
  58 002a 3B1C     		mov	r3, r7
  59 002c 0A33     		add	r3, r3, #10
  60 002e 1B88     		ldrh	r3, [r3]
  61 0030 181C     		mov	r0, r3
  62 0032 0021     		mov	r1, #0
  63 0034 FFF7FEFF 		bl	ROSSerial_UART_Clock_SetFractionalDividerRegister
  22:.\ros_lib/Uarts.cpp ****   ROSSerial_UART_Start();
  64              		.loc 1 22 0
  65 0038 FFF7FEFF 		bl	ROSSerial_UART_Start
  66              	.LBE2:
  23:.\ros_lib/Uarts.cpp **** };
  67              		.loc 1 23 0
  68 003c BD46     		mov	sp, r7
  69 003e 04B0     		add	sp, sp, #16
  70              		@ sp needed
  71 0040 80BD     		pop	{r7, pc}
  72              	.L3:
  73 0042 C046     		.align	2
  74              	.L2:
  75 0044 00366E01 		.word	24000000
  76              		.cfi_endproc
  77              	.LFE158:
  78              		.size	_ZN4Uart5beginEm, .-_ZN4Uart5beginEm
  79              		.section	.text._ZN4Uart4readEv,"ax",%progbits
  80              		.align	2
  81              		.global	_ZN4Uart4readEv
  82              		.code	16
  83              		.thumb_func
  84              		.type	_ZN4Uart4readEv, %function
  85              	_ZN4Uart4readEv:
  86              	.LFB159:
  24:.\ros_lib/Uarts.cpp **** 
  25:.\ros_lib/Uarts.cpp **** int Uart::read(void) {
  87              		.loc 1 25 0
  88              		.cfi_startproc
  89 0000 80B5     		push	{r7, lr}
ARM GAS  C:\DOCUME~1\Chuck\LOCALS~1\Temp\cc7R3yPq.s 			page 3


  90              		.cfi_def_cfa_offset 8
  91              		.cfi_offset 7, -8
  92              		.cfi_offset 14, -4
  93 0002 84B0     		sub	sp, sp, #16
  94              		.cfi_def_cfa_offset 24
  95 0004 00AF     		add	r7, sp, #0
  96              		.cfi_def_cfa_register 7
  97 0006 7860     		str	r0, [r7, #4]
  98              	.LBB3:
  26:.\ros_lib/Uarts.cpp ****   int32_t data = -1;
  99              		.loc 1 26 0
 100 0008 0123     		mov	r3, #1
 101 000a 5B42     		neg	r3, r3
 102 000c FB60     		str	r3, [r7, #12]
  27:.\ros_lib/Uarts.cpp ****   if (ROSSerial_UART_SpiUartGetRxBufferSize() != 0) {
 103              		.loc 1 27 0
 104 000e FFF7FEFF 		bl	ROSSerial_UART_SpiUartGetRxBufferSize
 105 0012 031C     		mov	r3, r0
 106 0014 5A1E     		sub	r2, r3, #1
 107 0016 9341     		sbc	r3, r3, r2
 108 0018 DBB2     		uxtb	r3, r3
 109 001a 002B     		cmp	r3, #0
 110 001c 03D0     		beq	.L5
  28:.\ros_lib/Uarts.cpp ****     // data is ready
  29:.\ros_lib/Uarts.cpp ****     data = (int32_t)ROSSerial_UART_SpiUartReadRxData();
 111              		.loc 1 29 0
 112 001e FFF7FEFF 		bl	ROSSerial_UART_SpiUartReadRxData
 113 0022 031C     		mov	r3, r0
 114 0024 FB60     		str	r3, [r7, #12]
 115              	.L5:
  30:.\ros_lib/Uarts.cpp ****   }
  31:.\ros_lib/Uarts.cpp ****   // clear error flags
  32:.\ros_lib/Uarts.cpp ****   if (ROSSerial_UART_CHECK_INTR_RX(ROSSerial_UART_INTR_RX_ERR)) {
 116              		.loc 1 32 0
 117 0026 094B     		ldr	r3, .L8
 118 0028 1A68     		ldr	r2, [r3]
 119 002a D823     		mov	r3, #216
 120 002c 9B00     		lsl	r3, r3, #2
 121 002e 1340     		and	r3, r2
 122 0030 5A1E     		sub	r2, r3, #1
 123 0032 9341     		sbc	r3, r3, r2
 124 0034 DBB2     		uxtb	r3, r3
 125 0036 002B     		cmp	r3, #0
 126 0038 03D0     		beq	.L6
  33:.\ros_lib/Uarts.cpp ****     // TODO: test for meaningful error (i.e. not Buffer empty) & return -1
  34:.\ros_lib/Uarts.cpp ****     ROSSerial_UART_ClearRxInterruptSource(ROSSerial_UART_INTR_RX_ERR);
 127              		.loc 1 34 0
 128 003a 044B     		ldr	r3, .L8
 129 003c D822     		mov	r2, #216
 130 003e 9200     		lsl	r2, r2, #2
 131 0040 1A60     		str	r2, [r3]
 132              	.L6:
  35:.\ros_lib/Uarts.cpp ****   }
  36:.\ros_lib/Uarts.cpp ****   return data;
 133              		.loc 1 36 0
 134 0042 FB68     		ldr	r3, [r7, #12]
 135              	.LBE3:
ARM GAS  C:\DOCUME~1\Chuck\LOCALS~1\Temp\cc7R3yPq.s 			page 4


  37:.\ros_lib/Uarts.cpp **** };
 136              		.loc 1 37 0
 137 0044 181C     		mov	r0, r3
 138 0046 BD46     		mov	sp, r7
 139 0048 04B0     		add	sp, sp, #16
 140              		@ sp needed
 141 004a 80BD     		pop	{r7, pc}
 142              	.L9:
 143              		.align	2
 144              	.L8:
 145 004c C00F0640 		.word	1074139072
 146              		.cfi_endproc
 147              	.LFE159:
 148              		.size	_ZN4Uart4readEv, .-_ZN4Uart4readEv
 149              		.section	.text._ZN4Uart5writeEh,"ax",%progbits
 150              		.align	2
 151              		.global	_ZN4Uart5writeEh
 152              		.code	16
 153              		.thumb_func
 154              		.type	_ZN4Uart5writeEh, %function
 155              	_ZN4Uart5writeEh:
 156              	.LFB160:
  38:.\ros_lib/Uarts.cpp **** 
  39:.\ros_lib/Uarts.cpp **** size_t Uart::write(uint8_t data) {
 157              		.loc 1 39 0
 158              		.cfi_startproc
 159 0000 80B5     		push	{r7, lr}
 160              		.cfi_def_cfa_offset 8
 161              		.cfi_offset 7, -8
 162              		.cfi_offset 14, -4
 163 0002 82B0     		sub	sp, sp, #8
 164              		.cfi_def_cfa_offset 16
 165 0004 00AF     		add	r7, sp, #0
 166              		.cfi_def_cfa_register 7
 167 0006 7860     		str	r0, [r7, #4]
 168 0008 0A1C     		mov	r2, r1
 169 000a FB1C     		add	r3, r7, #3
 170 000c 1A70     		strb	r2, [r3]
  40:.\ros_lib/Uarts.cpp ****   ROSSerial_UART_SpiUartWriteTxData((uint32_t)data);
 171              		.loc 1 40 0
 172 000e FB1C     		add	r3, r7, #3
 173 0010 1B78     		ldrb	r3, [r3]
 174 0012 181C     		mov	r0, r3
 175 0014 FFF7FEFF 		bl	ROSSerial_UART_SpiUartWriteTxData
  41:.\ros_lib/Uarts.cpp ****   return 1;
 176              		.loc 1 41 0
 177 0018 0123     		mov	r3, #1
  42:.\ros_lib/Uarts.cpp **** };
 178              		.loc 1 42 0
 179 001a 181C     		mov	r0, r3
 180 001c BD46     		mov	sp, r7
 181 001e 02B0     		add	sp, sp, #8
 182              		@ sp needed
 183 0020 80BD     		pop	{r7, pc}
 184              		.cfi_endproc
 185              	.LFE160:
 186              		.size	_ZN4Uart5writeEh, .-_ZN4Uart5writeEh
ARM GAS  C:\DOCUME~1\Chuck\LOCALS~1\Temp\cc7R3yPq.s 			page 5


 187 0022 C046     		.section	.text._ZN14HardwareSerialC2Ev,"axG",%progbits,_ZN14HardwareSerialC5Ev,comdat
 188              		.align	2
 189              		.weak	_ZN14HardwareSerialC2Ev
 190              		.code	16
 191              		.thumb_func
 192              		.type	_ZN14HardwareSerialC2Ev, %function
 193              	_ZN14HardwareSerialC2Ev:
 194              	.LFB163:
 195              		.file 2 ".\\ros_lib\\HardwareSerial.h"
   1:.\ros_lib/HardwareSerial.h **** /*
   2:.\ros_lib/HardwareSerial.h ****   Copyright (c) 2011 Arduino.  All right reserved.
   3:.\ros_lib/HardwareSerial.h **** 
   4:.\ros_lib/HardwareSerial.h ****   This library is free software; you can redistribute it and/or
   5:.\ros_lib/HardwareSerial.h ****   modify it under the terms of the GNU Lesser General Public
   6:.\ros_lib/HardwareSerial.h ****   License as published by the Free Software Foundation; either
   7:.\ros_lib/HardwareSerial.h ****   version 2.1 of the License, or (at your option) any later version.
   8:.\ros_lib/HardwareSerial.h **** 
   9:.\ros_lib/HardwareSerial.h ****   This library is distributed in the hope that it will be useful,
  10:.\ros_lib/HardwareSerial.h ****   but WITHOUT ANY WARRANTY; without even the implied warranty of
  11:.\ros_lib/HardwareSerial.h ****   MERCHANTABILITY or FITNESS FOR A PARTICULAR PURPOSE. 
  12:.\ros_lib/HardwareSerial.h ****   See the GNU Lesser General Public License for more details.
  13:.\ros_lib/HardwareSerial.h **** 
  14:.\ros_lib/HardwareSerial.h ****   You should have received a copy of the GNU Lesser General Public
  15:.\ros_lib/HardwareSerial.h ****   License along with this library; if not, write to the Free Software
  16:.\ros_lib/HardwareSerial.h ****   Foundation, Inc., 51 Franklin St, Fifth Floor, Boston, MA  02110-1301  USA
  17:.\ros_lib/HardwareSerial.h **** */
  18:.\ros_lib/HardwareSerial.h **** 
  19:.\ros_lib/HardwareSerial.h **** #ifndef HardwareSerial_h
  20:.\ros_lib/HardwareSerial.h **** #define HardwareSerial_h
  21:.\ros_lib/HardwareSerial.h **** 
  22:.\ros_lib/HardwareSerial.h **** #include <inttypes.h>
  23:.\ros_lib/HardwareSerial.h **** #include <cstddef>
  24:.\ros_lib/HardwareSerial.h **** 
  25:.\ros_lib/HardwareSerial.h **** /* functions exposed by embedded_linux_comms
  26:.\ros_lib/HardwareSerial.h **** extern "C" int elCommInit(char *portName, int baud);
  27:.\ros_lib/HardwareSerial.h **** extern "C" int elCommRead(int fd);
  28:.\ros_lib/HardwareSerial.h **** extern "C" elCommWrite(int fd, uint8_t* data, int length);
  29:.\ros_lib/HardwareSerial.h **** */
  30:.\ros_lib/HardwareSerial.h **** 
  31:.\ros_lib/HardwareSerial.h **** class HardwareSerial
 196              		.loc 2 31 0
 197              		.cfi_startproc
 198 0000 80B5     		push	{r7, lr}
 199              		.cfi_def_cfa_offset 8
 200              		.cfi_offset 7, -8
 201              		.cfi_offset 14, -4
 202 0002 82B0     		sub	sp, sp, #8
 203              		.cfi_def_cfa_offset 16
 204 0004 00AF     		add	r7, sp, #0
 205              		.cfi_def_cfa_register 7
 206 0006 7860     		str	r0, [r7, #4]
 207              	.LBB4:
 208              		.loc 2 31 0
 209 0008 7B68     		ldr	r3, [r7, #4]
 210 000a 034A     		ldr	r2, .L15
 211 000c 1A60     		str	r2, [r3]
 212              	.LBE4:
ARM GAS  C:\DOCUME~1\Chuck\LOCALS~1\Temp\cc7R3yPq.s 			page 6


 213 000e 7B68     		ldr	r3, [r7, #4]
 214 0010 181C     		mov	r0, r3
 215 0012 BD46     		mov	sp, r7
 216 0014 02B0     		add	sp, sp, #8
 217              		@ sp needed
 218 0016 80BD     		pop	{r7, pc}
 219              	.L16:
 220              		.align	2
 221              	.L15:
 222 0018 08000000 		.word	_ZTV14HardwareSerial+8
 223              		.cfi_endproc
 224              	.LFE163:
 225              		.size	_ZN14HardwareSerialC2Ev, .-_ZN14HardwareSerialC2Ev
 226              		.weak	_ZN14HardwareSerialC1Ev
 227              		.thumb_set _ZN14HardwareSerialC1Ev,_ZN14HardwareSerialC2Ev
 228              		.section	.text._ZN4UartC2Ev,"axG",%progbits,_ZN4UartC5Ev,comdat
 229              		.align	2
 230              		.weak	_ZN4UartC2Ev
 231              		.code	16
 232              		.thumb_func
 233              		.type	_ZN4UartC2Ev, %function
 234              	_ZN4UartC2Ev:
 235              	.LFB165:
 236              		.file 3 ".\\ros_lib\\Uarts.h"
   1:.\ros_lib/Uarts.h **** /* ========================================
   2:.\ros_lib/Uarts.h ****  *
   3:.\ros_lib/Uarts.h ****  * The following firmware was developed by Chuck Harrison
   4:.\ros_lib/Uarts.h ****  * This work is licensed under a Creative Commons Attribution 3.0 Unported License.
   5:.\ros_lib/Uarts.h ****  * 
   6:.\ros_lib/Uarts.h ****  * http://creativecommons.org/licenses/by/3.0/deed.en_US
   7:.\ros_lib/Uarts.h ****  * 
   8:.\ros_lib/Uarts.h ****  * You are free to:
   9:.\ros_lib/Uarts.h ****  * -To Share — to copy, distribute and transmit the work 
  10:.\ros_lib/Uarts.h ****  * -To Remix — to adapt the work 
  11:.\ros_lib/Uarts.h ****  * -To make commercial use of the work
  12:.\ros_lib/Uarts.h ****  *
  13:.\ros_lib/Uarts.h ****  * ========================================
  14:.\ros_lib/Uarts.h ****  */
  15:.\ros_lib/Uarts.h **** 
  16:.\ros_lib/Uarts.h **** #ifndef ROS_UARTS_H_
  17:.\ros_lib/Uarts.h **** #define ROS_UARTS_H_
  18:.\ros_lib/Uarts.h **** 
  19:.\ros_lib/Uarts.h **** #include "HardwareSerial.h"
  20:.\ros_lib/Uarts.h **** 
  21:.\ros_lib/Uarts.h **** class Uart : public HardwareSerial
 237              		.loc 3 21 0
 238              		.cfi_startproc
 239 0000 80B5     		push	{r7, lr}
 240              		.cfi_def_cfa_offset 8
 241              		.cfi_offset 7, -8
 242              		.cfi_offset 14, -4
 243 0002 82B0     		sub	sp, sp, #8
 244              		.cfi_def_cfa_offset 16
 245 0004 00AF     		add	r7, sp, #0
 246              		.cfi_def_cfa_register 7
 247 0006 7860     		str	r0, [r7, #4]
 248              	.LBB5:
ARM GAS  C:\DOCUME~1\Chuck\LOCALS~1\Temp\cc7R3yPq.s 			page 7


 249              		.loc 3 21 0
 250 0008 7B68     		ldr	r3, [r7, #4]
 251 000a 181C     		mov	r0, r3
 252 000c FFF7FEFF 		bl	_ZN14HardwareSerialC2Ev
 253 0010 7B68     		ldr	r3, [r7, #4]
 254 0012 034A     		ldr	r2, .L20
 255 0014 1A60     		str	r2, [r3]
 256              	.LBE5:
 257 0016 7B68     		ldr	r3, [r7, #4]
 258 0018 181C     		mov	r0, r3
 259 001a BD46     		mov	sp, r7
 260 001c 02B0     		add	sp, sp, #8
 261              		@ sp needed
 262 001e 80BD     		pop	{r7, pc}
 263              	.L21:
 264              		.align	2
 265              	.L20:
 266 0020 08000000 		.word	_ZTV4Uart+8
 267              		.cfi_endproc
 268              	.LFE165:
 269              		.size	_ZN4UartC2Ev, .-_ZN4UartC2Ev
 270              		.weak	_ZN4UartC1Ev
 271              		.thumb_set _ZN4UartC1Ev,_ZN4UartC2Ev
 272              		.global	Uart0
 273              		.bss
 274              		.align	2
 275              		.type	Uart0, %object
 276              		.size	Uart0, 4
 277              	Uart0:
 278 0000 00000000 		.space	4
 279              		.global	_ZTV4Uart
 280              		.section	.rodata
 281              		.align	3
 282              		.type	_ZTV4Uart, %object
 283              		.size	_ZTV4Uart, 20
 284              	_ZTV4Uart:
 285 0000 00000000 		.word	0
 286 0004 00000000 		.word	0
 287 0008 00000000 		.word	_ZN4Uart5beginEm
 288 000c 00000000 		.word	_ZN4Uart4readEv
 289 0010 00000000 		.word	_ZN4Uart5writeEh
 290              		.weak	_ZTV14HardwareSerial
 291              		.section	.rodata._ZTV14HardwareSerial,"aG",%progbits,_ZTV14HardwareSerial,comdat
 292              		.align	3
 293              		.type	_ZTV14HardwareSerial, %object
 294              		.size	_ZTV14HardwareSerial, 20
 295              	_ZTV14HardwareSerial:
 296 0000 00000000 		.word	0
 297 0004 00000000 		.word	0
 298 0008 00000000 		.word	__cxa_pure_virtual
 299 000c 00000000 		.word	__cxa_pure_virtual
 300 0010 00000000 		.word	__cxa_pure_virtual
 301 0014 00000000 		.section	.text._Z41__static_initialization_and_destruction_0ii,"ax",%progbits
 302              		.align	2
 303              		.code	16
 304              		.thumb_func
 305              		.type	_Z41__static_initialization_and_destruction_0ii, %function
ARM GAS  C:\DOCUME~1\Chuck\LOCALS~1\Temp\cc7R3yPq.s 			page 8


 306              	_Z41__static_initialization_and_destruction_0ii:
 307              	.LFB167:
  43:.\ros_lib/Uarts.cpp **** 
  44:.\ros_lib/Uarts.cpp **** Uart Uart0;
 308              		.loc 1 44 0
 309              		.cfi_startproc
 310 0000 80B5     		push	{r7, lr}
 311              		.cfi_def_cfa_offset 8
 312              		.cfi_offset 7, -8
 313              		.cfi_offset 14, -4
 314 0002 82B0     		sub	sp, sp, #8
 315              		.cfi_def_cfa_offset 16
 316 0004 00AF     		add	r7, sp, #0
 317              		.cfi_def_cfa_register 7
 318 0006 7860     		str	r0, [r7, #4]
 319 0008 3960     		str	r1, [r7]
 320              		.loc 1 44 0
 321 000a 7B68     		ldr	r3, [r7, #4]
 322 000c 012B     		cmp	r3, #1
 323 000e 07D1     		bne	.L22
 324              		.loc 1 44 0 is_stmt 0 discriminator 1
 325 0010 3A68     		ldr	r2, [r7]
 326 0012 054B     		ldr	r3, .L24
 327 0014 9A42     		cmp	r2, r3
 328 0016 03D1     		bne	.L22
 329              		.loc 1 44 0 discriminator 3
 330 0018 044B     		ldr	r3, .L24+4
 331 001a 181C     		mov	r0, r3
 332 001c FFF7FEFF 		bl	_ZN4UartC1Ev
 333              	.L22:
 334              		.loc 1 44 0
 335 0020 BD46     		mov	sp, r7
 336 0022 02B0     		add	sp, sp, #8
 337              		@ sp needed
 338 0024 80BD     		pop	{r7, pc}
 339              	.L25:
 340 0026 C046     		.align	2
 341              	.L24:
 342 0028 FFFF0000 		.word	65535
 343 002c 00000000 		.word	Uart0
 344              		.cfi_endproc
 345              	.LFE167:
 346              		.size	_Z41__static_initialization_and_destruction_0ii, .-_Z41__static_initialization_and_destructi
 347              		.section	.rodata
 348              		.align	2
 349              		.type	_ZN14rosserial_msgsL12REQUESTPARAME, %object
 350              		.size	_ZN14rosserial_msgsL12REQUESTPARAME, 28
 351              	_ZN14rosserial_msgsL12REQUESTPARAME:
 352 0014 726F7373 		.ascii	"rosserial_msgs/RequestParam\000"
 352      65726961 
 352      6C5F6D73 
 352      67732F52 
 352      65717565 
 353              		.section	.text._GLOBAL__sub_I__ZN4Uart5beginEm,"ax",%progbits
 354              		.align	2
 355              		.code	16
 356              		.thumb_func
ARM GAS  C:\DOCUME~1\Chuck\LOCALS~1\Temp\cc7R3yPq.s 			page 9


 357              		.type	_GLOBAL__sub_I__ZN4Uart5beginEm, %function
 358              	_GLOBAL__sub_I__ZN4Uart5beginEm:
 359              	.LFB168:
 360              		.loc 1 44 0 is_stmt 1
 361              		.cfi_startproc
 362 0000 80B5     		push	{r7, lr}
 363              		.cfi_def_cfa_offset 8
 364              		.cfi_offset 7, -8
 365              		.cfi_offset 14, -4
 366 0002 00AF     		add	r7, sp, #0
 367              		.cfi_def_cfa_register 7
 368              		.loc 1 44 0
 369 0004 034B     		ldr	r3, .L27
 370 0006 0120     		mov	r0, #1
 371 0008 191C     		mov	r1, r3
 372 000a FFF7FEFF 		bl	_Z41__static_initialization_and_destruction_0ii
 373 000e BD46     		mov	sp, r7
 374              		@ sp needed
 375 0010 80BD     		pop	{r7, pc}
 376              	.L28:
 377 0012 C046     		.align	2
 378              	.L27:
 379 0014 FFFF0000 		.word	65535
 380              		.cfi_endproc
 381              	.LFE168:
 382              		.size	_GLOBAL__sub_I__ZN4Uart5beginEm, .-_GLOBAL__sub_I__ZN4Uart5beginEm
 383              		.section	.init_array,"aw",%init_array
 384              		.align	2
 385 0000 00000000 		.word	_GLOBAL__sub_I__ZN4Uart5beginEm(target1)
 386              		.text
 387              	.Letext0:
 388              		.file 4 "c:\\program files\\cypress\\psoc creator\\3.1\\psoc creator\\import\\gnu_cs\\arm\\4.8.4\\
 389              		.file 5 "c:\\program files\\cypress\\psoc creator\\3.1\\psoc creator\\import\\gnu_cs\\arm\\4.8.4\\
 390              		.file 6 "c:\\program files\\cypress\\psoc creator\\3.1\\psoc creator\\import\\gnu_cs\\arm\\4.8.4\\
 391              		.file 7 "./ros_lib/ros/msg.h"
 392              		.file 8 "./ros_lib/rosserial_msgs/TopicInfo.h"
 393              		.file 9 ".\\Generated_Source\\PSoC4/cytypes.h"
 394              		.file 10 "./ros_lib/rosserial_msgs/RequestParam.h"
 395              		.file 11 ".\\ros_lib\\ros/node_handle.h"
 396              		.file 12 "./ros_lib/std_msgs/Time.h"
 397              		.section	.debug_info,"",%progbits
 398              	.Ldebug_info0:
 399 0000 45070000 		.4byte	0x745
 400 0004 0400     		.2byte	0x4
 401 0006 00000000 		.4byte	.Ldebug_abbrev0
 402 000a 04       		.byte	0x4
 403 000b 01       		.uleb128 0x1
 404 000c CD040000 		.4byte	.LASF70
 405 0010 04       		.byte	0x4
 406 0011 88000000 		.4byte	.LASF71
 407 0015 7C030000 		.4byte	.LASF72
 408 0019 00000000 		.4byte	.Ldebug_ranges0+0
 409 001d 00000000 		.4byte	0
 410 0021 00000000 		.4byte	.Ldebug_line0
 411 0025 02       		.uleb128 0x2
 412 0026 01       		.byte	0x1
 413 0027 06       		.byte	0x6
ARM GAS  C:\DOCUME~1\Chuck\LOCALS~1\Temp\cc7R3yPq.s 			page 10


 414 0028 43020000 		.4byte	.LASF0
 415 002c 03       		.uleb128 0x3
 416 002d B1010000 		.4byte	.LASF3
 417 0031 04       		.byte	0x4
 418 0032 1C       		.byte	0x1c
 419 0033 37000000 		.4byte	0x37
 420 0037 02       		.uleb128 0x2
 421 0038 01       		.byte	0x1
 422 0039 08       		.byte	0x8
 423 003a 07020000 		.4byte	.LASF1
 424 003e 02       		.uleb128 0x2
 425 003f 02       		.byte	0x2
 426 0040 05       		.byte	0x5
 427 0041 18000000 		.4byte	.LASF2
 428 0045 03       		.uleb128 0x3
 429 0046 9C000000 		.4byte	.LASF4
 430 004a 04       		.byte	0x4
 431 004b 26       		.byte	0x26
 432 004c 50000000 		.4byte	0x50
 433 0050 02       		.uleb128 0x2
 434 0051 02       		.byte	0x2
 435 0052 07       		.byte	0x7
 436 0053 C3020000 		.4byte	.LASF5
 437 0057 03       		.uleb128 0x3
 438 0058 79040000 		.4byte	.LASF6
 439 005c 04       		.byte	0x4
 440 005d 37       		.byte	0x37
 441 005e 62000000 		.4byte	0x62
 442 0062 02       		.uleb128 0x2
 443 0063 04       		.byte	0x4
 444 0064 05       		.byte	0x5
 445 0065 10030000 		.4byte	.LASF7
 446 0069 03       		.uleb128 0x3
 447 006a 45040000 		.4byte	.LASF8
 448 006e 04       		.byte	0x4
 449 006f 38       		.byte	0x38
 450 0070 74000000 		.4byte	0x74
 451 0074 02       		.uleb128 0x2
 452 0075 04       		.byte	0x4
 453 0076 07       		.byte	0x7
 454 0077 AB020000 		.4byte	.LASF9
 455 007b 02       		.uleb128 0x2
 456 007c 08       		.byte	0x8
 457 007d 05       		.byte	0x5
 458 007e 50010000 		.4byte	.LASF10
 459 0082 02       		.uleb128 0x2
 460 0083 08       		.byte	0x8
 461 0084 07       		.byte	0x7
 462 0085 4F020000 		.4byte	.LASF11
 463 0089 04       		.uleb128 0x4
 464 008a 04       		.byte	0x4
 465 008b 05       		.byte	0x5
 466 008c 696E7400 		.ascii	"int\000"
 467 0090 02       		.uleb128 0x2
 468 0091 04       		.byte	0x4
 469 0092 07       		.byte	0x7
 470 0093 84020000 		.4byte	.LASF12
ARM GAS  C:\DOCUME~1\Chuck\LOCALS~1\Temp\cc7R3yPq.s 			page 11


 471 0097 03       		.uleb128 0x3
 472 0098 DE000000 		.4byte	.LASF13
 473 009c 05       		.byte	0x5
 474 009d 2A       		.byte	0x2a
 475 009e 2C000000 		.4byte	0x2c
 476 00a2 03       		.uleb128 0x3
 477 00a3 A2020000 		.4byte	.LASF14
 478 00a7 05       		.byte	0x5
 479 00a8 36       		.byte	0x36
 480 00a9 45000000 		.4byte	0x45
 481 00ad 03       		.uleb128 0x3
 482 00ae 19030000 		.4byte	.LASF15
 483 00b2 05       		.byte	0x5
 484 00b3 41       		.byte	0x41
 485 00b4 57000000 		.4byte	0x57
 486 00b8 03       		.uleb128 0x3
 487 00b9 7B020000 		.4byte	.LASF16
 488 00bd 05       		.byte	0x5
 489 00be 42       		.byte	0x42
 490 00bf 69000000 		.4byte	0x69
 491 00c3 03       		.uleb128 0x3
 492 00c4 22000000 		.4byte	.LASF17
 493 00c8 06       		.byte	0x6
 494 00c9 D4       		.byte	0xd4
 495 00ca 90000000 		.4byte	0x90
 496 00ce 02       		.uleb128 0x2
 497 00cf 04       		.byte	0x4
 498 00d0 07       		.byte	0x7
 499 00d1 41000000 		.4byte	.LASF18
 500 00d5 05       		.uleb128 0x5
 501 00d6 04       		.byte	0x4
 502 00d7 37000000 		.4byte	0x37
 503 00db 02       		.uleb128 0x2
 504 00dc 01       		.byte	0x1
 505 00dd 08       		.byte	0x8
 506 00de 0B030000 		.4byte	.LASF19
 507 00e2 05       		.uleb128 0x5
 508 00e3 04       		.byte	0x4
 509 00e4 E8000000 		.4byte	0xe8
 510 00e8 06       		.uleb128 0x6
 511 00e9 DB000000 		.4byte	0xdb
 512 00ed 02       		.uleb128 0x2
 513 00ee 08       		.byte	0x8
 514 00ef 04       		.byte	0x4
 515 00f0 BC040000 		.4byte	.LASF20
 516 00f4 02       		.uleb128 0x2
 517 00f5 04       		.byte	0x4
 518 00f6 04       		.byte	0x4
 519 00f7 45010000 		.4byte	.LASF21
 520 00fb 02       		.uleb128 0x2
 521 00fc 08       		.byte	0x8
 522 00fd 04       		.byte	0x4
 523 00fe F6010000 		.4byte	.LASF22
 524 0102 07       		.uleb128 0x7
 525 0103 726F7300 		.ascii	"ros\000"
 526 0107 07       		.byte	0x7
 527 0108 28       		.byte	0x28
ARM GAS  C:\DOCUME~1\Chuck\LOCALS~1\Temp\cc7R3yPq.s 			page 12


 528 0109 47020000 		.4byte	0x247
 529 010d 08       		.uleb128 0x8
 530 010e 4D736700 		.ascii	"Msg\000"
 531 0112 04       		.byte	0x4
 532 0113 07       		.byte	0x7
 533 0114 2B       		.byte	0x2b
 534 0115 0D010000 		.4byte	0x10d
 535 0119 3A020000 		.4byte	0x23a
 536 011d 09       		.uleb128 0x9
 537 011e 3B040000 		.4byte	.LASF44
 538 0122 4D050000 		.4byte	0x54d
 539 0126 00       		.byte	0
 540 0127 01       		.byte	0x1
 541 0128 0A       		.uleb128 0xa
 542 0129 4D736700 		.ascii	"Msg\000"
 543 012d 78030000 		.4byte	0x378
 544 0131 01       		.byte	0x1
 545 0132 3A010000 		.4byte	0x13a
 546 0136 45010000 		.4byte	0x145
 547 013a 0B       		.uleb128 0xb
 548 013b 78030000 		.4byte	0x378
 549 013f 0C       		.uleb128 0xc
 550 0140 84030000 		.4byte	0x384
 551 0144 00       		.byte	0
 552 0145 0A       		.uleb128 0xa
 553 0146 4D736700 		.ascii	"Msg\000"
 554 014a 78030000 		.4byte	0x378
 555 014e 01       		.byte	0x1
 556 014f 57010000 		.4byte	0x157
 557 0153 5D010000 		.4byte	0x15d
 558 0157 0B       		.uleb128 0xb
 559 0158 78030000 		.4byte	0x378
 560 015c 00       		.byte	0
 561 015d 0D       		.uleb128 0xd
 562 015e C3040000 		.4byte	.LASF23
 563 0162 07       		.byte	0x7
 564 0163 2E       		.byte	0x2e
 565 0164 D6020000 		.4byte	.LASF25
 566 0168 89000000 		.4byte	0x89
 567 016c 01       		.byte	0x1
 568 016d 02       		.uleb128 0x2
 569 016e 10       		.byte	0x10
 570 016f 00       		.uleb128 0
 571 0170 0D010000 		.4byte	0x10d
 572 0174 01       		.byte	0x1
 573 0175 7D010000 		.4byte	0x17d
 574 0179 88010000 		.4byte	0x188
 575 017d 0B       		.uleb128 0xb
 576 017e 7E030000 		.4byte	0x37e
 577 0182 0C       		.uleb128 0xc
 578 0183 D5000000 		.4byte	0xd5
 579 0187 00       		.byte	0
 580 0188 0D       		.uleb128 0xd
 581 0189 9C040000 		.4byte	.LASF24
 582 018d 07       		.byte	0x7
 583 018e 2F       		.byte	0x2f
 584 018f 21030000 		.4byte	.LASF26
ARM GAS  C:\DOCUME~1\Chuck\LOCALS~1\Temp\cc7R3yPq.s 			page 13


 585 0193 89000000 		.4byte	0x89
 586 0197 01       		.byte	0x1
 587 0198 02       		.uleb128 0x2
 588 0199 10       		.byte	0x10
 589 019a 01       		.uleb128 0x1
 590 019b 0D010000 		.4byte	0x10d
 591 019f 01       		.byte	0x1
 592 01a0 A8010000 		.4byte	0x1a8
 593 01a4 B3010000 		.4byte	0x1b3
 594 01a8 0B       		.uleb128 0xb
 595 01a9 78030000 		.4byte	0x378
 596 01ad 0C       		.uleb128 0xc
 597 01ae D5000000 		.4byte	0xd5
 598 01b2 00       		.byte	0
 599 01b3 0D       		.uleb128 0xd
 600 01b4 EE010000 		.4byte	.LASF27
 601 01b8 07       		.byte	0x7
 602 01b9 30       		.byte	0x30
 603 01ba E8030000 		.4byte	.LASF28
 604 01be E2000000 		.4byte	0xe2
 605 01c2 01       		.byte	0x1
 606 01c3 02       		.uleb128 0x2
 607 01c4 10       		.byte	0x10
 608 01c5 02       		.uleb128 0x2
 609 01c6 0D010000 		.4byte	0x10d
 610 01ca 01       		.byte	0x1
 611 01cb D3010000 		.4byte	0x1d3
 612 01cf D9010000 		.4byte	0x1d9
 613 01d3 0B       		.uleb128 0xb
 614 01d4 78030000 		.4byte	0x378
 615 01d8 00       		.byte	0
 616 01d9 0D       		.uleb128 0xd
 617 01da B2000000 		.4byte	.LASF29
 618 01de 07       		.byte	0x7
 619 01df 31       		.byte	0x31
 620 01e0 66020000 		.4byte	.LASF30
 621 01e4 E2000000 		.4byte	0xe2
 622 01e8 01       		.byte	0x1
 623 01e9 02       		.uleb128 0x2
 624 01ea 10       		.byte	0x10
 625 01eb 03       		.uleb128 0x3
 626 01ec 0D010000 		.4byte	0x10d
 627 01f0 01       		.byte	0x1
 628 01f1 F9010000 		.4byte	0x1f9
 629 01f5 FF010000 		.4byte	0x1ff
 630 01f9 0B       		.uleb128 0xb
 631 01fa 78030000 		.4byte	0x378
 632 01fe 00       		.byte	0
 633 01ff 0E       		.uleb128 0xe
 634 0200 A8040000 		.4byte	.LASF39
 635 0204 07       		.byte	0x7
 636 0205 3E       		.byte	0x3e
 637 0206 B9000000 		.4byte	.LASF73
 638 020a 89000000 		.4byte	0x89
 639 020e 01       		.byte	0x1
 640 020f 1E020000 		.4byte	0x21e
 641 0213 0C       		.uleb128 0xc
ARM GAS  C:\DOCUME~1\Chuck\LOCALS~1\Temp\cc7R3yPq.s 			page 14


 642 0214 D5000000 		.4byte	0xd5
 643 0218 0C       		.uleb128 0xc
 644 0219 F4000000 		.4byte	0xf4
 645 021d 00       		.byte	0
 646 021e 0F       		.uleb128 0xf
 647 021f 96010000 		.4byte	.LASF31
 648 0223 07       		.byte	0x7
 649 0224 64       		.byte	0x64
 650 0225 50040000 		.4byte	.LASF74
 651 0229 89000000 		.4byte	0x89
 652 022d 01       		.byte	0x1
 653 022e 0C       		.uleb128 0xc
 654 022f 81050000 		.4byte	0x581
 655 0233 0C       		.uleb128 0xc
 656 0234 68050000 		.4byte	0x568
 657 0238 00       		.byte	0
 658 0239 00       		.byte	0
 659 023a 06       		.uleb128 0x6
 660 023b 0D010000 		.4byte	0x10d
 661 023f 10       		.uleb128 0x10
 662 0240 0B       		.byte	0xb
 663 0241 5E       		.byte	0x5e
 664 0242 52020000 		.4byte	0x252
 665 0246 00       		.byte	0
 666 0247 11       		.uleb128 0x11
 667 0248 02010000 		.4byte	.LASF32
 668 024c 08       		.byte	0x8
 669 024d 0A       		.byte	0xa
 670 024e 78030000 		.4byte	0x378
 671 0252 12       		.uleb128 0x12
 672 0253 C4010000 		.4byte	.LASF33
 673 0257 18       		.byte	0x18
 674 0258 08       		.byte	0x8
 675 0259 0C       		.byte	0xc
 676 025a 0D010000 		.4byte	0x10d
 677 025e 63030000 		.4byte	0x363
 678 0262 13       		.uleb128 0x13
 679 0263 0D010000 		.4byte	0x10d
 680 0267 00       		.byte	0
 681 0268 01       		.byte	0x1
 682 0269 14       		.uleb128 0x14
 683 026a BB010000 		.4byte	.LASF34
 684 026e 08       		.byte	0x8
 685 026f 0F       		.byte	0xf
 686 0270 A2000000 		.4byte	0xa2
 687 0274 04       		.byte	0x4
 688 0275 01       		.byte	0x1
 689 0276 14       		.uleb128 0x14
 690 0277 A7000000 		.4byte	.LASF35
 691 027b 08       		.byte	0x8
 692 027c 10       		.byte	0x10
 693 027d E2000000 		.4byte	0xe2
 694 0281 08       		.byte	0x8
 695 0282 01       		.byte	0x1
 696 0283 14       		.uleb128 0x14
 697 0284 11010000 		.4byte	.LASF36
 698 0288 08       		.byte	0x8
ARM GAS  C:\DOCUME~1\Chuck\LOCALS~1\Temp\cc7R3yPq.s 			page 15


 699 0289 11       		.byte	0x11
 700 028a E2000000 		.4byte	0xe2
 701 028e 0C       		.byte	0xc
 702 028f 01       		.byte	0x1
 703 0290 14       		.uleb128 0x14
 704 0291 89040000 		.4byte	.LASF37
 705 0295 08       		.byte	0x8
 706 0296 12       		.byte	0x12
 707 0297 E2000000 		.4byte	0xe2
 708 029b 10       		.byte	0x10
 709 029c 01       		.byte	0x1
 710 029d 14       		.uleb128 0x14
 711 029e 90040000 		.4byte	.LASF38
 712 02a2 08       		.byte	0x8
 713 02a3 13       		.byte	0x13
 714 02a4 AD000000 		.4byte	0xad
 715 02a8 14       		.byte	0x14
 716 02a9 01       		.byte	0x1
 717 02aa 15       		.uleb128 0x15
 718 02ab C4010000 		.4byte	.LASF33
 719 02af 08       		.byte	0x8
 720 02b0 1D       		.byte	0x1d
 721 02b1 6E050000 		.4byte	0x56e
 722 02b5 01       		.byte	0x1
 723 02b6 BE020000 		.4byte	0x2be
 724 02ba C4020000 		.4byte	0x2c4
 725 02be 0B       		.uleb128 0xb
 726 02bf 6E050000 		.4byte	0x56e
 727 02c3 00       		.byte	0
 728 02c4 0D       		.uleb128 0xd
 729 02c5 C3040000 		.4byte	.LASF23
 730 02c9 08       		.byte	0x8
 731 02ca 26       		.byte	0x26
 732 02cb B9050000 		.4byte	.LASF40
 733 02cf 89000000 		.4byte	0x89
 734 02d3 01       		.byte	0x1
 735 02d4 02       		.uleb128 0x2
 736 02d5 10       		.byte	0x10
 737 02d6 00       		.uleb128 0
 738 02d7 52020000 		.4byte	0x252
 739 02db 01       		.byte	0x1
 740 02dc E4020000 		.4byte	0x2e4
 741 02e0 EF020000 		.4byte	0x2ef
 742 02e4 0B       		.uleb128 0xb
 743 02e5 74050000 		.4byte	0x574
 744 02e9 0C       		.uleb128 0xc
 745 02ea D5000000 		.4byte	0xd5
 746 02ee 00       		.byte	0
 747 02ef 0D       		.uleb128 0xd
 748 02f0 9C040000 		.4byte	.LASF24
 749 02f4 08       		.byte	0x8
 750 02f5 4A       		.byte	0x4a
 751 02f6 15020000 		.4byte	.LASF41
 752 02fa 89000000 		.4byte	0x89
 753 02fe 01       		.byte	0x1
 754 02ff 02       		.uleb128 0x2
 755 0300 10       		.byte	0x10
ARM GAS  C:\DOCUME~1\Chuck\LOCALS~1\Temp\cc7R3yPq.s 			page 16


 756 0301 01       		.uleb128 0x1
 757 0302 52020000 		.4byte	0x252
 758 0306 01       		.byte	0x1
 759 0307 0F030000 		.4byte	0x30f
 760 030b 1A030000 		.4byte	0x31a
 761 030f 0B       		.uleb128 0xb
 762 0310 6E050000 		.4byte	0x56e
 763 0314 0C       		.uleb128 0xc
 764 0315 D5000000 		.4byte	0xd5
 765 0319 00       		.byte	0
 766 031a 0D       		.uleb128 0xd
 767 031b EE010000 		.4byte	.LASF27
 768 031f 08       		.byte	0x8
 769 0320 7B       		.byte	0x7b
 770 0321 6E010000 		.4byte	.LASF42
 771 0325 E2000000 		.4byte	0xe2
 772 0329 01       		.byte	0x1
 773 032a 02       		.uleb128 0x2
 774 032b 10       		.byte	0x10
 775 032c 02       		.uleb128 0x2
 776 032d 52020000 		.4byte	0x252
 777 0331 01       		.byte	0x1
 778 0332 3A030000 		.4byte	0x33a
 779 0336 40030000 		.4byte	0x340
 780 033a 0B       		.uleb128 0xb
 781 033b 6E050000 		.4byte	0x56e
 782 033f 00       		.byte	0
 783 0340 16       		.uleb128 0x16
 784 0341 B2000000 		.4byte	.LASF29
 785 0345 08       		.byte	0x8
 786 0346 7C       		.byte	0x7c
 787 0347 1E010000 		.4byte	.LASF47
 788 034b E2000000 		.4byte	0xe2
 789 034f 01       		.byte	0x1
 790 0350 02       		.uleb128 0x2
 791 0351 10       		.byte	0x10
 792 0352 03       		.uleb128 0x3
 793 0353 52020000 		.4byte	0x252
 794 0357 01       		.byte	0x1
 795 0358 5C030000 		.4byte	0x35c
 796 035c 0B       		.uleb128 0xb
 797 035d 6E050000 		.4byte	0x56e
 798 0361 00       		.byte	0
 799 0362 00       		.byte	0
 800 0363 06       		.uleb128 0x6
 801 0364 52020000 		.4byte	0x252
 802 0368 17       		.uleb128 0x17
 803 0369 2E040000 		.4byte	.LASF68
 804 036d 0A       		.byte	0xa
 805 036e 0B       		.byte	0xb
 806 036f 38070000 		.4byte	0x738
 807 0373 4A000000 		.4byte	.LASF75
 808 0377 00       		.byte	0
 809 0378 05       		.uleb128 0x5
 810 0379 04       		.byte	0x4
 811 037a 0D010000 		.4byte	0x10d
 812 037e 05       		.uleb128 0x5
ARM GAS  C:\DOCUME~1\Chuck\LOCALS~1\Temp\cc7R3yPq.s 			page 17


 813 037f 04       		.byte	0x4
 814 0380 3A020000 		.4byte	0x23a
 815 0384 18       		.uleb128 0x18
 816 0385 04       		.byte	0x4
 817 0386 3A020000 		.4byte	0x23a
 818 038a 12       		.uleb128 0x12
 819 038b 09000000 		.4byte	.LASF43
 820 038f 04       		.byte	0x4
 821 0390 02       		.byte	0x2
 822 0391 1F       		.byte	0x1f
 823 0392 8A030000 		.4byte	0x38a
 824 0396 4F040000 		.4byte	0x44f
 825 039a 09       		.uleb128 0x9
 826 039b F6020000 		.4byte	.LASF45
 827 039f 4D050000 		.4byte	0x54d
 828 03a3 00       		.byte	0
 829 03a4 01       		.byte	0x1
 830 03a5 19       		.uleb128 0x19
 831 03a6 09000000 		.4byte	.LASF43
 832 03aa 4F040000 		.4byte	0x44f
 833 03ae 01       		.byte	0x1
 834 03af B7030000 		.4byte	0x3b7
 835 03b3 C2030000 		.4byte	0x3c2
 836 03b7 0B       		.uleb128 0xb
 837 03b8 4F040000 		.4byte	0x44f
 838 03bc 0C       		.uleb128 0xc
 839 03bd 5D050000 		.4byte	0x55d
 840 03c1 00       		.byte	0
 841 03c2 19       		.uleb128 0x19
 842 03c3 09000000 		.4byte	.LASF43
 843 03c7 4F040000 		.4byte	0x44f
 844 03cb 01       		.byte	0x1
 845 03cc D4030000 		.4byte	0x3d4
 846 03d0 DA030000 		.4byte	0x3da
 847 03d4 0B       		.uleb128 0xb
 848 03d5 4F040000 		.4byte	0x44f
 849 03d9 00       		.byte	0
 850 03da 1A       		.uleb128 0x1a
 851 03db 66000000 		.4byte	.LASF46
 852 03df 02       		.byte	0x2
 853 03e0 22       		.byte	0x22
 854 03e1 E6000000 		.4byte	.LASF48
 855 03e5 01       		.byte	0x1
 856 03e6 02       		.uleb128 0x2
 857 03e7 10       		.byte	0x10
 858 03e8 00       		.uleb128 0
 859 03e9 8A030000 		.4byte	0x38a
 860 03ed 01       		.byte	0x1
 861 03ee F6030000 		.4byte	0x3f6
 862 03f2 01040000 		.4byte	0x401
 863 03f6 0B       		.uleb128 0xb
 864 03f7 4F040000 		.4byte	0x44f
 865 03fb 0C       		.uleb128 0xc
 866 03fc 74000000 		.4byte	0x74
 867 0400 00       		.byte	0
 868 0401 0D       		.uleb128 0xd
 869 0402 4B010000 		.4byte	.LASF49
ARM GAS  C:\DOCUME~1\Chuck\LOCALS~1\Temp\cc7R3yPq.s 			page 18


 870 0406 02       		.byte	0x2
 871 0407 23       		.byte	0x23
 872 0408 98050000 		.4byte	.LASF50
 873 040c 89000000 		.4byte	0x89
 874 0410 01       		.byte	0x1
 875 0411 02       		.uleb128 0x2
 876 0412 10       		.byte	0x10
 877 0413 01       		.uleb128 0x1
 878 0414 8A030000 		.4byte	0x38a
 879 0418 01       		.byte	0x1
 880 0419 21040000 		.4byte	0x421
 881 041d 27040000 		.4byte	0x427
 882 0421 0B       		.uleb128 0xb
 883 0422 4F040000 		.4byte	0x44f
 884 0426 00       		.byte	0
 885 0427 16       		.uleb128 0x16
 886 0428 83040000 		.4byte	.LASF51
 887 042c 02       		.byte	0x2
 888 042d 24       		.byte	0x24
 889 042e 6C000000 		.4byte	.LASF52
 890 0432 C3000000 		.4byte	0xc3
 891 0436 01       		.byte	0x1
 892 0437 02       		.uleb128 0x2
 893 0438 10       		.byte	0x10
 894 0439 02       		.uleb128 0x2
 895 043a 8A030000 		.4byte	0x38a
 896 043e 01       		.byte	0x1
 897 043f 43040000 		.4byte	0x443
 898 0443 0B       		.uleb128 0xb
 899 0444 4F040000 		.4byte	0x44f
 900 0448 0C       		.uleb128 0xc
 901 0449 97000000 		.4byte	0x97
 902 044d 00       		.byte	0
 903 044e 00       		.byte	0
 904 044f 05       		.uleb128 0x5
 905 0450 04       		.byte	0x4
 906 0451 8A030000 		.4byte	0x38a
 907 0455 03       		.uleb128 0x3
 908 0456 D4030000 		.4byte	.LASF53
 909 045a 09       		.byte	0x9
 910 045b 5D       		.byte	0x5d
 911 045c 74000000 		.4byte	0x74
 912 0460 03       		.uleb128 0x3
 913 0461 BD020000 		.4byte	.LASF54
 914 0465 09       		.byte	0x9
 915 0466 F2       		.byte	0xf2
 916 0467 6B040000 		.4byte	0x46b
 917 046b 1B       		.uleb128 0x1b
 918 046c 55040000 		.4byte	0x455
 919 0470 12       		.uleb128 0x12
 920 0471 AC010000 		.4byte	.LASF55
 921 0475 04       		.byte	0x4
 922 0476 03       		.byte	0x3
 923 0477 15       		.byte	0x15
 924 0478 8A030000 		.4byte	0x38a
 925 047c 31050000 		.4byte	0x531
 926 0480 13       		.uleb128 0x13
ARM GAS  C:\DOCUME~1\Chuck\LOCALS~1\Temp\cc7R3yPq.s 			page 19


 927 0481 8A030000 		.4byte	0x38a
 928 0485 00       		.byte	0
 929 0486 01       		.byte	0x1
 930 0487 19       		.uleb128 0x19
 931 0488 AC010000 		.4byte	.LASF55
 932 048c 31050000 		.4byte	0x531
 933 0490 01       		.byte	0x1
 934 0491 99040000 		.4byte	0x499
 935 0495 A4040000 		.4byte	0x4a4
 936 0499 0B       		.uleb128 0xb
 937 049a 31050000 		.4byte	0x531
 938 049e 0C       		.uleb128 0xc
 939 049f 37050000 		.4byte	0x537
 940 04a3 00       		.byte	0
 941 04a4 19       		.uleb128 0x19
 942 04a5 AC010000 		.4byte	.LASF55
 943 04a9 31050000 		.4byte	0x531
 944 04ad 01       		.byte	0x1
 945 04ae B6040000 		.4byte	0x4b6
 946 04b2 BC040000 		.4byte	0x4bc
 947 04b6 0B       		.uleb128 0xb
 948 04b7 31050000 		.4byte	0x531
 949 04bb 00       		.byte	0
 950 04bc 1A       		.uleb128 0x1a
 951 04bd 66000000 		.4byte	.LASF46
 952 04c1 01       		.byte	0x1
 953 04c2 11       		.byte	0x11
 954 04c3 DD010000 		.4byte	.LASF56
 955 04c7 01       		.byte	0x1
 956 04c8 02       		.uleb128 0x2
 957 04c9 10       		.byte	0x10
 958 04ca 00       		.uleb128 0
 959 04cb 70040000 		.4byte	0x470
 960 04cf 01       		.byte	0x1
 961 04d0 D8040000 		.4byte	0x4d8
 962 04d4 E3040000 		.4byte	0x4e3
 963 04d8 0B       		.uleb128 0xb
 964 04d9 31050000 		.4byte	0x531
 965 04dd 0C       		.uleb128 0xc
 966 04de 74000000 		.4byte	0x74
 967 04e2 00       		.byte	0
 968 04e3 0D       		.uleb128 0xd
 969 04e4 4B010000 		.4byte	.LASF49
 970 04e8 01       		.byte	0x1
 971 04e9 19       		.byte	0x19
 972 04ea 5E010000 		.4byte	.LASF57
 973 04ee 89000000 		.4byte	0x89
 974 04f2 01       		.byte	0x1
 975 04f3 02       		.uleb128 0x2
 976 04f4 10       		.byte	0x10
 977 04f5 01       		.uleb128 0x1
 978 04f6 70040000 		.4byte	0x470
 979 04fa 01       		.byte	0x1
 980 04fb 03050000 		.4byte	0x503
 981 04ff 09050000 		.4byte	0x509
 982 0503 0B       		.uleb128 0xb
 983 0504 31050000 		.4byte	0x531
ARM GAS  C:\DOCUME~1\Chuck\LOCALS~1\Temp\cc7R3yPq.s 			page 20


 984 0508 00       		.byte	0
 985 0509 16       		.uleb128 0x16
 986 050a 83040000 		.4byte	.LASF51
 987 050e 01       		.byte	0x1
 988 050f 27       		.byte	0x27
 989 0510 91020000 		.4byte	.LASF58
 990 0514 C3000000 		.4byte	0xc3
 991 0518 01       		.byte	0x1
 992 0519 02       		.uleb128 0x2
 993 051a 10       		.byte	0x10
 994 051b 02       		.uleb128 0x2
 995 051c 70040000 		.4byte	0x470
 996 0520 01       		.byte	0x1
 997 0521 25050000 		.4byte	0x525
 998 0525 0B       		.uleb128 0xb
 999 0526 31050000 		.4byte	0x531
 1000 052a 0C       		.uleb128 0xc
 1001 052b 97000000 		.4byte	0x97
 1002 052f 00       		.byte	0
 1003 0530 00       		.byte	0
 1004 0531 05       		.uleb128 0x5
 1005 0532 04       		.byte	0x4
 1006 0533 70040000 		.4byte	0x470
 1007 0537 18       		.uleb128 0x18
 1008 0538 04       		.byte	0x4
 1009 0539 3D050000 		.4byte	0x53d
 1010 053d 06       		.uleb128 0x6
 1011 053e 70040000 		.4byte	0x470
 1012 0542 1C       		.uleb128 0x1c
 1013 0543 89000000 		.4byte	0x89
 1014 0547 4D050000 		.4byte	0x54d
 1015 054b 1D       		.uleb128 0x1d
 1016 054c 00       		.byte	0
 1017 054d 05       		.uleb128 0x5
 1018 054e 04       		.byte	0x4
 1019 054f 53050000 		.4byte	0x553
 1020 0553 1E       		.uleb128 0x1e
 1021 0554 04       		.byte	0x4
 1022 0555 FE030000 		.4byte	.LASF76
 1023 0559 42050000 		.4byte	0x542
 1024 055d 18       		.uleb128 0x18
 1025 055e 04       		.byte	0x4
 1026 055f 63050000 		.4byte	0x563
 1027 0563 06       		.uleb128 0x6
 1028 0564 8A030000 		.4byte	0x38a
 1029 0568 05       		.uleb128 0x5
 1030 0569 04       		.byte	0x4
 1031 056a F4000000 		.4byte	0xf4
 1032 056e 05       		.uleb128 0x5
 1033 056f 04       		.byte	0x4
 1034 0570 52020000 		.4byte	0x252
 1035 0574 05       		.uleb128 0x5
 1036 0575 04       		.byte	0x4
 1037 0576 63030000 		.4byte	0x363
 1038 057a 1F       		.uleb128 0x1f
 1039 057b 00000000 		.4byte	.LASF77
 1040 057f 0C       		.byte	0xc
ARM GAS  C:\DOCUME~1\Chuck\LOCALS~1\Temp\cc7R3yPq.s 			page 21


 1041 0580 0B       		.byte	0xb
 1042 0581 05       		.uleb128 0x5
 1043 0582 04       		.byte	0x4
 1044 0583 87050000 		.4byte	0x587
 1045 0587 06       		.uleb128 0x6
 1046 0588 37000000 		.4byte	0x37
 1047 058c 20       		.uleb128 0x20
 1048 058d BC040000 		.4byte	0x4bc
 1049 0591 00000000 		.4byte	.LFB158
 1050 0595 48000000 		.4byte	.LFE158-.LFB158
 1051 0599 01       		.uleb128 0x1
 1052 059a 9C       		.byte	0x9c
 1053 059b A3050000 		.4byte	0x5a3
 1054 059f E4050000 		.4byte	0x5e4
 1055 05a3 21       		.uleb128 0x21
 1056 05a4 72030000 		.4byte	.LASF61
 1057 05a8 E4050000 		.4byte	0x5e4
 1058 05ac 02       		.uleb128 0x2
 1059 05ad 91       		.byte	0x91
 1060 05ae 6C       		.sleb128 -20
 1061 05af 22       		.uleb128 0x22
 1062 05b0 02020000 		.4byte	.LASF63
 1063 05b4 01       		.byte	0x1
 1064 05b5 11       		.byte	0x11
 1065 05b6 74000000 		.4byte	0x74
 1066 05ba 02       		.uleb128 0x2
 1067 05bb 91       		.byte	0x91
 1068 05bc 68       		.sleb128 -24
 1069 05bd 23       		.uleb128 0x23
 1070 05be 0A000000 		.4byte	.LBB2
 1071 05c2 32000000 		.4byte	.LBE2-.LBB2
 1072 05c6 24       		.uleb128 0x24
 1073 05c7 F0020000 		.4byte	.LASF59
 1074 05cb 01       		.byte	0x1
 1075 05cc 13       		.byte	0x13
 1076 05cd B8000000 		.4byte	0xb8
 1077 05d1 02       		.uleb128 0x2
 1078 05d2 91       		.byte	0x91
 1079 05d3 74       		.sleb128 -12
 1080 05d4 24       		.uleb128 0x24
 1081 05d5 E5050000 		.4byte	.LASF60
 1082 05d9 01       		.byte	0x1
 1083 05da 14       		.byte	0x14
 1084 05db A2000000 		.4byte	0xa2
 1085 05df 02       		.uleb128 0x2
 1086 05e0 91       		.byte	0x91
 1087 05e1 72       		.sleb128 -14
 1088 05e2 00       		.byte	0
 1089 05e3 00       		.byte	0
 1090 05e4 06       		.uleb128 0x6
 1091 05e5 31050000 		.4byte	0x531
 1092 05e9 20       		.uleb128 0x20
 1093 05ea E3040000 		.4byte	0x4e3
 1094 05ee 00000000 		.4byte	.LFB159
 1095 05f2 50000000 		.4byte	.LFE159-.LFB159
 1096 05f6 01       		.uleb128 0x1
 1097 05f7 9C       		.byte	0x9c
ARM GAS  C:\DOCUME~1\Chuck\LOCALS~1\Temp\cc7R3yPq.s 			page 22


 1098 05f8 00060000 		.4byte	0x600
 1099 05fc 25060000 		.4byte	0x625
 1100 0600 21       		.uleb128 0x21
 1101 0601 72030000 		.4byte	.LASF61
 1102 0605 E4050000 		.4byte	0x5e4
 1103 0609 02       		.uleb128 0x2
 1104 060a 91       		.byte	0x91
 1105 060b 6C       		.sleb128 -20
 1106 060c 23       		.uleb128 0x23
 1107 060d 08000000 		.4byte	.LBB3
 1108 0611 3C000000 		.4byte	.LBE3-.LBB3
 1109 0615 24       		.uleb128 0x24
 1110 0616 77030000 		.4byte	.LASF62
 1111 061a 01       		.byte	0x1
 1112 061b 1A       		.byte	0x1a
 1113 061c AD000000 		.4byte	0xad
 1114 0620 02       		.uleb128 0x2
 1115 0621 91       		.byte	0x91
 1116 0622 74       		.sleb128 -12
 1117 0623 00       		.byte	0
 1118 0624 00       		.byte	0
 1119 0625 20       		.uleb128 0x20
 1120 0626 09050000 		.4byte	0x509
 1121 062a 00000000 		.4byte	.LFB160
 1122 062e 22000000 		.4byte	.LFE160-.LFB160
 1123 0632 01       		.uleb128 0x1
 1124 0633 9C       		.byte	0x9c
 1125 0634 3C060000 		.4byte	0x63c
 1126 0638 57060000 		.4byte	0x657
 1127 063c 21       		.uleb128 0x21
 1128 063d 72030000 		.4byte	.LASF61
 1129 0641 E4050000 		.4byte	0x5e4
 1130 0645 02       		.uleb128 0x2
 1131 0646 91       		.byte	0x91
 1132 0647 74       		.sleb128 -12
 1133 0648 22       		.uleb128 0x22
 1134 0649 77030000 		.4byte	.LASF62
 1135 064d 01       		.byte	0x1
 1136 064e 27       		.byte	0x27
 1137 064f 97000000 		.4byte	0x97
 1138 0653 02       		.uleb128 0x2
 1139 0654 91       		.byte	0x91
 1140 0655 73       		.sleb128 -13
 1141 0656 00       		.byte	0
 1142 0657 25       		.uleb128 0x25
 1143 0658 C2030000 		.4byte	0x3c2
 1144 065c 02       		.byte	0x2
 1145 065d 1F       		.byte	0x1f
 1146 065e 02       		.byte	0x2
 1147 065f 67060000 		.4byte	0x667
 1148 0663 71060000 		.4byte	0x671
 1149 0667 26       		.uleb128 0x26
 1150 0668 72030000 		.4byte	.LASF61
 1151 066c 71060000 		.4byte	0x671
 1152 0670 00       		.byte	0
 1153 0671 06       		.uleb128 0x6
 1154 0672 4F040000 		.4byte	0x44f
ARM GAS  C:\DOCUME~1\Chuck\LOCALS~1\Temp\cc7R3yPq.s 			page 23


 1155 0676 27       		.uleb128 0x27
 1156 0677 57060000 		.4byte	0x657
 1157 067b 29000000 		.4byte	.LASF64
 1158 067f 00000000 		.4byte	.LFB163
 1159 0683 1C000000 		.4byte	.LFE163-.LFB163
 1160 0687 01       		.uleb128 0x1
 1161 0688 9C       		.byte	0x9c
 1162 0689 91060000 		.4byte	0x691
 1163 068d 9A060000 		.4byte	0x69a
 1164 0691 28       		.uleb128 0x28
 1165 0692 67060000 		.4byte	0x667
 1166 0696 02       		.uleb128 0x2
 1167 0697 91       		.byte	0x91
 1168 0698 74       		.sleb128 -12
 1169 0699 00       		.byte	0
 1170 069a 25       		.uleb128 0x25
 1171 069b A4040000 		.4byte	0x4a4
 1172 069f 03       		.byte	0x3
 1173 06a0 15       		.byte	0x15
 1174 06a1 02       		.byte	0x2
 1175 06a2 AA060000 		.4byte	0x6aa
 1176 06a6 B4060000 		.4byte	0x6b4
 1177 06aa 26       		.uleb128 0x26
 1178 06ab 72030000 		.4byte	.LASF61
 1179 06af E4050000 		.4byte	0x5e4
 1180 06b3 00       		.byte	0
 1181 06b4 29       		.uleb128 0x29
 1182 06b5 9A060000 		.4byte	0x69a
 1183 06b9 DB030000 		.4byte	.LASF65
 1184 06bd 00000000 		.4byte	.LFB165
 1185 06c1 24000000 		.4byte	.LFE165-.LFB165
 1186 06c5 01       		.uleb128 0x1
 1187 06c6 9C       		.byte	0x9c
 1188 06c7 CF060000 		.4byte	0x6cf
 1189 06cb D8060000 		.4byte	0x6d8
 1190 06cf 28       		.uleb128 0x28
 1191 06d0 AA060000 		.4byte	0x6aa
 1192 06d4 02       		.uleb128 0x2
 1193 06d5 91       		.byte	0x91
 1194 06d6 74       		.sleb128 -12
 1195 06d7 00       		.byte	0
 1196 06d8 2A       		.uleb128 0x2a
 1197 06d9 3D030000 		.4byte	.LASF78
 1198 06dd 00000000 		.4byte	.LFB167
 1199 06e1 30000000 		.4byte	.LFE167-.LFB167
 1200 06e5 01       		.uleb128 0x1
 1201 06e6 9C       		.byte	0x9c
 1202 06e7 08070000 		.4byte	0x708
 1203 06eb 22       		.uleb128 0x22
 1204 06ec CE010000 		.4byte	.LASF66
 1205 06f0 01       		.byte	0x1
 1206 06f1 2C       		.byte	0x2c
 1207 06f2 89000000 		.4byte	0x89
 1208 06f6 02       		.uleb128 0x2
 1209 06f7 91       		.byte	0x91
 1210 06f8 74       		.sleb128 -12
 1211 06f9 22       		.uleb128 0x22
ARM GAS  C:\DOCUME~1\Chuck\LOCALS~1\Temp\cc7R3yPq.s 			page 24


 1212 06fa 67030000 		.4byte	.LASF67
 1213 06fe 01       		.byte	0x1
 1214 06ff 2C       		.byte	0x2c
 1215 0700 89000000 		.4byte	0x89
 1216 0704 02       		.uleb128 0x2
 1217 0705 91       		.byte	0x91
 1218 0706 70       		.sleb128 -16
 1219 0707 00       		.byte	0
 1220 0708 2B       		.uleb128 0x2b
 1221 0709 0E040000 		.4byte	.LASF79
 1222 070d 00000000 		.4byte	.LFB168
 1223 0711 18000000 		.4byte	.LFE168-.LFB168
 1224 0715 01       		.uleb128 0x1
 1225 0716 9C       		.byte	0x9c
 1226 0717 2C       		.uleb128 0x2c
 1227 0718 B3050000 		.4byte	.LASF69
 1228 071c 01       		.byte	0x1
 1229 071d 2C       		.byte	0x2c
 1230 071e 70040000 		.4byte	0x470
 1231 0722 05       		.uleb128 0x5
 1232 0723 03       		.byte	0x3
 1233 0724 00000000 		.4byte	Uart0
 1234 0728 2D       		.uleb128 0x2d
 1235 0729 DB000000 		.4byte	0xdb
 1236 072d 38070000 		.4byte	0x738
 1237 0731 2E       		.uleb128 0x2e
 1238 0732 CE000000 		.4byte	0xce
 1239 0736 1B       		.byte	0x1b
 1240 0737 00       		.byte	0
 1241 0738 06       		.uleb128 0x6
 1242 0739 28070000 		.4byte	0x728
 1243 073d 2F       		.uleb128 0x2f
 1244 073e 68030000 		.4byte	0x368
 1245 0742 05       		.uleb128 0x5
 1246 0743 03       		.byte	0x3
 1247 0744 14000000 		.4byte	_ZN14rosserial_msgsL12REQUESTPARAME
 1248 0748 00       		.byte	0
 1249              		.section	.debug_abbrev,"",%progbits
 1250              	.Ldebug_abbrev0:
 1251 0000 01       		.uleb128 0x1
 1252 0001 11       		.uleb128 0x11
 1253 0002 01       		.byte	0x1
 1254 0003 25       		.uleb128 0x25
 1255 0004 0E       		.uleb128 0xe
 1256 0005 13       		.uleb128 0x13
 1257 0006 0B       		.uleb128 0xb
 1258 0007 03       		.uleb128 0x3
 1259 0008 0E       		.uleb128 0xe
 1260 0009 1B       		.uleb128 0x1b
 1261 000a 0E       		.uleb128 0xe
 1262 000b 55       		.uleb128 0x55
 1263 000c 17       		.uleb128 0x17
 1264 000d 11       		.uleb128 0x11
 1265 000e 01       		.uleb128 0x1
 1266 000f 10       		.uleb128 0x10
 1267 0010 17       		.uleb128 0x17
 1268 0011 00       		.byte	0
ARM GAS  C:\DOCUME~1\Chuck\LOCALS~1\Temp\cc7R3yPq.s 			page 25


 1269 0012 00       		.byte	0
 1270 0013 02       		.uleb128 0x2
 1271 0014 24       		.uleb128 0x24
 1272 0015 00       		.byte	0
 1273 0016 0B       		.uleb128 0xb
 1274 0017 0B       		.uleb128 0xb
 1275 0018 3E       		.uleb128 0x3e
 1276 0019 0B       		.uleb128 0xb
 1277 001a 03       		.uleb128 0x3
 1278 001b 0E       		.uleb128 0xe
 1279 001c 00       		.byte	0
 1280 001d 00       		.byte	0
 1281 001e 03       		.uleb128 0x3
 1282 001f 16       		.uleb128 0x16
 1283 0020 00       		.byte	0
 1284 0021 03       		.uleb128 0x3
 1285 0022 0E       		.uleb128 0xe
 1286 0023 3A       		.uleb128 0x3a
 1287 0024 0B       		.uleb128 0xb
 1288 0025 3B       		.uleb128 0x3b
 1289 0026 0B       		.uleb128 0xb
 1290 0027 49       		.uleb128 0x49
 1291 0028 13       		.uleb128 0x13
 1292 0029 00       		.byte	0
 1293 002a 00       		.byte	0
 1294 002b 04       		.uleb128 0x4
 1295 002c 24       		.uleb128 0x24
 1296 002d 00       		.byte	0
 1297 002e 0B       		.uleb128 0xb
 1298 002f 0B       		.uleb128 0xb
 1299 0030 3E       		.uleb128 0x3e
 1300 0031 0B       		.uleb128 0xb
 1301 0032 03       		.uleb128 0x3
 1302 0033 08       		.uleb128 0x8
 1303 0034 00       		.byte	0
 1304 0035 00       		.byte	0
 1305 0036 05       		.uleb128 0x5
 1306 0037 0F       		.uleb128 0xf
 1307 0038 00       		.byte	0
 1308 0039 0B       		.uleb128 0xb
 1309 003a 0B       		.uleb128 0xb
 1310 003b 49       		.uleb128 0x49
 1311 003c 13       		.uleb128 0x13
 1312 003d 00       		.byte	0
 1313 003e 00       		.byte	0
 1314 003f 06       		.uleb128 0x6
 1315 0040 26       		.uleb128 0x26
 1316 0041 00       		.byte	0
 1317 0042 49       		.uleb128 0x49
 1318 0043 13       		.uleb128 0x13
 1319 0044 00       		.byte	0
 1320 0045 00       		.byte	0
 1321 0046 07       		.uleb128 0x7
 1322 0047 39       		.uleb128 0x39
 1323 0048 01       		.byte	0x1
 1324 0049 03       		.uleb128 0x3
 1325 004a 08       		.uleb128 0x8
ARM GAS  C:\DOCUME~1\Chuck\LOCALS~1\Temp\cc7R3yPq.s 			page 26


 1326 004b 3A       		.uleb128 0x3a
 1327 004c 0B       		.uleb128 0xb
 1328 004d 3B       		.uleb128 0x3b
 1329 004e 0B       		.uleb128 0xb
 1330 004f 01       		.uleb128 0x1
 1331 0050 13       		.uleb128 0x13
 1332 0051 00       		.byte	0
 1333 0052 00       		.byte	0
 1334 0053 08       		.uleb128 0x8
 1335 0054 02       		.uleb128 0x2
 1336 0055 01       		.byte	0x1
 1337 0056 03       		.uleb128 0x3
 1338 0057 08       		.uleb128 0x8
 1339 0058 0B       		.uleb128 0xb
 1340 0059 0B       		.uleb128 0xb
 1341 005a 3A       		.uleb128 0x3a
 1342 005b 0B       		.uleb128 0xb
 1343 005c 3B       		.uleb128 0x3b
 1344 005d 0B       		.uleb128 0xb
 1345 005e 1D       		.uleb128 0x1d
 1346 005f 13       		.uleb128 0x13
 1347 0060 01       		.uleb128 0x1
 1348 0061 13       		.uleb128 0x13
 1349 0062 00       		.byte	0
 1350 0063 00       		.byte	0
 1351 0064 09       		.uleb128 0x9
 1352 0065 0D       		.uleb128 0xd
 1353 0066 00       		.byte	0
 1354 0067 03       		.uleb128 0x3
 1355 0068 0E       		.uleb128 0xe
 1356 0069 49       		.uleb128 0x49
 1357 006a 13       		.uleb128 0x13
 1358 006b 38       		.uleb128 0x38
 1359 006c 0B       		.uleb128 0xb
 1360 006d 34       		.uleb128 0x34
 1361 006e 19       		.uleb128 0x19
 1362 006f 32       		.uleb128 0x32
 1363 0070 0B       		.uleb128 0xb
 1364 0071 00       		.byte	0
 1365 0072 00       		.byte	0
 1366 0073 0A       		.uleb128 0xa
 1367 0074 2E       		.uleb128 0x2e
 1368 0075 01       		.byte	0x1
 1369 0076 3F       		.uleb128 0x3f
 1370 0077 19       		.uleb128 0x19
 1371 0078 03       		.uleb128 0x3
 1372 0079 08       		.uleb128 0x8
 1373 007a 49       		.uleb128 0x49
 1374 007b 13       		.uleb128 0x13
 1375 007c 34       		.uleb128 0x34
 1376 007d 19       		.uleb128 0x19
 1377 007e 32       		.uleb128 0x32
 1378 007f 0B       		.uleb128 0xb
 1379 0080 3C       		.uleb128 0x3c
 1380 0081 19       		.uleb128 0x19
 1381 0082 64       		.uleb128 0x64
 1382 0083 13       		.uleb128 0x13
ARM GAS  C:\DOCUME~1\Chuck\LOCALS~1\Temp\cc7R3yPq.s 			page 27


 1383 0084 01       		.uleb128 0x1
 1384 0085 13       		.uleb128 0x13
 1385 0086 00       		.byte	0
 1386 0087 00       		.byte	0
 1387 0088 0B       		.uleb128 0xb
 1388 0089 05       		.uleb128 0x5
 1389 008a 00       		.byte	0
 1390 008b 49       		.uleb128 0x49
 1391 008c 13       		.uleb128 0x13
 1392 008d 34       		.uleb128 0x34
 1393 008e 19       		.uleb128 0x19
 1394 008f 00       		.byte	0
 1395 0090 00       		.byte	0
 1396 0091 0C       		.uleb128 0xc
 1397 0092 05       		.uleb128 0x5
 1398 0093 00       		.byte	0
 1399 0094 49       		.uleb128 0x49
 1400 0095 13       		.uleb128 0x13
 1401 0096 00       		.byte	0
 1402 0097 00       		.byte	0
 1403 0098 0D       		.uleb128 0xd
 1404 0099 2E       		.uleb128 0x2e
 1405 009a 01       		.byte	0x1
 1406 009b 3F       		.uleb128 0x3f
 1407 009c 19       		.uleb128 0x19
 1408 009d 03       		.uleb128 0x3
 1409 009e 0E       		.uleb128 0xe
 1410 009f 3A       		.uleb128 0x3a
 1411 00a0 0B       		.uleb128 0xb
 1412 00a1 3B       		.uleb128 0x3b
 1413 00a2 0B       		.uleb128 0xb
 1414 00a3 6E       		.uleb128 0x6e
 1415 00a4 0E       		.uleb128 0xe
 1416 00a5 49       		.uleb128 0x49
 1417 00a6 13       		.uleb128 0x13
 1418 00a7 4C       		.uleb128 0x4c
 1419 00a8 0B       		.uleb128 0xb
 1420 00a9 4D       		.uleb128 0x4d
 1421 00aa 18       		.uleb128 0x18
 1422 00ab 1D       		.uleb128 0x1d
 1423 00ac 13       		.uleb128 0x13
 1424 00ad 32       		.uleb128 0x32
 1425 00ae 0B       		.uleb128 0xb
 1426 00af 3C       		.uleb128 0x3c
 1427 00b0 19       		.uleb128 0x19
 1428 00b1 64       		.uleb128 0x64
 1429 00b2 13       		.uleb128 0x13
 1430 00b3 01       		.uleb128 0x1
 1431 00b4 13       		.uleb128 0x13
 1432 00b5 00       		.byte	0
 1433 00b6 00       		.byte	0
 1434 00b7 0E       		.uleb128 0xe
 1435 00b8 2E       		.uleb128 0x2e
 1436 00b9 01       		.byte	0x1
 1437 00ba 3F       		.uleb128 0x3f
 1438 00bb 19       		.uleb128 0x19
 1439 00bc 03       		.uleb128 0x3
ARM GAS  C:\DOCUME~1\Chuck\LOCALS~1\Temp\cc7R3yPq.s 			page 28


 1440 00bd 0E       		.uleb128 0xe
 1441 00be 3A       		.uleb128 0x3a
 1442 00bf 0B       		.uleb128 0xb
 1443 00c0 3B       		.uleb128 0x3b
 1444 00c1 0B       		.uleb128 0xb
 1445 00c2 6E       		.uleb128 0x6e
 1446 00c3 0E       		.uleb128 0xe
 1447 00c4 49       		.uleb128 0x49
 1448 00c5 13       		.uleb128 0x13
 1449 00c6 32       		.uleb128 0x32
 1450 00c7 0B       		.uleb128 0xb
 1451 00c8 3C       		.uleb128 0x3c
 1452 00c9 19       		.uleb128 0x19
 1453 00ca 01       		.uleb128 0x1
 1454 00cb 13       		.uleb128 0x13
 1455 00cc 00       		.byte	0
 1456 00cd 00       		.byte	0
 1457 00ce 0F       		.uleb128 0xf
 1458 00cf 2E       		.uleb128 0x2e
 1459 00d0 01       		.byte	0x1
 1460 00d1 3F       		.uleb128 0x3f
 1461 00d2 19       		.uleb128 0x19
 1462 00d3 03       		.uleb128 0x3
 1463 00d4 0E       		.uleb128 0xe
 1464 00d5 3A       		.uleb128 0x3a
 1465 00d6 0B       		.uleb128 0xb
 1466 00d7 3B       		.uleb128 0x3b
 1467 00d8 0B       		.uleb128 0xb
 1468 00d9 6E       		.uleb128 0x6e
 1469 00da 0E       		.uleb128 0xe
 1470 00db 49       		.uleb128 0x49
 1471 00dc 13       		.uleb128 0x13
 1472 00dd 32       		.uleb128 0x32
 1473 00de 0B       		.uleb128 0xb
 1474 00df 3C       		.uleb128 0x3c
 1475 00e0 19       		.uleb128 0x19
 1476 00e1 00       		.byte	0
 1477 00e2 00       		.byte	0
 1478 00e3 10       		.uleb128 0x10
 1479 00e4 08       		.uleb128 0x8
 1480 00e5 00       		.byte	0
 1481 00e6 3A       		.uleb128 0x3a
 1482 00e7 0B       		.uleb128 0xb
 1483 00e8 3B       		.uleb128 0x3b
 1484 00e9 0B       		.uleb128 0xb
 1485 00ea 18       		.uleb128 0x18
 1486 00eb 13       		.uleb128 0x13
 1487 00ec 00       		.byte	0
 1488 00ed 00       		.byte	0
 1489 00ee 11       		.uleb128 0x11
 1490 00ef 39       		.uleb128 0x39
 1491 00f0 01       		.byte	0x1
 1492 00f1 03       		.uleb128 0x3
 1493 00f2 0E       		.uleb128 0xe
 1494 00f3 3A       		.uleb128 0x3a
 1495 00f4 0B       		.uleb128 0xb
 1496 00f5 3B       		.uleb128 0x3b
ARM GAS  C:\DOCUME~1\Chuck\LOCALS~1\Temp\cc7R3yPq.s 			page 29


 1497 00f6 0B       		.uleb128 0xb
 1498 00f7 01       		.uleb128 0x1
 1499 00f8 13       		.uleb128 0x13
 1500 00f9 00       		.byte	0
 1501 00fa 00       		.byte	0
 1502 00fb 12       		.uleb128 0x12
 1503 00fc 02       		.uleb128 0x2
 1504 00fd 01       		.byte	0x1
 1505 00fe 03       		.uleb128 0x3
 1506 00ff 0E       		.uleb128 0xe
 1507 0100 0B       		.uleb128 0xb
 1508 0101 0B       		.uleb128 0xb
 1509 0102 3A       		.uleb128 0x3a
 1510 0103 0B       		.uleb128 0xb
 1511 0104 3B       		.uleb128 0x3b
 1512 0105 0B       		.uleb128 0xb
 1513 0106 1D       		.uleb128 0x1d
 1514 0107 13       		.uleb128 0x13
 1515 0108 01       		.uleb128 0x1
 1516 0109 13       		.uleb128 0x13
 1517 010a 00       		.byte	0
 1518 010b 00       		.byte	0
 1519 010c 13       		.uleb128 0x13
 1520 010d 1C       		.uleb128 0x1c
 1521 010e 00       		.byte	0
 1522 010f 49       		.uleb128 0x49
 1523 0110 13       		.uleb128 0x13
 1524 0111 38       		.uleb128 0x38
 1525 0112 0B       		.uleb128 0xb
 1526 0113 32       		.uleb128 0x32
 1527 0114 0B       		.uleb128 0xb
 1528 0115 00       		.byte	0
 1529 0116 00       		.byte	0
 1530 0117 14       		.uleb128 0x14
 1531 0118 0D       		.uleb128 0xd
 1532 0119 00       		.byte	0
 1533 011a 03       		.uleb128 0x3
 1534 011b 0E       		.uleb128 0xe
 1535 011c 3A       		.uleb128 0x3a
 1536 011d 0B       		.uleb128 0xb
 1537 011e 3B       		.uleb128 0x3b
 1538 011f 0B       		.uleb128 0xb
 1539 0120 49       		.uleb128 0x49
 1540 0121 13       		.uleb128 0x13
 1541 0122 38       		.uleb128 0x38
 1542 0123 0B       		.uleb128 0xb
 1543 0124 32       		.uleb128 0x32
 1544 0125 0B       		.uleb128 0xb
 1545 0126 00       		.byte	0
 1546 0127 00       		.byte	0
 1547 0128 15       		.uleb128 0x15
 1548 0129 2E       		.uleb128 0x2e
 1549 012a 01       		.byte	0x1
 1550 012b 3F       		.uleb128 0x3f
 1551 012c 19       		.uleb128 0x19
 1552 012d 03       		.uleb128 0x3
 1553 012e 0E       		.uleb128 0xe
ARM GAS  C:\DOCUME~1\Chuck\LOCALS~1\Temp\cc7R3yPq.s 			page 30


 1554 012f 3A       		.uleb128 0x3a
 1555 0130 0B       		.uleb128 0xb
 1556 0131 3B       		.uleb128 0x3b
 1557 0132 0B       		.uleb128 0xb
 1558 0133 49       		.uleb128 0x49
 1559 0134 13       		.uleb128 0x13
 1560 0135 32       		.uleb128 0x32
 1561 0136 0B       		.uleb128 0xb
 1562 0137 3C       		.uleb128 0x3c
 1563 0138 19       		.uleb128 0x19
 1564 0139 64       		.uleb128 0x64
 1565 013a 13       		.uleb128 0x13
 1566 013b 01       		.uleb128 0x1
 1567 013c 13       		.uleb128 0x13
 1568 013d 00       		.byte	0
 1569 013e 00       		.byte	0
 1570 013f 16       		.uleb128 0x16
 1571 0140 2E       		.uleb128 0x2e
 1572 0141 01       		.byte	0x1
 1573 0142 3F       		.uleb128 0x3f
 1574 0143 19       		.uleb128 0x19
 1575 0144 03       		.uleb128 0x3
 1576 0145 0E       		.uleb128 0xe
 1577 0146 3A       		.uleb128 0x3a
 1578 0147 0B       		.uleb128 0xb
 1579 0148 3B       		.uleb128 0x3b
 1580 0149 0B       		.uleb128 0xb
 1581 014a 6E       		.uleb128 0x6e
 1582 014b 0E       		.uleb128 0xe
 1583 014c 49       		.uleb128 0x49
 1584 014d 13       		.uleb128 0x13
 1585 014e 4C       		.uleb128 0x4c
 1586 014f 0B       		.uleb128 0xb
 1587 0150 4D       		.uleb128 0x4d
 1588 0151 18       		.uleb128 0x18
 1589 0152 1D       		.uleb128 0x1d
 1590 0153 13       		.uleb128 0x13
 1591 0154 32       		.uleb128 0x32
 1592 0155 0B       		.uleb128 0xb
 1593 0156 3C       		.uleb128 0x3c
 1594 0157 19       		.uleb128 0x19
 1595 0158 64       		.uleb128 0x64
 1596 0159 13       		.uleb128 0x13
 1597 015a 00       		.byte	0
 1598 015b 00       		.byte	0
 1599 015c 17       		.uleb128 0x17
 1600 015d 34       		.uleb128 0x34
 1601 015e 00       		.byte	0
 1602 015f 03       		.uleb128 0x3
 1603 0160 0E       		.uleb128 0xe
 1604 0161 3A       		.uleb128 0x3a
 1605 0162 0B       		.uleb128 0xb
 1606 0163 3B       		.uleb128 0x3b
 1607 0164 0B       		.uleb128 0xb
 1608 0165 49       		.uleb128 0x49
 1609 0166 13       		.uleb128 0x13
 1610 0167 3C       		.uleb128 0x3c
ARM GAS  C:\DOCUME~1\Chuck\LOCALS~1\Temp\cc7R3yPq.s 			page 31


 1611 0168 19       		.uleb128 0x19
 1612 0169 1C       		.uleb128 0x1c
 1613 016a 0E       		.uleb128 0xe
 1614 016b 00       		.byte	0
 1615 016c 00       		.byte	0
 1616 016d 18       		.uleb128 0x18
 1617 016e 10       		.uleb128 0x10
 1618 016f 00       		.byte	0
 1619 0170 0B       		.uleb128 0xb
 1620 0171 0B       		.uleb128 0xb
 1621 0172 49       		.uleb128 0x49
 1622 0173 13       		.uleb128 0x13
 1623 0174 00       		.byte	0
 1624 0175 00       		.byte	0
 1625 0176 19       		.uleb128 0x19
 1626 0177 2E       		.uleb128 0x2e
 1627 0178 01       		.byte	0x1
 1628 0179 3F       		.uleb128 0x3f
 1629 017a 19       		.uleb128 0x19
 1630 017b 03       		.uleb128 0x3
 1631 017c 0E       		.uleb128 0xe
 1632 017d 49       		.uleb128 0x49
 1633 017e 13       		.uleb128 0x13
 1634 017f 34       		.uleb128 0x34
 1635 0180 19       		.uleb128 0x19
 1636 0181 32       		.uleb128 0x32
 1637 0182 0B       		.uleb128 0xb
 1638 0183 3C       		.uleb128 0x3c
 1639 0184 19       		.uleb128 0x19
 1640 0185 64       		.uleb128 0x64
 1641 0186 13       		.uleb128 0x13
 1642 0187 01       		.uleb128 0x1
 1643 0188 13       		.uleb128 0x13
 1644 0189 00       		.byte	0
 1645 018a 00       		.byte	0
 1646 018b 1A       		.uleb128 0x1a
 1647 018c 2E       		.uleb128 0x2e
 1648 018d 01       		.byte	0x1
 1649 018e 3F       		.uleb128 0x3f
 1650 018f 19       		.uleb128 0x19
 1651 0190 03       		.uleb128 0x3
 1652 0191 0E       		.uleb128 0xe
 1653 0192 3A       		.uleb128 0x3a
 1654 0193 0B       		.uleb128 0xb
 1655 0194 3B       		.uleb128 0x3b
 1656 0195 0B       		.uleb128 0xb
 1657 0196 6E       		.uleb128 0x6e
 1658 0197 0E       		.uleb128 0xe
 1659 0198 4C       		.uleb128 0x4c
 1660 0199 0B       		.uleb128 0xb
 1661 019a 4D       		.uleb128 0x4d
 1662 019b 18       		.uleb128 0x18
 1663 019c 1D       		.uleb128 0x1d
 1664 019d 13       		.uleb128 0x13
 1665 019e 32       		.uleb128 0x32
 1666 019f 0B       		.uleb128 0xb
 1667 01a0 3C       		.uleb128 0x3c
ARM GAS  C:\DOCUME~1\Chuck\LOCALS~1\Temp\cc7R3yPq.s 			page 32


 1668 01a1 19       		.uleb128 0x19
 1669 01a2 64       		.uleb128 0x64
 1670 01a3 13       		.uleb128 0x13
 1671 01a4 01       		.uleb128 0x1
 1672 01a5 13       		.uleb128 0x13
 1673 01a6 00       		.byte	0
 1674 01a7 00       		.byte	0
 1675 01a8 1B       		.uleb128 0x1b
 1676 01a9 35       		.uleb128 0x35
 1677 01aa 00       		.byte	0
 1678 01ab 49       		.uleb128 0x49
 1679 01ac 13       		.uleb128 0x13
 1680 01ad 00       		.byte	0
 1681 01ae 00       		.byte	0
 1682 01af 1C       		.uleb128 0x1c
 1683 01b0 15       		.uleb128 0x15
 1684 01b1 01       		.byte	0x1
 1685 01b2 49       		.uleb128 0x49
 1686 01b3 13       		.uleb128 0x13
 1687 01b4 01       		.uleb128 0x1
 1688 01b5 13       		.uleb128 0x13
 1689 01b6 00       		.byte	0
 1690 01b7 00       		.byte	0
 1691 01b8 1D       		.uleb128 0x1d
 1692 01b9 18       		.uleb128 0x18
 1693 01ba 00       		.byte	0
 1694 01bb 00       		.byte	0
 1695 01bc 00       		.byte	0
 1696 01bd 1E       		.uleb128 0x1e
 1697 01be 0F       		.uleb128 0xf
 1698 01bf 00       		.byte	0
 1699 01c0 0B       		.uleb128 0xb
 1700 01c1 0B       		.uleb128 0xb
 1701 01c2 03       		.uleb128 0x3
 1702 01c3 0E       		.uleb128 0xe
 1703 01c4 49       		.uleb128 0x49
 1704 01c5 13       		.uleb128 0x13
 1705 01c6 00       		.byte	0
 1706 01c7 00       		.byte	0
 1707 01c8 1F       		.uleb128 0x1f
 1708 01c9 39       		.uleb128 0x39
 1709 01ca 00       		.byte	0
 1710 01cb 03       		.uleb128 0x3
 1711 01cc 0E       		.uleb128 0xe
 1712 01cd 3A       		.uleb128 0x3a
 1713 01ce 0B       		.uleb128 0xb
 1714 01cf 3B       		.uleb128 0x3b
 1715 01d0 0B       		.uleb128 0xb
 1716 01d1 00       		.byte	0
 1717 01d2 00       		.byte	0
 1718 01d3 20       		.uleb128 0x20
 1719 01d4 2E       		.uleb128 0x2e
 1720 01d5 01       		.byte	0x1
 1721 01d6 47       		.uleb128 0x47
 1722 01d7 13       		.uleb128 0x13
 1723 01d8 11       		.uleb128 0x11
 1724 01d9 01       		.uleb128 0x1
ARM GAS  C:\DOCUME~1\Chuck\LOCALS~1\Temp\cc7R3yPq.s 			page 33


 1725 01da 12       		.uleb128 0x12
 1726 01db 06       		.uleb128 0x6
 1727 01dc 40       		.uleb128 0x40
 1728 01dd 18       		.uleb128 0x18
 1729 01de 64       		.uleb128 0x64
 1730 01df 13       		.uleb128 0x13
 1731 01e0 9642     		.uleb128 0x2116
 1732 01e2 19       		.uleb128 0x19
 1733 01e3 01       		.uleb128 0x1
 1734 01e4 13       		.uleb128 0x13
 1735 01e5 00       		.byte	0
 1736 01e6 00       		.byte	0
 1737 01e7 21       		.uleb128 0x21
 1738 01e8 05       		.uleb128 0x5
 1739 01e9 00       		.byte	0
 1740 01ea 03       		.uleb128 0x3
 1741 01eb 0E       		.uleb128 0xe
 1742 01ec 49       		.uleb128 0x49
 1743 01ed 13       		.uleb128 0x13
 1744 01ee 34       		.uleb128 0x34
 1745 01ef 19       		.uleb128 0x19
 1746 01f0 02       		.uleb128 0x2
 1747 01f1 18       		.uleb128 0x18
 1748 01f2 00       		.byte	0
 1749 01f3 00       		.byte	0
 1750 01f4 22       		.uleb128 0x22
 1751 01f5 05       		.uleb128 0x5
 1752 01f6 00       		.byte	0
 1753 01f7 03       		.uleb128 0x3
 1754 01f8 0E       		.uleb128 0xe
 1755 01f9 3A       		.uleb128 0x3a
 1756 01fa 0B       		.uleb128 0xb
 1757 01fb 3B       		.uleb128 0x3b
 1758 01fc 0B       		.uleb128 0xb
 1759 01fd 49       		.uleb128 0x49
 1760 01fe 13       		.uleb128 0x13
 1761 01ff 02       		.uleb128 0x2
 1762 0200 18       		.uleb128 0x18
 1763 0201 00       		.byte	0
 1764 0202 00       		.byte	0
 1765 0203 23       		.uleb128 0x23
 1766 0204 0B       		.uleb128 0xb
 1767 0205 01       		.byte	0x1
 1768 0206 11       		.uleb128 0x11
 1769 0207 01       		.uleb128 0x1
 1770 0208 12       		.uleb128 0x12
 1771 0209 06       		.uleb128 0x6
 1772 020a 00       		.byte	0
 1773 020b 00       		.byte	0
 1774 020c 24       		.uleb128 0x24
 1775 020d 34       		.uleb128 0x34
 1776 020e 00       		.byte	0
 1777 020f 03       		.uleb128 0x3
 1778 0210 0E       		.uleb128 0xe
 1779 0211 3A       		.uleb128 0x3a
 1780 0212 0B       		.uleb128 0xb
 1781 0213 3B       		.uleb128 0x3b
ARM GAS  C:\DOCUME~1\Chuck\LOCALS~1\Temp\cc7R3yPq.s 			page 34


 1782 0214 0B       		.uleb128 0xb
 1783 0215 49       		.uleb128 0x49
 1784 0216 13       		.uleb128 0x13
 1785 0217 02       		.uleb128 0x2
 1786 0218 18       		.uleb128 0x18
 1787 0219 00       		.byte	0
 1788 021a 00       		.byte	0
 1789 021b 25       		.uleb128 0x25
 1790 021c 2E       		.uleb128 0x2e
 1791 021d 01       		.byte	0x1
 1792 021e 47       		.uleb128 0x47
 1793 021f 13       		.uleb128 0x13
 1794 0220 3A       		.uleb128 0x3a
 1795 0221 0B       		.uleb128 0xb
 1796 0222 3B       		.uleb128 0x3b
 1797 0223 0B       		.uleb128 0xb
 1798 0224 20       		.uleb128 0x20
 1799 0225 0B       		.uleb128 0xb
 1800 0226 64       		.uleb128 0x64
 1801 0227 13       		.uleb128 0x13
 1802 0228 01       		.uleb128 0x1
 1803 0229 13       		.uleb128 0x13
 1804 022a 00       		.byte	0
 1805 022b 00       		.byte	0
 1806 022c 26       		.uleb128 0x26
 1807 022d 05       		.uleb128 0x5
 1808 022e 00       		.byte	0
 1809 022f 03       		.uleb128 0x3
 1810 0230 0E       		.uleb128 0xe
 1811 0231 49       		.uleb128 0x49
 1812 0232 13       		.uleb128 0x13
 1813 0233 34       		.uleb128 0x34
 1814 0234 19       		.uleb128 0x19
 1815 0235 00       		.byte	0
 1816 0236 00       		.byte	0
 1817 0237 27       		.uleb128 0x27
 1818 0238 2E       		.uleb128 0x2e
 1819 0239 01       		.byte	0x1
 1820 023a 31       		.uleb128 0x31
 1821 023b 13       		.uleb128 0x13
 1822 023c 6E       		.uleb128 0x6e
 1823 023d 0E       		.uleb128 0xe
 1824 023e 11       		.uleb128 0x11
 1825 023f 01       		.uleb128 0x1
 1826 0240 12       		.uleb128 0x12
 1827 0241 06       		.uleb128 0x6
 1828 0242 40       		.uleb128 0x40
 1829 0243 18       		.uleb128 0x18
 1830 0244 64       		.uleb128 0x64
 1831 0245 13       		.uleb128 0x13
 1832 0246 9742     		.uleb128 0x2117
 1833 0248 19       		.uleb128 0x19
 1834 0249 01       		.uleb128 0x1
 1835 024a 13       		.uleb128 0x13
 1836 024b 00       		.byte	0
 1837 024c 00       		.byte	0
 1838 024d 28       		.uleb128 0x28
ARM GAS  C:\DOCUME~1\Chuck\LOCALS~1\Temp\cc7R3yPq.s 			page 35


 1839 024e 05       		.uleb128 0x5
 1840 024f 00       		.byte	0
 1841 0250 31       		.uleb128 0x31
 1842 0251 13       		.uleb128 0x13
 1843 0252 02       		.uleb128 0x2
 1844 0253 18       		.uleb128 0x18
 1845 0254 00       		.byte	0
 1846 0255 00       		.byte	0
 1847 0256 29       		.uleb128 0x29
 1848 0257 2E       		.uleb128 0x2e
 1849 0258 01       		.byte	0x1
 1850 0259 31       		.uleb128 0x31
 1851 025a 13       		.uleb128 0x13
 1852 025b 6E       		.uleb128 0x6e
 1853 025c 0E       		.uleb128 0xe
 1854 025d 11       		.uleb128 0x11
 1855 025e 01       		.uleb128 0x1
 1856 025f 12       		.uleb128 0x12
 1857 0260 06       		.uleb128 0x6
 1858 0261 40       		.uleb128 0x40
 1859 0262 18       		.uleb128 0x18
 1860 0263 64       		.uleb128 0x64
 1861 0264 13       		.uleb128 0x13
 1862 0265 9642     		.uleb128 0x2116
 1863 0267 19       		.uleb128 0x19
 1864 0268 01       		.uleb128 0x1
 1865 0269 13       		.uleb128 0x13
 1866 026a 00       		.byte	0
 1867 026b 00       		.byte	0
 1868 026c 2A       		.uleb128 0x2a
 1869 026d 2E       		.uleb128 0x2e
 1870 026e 01       		.byte	0x1
 1871 026f 03       		.uleb128 0x3
 1872 0270 0E       		.uleb128 0xe
 1873 0271 34       		.uleb128 0x34
 1874 0272 19       		.uleb128 0x19
 1875 0273 11       		.uleb128 0x11
 1876 0274 01       		.uleb128 0x1
 1877 0275 12       		.uleb128 0x12
 1878 0276 06       		.uleb128 0x6
 1879 0277 40       		.uleb128 0x40
 1880 0278 18       		.uleb128 0x18
 1881 0279 9642     		.uleb128 0x2116
 1882 027b 19       		.uleb128 0x19
 1883 027c 01       		.uleb128 0x1
 1884 027d 13       		.uleb128 0x13
 1885 027e 00       		.byte	0
 1886 027f 00       		.byte	0
 1887 0280 2B       		.uleb128 0x2b
 1888 0281 2E       		.uleb128 0x2e
 1889 0282 00       		.byte	0
 1890 0283 03       		.uleb128 0x3
 1891 0284 0E       		.uleb128 0xe
 1892 0285 34       		.uleb128 0x34
 1893 0286 19       		.uleb128 0x19
 1894 0287 11       		.uleb128 0x11
 1895 0288 01       		.uleb128 0x1
ARM GAS  C:\DOCUME~1\Chuck\LOCALS~1\Temp\cc7R3yPq.s 			page 36


 1896 0289 12       		.uleb128 0x12
 1897 028a 06       		.uleb128 0x6
 1898 028b 40       		.uleb128 0x40
 1899 028c 18       		.uleb128 0x18
 1900 028d 9642     		.uleb128 0x2116
 1901 028f 19       		.uleb128 0x19
 1902 0290 00       		.byte	0
 1903 0291 00       		.byte	0
 1904 0292 2C       		.uleb128 0x2c
 1905 0293 34       		.uleb128 0x34
 1906 0294 00       		.byte	0
 1907 0295 03       		.uleb128 0x3
 1908 0296 0E       		.uleb128 0xe
 1909 0297 3A       		.uleb128 0x3a
 1910 0298 0B       		.uleb128 0xb
 1911 0299 3B       		.uleb128 0x3b
 1912 029a 0B       		.uleb128 0xb
 1913 029b 49       		.uleb128 0x49
 1914 029c 13       		.uleb128 0x13
 1915 029d 3F       		.uleb128 0x3f
 1916 029e 19       		.uleb128 0x19
 1917 029f 02       		.uleb128 0x2
 1918 02a0 18       		.uleb128 0x18
 1919 02a1 00       		.byte	0
 1920 02a2 00       		.byte	0
 1921 02a3 2D       		.uleb128 0x2d
 1922 02a4 01       		.uleb128 0x1
 1923 02a5 01       		.byte	0x1
 1924 02a6 49       		.uleb128 0x49
 1925 02a7 13       		.uleb128 0x13
 1926 02a8 01       		.uleb128 0x1
 1927 02a9 13       		.uleb128 0x13
 1928 02aa 00       		.byte	0
 1929 02ab 00       		.byte	0
 1930 02ac 2E       		.uleb128 0x2e
 1931 02ad 21       		.uleb128 0x21
 1932 02ae 00       		.byte	0
 1933 02af 49       		.uleb128 0x49
 1934 02b0 13       		.uleb128 0x13
 1935 02b1 2F       		.uleb128 0x2f
 1936 02b2 0B       		.uleb128 0xb
 1937 02b3 00       		.byte	0
 1938 02b4 00       		.byte	0
 1939 02b5 2F       		.uleb128 0x2f
 1940 02b6 34       		.uleb128 0x34
 1941 02b7 00       		.byte	0
 1942 02b8 47       		.uleb128 0x47
 1943 02b9 13       		.uleb128 0x13
 1944 02ba 02       		.uleb128 0x2
 1945 02bb 18       		.uleb128 0x18
 1946 02bc 00       		.byte	0
 1947 02bd 00       		.byte	0
 1948 02be 00       		.byte	0
 1949              		.section	.debug_aranges,"",%progbits
 1950 0000 4C000000 		.4byte	0x4c
 1951 0004 0200     		.2byte	0x2
 1952 0006 00000000 		.4byte	.Ldebug_info0
ARM GAS  C:\DOCUME~1\Chuck\LOCALS~1\Temp\cc7R3yPq.s 			page 37


 1953 000a 04       		.byte	0x4
 1954 000b 00       		.byte	0
 1955 000c 0000     		.2byte	0
 1956 000e 0000     		.2byte	0
 1957 0010 00000000 		.4byte	.LFB158
 1958 0014 48000000 		.4byte	.LFE158-.LFB158
 1959 0018 00000000 		.4byte	.LFB159
 1960 001c 50000000 		.4byte	.LFE159-.LFB159
 1961 0020 00000000 		.4byte	.LFB160
 1962 0024 22000000 		.4byte	.LFE160-.LFB160
 1963 0028 00000000 		.4byte	.LFB163
 1964 002c 1C000000 		.4byte	.LFE163-.LFB163
 1965 0030 00000000 		.4byte	.LFB165
 1966 0034 24000000 		.4byte	.LFE165-.LFB165
 1967 0038 00000000 		.4byte	.LFB167
 1968 003c 30000000 		.4byte	.LFE167-.LFB167
 1969 0040 00000000 		.4byte	.LFB168
 1970 0044 18000000 		.4byte	.LFE168-.LFB168
 1971 0048 00000000 		.4byte	0
 1972 004c 00000000 		.4byte	0
 1973              		.section	.debug_ranges,"",%progbits
 1974              	.Ldebug_ranges0:
 1975 0000 00000000 		.4byte	.LFB158
 1976 0004 48000000 		.4byte	.LFE158
 1977 0008 00000000 		.4byte	.LFB159
 1978 000c 50000000 		.4byte	.LFE159
 1979 0010 00000000 		.4byte	.LFB160
 1980 0014 22000000 		.4byte	.LFE160
 1981 0018 00000000 		.4byte	.LFB163
 1982 001c 1C000000 		.4byte	.LFE163
 1983 0020 00000000 		.4byte	.LFB165
 1984 0024 24000000 		.4byte	.LFE165
 1985 0028 00000000 		.4byte	.LFB167
 1986 002c 30000000 		.4byte	.LFE167
 1987 0030 00000000 		.4byte	.LFB168
 1988 0034 18000000 		.4byte	.LFE168
 1989 0038 00000000 		.4byte	0
 1990 003c 00000000 		.4byte	0
 1991              		.section	.debug_line,"",%progbits
 1992              	.Ldebug_line0:
 1993 0000 F1020000 		.section	.debug_str,"MS",%progbits,1
 1993      02005F02 
 1993      00000201 
 1993      FB0E0D00 
 1993      01010101 
 1994              	.LASF77:
 1995 0000 7374645F 		.ascii	"std_msgs\000"
 1995      6D736773 
 1995      00
 1996              	.LASF43:
 1997 0009 48617264 		.ascii	"HardwareSerial\000"
 1997      77617265 
 1997      53657269 
 1997      616C00
 1998              	.LASF2:
 1999 0018 73686F72 		.ascii	"short int\000"
 1999      7420696E 
ARM GAS  C:\DOCUME~1\Chuck\LOCALS~1\Temp\cc7R3yPq.s 			page 38


 1999      7400
 2000              	.LASF17:
 2001 0022 73697A65 		.ascii	"size_t\000"
 2001      5F7400
 2002              	.LASF64:
 2003 0029 5F5A4E31 		.ascii	"_ZN14HardwareSerialC2Ev\000"
 2003      34486172 
 2003      64776172 
 2003      65536572 
 2003      69616C43 
 2004              	.LASF18:
 2005 0041 73697A65 		.ascii	"sizetype\000"
 2005      74797065 
 2005      00
 2006              	.LASF75:
 2007 004a 726F7373 		.ascii	"rosserial_msgs/RequestParam\000"
 2007      65726961 
 2007      6C5F6D73 
 2007      67732F52 
 2007      65717565 
 2008              	.LASF46:
 2009 0066 62656769 		.ascii	"begin\000"
 2009      6E00
 2010              	.LASF52:
 2011 006c 5F5A4E31 		.ascii	"_ZN14HardwareSerial5writeEh\000"
 2011      34486172 
 2011      64776172 
 2011      65536572 
 2011      69616C35 
 2012              	.LASF71:
 2013 0088 2E5C726F 		.ascii	".\\ros_lib\\Uarts.cpp\000"
 2013      735F6C69 
 2013      625C5561 
 2013      7274732E 
 2013      63707000 
 2014              	.LASF4:
 2015 009c 5F5F7569 		.ascii	"__uint16_t\000"
 2015      6E743136 
 2015      5F7400
 2016              	.LASF35:
 2017 00a7 746F7069 		.ascii	"topic_name\000"
 2017      635F6E61 
 2017      6D6500
 2018              	.LASF29:
 2019 00b2 6765744D 		.ascii	"getMD5\000"
 2019      443500
 2020              	.LASF73:
 2021 00b9 5F5A4E33 		.ascii	"_ZN3ros3Msg19serializeAvrFloat64EPhf\000"
 2021      726F7333 
 2021      4D736731 
 2021      39736572 
 2021      69616C69 
 2022              	.LASF13:
 2023 00de 75696E74 		.ascii	"uint8_t\000"
 2023      385F7400 
 2024              	.LASF48:
 2025 00e6 5F5A4E31 		.ascii	"_ZN14HardwareSerial5beginEm\000"
ARM GAS  C:\DOCUME~1\Chuck\LOCALS~1\Temp\cc7R3yPq.s 			page 39


 2025      34486172 
 2025      64776172 
 2025      65536572 
 2025      69616C35 
 2026              	.LASF32:
 2027 0102 726F7373 		.ascii	"rosserial_msgs\000"
 2027      65726961 
 2027      6C5F6D73 
 2027      677300
 2028              	.LASF36:
 2029 0111 6D657373 		.ascii	"message_type\000"
 2029      6167655F 
 2029      74797065 
 2029      00
 2030              	.LASF47:
 2031 011e 5F5A4E31 		.ascii	"_ZN14rosserial_msgs9TopicInfo6getMD5Ev\000"
 2031      34726F73 
 2031      73657269 
 2031      616C5F6D 
 2031      73677339 
 2032              	.LASF21:
 2033 0145 666C6F61 		.ascii	"float\000"
 2033      7400
 2034              	.LASF49:
 2035 014b 72656164 		.ascii	"read\000"
 2035      00
 2036              	.LASF10:
 2037 0150 6C6F6E67 		.ascii	"long long int\000"
 2037      206C6F6E 
 2037      6720696E 
 2037      7400
 2038              	.LASF57:
 2039 015e 5F5A4E34 		.ascii	"_ZN4Uart4readEv\000"
 2039      55617274 
 2039      34726561 
 2039      64457600 
 2040              	.LASF42:
 2041 016e 5F5A4E31 		.ascii	"_ZN14rosserial_msgs9TopicInfo7getTypeEv\000"
 2041      34726F73 
 2041      73657269 
 2041      616C5F6D 
 2041      73677339 
 2042              	.LASF31:
 2043 0196 64657365 		.ascii	"deserializeAvrFloat64\000"
 2043      7269616C 
 2043      697A6541 
 2043      7672466C 
 2043      6F617436 
 2044              	.LASF55:
 2045 01ac 55617274 		.ascii	"Uart\000"
 2045      00
 2046              	.LASF3:
 2047 01b1 5F5F7569 		.ascii	"__uint8_t\000"
 2047      6E74385F 
 2047      7400
 2048              	.LASF34:
 2049 01bb 746F7069 		.ascii	"topic_id\000"
ARM GAS  C:\DOCUME~1\Chuck\LOCALS~1\Temp\cc7R3yPq.s 			page 40


 2049      635F6964 
 2049      00
 2050              	.LASF33:
 2051 01c4 546F7069 		.ascii	"TopicInfo\000"
 2051      63496E66 
 2051      6F00
 2052              	.LASF66:
 2053 01ce 5F5F696E 		.ascii	"__initialize_p\000"
 2053      69746961 
 2053      6C697A65 
 2053      5F7000
 2054              	.LASF56:
 2055 01dd 5F5A4E34 		.ascii	"_ZN4Uart5beginEm\000"
 2055      55617274 
 2055      35626567 
 2055      696E456D 
 2055      00
 2056              	.LASF27:
 2057 01ee 67657454 		.ascii	"getType\000"
 2057      79706500 
 2058              	.LASF22:
 2059 01f6 6C6F6E67 		.ascii	"long double\000"
 2059      20646F75 
 2059      626C6500 
 2060              	.LASF63:
 2061 0202 62617564 		.ascii	"baud\000"
 2061      00
 2062              	.LASF1:
 2063 0207 756E7369 		.ascii	"unsigned char\000"
 2063      676E6564 
 2063      20636861 
 2063      7200
 2064              	.LASF41:
 2065 0215 5F5A4E31 		.ascii	"_ZN14rosserial_msgs9TopicInfo11deserializeEPh\000"
 2065      34726F73 
 2065      73657269 
 2065      616C5F6D 
 2065      73677339 
 2066              	.LASF0:
 2067 0243 7369676E 		.ascii	"signed char\000"
 2067      65642063 
 2067      68617200 
 2068              	.LASF11:
 2069 024f 6C6F6E67 		.ascii	"long long unsigned int\000"
 2069      206C6F6E 
 2069      6720756E 
 2069      7369676E 
 2069      65642069 
 2070              	.LASF30:
 2071 0266 5F5A4E33 		.ascii	"_ZN3ros3Msg6getMD5Ev\000"
 2071      726F7333 
 2071      4D736736 
 2071      6765744D 
 2071      44354576 
 2072              	.LASF16:
 2073 027b 75696E74 		.ascii	"uint32_t\000"
 2073      33325F74 
ARM GAS  C:\DOCUME~1\Chuck\LOCALS~1\Temp\cc7R3yPq.s 			page 41


 2073      00
 2074              	.LASF12:
 2075 0284 756E7369 		.ascii	"unsigned int\000"
 2075      676E6564 
 2075      20696E74 
 2075      00
 2076              	.LASF58:
 2077 0291 5F5A4E34 		.ascii	"_ZN4Uart5writeEh\000"
 2077      55617274 
 2077      35777269 
 2077      74654568 
 2077      00
 2078              	.LASF14:
 2079 02a2 75696E74 		.ascii	"uint16_t\000"
 2079      31365F74 
 2079      00
 2080              	.LASF9:
 2081 02ab 6C6F6E67 		.ascii	"long unsigned int\000"
 2081      20756E73 
 2081      69676E65 
 2081      6420696E 
 2081      7400
 2082              	.LASF54:
 2083 02bd 72656733 		.ascii	"reg32\000"
 2083      3200
 2084              	.LASF5:
 2085 02c3 73686F72 		.ascii	"short unsigned int\000"
 2085      7420756E 
 2085      7369676E 
 2085      65642069 
 2085      6E7400
 2086              	.LASF25:
 2087 02d6 5F5A4E4B 		.ascii	"_ZNK3ros3Msg9serializeEPh\000"
 2087      33726F73 
 2087      334D7367 
 2087      39736572 
 2087      69616C69 
 2088              	.LASF59:
 2089 02f0 64656E6F 		.ascii	"denom\000"
 2089      6D00
 2090              	.LASF45:
 2091 02f6 5F767074 		.ascii	"_vptr.HardwareSerial\000"
 2091      722E4861 
 2091      72647761 
 2091      72655365 
 2091      7269616C 
 2092              	.LASF19:
 2093 030b 63686172 		.ascii	"char\000"
 2093      00
 2094              	.LASF7:
 2095 0310 6C6F6E67 		.ascii	"long int\000"
 2095      20696E74 
 2095      00
 2096              	.LASF15:
 2097 0319 696E7433 		.ascii	"int32_t\000"
 2097      325F7400 
 2098              	.LASF26:
ARM GAS  C:\DOCUME~1\Chuck\LOCALS~1\Temp\cc7R3yPq.s 			page 42


 2099 0321 5F5A4E33 		.ascii	"_ZN3ros3Msg11deserializeEPh\000"
 2099      726F7333 
 2099      4D736731 
 2099      31646573 
 2099      65726961 
 2100              	.LASF78:
 2101 033d 5F5F7374 		.ascii	"__static_initialization_and_destruction_0\000"
 2101      61746963 
 2101      5F696E69 
 2101      7469616C 
 2101      697A6174 
 2102              	.LASF67:
 2103 0367 5F5F7072 		.ascii	"__priority\000"
 2103      696F7269 
 2103      747900
 2104              	.LASF61:
 2105 0372 74686973 		.ascii	"this\000"
 2105      00
 2106              	.LASF62:
 2107 0377 64617461 		.ascii	"data\000"
 2107      00
 2108              	.LASF72:
 2109 037c 433A5C44 		.ascii	"C:\\Documents and Settings\\Chuck\\My Documents\\PS"
 2109      6F63756D 
 2109      656E7473 
 2109      20616E64 
 2109      20536574 
 2110 03ab 6F432043 		.ascii	"oC Creator\\RosOnAStick\\RosOnAStick.cydsn\000"
 2110      72656174 
 2110      6F725C52 
 2110      6F734F6E 
 2110      41537469 
 2111              	.LASF53:
 2112 03d4 75696E74 		.ascii	"uint32\000"
 2112      333200
 2113              	.LASF65:
 2114 03db 5F5A4E34 		.ascii	"_ZN4UartC2Ev\000"
 2114      55617274 
 2114      43324576 
 2114      00
 2115              	.LASF28:
 2116 03e8 5F5A4E33 		.ascii	"_ZN3ros3Msg7getTypeEv\000"
 2116      726F7333 
 2116      4D736737 
 2116      67657454 
 2116      79706545 
 2117              	.LASF76:
 2118 03fe 5F5F7674 		.ascii	"__vtbl_ptr_type\000"
 2118      626C5F70 
 2118      74725F74 
 2118      79706500 
 2119              	.LASF79:
 2120 040e 5F474C4F 		.ascii	"_GLOBAL__sub_I__ZN4Uart5beginEm\000"
 2120      42414C5F 
 2120      5F737562 
 2120      5F495F5F 
 2120      5A4E3455 
ARM GAS  C:\DOCUME~1\Chuck\LOCALS~1\Temp\cc7R3yPq.s 			page 43


 2121              	.LASF68:
 2122 042e 52455155 		.ascii	"REQUESTPARAM\000"
 2122      45535450 
 2122      4152414D 
 2122      00
 2123              	.LASF44:
 2124 043b 5F767074 		.ascii	"_vptr.Msg\000"
 2124      722E4D73 
 2124      6700
 2125              	.LASF8:
 2126 0445 5F5F7569 		.ascii	"__uint32_t\000"
 2126      6E743332 
 2126      5F7400
 2127              	.LASF74:
 2128 0450 5F5A4E33 		.ascii	"_ZN3ros3Msg21deserializeAvrFloat64EPKhPf\000"
 2128      726F7333 
 2128      4D736732 
 2128      31646573 
 2128      65726961 
 2129              	.LASF6:
 2130 0479 5F5F696E 		.ascii	"__int32_t\000"
 2130      7433325F 
 2130      7400
 2131              	.LASF51:
 2132 0483 77726974 		.ascii	"write\000"
 2132      6500
 2133              	.LASF37:
 2134 0489 6D643573 		.ascii	"md5sum\000"
 2134      756D00
 2135              	.LASF38:
 2136 0490 62756666 		.ascii	"buffer_size\000"
 2136      65725F73 
 2136      697A6500 
 2137              	.LASF24:
 2138 049c 64657365 		.ascii	"deserialize\000"
 2138      7269616C 
 2138      697A6500 
 2139              	.LASF39:
 2140 04a8 73657269 		.ascii	"serializeAvrFloat64\000"
 2140      616C697A 
 2140      65417672 
 2140      466C6F61 
 2140      74363400 
 2141              	.LASF20:
 2142 04bc 646F7562 		.ascii	"double\000"
 2142      6C6500
 2143              	.LASF23:
 2144 04c3 73657269 		.ascii	"serialize\000"
 2144      616C697A 
 2144      6500
 2145              	.LASF70:
 2146 04cd 474E5520 		.ascii	"GNU C++ 4.8.4 20140526 (release) [ARM/embedded-4_8-"
 2146      432B2B20 
 2146      342E382E 
 2146      34203230 
 2146      31343035 
 2147 0500 6272616E 		.ascii	"branch revision 211358] -mcpu=cortex-m0 -mthumb -g "
ARM GAS  C:\DOCUME~1\Chuck\LOCALS~1\Temp\cc7R3yPq.s 			page 44


 2147      63682072 
 2147      65766973 
 2147      696F6E20 
 2147      32313133 
 2148 0533 2D4F3020 		.ascii	"-O0 -ffunction-sections -fno-rtti -fno-exceptions -"
 2148      2D666675 
 2148      6E637469 
 2148      6F6E2D73 
 2148      65637469 
 2149 0566 66756E73 		.ascii	"funsigned-char -funsigned-bitfields -fshort-enums\000"
 2149      69676E65 
 2149      642D6368 
 2149      6172202D 
 2149      66756E73 
 2150              	.LASF50:
 2151 0598 5F5A4E31 		.ascii	"_ZN14HardwareSerial4readEv\000"
 2151      34486172 
 2151      64776172 
 2151      65536572 
 2151      69616C34 
 2152              	.LASF69:
 2153 05b3 55617274 		.ascii	"Uart0\000"
 2153      3000
 2154              	.LASF40:
 2155 05b9 5F5A4E4B 		.ascii	"_ZNK14rosserial_msgs9TopicInfo9serializeEPh\000"
 2155      3134726F 
 2155      73736572 
 2155      69616C5F 
 2155      6D736773 
 2156              	.LASF60:
 2157 05e5 64697669 		.ascii	"divider\000"
 2157      64657200 
 2158              		.ident	"GCC: (GNU Tools for ARM Embedded Processors) 4.8.4 20140526 (release) [ARM/embedded-4_8-br
