ARM GAS  C:\DOCUME~1\Chuck\LOCALS~1\Temp\ccQk8Q4l.s 			page 1


   1              		.cpu cortex-m0
   2              		.fpu softvfp
   3              		.eabi_attribute 20, 1
   4              		.eabi_attribute 21, 1
   5              		.eabi_attribute 23, 3
   6              		.eabi_attribute 24, 1
   7              		.eabi_attribute 25, 1
   8              		.eabi_attribute 26, 1
   9              		.eabi_attribute 30, 4
  10              		.eabi_attribute 34, 0
  11              		.eabi_attribute 18, 4
  12              		.code	16
  13              		.file	"Boot_P0_7.c"
  14              		.text
  15              	.Ltext0:
  16              		.cfi_sections	.debug_frame
  17              		.section	.text.Boot_P0_7_Write,"ax",%progbits
  18              		.align	1
  19              		.global	Boot_P0_7_Write
  20              		.code	16
  21              		.thumb_func
  22              		.type	Boot_P0_7_Write, %function
  23              	Boot_P0_7_Write:
  24              	.LFB0:
  25              		.file 1 ".\\Generated_Source\\PSoC4\\Boot_P0_7.c"
   1:.\Generated_Source\PSoC4/Boot_P0_7.c **** /*******************************************************************************
   2:.\Generated_Source\PSoC4/Boot_P0_7.c **** * File Name: Boot_P0_7.c  
   3:.\Generated_Source\PSoC4/Boot_P0_7.c **** * Version 2.0
   4:.\Generated_Source\PSoC4/Boot_P0_7.c **** *
   5:.\Generated_Source\PSoC4/Boot_P0_7.c **** * Description:
   6:.\Generated_Source\PSoC4/Boot_P0_7.c **** *  This file contains API to enable firmware control of a Pins component.
   7:.\Generated_Source\PSoC4/Boot_P0_7.c **** *
   8:.\Generated_Source\PSoC4/Boot_P0_7.c **** * Note:
   9:.\Generated_Source\PSoC4/Boot_P0_7.c **** *
  10:.\Generated_Source\PSoC4/Boot_P0_7.c **** ********************************************************************************
  11:.\Generated_Source\PSoC4/Boot_P0_7.c **** * Copyright 2008-2014, Cypress Semiconductor Corporation.  All rights reserved.
  12:.\Generated_Source\PSoC4/Boot_P0_7.c **** * You may use this file only in accordance with the license, terms, conditions, 
  13:.\Generated_Source\PSoC4/Boot_P0_7.c **** * disclaimers, and limitations in the end user license agreement accompanying 
  14:.\Generated_Source\PSoC4/Boot_P0_7.c **** * the software package with which this file was provided.
  15:.\Generated_Source\PSoC4/Boot_P0_7.c **** *******************************************************************************/
  16:.\Generated_Source\PSoC4/Boot_P0_7.c **** 
  17:.\Generated_Source\PSoC4/Boot_P0_7.c **** #include "cytypes.h"
  18:.\Generated_Source\PSoC4/Boot_P0_7.c **** #include "Boot_P0_7.h"
  19:.\Generated_Source\PSoC4/Boot_P0_7.c **** 
  20:.\Generated_Source\PSoC4/Boot_P0_7.c **** #define SetP4PinDriveMode(shift, mode)  \
  21:.\Generated_Source\PSoC4/Boot_P0_7.c ****     do { \
  22:.\Generated_Source\PSoC4/Boot_P0_7.c ****         Boot_P0_7_PC =   (Boot_P0_7_PC & \
  23:.\Generated_Source\PSoC4/Boot_P0_7.c ****                                 (uint32)(~(uint32)(Boot_P0_7_DRIVE_MODE_IND_MASK << (Boot_P0_7_DRIV
  24:.\Generated_Source\PSoC4/Boot_P0_7.c ****                                 (uint32)((uint32)(mode) << (Boot_P0_7_DRIVE_MODE_BITS * (shift))); 
  25:.\Generated_Source\PSoC4/Boot_P0_7.c ****     } while (0)
  26:.\Generated_Source\PSoC4/Boot_P0_7.c **** 
  27:.\Generated_Source\PSoC4/Boot_P0_7.c **** 
  28:.\Generated_Source\PSoC4/Boot_P0_7.c **** /*******************************************************************************
  29:.\Generated_Source\PSoC4/Boot_P0_7.c **** * Function Name: Boot_P0_7_Write
  30:.\Generated_Source\PSoC4/Boot_P0_7.c **** ********************************************************************************
  31:.\Generated_Source\PSoC4/Boot_P0_7.c **** *
  32:.\Generated_Source\PSoC4/Boot_P0_7.c **** * Summary:
ARM GAS  C:\DOCUME~1\Chuck\LOCALS~1\Temp\ccQk8Q4l.s 			page 2


  33:.\Generated_Source\PSoC4/Boot_P0_7.c **** *  Assign a new value to the digital port's data output register.  
  34:.\Generated_Source\PSoC4/Boot_P0_7.c **** *
  35:.\Generated_Source\PSoC4/Boot_P0_7.c **** * Parameters:  
  36:.\Generated_Source\PSoC4/Boot_P0_7.c **** *  prtValue:  The value to be assigned to the Digital Port. 
  37:.\Generated_Source\PSoC4/Boot_P0_7.c **** *
  38:.\Generated_Source\PSoC4/Boot_P0_7.c **** * Return: 
  39:.\Generated_Source\PSoC4/Boot_P0_7.c **** *  None 
  40:.\Generated_Source\PSoC4/Boot_P0_7.c **** *  
  41:.\Generated_Source\PSoC4/Boot_P0_7.c **** *******************************************************************************/
  42:.\Generated_Source\PSoC4/Boot_P0_7.c **** void Boot_P0_7_Write(uint8 value) 
  43:.\Generated_Source\PSoC4/Boot_P0_7.c **** {
  26              		.loc 1 43 0
  27              		.cfi_startproc
  28              	.LVL0:
  44:.\Generated_Source\PSoC4/Boot_P0_7.c ****     uint8 drVal = (uint8)(Boot_P0_7_DR & (uint8)(~Boot_P0_7_MASK));
  29              		.loc 1 44 0
  30 0000 7F23     		mov	r3, #127
  31 0002 044A     		ldr	r2, .L2
  45:.\Generated_Source\PSoC4/Boot_P0_7.c ****     drVal = (drVal | ((uint8)(value << Boot_P0_7_SHIFT) & Boot_P0_7_MASK));
  32              		.loc 1 45 0
  33 0004 C001     		lsl	r0, r0, #7
  34              	.LVL1:
  44:.\Generated_Source\PSoC4/Boot_P0_7.c ****     uint8 drVal = (uint8)(Boot_P0_7_DR & (uint8)(~Boot_P0_7_MASK));
  35              		.loc 1 44 0
  36 0006 1168     		ldr	r1, [r2]
  46:.\Generated_Source\PSoC4/Boot_P0_7.c ****     Boot_P0_7_DR = (uint32)drVal;
  47:.\Generated_Source\PSoC4/Boot_P0_7.c **** }
  37              		.loc 1 47 0
  38              		@ sp needed
  44:.\Generated_Source\PSoC4/Boot_P0_7.c ****     drVal = (drVal | ((uint8)(value << Boot_P0_7_SHIFT) & Boot_P0_7_MASK));
  39              		.loc 1 44 0
  40 0008 0B40     		and	r3, r1
  45:.\Generated_Source\PSoC4/Boot_P0_7.c ****     drVal = (drVal | ((uint8)(value << Boot_P0_7_SHIFT) & Boot_P0_7_MASK));
  41              		.loc 1 45 0
  42 000a 1843     		orr	r0, r3
  46:.\Generated_Source\PSoC4/Boot_P0_7.c ****     Boot_P0_7_DR = (uint32)drVal;
  43              		.loc 1 46 0
  44 000c C0B2     		uxtb	r0, r0
  45 000e 1060     		str	r0, [r2]
  46              		.loc 1 47 0
  47 0010 7047     		bx	lr
  48              	.L3:
  49 0012 C046     		.align	2
  50              	.L2:
  51 0014 00000440 		.word	1074003968
  52              		.cfi_endproc
  53              	.LFE0:
  54              		.size	Boot_P0_7_Write, .-Boot_P0_7_Write
  55              		.section	.text.Boot_P0_7_SetDriveMode,"ax",%progbits
  56              		.align	1
  57              		.global	Boot_P0_7_SetDriveMode
  58              		.code	16
  59              		.thumb_func
  60              		.type	Boot_P0_7_SetDriveMode, %function
  61              	Boot_P0_7_SetDriveMode:
  62              	.LFB1:
  48:.\Generated_Source\PSoC4/Boot_P0_7.c **** 
ARM GAS  C:\DOCUME~1\Chuck\LOCALS~1\Temp\ccQk8Q4l.s 			page 3


  49:.\Generated_Source\PSoC4/Boot_P0_7.c **** 
  50:.\Generated_Source\PSoC4/Boot_P0_7.c **** /*******************************************************************************
  51:.\Generated_Source\PSoC4/Boot_P0_7.c **** * Function Name: Boot_P0_7_SetDriveMode
  52:.\Generated_Source\PSoC4/Boot_P0_7.c **** ********************************************************************************
  53:.\Generated_Source\PSoC4/Boot_P0_7.c **** *
  54:.\Generated_Source\PSoC4/Boot_P0_7.c **** * Summary:
  55:.\Generated_Source\PSoC4/Boot_P0_7.c **** *  Change the drive mode on the pins of the port.
  56:.\Generated_Source\PSoC4/Boot_P0_7.c **** * 
  57:.\Generated_Source\PSoC4/Boot_P0_7.c **** * Parameters:  
  58:.\Generated_Source\PSoC4/Boot_P0_7.c **** *  mode:  Change the pins to one of the following drive modes.
  59:.\Generated_Source\PSoC4/Boot_P0_7.c **** *
  60:.\Generated_Source\PSoC4/Boot_P0_7.c **** *  Boot_P0_7_DM_STRONG     Strong Drive 
  61:.\Generated_Source\PSoC4/Boot_P0_7.c **** *  Boot_P0_7_DM_OD_HI      Open Drain, Drives High 
  62:.\Generated_Source\PSoC4/Boot_P0_7.c **** *  Boot_P0_7_DM_OD_LO      Open Drain, Drives Low 
  63:.\Generated_Source\PSoC4/Boot_P0_7.c **** *  Boot_P0_7_DM_RES_UP     Resistive Pull Up 
  64:.\Generated_Source\PSoC4/Boot_P0_7.c **** *  Boot_P0_7_DM_RES_DWN    Resistive Pull Down 
  65:.\Generated_Source\PSoC4/Boot_P0_7.c **** *  Boot_P0_7_DM_RES_UPDWN  Resistive Pull Up/Down 
  66:.\Generated_Source\PSoC4/Boot_P0_7.c **** *  Boot_P0_7_DM_DIG_HIZ    High Impedance Digital 
  67:.\Generated_Source\PSoC4/Boot_P0_7.c **** *  Boot_P0_7_DM_ALG_HIZ    High Impedance Analog 
  68:.\Generated_Source\PSoC4/Boot_P0_7.c **** *
  69:.\Generated_Source\PSoC4/Boot_P0_7.c **** * Return: 
  70:.\Generated_Source\PSoC4/Boot_P0_7.c **** *  None
  71:.\Generated_Source\PSoC4/Boot_P0_7.c **** *
  72:.\Generated_Source\PSoC4/Boot_P0_7.c **** *******************************************************************************/
  73:.\Generated_Source\PSoC4/Boot_P0_7.c **** void Boot_P0_7_SetDriveMode(uint8 mode) 
  74:.\Generated_Source\PSoC4/Boot_P0_7.c **** {
  63              		.loc 1 74 0
  64              		.cfi_startproc
  65              	.LVL2:
  75:.\Generated_Source\PSoC4/Boot_P0_7.c **** 	SetP4PinDriveMode(Boot_P0_7__0__SHIFT, mode);
  66              		.loc 1 75 0
  67 0000 034A     		ldr	r2, .L5
  68 0002 044B     		ldr	r3, .L5+4
  69 0004 1168     		ldr	r1, [r2]
  70 0006 4005     		lsl	r0, r0, #21
  71              	.LVL3:
  72 0008 0B40     		and	r3, r1
  73 000a 1843     		orr	r0, r3
  74 000c 1060     		str	r0, [r2]
  76:.\Generated_Source\PSoC4/Boot_P0_7.c **** }
  75              		.loc 1 76 0
  76              		@ sp needed
  77 000e 7047     		bx	lr
  78              	.L6:
  79              		.align	2
  80              	.L5:
  81 0010 08000440 		.word	1074003976
  82 0014 FFFF1FFF 		.word	-14680065
  83              		.cfi_endproc
  84              	.LFE1:
  85              		.size	Boot_P0_7_SetDriveMode, .-Boot_P0_7_SetDriveMode
  86              		.section	.text.Boot_P0_7_Read,"ax",%progbits
  87              		.align	1
  88              		.global	Boot_P0_7_Read
  89              		.code	16
  90              		.thumb_func
  91              		.type	Boot_P0_7_Read, %function
ARM GAS  C:\DOCUME~1\Chuck\LOCALS~1\Temp\ccQk8Q4l.s 			page 4


  92              	Boot_P0_7_Read:
  93              	.LFB2:
  77:.\Generated_Source\PSoC4/Boot_P0_7.c **** 
  78:.\Generated_Source\PSoC4/Boot_P0_7.c **** 
  79:.\Generated_Source\PSoC4/Boot_P0_7.c **** /*******************************************************************************
  80:.\Generated_Source\PSoC4/Boot_P0_7.c **** * Function Name: Boot_P0_7_Read
  81:.\Generated_Source\PSoC4/Boot_P0_7.c **** ********************************************************************************
  82:.\Generated_Source\PSoC4/Boot_P0_7.c **** *
  83:.\Generated_Source\PSoC4/Boot_P0_7.c **** * Summary:
  84:.\Generated_Source\PSoC4/Boot_P0_7.c **** *  Read the current value on the pins of the Digital Port in right justified 
  85:.\Generated_Source\PSoC4/Boot_P0_7.c **** *  form.
  86:.\Generated_Source\PSoC4/Boot_P0_7.c **** *
  87:.\Generated_Source\PSoC4/Boot_P0_7.c **** * Parameters:  
  88:.\Generated_Source\PSoC4/Boot_P0_7.c **** *  None 
  89:.\Generated_Source\PSoC4/Boot_P0_7.c **** *
  90:.\Generated_Source\PSoC4/Boot_P0_7.c **** * Return: 
  91:.\Generated_Source\PSoC4/Boot_P0_7.c **** *  Returns the current value of the Digital Port as a right justified number
  92:.\Generated_Source\PSoC4/Boot_P0_7.c **** *  
  93:.\Generated_Source\PSoC4/Boot_P0_7.c **** * Note:
  94:.\Generated_Source\PSoC4/Boot_P0_7.c **** *  Macro Boot_P0_7_ReadPS calls this function. 
  95:.\Generated_Source\PSoC4/Boot_P0_7.c **** *  
  96:.\Generated_Source\PSoC4/Boot_P0_7.c **** *******************************************************************************/
  97:.\Generated_Source\PSoC4/Boot_P0_7.c **** uint8 Boot_P0_7_Read(void) 
  98:.\Generated_Source\PSoC4/Boot_P0_7.c **** {
  94              		.loc 1 98 0
  95              		.cfi_startproc
  99:.\Generated_Source\PSoC4/Boot_P0_7.c ****     return (uint8)((Boot_P0_7_PS & Boot_P0_7_MASK) >> Boot_P0_7_SHIFT);
  96              		.loc 1 99 0
  97 0000 024B     		ldr	r3, .L8
 100:.\Generated_Source\PSoC4/Boot_P0_7.c **** }
  98              		.loc 1 100 0
  99              		@ sp needed
  99:.\Generated_Source\PSoC4/Boot_P0_7.c ****     return (uint8)((Boot_P0_7_PS & Boot_P0_7_MASK) >> Boot_P0_7_SHIFT);
 100              		.loc 1 99 0
 101 0002 1868     		ldr	r0, [r3]
 102 0004 0006     		lsl	r0, r0, #24
 103 0006 C00F     		lsr	r0, r0, #31
 104              		.loc 1 100 0
 105 0008 7047     		bx	lr
 106              	.L9:
 107 000a C046     		.align	2
 108              	.L8:
 109 000c 04000440 		.word	1074003972
 110              		.cfi_endproc
 111              	.LFE2:
 112              		.size	Boot_P0_7_Read, .-Boot_P0_7_Read
 113              		.section	.text.Boot_P0_7_ReadDataReg,"ax",%progbits
 114              		.align	1
 115              		.global	Boot_P0_7_ReadDataReg
 116              		.code	16
 117              		.thumb_func
 118              		.type	Boot_P0_7_ReadDataReg, %function
 119              	Boot_P0_7_ReadDataReg:
 120              	.LFB3:
 101:.\Generated_Source\PSoC4/Boot_P0_7.c **** 
 102:.\Generated_Source\PSoC4/Boot_P0_7.c **** 
 103:.\Generated_Source\PSoC4/Boot_P0_7.c **** /*******************************************************************************
ARM GAS  C:\DOCUME~1\Chuck\LOCALS~1\Temp\ccQk8Q4l.s 			page 5


 104:.\Generated_Source\PSoC4/Boot_P0_7.c **** * Function Name: Boot_P0_7_ReadDataReg
 105:.\Generated_Source\PSoC4/Boot_P0_7.c **** ********************************************************************************
 106:.\Generated_Source\PSoC4/Boot_P0_7.c **** *
 107:.\Generated_Source\PSoC4/Boot_P0_7.c **** * Summary:
 108:.\Generated_Source\PSoC4/Boot_P0_7.c **** *  Read the current value assigned to a Digital Port's data output register
 109:.\Generated_Source\PSoC4/Boot_P0_7.c **** *
 110:.\Generated_Source\PSoC4/Boot_P0_7.c **** * Parameters:  
 111:.\Generated_Source\PSoC4/Boot_P0_7.c **** *  None 
 112:.\Generated_Source\PSoC4/Boot_P0_7.c **** *
 113:.\Generated_Source\PSoC4/Boot_P0_7.c **** * Return: 
 114:.\Generated_Source\PSoC4/Boot_P0_7.c **** *  Returns the current value assigned to the Digital Port's data output register
 115:.\Generated_Source\PSoC4/Boot_P0_7.c **** *  
 116:.\Generated_Source\PSoC4/Boot_P0_7.c **** *******************************************************************************/
 117:.\Generated_Source\PSoC4/Boot_P0_7.c **** uint8 Boot_P0_7_ReadDataReg(void) 
 118:.\Generated_Source\PSoC4/Boot_P0_7.c **** {
 121              		.loc 1 118 0
 122              		.cfi_startproc
 119:.\Generated_Source\PSoC4/Boot_P0_7.c ****     return (uint8)((Boot_P0_7_DR & Boot_P0_7_MASK) >> Boot_P0_7_SHIFT);
 123              		.loc 1 119 0
 124 0000 024B     		ldr	r3, .L11
 120:.\Generated_Source\PSoC4/Boot_P0_7.c **** }
 125              		.loc 1 120 0
 126              		@ sp needed
 119:.\Generated_Source\PSoC4/Boot_P0_7.c ****     return (uint8)((Boot_P0_7_DR & Boot_P0_7_MASK) >> Boot_P0_7_SHIFT);
 127              		.loc 1 119 0
 128 0002 1868     		ldr	r0, [r3]
 129 0004 0006     		lsl	r0, r0, #24
 130 0006 C00F     		lsr	r0, r0, #31
 131              		.loc 1 120 0
 132 0008 7047     		bx	lr
 133              	.L12:
 134 000a C046     		.align	2
 135              	.L11:
 136 000c 00000440 		.word	1074003968
 137              		.cfi_endproc
 138              	.LFE3:
 139              		.size	Boot_P0_7_ReadDataReg, .-Boot_P0_7_ReadDataReg
 140              		.section	.text.Boot_P0_7_ClearInterrupt,"ax",%progbits
 141              		.align	1
 142              		.global	Boot_P0_7_ClearInterrupt
 143              		.code	16
 144              		.thumb_func
 145              		.type	Boot_P0_7_ClearInterrupt, %function
 146              	Boot_P0_7_ClearInterrupt:
 147              	.LFB4:
 121:.\Generated_Source\PSoC4/Boot_P0_7.c **** 
 122:.\Generated_Source\PSoC4/Boot_P0_7.c **** 
 123:.\Generated_Source\PSoC4/Boot_P0_7.c **** /* If Interrupts Are Enabled for this Pins component */ 
 124:.\Generated_Source\PSoC4/Boot_P0_7.c **** #if defined(Boot_P0_7_INTSTAT) 
 125:.\Generated_Source\PSoC4/Boot_P0_7.c **** 
 126:.\Generated_Source\PSoC4/Boot_P0_7.c ****     /*******************************************************************************
 127:.\Generated_Source\PSoC4/Boot_P0_7.c ****     * Function Name: Boot_P0_7_ClearInterrupt
 128:.\Generated_Source\PSoC4/Boot_P0_7.c ****     ********************************************************************************
 129:.\Generated_Source\PSoC4/Boot_P0_7.c ****     *
 130:.\Generated_Source\PSoC4/Boot_P0_7.c ****     * Summary:
 131:.\Generated_Source\PSoC4/Boot_P0_7.c ****     *  Clears any active interrupts attached to port and returns the value of the 
 132:.\Generated_Source\PSoC4/Boot_P0_7.c ****     *  interrupt status register.
ARM GAS  C:\DOCUME~1\Chuck\LOCALS~1\Temp\ccQk8Q4l.s 			page 6


 133:.\Generated_Source\PSoC4/Boot_P0_7.c ****     *
 134:.\Generated_Source\PSoC4/Boot_P0_7.c ****     * Parameters:  
 135:.\Generated_Source\PSoC4/Boot_P0_7.c ****     *  None 
 136:.\Generated_Source\PSoC4/Boot_P0_7.c ****     *
 137:.\Generated_Source\PSoC4/Boot_P0_7.c ****     * Return: 
 138:.\Generated_Source\PSoC4/Boot_P0_7.c ****     *  Returns the value of the interrupt status register
 139:.\Generated_Source\PSoC4/Boot_P0_7.c ****     *  
 140:.\Generated_Source\PSoC4/Boot_P0_7.c ****     *******************************************************************************/
 141:.\Generated_Source\PSoC4/Boot_P0_7.c ****     uint8 Boot_P0_7_ClearInterrupt(void) 
 142:.\Generated_Source\PSoC4/Boot_P0_7.c ****     {
 148              		.loc 1 142 0
 149              		.cfi_startproc
 143:.\Generated_Source\PSoC4/Boot_P0_7.c **** 		uint8 maskedStatus = (uint8)(Boot_P0_7_INTSTAT & Boot_P0_7_MASK);
 150              		.loc 1 143 0
 151 0000 7F22     		mov	r2, #127
 152 0002 034B     		ldr	r3, .L14
 144:.\Generated_Source\PSoC4/Boot_P0_7.c **** 		Boot_P0_7_INTSTAT = maskedStatus;
 145:.\Generated_Source\PSoC4/Boot_P0_7.c ****         return maskedStatus >> Boot_P0_7_SHIFT;
 146:.\Generated_Source\PSoC4/Boot_P0_7.c ****     }
 153              		.loc 1 146 0
 154              		@ sp needed
 143:.\Generated_Source\PSoC4/Boot_P0_7.c **** 		uint8 maskedStatus = (uint8)(Boot_P0_7_INTSTAT & Boot_P0_7_MASK);
 155              		.loc 1 143 0
 156 0004 1868     		ldr	r0, [r3]
 157 0006 9043     		bic	r0, r2
 158 0008 C0B2     		uxtb	r0, r0
 159              	.LVL4:
 144:.\Generated_Source\PSoC4/Boot_P0_7.c **** 		Boot_P0_7_INTSTAT = maskedStatus;
 160              		.loc 1 144 0
 161 000a 1860     		str	r0, [r3]
 145:.\Generated_Source\PSoC4/Boot_P0_7.c ****     }
 162              		.loc 1 145 0
 163 000c C009     		lsr	r0, r0, #7
 164              	.LVL5:
 165              		.loc 1 146 0
 166 000e 7047     		bx	lr
 167              	.L15:
 168              		.align	2
 169              	.L14:
 170 0010 10000440 		.word	1074003984
 171              		.cfi_endproc
 172              	.LFE4:
 173              		.size	Boot_P0_7_ClearInterrupt, .-Boot_P0_7_ClearInterrupt
 174              		.text
 175              	.Letext0:
 176              		.file 2 ".\\Generated_Source\\PSoC4\\cytypes.h"
 177              		.section	.debug_info,"",%progbits
 178              	.Ldebug_info0:
 179 0000 47010000 		.4byte	0x147
 180 0004 0400     		.2byte	0x4
 181 0006 00000000 		.4byte	.Ldebug_abbrev0
 182 000a 04       		.byte	0x4
 183 000b 01       		.uleb128 0x1
 184 000c 06000000 		.4byte	.LASF22
 185 0010 01       		.byte	0x1
 186 0011 D2000000 		.4byte	.LASF23
 187 0015 DF010000 		.4byte	.LASF24
ARM GAS  C:\DOCUME~1\Chuck\LOCALS~1\Temp\ccQk8Q4l.s 			page 7


 188 0019 00000000 		.4byte	.Ldebug_ranges0+0
 189 001d 00000000 		.4byte	0
 190 0021 00000000 		.4byte	.Ldebug_line0
 191 0025 02       		.uleb128 0x2
 192 0026 01       		.byte	0x1
 193 0027 06       		.byte	0x6
 194 0028 D3010000 		.4byte	.LASF0
 195 002c 02       		.uleb128 0x2
 196 002d 01       		.byte	0x1
 197 002e 08       		.byte	0x8
 198 002f FD000000 		.4byte	.LASF1
 199 0033 02       		.uleb128 0x2
 200 0034 02       		.byte	0x2
 201 0035 05       		.byte	0x5
 202 0036 BA010000 		.4byte	.LASF2
 203 003a 02       		.uleb128 0x2
 204 003b 02       		.byte	0x2
 205 003c 07       		.byte	0x7
 206 003d 23010000 		.4byte	.LASF3
 207 0041 02       		.uleb128 0x2
 208 0042 04       		.byte	0x4
 209 0043 05       		.byte	0x5
 210 0044 CA010000 		.4byte	.LASF4
 211 0048 02       		.uleb128 0x2
 212 0049 04       		.byte	0x4
 213 004a 07       		.byte	0x7
 214 004b 11010000 		.4byte	.LASF5
 215 004f 02       		.uleb128 0x2
 216 0050 08       		.byte	0x8
 217 0051 05       		.byte	0x5
 218 0052 9A010000 		.4byte	.LASF6
 219 0056 02       		.uleb128 0x2
 220 0057 08       		.byte	0x8
 221 0058 07       		.byte	0x7
 222 0059 7E010000 		.4byte	.LASF7
 223 005d 03       		.uleb128 0x3
 224 005e 04       		.byte	0x4
 225 005f 05       		.byte	0x5
 226 0060 696E7400 		.ascii	"int\000"
 227 0064 02       		.uleb128 0x2
 228 0065 04       		.byte	0x4
 229 0066 07       		.byte	0x7
 230 0067 71010000 		.4byte	.LASF8
 231 006b 04       		.uleb128 0x4
 232 006c C4010000 		.4byte	.LASF9
 233 0070 02       		.byte	0x2
 234 0071 5B       		.byte	0x5b
 235 0072 2C000000 		.4byte	0x2c
 236 0076 04       		.uleb128 0x4
 237 0077 6A010000 		.4byte	.LASF10
 238 007b 02       		.byte	0x2
 239 007c 5D       		.byte	0x5d
 240 007d 48000000 		.4byte	0x48
 241 0081 02       		.uleb128 0x2
 242 0082 04       		.byte	0x4
 243 0083 04       		.byte	0x4
 244 0084 F7000000 		.4byte	.LASF11
ARM GAS  C:\DOCUME~1\Chuck\LOCALS~1\Temp\ccQk8Q4l.s 			page 8


 245 0088 02       		.uleb128 0x2
 246 0089 08       		.byte	0x8
 247 008a 04       		.byte	0x4
 248 008b 4D010000 		.4byte	.LASF12
 249 008f 02       		.uleb128 0x2
 250 0090 01       		.byte	0x1
 251 0091 08       		.byte	0x8
 252 0092 B5010000 		.4byte	.LASF13
 253 0096 04       		.uleb128 0x4
 254 0097 00000000 		.4byte	.LASF14
 255 009b 02       		.byte	0x2
 256 009c F2       		.byte	0xf2
 257 009d A1000000 		.4byte	0xa1
 258 00a1 05       		.uleb128 0x5
 259 00a2 76000000 		.4byte	0x76
 260 00a6 06       		.uleb128 0x6
 261 00a7 B3000000 		.4byte	.LASF15
 262 00ab 01       		.byte	0x1
 263 00ac 2A       		.byte	0x2a
 264 00ad 00000000 		.4byte	.LFB0
 265 00b1 18000000 		.4byte	.LFE0-.LFB0
 266 00b5 01       		.uleb128 0x1
 267 00b6 9C       		.byte	0x9c
 268 00b7 D6000000 		.4byte	0xd6
 269 00bb 07       		.uleb128 0x7
 270 00bc 94000000 		.4byte	.LASF17
 271 00c0 01       		.byte	0x1
 272 00c1 2A       		.byte	0x2a
 273 00c2 6B000000 		.4byte	0x6b
 274 00c6 00000000 		.4byte	.LLST0
 275 00ca 08       		.uleb128 0x8
 276 00cb 0B010000 		.4byte	.LASF25
 277 00cf 01       		.byte	0x1
 278 00d0 2C       		.byte	0x2c
 279 00d1 6B000000 		.4byte	0x6b
 280 00d5 00       		.byte	0
 281 00d6 06       		.uleb128 0x6
 282 00d7 36010000 		.4byte	.LASF16
 283 00db 01       		.byte	0x1
 284 00dc 49       		.byte	0x49
 285 00dd 00000000 		.4byte	.LFB1
 286 00e1 18000000 		.4byte	.LFE1-.LFB1
 287 00e5 01       		.uleb128 0x1
 288 00e6 9C       		.byte	0x9c
 289 00e7 FB000000 		.4byte	0xfb
 290 00eb 07       		.uleb128 0x7
 291 00ec 95010000 		.4byte	.LASF18
 292 00f0 01       		.byte	0x1
 293 00f1 49       		.byte	0x49
 294 00f2 6B000000 		.4byte	0x6b
 295 00f6 21000000 		.4byte	.LLST1
 296 00fa 00       		.byte	0
 297 00fb 09       		.uleb128 0x9
 298 00fc C3000000 		.4byte	.LASF19
 299 0100 01       		.byte	0x1
 300 0101 61       		.byte	0x61
 301 0102 6B000000 		.4byte	0x6b
ARM GAS  C:\DOCUME~1\Chuck\LOCALS~1\Temp\ccQk8Q4l.s 			page 9


 302 0106 00000000 		.4byte	.LFB2
 303 010a 10000000 		.4byte	.LFE2-.LFB2
 304 010e 01       		.uleb128 0x1
 305 010f 9C       		.byte	0x9c
 306 0110 09       		.uleb128 0x9
 307 0111 54010000 		.4byte	.LASF20
 308 0115 01       		.byte	0x1
 309 0116 75       		.byte	0x75
 310 0117 6B000000 		.4byte	0x6b
 311 011b 00000000 		.4byte	.LFB3
 312 011f 10000000 		.4byte	.LFE3-.LFB3
 313 0123 01       		.uleb128 0x1
 314 0124 9C       		.byte	0x9c
 315 0125 0A       		.uleb128 0xa
 316 0126 9A000000 		.4byte	.LASF21
 317 012a 01       		.byte	0x1
 318 012b 8D       		.byte	0x8d
 319 012c 6B000000 		.4byte	0x6b
 320 0130 00000000 		.4byte	.LFB4
 321 0134 14000000 		.4byte	.LFE4-.LFB4
 322 0138 01       		.uleb128 0x1
 323 0139 9C       		.byte	0x9c
 324 013a 0B       		.uleb128 0xb
 325 013b A8010000 		.4byte	.LASF26
 326 013f 01       		.byte	0x1
 327 0140 8F       		.byte	0x8f
 328 0141 6B000000 		.4byte	0x6b
 329 0145 42000000 		.4byte	.LLST2
 330 0149 00       		.byte	0
 331 014a 00       		.byte	0
 332              		.section	.debug_abbrev,"",%progbits
 333              	.Ldebug_abbrev0:
 334 0000 01       		.uleb128 0x1
 335 0001 11       		.uleb128 0x11
 336 0002 01       		.byte	0x1
 337 0003 25       		.uleb128 0x25
 338 0004 0E       		.uleb128 0xe
 339 0005 13       		.uleb128 0x13
 340 0006 0B       		.uleb128 0xb
 341 0007 03       		.uleb128 0x3
 342 0008 0E       		.uleb128 0xe
 343 0009 1B       		.uleb128 0x1b
 344 000a 0E       		.uleb128 0xe
 345 000b 55       		.uleb128 0x55
 346 000c 17       		.uleb128 0x17
 347 000d 11       		.uleb128 0x11
 348 000e 01       		.uleb128 0x1
 349 000f 10       		.uleb128 0x10
 350 0010 17       		.uleb128 0x17
 351 0011 00       		.byte	0
 352 0012 00       		.byte	0
 353 0013 02       		.uleb128 0x2
 354 0014 24       		.uleb128 0x24
 355 0015 00       		.byte	0
 356 0016 0B       		.uleb128 0xb
 357 0017 0B       		.uleb128 0xb
 358 0018 3E       		.uleb128 0x3e
ARM GAS  C:\DOCUME~1\Chuck\LOCALS~1\Temp\ccQk8Q4l.s 			page 10


 359 0019 0B       		.uleb128 0xb
 360 001a 03       		.uleb128 0x3
 361 001b 0E       		.uleb128 0xe
 362 001c 00       		.byte	0
 363 001d 00       		.byte	0
 364 001e 03       		.uleb128 0x3
 365 001f 24       		.uleb128 0x24
 366 0020 00       		.byte	0
 367 0021 0B       		.uleb128 0xb
 368 0022 0B       		.uleb128 0xb
 369 0023 3E       		.uleb128 0x3e
 370 0024 0B       		.uleb128 0xb
 371 0025 03       		.uleb128 0x3
 372 0026 08       		.uleb128 0x8
 373 0027 00       		.byte	0
 374 0028 00       		.byte	0
 375 0029 04       		.uleb128 0x4
 376 002a 16       		.uleb128 0x16
 377 002b 00       		.byte	0
 378 002c 03       		.uleb128 0x3
 379 002d 0E       		.uleb128 0xe
 380 002e 3A       		.uleb128 0x3a
 381 002f 0B       		.uleb128 0xb
 382 0030 3B       		.uleb128 0x3b
 383 0031 0B       		.uleb128 0xb
 384 0032 49       		.uleb128 0x49
 385 0033 13       		.uleb128 0x13
 386 0034 00       		.byte	0
 387 0035 00       		.byte	0
 388 0036 05       		.uleb128 0x5
 389 0037 35       		.uleb128 0x35
 390 0038 00       		.byte	0
 391 0039 49       		.uleb128 0x49
 392 003a 13       		.uleb128 0x13
 393 003b 00       		.byte	0
 394 003c 00       		.byte	0
 395 003d 06       		.uleb128 0x6
 396 003e 2E       		.uleb128 0x2e
 397 003f 01       		.byte	0x1
 398 0040 3F       		.uleb128 0x3f
 399 0041 19       		.uleb128 0x19
 400 0042 03       		.uleb128 0x3
 401 0043 0E       		.uleb128 0xe
 402 0044 3A       		.uleb128 0x3a
 403 0045 0B       		.uleb128 0xb
 404 0046 3B       		.uleb128 0x3b
 405 0047 0B       		.uleb128 0xb
 406 0048 27       		.uleb128 0x27
 407 0049 19       		.uleb128 0x19
 408 004a 11       		.uleb128 0x11
 409 004b 01       		.uleb128 0x1
 410 004c 12       		.uleb128 0x12
 411 004d 06       		.uleb128 0x6
 412 004e 40       		.uleb128 0x40
 413 004f 18       		.uleb128 0x18
 414 0050 9742     		.uleb128 0x2117
 415 0052 19       		.uleb128 0x19
ARM GAS  C:\DOCUME~1\Chuck\LOCALS~1\Temp\ccQk8Q4l.s 			page 11


 416 0053 01       		.uleb128 0x1
 417 0054 13       		.uleb128 0x13
 418 0055 00       		.byte	0
 419 0056 00       		.byte	0
 420 0057 07       		.uleb128 0x7
 421 0058 05       		.uleb128 0x5
 422 0059 00       		.byte	0
 423 005a 03       		.uleb128 0x3
 424 005b 0E       		.uleb128 0xe
 425 005c 3A       		.uleb128 0x3a
 426 005d 0B       		.uleb128 0xb
 427 005e 3B       		.uleb128 0x3b
 428 005f 0B       		.uleb128 0xb
 429 0060 49       		.uleb128 0x49
 430 0061 13       		.uleb128 0x13
 431 0062 02       		.uleb128 0x2
 432 0063 17       		.uleb128 0x17
 433 0064 00       		.byte	0
 434 0065 00       		.byte	0
 435 0066 08       		.uleb128 0x8
 436 0067 34       		.uleb128 0x34
 437 0068 00       		.byte	0
 438 0069 03       		.uleb128 0x3
 439 006a 0E       		.uleb128 0xe
 440 006b 3A       		.uleb128 0x3a
 441 006c 0B       		.uleb128 0xb
 442 006d 3B       		.uleb128 0x3b
 443 006e 0B       		.uleb128 0xb
 444 006f 49       		.uleb128 0x49
 445 0070 13       		.uleb128 0x13
 446 0071 00       		.byte	0
 447 0072 00       		.byte	0
 448 0073 09       		.uleb128 0x9
 449 0074 2E       		.uleb128 0x2e
 450 0075 00       		.byte	0
 451 0076 3F       		.uleb128 0x3f
 452 0077 19       		.uleb128 0x19
 453 0078 03       		.uleb128 0x3
 454 0079 0E       		.uleb128 0xe
 455 007a 3A       		.uleb128 0x3a
 456 007b 0B       		.uleb128 0xb
 457 007c 3B       		.uleb128 0x3b
 458 007d 0B       		.uleb128 0xb
 459 007e 27       		.uleb128 0x27
 460 007f 19       		.uleb128 0x19
 461 0080 49       		.uleb128 0x49
 462 0081 13       		.uleb128 0x13
 463 0082 11       		.uleb128 0x11
 464 0083 01       		.uleb128 0x1
 465 0084 12       		.uleb128 0x12
 466 0085 06       		.uleb128 0x6
 467 0086 40       		.uleb128 0x40
 468 0087 18       		.uleb128 0x18
 469 0088 9742     		.uleb128 0x2117
 470 008a 19       		.uleb128 0x19
 471 008b 00       		.byte	0
 472 008c 00       		.byte	0
ARM GAS  C:\DOCUME~1\Chuck\LOCALS~1\Temp\ccQk8Q4l.s 			page 12


 473 008d 0A       		.uleb128 0xa
 474 008e 2E       		.uleb128 0x2e
 475 008f 01       		.byte	0x1
 476 0090 3F       		.uleb128 0x3f
 477 0091 19       		.uleb128 0x19
 478 0092 03       		.uleb128 0x3
 479 0093 0E       		.uleb128 0xe
 480 0094 3A       		.uleb128 0x3a
 481 0095 0B       		.uleb128 0xb
 482 0096 3B       		.uleb128 0x3b
 483 0097 0B       		.uleb128 0xb
 484 0098 27       		.uleb128 0x27
 485 0099 19       		.uleb128 0x19
 486 009a 49       		.uleb128 0x49
 487 009b 13       		.uleb128 0x13
 488 009c 11       		.uleb128 0x11
 489 009d 01       		.uleb128 0x1
 490 009e 12       		.uleb128 0x12
 491 009f 06       		.uleb128 0x6
 492 00a0 40       		.uleb128 0x40
 493 00a1 18       		.uleb128 0x18
 494 00a2 9742     		.uleb128 0x2117
 495 00a4 19       		.uleb128 0x19
 496 00a5 00       		.byte	0
 497 00a6 00       		.byte	0
 498 00a7 0B       		.uleb128 0xb
 499 00a8 34       		.uleb128 0x34
 500 00a9 00       		.byte	0
 501 00aa 03       		.uleb128 0x3
 502 00ab 0E       		.uleb128 0xe
 503 00ac 3A       		.uleb128 0x3a
 504 00ad 0B       		.uleb128 0xb
 505 00ae 3B       		.uleb128 0x3b
 506 00af 0B       		.uleb128 0xb
 507 00b0 49       		.uleb128 0x49
 508 00b1 13       		.uleb128 0x13
 509 00b2 02       		.uleb128 0x2
 510 00b3 17       		.uleb128 0x17
 511 00b4 00       		.byte	0
 512 00b5 00       		.byte	0
 513 00b6 00       		.byte	0
 514              		.section	.debug_loc,"",%progbits
 515              	.Ldebug_loc0:
 516              	.LLST0:
 517 0000 00000000 		.4byte	.LVL0
 518 0004 06000000 		.4byte	.LVL1
 519 0008 0100     		.2byte	0x1
 520 000a 50       		.byte	0x50
 521 000b 06000000 		.4byte	.LVL1
 522 000f 18000000 		.4byte	.LFE0
 523 0013 0400     		.2byte	0x4
 524 0015 F3       		.byte	0xf3
 525 0016 01       		.uleb128 0x1
 526 0017 50       		.byte	0x50
 527 0018 9F       		.byte	0x9f
 528 0019 00000000 		.4byte	0
 529 001d 00000000 		.4byte	0
ARM GAS  C:\DOCUME~1\Chuck\LOCALS~1\Temp\ccQk8Q4l.s 			page 13


 530              	.LLST1:
 531 0021 00000000 		.4byte	.LVL2
 532 0025 08000000 		.4byte	.LVL3
 533 0029 0100     		.2byte	0x1
 534 002b 50       		.byte	0x50
 535 002c 08000000 		.4byte	.LVL3
 536 0030 18000000 		.4byte	.LFE1
 537 0034 0400     		.2byte	0x4
 538 0036 F3       		.byte	0xf3
 539 0037 01       		.uleb128 0x1
 540 0038 50       		.byte	0x50
 541 0039 9F       		.byte	0x9f
 542 003a 00000000 		.4byte	0
 543 003e 00000000 		.4byte	0
 544              	.LLST2:
 545 0042 0A000000 		.4byte	.LVL4
 546 0046 0E000000 		.4byte	.LVL5
 547 004a 0100     		.2byte	0x1
 548 004c 50       		.byte	0x50
 549 004d 0E000000 		.4byte	.LVL5
 550 0051 14000000 		.4byte	.LFE4
 551 0055 0400     		.2byte	0x4
 552 0057 73       		.byte	0x73
 553 0058 00       		.sleb128 0
 554 0059 06       		.byte	0x6
 555 005a 9F       		.byte	0x9f
 556 005b 00000000 		.4byte	0
 557 005f 00000000 		.4byte	0
 558              		.section	.debug_aranges,"",%progbits
 559 0000 3C000000 		.4byte	0x3c
 560 0004 0200     		.2byte	0x2
 561 0006 00000000 		.4byte	.Ldebug_info0
 562 000a 04       		.byte	0x4
 563 000b 00       		.byte	0
 564 000c 0000     		.2byte	0
 565 000e 0000     		.2byte	0
 566 0010 00000000 		.4byte	.LFB0
 567 0014 18000000 		.4byte	.LFE0-.LFB0
 568 0018 00000000 		.4byte	.LFB1
 569 001c 18000000 		.4byte	.LFE1-.LFB1
 570 0020 00000000 		.4byte	.LFB2
 571 0024 10000000 		.4byte	.LFE2-.LFB2
 572 0028 00000000 		.4byte	.LFB3
 573 002c 10000000 		.4byte	.LFE3-.LFB3
 574 0030 00000000 		.4byte	.LFB4
 575 0034 14000000 		.4byte	.LFE4-.LFB4
 576 0038 00000000 		.4byte	0
 577 003c 00000000 		.4byte	0
 578              		.section	.debug_ranges,"",%progbits
 579              	.Ldebug_ranges0:
 580 0000 00000000 		.4byte	.LFB0
 581 0004 18000000 		.4byte	.LFE0
 582 0008 00000000 		.4byte	.LFB1
 583 000c 18000000 		.4byte	.LFE1
 584 0010 00000000 		.4byte	.LFB2
 585 0014 10000000 		.4byte	.LFE2
 586 0018 00000000 		.4byte	.LFB3
ARM GAS  C:\DOCUME~1\Chuck\LOCALS~1\Temp\ccQk8Q4l.s 			page 14


 587 001c 10000000 		.4byte	.LFE3
 588 0020 00000000 		.4byte	.LFB4
 589 0024 14000000 		.4byte	.LFE4
 590 0028 00000000 		.4byte	0
 591 002c 00000000 		.4byte	0
 592              		.section	.debug_line,"",%progbits
 593              	.Ldebug_line0:
 594 0000 B5000000 		.section	.debug_str,"MS",%progbits,1
 594      02004800 
 594      00000201 
 594      FB0E0D00 
 594      01010101 
 595              	.LASF14:
 596 0000 72656733 		.ascii	"reg32\000"
 596      3200
 597              	.LASF22:
 598 0006 474E5520 		.ascii	"GNU C 4.9.3 20150303 (release) [ARM/embedded-4_9-br"
 598      4320342E 
 598      392E3320 
 598      32303135 
 598      30333033 
 599 0039 616E6368 		.ascii	"anch revision 221220] -mcpu=cortex-m0 -mthumb -g -O"
 599      20726576 
 599      6973696F 
 599      6E203232 
 599      31323230 
 600 006c 73202D66 		.ascii	"s -ffunction-sections -ffat-lto-objects\000"
 600      66756E63 
 600      74696F6E 
 600      2D736563 
 600      74696F6E 
 601              	.LASF17:
 602 0094 76616C75 		.ascii	"value\000"
 602      6500
 603              	.LASF21:
 604 009a 426F6F74 		.ascii	"Boot_P0_7_ClearInterrupt\000"
 604      5F50305F 
 604      375F436C 
 604      65617249 
 604      6E746572 
 605              	.LASF15:
 606 00b3 426F6F74 		.ascii	"Boot_P0_7_Write\000"
 606      5F50305F 
 606      375F5772 
 606      69746500 
 607              	.LASF19:
 608 00c3 426F6F74 		.ascii	"Boot_P0_7_Read\000"
 608      5F50305F 
 608      375F5265 
 608      616400
 609              	.LASF23:
 610 00d2 2E5C4765 		.ascii	".\\Generated_Source\\PSoC4\\Boot_P0_7.c\000"
 610      6E657261 
 610      7465645F 
 610      536F7572 
 610      63655C50 
 611              	.LASF11:
ARM GAS  C:\DOCUME~1\Chuck\LOCALS~1\Temp\ccQk8Q4l.s 			page 15


 612 00f7 666C6F61 		.ascii	"float\000"
 612      7400
 613              	.LASF1:
 614 00fd 756E7369 		.ascii	"unsigned char\000"
 614      676E6564 
 614      20636861 
 614      7200
 615              	.LASF25:
 616 010b 64725661 		.ascii	"drVal\000"
 616      6C00
 617              	.LASF5:
 618 0111 6C6F6E67 		.ascii	"long unsigned int\000"
 618      20756E73 
 618      69676E65 
 618      6420696E 
 618      7400
 619              	.LASF3:
 620 0123 73686F72 		.ascii	"short unsigned int\000"
 620      7420756E 
 620      7369676E 
 620      65642069 
 620      6E7400
 621              	.LASF16:
 622 0136 426F6F74 		.ascii	"Boot_P0_7_SetDriveMode\000"
 622      5F50305F 
 622      375F5365 
 622      74447269 
 622      76654D6F 
 623              	.LASF12:
 624 014d 646F7562 		.ascii	"double\000"
 624      6C6500
 625              	.LASF20:
 626 0154 426F6F74 		.ascii	"Boot_P0_7_ReadDataReg\000"
 626      5F50305F 
 626      375F5265 
 626      61644461 
 626      74615265 
 627              	.LASF10:
 628 016a 75696E74 		.ascii	"uint32\000"
 628      333200
 629              	.LASF8:
 630 0171 756E7369 		.ascii	"unsigned int\000"
 630      676E6564 
 630      20696E74 
 630      00
 631              	.LASF7:
 632 017e 6C6F6E67 		.ascii	"long long unsigned int\000"
 632      206C6F6E 
 632      6720756E 
 632      7369676E 
 632      65642069 
 633              	.LASF18:
 634 0195 6D6F6465 		.ascii	"mode\000"
 634      00
 635              	.LASF6:
 636 019a 6C6F6E67 		.ascii	"long long int\000"
 636      206C6F6E 
ARM GAS  C:\DOCUME~1\Chuck\LOCALS~1\Temp\ccQk8Q4l.s 			page 16


 636      6720696E 
 636      7400
 637              	.LASF26:
 638 01a8 6D61736B 		.ascii	"maskedStatus\000"
 638      65645374 
 638      61747573 
 638      00
 639              	.LASF13:
 640 01b5 63686172 		.ascii	"char\000"
 640      00
 641              	.LASF2:
 642 01ba 73686F72 		.ascii	"short int\000"
 642      7420696E 
 642      7400
 643              	.LASF9:
 644 01c4 75696E74 		.ascii	"uint8\000"
 644      3800
 645              	.LASF4:
 646 01ca 6C6F6E67 		.ascii	"long int\000"
 646      20696E74 
 646      00
 647              	.LASF0:
 648 01d3 7369676E 		.ascii	"signed char\000"
 648      65642063 
 648      68617200 
 649              	.LASF24:
 650 01df 433A5C44 		.ascii	"C:\\Documents and Settings\\Chuck\\My Documents\\PS"
 650      6F63756D 
 650      656E7473 
 650      20616E64 
 650      20536574 
 651 020e 6F432043 		.ascii	"oC Creator\\RosOnAStick\\Bootloader.cydsn\000"
 651      72656174 
 651      6F725C52 
 651      6F734F6E 
 651      41537469 
 652              		.ident	"GCC: (GNU Tools for ARM Embedded Processors) 4.9.3 20150303 (release) [ARM/embedded-4_9-br
