ARM GAS  C:\DOCUME~1\Chuck\LOCALS~1\Temp\cc8PdVZR.s 			page 1


   1              		.cpu cortex-m0
   2              		.fpu softvfp
   3              		.eabi_attribute 20, 1
   4              		.eabi_attribute 21, 1
   5              		.eabi_attribute 23, 3
   6              		.eabi_attribute 24, 1
   7              		.eabi_attribute 25, 1
   8              		.eabi_attribute 26, 1
   9              		.eabi_attribute 30, 4
  10              		.eabi_attribute 34, 0
  11              		.eabi_attribute 18, 4
  12              		.code	16
  13              		.file	"Cm0Start.c"
  14              		.text
  15              	.Ltext0:
  16              		.cfi_sections	.debug_frame
  17              		.section	.text.IntDefaultHandler,"ax",%progbits
  18              		.align	1
  19              		.global	IntDefaultHandler
  20              		.code	16
  21              		.thumb_func
  22              		.type	IntDefaultHandler, %function
  23              	IntDefaultHandler:
  24              	.LFB0:
  25              		.file 1 ".\\Generated_Source\\PSoC4\\Cm0Start.c"
   1:.\Generated_Source\PSoC4/Cm0Start.c **** /*******************************************************************************
   2:.\Generated_Source\PSoC4/Cm0Start.c **** * File Name: Cm0Start.c
   3:.\Generated_Source\PSoC4/Cm0Start.c **** * Version 4.10
   4:.\Generated_Source\PSoC4/Cm0Start.c **** *
   5:.\Generated_Source\PSoC4/Cm0Start.c **** *  Description:
   6:.\Generated_Source\PSoC4/Cm0Start.c **** *  Startup code for the ARM CM0.
   7:.\Generated_Source\PSoC4/Cm0Start.c **** *
   8:.\Generated_Source\PSoC4/Cm0Start.c **** ********************************************************************************
   9:.\Generated_Source\PSoC4/Cm0Start.c **** * Copyright 2010-2014, Cypress Semiconductor Corporation.  All rights reserved.
  10:.\Generated_Source\PSoC4/Cm0Start.c **** * You may use this file only in accordance with the license, terms, conditions,
  11:.\Generated_Source\PSoC4/Cm0Start.c **** * disclaimers, and limitations in the end user license agreement accompanying
  12:.\Generated_Source\PSoC4/Cm0Start.c **** * the software package with which this file was provided.
  13:.\Generated_Source\PSoC4/Cm0Start.c **** *******************************************************************************/
  14:.\Generated_Source\PSoC4/Cm0Start.c **** 
  15:.\Generated_Source\PSoC4/Cm0Start.c **** #include <limits.h>
  16:.\Generated_Source\PSoC4/Cm0Start.c **** #include "cydevice_trm.h"
  17:.\Generated_Source\PSoC4/Cm0Start.c **** #include "cytypes.h"
  18:.\Generated_Source\PSoC4/Cm0Start.c **** #include "cyfitter_cfg.h"
  19:.\Generated_Source\PSoC4/Cm0Start.c **** #include "CyLib.h"
  20:.\Generated_Source\PSoC4/Cm0Start.c **** #include "cyfitter.h"
  21:.\Generated_Source\PSoC4/Cm0Start.c **** 
  22:.\Generated_Source\PSoC4/Cm0Start.c **** #define CY_NUM_VECTORS              (CY_INT_IRQ_BASE + CY_NUM_INTERRUPTS)
  23:.\Generated_Source\PSoC4/Cm0Start.c **** #define CY_CPUSS_CONFIG_VECT_IN_RAM (( uint32 ) 0x01)
  24:.\Generated_Source\PSoC4/Cm0Start.c **** 
  25:.\Generated_Source\PSoC4/Cm0Start.c **** /* CPUSS Configuration register */
  26:.\Generated_Source\PSoC4/Cm0Start.c **** #define CY_CPUSS_CONFIG_REG         (*(reg32 *) CYREG_CPUSS_CONFIG)
  27:.\Generated_Source\PSoC4/Cm0Start.c **** #define CY_CPUSS_CONFIG_PTR         ( (reg32 *) CYREG_CPUSS_CONFIG)
  28:.\Generated_Source\PSoC4/Cm0Start.c **** 
  29:.\Generated_Source\PSoC4/Cm0Start.c **** 
  30:.\Generated_Source\PSoC4/Cm0Start.c **** #if defined (__ICCARM__)
  31:.\Generated_Source\PSoC4/Cm0Start.c ****     #define CY_NUM_ROM_VECTORS      (CY_NUM_VECTORS)
  32:.\Generated_Source\PSoC4/Cm0Start.c **** #else
ARM GAS  C:\DOCUME~1\Chuck\LOCALS~1\Temp\cc8PdVZR.s 			page 2


  33:.\Generated_Source\PSoC4/Cm0Start.c ****     #define CY_NUM_ROM_VECTORS      (4u)
  34:.\Generated_Source\PSoC4/Cm0Start.c **** #endif  /* defined (__ICCARM__) */
  35:.\Generated_Source\PSoC4/Cm0Start.c **** 
  36:.\Generated_Source\PSoC4/Cm0Start.c **** #if defined(__ARMCC_VERSION)
  37:.\Generated_Source\PSoC4/Cm0Start.c ****     #define INITIAL_STACK_POINTER ((cyisraddress)(uint32)&Image$$ARM_LIB_STACK$$ZI$$Limit)
  38:.\Generated_Source\PSoC4/Cm0Start.c **** #elif defined (__GNUC__)
  39:.\Generated_Source\PSoC4/Cm0Start.c ****     #define INITIAL_STACK_POINTER (&__cy_stack)
  40:.\Generated_Source\PSoC4/Cm0Start.c **** #elif defined (__ICCARM__)
  41:.\Generated_Source\PSoC4/Cm0Start.c ****     #pragma language=extended
  42:.\Generated_Source\PSoC4/Cm0Start.c ****     #pragma segment="CSTACK"
  43:.\Generated_Source\PSoC4/Cm0Start.c ****     #define INITIAL_STACK_POINTER  { .__ptr = __sfe( "CSTACK" ) }
  44:.\Generated_Source\PSoC4/Cm0Start.c **** 
  45:.\Generated_Source\PSoC4/Cm0Start.c ****     extern void __iar_program_start( void );
  46:.\Generated_Source\PSoC4/Cm0Start.c ****     extern void __iar_data_init3 (void);
  47:.\Generated_Source\PSoC4/Cm0Start.c **** #endif  /* (__ARMCC_VERSION) */
  48:.\Generated_Source\PSoC4/Cm0Start.c **** 
  49:.\Generated_Source\PSoC4/Cm0Start.c **** /* Extern functions */
  50:.\Generated_Source\PSoC4/Cm0Start.c **** extern void CyBtldr_CheckLaunch(void);
  51:.\Generated_Source\PSoC4/Cm0Start.c **** 
  52:.\Generated_Source\PSoC4/Cm0Start.c **** /* Function prototypes */
  53:.\Generated_Source\PSoC4/Cm0Start.c **** void initialize_psoc(void);
  54:.\Generated_Source\PSoC4/Cm0Start.c **** 
  55:.\Generated_Source\PSoC4/Cm0Start.c **** /* Global variables */
  56:.\Generated_Source\PSoC4/Cm0Start.c **** #if !defined (__ICCARM__)
  57:.\Generated_Source\PSoC4/Cm0Start.c ****     CY_NOINIT static uint32 cySysNoInitDataValid;
  58:.\Generated_Source\PSoC4/Cm0Start.c **** #endif  /* !defined (__ICCARM__) */
  59:.\Generated_Source\PSoC4/Cm0Start.c **** 
  60:.\Generated_Source\PSoC4/Cm0Start.c **** 
  61:.\Generated_Source\PSoC4/Cm0Start.c **** #if (CYDEV_PROJ_TYPE != CYDEV_PROJ_TYPE_STANDARD)
  62:.\Generated_Source\PSoC4/Cm0Start.c **** 
  63:.\Generated_Source\PSoC4/Cm0Start.c ****     /*******************************************************************************
  64:.\Generated_Source\PSoC4/Cm0Start.c ****     This variable is used by the Bootloader/Bootloadable components to schedule
  65:.\Generated_Source\PSoC4/Cm0Start.c ****     what application will be started after a software reset.
  66:.\Generated_Source\PSoC4/Cm0Start.c ****     *******************************************************************************/
  67:.\Generated_Source\PSoC4/Cm0Start.c ****     #if (__ARMCC_VERSION)
  68:.\Generated_Source\PSoC4/Cm0Start.c ****         __attribute__ ((section(".bootloaderruntype"), zero_init))
  69:.\Generated_Source\PSoC4/Cm0Start.c ****     #elif defined (__GNUC__)
  70:.\Generated_Source\PSoC4/Cm0Start.c ****         __attribute__ ((section(".bootloaderruntype")))
  71:.\Generated_Source\PSoC4/Cm0Start.c ****     #elif defined (__ICCARM__)
  72:.\Generated_Source\PSoC4/Cm0Start.c ****         #pragma location=".bootloaderruntype"
  73:.\Generated_Source\PSoC4/Cm0Start.c ****     #endif /* (__ARMCC_VERSION) */
  74:.\Generated_Source\PSoC4/Cm0Start.c ****     volatile uint32 cyBtldrRunType;
  75:.\Generated_Source\PSoC4/Cm0Start.c **** 
  76:.\Generated_Source\PSoC4/Cm0Start.c **** #endif  /* (CYDEV_PROJ_TYPE != CYDEV_PROJ_TYPE_STANDARD) */
  77:.\Generated_Source\PSoC4/Cm0Start.c **** 
  78:.\Generated_Source\PSoC4/Cm0Start.c **** 
  79:.\Generated_Source\PSoC4/Cm0Start.c **** /*******************************************************************************
  80:.\Generated_Source\PSoC4/Cm0Start.c **** * Function Name: IntDefaultHandler
  81:.\Generated_Source\PSoC4/Cm0Start.c **** ********************************************************************************
  82:.\Generated_Source\PSoC4/Cm0Start.c **** *
  83:.\Generated_Source\PSoC4/Cm0Start.c **** * Summary:
  84:.\Generated_Source\PSoC4/Cm0Start.c **** *  This function is called for all interrupts, other than a reset that is called
  85:.\Generated_Source\PSoC4/Cm0Start.c **** *  before the system is setup.
  86:.\Generated_Source\PSoC4/Cm0Start.c **** *
  87:.\Generated_Source\PSoC4/Cm0Start.c **** * Parameters:
  88:.\Generated_Source\PSoC4/Cm0Start.c **** *  None
  89:.\Generated_Source\PSoC4/Cm0Start.c **** *
ARM GAS  C:\DOCUME~1\Chuck\LOCALS~1\Temp\cc8PdVZR.s 			page 3


  90:.\Generated_Source\PSoC4/Cm0Start.c **** * Return:
  91:.\Generated_Source\PSoC4/Cm0Start.c **** *  None
  92:.\Generated_Source\PSoC4/Cm0Start.c **** *
  93:.\Generated_Source\PSoC4/Cm0Start.c **** * Theory:
  94:.\Generated_Source\PSoC4/Cm0Start.c **** *   Any value other than zero is acceptable.
  95:.\Generated_Source\PSoC4/Cm0Start.c **** *
  96:.\Generated_Source\PSoC4/Cm0Start.c **** *******************************************************************************/
  97:.\Generated_Source\PSoC4/Cm0Start.c **** CY_NORETURN
  98:.\Generated_Source\PSoC4/Cm0Start.c **** CY_ISR(IntDefaultHandler)
  99:.\Generated_Source\PSoC4/Cm0Start.c **** {
  26              		.loc 1 99 0
  27              		.cfi_startproc
  28              	.L2:
 100:.\Generated_Source\PSoC4/Cm0Start.c ****     /***************************************************************************
 101:.\Generated_Source\PSoC4/Cm0Start.c ****     * We must not get here. If we do, a serious problem occurs, so go into
 102:.\Generated_Source\PSoC4/Cm0Start.c ****     * an infinite loop.
 103:.\Generated_Source\PSoC4/Cm0Start.c ****     ***************************************************************************/
 104:.\Generated_Source\PSoC4/Cm0Start.c ****     while(1)
 105:.\Generated_Source\PSoC4/Cm0Start.c ****     {
 106:.\Generated_Source\PSoC4/Cm0Start.c **** 
 107:.\Generated_Source\PSoC4/Cm0Start.c ****     }
  29              		.loc 1 107 0 discriminator 1
  30 0000 FEE7     		b	.L2
  31              		.cfi_endproc
  32              	.LFE0:
  33              		.size	IntDefaultHandler, .-IntDefaultHandler
  34              		.section	.text._exit,"ax",%progbits
  35              		.align	1
  36              		.weak	_exit
  37              		.code	16
  38              		.thumb_func
  39              		.type	_exit, %function
  40              	_exit:
  41              	.LFB1:
 108:.\Generated_Source\PSoC4/Cm0Start.c **** }
 109:.\Generated_Source\PSoC4/Cm0Start.c **** 
 110:.\Generated_Source\PSoC4/Cm0Start.c **** #if defined(__ARMCC_VERSION)
 111:.\Generated_Source\PSoC4/Cm0Start.c **** 
 112:.\Generated_Source\PSoC4/Cm0Start.c **** /* Local function for device reset. */
 113:.\Generated_Source\PSoC4/Cm0Start.c **** extern void Reset(void);
 114:.\Generated_Source\PSoC4/Cm0Start.c **** 
 115:.\Generated_Source\PSoC4/Cm0Start.c **** /* Application entry point. */
 116:.\Generated_Source\PSoC4/Cm0Start.c **** extern void $Super$$main(void);
 117:.\Generated_Source\PSoC4/Cm0Start.c **** 
 118:.\Generated_Source\PSoC4/Cm0Start.c **** /* Linker-generated Stack Base addresses, Two Region and One Region */
 119:.\Generated_Source\PSoC4/Cm0Start.c **** extern unsigned long Image$$ARM_LIB_STACK$$ZI$$Limit;
 120:.\Generated_Source\PSoC4/Cm0Start.c **** 
 121:.\Generated_Source\PSoC4/Cm0Start.c **** /* RealView C Library initialization. */
 122:.\Generated_Source\PSoC4/Cm0Start.c **** extern int __main(void);
 123:.\Generated_Source\PSoC4/Cm0Start.c **** 
 124:.\Generated_Source\PSoC4/Cm0Start.c **** 
 125:.\Generated_Source\PSoC4/Cm0Start.c **** /*******************************************************************************
 126:.\Generated_Source\PSoC4/Cm0Start.c **** * Function Name: Reset
 127:.\Generated_Source\PSoC4/Cm0Start.c **** ********************************************************************************
 128:.\Generated_Source\PSoC4/Cm0Start.c **** *
 129:.\Generated_Source\PSoC4/Cm0Start.c **** * Summary:
 130:.\Generated_Source\PSoC4/Cm0Start.c **** *  This function handles the reset interrupt for the RVDS/MDK toolchains.
ARM GAS  C:\DOCUME~1\Chuck\LOCALS~1\Temp\cc8PdVZR.s 			page 4


 131:.\Generated_Source\PSoC4/Cm0Start.c **** *  This is the first bit of code that is executed at startup.
 132:.\Generated_Source\PSoC4/Cm0Start.c **** *
 133:.\Generated_Source\PSoC4/Cm0Start.c **** * Parameters:
 134:.\Generated_Source\PSoC4/Cm0Start.c **** *  None
 135:.\Generated_Source\PSoC4/Cm0Start.c **** *
 136:.\Generated_Source\PSoC4/Cm0Start.c **** * Return:
 137:.\Generated_Source\PSoC4/Cm0Start.c **** *  None
 138:.\Generated_Source\PSoC4/Cm0Start.c **** *
 139:.\Generated_Source\PSoC4/Cm0Start.c **** *******************************************************************************/
 140:.\Generated_Source\PSoC4/Cm0Start.c **** void Reset(void)
 141:.\Generated_Source\PSoC4/Cm0Start.c **** {
 142:.\Generated_Source\PSoC4/Cm0Start.c ****     #if (CYDEV_PROJ_TYPE == CYDEV_PROJ_TYPE_LOADABLE)
 143:.\Generated_Source\PSoC4/Cm0Start.c ****         /* The bootloadable application image is started at Reset() handler
 144:.\Generated_Source\PSoC4/Cm0Start.c ****         * as a result of a branch instruction execution from the bootloader.
 145:.\Generated_Source\PSoC4/Cm0Start.c ****         * So, the stack pointer needs to be reset to be sure that
 146:.\Generated_Source\PSoC4/Cm0Start.c ****         * there is no garbage in the stack.
 147:.\Generated_Source\PSoC4/Cm0Start.c ****         */
 148:.\Generated_Source\PSoC4/Cm0Start.c ****         register uint32_t msp __asm("msp");
 149:.\Generated_Source\PSoC4/Cm0Start.c ****         msp = (uint32_t)&Image$$ARM_LIB_STACK$$ZI$$Limit;
 150:.\Generated_Source\PSoC4/Cm0Start.c ****     #endif /* CYDEV_PROJ_TYPE_LOADABLE */
 151:.\Generated_Source\PSoC4/Cm0Start.c **** 
 152:.\Generated_Source\PSoC4/Cm0Start.c ****     #if(!CY_PSOC4A)
 153:.\Generated_Source\PSoC4/Cm0Start.c ****         CySysWdtDisable();
 154:.\Generated_Source\PSoC4/Cm0Start.c ****     #endif  /* (!CY_PSOC4A) */
 155:.\Generated_Source\PSoC4/Cm0Start.c **** 
 156:.\Generated_Source\PSoC4/Cm0Start.c ****     #if (CYDEV_BOOTLOADER_ENABLE)
 157:.\Generated_Source\PSoC4/Cm0Start.c ****         CyBtldr_CheckLaunch();
 158:.\Generated_Source\PSoC4/Cm0Start.c ****     #endif /* CYDEV_BOOTLOADER_ENABLE */
 159:.\Generated_Source\PSoC4/Cm0Start.c **** 
 160:.\Generated_Source\PSoC4/Cm0Start.c ****     __main();
 161:.\Generated_Source\PSoC4/Cm0Start.c **** }
 162:.\Generated_Source\PSoC4/Cm0Start.c **** 
 163:.\Generated_Source\PSoC4/Cm0Start.c **** /*******************************************************************************
 164:.\Generated_Source\PSoC4/Cm0Start.c **** * Function Name: $Sub$$main
 165:.\Generated_Source\PSoC4/Cm0Start.c **** ********************************************************************************
 166:.\Generated_Source\PSoC4/Cm0Start.c **** *
 167:.\Generated_Source\PSoC4/Cm0Start.c **** * Summary:
 168:.\Generated_Source\PSoC4/Cm0Start.c **** *  This function is called immediately before the users main
 169:.\Generated_Source\PSoC4/Cm0Start.c **** *
 170:.\Generated_Source\PSoC4/Cm0Start.c **** * Parameters:
 171:.\Generated_Source\PSoC4/Cm0Start.c **** *  None
 172:.\Generated_Source\PSoC4/Cm0Start.c **** *
 173:.\Generated_Source\PSoC4/Cm0Start.c **** * Return:
 174:.\Generated_Source\PSoC4/Cm0Start.c **** *  None
 175:.\Generated_Source\PSoC4/Cm0Start.c **** *
 176:.\Generated_Source\PSoC4/Cm0Start.c **** *******************************************************************************/
 177:.\Generated_Source\PSoC4/Cm0Start.c **** __attribute__ ((noreturn))
 178:.\Generated_Source\PSoC4/Cm0Start.c **** void $Sub$$main(void)
 179:.\Generated_Source\PSoC4/Cm0Start.c **** {
 180:.\Generated_Source\PSoC4/Cm0Start.c ****     initialize_psoc();
 181:.\Generated_Source\PSoC4/Cm0Start.c **** 
 182:.\Generated_Source\PSoC4/Cm0Start.c ****     /* Call original main */
 183:.\Generated_Source\PSoC4/Cm0Start.c ****     $Super$$main();
 184:.\Generated_Source\PSoC4/Cm0Start.c **** 
 185:.\Generated_Source\PSoC4/Cm0Start.c ****     while (1)
 186:.\Generated_Source\PSoC4/Cm0Start.c ****     {
 187:.\Generated_Source\PSoC4/Cm0Start.c ****         /* If main returns it is undefined what we should do. */
ARM GAS  C:\DOCUME~1\Chuck\LOCALS~1\Temp\cc8PdVZR.s 			page 5


 188:.\Generated_Source\PSoC4/Cm0Start.c ****     }
 189:.\Generated_Source\PSoC4/Cm0Start.c **** }
 190:.\Generated_Source\PSoC4/Cm0Start.c **** 
 191:.\Generated_Source\PSoC4/Cm0Start.c **** #elif defined(__GNUC__)
 192:.\Generated_Source\PSoC4/Cm0Start.c **** 
 193:.\Generated_Source\PSoC4/Cm0Start.c **** /* Stack Base address */
 194:.\Generated_Source\PSoC4/Cm0Start.c **** extern void __cy_stack(void);
 195:.\Generated_Source\PSoC4/Cm0Start.c **** 
 196:.\Generated_Source\PSoC4/Cm0Start.c **** /* Application entry point. */
 197:.\Generated_Source\PSoC4/Cm0Start.c **** extern int main(void);
 198:.\Generated_Source\PSoC4/Cm0Start.c **** 
 199:.\Generated_Source\PSoC4/Cm0Start.c **** /* The static objects constructors initializer */
 200:.\Generated_Source\PSoC4/Cm0Start.c **** extern void __libc_init_array(void);
 201:.\Generated_Source\PSoC4/Cm0Start.c **** 
 202:.\Generated_Source\PSoC4/Cm0Start.c **** typedef unsigned char __cy_byte_align8 __attribute ((aligned (8)));
 203:.\Generated_Source\PSoC4/Cm0Start.c **** 
 204:.\Generated_Source\PSoC4/Cm0Start.c **** struct __cy_region
 205:.\Generated_Source\PSoC4/Cm0Start.c **** {
 206:.\Generated_Source\PSoC4/Cm0Start.c ****     __cy_byte_align8 *init; /* Initial contents of this region.  */
 207:.\Generated_Source\PSoC4/Cm0Start.c ****     __cy_byte_align8 *data; /* Start address of region.  */
 208:.\Generated_Source\PSoC4/Cm0Start.c ****     size_t init_size;       /* Size of initial data.  */
 209:.\Generated_Source\PSoC4/Cm0Start.c ****     size_t zero_size;       /* Additional size to be zeroed.  */
 210:.\Generated_Source\PSoC4/Cm0Start.c **** };
 211:.\Generated_Source\PSoC4/Cm0Start.c **** 
 212:.\Generated_Source\PSoC4/Cm0Start.c **** extern const struct __cy_region __cy_regions[];
 213:.\Generated_Source\PSoC4/Cm0Start.c **** extern const char __cy_region_num __attribute__((weak));
 214:.\Generated_Source\PSoC4/Cm0Start.c **** #define __cy_region_num ((size_t)&__cy_region_num)
 215:.\Generated_Source\PSoC4/Cm0Start.c **** 
 216:.\Generated_Source\PSoC4/Cm0Start.c **** __attribute__((weak))
 217:.\Generated_Source\PSoC4/Cm0Start.c **** void _exit(int status)
 218:.\Generated_Source\PSoC4/Cm0Start.c **** {
  42              		.loc 1 218 0
  43              		.cfi_startproc
  44              	.LVL0:
  45              	.L4:
 219:.\Generated_Source\PSoC4/Cm0Start.c ****     /* Cause divide by 0 exception */
 220:.\Generated_Source\PSoC4/Cm0Start.c ****     int x = status / INT_MAX;
 221:.\Generated_Source\PSoC4/Cm0Start.c ****     x = 4 / x;
 222:.\Generated_Source\PSoC4/Cm0Start.c **** 
 223:.\Generated_Source\PSoC4/Cm0Start.c ****     while(1)
 224:.\Generated_Source\PSoC4/Cm0Start.c ****     {
 225:.\Generated_Source\PSoC4/Cm0Start.c **** 
 226:.\Generated_Source\PSoC4/Cm0Start.c ****     }
  46              		.loc 1 226 0 discriminator 1
  47 0000 FEE7     		b	.L4
  48              		.cfi_endproc
  49              	.LFE1:
  50              		.size	_exit, .-_exit
  51              		.section	.text.Start_c,"ax",%progbits
  52              		.align	1
  53              		.global	Start_c
  54              		.code	16
  55              		.thumb_func
  56              		.type	Start_c, %function
  57              	Start_c:
  58              	.LFB2:
 227:.\Generated_Source\PSoC4/Cm0Start.c **** }
ARM GAS  C:\DOCUME~1\Chuck\LOCALS~1\Temp\cc8PdVZR.s 			page 6


 228:.\Generated_Source\PSoC4/Cm0Start.c **** 
 229:.\Generated_Source\PSoC4/Cm0Start.c **** /*******************************************************************************
 230:.\Generated_Source\PSoC4/Cm0Start.c **** * Function Name: Start_c
 231:.\Generated_Source\PSoC4/Cm0Start.c **** ********************************************************************************
 232:.\Generated_Source\PSoC4/Cm0Start.c **** *
 233:.\Generated_Source\PSoC4/Cm0Start.c **** * Summary:
 234:.\Generated_Source\PSoC4/Cm0Start.c **** *  This function handles initializing the .data and .bss sections in
 235:.\Generated_Source\PSoC4/Cm0Start.c **** *  preparation for running the standard c code.  Once initialization is complete
 236:.\Generated_Source\PSoC4/Cm0Start.c **** *  it will call main().  This function will never return.
 237:.\Generated_Source\PSoC4/Cm0Start.c **** *
 238:.\Generated_Source\PSoC4/Cm0Start.c **** * Parameters:
 239:.\Generated_Source\PSoC4/Cm0Start.c **** *  None
 240:.\Generated_Source\PSoC4/Cm0Start.c **** *
 241:.\Generated_Source\PSoC4/Cm0Start.c **** * Return:
 242:.\Generated_Source\PSoC4/Cm0Start.c **** *  None
 243:.\Generated_Source\PSoC4/Cm0Start.c **** *
 244:.\Generated_Source\PSoC4/Cm0Start.c **** *******************************************************************************/
 245:.\Generated_Source\PSoC4/Cm0Start.c **** void Start_c(void)  __attribute__ ((noreturn));
 246:.\Generated_Source\PSoC4/Cm0Start.c **** void Start_c(void)
 247:.\Generated_Source\PSoC4/Cm0Start.c **** {
  59              		.loc 1 247 0
  60              		.cfi_startproc
  61              	.LVL1:
  62 0000 70B5     		push	{r4, r5, r6, lr}
  63              		.cfi_def_cfa_offset 16
  64              		.cfi_offset 4, -16
  65              		.cfi_offset 5, -12
  66              		.cfi_offset 6, -8
  67              		.cfi_offset 14, -4
  68 0002 1049     		ldr	r1, .L17
 248:.\Generated_Source\PSoC4/Cm0Start.c ****     unsigned regions = __cy_region_num;
 249:.\Generated_Source\PSoC4/Cm0Start.c ****     const struct __cy_region *rptr = __cy_regions;
 250:.\Generated_Source\PSoC4/Cm0Start.c **** 
 251:.\Generated_Source\PSoC4/Cm0Start.c ****     /* Initialize memory */
 252:.\Generated_Source\PSoC4/Cm0Start.c ****     for (regions = __cy_region_num, rptr = __cy_regions; regions--; rptr++)
  69              		.loc 1 252 0
  70 0004 104B     		ldr	r3, .L17+4
  71 0006 0139     		sub	r1, r1, #1
  72              	.LVL2:
  73              	.L6:
  74              		.loc 1 252 0 is_stmt 0 discriminator 1
  75 0008 4A1C     		add	r2, r1, #1
  76 000a 15D0     		beq	.L14
  77              	.LBB2:
 253:.\Generated_Source\PSoC4/Cm0Start.c ****     {
 254:.\Generated_Source\PSoC4/Cm0Start.c ****         uint32 *src = (uint32 *)rptr->init;
 255:.\Generated_Source\PSoC4/Cm0Start.c ****         uint32 *dst = (uint32 *)rptr->data;
 256:.\Generated_Source\PSoC4/Cm0Start.c ****         unsigned limit = rptr->init_size;
 257:.\Generated_Source\PSoC4/Cm0Start.c ****         unsigned count;
 258:.\Generated_Source\PSoC4/Cm0Start.c **** 
 259:.\Generated_Source\PSoC4/Cm0Start.c ****         for (count = 0u; count != limit; count += sizeof (uint32))
  78              		.loc 1 259 0 is_stmt 1
  79 000c 0022     		mov	r2, #0
 254:.\Generated_Source\PSoC4/Cm0Start.c ****         uint32 *dst = (uint32 *)rptr->data;
  80              		.loc 1 254 0
  81 000e 1E68     		ldr	r6, [r3]
  82              	.LVL3:
ARM GAS  C:\DOCUME~1\Chuck\LOCALS~1\Temp\cc8PdVZR.s 			page 7


 255:.\Generated_Source\PSoC4/Cm0Start.c ****         unsigned limit = rptr->init_size;
  83              		.loc 1 255 0
  84 0010 5C68     		ldr	r4, [r3, #4]
  85              	.LVL4:
 256:.\Generated_Source\PSoC4/Cm0Start.c ****         unsigned count;
  86              		.loc 1 256 0
  87 0012 9D68     		ldr	r5, [r3, #8]
  88              	.LVL5:
  89              	.L7:
  90 0014 A018     		add	r0, r4, r2
  91              	.LVL6:
  92              		.loc 1 259 0 discriminator 1
  93 0016 AA42     		cmp	r2, r5
  94 0018 03D0     		beq	.L15
  95              	.LVL7:
 260:.\Generated_Source\PSoC4/Cm0Start.c ****         {
 261:.\Generated_Source\PSoC4/Cm0Start.c ****             *dst++ = *src++;
  96              		.loc 1 261 0 discriminator 3
  97 001a B058     		ldr	r0, [r6, r2]
  98 001c A050     		str	r0, [r4, r2]
 259:.\Generated_Source\PSoC4/Cm0Start.c ****         {
  99              		.loc 1 259 0 discriminator 3
 100 001e 0432     		add	r2, r2, #4
 101              	.LVL8:
 102 0020 F8E7     		b	.L7
 103              	.LVL9:
 104              	.L15:
 262:.\Generated_Source\PSoC4/Cm0Start.c ****         }
 263:.\Generated_Source\PSoC4/Cm0Start.c ****         limit = rptr->zero_size;
 264:.\Generated_Source\PSoC4/Cm0Start.c ****         for (count = 0u; count != limit; count += sizeof (uint32))
 105              		.loc 1 264 0
 106 0022 021C     		mov	r2, r0
 107              	.LVL10:
 263:.\Generated_Source\PSoC4/Cm0Start.c ****         for (count = 0u; count != limit; count += sizeof (uint32))
 108              		.loc 1 263 0
 109 0024 DC68     		ldr	r4, [r3, #12]
 110              	.LVL11:
 111              	.L9:
 112 0026 151A     		sub	r5, r2, r0
 113              		.loc 1 264 0 discriminator 1
 114 0028 A542     		cmp	r5, r4
 115 002a 02D0     		beq	.L16
 116              	.LVL12:
 265:.\Generated_Source\PSoC4/Cm0Start.c ****         {
 266:.\Generated_Source\PSoC4/Cm0Start.c ****             *dst++ = 0u;
 117              		.loc 1 266 0 discriminator 3
 118 002c 0025     		mov	r5, #0
 119 002e 20C2     		stmia	r2!, {r5}
 120              	.LVL13:
 121 0030 F9E7     		b	.L9
 122              	.LVL14:
 123              	.L16:
 124              	.LBE2:
 252:.\Generated_Source\PSoC4/Cm0Start.c ****     {
 125              		.loc 1 252 0 discriminator 2
 126 0032 1033     		add	r3, r3, #16
 127              	.LVL15:
ARM GAS  C:\DOCUME~1\Chuck\LOCALS~1\Temp\cc8PdVZR.s 			page 8


 128 0034 0139     		sub	r1, r1, #1
 129              	.LVL16:
 130 0036 E7E7     		b	.L6
 131              	.LVL17:
 132              	.L14:
 267:.\Generated_Source\PSoC4/Cm0Start.c ****         }
 268:.\Generated_Source\PSoC4/Cm0Start.c ****     }
 269:.\Generated_Source\PSoC4/Cm0Start.c **** 
 270:.\Generated_Source\PSoC4/Cm0Start.c ****     /* Invoke static objects constructors */
 271:.\Generated_Source\PSoC4/Cm0Start.c ****     __libc_init_array();
 133              		.loc 1 271 0
 134 0038 FFF7FEFF 		bl	__libc_init_array
 135              	.LVL18:
 272:.\Generated_Source\PSoC4/Cm0Start.c ****     (void) main();
 136              		.loc 1 272 0
 137 003c FFF7FEFF 		bl	main
 138              	.LVL19:
 139              	.L12:
 273:.\Generated_Source\PSoC4/Cm0Start.c **** 
 274:.\Generated_Source\PSoC4/Cm0Start.c ****     while (1)
 275:.\Generated_Source\PSoC4/Cm0Start.c ****     {
 276:.\Generated_Source\PSoC4/Cm0Start.c ****         /* If main returns, make sure we don't return. */
 277:.\Generated_Source\PSoC4/Cm0Start.c ****     }
 140              		.loc 1 277 0 discriminator 1
 141 0040 FEE7     		b	.L12
 142              	.L18:
 143 0042 C046     		.align	2
 144              	.L17:
 145 0044 00000000 		.word	__cy_region_num
 146 0048 00000000 		.word	__cy_regions
 147              		.cfi_endproc
 148              	.LFE2:
 149              		.size	Start_c, .-Start_c
 150              		.section	.text.Reset,"ax",%progbits
 151              		.align	1
 152              		.global	Reset
 153              		.code	16
 154              		.thumb_func
 155              		.type	Reset, %function
 156              	Reset:
 157              	.LFB3:
 278:.\Generated_Source\PSoC4/Cm0Start.c **** }
 279:.\Generated_Source\PSoC4/Cm0Start.c **** 
 280:.\Generated_Source\PSoC4/Cm0Start.c **** 
 281:.\Generated_Source\PSoC4/Cm0Start.c **** /*******************************************************************************
 282:.\Generated_Source\PSoC4/Cm0Start.c **** * Function Name: Reset
 283:.\Generated_Source\PSoC4/Cm0Start.c **** ********************************************************************************
 284:.\Generated_Source\PSoC4/Cm0Start.c **** *
 285:.\Generated_Source\PSoC4/Cm0Start.c **** * Summary:
 286:.\Generated_Source\PSoC4/Cm0Start.c **** *  This function handles the reset interrupt for the GCC toolchain.  This is
 287:.\Generated_Source\PSoC4/Cm0Start.c **** *  the first bit of code that is executed at startup.
 288:.\Generated_Source\PSoC4/Cm0Start.c **** *
 289:.\Generated_Source\PSoC4/Cm0Start.c **** * Parameters:
 290:.\Generated_Source\PSoC4/Cm0Start.c **** *  None
 291:.\Generated_Source\PSoC4/Cm0Start.c **** *
 292:.\Generated_Source\PSoC4/Cm0Start.c **** * Return:
 293:.\Generated_Source\PSoC4/Cm0Start.c **** *  None
ARM GAS  C:\DOCUME~1\Chuck\LOCALS~1\Temp\cc8PdVZR.s 			page 9


 294:.\Generated_Source\PSoC4/Cm0Start.c **** *
 295:.\Generated_Source\PSoC4/Cm0Start.c **** *******************************************************************************/
 296:.\Generated_Source\PSoC4/Cm0Start.c **** void Reset(void)
 297:.\Generated_Source\PSoC4/Cm0Start.c **** {
 158              		.loc 1 297 0
 159              		.cfi_startproc
 160 0000 08B5     		push	{r3, lr}
 161              		.cfi_def_cfa_offset 8
 162              		.cfi_offset 3, -8
 163              		.cfi_offset 14, -4
 298:.\Generated_Source\PSoC4/Cm0Start.c ****     #if (CYDEV_PROJ_TYPE == CYDEV_PROJ_TYPE_LOADABLE)
 299:.\Generated_Source\PSoC4/Cm0Start.c ****         /* The bootloadable application image is started at Reset() handler
 300:.\Generated_Source\PSoC4/Cm0Start.c ****         * as a result of a branch instruction execution from the bootloader.
 301:.\Generated_Source\PSoC4/Cm0Start.c ****         * So, the stack pointer needs to be reset to be sure that
 302:.\Generated_Source\PSoC4/Cm0Start.c ****         * there is no garbage in the stack.
 303:.\Generated_Source\PSoC4/Cm0Start.c ****         */
 304:.\Generated_Source\PSoC4/Cm0Start.c ****         __asm volatile ("MSR msp, %0\n" : : "r" ((uint32)&__cy_stack) : "sp");
 305:.\Generated_Source\PSoC4/Cm0Start.c ****     #endif /* CYDEV_PROJ_TYPE_LOADABLE */
 306:.\Generated_Source\PSoC4/Cm0Start.c **** 
 307:.\Generated_Source\PSoC4/Cm0Start.c ****     #if(!CY_PSOC4A)
 308:.\Generated_Source\PSoC4/Cm0Start.c ****         CySysWdtDisable();
 309:.\Generated_Source\PSoC4/Cm0Start.c ****     #endif  /* (!CY_PSOC4A) */
 310:.\Generated_Source\PSoC4/Cm0Start.c **** 
 311:.\Generated_Source\PSoC4/Cm0Start.c ****     #if (CYDEV_BOOTLOADER_ENABLE)
 312:.\Generated_Source\PSoC4/Cm0Start.c ****         CyBtldr_CheckLaunch();
 164              		.loc 1 312 0
 165 0002 FFF7FEFF 		bl	CyBtldr_CheckLaunch
 166              	.LVL20:
 313:.\Generated_Source\PSoC4/Cm0Start.c ****     #endif /* CYDEV_BOOTLOADER_ENABLE */
 314:.\Generated_Source\PSoC4/Cm0Start.c ****     Start_c();
 167              		.loc 1 314 0
 168 0006 FFF7FEFF 		bl	Start_c
 169              	.LVL21:
 170              		.cfi_endproc
 171              	.LFE3:
 172              		.size	Reset, .-Reset
 173              		.section	.text.startup.initialize_psoc,"ax",%progbits
 174              		.align	1
 175              		.global	initialize_psoc
 176              		.code	16
 177              		.thumb_func
 178              		.type	initialize_psoc, %function
 179              	initialize_psoc:
 180              	.LFB4:
 315:.\Generated_Source\PSoC4/Cm0Start.c **** }
 316:.\Generated_Source\PSoC4/Cm0Start.c **** 
 317:.\Generated_Source\PSoC4/Cm0Start.c **** #elif defined (__ICCARM__)
 318:.\Generated_Source\PSoC4/Cm0Start.c **** 
 319:.\Generated_Source\PSoC4/Cm0Start.c **** 
 320:.\Generated_Source\PSoC4/Cm0Start.c **** /*******************************************************************************
 321:.\Generated_Source\PSoC4/Cm0Start.c **** * Function Name: __low_level_init
 322:.\Generated_Source\PSoC4/Cm0Start.c **** ********************************************************************************
 323:.\Generated_Source\PSoC4/Cm0Start.c **** *
 324:.\Generated_Source\PSoC4/Cm0Start.c **** * Summary:
 325:.\Generated_Source\PSoC4/Cm0Start.c **** *  This function performs early initializations for the IAR Embedded
 326:.\Generated_Source\PSoC4/Cm0Start.c **** *  Workbench IDE. It is executed in the context of reset interrupt handler
 327:.\Generated_Source\PSoC4/Cm0Start.c **** *  before the data sections are initialized.
ARM GAS  C:\DOCUME~1\Chuck\LOCALS~1\Temp\cc8PdVZR.s 			page 10


 328:.\Generated_Source\PSoC4/Cm0Start.c **** *
 329:.\Generated_Source\PSoC4/Cm0Start.c **** * Parameters:
 330:.\Generated_Source\PSoC4/Cm0Start.c **** *  None
 331:.\Generated_Source\PSoC4/Cm0Start.c **** *
 332:.\Generated_Source\PSoC4/Cm0Start.c **** * Return:
 333:.\Generated_Source\PSoC4/Cm0Start.c **** *  The value that determines whether or not data sections should be initialized
 334:.\Generated_Source\PSoC4/Cm0Start.c **** *  by the system startup code:
 335:.\Generated_Source\PSoC4/Cm0Start.c **** *    0 - skip data sections initialization;
 336:.\Generated_Source\PSoC4/Cm0Start.c **** *    1 - initialize data sections;
 337:.\Generated_Source\PSoC4/Cm0Start.c **** *
 338:.\Generated_Source\PSoC4/Cm0Start.c **** *******************************************************************************/
 339:.\Generated_Source\PSoC4/Cm0Start.c **** int __low_level_init(void)
 340:.\Generated_Source\PSoC4/Cm0Start.c **** {
 341:.\Generated_Source\PSoC4/Cm0Start.c ****     #if(!CY_PSOC4A)
 342:.\Generated_Source\PSoC4/Cm0Start.c ****         CySysWdtDisable();
 343:.\Generated_Source\PSoC4/Cm0Start.c ****     #endif  /* (!CY_PSOC4A) */
 344:.\Generated_Source\PSoC4/Cm0Start.c **** 
 345:.\Generated_Source\PSoC4/Cm0Start.c **** #if (CYDEV_BOOTLOADER_ENABLE)
 346:.\Generated_Source\PSoC4/Cm0Start.c ****     CyBtldr_CheckLaunch();
 347:.\Generated_Source\PSoC4/Cm0Start.c **** #endif /* CYDEV_BOOTLOADER_ENABLE */
 348:.\Generated_Source\PSoC4/Cm0Start.c **** 
 349:.\Generated_Source\PSoC4/Cm0Start.c ****     /* Initialize data sections */
 350:.\Generated_Source\PSoC4/Cm0Start.c ****     __iar_data_init3();
 351:.\Generated_Source\PSoC4/Cm0Start.c **** 
 352:.\Generated_Source\PSoC4/Cm0Start.c ****     initialize_psoc();
 353:.\Generated_Source\PSoC4/Cm0Start.c **** 
 354:.\Generated_Source\PSoC4/Cm0Start.c ****     return 0;
 355:.\Generated_Source\PSoC4/Cm0Start.c **** }
 356:.\Generated_Source\PSoC4/Cm0Start.c **** 
 357:.\Generated_Source\PSoC4/Cm0Start.c **** #endif /* __GNUC__ */
 358:.\Generated_Source\PSoC4/Cm0Start.c **** 
 359:.\Generated_Source\PSoC4/Cm0Start.c **** 
 360:.\Generated_Source\PSoC4/Cm0Start.c **** /*******************************************************************************
 361:.\Generated_Source\PSoC4/Cm0Start.c **** * Ram Interrupt Vector table storage area. Must be placed at 0x20000000.
 362:.\Generated_Source\PSoC4/Cm0Start.c **** *******************************************************************************/
 363:.\Generated_Source\PSoC4/Cm0Start.c **** 
 364:.\Generated_Source\PSoC4/Cm0Start.c **** #if defined (__ICCARM__)
 365:.\Generated_Source\PSoC4/Cm0Start.c ****     #pragma location=".ramvectors"
 366:.\Generated_Source\PSoC4/Cm0Start.c **** #else
 367:.\Generated_Source\PSoC4/Cm0Start.c ****     CY_SECTION(".ramvectors")
 368:.\Generated_Source\PSoC4/Cm0Start.c **** #endif  /* defined (__ICCARM__) */
 369:.\Generated_Source\PSoC4/Cm0Start.c **** cyisraddress CyRamVectors[CY_NUM_VECTORS];
 370:.\Generated_Source\PSoC4/Cm0Start.c **** 
 371:.\Generated_Source\PSoC4/Cm0Start.c **** 
 372:.\Generated_Source\PSoC4/Cm0Start.c **** /*******************************************************************************
 373:.\Generated_Source\PSoC4/Cm0Start.c **** * Rom Interrupt Vector table storage area. Must be 256-byte aligned.
 374:.\Generated_Source\PSoC4/Cm0Start.c **** *******************************************************************************/
 375:.\Generated_Source\PSoC4/Cm0Start.c **** 
 376:.\Generated_Source\PSoC4/Cm0Start.c **** #if defined(__ARMCC_VERSION)
 377:.\Generated_Source\PSoC4/Cm0Start.c ****     /* Suppress diagnostic message 1296-D: extended constant initialiser used */
 378:.\Generated_Source\PSoC4/Cm0Start.c ****     #pragma diag_suppress 1296
 379:.\Generated_Source\PSoC4/Cm0Start.c **** #endif  /* defined(__ARMCC_VERSION) */
 380:.\Generated_Source\PSoC4/Cm0Start.c **** 
 381:.\Generated_Source\PSoC4/Cm0Start.c **** #if defined (__ICCARM__)
 382:.\Generated_Source\PSoC4/Cm0Start.c ****     #pragma location=".romvectors"
 383:.\Generated_Source\PSoC4/Cm0Start.c ****     const intvec_elem __vector_table[CY_NUM_ROM_VECTORS] =
 384:.\Generated_Source\PSoC4/Cm0Start.c **** #else
ARM GAS  C:\DOCUME~1\Chuck\LOCALS~1\Temp\cc8PdVZR.s 			page 11


 385:.\Generated_Source\PSoC4/Cm0Start.c ****     CY_SECTION(".romvectors")
 386:.\Generated_Source\PSoC4/Cm0Start.c ****     const cyisraddress RomVectors[CY_NUM_ROM_VECTORS] =
 387:.\Generated_Source\PSoC4/Cm0Start.c **** #endif  /* defined (__ICCARM__) */
 388:.\Generated_Source\PSoC4/Cm0Start.c **** {
 389:.\Generated_Source\PSoC4/Cm0Start.c ****     INITIAL_STACK_POINTER,   /* The initial stack pointer  0 */
 390:.\Generated_Source\PSoC4/Cm0Start.c ****     #if defined (__ICCARM__) /* The reset handler          1 */
 391:.\Generated_Source\PSoC4/Cm0Start.c ****         __iar_program_start,
 392:.\Generated_Source\PSoC4/Cm0Start.c ****     #else
 393:.\Generated_Source\PSoC4/Cm0Start.c ****         (cyisraddress)&Reset,
 394:.\Generated_Source\PSoC4/Cm0Start.c ****     #endif  /* defined (__ICCARM__) */
 395:.\Generated_Source\PSoC4/Cm0Start.c ****     &IntDefaultHandler,      /* The NMI handler            2 */
 396:.\Generated_Source\PSoC4/Cm0Start.c ****     &IntDefaultHandler,      /* The hard fault handler     3 */
 397:.\Generated_Source\PSoC4/Cm0Start.c **** };
 398:.\Generated_Source\PSoC4/Cm0Start.c **** 
 399:.\Generated_Source\PSoC4/Cm0Start.c **** #if defined(__ARMCC_VERSION)
 400:.\Generated_Source\PSoC4/Cm0Start.c ****     #pragma diag_default 1296
 401:.\Generated_Source\PSoC4/Cm0Start.c **** #endif  /* defined(__ARMCC_VERSION) */
 402:.\Generated_Source\PSoC4/Cm0Start.c **** 
 403:.\Generated_Source\PSoC4/Cm0Start.c **** 
 404:.\Generated_Source\PSoC4/Cm0Start.c **** /*******************************************************************************
 405:.\Generated_Source\PSoC4/Cm0Start.c **** * Function Name: initialize_psoc
 406:.\Generated_Source\PSoC4/Cm0Start.c **** ********************************************************************************
 407:.\Generated_Source\PSoC4/Cm0Start.c **** *
 408:.\Generated_Source\PSoC4/Cm0Start.c **** * Summary:
 409:.\Generated_Source\PSoC4/Cm0Start.c **** *  This function is used to initialize the PSoC chip before calling main.
 410:.\Generated_Source\PSoC4/Cm0Start.c **** *
 411:.\Generated_Source\PSoC4/Cm0Start.c **** * Parameters:
 412:.\Generated_Source\PSoC4/Cm0Start.c **** *  None
 413:.\Generated_Source\PSoC4/Cm0Start.c **** *
 414:.\Generated_Source\PSoC4/Cm0Start.c **** * Return:
 415:.\Generated_Source\PSoC4/Cm0Start.c **** *  None
 416:.\Generated_Source\PSoC4/Cm0Start.c **** *
 417:.\Generated_Source\PSoC4/Cm0Start.c **** *******************************************************************************/
 418:.\Generated_Source\PSoC4/Cm0Start.c **** #if(defined(__GNUC__) && !defined(__ARMCC_VERSION))
 419:.\Generated_Source\PSoC4/Cm0Start.c **** __attribute__ ((constructor(101)))
 420:.\Generated_Source\PSoC4/Cm0Start.c **** #endif  /* (defined(__GNUC__) && !defined(__ARMCC_VERSION)) */
 421:.\Generated_Source\PSoC4/Cm0Start.c **** void initialize_psoc(void)
 422:.\Generated_Source\PSoC4/Cm0Start.c **** {
 181              		.loc 1 422 0
 182              		.cfi_startproc
 183              	.LVL22:
 184 0000 08B5     		push	{r3, lr}
 185              		.cfi_def_cfa_offset 8
 186              		.cfi_offset 3, -8
 187              		.cfi_offset 14, -4
 423:.\Generated_Source\PSoC4/Cm0Start.c ****     uint32 indexInit;
 424:.\Generated_Source\PSoC4/Cm0Start.c **** 
 425:.\Generated_Source\PSoC4/Cm0Start.c ****     #if(!CY_PSOC4A)
 426:.\Generated_Source\PSoC4/Cm0Start.c ****         /***********************************************************************
 427:.\Generated_Source\PSoC4/Cm0Start.c ****         * Make sure that Vector Table is located at 0000_0000 in Flash, before
 428:.\Generated_Source\PSoC4/Cm0Start.c ****         * accessing RomVectors or calling functions that may be placed in
 429:.\Generated_Source\PSoC4/Cm0Start.c ****         * .psocinit (cyfitter_cfg and ClockSetup). Note The CY_CPUSS_CONFIG_REG
 430:.\Generated_Source\PSoC4/Cm0Start.c ****         * register is retention for the specified device family.
 431:.\Generated_Source\PSoC4/Cm0Start.c ****         ***********************************************************************/
 432:.\Generated_Source\PSoC4/Cm0Start.c ****         CY_CPUSS_CONFIG_REG &= (uint32) ~CY_CPUSS_CONFIG_VECT_IN_RAM;
 433:.\Generated_Source\PSoC4/Cm0Start.c ****     #endif  /* (!CY_PSOC4A) */
 434:.\Generated_Source\PSoC4/Cm0Start.c **** 
ARM GAS  C:\DOCUME~1\Chuck\LOCALS~1\Temp\cc8PdVZR.s 			page 12


 435:.\Generated_Source\PSoC4/Cm0Start.c ****     /* Set Ram interrupt vectors to default functions. */
 436:.\Generated_Source\PSoC4/Cm0Start.c ****     for (indexInit = 0u; indexInit < CY_NUM_VECTORS; indexInit++)
 188              		.loc 1 436 0
 189 0002 0023     		mov	r3, #0
 190              	.LVL23:
 191              	.L22:
 192 0004 9A00     		lsl	r2, r3, #2
 437:.\Generated_Source\PSoC4/Cm0Start.c ****     {
 438:.\Generated_Source\PSoC4/Cm0Start.c ****         CyRamVectors[indexInit] = (indexInit < CY_NUM_ROM_VECTORS) ?
 439:.\Generated_Source\PSoC4/Cm0Start.c ****             #if defined (__ICCARM__)
 440:.\Generated_Source\PSoC4/Cm0Start.c ****                 __vector_table[indexInit].__fun : &IntDefaultHandler;
 441:.\Generated_Source\PSoC4/Cm0Start.c ****             #else
 442:.\Generated_Source\PSoC4/Cm0Start.c ****                 RomVectors[indexInit] : &IntDefaultHandler;
 193              		.loc 1 442 0
 194 0006 0D49     		ldr	r1, .L25
 195 0008 032B     		cmp	r3, #3
 196 000a 01D8     		bhi	.L21
 197              		.loc 1 442 0 is_stmt 0 discriminator 1
 198 000c 0C49     		ldr	r1, .L25+4
 199 000e 8958     		ldr	r1, [r1, r2]
 200              	.L21:
 438:.\Generated_Source\PSoC4/Cm0Start.c ****             #if defined (__ICCARM__)
 201              		.loc 1 438 0 is_stmt 1 discriminator 2
 202 0010 0C48     		ldr	r0, .L25+8
 436:.\Generated_Source\PSoC4/Cm0Start.c ****     {
 203              		.loc 1 436 0 discriminator 2
 204 0012 0133     		add	r3, r3, #1
 205              	.LVL24:
 438:.\Generated_Source\PSoC4/Cm0Start.c ****             #if defined (__ICCARM__)
 206              		.loc 1 438 0 discriminator 2
 207 0014 8150     		str	r1, [r0, r2]
 436:.\Generated_Source\PSoC4/Cm0Start.c ****     {
 208              		.loc 1 436 0 discriminator 2
 209 0016 302B     		cmp	r3, #48
 210 0018 F4D1     		bne	.L22
 443:.\Generated_Source\PSoC4/Cm0Start.c ****             #endif  /* defined (__ICCARM__) */
 444:.\Generated_Source\PSoC4/Cm0Start.c ****     }
 445:.\Generated_Source\PSoC4/Cm0Start.c **** 
 446:.\Generated_Source\PSoC4/Cm0Start.c ****     /* Initialize configuration registers. */
 447:.\Generated_Source\PSoC4/Cm0Start.c ****     cyfitter_cfg();
 211              		.loc 1 447 0
 212 001a FFF7FEFF 		bl	cyfitter_cfg
 213              	.LVL25:
 448:.\Generated_Source\PSoC4/Cm0Start.c **** 
 449:.\Generated_Source\PSoC4/Cm0Start.c ****     #if !defined (__ICCARM__)
 450:.\Generated_Source\PSoC4/Cm0Start.c ****         /* Actually, no need to clean this variable, just to make compiler happy. */
 451:.\Generated_Source\PSoC4/Cm0Start.c ****         cySysNoInitDataValid = 0u;
 214              		.loc 1 451 0
 215 001e 0022     		mov	r2, #0
 216 0020 094B     		ldr	r3, .L25+12
 217 0022 1A60     		str	r2, [r3]
 452:.\Generated_Source\PSoC4/Cm0Start.c ****     #endif  /* !defined (__ICCARM__) */
 453:.\Generated_Source\PSoC4/Cm0Start.c **** 
 454:.\Generated_Source\PSoC4/Cm0Start.c ****     #if (CYDEV_PROJ_TYPE != CYDEV_PROJ_TYPE_STANDARD)
 455:.\Generated_Source\PSoC4/Cm0Start.c **** 
 456:.\Generated_Source\PSoC4/Cm0Start.c ****         /* Need to make sure that this variable will not be optimized out */
 457:.\Generated_Source\PSoC4/Cm0Start.c ****         if (0u == cyBtldrRunType)
ARM GAS  C:\DOCUME~1\Chuck\LOCALS~1\Temp\cc8PdVZR.s 			page 13


 218              		.loc 1 457 0
 219 0024 094B     		ldr	r3, .L25+16
 220 0026 1A68     		ldr	r2, [r3]
 221 0028 002A     		cmp	r2, #0
 222 002a 00D1     		bne	.L23
 458:.\Generated_Source\PSoC4/Cm0Start.c ****         {
 459:.\Generated_Source\PSoC4/Cm0Start.c ****             cyBtldrRunType = 0u;
 223              		.loc 1 459 0
 224 002c 1A60     		str	r2, [r3]
 225              	.L23:
 460:.\Generated_Source\PSoC4/Cm0Start.c ****         }
 461:.\Generated_Source\PSoC4/Cm0Start.c **** 
 462:.\Generated_Source\PSoC4/Cm0Start.c ****     #endif  /* (CYDEV_PROJ_TYPE != CYDEV_PROJ_TYPE_STANDARD) */
 463:.\Generated_Source\PSoC4/Cm0Start.c **** 
 464:.\Generated_Source\PSoC4/Cm0Start.c ****     /* Vector Table is located at 0x2000:0000 in SRAM */
 465:.\Generated_Source\PSoC4/Cm0Start.c ****     CY_CPUSS_CONFIG_REG |= CY_CPUSS_CONFIG_VECT_IN_RAM;
 226              		.loc 1 465 0
 227 002e 8022     		mov	r2, #128
 228 0030 0121     		mov	r1, #1
 229 0032 D205     		lsl	r2, r2, #23
 230 0034 1368     		ldr	r3, [r2]
 466:.\Generated_Source\PSoC4/Cm0Start.c **** }
 231              		.loc 1 466 0
 232              		@ sp needed
 465:.\Generated_Source\PSoC4/Cm0Start.c **** }
 233              		.loc 1 465 0
 234 0036 0B43     		orr	r3, r1
 235 0038 1360     		str	r3, [r2]
 236              		.loc 1 466 0
 237 003a 08BD     		pop	{r3, pc}
 238              	.L26:
 239              		.align	2
 240              	.L25:
 241 003c 00000000 		.word	IntDefaultHandler
 242 0040 00000000 		.word	.LANCHOR0
 243 0044 00000000 		.word	.LANCHOR1
 244 0048 00000000 		.word	.LANCHOR2
 245 004c 00000000 		.word	.LANCHOR3
 246              		.cfi_endproc
 247              	.LFE4:
 248              		.size	initialize_psoc, .-initialize_psoc
 249              		.section	.init_array,"aw",%init_array
 250              		.align	2
 251 0000 00000000 		.word	initialize_psoc(target1)
 252              		.global	RomVectors
 253              		.global	CyRamVectors
 254              		.global	cyBtldrRunType
 255              		.section	.bootloaderruntype,"aw",%progbits
 256              		.align	2
 257              		.set	.LANCHOR3,. + 0
 258              		.type	cyBtldrRunType, %object
 259              		.size	cyBtldrRunType, 4
 260              	cyBtldrRunType:
 261 0000 00000000 		.space	4
 262              		.section	.romvectors,"a",%progbits
 263              		.align	2
 264              		.set	.LANCHOR0,. + 0
ARM GAS  C:\DOCUME~1\Chuck\LOCALS~1\Temp\cc8PdVZR.s 			page 14


 265              		.type	RomVectors, %object
 266              		.size	RomVectors, 16
 267              	RomVectors:
 268 0000 00000000 		.word	__cy_stack
 269 0004 00000000 		.word	Reset
 270 0008 00000000 		.word	IntDefaultHandler
 271 000c 00000000 		.word	IntDefaultHandler
 272              		.section	.noinit,"aw",%progbits
 273              		.align	2
 274              		.set	.LANCHOR2,. + 0
 275              		.type	cySysNoInitDataValid, %object
 276              		.size	cySysNoInitDataValid, 4
 277              	cySysNoInitDataValid:
 278 0000 00000000 		.space	4
 279              		.section	.ramvectors,"aw",%progbits
 280              		.align	2
 281              		.set	.LANCHOR1,. + 0
 282              		.type	CyRamVectors, %object
 283              		.size	CyRamVectors, 192
 284              	CyRamVectors:
 285 0000 00000000 		.space	192
 285      00000000 
 285      00000000 
 285      00000000 
 285      00000000 
 286              		.weak	__cy_region_num
 287              		.text
 288              	.Letext0:
 289              		.file 2 ".\\Generated_Source\\PSoC4\\cytypes.h"
 290              		.file 3 "c:\\program files\\cypress\\psoc creator\\3.3\\psoc creator\\import\\gnu\\arm\\4.9.3\\lib
 291              		.file 4 ".\\Generated_Source\\PSoC4\\cyfitter_cfg.h"
 292              		.section	.debug_info,"",%progbits
 293              	.Ldebug_info0:
 294 0000 FA020000 		.4byte	0x2fa
 295 0004 0400     		.2byte	0x4
 296 0006 00000000 		.4byte	.Ldebug_abbrev0
 297 000a 04       		.byte	0x4
 298 000b 01       		.uleb128 0x1
 299 000c 0D000000 		.4byte	.LASF40
 300 0010 01       		.byte	0x1
 301 0011 26020000 		.4byte	.LASF41
 302 0015 92020000 		.4byte	.LASF42
 303 0019 00000000 		.4byte	.Ldebug_ranges0+0
 304 001d 00000000 		.4byte	0
 305 0021 00000000 		.4byte	.Ldebug_line0
 306 0025 02       		.uleb128 0x2
 307 0026 01       		.byte	0x1
 308 0027 06       		.byte	0x6
 309 0028 79020000 		.4byte	.LASF0
 310 002c 02       		.uleb128 0x2
 311 002d 01       		.byte	0x1
 312 002e 08       		.byte	0x8
 313 002f FE000000 		.4byte	.LASF1
 314 0033 02       		.uleb128 0x2
 315 0034 02       		.byte	0x2
 316 0035 05       		.byte	0x5
 317 0036 5E020000 		.4byte	.LASF2
ARM GAS  C:\DOCUME~1\Chuck\LOCALS~1\Temp\cc8PdVZR.s 			page 15


 318 003a 02       		.uleb128 0x2
 319 003b 02       		.byte	0x2
 320 003c 07       		.byte	0x7
 321 003d 3E010000 		.4byte	.LASF3
 322 0041 02       		.uleb128 0x2
 323 0042 04       		.byte	0x4
 324 0043 05       		.byte	0x5
 325 0044 70020000 		.4byte	.LASF4
 326 0048 02       		.uleb128 0x2
 327 0049 04       		.byte	0x4
 328 004a 07       		.byte	0x7
 329 004b 17010000 		.4byte	.LASF5
 330 004f 02       		.uleb128 0x2
 331 0050 08       		.byte	0x8
 332 0051 05       		.byte	0x5
 333 0052 13020000 		.4byte	.LASF6
 334 0056 02       		.uleb128 0x2
 335 0057 08       		.byte	0x8
 336 0058 07       		.byte	0x7
 337 0059 C5010000 		.4byte	.LASF7
 338 005d 03       		.uleb128 0x3
 339 005e 04       		.byte	0x4
 340 005f 05       		.byte	0x5
 341 0060 696E7400 		.ascii	"int\000"
 342 0064 02       		.uleb128 0x2
 343 0065 04       		.byte	0x4
 344 0066 07       		.byte	0x7
 345 0067 AB010000 		.4byte	.LASF8
 346 006b 04       		.uleb128 0x4
 347 006c 9A010000 		.4byte	.LASF12
 348 0070 02       		.byte	0x2
 349 0071 5D       		.byte	0x5d
 350 0072 48000000 		.4byte	0x48
 351 0076 02       		.uleb128 0x2
 352 0077 04       		.byte	0x4
 353 0078 04       		.byte	0x4
 354 0079 F3000000 		.4byte	.LASF9
 355 007d 02       		.uleb128 0x2
 356 007e 08       		.byte	0x8
 357 007f 04       		.byte	0x4
 358 0080 6F010000 		.4byte	.LASF10
 359 0084 02       		.uleb128 0x2
 360 0085 01       		.byte	0x1
 361 0086 08       		.byte	0x8
 362 0087 21020000 		.4byte	.LASF11
 363 008b 04       		.uleb128 0x4
 364 008c 00000000 		.4byte	.LASF13
 365 0090 02       		.byte	0x2
 366 0091 F2       		.byte	0xf2
 367 0092 96000000 		.4byte	0x96
 368 0096 05       		.uleb128 0x5
 369 0097 6B000000 		.4byte	0x6b
 370 009b 06       		.uleb128 0x6
 371 009c E2010000 		.4byte	.LASF14
 372 00a0 02       		.byte	0x2
 373 00a1 0201     		.2byte	0x102
 374 00a3 A7000000 		.4byte	0xa7
ARM GAS  C:\DOCUME~1\Chuck\LOCALS~1\Temp\cc8PdVZR.s 			page 16


 375 00a7 07       		.uleb128 0x7
 376 00a8 04       		.byte	0x4
 377 00a9 AD000000 		.4byte	0xad
 378 00ad 08       		.uleb128 0x8
 379 00ae 04       		.uleb128 0x4
 380 00af 06000000 		.4byte	.LASF15
 381 00b3 03       		.byte	0x3
 382 00b4 D4       		.byte	0xd4
 383 00b5 64000000 		.4byte	0x64
 384 00b9 02       		.uleb128 0x2
 385 00ba 04       		.byte	0x4
 386 00bb 07       		.byte	0x7
 387 00bc 0A020000 		.4byte	.LASF16
 388 00c0 09       		.uleb128 0x9
 389 00c1 84000000 		.4byte	0x84
 390 00c5 04       		.uleb128 0x4
 391 00c6 F9010000 		.4byte	.LASF17
 392 00ca 01       		.byte	0x1
 393 00cb CA       		.byte	0xca
 394 00cc 2C000000 		.4byte	0x2c
 395 00d0 0A       		.uleb128 0xa
 396 00d1 E9020000 		.4byte	.LASF43
 397 00d5 10       		.byte	0x10
 398 00d6 01       		.byte	0x1
 399 00d7 CC       		.byte	0xcc
 400 00d8 0D010000 		.4byte	0x10d
 401 00dc 0B       		.uleb128 0xb
 402 00dd D8000000 		.4byte	.LASF18
 403 00e1 01       		.byte	0x1
 404 00e2 CE       		.byte	0xce
 405 00e3 0D010000 		.4byte	0x10d
 406 00e7 00       		.byte	0
 407 00e8 0B       		.uleb128 0xb
 408 00e9 F9000000 		.4byte	.LASF19
 409 00ed 01       		.byte	0x1
 410 00ee CF       		.byte	0xcf
 411 00ef 0D010000 		.4byte	0x10d
 412 00f3 04       		.byte	0x4
 413 00f4 0B       		.uleb128 0xb
 414 00f5 EF010000 		.4byte	.LASF20
 415 00f9 01       		.byte	0x1
 416 00fa D0       		.byte	0xd0
 417 00fb AE000000 		.4byte	0xae
 418 00ff 08       		.byte	0x8
 419 0100 0B       		.uleb128 0xb
 420 0101 E4000000 		.4byte	.LASF21
 421 0105 01       		.byte	0x1
 422 0106 D1       		.byte	0xd1
 423 0107 AE000000 		.4byte	0xae
 424 010b 0C       		.byte	0xc
 425 010c 00       		.byte	0
 426 010d 07       		.uleb128 0x7
 427 010e 04       		.byte	0x4
 428 010f C5000000 		.4byte	0xc5
 429 0113 0C       		.uleb128 0xc
 430 0114 5D010000 		.4byte	.LASF44
 431 0118 01       		.byte	0x1
ARM GAS  C:\DOCUME~1\Chuck\LOCALS~1\Temp\cc8PdVZR.s 			page 17


 432 0119 62       		.byte	0x62
 433 011a 00000000 		.4byte	.LFB0
 434 011e 02000000 		.4byte	.LFE0-.LFB0
 435 0122 01       		.uleb128 0x1
 436 0123 9C       		.byte	0x9c
 437 0124 0D       		.uleb128 0xd
 438 0125 57010000 		.4byte	.LASF22
 439 0129 01       		.byte	0x1
 440 012a D9       		.byte	0xd9
 441 012b 00000000 		.4byte	.LFB1
 442 012f 02000000 		.4byte	.LFE1-.LFB1
 443 0133 01       		.uleb128 0x1
 444 0134 9C       		.byte	0x9c
 445 0135 50010000 		.4byte	0x150
 446 0139 0E       		.uleb128 0xe
 447 013a DD000000 		.4byte	.LASF45
 448 013e 01       		.byte	0x1
 449 013f D9       		.byte	0xd9
 450 0140 5D000000 		.4byte	0x5d
 451 0144 01       		.uleb128 0x1
 452 0145 50       		.byte	0x50
 453 0146 0F       		.uleb128 0xf
 454 0147 7800     		.ascii	"x\000"
 455 0149 01       		.byte	0x1
 456 014a DC       		.byte	0xdc
 457 014b 5D000000 		.4byte	0x5d
 458 014f 00       		.byte	0
 459 0150 0D       		.uleb128 0xd
 460 0151 BA000000 		.4byte	.LASF23
 461 0155 01       		.byte	0x1
 462 0156 F6       		.byte	0xf6
 463 0157 00000000 		.4byte	.LFB2
 464 015b 4C000000 		.4byte	.LFE2-.LFB2
 465 015f 01       		.uleb128 0x1
 466 0160 9C       		.byte	0x9c
 467 0161 E2010000 		.4byte	0x1e2
 468 0165 10       		.uleb128 0x10
 469 0166 68020000 		.4byte	.LASF24
 470 016a 01       		.byte	0x1
 471 016b F8       		.byte	0xf8
 472 016c 64000000 		.4byte	0x64
 473 0170 00000000 		.4byte	.LLST0
 474 0174 10       		.uleb128 0x10
 475 0175 EE000000 		.4byte	.LASF25
 476 0179 01       		.byte	0x1
 477 017a F9       		.byte	0xf9
 478 017b E2010000 		.4byte	0x1e2
 479 017f 2B000000 		.4byte	.LLST1
 480 0183 11       		.uleb128 0x11
 481 0184 0C000000 		.4byte	.LBB2
 482 0188 26000000 		.4byte	.LBE2-.LBB2
 483 018c CF010000 		.4byte	0x1cf
 484 0190 12       		.uleb128 0x12
 485 0191 73726300 		.ascii	"src\000"
 486 0195 01       		.byte	0x1
 487 0196 FE       		.byte	0xfe
 488 0197 ED010000 		.4byte	0x1ed
ARM GAS  C:\DOCUME~1\Chuck\LOCALS~1\Temp\cc8PdVZR.s 			page 18


 489 019b 3E000000 		.4byte	.LLST2
 490 019f 12       		.uleb128 0x12
 491 01a0 64737400 		.ascii	"dst\000"
 492 01a4 01       		.byte	0x1
 493 01a5 FF       		.byte	0xff
 494 01a6 ED010000 		.4byte	0x1ed
 495 01aa 83000000 		.4byte	.LLST3
 496 01ae 13       		.uleb128 0x13
 497 01af DC010000 		.4byte	.LASF26
 498 01b3 01       		.byte	0x1
 499 01b4 0001     		.2byte	0x100
 500 01b6 64000000 		.4byte	0x64
 501 01ba F1000000 		.4byte	.LLST4
 502 01be 13       		.uleb128 0x13
 503 01bf C2000000 		.4byte	.LASF27
 504 01c3 01       		.byte	0x1
 505 01c4 0101     		.2byte	0x101
 506 01c6 64000000 		.4byte	0x64
 507 01ca 0F010000 		.4byte	.LLST5
 508 01ce 00       		.byte	0
 509 01cf 14       		.uleb128 0x14
 510 01d0 3C000000 		.4byte	.LVL18
 511 01d4 DD020000 		.4byte	0x2dd
 512 01d8 14       		.uleb128 0x14
 513 01d9 40000000 		.4byte	.LVL19
 514 01dd E4020000 		.4byte	0x2e4
 515 01e1 00       		.byte	0
 516 01e2 07       		.uleb128 0x7
 517 01e3 04       		.byte	0x4
 518 01e4 E8010000 		.4byte	0x1e8
 519 01e8 09       		.uleb128 0x9
 520 01e9 D0000000 		.4byte	0xd0
 521 01ed 07       		.uleb128 0x7
 522 01ee 04       		.byte	0x4
 523 01ef 6B000000 		.4byte	0x6b
 524 01f3 15       		.uleb128 0x15
 525 01f4 51010000 		.4byte	.LASF28
 526 01f8 01       		.byte	0x1
 527 01f9 2801     		.2byte	0x128
 528 01fb 00000000 		.4byte	.LFB3
 529 01ff 0A000000 		.4byte	.LFE3-.LFB3
 530 0203 01       		.uleb128 0x1
 531 0204 9C       		.byte	0x9c
 532 0205 1C020000 		.4byte	0x21c
 533 0209 14       		.uleb128 0x14
 534 020a 06000000 		.4byte	.LVL20
 535 020e EF020000 		.4byte	0x2ef
 536 0212 14       		.uleb128 0x14
 537 0213 0A000000 		.4byte	.LVL21
 538 0217 50010000 		.4byte	0x150
 539 021b 00       		.byte	0
 540 021c 15       		.uleb128 0x15
 541 021d 8A010000 		.4byte	.LASF29
 542 0221 01       		.byte	0x1
 543 0222 A501     		.2byte	0x1a5
 544 0224 00000000 		.4byte	.LFB4
 545 0228 50000000 		.4byte	.LFE4-.LFB4
ARM GAS  C:\DOCUME~1\Chuck\LOCALS~1\Temp\cc8PdVZR.s 			page 19


 546 022c 01       		.uleb128 0x1
 547 022d 9C       		.byte	0x9c
 548 022e 4C020000 		.4byte	0x24c
 549 0232 13       		.uleb128 0x13
 550 0233 A1010000 		.4byte	.LASF30
 551 0237 01       		.byte	0x1
 552 0238 A701     		.2byte	0x1a7
 553 023a 6B000000 		.4byte	0x6b
 554 023e 54010000 		.4byte	.LLST6
 555 0242 14       		.uleb128 0x14
 556 0243 1E000000 		.4byte	.LVL25
 557 0247 F6020000 		.4byte	0x2f6
 558 024b 00       		.byte	0
 559 024c 16       		.uleb128 0x16
 560 024d 29010000 		.4byte	.LASF31
 561 0251 01       		.byte	0x1
 562 0252 39       		.byte	0x39
 563 0253 6B000000 		.4byte	0x6b
 564 0257 05       		.uleb128 0x5
 565 0258 03       		.byte	0x3
 566 0259 00000000 		.4byte	cySysNoInitDataValid
 567 025d 17       		.uleb128 0x17
 568 025e 7B010000 		.4byte	.LASF32
 569 0262 01       		.byte	0x1
 570 0263 4A       		.byte	0x4a
 571 0264 96000000 		.4byte	0x96
 572 0268 05       		.uleb128 0x5
 573 0269 03       		.byte	0x3
 574 026a 00000000 		.4byte	cyBtldrRunType
 575 026e 18       		.uleb128 0x18
 576 026f D0000000 		.4byte	0xd0
 577 0273 79020000 		.4byte	0x279
 578 0277 19       		.uleb128 0x19
 579 0278 00       		.byte	0
 580 0279 1A       		.uleb128 0x1a
 581 027a 85020000 		.4byte	.LASF33
 582 027e 01       		.byte	0x1
 583 027f D4       		.byte	0xd4
 584 0280 84020000 		.4byte	0x284
 585 0284 09       		.uleb128 0x9
 586 0285 6E020000 		.4byte	0x26e
 587 0289 1A       		.uleb128 0x1a
 588 028a C8000000 		.4byte	.LASF34
 589 028e 01       		.byte	0x1
 590 028f D5       		.byte	0xd5
 591 0290 C0000000 		.4byte	0xc0
 592 0294 18       		.uleb128 0x18
 593 0295 9B000000 		.4byte	0x9b
 594 0299 A4020000 		.4byte	0x2a4
 595 029d 1B       		.uleb128 0x1b
 596 029e B9000000 		.4byte	0xb9
 597 02a2 2F       		.byte	0x2f
 598 02a3 00       		.byte	0
 599 02a4 1C       		.uleb128 0x1c
 600 02a5 AD000000 		.4byte	.LASF35
 601 02a9 01       		.byte	0x1
 602 02aa 7101     		.2byte	0x171
ARM GAS  C:\DOCUME~1\Chuck\LOCALS~1\Temp\cc8PdVZR.s 			page 20


 603 02ac 94020000 		.4byte	0x294
 604 02b0 05       		.uleb128 0x5
 605 02b1 03       		.byte	0x3
 606 02b2 00000000 		.4byte	CyRamVectors
 607 02b6 18       		.uleb128 0x18
 608 02b7 9B000000 		.4byte	0x9b
 609 02bb C6020000 		.4byte	0x2c6
 610 02bf 1B       		.uleb128 0x1b
 611 02c0 B9000000 		.4byte	0xb9
 612 02c4 03       		.byte	0x3
 613 02c5 00       		.byte	0
 614 02c6 1C       		.uleb128 0x1c
 615 02c7 0C010000 		.4byte	.LASF36
 616 02cb 01       		.byte	0x1
 617 02cc 8201     		.2byte	0x182
 618 02ce D8020000 		.4byte	0x2d8
 619 02d2 05       		.uleb128 0x5
 620 02d3 03       		.byte	0x3
 621 02d4 00000000 		.4byte	RomVectors
 622 02d8 09       		.uleb128 0x9
 623 02d9 B6020000 		.4byte	0x2b6
 624 02dd 1D       		.uleb128 0x1d
 625 02de 9B000000 		.4byte	.LASF37
 626 02e2 01       		.byte	0x1
 627 02e3 C8       		.byte	0xc8
 628 02e4 1E       		.uleb128 0x1e
 629 02e5 76010000 		.4byte	.LASF46
 630 02e9 01       		.byte	0x1
 631 02ea C5       		.byte	0xc5
 632 02eb 5D000000 		.4byte	0x5d
 633 02ef 1D       		.uleb128 0x1d
 634 02f0 4A020000 		.4byte	.LASF38
 635 02f4 01       		.byte	0x1
 636 02f5 32       		.byte	0x32
 637 02f6 1D       		.uleb128 0x1d
 638 02f7 B8010000 		.4byte	.LASF39
 639 02fb 04       		.byte	0x4
 640 02fc 16       		.byte	0x16
 641 02fd 00       		.byte	0
 642              		.section	.debug_abbrev,"",%progbits
 643              	.Ldebug_abbrev0:
 644 0000 01       		.uleb128 0x1
 645 0001 11       		.uleb128 0x11
 646 0002 01       		.byte	0x1
 647 0003 25       		.uleb128 0x25
 648 0004 0E       		.uleb128 0xe
 649 0005 13       		.uleb128 0x13
 650 0006 0B       		.uleb128 0xb
 651 0007 03       		.uleb128 0x3
 652 0008 0E       		.uleb128 0xe
 653 0009 1B       		.uleb128 0x1b
 654 000a 0E       		.uleb128 0xe
 655 000b 55       		.uleb128 0x55
 656 000c 17       		.uleb128 0x17
 657 000d 11       		.uleb128 0x11
 658 000e 01       		.uleb128 0x1
 659 000f 10       		.uleb128 0x10
ARM GAS  C:\DOCUME~1\Chuck\LOCALS~1\Temp\cc8PdVZR.s 			page 21


 660 0010 17       		.uleb128 0x17
 661 0011 00       		.byte	0
 662 0012 00       		.byte	0
 663 0013 02       		.uleb128 0x2
 664 0014 24       		.uleb128 0x24
 665 0015 00       		.byte	0
 666 0016 0B       		.uleb128 0xb
 667 0017 0B       		.uleb128 0xb
 668 0018 3E       		.uleb128 0x3e
 669 0019 0B       		.uleb128 0xb
 670 001a 03       		.uleb128 0x3
 671 001b 0E       		.uleb128 0xe
 672 001c 00       		.byte	0
 673 001d 00       		.byte	0
 674 001e 03       		.uleb128 0x3
 675 001f 24       		.uleb128 0x24
 676 0020 00       		.byte	0
 677 0021 0B       		.uleb128 0xb
 678 0022 0B       		.uleb128 0xb
 679 0023 3E       		.uleb128 0x3e
 680 0024 0B       		.uleb128 0xb
 681 0025 03       		.uleb128 0x3
 682 0026 08       		.uleb128 0x8
 683 0027 00       		.byte	0
 684 0028 00       		.byte	0
 685 0029 04       		.uleb128 0x4
 686 002a 16       		.uleb128 0x16
 687 002b 00       		.byte	0
 688 002c 03       		.uleb128 0x3
 689 002d 0E       		.uleb128 0xe
 690 002e 3A       		.uleb128 0x3a
 691 002f 0B       		.uleb128 0xb
 692 0030 3B       		.uleb128 0x3b
 693 0031 0B       		.uleb128 0xb
 694 0032 49       		.uleb128 0x49
 695 0033 13       		.uleb128 0x13
 696 0034 00       		.byte	0
 697 0035 00       		.byte	0
 698 0036 05       		.uleb128 0x5
 699 0037 35       		.uleb128 0x35
 700 0038 00       		.byte	0
 701 0039 49       		.uleb128 0x49
 702 003a 13       		.uleb128 0x13
 703 003b 00       		.byte	0
 704 003c 00       		.byte	0
 705 003d 06       		.uleb128 0x6
 706 003e 16       		.uleb128 0x16
 707 003f 00       		.byte	0
 708 0040 03       		.uleb128 0x3
 709 0041 0E       		.uleb128 0xe
 710 0042 3A       		.uleb128 0x3a
 711 0043 0B       		.uleb128 0xb
 712 0044 3B       		.uleb128 0x3b
 713 0045 05       		.uleb128 0x5
 714 0046 49       		.uleb128 0x49
 715 0047 13       		.uleb128 0x13
 716 0048 00       		.byte	0
ARM GAS  C:\DOCUME~1\Chuck\LOCALS~1\Temp\cc8PdVZR.s 			page 22


 717 0049 00       		.byte	0
 718 004a 07       		.uleb128 0x7
 719 004b 0F       		.uleb128 0xf
 720 004c 00       		.byte	0
 721 004d 0B       		.uleb128 0xb
 722 004e 0B       		.uleb128 0xb
 723 004f 49       		.uleb128 0x49
 724 0050 13       		.uleb128 0x13
 725 0051 00       		.byte	0
 726 0052 00       		.byte	0
 727 0053 08       		.uleb128 0x8
 728 0054 15       		.uleb128 0x15
 729 0055 00       		.byte	0
 730 0056 27       		.uleb128 0x27
 731 0057 19       		.uleb128 0x19
 732 0058 00       		.byte	0
 733 0059 00       		.byte	0
 734 005a 09       		.uleb128 0x9
 735 005b 26       		.uleb128 0x26
 736 005c 00       		.byte	0
 737 005d 49       		.uleb128 0x49
 738 005e 13       		.uleb128 0x13
 739 005f 00       		.byte	0
 740 0060 00       		.byte	0
 741 0061 0A       		.uleb128 0xa
 742 0062 13       		.uleb128 0x13
 743 0063 01       		.byte	0x1
 744 0064 03       		.uleb128 0x3
 745 0065 0E       		.uleb128 0xe
 746 0066 0B       		.uleb128 0xb
 747 0067 0B       		.uleb128 0xb
 748 0068 3A       		.uleb128 0x3a
 749 0069 0B       		.uleb128 0xb
 750 006a 3B       		.uleb128 0x3b
 751 006b 0B       		.uleb128 0xb
 752 006c 01       		.uleb128 0x1
 753 006d 13       		.uleb128 0x13
 754 006e 00       		.byte	0
 755 006f 00       		.byte	0
 756 0070 0B       		.uleb128 0xb
 757 0071 0D       		.uleb128 0xd
 758 0072 00       		.byte	0
 759 0073 03       		.uleb128 0x3
 760 0074 0E       		.uleb128 0xe
 761 0075 3A       		.uleb128 0x3a
 762 0076 0B       		.uleb128 0xb
 763 0077 3B       		.uleb128 0x3b
 764 0078 0B       		.uleb128 0xb
 765 0079 49       		.uleb128 0x49
 766 007a 13       		.uleb128 0x13
 767 007b 38       		.uleb128 0x38
 768 007c 0B       		.uleb128 0xb
 769 007d 00       		.byte	0
 770 007e 00       		.byte	0
 771 007f 0C       		.uleb128 0xc
 772 0080 2E       		.uleb128 0x2e
 773 0081 00       		.byte	0
ARM GAS  C:\DOCUME~1\Chuck\LOCALS~1\Temp\cc8PdVZR.s 			page 23


 774 0082 3F       		.uleb128 0x3f
 775 0083 19       		.uleb128 0x19
 776 0084 03       		.uleb128 0x3
 777 0085 0E       		.uleb128 0xe
 778 0086 3A       		.uleb128 0x3a
 779 0087 0B       		.uleb128 0xb
 780 0088 3B       		.uleb128 0x3b
 781 0089 0B       		.uleb128 0xb
 782 008a 27       		.uleb128 0x27
 783 008b 19       		.uleb128 0x19
 784 008c 11       		.uleb128 0x11
 785 008d 01       		.uleb128 0x1
 786 008e 12       		.uleb128 0x12
 787 008f 06       		.uleb128 0x6
 788 0090 40       		.uleb128 0x40
 789 0091 18       		.uleb128 0x18
 790 0092 9742     		.uleb128 0x2117
 791 0094 19       		.uleb128 0x19
 792 0095 00       		.byte	0
 793 0096 00       		.byte	0
 794 0097 0D       		.uleb128 0xd
 795 0098 2E       		.uleb128 0x2e
 796 0099 01       		.byte	0x1
 797 009a 3F       		.uleb128 0x3f
 798 009b 19       		.uleb128 0x19
 799 009c 03       		.uleb128 0x3
 800 009d 0E       		.uleb128 0xe
 801 009e 3A       		.uleb128 0x3a
 802 009f 0B       		.uleb128 0xb
 803 00a0 3B       		.uleb128 0x3b
 804 00a1 0B       		.uleb128 0xb
 805 00a2 27       		.uleb128 0x27
 806 00a3 19       		.uleb128 0x19
 807 00a4 11       		.uleb128 0x11
 808 00a5 01       		.uleb128 0x1
 809 00a6 12       		.uleb128 0x12
 810 00a7 06       		.uleb128 0x6
 811 00a8 40       		.uleb128 0x40
 812 00a9 18       		.uleb128 0x18
 813 00aa 9742     		.uleb128 0x2117
 814 00ac 19       		.uleb128 0x19
 815 00ad 01       		.uleb128 0x1
 816 00ae 13       		.uleb128 0x13
 817 00af 00       		.byte	0
 818 00b0 00       		.byte	0
 819 00b1 0E       		.uleb128 0xe
 820 00b2 05       		.uleb128 0x5
 821 00b3 00       		.byte	0
 822 00b4 03       		.uleb128 0x3
 823 00b5 0E       		.uleb128 0xe
 824 00b6 3A       		.uleb128 0x3a
 825 00b7 0B       		.uleb128 0xb
 826 00b8 3B       		.uleb128 0x3b
 827 00b9 0B       		.uleb128 0xb
 828 00ba 49       		.uleb128 0x49
 829 00bb 13       		.uleb128 0x13
 830 00bc 02       		.uleb128 0x2
ARM GAS  C:\DOCUME~1\Chuck\LOCALS~1\Temp\cc8PdVZR.s 			page 24


 831 00bd 18       		.uleb128 0x18
 832 00be 00       		.byte	0
 833 00bf 00       		.byte	0
 834 00c0 0F       		.uleb128 0xf
 835 00c1 34       		.uleb128 0x34
 836 00c2 00       		.byte	0
 837 00c3 03       		.uleb128 0x3
 838 00c4 08       		.uleb128 0x8
 839 00c5 3A       		.uleb128 0x3a
 840 00c6 0B       		.uleb128 0xb
 841 00c7 3B       		.uleb128 0x3b
 842 00c8 0B       		.uleb128 0xb
 843 00c9 49       		.uleb128 0x49
 844 00ca 13       		.uleb128 0x13
 845 00cb 00       		.byte	0
 846 00cc 00       		.byte	0
 847 00cd 10       		.uleb128 0x10
 848 00ce 34       		.uleb128 0x34
 849 00cf 00       		.byte	0
 850 00d0 03       		.uleb128 0x3
 851 00d1 0E       		.uleb128 0xe
 852 00d2 3A       		.uleb128 0x3a
 853 00d3 0B       		.uleb128 0xb
 854 00d4 3B       		.uleb128 0x3b
 855 00d5 0B       		.uleb128 0xb
 856 00d6 49       		.uleb128 0x49
 857 00d7 13       		.uleb128 0x13
 858 00d8 02       		.uleb128 0x2
 859 00d9 17       		.uleb128 0x17
 860 00da 00       		.byte	0
 861 00db 00       		.byte	0
 862 00dc 11       		.uleb128 0x11
 863 00dd 0B       		.uleb128 0xb
 864 00de 01       		.byte	0x1
 865 00df 11       		.uleb128 0x11
 866 00e0 01       		.uleb128 0x1
 867 00e1 12       		.uleb128 0x12
 868 00e2 06       		.uleb128 0x6
 869 00e3 01       		.uleb128 0x1
 870 00e4 13       		.uleb128 0x13
 871 00e5 00       		.byte	0
 872 00e6 00       		.byte	0
 873 00e7 12       		.uleb128 0x12
 874 00e8 34       		.uleb128 0x34
 875 00e9 00       		.byte	0
 876 00ea 03       		.uleb128 0x3
 877 00eb 08       		.uleb128 0x8
 878 00ec 3A       		.uleb128 0x3a
 879 00ed 0B       		.uleb128 0xb
 880 00ee 3B       		.uleb128 0x3b
 881 00ef 0B       		.uleb128 0xb
 882 00f0 49       		.uleb128 0x49
 883 00f1 13       		.uleb128 0x13
 884 00f2 02       		.uleb128 0x2
 885 00f3 17       		.uleb128 0x17
 886 00f4 00       		.byte	0
 887 00f5 00       		.byte	0
ARM GAS  C:\DOCUME~1\Chuck\LOCALS~1\Temp\cc8PdVZR.s 			page 25


 888 00f6 13       		.uleb128 0x13
 889 00f7 34       		.uleb128 0x34
 890 00f8 00       		.byte	0
 891 00f9 03       		.uleb128 0x3
 892 00fa 0E       		.uleb128 0xe
 893 00fb 3A       		.uleb128 0x3a
 894 00fc 0B       		.uleb128 0xb
 895 00fd 3B       		.uleb128 0x3b
 896 00fe 05       		.uleb128 0x5
 897 00ff 49       		.uleb128 0x49
 898 0100 13       		.uleb128 0x13
 899 0101 02       		.uleb128 0x2
 900 0102 17       		.uleb128 0x17
 901 0103 00       		.byte	0
 902 0104 00       		.byte	0
 903 0105 14       		.uleb128 0x14
 904 0106 898201   		.uleb128 0x4109
 905 0109 00       		.byte	0
 906 010a 11       		.uleb128 0x11
 907 010b 01       		.uleb128 0x1
 908 010c 31       		.uleb128 0x31
 909 010d 13       		.uleb128 0x13
 910 010e 00       		.byte	0
 911 010f 00       		.byte	0
 912 0110 15       		.uleb128 0x15
 913 0111 2E       		.uleb128 0x2e
 914 0112 01       		.byte	0x1
 915 0113 3F       		.uleb128 0x3f
 916 0114 19       		.uleb128 0x19
 917 0115 03       		.uleb128 0x3
 918 0116 0E       		.uleb128 0xe
 919 0117 3A       		.uleb128 0x3a
 920 0118 0B       		.uleb128 0xb
 921 0119 3B       		.uleb128 0x3b
 922 011a 05       		.uleb128 0x5
 923 011b 27       		.uleb128 0x27
 924 011c 19       		.uleb128 0x19
 925 011d 11       		.uleb128 0x11
 926 011e 01       		.uleb128 0x1
 927 011f 12       		.uleb128 0x12
 928 0120 06       		.uleb128 0x6
 929 0121 40       		.uleb128 0x40
 930 0122 18       		.uleb128 0x18
 931 0123 9742     		.uleb128 0x2117
 932 0125 19       		.uleb128 0x19
 933 0126 01       		.uleb128 0x1
 934 0127 13       		.uleb128 0x13
 935 0128 00       		.byte	0
 936 0129 00       		.byte	0
 937 012a 16       		.uleb128 0x16
 938 012b 34       		.uleb128 0x34
 939 012c 00       		.byte	0
 940 012d 03       		.uleb128 0x3
 941 012e 0E       		.uleb128 0xe
 942 012f 3A       		.uleb128 0x3a
 943 0130 0B       		.uleb128 0xb
 944 0131 3B       		.uleb128 0x3b
ARM GAS  C:\DOCUME~1\Chuck\LOCALS~1\Temp\cc8PdVZR.s 			page 26


 945 0132 0B       		.uleb128 0xb
 946 0133 49       		.uleb128 0x49
 947 0134 13       		.uleb128 0x13
 948 0135 02       		.uleb128 0x2
 949 0136 18       		.uleb128 0x18
 950 0137 00       		.byte	0
 951 0138 00       		.byte	0
 952 0139 17       		.uleb128 0x17
 953 013a 34       		.uleb128 0x34
 954 013b 00       		.byte	0
 955 013c 03       		.uleb128 0x3
 956 013d 0E       		.uleb128 0xe
 957 013e 3A       		.uleb128 0x3a
 958 013f 0B       		.uleb128 0xb
 959 0140 3B       		.uleb128 0x3b
 960 0141 0B       		.uleb128 0xb
 961 0142 49       		.uleb128 0x49
 962 0143 13       		.uleb128 0x13
 963 0144 3F       		.uleb128 0x3f
 964 0145 19       		.uleb128 0x19
 965 0146 02       		.uleb128 0x2
 966 0147 18       		.uleb128 0x18
 967 0148 00       		.byte	0
 968 0149 00       		.byte	0
 969 014a 18       		.uleb128 0x18
 970 014b 01       		.uleb128 0x1
 971 014c 01       		.byte	0x1
 972 014d 49       		.uleb128 0x49
 973 014e 13       		.uleb128 0x13
 974 014f 01       		.uleb128 0x1
 975 0150 13       		.uleb128 0x13
 976 0151 00       		.byte	0
 977 0152 00       		.byte	0
 978 0153 19       		.uleb128 0x19
 979 0154 21       		.uleb128 0x21
 980 0155 00       		.byte	0
 981 0156 00       		.byte	0
 982 0157 00       		.byte	0
 983 0158 1A       		.uleb128 0x1a
 984 0159 34       		.uleb128 0x34
 985 015a 00       		.byte	0
 986 015b 03       		.uleb128 0x3
 987 015c 0E       		.uleb128 0xe
 988 015d 3A       		.uleb128 0x3a
 989 015e 0B       		.uleb128 0xb
 990 015f 3B       		.uleb128 0x3b
 991 0160 0B       		.uleb128 0xb
 992 0161 49       		.uleb128 0x49
 993 0162 13       		.uleb128 0x13
 994 0163 3F       		.uleb128 0x3f
 995 0164 19       		.uleb128 0x19
 996 0165 3C       		.uleb128 0x3c
 997 0166 19       		.uleb128 0x19
 998 0167 00       		.byte	0
 999 0168 00       		.byte	0
 1000 0169 1B       		.uleb128 0x1b
 1001 016a 21       		.uleb128 0x21
ARM GAS  C:\DOCUME~1\Chuck\LOCALS~1\Temp\cc8PdVZR.s 			page 27


 1002 016b 00       		.byte	0
 1003 016c 49       		.uleb128 0x49
 1004 016d 13       		.uleb128 0x13
 1005 016e 2F       		.uleb128 0x2f
 1006 016f 0B       		.uleb128 0xb
 1007 0170 00       		.byte	0
 1008 0171 00       		.byte	0
 1009 0172 1C       		.uleb128 0x1c
 1010 0173 34       		.uleb128 0x34
 1011 0174 00       		.byte	0
 1012 0175 03       		.uleb128 0x3
 1013 0176 0E       		.uleb128 0xe
 1014 0177 3A       		.uleb128 0x3a
 1015 0178 0B       		.uleb128 0xb
 1016 0179 3B       		.uleb128 0x3b
 1017 017a 05       		.uleb128 0x5
 1018 017b 49       		.uleb128 0x49
 1019 017c 13       		.uleb128 0x13
 1020 017d 3F       		.uleb128 0x3f
 1021 017e 19       		.uleb128 0x19
 1022 017f 02       		.uleb128 0x2
 1023 0180 18       		.uleb128 0x18
 1024 0181 00       		.byte	0
 1025 0182 00       		.byte	0
 1026 0183 1D       		.uleb128 0x1d
 1027 0184 2E       		.uleb128 0x2e
 1028 0185 00       		.byte	0
 1029 0186 3F       		.uleb128 0x3f
 1030 0187 19       		.uleb128 0x19
 1031 0188 03       		.uleb128 0x3
 1032 0189 0E       		.uleb128 0xe
 1033 018a 3A       		.uleb128 0x3a
 1034 018b 0B       		.uleb128 0xb
 1035 018c 3B       		.uleb128 0x3b
 1036 018d 0B       		.uleb128 0xb
 1037 018e 27       		.uleb128 0x27
 1038 018f 19       		.uleb128 0x19
 1039 0190 3C       		.uleb128 0x3c
 1040 0191 19       		.uleb128 0x19
 1041 0192 00       		.byte	0
 1042 0193 00       		.byte	0
 1043 0194 1E       		.uleb128 0x1e
 1044 0195 2E       		.uleb128 0x2e
 1045 0196 00       		.byte	0
 1046 0197 3F       		.uleb128 0x3f
 1047 0198 19       		.uleb128 0x19
 1048 0199 03       		.uleb128 0x3
 1049 019a 0E       		.uleb128 0xe
 1050 019b 3A       		.uleb128 0x3a
 1051 019c 0B       		.uleb128 0xb
 1052 019d 3B       		.uleb128 0x3b
 1053 019e 0B       		.uleb128 0xb
 1054 019f 27       		.uleb128 0x27
 1055 01a0 19       		.uleb128 0x19
 1056 01a1 49       		.uleb128 0x49
 1057 01a2 13       		.uleb128 0x13
 1058 01a3 3C       		.uleb128 0x3c
ARM GAS  C:\DOCUME~1\Chuck\LOCALS~1\Temp\cc8PdVZR.s 			page 28


 1059 01a4 19       		.uleb128 0x19
 1060 01a5 00       		.byte	0
 1061 01a6 00       		.byte	0
 1062 01a7 00       		.byte	0
 1063              		.section	.debug_loc,"",%progbits
 1064              	.Ldebug_loc0:
 1065              	.LLST0:
 1066 0000 08000000 		.4byte	.LVL2
 1067 0004 36000000 		.4byte	.LVL16
 1068 0008 0100     		.2byte	0x1
 1069 000a 51       		.byte	0x51
 1070 000b 36000000 		.4byte	.LVL16
 1071 000f 38000000 		.4byte	.LVL17
 1072 0013 0300     		.2byte	0x3
 1073 0015 71       		.byte	0x71
 1074 0016 01       		.sleb128 1
 1075 0017 9F       		.byte	0x9f
 1076 0018 38000000 		.4byte	.LVL17
 1077 001c 3B000000 		.4byte	.LVL18-1
 1078 0020 0100     		.2byte	0x1
 1079 0022 51       		.byte	0x51
 1080 0023 00000000 		.4byte	0
 1081 0027 00000000 		.4byte	0
 1082              	.LLST1:
 1083 002b 08000000 		.4byte	.LVL2
 1084 002f 3B000000 		.4byte	.LVL18-1
 1085 0033 0100     		.2byte	0x1
 1086 0035 53       		.byte	0x53
 1087 0036 00000000 		.4byte	0
 1088 003a 00000000 		.4byte	0
 1089              	.LLST2:
 1090 003e 10000000 		.4byte	.LVL3
 1091 0042 14000000 		.4byte	.LVL5
 1092 0046 0100     		.2byte	0x1
 1093 0048 56       		.byte	0x56
 1094 0049 16000000 		.4byte	.LVL6
 1095 004d 1A000000 		.4byte	.LVL7
 1096 0051 0600     		.2byte	0x6
 1097 0053 76       		.byte	0x76
 1098 0054 00       		.sleb128 0
 1099 0055 72       		.byte	0x72
 1100 0056 00       		.sleb128 0
 1101 0057 22       		.byte	0x22
 1102 0058 9F       		.byte	0x9f
 1103 0059 1A000000 		.4byte	.LVL7
 1104 005d 20000000 		.4byte	.LVL8
 1105 0061 0800     		.2byte	0x8
 1106 0063 76       		.byte	0x76
 1107 0064 00       		.sleb128 0
 1108 0065 72       		.byte	0x72
 1109 0066 00       		.sleb128 0
 1110 0067 22       		.byte	0x22
 1111 0068 23       		.byte	0x23
 1112 0069 04       		.uleb128 0x4
 1113 006a 9F       		.byte	0x9f
 1114 006b 20000000 		.4byte	.LVL8
 1115 006f 24000000 		.4byte	.LVL10
ARM GAS  C:\DOCUME~1\Chuck\LOCALS~1\Temp\cc8PdVZR.s 			page 29


 1116 0073 0600     		.2byte	0x6
 1117 0075 76       		.byte	0x76
 1118 0076 00       		.sleb128 0
 1119 0077 72       		.byte	0x72
 1120 0078 00       		.sleb128 0
 1121 0079 22       		.byte	0x22
 1122 007a 9F       		.byte	0x9f
 1123 007b 00000000 		.4byte	0
 1124 007f 00000000 		.4byte	0
 1125              	.LLST3:
 1126 0083 12000000 		.4byte	.LVL4
 1127 0087 14000000 		.4byte	.LVL5
 1128 008b 0100     		.2byte	0x1
 1129 008d 54       		.byte	0x54
 1130 008e 16000000 		.4byte	.LVL6
 1131 0092 1A000000 		.4byte	.LVL7
 1132 0096 0100     		.2byte	0x1
 1133 0098 50       		.byte	0x50
 1134 0099 1A000000 		.4byte	.LVL7
 1135 009d 20000000 		.4byte	.LVL8
 1136 00a1 0800     		.2byte	0x8
 1137 00a3 74       		.byte	0x74
 1138 00a4 00       		.sleb128 0
 1139 00a5 72       		.byte	0x72
 1140 00a6 00       		.sleb128 0
 1141 00a7 22       		.byte	0x22
 1142 00a8 23       		.byte	0x23
 1143 00a9 04       		.uleb128 0x4
 1144 00aa 9F       		.byte	0x9f
 1145 00ab 20000000 		.4byte	.LVL8
 1146 00af 22000000 		.4byte	.LVL9
 1147 00b3 0600     		.2byte	0x6
 1148 00b5 74       		.byte	0x74
 1149 00b6 00       		.sleb128 0
 1150 00b7 72       		.byte	0x72
 1151 00b8 00       		.sleb128 0
 1152 00b9 22       		.byte	0x22
 1153 00ba 9F       		.byte	0x9f
 1154 00bb 22000000 		.4byte	.LVL9
 1155 00bf 26000000 		.4byte	.LVL11
 1156 00c3 0100     		.2byte	0x1
 1157 00c5 50       		.byte	0x50
 1158 00c6 26000000 		.4byte	.LVL11
 1159 00ca 2C000000 		.4byte	.LVL12
 1160 00ce 0100     		.2byte	0x1
 1161 00d0 52       		.byte	0x52
 1162 00d1 2C000000 		.4byte	.LVL12
 1163 00d5 30000000 		.4byte	.LVL13
 1164 00d9 0300     		.2byte	0x3
 1165 00db 72       		.byte	0x72
 1166 00dc 04       		.sleb128 4
 1167 00dd 9F       		.byte	0x9f
 1168 00de 30000000 		.4byte	.LVL13
 1169 00e2 38000000 		.4byte	.LVL17
 1170 00e6 0100     		.2byte	0x1
 1171 00e8 52       		.byte	0x52
 1172 00e9 00000000 		.4byte	0
ARM GAS  C:\DOCUME~1\Chuck\LOCALS~1\Temp\cc8PdVZR.s 			page 30


 1173 00ed 00000000 		.4byte	0
 1174              	.LLST4:
 1175 00f1 14000000 		.4byte	.LVL5
 1176 00f5 26000000 		.4byte	.LVL11
 1177 00f9 0100     		.2byte	0x1
 1178 00fb 55       		.byte	0x55
 1179 00fc 26000000 		.4byte	.LVL11
 1180 0100 38000000 		.4byte	.LVL17
 1181 0104 0100     		.2byte	0x1
 1182 0106 54       		.byte	0x54
 1183 0107 00000000 		.4byte	0
 1184 010b 00000000 		.4byte	0
 1185              	.LLST5:
 1186 010f 16000000 		.4byte	.LVL6
 1187 0113 24000000 		.4byte	.LVL10
 1188 0117 0100     		.2byte	0x1
 1189 0119 52       		.byte	0x52
 1190 011a 26000000 		.4byte	.LVL11
 1191 011e 30000000 		.4byte	.LVL13
 1192 0122 0600     		.2byte	0x6
 1193 0124 72       		.byte	0x72
 1194 0125 00       		.sleb128 0
 1195 0126 70       		.byte	0x70
 1196 0127 00       		.sleb128 0
 1197 0128 1C       		.byte	0x1c
 1198 0129 9F       		.byte	0x9f
 1199 012a 30000000 		.4byte	.LVL13
 1200 012e 32000000 		.4byte	.LVL14
 1201 0132 0800     		.2byte	0x8
 1202 0134 72       		.byte	0x72
 1203 0135 00       		.sleb128 0
 1204 0136 70       		.byte	0x70
 1205 0137 00       		.sleb128 0
 1206 0138 1C       		.byte	0x1c
 1207 0139 23       		.byte	0x23
 1208 013a 04       		.uleb128 0x4
 1209 013b 9F       		.byte	0x9f
 1210 013c 32000000 		.4byte	.LVL14
 1211 0140 38000000 		.4byte	.LVL17
 1212 0144 0600     		.2byte	0x6
 1213 0146 72       		.byte	0x72
 1214 0147 00       		.sleb128 0
 1215 0148 70       		.byte	0x70
 1216 0149 00       		.sleb128 0
 1217 014a 1C       		.byte	0x1c
 1218 014b 9F       		.byte	0x9f
 1219 014c 00000000 		.4byte	0
 1220 0150 00000000 		.4byte	0
 1221              	.LLST6:
 1222 0154 00000000 		.4byte	.LVL22
 1223 0158 04000000 		.4byte	.LVL23
 1224 015c 0200     		.2byte	0x2
 1225 015e 30       		.byte	0x30
 1226 015f 9F       		.byte	0x9f
 1227 0160 04000000 		.4byte	.LVL23
 1228 0164 1D000000 		.4byte	.LVL25-1
 1229 0168 0100     		.2byte	0x1
ARM GAS  C:\DOCUME~1\Chuck\LOCALS~1\Temp\cc8PdVZR.s 			page 31


 1230 016a 53       		.byte	0x53
 1231 016b 00000000 		.4byte	0
 1232 016f 00000000 		.4byte	0
 1233              		.section	.debug_aranges,"",%progbits
 1234 0000 3C000000 		.4byte	0x3c
 1235 0004 0200     		.2byte	0x2
 1236 0006 00000000 		.4byte	.Ldebug_info0
 1237 000a 04       		.byte	0x4
 1238 000b 00       		.byte	0
 1239 000c 0000     		.2byte	0
 1240 000e 0000     		.2byte	0
 1241 0010 00000000 		.4byte	.LFB0
 1242 0014 02000000 		.4byte	.LFE0-.LFB0
 1243 0018 00000000 		.4byte	.LFB1
 1244 001c 02000000 		.4byte	.LFE1-.LFB1
 1245 0020 00000000 		.4byte	.LFB2
 1246 0024 4C000000 		.4byte	.LFE2-.LFB2
 1247 0028 00000000 		.4byte	.LFB3
 1248 002c 0A000000 		.4byte	.LFE3-.LFB3
 1249 0030 00000000 		.4byte	.LFB4
 1250 0034 50000000 		.4byte	.LFE4-.LFB4
 1251 0038 00000000 		.4byte	0
 1252 003c 00000000 		.4byte	0
 1253              		.section	.debug_ranges,"",%progbits
 1254              	.Ldebug_ranges0:
 1255 0000 00000000 		.4byte	.LFB0
 1256 0004 02000000 		.4byte	.LFE0
 1257 0008 00000000 		.4byte	.LFB1
 1258 000c 02000000 		.4byte	.LFE1
 1259 0010 00000000 		.4byte	.LFB2
 1260 0014 4C000000 		.4byte	.LFE2
 1261 0018 00000000 		.4byte	.LFB3
 1262 001c 0A000000 		.4byte	.LFE3
 1263 0020 00000000 		.4byte	.LFB4
 1264 0024 50000000 		.4byte	.LFE4
 1265 0028 00000000 		.4byte	0
 1266 002c 00000000 		.4byte	0
 1267              		.section	.debug_line,"",%progbits
 1268              	.Ldebug_line0:
 1269 0000 99010000 		.section	.debug_str,"MS",%progbits,1
 1269      0200D500 
 1269      00000201 
 1269      FB0E0D00 
 1269      01010101 
 1270              	.LASF13:
 1271 0000 72656733 		.ascii	"reg32\000"
 1271      3200
 1272              	.LASF15:
 1273 0006 73697A65 		.ascii	"size_t\000"
 1273      5F7400
 1274              	.LASF40:
 1275 000d 474E5520 		.ascii	"GNU C 4.9.3 20150303 (release) [ARM/embedded-4_9-br"
 1275      4320342E 
 1275      392E3320 
 1275      32303135 
 1275      30333033 
 1276 0040 616E6368 		.ascii	"anch revision 221220] -mcpu=cortex-m0 -mthumb -g -O"
ARM GAS  C:\DOCUME~1\Chuck\LOCALS~1\Temp\cc8PdVZR.s 			page 32


 1276      20726576 
 1276      6973696F 
 1276      6E203232 
 1276      31323230 
 1277 0073 73202D66 		.ascii	"s -ffunction-sections -ffat-lto-objects\000"
 1277      66756E63 
 1277      74696F6E 
 1277      2D736563 
 1277      74696F6E 
 1278              	.LASF37:
 1279 009b 5F5F6C69 		.ascii	"__libc_init_array\000"
 1279      62635F69 
 1279      6E69745F 
 1279      61727261 
 1279      7900
 1280              	.LASF35:
 1281 00ad 43795261 		.ascii	"CyRamVectors\000"
 1281      6D566563 
 1281      746F7273 
 1281      00
 1282              	.LASF23:
 1283 00ba 53746172 		.ascii	"Start_c\000"
 1283      745F6300 
 1284              	.LASF27:
 1285 00c2 636F756E 		.ascii	"count\000"
 1285      7400
 1286              	.LASF34:
 1287 00c8 5F5F6379 		.ascii	"__cy_region_num\000"
 1287      5F726567 
 1287      696F6E5F 
 1287      6E756D00 
 1288              	.LASF18:
 1289 00d8 696E6974 		.ascii	"init\000"
 1289      00
 1290              	.LASF45:
 1291 00dd 73746174 		.ascii	"status\000"
 1291      757300
 1292              	.LASF21:
 1293 00e4 7A65726F 		.ascii	"zero_size\000"
 1293      5F73697A 
 1293      6500
 1294              	.LASF25:
 1295 00ee 72707472 		.ascii	"rptr\000"
 1295      00
 1296              	.LASF9:
 1297 00f3 666C6F61 		.ascii	"float\000"
 1297      7400
 1298              	.LASF19:
 1299 00f9 64617461 		.ascii	"data\000"
 1299      00
 1300              	.LASF1:
 1301 00fe 756E7369 		.ascii	"unsigned char\000"
 1301      676E6564 
 1301      20636861 
 1301      7200
 1302              	.LASF36:
 1303 010c 526F6D56 		.ascii	"RomVectors\000"
ARM GAS  C:\DOCUME~1\Chuck\LOCALS~1\Temp\cc8PdVZR.s 			page 33


 1303      6563746F 
 1303      727300
 1304              	.LASF5:
 1305 0117 6C6F6E67 		.ascii	"long unsigned int\000"
 1305      20756E73 
 1305      69676E65 
 1305      6420696E 
 1305      7400
 1306              	.LASF31:
 1307 0129 63795379 		.ascii	"cySysNoInitDataValid\000"
 1307      734E6F49 
 1307      6E697444 
 1307      61746156 
 1307      616C6964 
 1308              	.LASF3:
 1309 013e 73686F72 		.ascii	"short unsigned int\000"
 1309      7420756E 
 1309      7369676E 
 1309      65642069 
 1309      6E7400
 1310              	.LASF28:
 1311 0151 52657365 		.ascii	"Reset\000"
 1311      7400
 1312              	.LASF22:
 1313 0157 5F657869 		.ascii	"_exit\000"
 1313      7400
 1314              	.LASF44:
 1315 015d 496E7444 		.ascii	"IntDefaultHandler\000"
 1315      65666175 
 1315      6C744861 
 1315      6E646C65 
 1315      7200
 1316              	.LASF10:
 1317 016f 646F7562 		.ascii	"double\000"
 1317      6C6500
 1318              	.LASF46:
 1319 0176 6D61696E 		.ascii	"main\000"
 1319      00
 1320              	.LASF32:
 1321 017b 63794274 		.ascii	"cyBtldrRunType\000"
 1321      6C647252 
 1321      756E5479 
 1321      706500
 1322              	.LASF29:
 1323 018a 696E6974 		.ascii	"initialize_psoc\000"
 1323      69616C69 
 1323      7A655F70 
 1323      736F6300 
 1324              	.LASF12:
 1325 019a 75696E74 		.ascii	"uint32\000"
 1325      333200
 1326              	.LASF30:
 1327 01a1 696E6465 		.ascii	"indexInit\000"
 1327      78496E69 
 1327      7400
 1328              	.LASF8:
 1329 01ab 756E7369 		.ascii	"unsigned int\000"
ARM GAS  C:\DOCUME~1\Chuck\LOCALS~1\Temp\cc8PdVZR.s 			page 34


 1329      676E6564 
 1329      20696E74 
 1329      00
 1330              	.LASF39:
 1331 01b8 63796669 		.ascii	"cyfitter_cfg\000"
 1331      74746572 
 1331      5F636667 
 1331      00
 1332              	.LASF7:
 1333 01c5 6C6F6E67 		.ascii	"long long unsigned int\000"
 1333      206C6F6E 
 1333      6720756E 
 1333      7369676E 
 1333      65642069 
 1334              	.LASF26:
 1335 01dc 6C696D69 		.ascii	"limit\000"
 1335      7400
 1336              	.LASF14:
 1337 01e2 63796973 		.ascii	"cyisraddress\000"
 1337      72616464 
 1337      72657373 
 1337      00
 1338              	.LASF20:
 1339 01ef 696E6974 		.ascii	"init_size\000"
 1339      5F73697A 
 1339      6500
 1340              	.LASF17:
 1341 01f9 5F5F6379 		.ascii	"__cy_byte_align8\000"
 1341      5F627974 
 1341      655F616C 
 1341      69676E38 
 1341      00
 1342              	.LASF16:
 1343 020a 73697A65 		.ascii	"sizetype\000"
 1343      74797065 
 1343      00
 1344              	.LASF6:
 1345 0213 6C6F6E67 		.ascii	"long long int\000"
 1345      206C6F6E 
 1345      6720696E 
 1345      7400
 1346              	.LASF11:
 1347 0221 63686172 		.ascii	"char\000"
 1347      00
 1348              	.LASF41:
 1349 0226 2E5C4765 		.ascii	".\\Generated_Source\\PSoC4\\Cm0Start.c\000"
 1349      6E657261 
 1349      7465645F 
 1349      536F7572 
 1349      63655C50 
 1350              	.LASF38:
 1351 024a 43794274 		.ascii	"CyBtldr_CheckLaunch\000"
 1351      6C64725F 
 1351      43686563 
 1351      6B4C6175 
 1351      6E636800 
 1352              	.LASF2:
ARM GAS  C:\DOCUME~1\Chuck\LOCALS~1\Temp\cc8PdVZR.s 			page 35


 1353 025e 73686F72 		.ascii	"short int\000"
 1353      7420696E 
 1353      7400
 1354              	.LASF24:
 1355 0268 72656769 		.ascii	"regions\000"
 1355      6F6E7300 
 1356              	.LASF4:
 1357 0270 6C6F6E67 		.ascii	"long int\000"
 1357      20696E74 
 1357      00
 1358              	.LASF0:
 1359 0279 7369676E 		.ascii	"signed char\000"
 1359      65642063 
 1359      68617200 
 1360              	.LASF33:
 1361 0285 5F5F6379 		.ascii	"__cy_regions\000"
 1361      5F726567 
 1361      696F6E73 
 1361      00
 1362              	.LASF42:
 1363 0292 433A5C44 		.ascii	"C:\\Documents and Settings\\Chuck\\My Documents\\PS"
 1363      6F63756D 
 1363      656E7473 
 1363      20616E64 
 1363      20536574 
 1364 02c1 6F432043 		.ascii	"oC Creator\\RosOnAStick\\Bootloader.cydsn\000"
 1364      72656174 
 1364      6F725C52 
 1364      6F734F6E 
 1364      41537469 
 1365              	.LASF43:
 1366 02e9 5F5F6379 		.ascii	"__cy_region\000"
 1366      5F726567 
 1366      696F6E00 
 1367              		.ident	"GCC: (GNU Tools for ARM Embedded Processors) 4.9.3 20150303 (release) [ARM/embedded-4_9-br
