ARM GAS  C:\DOCUME~1\Chuck\LOCALS~1\Temp\ccFcjb6N.s 			page 1


   1              		.cpu cortex-m0
   2              		.fpu softvfp
   3              		.eabi_attribute 20, 1
   4              		.eabi_attribute 21, 1
   5              		.eabi_attribute 23, 3
   6              		.eabi_attribute 24, 1
   7              		.eabi_attribute 25, 1
   8              		.eabi_attribute 26, 1
   9              		.eabi_attribute 30, 4
  10              		.eabi_attribute 34, 0
  11              		.eabi_attribute 18, 4
  12              		.code	16
  13              		.file	"cyPm.c"
  14              		.text
  15              	.Ltext0:
  16              		.cfi_sections	.debug_frame
  17              		.section	.text.CySysPmSleep,"ax",%progbits
  18              		.align	1
  19              		.global	CySysPmSleep
  20              		.code	16
  21              		.thumb_func
  22              		.type	CySysPmSleep, %function
  23              	CySysPmSleep:
  24              	.LFB0:
  25              		.file 1 ".\\Generated_Source\\PSoC4\\cyPm.c"
   1:.\Generated_Source\PSoC4/cyPm.c **** /*******************************************************************************
   2:.\Generated_Source\PSoC4/cyPm.c **** * File Name: cyPm.c
   3:.\Generated_Source\PSoC4/cyPm.c **** * Version 4.10
   4:.\Generated_Source\PSoC4/cyPm.c **** *
   5:.\Generated_Source\PSoC4/cyPm.c **** *  Description:
   6:.\Generated_Source\PSoC4/cyPm.c **** *   Provides an API for the power management.
   7:.\Generated_Source\PSoC4/cyPm.c **** *
   8:.\Generated_Source\PSoC4/cyPm.c **** *  Note:
   9:.\Generated_Source\PSoC4/cyPm.c **** *   Documentation of the API's in this file is located in the
  10:.\Generated_Source\PSoC4/cyPm.c **** *   System Reference Guide provided with PSoC Creator.
  11:.\Generated_Source\PSoC4/cyPm.c **** *
  12:.\Generated_Source\PSoC4/cyPm.c **** ********************************************************************************
  13:.\Generated_Source\PSoC4/cyPm.c **** * Copyright 2011-2014, Cypress Semiconductor Corporation.  All rights reserved.
  14:.\Generated_Source\PSoC4/cyPm.c **** * You may use this file only in accordance with the license, terms, conditions,
  15:.\Generated_Source\PSoC4/cyPm.c **** * disclaimers, and limitations in the end user license agreement accompanying
  16:.\Generated_Source\PSoC4/cyPm.c **** * the software package with which this file was provided.
  17:.\Generated_Source\PSoC4/cyPm.c **** *******************************************************************************/
  18:.\Generated_Source\PSoC4/cyPm.c **** 
  19:.\Generated_Source\PSoC4/cyPm.c **** #include "cyPm.h"
  20:.\Generated_Source\PSoC4/cyPm.c **** #include "CyLib.h"
  21:.\Generated_Source\PSoC4/cyPm.c **** 
  22:.\Generated_Source\PSoC4/cyPm.c **** 
  23:.\Generated_Source\PSoC4/cyPm.c **** /*******************************************************************************
  24:.\Generated_Source\PSoC4/cyPm.c **** * Function Name: CySysPmSleep
  25:.\Generated_Source\PSoC4/cyPm.c **** ********************************************************************************
  26:.\Generated_Source\PSoC4/cyPm.c **** *
  27:.\Generated_Source\PSoC4/cyPm.c **** * Summary:
  28:.\Generated_Source\PSoC4/cyPm.c **** *  Puts the part into the Sleep state. This is a CPU-centric power mode.
  29:.\Generated_Source\PSoC4/cyPm.c **** *  It means that the CPU has indicated that it is in the sleep mode and
  30:.\Generated_Source\PSoC4/cyPm.c **** *  its main clock can be removed. It is identical to Active from a peripheral
  31:.\Generated_Source\PSoC4/cyPm.c **** *  point of view. Any enabled interrupts can cause wakeup from the  Sleep mode.
  32:.\Generated_Source\PSoC4/cyPm.c **** *
ARM GAS  C:\DOCUME~1\Chuck\LOCALS~1\Temp\ccFcjb6N.s 			page 2


  33:.\Generated_Source\PSoC4/cyPm.c **** * Parameters:
  34:.\Generated_Source\PSoC4/cyPm.c **** *  None
  35:.\Generated_Source\PSoC4/cyPm.c **** *
  36:.\Generated_Source\PSoC4/cyPm.c **** * Return:
  37:.\Generated_Source\PSoC4/cyPm.c **** *  None
  38:.\Generated_Source\PSoC4/cyPm.c **** *
  39:.\Generated_Source\PSoC4/cyPm.c **** *******************************************************************************/
  40:.\Generated_Source\PSoC4/cyPm.c **** void CySysPmSleep(void)
  41:.\Generated_Source\PSoC4/cyPm.c **** {
  26              		.loc 1 41 0
  27              		.cfi_startproc
  28 0000 08B5     		push	{r3, lr}
  29              		.cfi_def_cfa_offset 8
  30              		.cfi_offset 3, -8
  31              		.cfi_offset 14, -4
  42:.\Generated_Source\PSoC4/cyPm.c ****     uint8 interruptState;
  43:.\Generated_Source\PSoC4/cyPm.c **** 
  44:.\Generated_Source\PSoC4/cyPm.c ****     interruptState = CyEnterCriticalSection();
  32              		.loc 1 44 0
  33 0002 FFF7FEFF 		bl	CyEnterCriticalSection
  34              	.LVL0:
  45:.\Generated_Source\PSoC4/cyPm.c **** 
  46:.\Generated_Source\PSoC4/cyPm.c ****     /* CM0 enters Sleep mode upon execution of WFI */
  47:.\Generated_Source\PSoC4/cyPm.c ****     CY_PM_CM0_SCR_REG &= (uint32) (~CY_PM_CM0_SCR_SLEEPDEEP);
  35              		.loc 1 47 0
  36 0006 0421     		mov	r1, #4
  37 0008 034A     		ldr	r2, .L2
  38 000a 1368     		ldr	r3, [r2]
  39 000c 8B43     		bic	r3, r1
  40 000e 1360     		str	r3, [r2]
  48:.\Generated_Source\PSoC4/cyPm.c **** 
  49:.\Generated_Source\PSoC4/cyPm.c ****     /* Sleep and wait for interrupt */
  50:.\Generated_Source\PSoC4/cyPm.c ****     CY_PM_WFI;
  41              		.loc 1 50 0
  42              	@ 50 ".\Generated_Source\PSoC4\cyPm.c" 1
  43 0010 30BF     		WFI 
  44              	
  45              	@ 0 "" 2
  51:.\Generated_Source\PSoC4/cyPm.c **** 
  52:.\Generated_Source\PSoC4/cyPm.c ****     CyExitCriticalSection(interruptState);
  46              		.loc 1 52 0
  47              		.code	16
  48 0012 FFF7FEFF 		bl	CyExitCriticalSection
  49              	.LVL1:
  53:.\Generated_Source\PSoC4/cyPm.c **** }
  50              		.loc 1 53 0
  51              		@ sp needed
  52 0016 08BD     		pop	{r3, pc}
  53              	.L3:
  54              		.align	2
  55              	.L2:
  56 0018 10ED00E0 		.word	-536810224
  57              		.cfi_endproc
  58              	.LFE0:
  59              		.size	CySysPmSleep, .-CySysPmSleep
  60              		.section	.text.CySysPmDeepSleep,"ax",%progbits
  61              		.align	1
ARM GAS  C:\DOCUME~1\Chuck\LOCALS~1\Temp\ccFcjb6N.s 			page 3


  62              		.global	CySysPmDeepSleep
  63              		.code	16
  64              		.thumb_func
  65              		.type	CySysPmDeepSleep, %function
  66              	CySysPmDeepSleep:
  67              	.LFB1:
  54:.\Generated_Source\PSoC4/cyPm.c **** 
  55:.\Generated_Source\PSoC4/cyPm.c **** 
  56:.\Generated_Source\PSoC4/cyPm.c **** /*******************************************************************************
  57:.\Generated_Source\PSoC4/cyPm.c **** * Function Name: CySysPmDeepSleep
  58:.\Generated_Source\PSoC4/cyPm.c **** ********************************************************************************
  59:.\Generated_Source\PSoC4/cyPm.c **** *
  60:.\Generated_Source\PSoC4/cyPm.c **** * Summary:
  61:.\Generated_Source\PSoC4/cyPm.c **** *  Puts the part into the Deep Sleep state. If the firmware attempts to enter
  62:.\Generated_Source\PSoC4/cyPm.c **** *  this mode before the system is ready (that is, when
  63:.\Generated_Source\PSoC4/cyPm.c **** *  PWR_CONTROL.LPM_READY = 0), then the device will go into the Sleep mode
  64:.\Generated_Source\PSoC4/cyPm.c **** *  instead and automatically enter the originally intended mode when the
  65:.\Generated_Source\PSoC4/cyPm.c **** *  holdoff expires.
  66:.\Generated_Source\PSoC4/cyPm.c **** *
  67:.\Generated_Source\PSoC4/cyPm.c **** *  The wakeup occurs when an interrupt is received from a DeepSleep or
  68:.\Generated_Source\PSoC4/cyPm.c **** *  Hibernate peripheral. For more details, see a corresponding
  69:.\Generated_Source\PSoC4/cyPm.c **** *  peripheral's datasheet.
  70:.\Generated_Source\PSoC4/cyPm.c **** *
  71:.\Generated_Source\PSoC4/cyPm.c **** * Parameters:
  72:.\Generated_Source\PSoC4/cyPm.c **** *  None
  73:.\Generated_Source\PSoC4/cyPm.c **** *
  74:.\Generated_Source\PSoC4/cyPm.c **** * Return:
  75:.\Generated_Source\PSoC4/cyPm.c **** *  None
  76:.\Generated_Source\PSoC4/cyPm.c **** *
  77:.\Generated_Source\PSoC4/cyPm.c **** *******************************************************************************/
  78:.\Generated_Source\PSoC4/cyPm.c **** void CySysPmDeepSleep(void)
  79:.\Generated_Source\PSoC4/cyPm.c **** {
  68              		.loc 1 79 0
  69              		.cfi_startproc
  70 0000 37B5     		push	{r0, r1, r2, r4, r5, lr}
  71              		.cfi_def_cfa_offset 24
  72              		.cfi_offset 0, -24
  73              		.cfi_offset 1, -20
  74              		.cfi_offset 2, -16
  75              		.cfi_offset 4, -12
  76              		.cfi_offset 5, -8
  77              		.cfi_offset 14, -4
  80:.\Generated_Source\PSoC4/cyPm.c ****     uint8 interruptState;
  81:.\Generated_Source\PSoC4/cyPm.c ****     #if(CY_PSOC4A)
  82:.\Generated_Source\PSoC4/cyPm.c ****         volatile uint32 clkSelectReg;
  83:.\Generated_Source\PSoC4/cyPm.c ****     #endif /* (CY_PSOC4A) */
  84:.\Generated_Source\PSoC4/cyPm.c **** 
  85:.\Generated_Source\PSoC4/cyPm.c ****     interruptState = CyEnterCriticalSection();
  78              		.loc 1 85 0
  79 0002 FFF7FEFF 		bl	CyEnterCriticalSection
  80              	.LVL2:
  86:.\Generated_Source\PSoC4/cyPm.c **** 
  87:.\Generated_Source\PSoC4/cyPm.c ****     #if(CY_PSOC4A)
  88:.\Generated_Source\PSoC4/cyPm.c ****         /* Device enters DeepSleep mode when CPU asserts SLEEPDEEP signal */
  89:.\Generated_Source\PSoC4/cyPm.c ****         CY_PM_PWR_CONTROL_REG &= (uint32) (~CY_PM_PWR_CONTROL_HIBERNATE);
  90:.\Generated_Source\PSoC4/cyPm.c ****     #endif /* (CY_PSOC4A) */
  91:.\Generated_Source\PSoC4/cyPm.c **** 
ARM GAS  C:\DOCUME~1\Chuck\LOCALS~1\Temp\ccFcjb6N.s 			page 4


  92:.\Generated_Source\PSoC4/cyPm.c ****     /* Adjust delay to wait for references to settle on wakeup from deepsleep */
  93:.\Generated_Source\PSoC4/cyPm.c ****     CY_PM_PWR_KEY_DELAY_REG = CY_SFLASH_DPSLP_KEY_DELAY_REG;
  94:.\Generated_Source\PSoC4/cyPm.c **** 
  95:.\Generated_Source\PSoC4/cyPm.c ****     /* CM0 enters DeepSleep/Hibernate mode upon execution of WFI */
  96:.\Generated_Source\PSoC4/cyPm.c ****     CY_PM_CM0_SCR_REG |= CY_PM_CM0_SCR_SLEEPDEEP;
  81              		.loc 1 96 0
  82 0006 0421     		mov	r1, #4
  89:.\Generated_Source\PSoC4/cyPm.c ****     #endif /* (CY_PSOC4A) */
  83              		.loc 1 89 0
  84 0008 0D4A     		ldr	r2, .L5
  97:.\Generated_Source\PSoC4/cyPm.c **** 
  98:.\Generated_Source\PSoC4/cyPm.c ****     #if(CY_PSOC4A)
  99:.\Generated_Source\PSoC4/cyPm.c ****         /* Preserve system clock configuration and
 100:.\Generated_Source\PSoC4/cyPm.c ****         * reduce sysclk to <=12 MHz (Cypress ID #158710, #179888).
 101:.\Generated_Source\PSoC4/cyPm.c ****         */
 102:.\Generated_Source\PSoC4/cyPm.c ****         clkSelectReg = CY_SYS_CLK_SELECT_REG;
  85              		.loc 1 102 0
  86 000a 0E4D     		ldr	r5, .L5+4
  89:.\Generated_Source\PSoC4/cyPm.c ****     #endif /* (CY_PSOC4A) */
  87              		.loc 1 89 0
  88 000c 1368     		ldr	r3, [r2]
  85:.\Generated_Source\PSoC4/cyPm.c **** 
  89              		.loc 1 85 0
  90 000e 041C     		mov	r4, r0
  91              	.LVL3:
  89:.\Generated_Source\PSoC4/cyPm.c ****     #endif /* (CY_PSOC4A) */
  92              		.loc 1 89 0
  93 0010 5B00     		lsl	r3, r3, #1
  94 0012 5B08     		lsr	r3, r3, #1
  95 0014 1360     		str	r3, [r2]
  93:.\Generated_Source\PSoC4/cyPm.c **** 
  96              		.loc 1 93 0
  97 0016 0C4B     		ldr	r3, .L5+8
  98 0018 0C4A     		ldr	r2, .L5+12
  99 001a 1B88     		ldrh	r3, [r3]
 103:.\Generated_Source\PSoC4/cyPm.c ****         CySysClkWriteSysclkDiv(CY_SYS_CLK_SYSCLK_DIV4);
 100              		.loc 1 103 0
 101 001c 0220     		mov	r0, #2
  93:.\Generated_Source\PSoC4/cyPm.c **** 
 102              		.loc 1 93 0
 103 001e 9BB2     		uxth	r3, r3
 104 0020 1360     		str	r3, [r2]
  96:.\Generated_Source\PSoC4/cyPm.c **** 
 105              		.loc 1 96 0
 106 0022 0B4A     		ldr	r2, .L5+16
 107 0024 1368     		ldr	r3, [r2]
 108 0026 0B43     		orr	r3, r1
 109 0028 1360     		str	r3, [r2]
 102:.\Generated_Source\PSoC4/cyPm.c ****         CySysClkWriteSysclkDiv(CY_SYS_CLK_SYSCLK_DIV4);
 110              		.loc 1 102 0
 111 002a 2B68     		ldr	r3, [r5]
 112 002c 0193     		str	r3, [sp, #4]
 113              		.loc 1 103 0
 114 002e FFF7FEFF 		bl	CySysClkWriteSysclkDiv
 115              	.LVL4:
 104:.\Generated_Source\PSoC4/cyPm.c ****     #endif /* (CY_PSOC4A) */
 105:.\Generated_Source\PSoC4/cyPm.c **** 
ARM GAS  C:\DOCUME~1\Chuck\LOCALS~1\Temp\ccFcjb6N.s 			page 5


 106:.\Generated_Source\PSoC4/cyPm.c ****     /* Sleep and wait for interrupt */
 107:.\Generated_Source\PSoC4/cyPm.c ****     CY_PM_WFI;
 116              		.loc 1 107 0
 117              	@ 107 ".\Generated_Source\PSoC4\cyPm.c" 1
 118 0032 30BF     		WFI 
 119              	
 120              	@ 0 "" 2
 108:.\Generated_Source\PSoC4/cyPm.c **** 
 109:.\Generated_Source\PSoC4/cyPm.c ****     #if(CY_PSOC4A)
 110:.\Generated_Source\PSoC4/cyPm.c ****         /* Restore system clock configuration */
 111:.\Generated_Source\PSoC4/cyPm.c ****         CY_SYS_CLK_SELECT_REG = clkSelectReg;
 121              		.loc 1 111 0
 122              		.code	16
 123 0034 019B     		ldr	r3, [sp, #4]
 112:.\Generated_Source\PSoC4/cyPm.c ****     #endif /* (CY_PSOC4A) */
 113:.\Generated_Source\PSoC4/cyPm.c **** 
 114:.\Generated_Source\PSoC4/cyPm.c ****     CyExitCriticalSection(interruptState);
 124              		.loc 1 114 0
 125 0036 201C     		mov	r0, r4
 111:.\Generated_Source\PSoC4/cyPm.c ****     #endif /* (CY_PSOC4A) */
 126              		.loc 1 111 0
 127 0038 2B60     		str	r3, [r5]
 128              		.loc 1 114 0
 129 003a FFF7FEFF 		bl	CyExitCriticalSection
 130              	.LVL5:
 115:.\Generated_Source\PSoC4/cyPm.c **** }
 131              		.loc 1 115 0
 132              		@ sp needed
 133              	.LVL6:
 134 003e 37BD     		pop	{r0, r1, r2, r4, r5, pc}
 135              	.L6:
 136              		.align	2
 137              	.L5:
 138 0040 00000B40 		.word	1074462720
 139 0044 00010B40 		.word	1074462976
 140 0048 52F1FF0F 		.word	268431698
 141 004c 0C000B40 		.word	1074462732
 142 0050 10ED00E0 		.word	-536810224
 143              		.cfi_endproc
 144              	.LFE1:
 145              		.size	CySysPmDeepSleep, .-CySysPmDeepSleep
 146              		.section	.text.CySysPmHibernate,"ax",%progbits
 147              		.align	1
 148              		.global	CySysPmHibernate
 149              		.code	16
 150              		.thumb_func
 151              		.type	CySysPmHibernate, %function
 152              	CySysPmHibernate:
 153              	.LFB2:
 116:.\Generated_Source\PSoC4/cyPm.c **** 
 117:.\Generated_Source\PSoC4/cyPm.c **** 
 118:.\Generated_Source\PSoC4/cyPm.c **** #if(CY_PSOC4A)
 119:.\Generated_Source\PSoC4/cyPm.c **** 
 120:.\Generated_Source\PSoC4/cyPm.c ****     /*******************************************************************************
 121:.\Generated_Source\PSoC4/cyPm.c ****     * Function Name: CySysPmHibernate
 122:.\Generated_Source\PSoC4/cyPm.c ****     ********************************************************************************
 123:.\Generated_Source\PSoC4/cyPm.c ****     *
ARM GAS  C:\DOCUME~1\Chuck\LOCALS~1\Temp\ccFcjb6N.s 			page 6


 124:.\Generated_Source\PSoC4/cyPm.c ****     * Summary:
 125:.\Generated_Source\PSoC4/cyPm.c ****     *  Puts the part into the Hibernate state. Only SRAM and UDBs are retained;
 126:.\Generated_Source\PSoC4/cyPm.c ****     *  most internal supplies are off. Wakeup is possible from a pin or a hibernate
 127:.\Generated_Source\PSoC4/cyPm.c ****     *  comparator only.
 128:.\Generated_Source\PSoC4/cyPm.c ****     *
 129:.\Generated_Source\PSoC4/cyPm.c ****     *  It is expected that the firmware has already frozen the IO-Cells using
 130:.\Generated_Source\PSoC4/cyPm.c ****     *  CySysPmFreezeIo() function before the call to this function. If this is
 131:.\Generated_Source\PSoC4/cyPm.c ****     *  omitted, the IO-cells will be frozen in the same way as they are
 132:.\Generated_Source\PSoC4/cyPm.c ****     *  in the Active to Deep Sleep transition, but will lose their state on wake up
 133:.\Generated_Source\PSoC4/cyPm.c ****     *  (because of the reset occurring at that time).
 134:.\Generated_Source\PSoC4/cyPm.c ****     *
 135:.\Generated_Source\PSoC4/cyPm.c ****     *  Because all the CPU state is lost, the CPU will start up at the reset vector.
 136:.\Generated_Source\PSoC4/cyPm.c ****     *  To save the firmware state through the Hibernate low power mode, a
 137:.\Generated_Source\PSoC4/cyPm.c ****     *  corresponding variable should be defined with CY_NOINIT attribute. It
 138:.\Generated_Source\PSoC4/cyPm.c ****     *  prevents data from being initialized to zero on startup. The interrupt
 139:.\Generated_Source\PSoC4/cyPm.c ****     *  cause of the hibernate peripheral is retained, such that it can be either
 140:.\Generated_Source\PSoC4/cyPm.c ****     *  read by the firmware or cause an interrupt after the firmware has booted and
 141:.\Generated_Source\PSoC4/cyPm.c ****     *  enabled the corresponding interrupt. To distinguish the wakeup from
 142:.\Generated_Source\PSoC4/cyPm.c ****     *  the Hibernate mode and the general Reset event, the CySysPmGetResetReason()
 143:.\Generated_Source\PSoC4/cyPm.c ****     *  function could be used.
 144:.\Generated_Source\PSoC4/cyPm.c ****     *
 145:.\Generated_Source\PSoC4/cyPm.c ****     * Parameters:
 146:.\Generated_Source\PSoC4/cyPm.c ****     *  None
 147:.\Generated_Source\PSoC4/cyPm.c ****     *
 148:.\Generated_Source\PSoC4/cyPm.c ****     * Return:
 149:.\Generated_Source\PSoC4/cyPm.c ****     *  None
 150:.\Generated_Source\PSoC4/cyPm.c ****     *
 151:.\Generated_Source\PSoC4/cyPm.c ****     *******************************************************************************/
 152:.\Generated_Source\PSoC4/cyPm.c ****     void CySysPmHibernate(void)
 153:.\Generated_Source\PSoC4/cyPm.c ****     {
 154              		.loc 1 153 0
 155              		.cfi_startproc
 156 0000 08B5     		push	{r3, lr}
 157              		.cfi_def_cfa_offset 8
 158              		.cfi_offset 3, -8
 159              		.cfi_offset 14, -4
 154:.\Generated_Source\PSoC4/cyPm.c ****         uint8 interruptState;
 155:.\Generated_Source\PSoC4/cyPm.c **** 
 156:.\Generated_Source\PSoC4/cyPm.c ****         interruptState = CyEnterCriticalSection();
 160              		.loc 1 156 0
 161 0002 FFF7FEFF 		bl	CyEnterCriticalSection
 162              	.LVL7:
 157:.\Generated_Source\PSoC4/cyPm.c **** 
 158:.\Generated_Source\PSoC4/cyPm.c ****         /* Device enters Hibernate mode when CPU asserts SLEEPDEEP signal */
 159:.\Generated_Source\PSoC4/cyPm.c ****         CY_PM_PWR_CONTROL_REG |= CY_PM_PWR_CONTROL_HIBERNATE;
 163              		.loc 1 159 0
 164 0006 8021     		mov	r1, #128
 165 0008 0C4A     		ldr	r2, .L8
 166 000a 0906     		lsl	r1, r1, #24
 167 000c 1368     		ldr	r3, [r2]
 168 000e 0B43     		orr	r3, r1
 160:.\Generated_Source\PSoC4/cyPm.c **** 
 161:.\Generated_Source\PSoC4/cyPm.c ****         /* Adjust delay to wait for references to settle on wakeup from hibernate */
 162:.\Generated_Source\PSoC4/cyPm.c ****         CY_PM_PWR_KEY_DELAY_REG = CY_SFLASH_HIB_KEY_DELAY_REG;
 163:.\Generated_Source\PSoC4/cyPm.c **** 
 164:.\Generated_Source\PSoC4/cyPm.c ****         /* CM0 enters DeepSleep/Hibernate mode upon execution of WFI */
 165:.\Generated_Source\PSoC4/cyPm.c ****         CY_PM_CM0_SCR_REG |= CY_PM_CM0_SCR_SLEEPDEEP;
ARM GAS  C:\DOCUME~1\Chuck\LOCALS~1\Temp\ccFcjb6N.s 			page 7


 169              		.loc 1 165 0
 170 0010 0421     		mov	r1, #4
 159:.\Generated_Source\PSoC4/cyPm.c **** 
 171              		.loc 1 159 0
 172 0012 1360     		str	r3, [r2]
 162:.\Generated_Source\PSoC4/cyPm.c **** 
 173              		.loc 1 162 0
 174 0014 0A4B     		ldr	r3, .L8+4
 175 0016 0B4A     		ldr	r2, .L8+8
 176 0018 1B88     		ldrh	r3, [r3]
 177 001a 9BB2     		uxth	r3, r3
 178 001c 1360     		str	r3, [r2]
 179              		.loc 1 165 0
 180 001e 0A4A     		ldr	r2, .L8+12
 181 0020 1368     		ldr	r3, [r2]
 182 0022 0B43     		orr	r3, r1
 183 0024 1360     		str	r3, [r2]
 166:.\Generated_Source\PSoC4/cyPm.c **** 
 167:.\Generated_Source\PSoC4/cyPm.c ****         /* Save token that will retain through a STOP/WAKEUP sequence
 168:.\Generated_Source\PSoC4/cyPm.c ****          * thus could be used by CySysPmGetResetReason() to differentiate
 169:.\Generated_Source\PSoC4/cyPm.c ****          * WAKEUP from a general RESET event.
 170:.\Generated_Source\PSoC4/cyPm.c ****          */
 171:.\Generated_Source\PSoC4/cyPm.c ****         CY_PM_PWR_STOP_REG = (CY_PM_PWR_STOP_REG & (uint32)(~CY_PM_PWR_STOP_TOKEN_MASK)) | CY_PM_PW
 184              		.loc 1 171 0
 185 0026 094A     		ldr	r2, .L8+16
 186 0028 FB31     		add	r1, r1, #251
 187 002a 1368     		ldr	r3, [r2]
 188 002c 8B43     		bic	r3, r1
 189 002e 0E39     		sub	r1, r1, #14
 190 0030 0B43     		orr	r3, r1
 191 0032 1360     		str	r3, [r2]
 172:.\Generated_Source\PSoC4/cyPm.c **** 
 173:.\Generated_Source\PSoC4/cyPm.c ****         /* Sleep and wait for interrupt. Wakeup from Hibernate is performed
 174:.\Generated_Source\PSoC4/cyPm.c ****          * through RESET state, causing a normal Boot procedure to occur.
 175:.\Generated_Source\PSoC4/cyPm.c ****          * The WFI instruction doesn't put the core to sleep if its wake condition
 176:.\Generated_Source\PSoC4/cyPm.c ****          * is true when the instruction is executed.
 177:.\Generated_Source\PSoC4/cyPm.c ****          */
 178:.\Generated_Source\PSoC4/cyPm.c ****         CY_PM_WFI;
 192              		.loc 1 178 0
 193              	@ 178 ".\Generated_Source\PSoC4\cyPm.c" 1
 194 0034 30BF     		WFI 
 195              	
 196              	@ 0 "" 2
 179:.\Generated_Source\PSoC4/cyPm.c **** 
 180:.\Generated_Source\PSoC4/cyPm.c ****         CyExitCriticalSection(interruptState);
 197              		.loc 1 180 0
 198              		.code	16
 199 0036 FFF7FEFF 		bl	CyExitCriticalSection
 200              	.LVL8:
 181:.\Generated_Source\PSoC4/cyPm.c ****     }
 201              		.loc 1 181 0
 202              		@ sp needed
 203 003a 08BD     		pop	{r3, pc}
 204              	.L9:
 205              		.align	2
 206              	.L8:
 207 003c 00000B40 		.word	1074462720
ARM GAS  C:\DOCUME~1\Chuck\LOCALS~1\Temp\ccFcjb6N.s 			page 8


 208 0040 50F1FF0F 		.word	268431696
 209 0044 0C000B40 		.word	1074462732
 210 0048 10ED00E0 		.word	-536810224
 211 004c 2C000B40 		.word	1074462764
 212              		.cfi_endproc
 213              	.LFE2:
 214              		.size	CySysPmHibernate, .-CySysPmHibernate
 215              		.section	.text.CySysPmSetWakeupPolarity,"ax",%progbits
 216              		.align	1
 217              		.global	CySysPmSetWakeupPolarity
 218              		.code	16
 219              		.thumb_func
 220              		.type	CySysPmSetWakeupPolarity, %function
 221              	CySysPmSetWakeupPolarity:
 222              	.LFB4:
 182:.\Generated_Source\PSoC4/cyPm.c **** 
 183:.\Generated_Source\PSoC4/cyPm.c **** 
 184:.\Generated_Source\PSoC4/cyPm.c ****     /*******************************************************************************
 185:.\Generated_Source\PSoC4/cyPm.c ****     * Function Name: CySysPmStop
 186:.\Generated_Source\PSoC4/cyPm.c ****     ********************************************************************************
 187:.\Generated_Source\PSoC4/cyPm.c ****     *
 188:.\Generated_Source\PSoC4/cyPm.c ****     * Summary:
 189:.\Generated_Source\PSoC4/cyPm.c ****     *  Puts the part into the Stop state. All internal supplies are off;
 190:.\Generated_Source\PSoC4/cyPm.c ****     *  no state is retained.
 191:.\Generated_Source\PSoC4/cyPm.c ****     *
 192:.\Generated_Source\PSoC4/cyPm.c ****     *  Wakeup from Stop is performed by toggling the wakeup pin (P0.7), causing
 193:.\Generated_Source\PSoC4/cyPm.c ****     *  a normal Boot procedure to occur. To configure the wakeup pin,
 194:.\Generated_Source\PSoC4/cyPm.c ****     *  the Digital Input Pin component should be placed on the schematic,
 195:.\Generated_Source\PSoC4/cyPm.c ****     *  assigned to the P0.7, and resistively pulled up or down to the inverse state
 196:.\Generated_Source\PSoC4/cyPm.c ****     *  of the wakeup polarity. To distinguish the wakeup from the Stop mode and
 197:.\Generated_Source\PSoC4/cyPm.c ****     *  the general Reset event, CySysPmGetResetReason() function could be used.
 198:.\Generated_Source\PSoC4/cyPm.c ****     *  The wakeup pin is active low by default. The wakeup pin polarity
 199:.\Generated_Source\PSoC4/cyPm.c ****     *  could be changed with the CySysPmSetWakeupPolarity() function.
 200:.\Generated_Source\PSoC4/cyPm.c ****     *
 201:.\Generated_Source\PSoC4/cyPm.c ****     *  This function freezes IO cells implicitly. It is not possible to enter
 202:.\Generated_Source\PSoC4/cyPm.c ****     *  the STOP mode before freezing the IO cells. The IO cells remain frozen after
 203:.\Generated_Source\PSoC4/cyPm.c ****     *  awake from the Stop mode until the firmware unfreezes them after booting
 204:.\Generated_Source\PSoC4/cyPm.c ****     *  explicitly with CySysPmUnfreezeIo() function call.
 205:.\Generated_Source\PSoC4/cyPm.c ****     *
 206:.\Generated_Source\PSoC4/cyPm.c ****     * Parameters:
 207:.\Generated_Source\PSoC4/cyPm.c ****     *  None
 208:.\Generated_Source\PSoC4/cyPm.c ****     *
 209:.\Generated_Source\PSoC4/cyPm.c ****     * Return:
 210:.\Generated_Source\PSoC4/cyPm.c ****     *  None
 211:.\Generated_Source\PSoC4/cyPm.c ****     *
 212:.\Generated_Source\PSoC4/cyPm.c ****     *******************************************************************************/
 213:.\Generated_Source\PSoC4/cyPm.c ****     void CySysPmStop(void)
 214:.\Generated_Source\PSoC4/cyPm.c ****     {
 215:.\Generated_Source\PSoC4/cyPm.c ****         (void)CyEnterCriticalSection();
 216:.\Generated_Source\PSoC4/cyPm.c **** 
 217:.\Generated_Source\PSoC4/cyPm.c ****         /* Freeze IO-Cells to save IO-Cell state */
 218:.\Generated_Source\PSoC4/cyPm.c ****         CySysPmFreezeIo();
 219:.\Generated_Source\PSoC4/cyPm.c **** 
 220:.\Generated_Source\PSoC4/cyPm.c ****         /* Initiates transition to Stop state */
 221:.\Generated_Source\PSoC4/cyPm.c ****         CY_PM_PWR_STOP_REG = (CY_PM_PWR_STOP_REG & (uint32)(~CY_PM_PWR_STOP_TOKEN_MASK)) |
 222:.\Generated_Source\PSoC4/cyPm.c ****                             CY_PM_PWR_STOP_TOKEN_STOP | CY_PM_PWR_STOP_STOP;
 223:.\Generated_Source\PSoC4/cyPm.c **** 
ARM GAS  C:\DOCUME~1\Chuck\LOCALS~1\Temp\ccFcjb6N.s 			page 9


 224:.\Generated_Source\PSoC4/cyPm.c ****         /* Depending on the clock frequency and internal timing delays,
 225:.\Generated_Source\PSoC4/cyPm.c ****          * the final AHB transaction may or may not complete. To guard against
 226:.\Generated_Source\PSoC4/cyPm.c ****          * accidentally executing an unintended instruction, it is recommended
 227:.\Generated_Source\PSoC4/cyPm.c ****          * to add 2 NOP cycles after the final write to the STOP register.
 228:.\Generated_Source\PSoC4/cyPm.c ****          */
 229:.\Generated_Source\PSoC4/cyPm.c ****         CY_NOP;
 230:.\Generated_Source\PSoC4/cyPm.c ****         CY_NOP;
 231:.\Generated_Source\PSoC4/cyPm.c **** 
 232:.\Generated_Source\PSoC4/cyPm.c ****         /* Should never get to this WFI instruction */
 233:.\Generated_Source\PSoC4/cyPm.c ****         CY_PM_WFI;
 234:.\Generated_Source\PSoC4/cyPm.c **** 
 235:.\Generated_Source\PSoC4/cyPm.c ****         /* Wakeup from Stop is performed by toggling of Wakeup pin,
 236:.\Generated_Source\PSoC4/cyPm.c ****          * causing a normal Boot procedure to occur. No need to exit
 237:.\Generated_Source\PSoC4/cyPm.c ****          * from the critical section.
 238:.\Generated_Source\PSoC4/cyPm.c ****          */
 239:.\Generated_Source\PSoC4/cyPm.c ****     }
 240:.\Generated_Source\PSoC4/cyPm.c **** 
 241:.\Generated_Source\PSoC4/cyPm.c **** 
 242:.\Generated_Source\PSoC4/cyPm.c ****     /*******************************************************************************
 243:.\Generated_Source\PSoC4/cyPm.c ****     * Function Name: CySysPmSetWakeupPolarity
 244:.\Generated_Source\PSoC4/cyPm.c ****     ********************************************************************************
 245:.\Generated_Source\PSoC4/cyPm.c ****     *
 246:.\Generated_Source\PSoC4/cyPm.c ****     * Summary:
 247:.\Generated_Source\PSoC4/cyPm.c ****     *  Wake up from the stop mode is performed by toggling the wakeup pin (P0.7),
 248:.\Generated_Source\PSoC4/cyPm.c ****     *  causing a normal boot procedure to occur. This function assigns
 249:.\Generated_Source\PSoC4/cyPm.c ****     *  the wakeup pin active level. Setting the wakeup pin to this level will cause
 250:.\Generated_Source\PSoC4/cyPm.c ****     *  the wakeup from stop mode. The wakeup pin is active low by default.
 251:.\Generated_Source\PSoC4/cyPm.c ****     *
 252:.\Generated_Source\PSoC4/cyPm.c ****     * Parameters:
 253:.\Generated_Source\PSoC4/cyPm.c ****     *  polarity: Wakeup pin active level:
 254:.\Generated_Source\PSoC4/cyPm.c ****     *   Value    Define                          Level
 255:.\Generated_Source\PSoC4/cyPm.c ****     *    0        CY_PM_STOP_WAKEUP_ACTIVE_LOW    Logical zero will wakeup the chip
 256:.\Generated_Source\PSoC4/cyPm.c ****     *    1        CY_PM_STOP_WAKEUP_ACTIVE_HIGH   Logical one will wakeup the chip
 257:.\Generated_Source\PSoC4/cyPm.c ****     *
 258:.\Generated_Source\PSoC4/cyPm.c ****     * Return:
 259:.\Generated_Source\PSoC4/cyPm.c ****     *  None
 260:.\Generated_Source\PSoC4/cyPm.c ****     *
 261:.\Generated_Source\PSoC4/cyPm.c ****     *******************************************************************************/
 262:.\Generated_Source\PSoC4/cyPm.c ****     void CySysPmSetWakeupPolarity(uint32 polarity)
 263:.\Generated_Source\PSoC4/cyPm.c ****     {
 223              		.loc 1 263 0
 224              		.cfi_startproc
 225              	.LVL9:
 226 0000 10B5     		push	{r4, lr}
 227              		.cfi_def_cfa_offset 8
 228              		.cfi_offset 4, -8
 229              		.cfi_offset 14, -4
 230              		.loc 1 263 0
 231 0002 041C     		mov	r4, r0
 264:.\Generated_Source\PSoC4/cyPm.c ****         uint8 interruptState;
 265:.\Generated_Source\PSoC4/cyPm.c **** 
 266:.\Generated_Source\PSoC4/cyPm.c ****         interruptState = CyEnterCriticalSection();
 232              		.loc 1 266 0
 233 0004 FFF7FEFF 		bl	CyEnterCriticalSection
 234              	.LVL10:
 235 0008 074A     		ldr	r2, .L14
 267:.\Generated_Source\PSoC4/cyPm.c **** 
ARM GAS  C:\DOCUME~1\Chuck\LOCALS~1\Temp\ccFcjb6N.s 			page 10


 268:.\Generated_Source\PSoC4/cyPm.c ****         CY_PM_PWR_STOP_REG = (CY_PM_STOP_WAKEUP_ACTIVE_LOW != polarity) ?
 269:.\Generated_Source\PSoC4/cyPm.c ****                             (CY_PM_PWR_STOP_REG | CY_PM_PWR_STOP_POLARITY) :
 236              		.loc 1 269 0
 237 000a 002C     		cmp	r4, #0
 238 000c 04D0     		beq	.L11
 239              		.loc 1 269 0 is_stmt 0 discriminator 1
 240 000e 8021     		mov	r1, #128
 241 0010 1368     		ldr	r3, [r2]
 242 0012 4902     		lsl	r1, r1, #9
 243 0014 0B43     		orr	r3, r1
 244 0016 02E0     		b	.L12
 245              	.L11:
 270:.\Generated_Source\PSoC4/cyPm.c ****                             (CY_PM_PWR_STOP_REG & (uint32) (~CY_PM_PWR_STOP_POLARITY));
 246              		.loc 1 270 0 is_stmt 1 discriminator 2
 247 0018 1168     		ldr	r1, [r2]
 269:.\Generated_Source\PSoC4/cyPm.c ****                             (CY_PM_PWR_STOP_REG & (uint32) (~CY_PM_PWR_STOP_POLARITY));
 248              		.loc 1 269 0 discriminator 2
 249 001a 044B     		ldr	r3, .L14+4
 250 001c 0B40     		and	r3, r1
 251              	.L12:
 268:.\Generated_Source\PSoC4/cyPm.c ****                             (CY_PM_PWR_STOP_REG | CY_PM_PWR_STOP_POLARITY) :
 252              		.loc 1 268 0
 253 001e 1360     		str	r3, [r2]
 271:.\Generated_Source\PSoC4/cyPm.c **** 
 272:.\Generated_Source\PSoC4/cyPm.c ****         CyExitCriticalSection(interruptState);
 254              		.loc 1 272 0
 255 0020 FFF7FEFF 		bl	CyExitCriticalSection
 256              	.LVL11:
 273:.\Generated_Source\PSoC4/cyPm.c ****     }
 257              		.loc 1 273 0
 258              		@ sp needed
 259              	.LVL12:
 260 0024 10BD     		pop	{r4, pc}
 261              	.L15:
 262 0026 C046     		.align	2
 263              	.L14:
 264 0028 2C000B40 		.word	1074462764
 265 002c FFFFFEFF 		.word	-65537
 266              		.cfi_endproc
 267              	.LFE4:
 268              		.size	CySysPmSetWakeupPolarity, .-CySysPmSetWakeupPolarity
 269              		.section	.text.CySysPmGetResetReason,"ax",%progbits
 270              		.align	1
 271              		.global	CySysPmGetResetReason
 272              		.code	16
 273              		.thumb_func
 274              		.type	CySysPmGetResetReason, %function
 275              	CySysPmGetResetReason:
 276              	.LFB5:
 274:.\Generated_Source\PSoC4/cyPm.c **** 
 275:.\Generated_Source\PSoC4/cyPm.c **** 
 276:.\Generated_Source\PSoC4/cyPm.c ****     /*******************************************************************************
 277:.\Generated_Source\PSoC4/cyPm.c ****     * Function Name: CySysPmGetResetReason
 278:.\Generated_Source\PSoC4/cyPm.c ****     ********************************************************************************
 279:.\Generated_Source\PSoC4/cyPm.c ****     *
 280:.\Generated_Source\PSoC4/cyPm.c ****     * Summary:
 281:.\Generated_Source\PSoC4/cyPm.c ****     *  Retrieves the last reset reason - transition from OFF/XRES/STOP/HIBERNATE to
ARM GAS  C:\DOCUME~1\Chuck\LOCALS~1\Temp\ccFcjb6N.s 			page 11


 282:.\Generated_Source\PSoC4/cyPm.c ****     *  the RESET state. Note that waking up from STOP using XRES will be perceived
 283:.\Generated_Source\PSoC4/cyPm.c ****     *  as a general RESET.
 284:.\Generated_Source\PSoC4/cyPm.c ****     *
 285:.\Generated_Source\PSoC4/cyPm.c ****     * Parameters:
 286:.\Generated_Source\PSoC4/cyPm.c ****     *  None
 287:.\Generated_Source\PSoC4/cyPm.c ****     *
 288:.\Generated_Source\PSoC4/cyPm.c ****     * Return:
 289:.\Generated_Source\PSoC4/cyPm.c ****     *  Reset reason.
 290:.\Generated_Source\PSoC4/cyPm.c ****     *  CY_PM_RESET_REASON_UNKN        - unknown
 291:.\Generated_Source\PSoC4/cyPm.c ****     *  CY_PM_RESET_REASON_XRES        - transition from OFF/XRES to RESET
 292:.\Generated_Source\PSoC4/cyPm.c ****     *  CY_PM_RESET_REASON_WAKEUP_HIB  - transition/wakeup from HIBERNATE to RESET
 293:.\Generated_Source\PSoC4/cyPm.c ****     *  CY_PM_RESET_REASON_WAKEUP_STOP - transition/wakeup from STOP to RESET
 294:.\Generated_Source\PSoC4/cyPm.c ****     *
 295:.\Generated_Source\PSoC4/cyPm.c ****     *******************************************************************************/
 296:.\Generated_Source\PSoC4/cyPm.c ****     uint32 CySysPmGetResetReason(void)
 297:.\Generated_Source\PSoC4/cyPm.c ****     {
 277              		.loc 1 297 0
 278              		.cfi_startproc
 279              	.LVL13:
 298:.\Generated_Source\PSoC4/cyPm.c ****         uint32 reason = CY_PM_RESET_REASON_UNKN;
 299:.\Generated_Source\PSoC4/cyPm.c **** 
 300:.\Generated_Source\PSoC4/cyPm.c ****         switch(CY_PM_PWR_STOP_REG & CY_PM_PWR_STOP_TOKEN_MASK)
 280              		.loc 1 300 0
 281 0000 054B     		ldr	r3, .L22
 301:.\Generated_Source\PSoC4/cyPm.c ****         {
 302:.\Generated_Source\PSoC4/cyPm.c ****         /* Power up, XRES */
 303:.\Generated_Source\PSoC4/cyPm.c ****         case CY_PM_PWR_STOP_TOKEN_XRES:
 304:.\Generated_Source\PSoC4/cyPm.c ****             reason = CY_PM_RESET_REASON_XRES;
 305:.\Generated_Source\PSoC4/cyPm.c ****             break;
 306:.\Generated_Source\PSoC4/cyPm.c **** 
 307:.\Generated_Source\PSoC4/cyPm.c ****         /* Wakeup from Hibernate */
 308:.\Generated_Source\PSoC4/cyPm.c ****         case CY_PM_PWR_STOP_TOKEN_HIB:
 309:.\Generated_Source\PSoC4/cyPm.c ****             reason = CY_PM_RESET_REASON_WAKEUP_HIB;
 282              		.loc 1 309 0
 283 0002 0220     		mov	r0, #2
 300:.\Generated_Source\PSoC4/cyPm.c ****         {
 284              		.loc 1 300 0
 285 0004 1B68     		ldr	r3, [r3]
 286 0006 DBB2     		uxtb	r3, r3
 287 0008 F12B     		cmp	r3, #241
 288 000a 04D0     		beq	.L17
 310:.\Generated_Source\PSoC4/cyPm.c ****             break;
 311:.\Generated_Source\PSoC4/cyPm.c **** 
 312:.\Generated_Source\PSoC4/cyPm.c ****         /* Wakeup from Stop (through WAKEUP pin assert) */
 313:.\Generated_Source\PSoC4/cyPm.c ****         case CY_PM_PWR_STOP_TOKEN_STOP:
 314:.\Generated_Source\PSoC4/cyPm.c ****             reason = CY_PM_RESET_REASON_WAKEUP_STOP;
 289              		.loc 1 314 0
 290 000c 0130     		add	r0, r0, #1
 300:.\Generated_Source\PSoC4/cyPm.c ****         {
 291              		.loc 1 300 0
 292 000e F22B     		cmp	r3, #242
 293 0010 01D0     		beq	.L17
 298:.\Generated_Source\PSoC4/cyPm.c **** 
 294              		.loc 1 298 0
 295 0012 5842     		neg	r0, r3
 296 0014 5841     		adc	r0, r0, r3
 297              	.L17:
ARM GAS  C:\DOCUME~1\Chuck\LOCALS~1\Temp\ccFcjb6N.s 			page 12


 298              	.LVL14:
 315:.\Generated_Source\PSoC4/cyPm.c ****             break;
 316:.\Generated_Source\PSoC4/cyPm.c **** 
 317:.\Generated_Source\PSoC4/cyPm.c ****         /* Unknown reason */
 318:.\Generated_Source\PSoC4/cyPm.c ****         default:
 319:.\Generated_Source\PSoC4/cyPm.c ****             break;
 320:.\Generated_Source\PSoC4/cyPm.c ****         }
 321:.\Generated_Source\PSoC4/cyPm.c **** 
 322:.\Generated_Source\PSoC4/cyPm.c ****         return (reason);
 323:.\Generated_Source\PSoC4/cyPm.c ****     }
 299              		.loc 1 323 0
 300              		@ sp needed
 301 0016 7047     		bx	lr
 302              	.L23:
 303              		.align	2
 304              	.L22:
 305 0018 2C000B40 		.word	1074462764
 306              		.cfi_endproc
 307              	.LFE5:
 308              		.size	CySysPmGetResetReason, .-CySysPmGetResetReason
 309              		.section	.text.CySysPmFreezeIo,"ax",%progbits
 310              		.align	1
 311              		.global	CySysPmFreezeIo
 312              		.code	16
 313              		.thumb_func
 314              		.type	CySysPmFreezeIo, %function
 315              	CySysPmFreezeIo:
 316              	.LFB6:
 324:.\Generated_Source\PSoC4/cyPm.c **** 
 325:.\Generated_Source\PSoC4/cyPm.c **** 
 326:.\Generated_Source\PSoC4/cyPm.c ****     /*******************************************************************************
 327:.\Generated_Source\PSoC4/cyPm.c ****     * Function Name: CySysPmFreezeIo
 328:.\Generated_Source\PSoC4/cyPm.c ****     ********************************************************************************
 329:.\Generated_Source\PSoC4/cyPm.c ****     *
 330:.\Generated_Source\PSoC4/cyPm.c ****     * Summary:
 331:.\Generated_Source\PSoC4/cyPm.c ****     *  Freezes IO-Cells directly to save the IO-Cell state on wake up from the
 332:.\Generated_Source\PSoC4/cyPm.c ****     *  Hibernate or Stop state. It is not required to call this function before
 333:.\Generated_Source\PSoC4/cyPm.c ****     *  entering the Stop mode, since CySysPmStop() function freezes IO-Cells
 334:.\Generated_Source\PSoC4/cyPm.c ****     *  implicitly.
 335:.\Generated_Source\PSoC4/cyPm.c ****     *
 336:.\Generated_Source\PSoC4/cyPm.c ****     * Parameters:
 337:.\Generated_Source\PSoC4/cyPm.c ****     *  None
 338:.\Generated_Source\PSoC4/cyPm.c ****     *
 339:.\Generated_Source\PSoC4/cyPm.c ****     * Return:
 340:.\Generated_Source\PSoC4/cyPm.c ****     *  None
 341:.\Generated_Source\PSoC4/cyPm.c ****     *
 342:.\Generated_Source\PSoC4/cyPm.c ****     *******************************************************************************/
 343:.\Generated_Source\PSoC4/cyPm.c ****     void CySysPmFreezeIo(void)
 344:.\Generated_Source\PSoC4/cyPm.c ****     {
 317              		.loc 1 344 0
 318              		.cfi_startproc
 319 0000 38B5     		push	{r3, r4, r5, lr}
 320              		.cfi_def_cfa_offset 16
 321              		.cfi_offset 3, -16
 322              		.cfi_offset 4, -12
 323              		.cfi_offset 5, -8
 324              		.cfi_offset 14, -4
ARM GAS  C:\DOCUME~1\Chuck\LOCALS~1\Temp\ccFcjb6N.s 			page 13


 345:.\Generated_Source\PSoC4/cyPm.c ****         uint8 interruptState;
 346:.\Generated_Source\PSoC4/cyPm.c **** 
 347:.\Generated_Source\PSoC4/cyPm.c ****         interruptState = CyEnterCriticalSection();
 325              		.loc 1 347 0
 326 0002 FFF7FEFF 		bl	CyEnterCriticalSection
 327              	.LVL15:
 348:.\Generated_Source\PSoC4/cyPm.c **** 
 349:.\Generated_Source\PSoC4/cyPm.c ****         /* Check FREEZE state to avoid recurrent IO-Cells freeze attempt,
 350:.\Generated_Source\PSoC4/cyPm.c ****          * since the second call to this function will cause accidental switch
 351:.\Generated_Source\PSoC4/cyPm.c ****          * to the STOP mode (the system will enter STOP mode immediately after
 352:.\Generated_Source\PSoC4/cyPm.c ****          * writing to STOP bit since both UNLOCK and FREEZE have been set correctly
 353:.\Generated_Source\PSoC4/cyPm.c ****          * in a previous call to this function).
 354:.\Generated_Source\PSoC4/cyPm.c ****          */
 355:.\Generated_Source\PSoC4/cyPm.c ****         if (0u == (CY_PM_PWR_STOP_REG & CY_PM_PWR_STOP_FREEZE))
 328              		.loc 1 355 0
 329 0006 0B4C     		ldr	r4, .L26
 347:.\Generated_Source\PSoC4/cyPm.c **** 
 330              		.loc 1 347 0
 331 0008 051C     		mov	r5, r0
 332              	.LVL16:
 333              		.loc 1 355 0
 334 000a 2368     		ldr	r3, [r4]
 335 000c 9B03     		lsl	r3, r3, #14
 336 000e 0CD4     		bmi	.L25
 356:.\Generated_Source\PSoC4/cyPm.c ****         {
 357:.\Generated_Source\PSoC4/cyPm.c ****             /* Preserve last reset reason and disable overrides the next freeze command by peripher
 358:.\Generated_Source\PSoC4/cyPm.c ****             CY_PM_PWR_STOP_REG = CY_PM_PWR_STOP_STOP | CY_PM_PWR_STOP_FREEZE | CY_PM_PWR_STOP_UNLOC
 359:.\Generated_Source\PSoC4/cyPm.c ****                                 (CY_PM_PWR_STOP_REG & (CY_PM_PWR_STOP_TOKEN_MASK | CY_PM_PWR_STOP_P
 337              		.loc 1 359 0
 338 0010 2268     		ldr	r2, [r4]
 339 0012 094B     		ldr	r3, .L26+4
 360:.\Generated_Source\PSoC4/cyPm.c **** 
 361:.\Generated_Source\PSoC4/cyPm.c ****             /* PWR_STOP read after write must be delayed for 6 clock cycles to let internal nodes t
 362:.\Generated_Source\PSoC4/cyPm.c ****             CyDelayCycles(6u);
 340              		.loc 1 362 0
 341 0014 0620     		mov	r0, #6
 359:.\Generated_Source\PSoC4/cyPm.c **** 
 342              		.loc 1 359 0
 343 0016 1340     		and	r3, r2
 358:.\Generated_Source\PSoC4/cyPm.c ****                                 (CY_PM_PWR_STOP_REG & (CY_PM_PWR_STOP_TOKEN_MASK | CY_PM_PWR_STOP_P
 344              		.loc 1 358 0
 345 0018 084A     		ldr	r2, .L26+8
 346 001a 1343     		orr	r3, r2
 347 001c 2360     		str	r3, [r4]
 348              		.loc 1 362 0
 349 001e FFF7FEFF 		bl	CyDelayCycles
 350              	.LVL17:
 363:.\Generated_Source\PSoC4/cyPm.c **** 
 364:.\Generated_Source\PSoC4/cyPm.c ****             /* Second write causes the freeze of IO-Cells to save IO-Cell state */
 365:.\Generated_Source\PSoC4/cyPm.c ****             CY_PM_PWR_STOP_REG &= ~CY_PM_PWR_STOP_STOP;
 351              		.loc 1 365 0
 352 0022 2368     		ldr	r3, [r4]
 353 0024 5B00     		lsl	r3, r3, #1
 354 0026 5B08     		lsr	r3, r3, #1
 355 0028 2360     		str	r3, [r4]
 356              	.L25:
 366:.\Generated_Source\PSoC4/cyPm.c ****         }
ARM GAS  C:\DOCUME~1\Chuck\LOCALS~1\Temp\ccFcjb6N.s 			page 14


 367:.\Generated_Source\PSoC4/cyPm.c **** 
 368:.\Generated_Source\PSoC4/cyPm.c ****         CyExitCriticalSection(interruptState);
 357              		.loc 1 368 0
 358 002a 281C     		mov	r0, r5
 359 002c FFF7FEFF 		bl	CyExitCriticalSection
 360              	.LVL18:
 369:.\Generated_Source\PSoC4/cyPm.c ****     }
 361              		.loc 1 369 0
 362              		@ sp needed
 363              	.LVL19:
 364 0030 38BD     		pop	{r3, r4, r5, pc}
 365              	.L27:
 366 0032 C046     		.align	2
 367              	.L26:
 368 0034 2C000B40 		.word	1074462764
 369 0038 FF000100 		.word	65791
 370 003c 003A0280 		.word	-2147337728
 371              		.cfi_endproc
 372              	.LFE6:
 373              		.size	CySysPmFreezeIo, .-CySysPmFreezeIo
 374              		.section	.text.CySysPmStop,"ax",%progbits
 375              		.align	1
 376              		.global	CySysPmStop
 377              		.code	16
 378              		.thumb_func
 379              		.type	CySysPmStop, %function
 380              	CySysPmStop:
 381              	.LFB3:
 214:.\Generated_Source\PSoC4/cyPm.c ****         (void)CyEnterCriticalSection();
 382              		.loc 1 214 0
 383              		.cfi_startproc
 384 0000 08B5     		push	{r3, lr}
 385              		.cfi_def_cfa_offset 8
 386              		.cfi_offset 3, -8
 387              		.cfi_offset 14, -4
 215:.\Generated_Source\PSoC4/cyPm.c **** 
 388              		.loc 1 215 0
 389 0002 FFF7FEFF 		bl	CyEnterCriticalSection
 390              	.LVL20:
 218:.\Generated_Source\PSoC4/cyPm.c **** 
 391              		.loc 1 218 0
 392 0006 FFF7FEFF 		bl	CySysPmFreezeIo
 393              	.LVL21:
 221:.\Generated_Source\PSoC4/cyPm.c ****                             CY_PM_PWR_STOP_TOKEN_STOP | CY_PM_PWR_STOP_STOP;
 394              		.loc 1 221 0
 395 000a 054A     		ldr	r2, .L29
 222:.\Generated_Source\PSoC4/cyPm.c **** 
 396              		.loc 1 222 0
 397 000c 054B     		ldr	r3, .L29+4
 221:.\Generated_Source\PSoC4/cyPm.c ****                             CY_PM_PWR_STOP_TOKEN_STOP | CY_PM_PWR_STOP_STOP;
 398              		.loc 1 221 0
 399 000e 1168     		ldr	r1, [r2]
 222:.\Generated_Source\PSoC4/cyPm.c **** 
 400              		.loc 1 222 0
 401 0010 0B40     		and	r3, r1
 402 0012 0549     		ldr	r1, .L29+8
 403 0014 0B43     		orr	r3, r1
ARM GAS  C:\DOCUME~1\Chuck\LOCALS~1\Temp\ccFcjb6N.s 			page 15


 221:.\Generated_Source\PSoC4/cyPm.c ****                             CY_PM_PWR_STOP_TOKEN_STOP | CY_PM_PWR_STOP_STOP;
 404              		.loc 1 221 0
 405 0016 1360     		str	r3, [r2]
 229:.\Generated_Source\PSoC4/cyPm.c ****         CY_NOP;
 406              		.loc 1 229 0
 407              	@ 229 ".\Generated_Source\PSoC4\cyPm.c" 1
 408 0018 C046     		NOP
 409              	
 410              	@ 0 "" 2
 230:.\Generated_Source\PSoC4/cyPm.c **** 
 411              		.loc 1 230 0
 412              	@ 230 ".\Generated_Source\PSoC4\cyPm.c" 1
 413 001a C046     		NOP
 414              	
 415              	@ 0 "" 2
 233:.\Generated_Source\PSoC4/cyPm.c **** 
 416              		.loc 1 233 0
 417              	@ 233 ".\Generated_Source\PSoC4\cyPm.c" 1
 418 001c 30BF     		WFI 
 419              	
 420              	@ 0 "" 2
 239:.\Generated_Source\PSoC4/cyPm.c **** 
 421              		.loc 1 239 0
 422              		.code	16
 423              		@ sp needed
 424 001e 08BD     		pop	{r3, pc}
 425              	.L30:
 426              		.align	2
 427              	.L29:
 428 0020 2C000B40 		.word	1074462764
 429 0024 00FFFF7F 		.word	2147483392
 430 0028 F2000080 		.word	-2147483406
 431              		.cfi_endproc
 432              	.LFE3:
 433              		.size	CySysPmStop, .-CySysPmStop
 434              		.section	.text.CySysPmUnfreezeIo,"ax",%progbits
 435              		.align	1
 436              		.global	CySysPmUnfreezeIo
 437              		.code	16
 438              		.thumb_func
 439              		.type	CySysPmUnfreezeIo, %function
 440              	CySysPmUnfreezeIo:
 441              	.LFB7:
 370:.\Generated_Source\PSoC4/cyPm.c **** 
 371:.\Generated_Source\PSoC4/cyPm.c **** 
 372:.\Generated_Source\PSoC4/cyPm.c ****     /*******************************************************************************
 373:.\Generated_Source\PSoC4/cyPm.c ****     * Function Name: CySysPmUnfreezeIo
 374:.\Generated_Source\PSoC4/cyPm.c ****     ********************************************************************************
 375:.\Generated_Source\PSoC4/cyPm.c ****     *
 376:.\Generated_Source\PSoC4/cyPm.c ****     * Summary:
 377:.\Generated_Source\PSoC4/cyPm.c ****     *  The IO-Cells remain frozen after awake from Hibernate or Stop mode until
 378:.\Generated_Source\PSoC4/cyPm.c ****     *  the firmware unfreezes them after booting. The call of this function
 379:.\Generated_Source\PSoC4/cyPm.c ****     *  unfreezes IO-Cells explicitly.
 380:.\Generated_Source\PSoC4/cyPm.c ****     *
 381:.\Generated_Source\PSoC4/cyPm.c ****     * Parameters:
 382:.\Generated_Source\PSoC4/cyPm.c ****     *  None
 383:.\Generated_Source\PSoC4/cyPm.c ****     *
ARM GAS  C:\DOCUME~1\Chuck\LOCALS~1\Temp\ccFcjb6N.s 			page 16


 384:.\Generated_Source\PSoC4/cyPm.c ****     * Return:
 385:.\Generated_Source\PSoC4/cyPm.c ****     *  None
 386:.\Generated_Source\PSoC4/cyPm.c ****     *
 387:.\Generated_Source\PSoC4/cyPm.c ****     *******************************************************************************/
 388:.\Generated_Source\PSoC4/cyPm.c ****     void CySysPmUnfreezeIo(void)
 389:.\Generated_Source\PSoC4/cyPm.c ****     {
 442              		.loc 1 389 0
 443              		.cfi_startproc
 444 0000 70B5     		push	{r4, r5, r6, lr}
 445              		.cfi_def_cfa_offset 16
 446              		.cfi_offset 4, -16
 447              		.cfi_offset 5, -12
 448              		.cfi_offset 6, -8
 449              		.cfi_offset 14, -4
 390:.\Generated_Source\PSoC4/cyPm.c ****         uint8 interruptState;
 391:.\Generated_Source\PSoC4/cyPm.c **** 
 392:.\Generated_Source\PSoC4/cyPm.c ****         interruptState = CyEnterCriticalSection();
 450              		.loc 1 392 0
 451 0002 FFF7FEFF 		bl	CyEnterCriticalSection
 452              	.LVL22:
 393:.\Generated_Source\PSoC4/cyPm.c **** 
 394:.\Generated_Source\PSoC4/cyPm.c ****         /* Preserve last reset reason and wakeup polarity. Then, unfreeze I/O:
 395:.\Generated_Source\PSoC4/cyPm.c ****          * write PWR_STOP.FREEZE=0, .UNLOCK=0x3A, .STOP=0, .TOKEN
 396:.\Generated_Source\PSoC4/cyPm.c ****          */
 397:.\Generated_Source\PSoC4/cyPm.c ****         CY_PM_PWR_STOP_REG = CY_PM_PWR_STOP_UNLOCK |
 453              		.loc 1 397 0
 454 0006 E822     		mov	r2, #232
 392:.\Generated_Source\PSoC4/cyPm.c **** 
 455              		.loc 1 392 0
 456 0008 061C     		mov	r6, r0
 457              	.LVL23:
 398:.\Generated_Source\PSoC4/cyPm.c ****                             (CY_PM_PWR_STOP_REG & (CY_PM_PWR_STOP_TOKEN_MASK | CY_PM_PWR_STOP_POLAR
 458              		.loc 1 398 0
 459 000a 084C     		ldr	r4, .L32
 460 000c 084D     		ldr	r5, .L32+4
 461 000e 2368     		ldr	r3, [r4]
 397:.\Generated_Source\PSoC4/cyPm.c ****                             (CY_PM_PWR_STOP_REG & (CY_PM_PWR_STOP_TOKEN_MASK | CY_PM_PWR_STOP_POLAR
 462              		.loc 1 397 0
 463 0010 9201     		lsl	r2, r2, #6
 464              		.loc 1 398 0
 465 0012 2B40     		and	r3, r5
 397:.\Generated_Source\PSoC4/cyPm.c ****                             (CY_PM_PWR_STOP_REG & (CY_PM_PWR_STOP_TOKEN_MASK | CY_PM_PWR_STOP_POLAR
 466              		.loc 1 397 0
 467 0014 1343     		orr	r3, r2
 468 0016 2360     		str	r3, [r4]
 399:.\Generated_Source\PSoC4/cyPm.c **** 
 400:.\Generated_Source\PSoC4/cyPm.c ****         /* PWR_STOP read after write must be delayed for 6 clock cycles to let internal nodes to se
 401:.\Generated_Source\PSoC4/cyPm.c ****         CyDelayCycles(6u);
 469              		.loc 1 401 0
 470 0018 0620     		mov	r0, #6
 471 001a FFF7FEFF 		bl	CyDelayCycles
 472              	.LVL24:
 402:.\Generated_Source\PSoC4/cyPm.c **** 
 403:.\Generated_Source\PSoC4/cyPm.c ****         /* Lock STOP mode: write PWR_STOP.FREEZE=0, UNLOCK=0x00, STOP=0, .TOKEN */
 404:.\Generated_Source\PSoC4/cyPm.c ****         CY_PM_PWR_STOP_REG &= (CY_PM_PWR_STOP_TOKEN_MASK | CY_PM_PWR_STOP_POLARITY);
 473              		.loc 1 404 0
 474 001e 2368     		ldr	r3, [r4]
ARM GAS  C:\DOCUME~1\Chuck\LOCALS~1\Temp\ccFcjb6N.s 			page 17


 405:.\Generated_Source\PSoC4/cyPm.c **** 
 406:.\Generated_Source\PSoC4/cyPm.c ****         CyExitCriticalSection(interruptState);
 475              		.loc 1 406 0
 476 0020 301C     		mov	r0, r6
 404:.\Generated_Source\PSoC4/cyPm.c **** 
 477              		.loc 1 404 0
 478 0022 1D40     		and	r5, r3
 479 0024 2560     		str	r5, [r4]
 480              		.loc 1 406 0
 481 0026 FFF7FEFF 		bl	CyExitCriticalSection
 482              	.LVL25:
 407:.\Generated_Source\PSoC4/cyPm.c ****     }
 483              		.loc 1 407 0
 484              		@ sp needed
 485              	.LVL26:
 486 002a 70BD     		pop	{r4, r5, r6, pc}
 487              	.L33:
 488              		.align	2
 489              	.L32:
 490 002c 2C000B40 		.word	1074462764
 491 0030 FF000100 		.word	65791
 492              		.cfi_endproc
 493              	.LFE7:
 494              		.size	CySysPmUnfreezeIo, .-CySysPmUnfreezeIo
 495              		.text
 496              	.Letext0:
 497              		.file 2 ".\\Generated_Source\\PSoC4\\cytypes.h"
 498              		.file 3 ".\\Generated_Source\\PSoC4\\CyLib.h"
 499              		.section	.debug_info,"",%progbits
 500              	.Ldebug_info0:
 501 0000 0E030000 		.4byte	0x30e
 502 0004 0400     		.2byte	0x4
 503 0006 00000000 		.4byte	.Ldebug_abbrev0
 504 000a 04       		.byte	0x4
 505 000b 01       		.uleb128 0x1
 506 000c 1A000000 		.4byte	.LASF30
 507 0010 01       		.byte	0x1
 508 0011 17020000 		.4byte	.LASF31
 509 0015 77020000 		.4byte	.LASF32
 510 0019 00000000 		.4byte	.Ldebug_ranges0+0
 511 001d 00000000 		.4byte	0
 512 0021 00000000 		.4byte	.Ldebug_line0
 513 0025 02       		.uleb128 0x2
 514 0026 01       		.byte	0x1
 515 0027 06       		.byte	0x6
 516 0028 5B020000 		.4byte	.LASF0
 517 002c 02       		.uleb128 0x2
 518 002d 01       		.byte	0x1
 519 002e 08       		.byte	0x8
 520 002f F6000000 		.4byte	.LASF1
 521 0033 02       		.uleb128 0x2
 522 0034 02       		.byte	0x2
 523 0035 05       		.byte	0x5
 524 0036 37020000 		.4byte	.LASF2
 525 003a 02       		.uleb128 0x2
 526 003b 02       		.byte	0x2
 527 003c 07       		.byte	0x7
ARM GAS  C:\DOCUME~1\Chuck\LOCALS~1\Temp\ccFcjb6N.s 			page 18


 528 003d B5000000 		.4byte	.LASF3
 529 0041 02       		.uleb128 0x2
 530 0042 04       		.byte	0x4
 531 0043 05       		.byte	0x5
 532 0044 52020000 		.4byte	.LASF4
 533 0048 02       		.uleb128 0x2
 534 0049 04       		.byte	0x4
 535 004a 07       		.byte	0x7
 536 004b 2C010000 		.4byte	.LASF5
 537 004f 02       		.uleb128 0x2
 538 0050 08       		.byte	0x8
 539 0051 05       		.byte	0x5
 540 0052 F7010000 		.4byte	.LASF6
 541 0056 02       		.uleb128 0x2
 542 0057 08       		.byte	0x8
 543 0058 07       		.byte	0x7
 544 0059 DF000000 		.4byte	.LASF7
 545 005d 03       		.uleb128 0x3
 546 005e 04       		.byte	0x4
 547 005f 05       		.byte	0x5
 548 0060 696E7400 		.ascii	"int\000"
 549 0064 02       		.uleb128 0x2
 550 0065 04       		.byte	0x4
 551 0066 07       		.byte	0x7
 552 0067 8E010000 		.4byte	.LASF8
 553 006b 04       		.uleb128 0x4
 554 006c 3E010000 		.4byte	.LASF9
 555 0070 02       		.byte	0x2
 556 0071 5B       		.byte	0x5b
 557 0072 2C000000 		.4byte	0x2c
 558 0076 04       		.uleb128 0x4
 559 0077 69010000 		.4byte	.LASF10
 560 007b 02       		.byte	0x2
 561 007c 5C       		.byte	0x5c
 562 007d 3A000000 		.4byte	0x3a
 563 0081 04       		.uleb128 0x4
 564 0082 70010000 		.4byte	.LASF11
 565 0086 02       		.byte	0x2
 566 0087 5D       		.byte	0x5d
 567 0088 48000000 		.4byte	0x48
 568 008c 02       		.uleb128 0x2
 569 008d 04       		.byte	0x4
 570 008e 04       		.byte	0x4
 571 008f D9000000 		.4byte	.LASF12
 572 0093 02       		.uleb128 0x2
 573 0094 08       		.byte	0x8
 574 0095 04       		.byte	0x4
 575 0096 50010000 		.4byte	.LASF13
 576 009a 02       		.uleb128 0x2
 577 009b 01       		.byte	0x1
 578 009c 08       		.byte	0x8
 579 009d 05020000 		.4byte	.LASF14
 580 00a1 04       		.uleb128 0x4
 581 00a2 00000000 		.4byte	.LASF15
 582 00a6 02       		.byte	0x2
 583 00a7 F1       		.byte	0xf1
 584 00a8 AC000000 		.4byte	0xac
ARM GAS  C:\DOCUME~1\Chuck\LOCALS~1\Temp\ccFcjb6N.s 			page 19


 585 00ac 05       		.uleb128 0x5
 586 00ad 76000000 		.4byte	0x76
 587 00b1 04       		.uleb128 0x4
 588 00b2 14000000 		.4byte	.LASF16
 589 00b6 02       		.byte	0x2
 590 00b7 F2       		.byte	0xf2
 591 00b8 BC000000 		.4byte	0xbc
 592 00bc 05       		.uleb128 0x5
 593 00bd 81000000 		.4byte	0x81
 594 00c1 02       		.uleb128 0x2
 595 00c2 04       		.byte	0x4
 596 00c3 07       		.byte	0x7
 597 00c4 EE010000 		.4byte	.LASF17
 598 00c8 06       		.uleb128 0x6
 599 00c9 A8000000 		.4byte	.LASF18
 600 00cd 01       		.byte	0x1
 601 00ce 28       		.byte	0x28
 602 00cf 00000000 		.4byte	.LFB0
 603 00d3 1C000000 		.4byte	.LFE0-.LFB0
 604 00d7 01       		.uleb128 0x1
 605 00d8 9C       		.byte	0x9c
 606 00d9 FF000000 		.4byte	0xff
 607 00dd 07       		.uleb128 0x7
 608 00de 1D010000 		.4byte	.LASF20
 609 00e2 01       		.byte	0x1
 610 00e3 2A       		.byte	0x2a
 611 00e4 6B000000 		.4byte	0x6b
 612 00e8 00000000 		.4byte	.LLST0
 613 00ec 08       		.uleb128 0x8
 614 00ed 06000000 		.4byte	.LVL0
 615 00f1 D7020000 		.4byte	0x2d7
 616 00f5 08       		.uleb128 0x8
 617 00f6 16000000 		.4byte	.LVL1
 618 00fa E2020000 		.4byte	0x2e2
 619 00fe 00       		.byte	0
 620 00ff 06       		.uleb128 0x6
 621 0100 41020000 		.4byte	.LASF19
 622 0104 01       		.byte	0x1
 623 0105 4E       		.byte	0x4e
 624 0106 00000000 		.4byte	.LFB1
 625 010a 54000000 		.4byte	.LFE1-.LFB1
 626 010e 01       		.uleb128 0x1
 627 010f 9C       		.byte	0x9c
 628 0110 5E010000 		.4byte	0x15e
 629 0114 07       		.uleb128 0x7
 630 0115 1D010000 		.4byte	.LASF20
 631 0119 01       		.byte	0x1
 632 011a 50       		.byte	0x50
 633 011b 6B000000 		.4byte	0x6b
 634 011f 13000000 		.4byte	.LLST1
 635 0123 09       		.uleb128 0x9
 636 0124 0A020000 		.4byte	.LASF21
 637 0128 01       		.byte	0x1
 638 0129 52       		.byte	0x52
 639 012a BC000000 		.4byte	0xbc
 640 012e 02       		.uleb128 0x2
 641 012f 91       		.byte	0x91
ARM GAS  C:\DOCUME~1\Chuck\LOCALS~1\Temp\ccFcjb6N.s 			page 20


 642 0130 6C       		.sleb128 -20
 643 0131 08       		.uleb128 0x8
 644 0132 06000000 		.4byte	.LVL2
 645 0136 D7020000 		.4byte	0x2d7
 646 013a 0A       		.uleb128 0xa
 647 013b 32000000 		.4byte	.LVL4
 648 013f F3020000 		.4byte	0x2f3
 649 0143 4D010000 		.4byte	0x14d
 650 0147 0B       		.uleb128 0xb
 651 0148 01       		.uleb128 0x1
 652 0149 50       		.byte	0x50
 653 014a 01       		.uleb128 0x1
 654 014b 32       		.byte	0x32
 655 014c 00       		.byte	0
 656 014d 0C       		.uleb128 0xc
 657 014e 3E000000 		.4byte	.LVL5
 658 0152 E2020000 		.4byte	0x2e2
 659 0156 0B       		.uleb128 0xb
 660 0157 01       		.uleb128 0x1
 661 0158 50       		.byte	0x50
 662 0159 02       		.uleb128 0x2
 663 015a 74       		.byte	0x74
 664 015b 00       		.sleb128 0
 665 015c 00       		.byte	0
 666 015d 00       		.byte	0
 667 015e 06       		.uleb128 0x6
 668 015f C8000000 		.4byte	.LASF22
 669 0163 01       		.byte	0x1
 670 0164 98       		.byte	0x98
 671 0165 00000000 		.4byte	.LFB2
 672 0169 50000000 		.4byte	.LFE2-.LFB2
 673 016d 01       		.uleb128 0x1
 674 016e 9C       		.byte	0x9c
 675 016f 95010000 		.4byte	0x195
 676 0173 07       		.uleb128 0x7
 677 0174 1D010000 		.4byte	.LASF20
 678 0178 01       		.byte	0x1
 679 0179 9A       		.byte	0x9a
 680 017a 6B000000 		.4byte	0x6b
 681 017e 26000000 		.4byte	.LLST2
 682 0182 08       		.uleb128 0x8
 683 0183 06000000 		.4byte	.LVL7
 684 0187 D7020000 		.4byte	0x2d7
 685 018b 08       		.uleb128 0x8
 686 018c 3A000000 		.4byte	.LVL8
 687 0190 E2020000 		.4byte	0x2e2
 688 0194 00       		.byte	0
 689 0195 0D       		.uleb128 0xd
 690 0196 04010000 		.4byte	.LASF23
 691 019a 01       		.byte	0x1
 692 019b 0601     		.2byte	0x106
 693 019d 00000000 		.4byte	.LFB4
 694 01a1 30000000 		.4byte	.LFE4-.LFB4
 695 01a5 01       		.uleb128 0x1
 696 01a6 9C       		.byte	0x9c
 697 01a7 DE010000 		.4byte	0x1de
 698 01ab 0E       		.uleb128 0xe
ARM GAS  C:\DOCUME~1\Chuck\LOCALS~1\Temp\ccFcjb6N.s 			page 21


 699 01ac CF010000 		.4byte	.LASF33
 700 01b0 01       		.byte	0x1
 701 01b1 0601     		.2byte	0x106
 702 01b3 81000000 		.4byte	0x81
 703 01b7 39000000 		.4byte	.LLST3
 704 01bb 0F       		.uleb128 0xf
 705 01bc 1D010000 		.4byte	.LASF20
 706 01c0 01       		.byte	0x1
 707 01c1 0801     		.2byte	0x108
 708 01c3 6B000000 		.4byte	0x6b
 709 01c7 65000000 		.4byte	.LLST4
 710 01cb 08       		.uleb128 0x8
 711 01cc 08000000 		.4byte	.LVL10
 712 01d0 D7020000 		.4byte	0x2d7
 713 01d4 08       		.uleb128 0x8
 714 01d5 24000000 		.4byte	.LVL11
 715 01d9 E2020000 		.4byte	0x2e2
 716 01dd 00       		.byte	0
 717 01de 10       		.uleb128 0x10
 718 01df D8010000 		.4byte	.LASF34
 719 01e3 01       		.byte	0x1
 720 01e4 2801     		.2byte	0x128
 721 01e6 81000000 		.4byte	0x81
 722 01ea 00000000 		.4byte	.LFB5
 723 01ee 1C000000 		.4byte	.LFE5-.LFB5
 724 01f2 01       		.uleb128 0x1
 725 01f3 9C       		.byte	0x9c
 726 01f4 09020000 		.4byte	0x209
 727 01f8 0F       		.uleb128 0xf
 728 01f9 C8010000 		.4byte	.LASF24
 729 01fd 01       		.byte	0x1
 730 01fe 2A01     		.2byte	0x12a
 731 0200 81000000 		.4byte	0x81
 732 0204 78000000 		.4byte	.LLST5
 733 0208 00       		.byte	0
 734 0209 0D       		.uleb128 0xd
 735 020a 67020000 		.4byte	.LASF25
 736 020e 01       		.byte	0x1
 737 020f 5701     		.2byte	0x157
 738 0211 00000000 		.4byte	.LFB6
 739 0215 40000000 		.4byte	.LFE6-.LFB6
 740 0219 01       		.uleb128 0x1
 741 021a 9C       		.byte	0x9c
 742 021b 5C020000 		.4byte	0x25c
 743 021f 0F       		.uleb128 0xf
 744 0220 1D010000 		.4byte	.LASF20
 745 0224 01       		.byte	0x1
 746 0225 5901     		.2byte	0x159
 747 0227 6B000000 		.4byte	0x6b
 748 022b 97000000 		.4byte	.LLST6
 749 022f 08       		.uleb128 0x8
 750 0230 06000000 		.4byte	.LVL15
 751 0234 D7020000 		.4byte	0x2d7
 752 0238 0A       		.uleb128 0xa
 753 0239 22000000 		.4byte	.LVL17
 754 023d 04030000 		.4byte	0x304
 755 0241 4B020000 		.4byte	0x24b
ARM GAS  C:\DOCUME~1\Chuck\LOCALS~1\Temp\ccFcjb6N.s 			page 22


 756 0245 0B       		.uleb128 0xb
 757 0246 01       		.uleb128 0x1
 758 0247 50       		.byte	0x50
 759 0248 01       		.uleb128 0x1
 760 0249 36       		.byte	0x36
 761 024a 00       		.byte	0
 762 024b 0C       		.uleb128 0xc
 763 024c 30000000 		.4byte	.LVL18
 764 0250 E2020000 		.4byte	0x2e2
 765 0254 0B       		.uleb128 0xb
 766 0255 01       		.uleb128 0x1
 767 0256 50       		.byte	0x50
 768 0257 02       		.uleb128 0x2
 769 0258 75       		.byte	0x75
 770 0259 00       		.sleb128 0
 771 025a 00       		.byte	0
 772 025b 00       		.byte	0
 773 025c 06       		.uleb128 0x6
 774 025d 44010000 		.4byte	.LASF26
 775 0261 01       		.byte	0x1
 776 0262 D5       		.byte	0xd5
 777 0263 00000000 		.4byte	.LFB3
 778 0267 2C000000 		.4byte	.LFE3-.LFB3
 779 026b 01       		.uleb128 0x1
 780 026c 9C       		.byte	0x9c
 781 026d 84020000 		.4byte	0x284
 782 0271 08       		.uleb128 0x8
 783 0272 06000000 		.4byte	.LVL20
 784 0276 D7020000 		.4byte	0x2d7
 785 027a 08       		.uleb128 0x8
 786 027b 0A000000 		.4byte	.LVL21
 787 027f 09020000 		.4byte	0x209
 788 0283 00       		.byte	0
 789 0284 0D       		.uleb128 0xd
 790 0285 57010000 		.4byte	.LASF27
 791 0289 01       		.byte	0x1
 792 028a 8401     		.2byte	0x184
 793 028c 00000000 		.4byte	.LFB7
 794 0290 34000000 		.4byte	.LFE7-.LFB7
 795 0294 01       		.uleb128 0x1
 796 0295 9C       		.byte	0x9c
 797 0296 D7020000 		.4byte	0x2d7
 798 029a 0F       		.uleb128 0xf
 799 029b 1D010000 		.4byte	.LASF20
 800 029f 01       		.byte	0x1
 801 02a0 8601     		.2byte	0x186
 802 02a2 6B000000 		.4byte	0x6b
 803 02a6 AA000000 		.4byte	.LLST7
 804 02aa 08       		.uleb128 0x8
 805 02ab 06000000 		.4byte	.LVL22
 806 02af D7020000 		.4byte	0x2d7
 807 02b3 0A       		.uleb128 0xa
 808 02b4 1E000000 		.4byte	.LVL24
 809 02b8 04030000 		.4byte	0x304
 810 02bc C6020000 		.4byte	0x2c6
 811 02c0 0B       		.uleb128 0xb
 812 02c1 01       		.uleb128 0x1
ARM GAS  C:\DOCUME~1\Chuck\LOCALS~1\Temp\ccFcjb6N.s 			page 23


 813 02c2 50       		.byte	0x50
 814 02c3 01       		.uleb128 0x1
 815 02c4 36       		.byte	0x36
 816 02c5 00       		.byte	0
 817 02c6 0C       		.uleb128 0xc
 818 02c7 2A000000 		.4byte	.LVL25
 819 02cb E2020000 		.4byte	0x2e2
 820 02cf 0B       		.uleb128 0xb
 821 02d0 01       		.uleb128 0x1
 822 02d1 50       		.byte	0x50
 823 02d2 02       		.uleb128 0x2
 824 02d3 76       		.byte	0x76
 825 02d4 00       		.sleb128 0
 826 02d5 00       		.byte	0
 827 02d6 00       		.byte	0
 828 02d7 11       		.uleb128 0x11
 829 02d8 77010000 		.4byte	.LASF35
 830 02dc 03       		.byte	0x3
 831 02dd 73       		.byte	0x73
 832 02de 6B000000 		.4byte	0x6b
 833 02e2 12       		.uleb128 0x12
 834 02e3 9B010000 		.4byte	.LASF28
 835 02e7 03       		.byte	0x3
 836 02e8 74       		.byte	0x74
 837 02e9 F3020000 		.4byte	0x2f3
 838 02ed 13       		.uleb128 0x13
 839 02ee 6B000000 		.4byte	0x6b
 840 02f2 00       		.byte	0
 841 02f3 12       		.uleb128 0x12
 842 02f4 B1010000 		.4byte	.LASF29
 843 02f8 03       		.byte	0x3
 844 02f9 2A       		.byte	0x2a
 845 02fa 04030000 		.4byte	0x304
 846 02fe 13       		.uleb128 0x13
 847 02ff 81000000 		.4byte	0x81
 848 0303 00       		.byte	0
 849 0304 14       		.uleb128 0x14
 850 0305 06000000 		.4byte	.LASF36
 851 0309 03       		.byte	0x3
 852 030a 6F       		.byte	0x6f
 853 030b 13       		.uleb128 0x13
 854 030c 81000000 		.4byte	0x81
 855 0310 00       		.byte	0
 856 0311 00       		.byte	0
 857              		.section	.debug_abbrev,"",%progbits
 858              	.Ldebug_abbrev0:
 859 0000 01       		.uleb128 0x1
 860 0001 11       		.uleb128 0x11
 861 0002 01       		.byte	0x1
 862 0003 25       		.uleb128 0x25
 863 0004 0E       		.uleb128 0xe
 864 0005 13       		.uleb128 0x13
 865 0006 0B       		.uleb128 0xb
 866 0007 03       		.uleb128 0x3
 867 0008 0E       		.uleb128 0xe
 868 0009 1B       		.uleb128 0x1b
 869 000a 0E       		.uleb128 0xe
ARM GAS  C:\DOCUME~1\Chuck\LOCALS~1\Temp\ccFcjb6N.s 			page 24


 870 000b 55       		.uleb128 0x55
 871 000c 17       		.uleb128 0x17
 872 000d 11       		.uleb128 0x11
 873 000e 01       		.uleb128 0x1
 874 000f 10       		.uleb128 0x10
 875 0010 17       		.uleb128 0x17
 876 0011 00       		.byte	0
 877 0012 00       		.byte	0
 878 0013 02       		.uleb128 0x2
 879 0014 24       		.uleb128 0x24
 880 0015 00       		.byte	0
 881 0016 0B       		.uleb128 0xb
 882 0017 0B       		.uleb128 0xb
 883 0018 3E       		.uleb128 0x3e
 884 0019 0B       		.uleb128 0xb
 885 001a 03       		.uleb128 0x3
 886 001b 0E       		.uleb128 0xe
 887 001c 00       		.byte	0
 888 001d 00       		.byte	0
 889 001e 03       		.uleb128 0x3
 890 001f 24       		.uleb128 0x24
 891 0020 00       		.byte	0
 892 0021 0B       		.uleb128 0xb
 893 0022 0B       		.uleb128 0xb
 894 0023 3E       		.uleb128 0x3e
 895 0024 0B       		.uleb128 0xb
 896 0025 03       		.uleb128 0x3
 897 0026 08       		.uleb128 0x8
 898 0027 00       		.byte	0
 899 0028 00       		.byte	0
 900 0029 04       		.uleb128 0x4
 901 002a 16       		.uleb128 0x16
 902 002b 00       		.byte	0
 903 002c 03       		.uleb128 0x3
 904 002d 0E       		.uleb128 0xe
 905 002e 3A       		.uleb128 0x3a
 906 002f 0B       		.uleb128 0xb
 907 0030 3B       		.uleb128 0x3b
 908 0031 0B       		.uleb128 0xb
 909 0032 49       		.uleb128 0x49
 910 0033 13       		.uleb128 0x13
 911 0034 00       		.byte	0
 912 0035 00       		.byte	0
 913 0036 05       		.uleb128 0x5
 914 0037 35       		.uleb128 0x35
 915 0038 00       		.byte	0
 916 0039 49       		.uleb128 0x49
 917 003a 13       		.uleb128 0x13
 918 003b 00       		.byte	0
 919 003c 00       		.byte	0
 920 003d 06       		.uleb128 0x6
 921 003e 2E       		.uleb128 0x2e
 922 003f 01       		.byte	0x1
 923 0040 3F       		.uleb128 0x3f
 924 0041 19       		.uleb128 0x19
 925 0042 03       		.uleb128 0x3
 926 0043 0E       		.uleb128 0xe
ARM GAS  C:\DOCUME~1\Chuck\LOCALS~1\Temp\ccFcjb6N.s 			page 25


 927 0044 3A       		.uleb128 0x3a
 928 0045 0B       		.uleb128 0xb
 929 0046 3B       		.uleb128 0x3b
 930 0047 0B       		.uleb128 0xb
 931 0048 27       		.uleb128 0x27
 932 0049 19       		.uleb128 0x19
 933 004a 11       		.uleb128 0x11
 934 004b 01       		.uleb128 0x1
 935 004c 12       		.uleb128 0x12
 936 004d 06       		.uleb128 0x6
 937 004e 40       		.uleb128 0x40
 938 004f 18       		.uleb128 0x18
 939 0050 9742     		.uleb128 0x2117
 940 0052 19       		.uleb128 0x19
 941 0053 01       		.uleb128 0x1
 942 0054 13       		.uleb128 0x13
 943 0055 00       		.byte	0
 944 0056 00       		.byte	0
 945 0057 07       		.uleb128 0x7
 946 0058 34       		.uleb128 0x34
 947 0059 00       		.byte	0
 948 005a 03       		.uleb128 0x3
 949 005b 0E       		.uleb128 0xe
 950 005c 3A       		.uleb128 0x3a
 951 005d 0B       		.uleb128 0xb
 952 005e 3B       		.uleb128 0x3b
 953 005f 0B       		.uleb128 0xb
 954 0060 49       		.uleb128 0x49
 955 0061 13       		.uleb128 0x13
 956 0062 02       		.uleb128 0x2
 957 0063 17       		.uleb128 0x17
 958 0064 00       		.byte	0
 959 0065 00       		.byte	0
 960 0066 08       		.uleb128 0x8
 961 0067 898201   		.uleb128 0x4109
 962 006a 00       		.byte	0
 963 006b 11       		.uleb128 0x11
 964 006c 01       		.uleb128 0x1
 965 006d 31       		.uleb128 0x31
 966 006e 13       		.uleb128 0x13
 967 006f 00       		.byte	0
 968 0070 00       		.byte	0
 969 0071 09       		.uleb128 0x9
 970 0072 34       		.uleb128 0x34
 971 0073 00       		.byte	0
 972 0074 03       		.uleb128 0x3
 973 0075 0E       		.uleb128 0xe
 974 0076 3A       		.uleb128 0x3a
 975 0077 0B       		.uleb128 0xb
 976 0078 3B       		.uleb128 0x3b
 977 0079 0B       		.uleb128 0xb
 978 007a 49       		.uleb128 0x49
 979 007b 13       		.uleb128 0x13
 980 007c 02       		.uleb128 0x2
 981 007d 18       		.uleb128 0x18
 982 007e 00       		.byte	0
 983 007f 00       		.byte	0
ARM GAS  C:\DOCUME~1\Chuck\LOCALS~1\Temp\ccFcjb6N.s 			page 26


 984 0080 0A       		.uleb128 0xa
 985 0081 898201   		.uleb128 0x4109
 986 0084 01       		.byte	0x1
 987 0085 11       		.uleb128 0x11
 988 0086 01       		.uleb128 0x1
 989 0087 31       		.uleb128 0x31
 990 0088 13       		.uleb128 0x13
 991 0089 01       		.uleb128 0x1
 992 008a 13       		.uleb128 0x13
 993 008b 00       		.byte	0
 994 008c 00       		.byte	0
 995 008d 0B       		.uleb128 0xb
 996 008e 8A8201   		.uleb128 0x410a
 997 0091 00       		.byte	0
 998 0092 02       		.uleb128 0x2
 999 0093 18       		.uleb128 0x18
 1000 0094 9142     		.uleb128 0x2111
 1001 0096 18       		.uleb128 0x18
 1002 0097 00       		.byte	0
 1003 0098 00       		.byte	0
 1004 0099 0C       		.uleb128 0xc
 1005 009a 898201   		.uleb128 0x4109
 1006 009d 01       		.byte	0x1
 1007 009e 11       		.uleb128 0x11
 1008 009f 01       		.uleb128 0x1
 1009 00a0 31       		.uleb128 0x31
 1010 00a1 13       		.uleb128 0x13
 1011 00a2 00       		.byte	0
 1012 00a3 00       		.byte	0
 1013 00a4 0D       		.uleb128 0xd
 1014 00a5 2E       		.uleb128 0x2e
 1015 00a6 01       		.byte	0x1
 1016 00a7 3F       		.uleb128 0x3f
 1017 00a8 19       		.uleb128 0x19
 1018 00a9 03       		.uleb128 0x3
 1019 00aa 0E       		.uleb128 0xe
 1020 00ab 3A       		.uleb128 0x3a
 1021 00ac 0B       		.uleb128 0xb
 1022 00ad 3B       		.uleb128 0x3b
 1023 00ae 05       		.uleb128 0x5
 1024 00af 27       		.uleb128 0x27
 1025 00b0 19       		.uleb128 0x19
 1026 00b1 11       		.uleb128 0x11
 1027 00b2 01       		.uleb128 0x1
 1028 00b3 12       		.uleb128 0x12
 1029 00b4 06       		.uleb128 0x6
 1030 00b5 40       		.uleb128 0x40
 1031 00b6 18       		.uleb128 0x18
 1032 00b7 9742     		.uleb128 0x2117
 1033 00b9 19       		.uleb128 0x19
 1034 00ba 01       		.uleb128 0x1
 1035 00bb 13       		.uleb128 0x13
 1036 00bc 00       		.byte	0
 1037 00bd 00       		.byte	0
 1038 00be 0E       		.uleb128 0xe
 1039 00bf 05       		.uleb128 0x5
 1040 00c0 00       		.byte	0
ARM GAS  C:\DOCUME~1\Chuck\LOCALS~1\Temp\ccFcjb6N.s 			page 27


 1041 00c1 03       		.uleb128 0x3
 1042 00c2 0E       		.uleb128 0xe
 1043 00c3 3A       		.uleb128 0x3a
 1044 00c4 0B       		.uleb128 0xb
 1045 00c5 3B       		.uleb128 0x3b
 1046 00c6 05       		.uleb128 0x5
 1047 00c7 49       		.uleb128 0x49
 1048 00c8 13       		.uleb128 0x13
 1049 00c9 02       		.uleb128 0x2
 1050 00ca 17       		.uleb128 0x17
 1051 00cb 00       		.byte	0
 1052 00cc 00       		.byte	0
 1053 00cd 0F       		.uleb128 0xf
 1054 00ce 34       		.uleb128 0x34
 1055 00cf 00       		.byte	0
 1056 00d0 03       		.uleb128 0x3
 1057 00d1 0E       		.uleb128 0xe
 1058 00d2 3A       		.uleb128 0x3a
 1059 00d3 0B       		.uleb128 0xb
 1060 00d4 3B       		.uleb128 0x3b
 1061 00d5 05       		.uleb128 0x5
 1062 00d6 49       		.uleb128 0x49
 1063 00d7 13       		.uleb128 0x13
 1064 00d8 02       		.uleb128 0x2
 1065 00d9 17       		.uleb128 0x17
 1066 00da 00       		.byte	0
 1067 00db 00       		.byte	0
 1068 00dc 10       		.uleb128 0x10
 1069 00dd 2E       		.uleb128 0x2e
 1070 00de 01       		.byte	0x1
 1071 00df 3F       		.uleb128 0x3f
 1072 00e0 19       		.uleb128 0x19
 1073 00e1 03       		.uleb128 0x3
 1074 00e2 0E       		.uleb128 0xe
 1075 00e3 3A       		.uleb128 0x3a
 1076 00e4 0B       		.uleb128 0xb
 1077 00e5 3B       		.uleb128 0x3b
 1078 00e6 05       		.uleb128 0x5
 1079 00e7 27       		.uleb128 0x27
 1080 00e8 19       		.uleb128 0x19
 1081 00e9 49       		.uleb128 0x49
 1082 00ea 13       		.uleb128 0x13
 1083 00eb 11       		.uleb128 0x11
 1084 00ec 01       		.uleb128 0x1
 1085 00ed 12       		.uleb128 0x12
 1086 00ee 06       		.uleb128 0x6
 1087 00ef 40       		.uleb128 0x40
 1088 00f0 18       		.uleb128 0x18
 1089 00f1 9742     		.uleb128 0x2117
 1090 00f3 19       		.uleb128 0x19
 1091 00f4 01       		.uleb128 0x1
 1092 00f5 13       		.uleb128 0x13
 1093 00f6 00       		.byte	0
 1094 00f7 00       		.byte	0
 1095 00f8 11       		.uleb128 0x11
 1096 00f9 2E       		.uleb128 0x2e
 1097 00fa 00       		.byte	0
ARM GAS  C:\DOCUME~1\Chuck\LOCALS~1\Temp\ccFcjb6N.s 			page 28


 1098 00fb 3F       		.uleb128 0x3f
 1099 00fc 19       		.uleb128 0x19
 1100 00fd 03       		.uleb128 0x3
 1101 00fe 0E       		.uleb128 0xe
 1102 00ff 3A       		.uleb128 0x3a
 1103 0100 0B       		.uleb128 0xb
 1104 0101 3B       		.uleb128 0x3b
 1105 0102 0B       		.uleb128 0xb
 1106 0103 27       		.uleb128 0x27
 1107 0104 19       		.uleb128 0x19
 1108 0105 49       		.uleb128 0x49
 1109 0106 13       		.uleb128 0x13
 1110 0107 3C       		.uleb128 0x3c
 1111 0108 19       		.uleb128 0x19
 1112 0109 00       		.byte	0
 1113 010a 00       		.byte	0
 1114 010b 12       		.uleb128 0x12
 1115 010c 2E       		.uleb128 0x2e
 1116 010d 01       		.byte	0x1
 1117 010e 3F       		.uleb128 0x3f
 1118 010f 19       		.uleb128 0x19
 1119 0110 03       		.uleb128 0x3
 1120 0111 0E       		.uleb128 0xe
 1121 0112 3A       		.uleb128 0x3a
 1122 0113 0B       		.uleb128 0xb
 1123 0114 3B       		.uleb128 0x3b
 1124 0115 0B       		.uleb128 0xb
 1125 0116 27       		.uleb128 0x27
 1126 0117 19       		.uleb128 0x19
 1127 0118 3C       		.uleb128 0x3c
 1128 0119 19       		.uleb128 0x19
 1129 011a 01       		.uleb128 0x1
 1130 011b 13       		.uleb128 0x13
 1131 011c 00       		.byte	0
 1132 011d 00       		.byte	0
 1133 011e 13       		.uleb128 0x13
 1134 011f 05       		.uleb128 0x5
 1135 0120 00       		.byte	0
 1136 0121 49       		.uleb128 0x49
 1137 0122 13       		.uleb128 0x13
 1138 0123 00       		.byte	0
 1139 0124 00       		.byte	0
 1140 0125 14       		.uleb128 0x14
 1141 0126 2E       		.uleb128 0x2e
 1142 0127 01       		.byte	0x1
 1143 0128 3F       		.uleb128 0x3f
 1144 0129 19       		.uleb128 0x19
 1145 012a 03       		.uleb128 0x3
 1146 012b 0E       		.uleb128 0xe
 1147 012c 3A       		.uleb128 0x3a
 1148 012d 0B       		.uleb128 0xb
 1149 012e 3B       		.uleb128 0x3b
 1150 012f 0B       		.uleb128 0xb
 1151 0130 27       		.uleb128 0x27
 1152 0131 19       		.uleb128 0x19
 1153 0132 3C       		.uleb128 0x3c
 1154 0133 19       		.uleb128 0x19
ARM GAS  C:\DOCUME~1\Chuck\LOCALS~1\Temp\ccFcjb6N.s 			page 29


 1155 0134 00       		.byte	0
 1156 0135 00       		.byte	0
 1157 0136 00       		.byte	0
 1158              		.section	.debug_loc,"",%progbits
 1159              	.Ldebug_loc0:
 1160              	.LLST0:
 1161 0000 06000000 		.4byte	.LVL0
 1162 0004 15000000 		.4byte	.LVL1-1
 1163 0008 0100     		.2byte	0x1
 1164 000a 50       		.byte	0x50
 1165 000b 00000000 		.4byte	0
 1166 000f 00000000 		.4byte	0
 1167              	.LLST1:
 1168 0013 10000000 		.4byte	.LVL3
 1169 0017 3E000000 		.4byte	.LVL6
 1170 001b 0100     		.2byte	0x1
 1171 001d 54       		.byte	0x54
 1172 001e 00000000 		.4byte	0
 1173 0022 00000000 		.4byte	0
 1174              	.LLST2:
 1175 0026 06000000 		.4byte	.LVL7
 1176 002a 39000000 		.4byte	.LVL8-1
 1177 002e 0100     		.2byte	0x1
 1178 0030 50       		.byte	0x50
 1179 0031 00000000 		.4byte	0
 1180 0035 00000000 		.4byte	0
 1181              	.LLST3:
 1182 0039 00000000 		.4byte	.LVL9
 1183 003d 07000000 		.4byte	.LVL10-1
 1184 0041 0100     		.2byte	0x1
 1185 0043 50       		.byte	0x50
 1186 0044 07000000 		.4byte	.LVL10-1
 1187 0048 24000000 		.4byte	.LVL12
 1188 004c 0100     		.2byte	0x1
 1189 004e 54       		.byte	0x54
 1190 004f 24000000 		.4byte	.LVL12
 1191 0053 30000000 		.4byte	.LFE4
 1192 0057 0400     		.2byte	0x4
 1193 0059 F3       		.byte	0xf3
 1194 005a 01       		.uleb128 0x1
 1195 005b 50       		.byte	0x50
 1196 005c 9F       		.byte	0x9f
 1197 005d 00000000 		.4byte	0
 1198 0061 00000000 		.4byte	0
 1199              	.LLST4:
 1200 0065 08000000 		.4byte	.LVL10
 1201 0069 23000000 		.4byte	.LVL11-1
 1202 006d 0100     		.2byte	0x1
 1203 006f 50       		.byte	0x50
 1204 0070 00000000 		.4byte	0
 1205 0074 00000000 		.4byte	0
 1206              	.LLST5:
 1207 0078 00000000 		.4byte	.LVL13
 1208 007c 16000000 		.4byte	.LVL14
 1209 0080 0200     		.2byte	0x2
 1210 0082 30       		.byte	0x30
 1211 0083 9F       		.byte	0x9f
ARM GAS  C:\DOCUME~1\Chuck\LOCALS~1\Temp\ccFcjb6N.s 			page 30


 1212 0084 16000000 		.4byte	.LVL14
 1213 0088 1C000000 		.4byte	.LFE5
 1214 008c 0100     		.2byte	0x1
 1215 008e 50       		.byte	0x50
 1216 008f 00000000 		.4byte	0
 1217 0093 00000000 		.4byte	0
 1218              	.LLST6:
 1219 0097 0A000000 		.4byte	.LVL16
 1220 009b 30000000 		.4byte	.LVL19
 1221 009f 0100     		.2byte	0x1
 1222 00a1 55       		.byte	0x55
 1223 00a2 00000000 		.4byte	0
 1224 00a6 00000000 		.4byte	0
 1225              	.LLST7:
 1226 00aa 0A000000 		.4byte	.LVL23
 1227 00ae 2A000000 		.4byte	.LVL26
 1228 00b2 0100     		.2byte	0x1
 1229 00b4 56       		.byte	0x56
 1230 00b5 00000000 		.4byte	0
 1231 00b9 00000000 		.4byte	0
 1232              		.section	.debug_aranges,"",%progbits
 1233 0000 54000000 		.4byte	0x54
 1234 0004 0200     		.2byte	0x2
 1235 0006 00000000 		.4byte	.Ldebug_info0
 1236 000a 04       		.byte	0x4
 1237 000b 00       		.byte	0
 1238 000c 0000     		.2byte	0
 1239 000e 0000     		.2byte	0
 1240 0010 00000000 		.4byte	.LFB0
 1241 0014 1C000000 		.4byte	.LFE0-.LFB0
 1242 0018 00000000 		.4byte	.LFB1
 1243 001c 54000000 		.4byte	.LFE1-.LFB1
 1244 0020 00000000 		.4byte	.LFB2
 1245 0024 50000000 		.4byte	.LFE2-.LFB2
 1246 0028 00000000 		.4byte	.LFB4
 1247 002c 30000000 		.4byte	.LFE4-.LFB4
 1248 0030 00000000 		.4byte	.LFB5
 1249 0034 1C000000 		.4byte	.LFE5-.LFB5
 1250 0038 00000000 		.4byte	.LFB6
 1251 003c 40000000 		.4byte	.LFE6-.LFB6
 1252 0040 00000000 		.4byte	.LFB3
 1253 0044 2C000000 		.4byte	.LFE3-.LFB3
 1254 0048 00000000 		.4byte	.LFB7
 1255 004c 34000000 		.4byte	.LFE7-.LFB7
 1256 0050 00000000 		.4byte	0
 1257 0054 00000000 		.4byte	0
 1258              		.section	.debug_ranges,"",%progbits
 1259              	.Ldebug_ranges0:
 1260 0000 00000000 		.4byte	.LFB0
 1261 0004 1C000000 		.4byte	.LFE0
 1262 0008 00000000 		.4byte	.LFB1
 1263 000c 54000000 		.4byte	.LFE1
 1264 0010 00000000 		.4byte	.LFB2
 1265 0014 50000000 		.4byte	.LFE2
 1266 0018 00000000 		.4byte	.LFB4
 1267 001c 30000000 		.4byte	.LFE4
 1268 0020 00000000 		.4byte	.LFB5
ARM GAS  C:\DOCUME~1\Chuck\LOCALS~1\Temp\ccFcjb6N.s 			page 31


 1269 0024 1C000000 		.4byte	.LFE5
 1270 0028 00000000 		.4byte	.LFB6
 1271 002c 40000000 		.4byte	.LFE6
 1272 0030 00000000 		.4byte	.LFB3
 1273 0034 2C000000 		.4byte	.LFE3
 1274 0038 00000000 		.4byte	.LFB7
 1275 003c 34000000 		.4byte	.LFE7
 1276 0040 00000000 		.4byte	0
 1277 0044 00000000 		.4byte	0
 1278              		.section	.debug_line,"",%progbits
 1279              	.Ldebug_line0:
 1280 0000 51010000 		.section	.debug_str,"MS",%progbits,1
 1280      02004E00 
 1280      00000201 
 1280      FB0E0D00 
 1280      01010101 
 1281              	.LASF15:
 1282 0000 72656731 		.ascii	"reg16\000"
 1282      3600
 1283              	.LASF36:
 1284 0006 43794465 		.ascii	"CyDelayCycles\000"
 1284      6C617943 
 1284      79636C65 
 1284      7300
 1285              	.LASF16:
 1286 0014 72656733 		.ascii	"reg32\000"
 1286      3200
 1287              	.LASF30:
 1288 001a 474E5520 		.ascii	"GNU C 4.9.3 20150303 (release) [ARM/embedded-4_9-br"
 1288      4320342E 
 1288      392E3320 
 1288      32303135 
 1288      30333033 
 1289 004d 616E6368 		.ascii	"anch revision 221220] -mcpu=cortex-m0 -mthumb -g -O"
 1289      20726576 
 1289      6973696F 
 1289      6E203232 
 1289      31323230 
 1290 0080 73202D66 		.ascii	"s -ffunction-sections -ffat-lto-objects\000"
 1290      66756E63 
 1290      74696F6E 
 1290      2D736563 
 1290      74696F6E 
 1291              	.LASF18:
 1292 00a8 43795379 		.ascii	"CySysPmSleep\000"
 1292      73506D53 
 1292      6C656570 
 1292      00
 1293              	.LASF3:
 1294 00b5 73686F72 		.ascii	"short unsigned int\000"
 1294      7420756E 
 1294      7369676E 
 1294      65642069 
 1294      6E7400
 1295              	.LASF22:
 1296 00c8 43795379 		.ascii	"CySysPmHibernate\000"
 1296      73506D48 
ARM GAS  C:\DOCUME~1\Chuck\LOCALS~1\Temp\ccFcjb6N.s 			page 32


 1296      69626572 
 1296      6E617465 
 1296      00
 1297              	.LASF12:
 1298 00d9 666C6F61 		.ascii	"float\000"
 1298      7400
 1299              	.LASF7:
 1300 00df 6C6F6E67 		.ascii	"long long unsigned int\000"
 1300      206C6F6E 
 1300      6720756E 
 1300      7369676E 
 1300      65642069 
 1301              	.LASF1:
 1302 00f6 756E7369 		.ascii	"unsigned char\000"
 1302      676E6564 
 1302      20636861 
 1302      7200
 1303              	.LASF23:
 1304 0104 43795379 		.ascii	"CySysPmSetWakeupPolarity\000"
 1304      73506D53 
 1304      65745761 
 1304      6B657570 
 1304      506F6C61 
 1305              	.LASF20:
 1306 011d 696E7465 		.ascii	"interruptState\000"
 1306      72727570 
 1306      74537461 
 1306      746500
 1307              	.LASF5:
 1308 012c 6C6F6E67 		.ascii	"long unsigned int\000"
 1308      20756E73 
 1308      69676E65 
 1308      6420696E 
 1308      7400
 1309              	.LASF9:
 1310 013e 75696E74 		.ascii	"uint8\000"
 1310      3800
 1311              	.LASF26:
 1312 0144 43795379 		.ascii	"CySysPmStop\000"
 1312      73506D53 
 1312      746F7000 
 1313              	.LASF13:
 1314 0150 646F7562 		.ascii	"double\000"
 1314      6C6500
 1315              	.LASF27:
 1316 0157 43795379 		.ascii	"CySysPmUnfreezeIo\000"
 1316      73506D55 
 1316      6E667265 
 1316      657A6549 
 1316      6F00
 1317              	.LASF10:
 1318 0169 75696E74 		.ascii	"uint16\000"
 1318      313600
 1319              	.LASF11:
 1320 0170 75696E74 		.ascii	"uint32\000"
 1320      333200
 1321              	.LASF35:
ARM GAS  C:\DOCUME~1\Chuck\LOCALS~1\Temp\ccFcjb6N.s 			page 33


 1322 0177 4379456E 		.ascii	"CyEnterCriticalSection\000"
 1322      74657243 
 1322      72697469 
 1322      63616C53 
 1322      65637469 
 1323              	.LASF8:
 1324 018e 756E7369 		.ascii	"unsigned int\000"
 1324      676E6564 
 1324      20696E74 
 1324      00
 1325              	.LASF28:
 1326 019b 43794578 		.ascii	"CyExitCriticalSection\000"
 1326      69744372 
 1326      69746963 
 1326      616C5365 
 1326      6374696F 
 1327              	.LASF29:
 1328 01b1 43795379 		.ascii	"CySysClkWriteSysclkDiv\000"
 1328      73436C6B 
 1328      57726974 
 1328      65537973 
 1328      636C6B44 
 1329              	.LASF24:
 1330 01c8 72656173 		.ascii	"reason\000"
 1330      6F6E00
 1331              	.LASF33:
 1332 01cf 706F6C61 		.ascii	"polarity\000"
 1332      72697479 
 1332      00
 1333              	.LASF34:
 1334 01d8 43795379 		.ascii	"CySysPmGetResetReason\000"
 1334      73506D47 
 1334      65745265 
 1334      73657452 
 1334      6561736F 
 1335              	.LASF17:
 1336 01ee 73697A65 		.ascii	"sizetype\000"
 1336      74797065 
 1336      00
 1337              	.LASF6:
 1338 01f7 6C6F6E67 		.ascii	"long long int\000"
 1338      206C6F6E 
 1338      6720696E 
 1338      7400
 1339              	.LASF14:
 1340 0205 63686172 		.ascii	"char\000"
 1340      00
 1341              	.LASF21:
 1342 020a 636C6B53 		.ascii	"clkSelectReg\000"
 1342      656C6563 
 1342      74526567 
 1342      00
 1343              	.LASF31:
 1344 0217 2E5C4765 		.ascii	".\\Generated_Source\\PSoC4\\cyPm.c\000"
 1344      6E657261 
 1344      7465645F 
 1344      536F7572 
ARM GAS  C:\DOCUME~1\Chuck\LOCALS~1\Temp\ccFcjb6N.s 			page 34


 1344      63655C50 
 1345              	.LASF2:
 1346 0237 73686F72 		.ascii	"short int\000"
 1346      7420696E 
 1346      7400
 1347              	.LASF19:
 1348 0241 43795379 		.ascii	"CySysPmDeepSleep\000"
 1348      73506D44 
 1348      65657053 
 1348      6C656570 
 1348      00
 1349              	.LASF4:
 1350 0252 6C6F6E67 		.ascii	"long int\000"
 1350      20696E74 
 1350      00
 1351              	.LASF0:
 1352 025b 7369676E 		.ascii	"signed char\000"
 1352      65642063 
 1352      68617200 
 1353              	.LASF25:
 1354 0267 43795379 		.ascii	"CySysPmFreezeIo\000"
 1354      73506D46 
 1354      7265657A 
 1354      65496F00 
 1355              	.LASF32:
 1356 0277 433A5C44 		.ascii	"C:\\Documents and Settings\\Chuck\\My Documents\\PS"
 1356      6F63756D 
 1356      656E7473 
 1356      20616E64 
 1356      20536574 
 1357 02a6 6F432043 		.ascii	"oC Creator\\RosOnAStick\\Bootloader.cydsn\000"
 1357      72656174 
 1357      6F725C52 
 1357      6F734F6E 
 1357      41537469 
 1358              		.ident	"GCC: (GNU Tools for ARM Embedded Processors) 4.9.3 20150303 (release) [ARM/embedded-4_9-br
