ARM GAS  C:\DOCUME~1\Chuck\LOCALS~1\Temp\ccf2cUkD.s 			page 1


   1              		.cpu cortex-m0
   2              		.fpu softvfp
   3              		.eabi_attribute 20, 1
   4              		.eabi_attribute 21, 1
   5              		.eabi_attribute 23, 3
   6              		.eabi_attribute 24, 1
   7              		.eabi_attribute 25, 1
   8              		.eabi_attribute 26, 1
   9              		.eabi_attribute 30, 4
  10              		.eabi_attribute 34, 0
  11              		.eabi_attribute 18, 4
  12              		.code	16
  13              		.file	"P1_6.c"
  14              		.text
  15              	.Ltext0:
  16              		.cfi_sections	.debug_frame
  17              		.section	.text.P1_6_Write,"ax",%progbits
  18              		.align	1
  19              		.global	P1_6_Write
  20              		.code	16
  21              		.thumb_func
  22              		.type	P1_6_Write, %function
  23              	P1_6_Write:
  24              	.LFB0:
  25              		.file 1 ".\\Generated_Source\\PSoC4\\P1_6.c"
   1:.\Generated_Source\PSoC4/P1_6.c **** /*******************************************************************************
   2:.\Generated_Source\PSoC4/P1_6.c **** * File Name: P1_6.c  
   3:.\Generated_Source\PSoC4/P1_6.c **** * Version 2.0
   4:.\Generated_Source\PSoC4/P1_6.c **** *
   5:.\Generated_Source\PSoC4/P1_6.c **** * Description:
   6:.\Generated_Source\PSoC4/P1_6.c **** *  This file contains API to enable firmware control of a Pins component.
   7:.\Generated_Source\PSoC4/P1_6.c **** *
   8:.\Generated_Source\PSoC4/P1_6.c **** * Note:
   9:.\Generated_Source\PSoC4/P1_6.c **** *
  10:.\Generated_Source\PSoC4/P1_6.c **** ********************************************************************************
  11:.\Generated_Source\PSoC4/P1_6.c **** * Copyright 2008-2014, Cypress Semiconductor Corporation.  All rights reserved.
  12:.\Generated_Source\PSoC4/P1_6.c **** * You may use this file only in accordance with the license, terms, conditions, 
  13:.\Generated_Source\PSoC4/P1_6.c **** * disclaimers, and limitations in the end user license agreement accompanying 
  14:.\Generated_Source\PSoC4/P1_6.c **** * the software package with which this file was provided.
  15:.\Generated_Source\PSoC4/P1_6.c **** *******************************************************************************/
  16:.\Generated_Source\PSoC4/P1_6.c **** 
  17:.\Generated_Source\PSoC4/P1_6.c **** #include "cytypes.h"
  18:.\Generated_Source\PSoC4/P1_6.c **** #include "P1_6.h"
  19:.\Generated_Source\PSoC4/P1_6.c **** 
  20:.\Generated_Source\PSoC4/P1_6.c **** #define SetP4PinDriveMode(shift, mode)  \
  21:.\Generated_Source\PSoC4/P1_6.c ****     do { \
  22:.\Generated_Source\PSoC4/P1_6.c ****         P1_6_PC =   (P1_6_PC & \
  23:.\Generated_Source\PSoC4/P1_6.c ****                                 (uint32)(~(uint32)(P1_6_DRIVE_MODE_IND_MASK << (P1_6_DRIVE_MODE_BIT
  24:.\Generated_Source\PSoC4/P1_6.c ****                                 (uint32)((uint32)(mode) << (P1_6_DRIVE_MODE_BITS * (shift))); \
  25:.\Generated_Source\PSoC4/P1_6.c ****     } while (0)
  26:.\Generated_Source\PSoC4/P1_6.c **** 
  27:.\Generated_Source\PSoC4/P1_6.c **** 
  28:.\Generated_Source\PSoC4/P1_6.c **** /*******************************************************************************
  29:.\Generated_Source\PSoC4/P1_6.c **** * Function Name: P1_6_Write
  30:.\Generated_Source\PSoC4/P1_6.c **** ********************************************************************************
  31:.\Generated_Source\PSoC4/P1_6.c **** *
  32:.\Generated_Source\PSoC4/P1_6.c **** * Summary:
ARM GAS  C:\DOCUME~1\Chuck\LOCALS~1\Temp\ccf2cUkD.s 			page 2


  33:.\Generated_Source\PSoC4/P1_6.c **** *  Assign a new value to the digital port's data output register.  
  34:.\Generated_Source\PSoC4/P1_6.c **** *
  35:.\Generated_Source\PSoC4/P1_6.c **** * Parameters:  
  36:.\Generated_Source\PSoC4/P1_6.c **** *  prtValue:  The value to be assigned to the Digital Port. 
  37:.\Generated_Source\PSoC4/P1_6.c **** *
  38:.\Generated_Source\PSoC4/P1_6.c **** * Return: 
  39:.\Generated_Source\PSoC4/P1_6.c **** *  None 
  40:.\Generated_Source\PSoC4/P1_6.c **** *  
  41:.\Generated_Source\PSoC4/P1_6.c **** *******************************************************************************/
  42:.\Generated_Source\PSoC4/P1_6.c **** void P1_6_Write(uint8 value) 
  43:.\Generated_Source\PSoC4/P1_6.c **** {
  26              		.loc 1 43 0
  27              		.cfi_startproc
  28              	.LVL0:
  44:.\Generated_Source\PSoC4/P1_6.c ****     uint8 drVal = (uint8)(P1_6_DR & (uint8)(~P1_6_MASK));
  29              		.loc 1 44 0
  30 0000 4023     		mov	r3, #64
  31 0002 0449     		ldr	r1, .L2
  45:.\Generated_Source\PSoC4/P1_6.c ****     drVal = (drVal | ((uint8)(value << P1_6_SHIFT) & P1_6_MASK));
  32              		.loc 1 45 0
  33 0004 8001     		lsl	r0, r0, #6
  34              	.LVL1:
  44:.\Generated_Source\PSoC4/P1_6.c ****     uint8 drVal = (uint8)(P1_6_DR & (uint8)(~P1_6_MASK));
  35              		.loc 1 44 0
  36 0006 0A68     		ldr	r2, [r1]
  46:.\Generated_Source\PSoC4/P1_6.c ****     P1_6_DR = (uint32)drVal;
  47:.\Generated_Source\PSoC4/P1_6.c **** }
  37              		.loc 1 47 0
  38              		@ sp needed
  44:.\Generated_Source\PSoC4/P1_6.c ****     drVal = (drVal | ((uint8)(value << P1_6_SHIFT) & P1_6_MASK));
  39              		.loc 1 44 0
  40 0008 9A43     		bic	r2, r3
  41 000a D2B2     		uxtb	r2, r2
  45:.\Generated_Source\PSoC4/P1_6.c ****     drVal = (drVal | ((uint8)(value << P1_6_SHIFT) & P1_6_MASK));
  42              		.loc 1 45 0
  43 000c 0340     		and	r3, r0
  46:.\Generated_Source\PSoC4/P1_6.c ****     P1_6_DR = (uint32)drVal;
  44              		.loc 1 46 0
  45 000e 1343     		orr	r3, r2
  46 0010 0B60     		str	r3, [r1]
  47              		.loc 1 47 0
  48 0012 7047     		bx	lr
  49              	.L3:
  50              		.align	2
  51              	.L2:
  52 0014 00010440 		.word	1074004224
  53              		.cfi_endproc
  54              	.LFE0:
  55              		.size	P1_6_Write, .-P1_6_Write
  56              		.section	.text.P1_6_SetDriveMode,"ax",%progbits
  57              		.align	1
  58              		.global	P1_6_SetDriveMode
  59              		.code	16
  60              		.thumb_func
  61              		.type	P1_6_SetDriveMode, %function
  62              	P1_6_SetDriveMode:
  63              	.LFB1:
ARM GAS  C:\DOCUME~1\Chuck\LOCALS~1\Temp\ccf2cUkD.s 			page 3


  48:.\Generated_Source\PSoC4/P1_6.c **** 
  49:.\Generated_Source\PSoC4/P1_6.c **** 
  50:.\Generated_Source\PSoC4/P1_6.c **** /*******************************************************************************
  51:.\Generated_Source\PSoC4/P1_6.c **** * Function Name: P1_6_SetDriveMode
  52:.\Generated_Source\PSoC4/P1_6.c **** ********************************************************************************
  53:.\Generated_Source\PSoC4/P1_6.c **** *
  54:.\Generated_Source\PSoC4/P1_6.c **** * Summary:
  55:.\Generated_Source\PSoC4/P1_6.c **** *  Change the drive mode on the pins of the port.
  56:.\Generated_Source\PSoC4/P1_6.c **** * 
  57:.\Generated_Source\PSoC4/P1_6.c **** * Parameters:  
  58:.\Generated_Source\PSoC4/P1_6.c **** *  mode:  Change the pins to one of the following drive modes.
  59:.\Generated_Source\PSoC4/P1_6.c **** *
  60:.\Generated_Source\PSoC4/P1_6.c **** *  P1_6_DM_STRONG     Strong Drive 
  61:.\Generated_Source\PSoC4/P1_6.c **** *  P1_6_DM_OD_HI      Open Drain, Drives High 
  62:.\Generated_Source\PSoC4/P1_6.c **** *  P1_6_DM_OD_LO      Open Drain, Drives Low 
  63:.\Generated_Source\PSoC4/P1_6.c **** *  P1_6_DM_RES_UP     Resistive Pull Up 
  64:.\Generated_Source\PSoC4/P1_6.c **** *  P1_6_DM_RES_DWN    Resistive Pull Down 
  65:.\Generated_Source\PSoC4/P1_6.c **** *  P1_6_DM_RES_UPDWN  Resistive Pull Up/Down 
  66:.\Generated_Source\PSoC4/P1_6.c **** *  P1_6_DM_DIG_HIZ    High Impedance Digital 
  67:.\Generated_Source\PSoC4/P1_6.c **** *  P1_6_DM_ALG_HIZ    High Impedance Analog 
  68:.\Generated_Source\PSoC4/P1_6.c **** *
  69:.\Generated_Source\PSoC4/P1_6.c **** * Return: 
  70:.\Generated_Source\PSoC4/P1_6.c **** *  None
  71:.\Generated_Source\PSoC4/P1_6.c **** *
  72:.\Generated_Source\PSoC4/P1_6.c **** *******************************************************************************/
  73:.\Generated_Source\PSoC4/P1_6.c **** void P1_6_SetDriveMode(uint8 mode) 
  74:.\Generated_Source\PSoC4/P1_6.c **** {
  64              		.loc 1 74 0
  65              		.cfi_startproc
  66              	.LVL2:
  75:.\Generated_Source\PSoC4/P1_6.c **** 	SetP4PinDriveMode(P1_6__0__SHIFT, mode);
  67              		.loc 1 75 0
  68 0000 034A     		ldr	r2, .L5
  69 0002 044B     		ldr	r3, .L5+4
  70 0004 1168     		ldr	r1, [r2]
  71 0006 8004     		lsl	r0, r0, #18
  72              	.LVL3:
  73 0008 0B40     		and	r3, r1
  74 000a 1843     		orr	r0, r3
  75 000c 1060     		str	r0, [r2]
  76:.\Generated_Source\PSoC4/P1_6.c **** }
  76              		.loc 1 76 0
  77              		@ sp needed
  78 000e 7047     		bx	lr
  79              	.L6:
  80              		.align	2
  81              	.L5:
  82 0010 08010440 		.word	1074004232
  83 0014 FFFFE3FF 		.word	-1835009
  84              		.cfi_endproc
  85              	.LFE1:
  86              		.size	P1_6_SetDriveMode, .-P1_6_SetDriveMode
  87              		.section	.text.P1_6_Read,"ax",%progbits
  88              		.align	1
  89              		.global	P1_6_Read
  90              		.code	16
  91              		.thumb_func
ARM GAS  C:\DOCUME~1\Chuck\LOCALS~1\Temp\ccf2cUkD.s 			page 4


  92              		.type	P1_6_Read, %function
  93              	P1_6_Read:
  94              	.LFB2:
  77:.\Generated_Source\PSoC4/P1_6.c **** 
  78:.\Generated_Source\PSoC4/P1_6.c **** 
  79:.\Generated_Source\PSoC4/P1_6.c **** /*******************************************************************************
  80:.\Generated_Source\PSoC4/P1_6.c **** * Function Name: P1_6_Read
  81:.\Generated_Source\PSoC4/P1_6.c **** ********************************************************************************
  82:.\Generated_Source\PSoC4/P1_6.c **** *
  83:.\Generated_Source\PSoC4/P1_6.c **** * Summary:
  84:.\Generated_Source\PSoC4/P1_6.c **** *  Read the current value on the pins of the Digital Port in right justified 
  85:.\Generated_Source\PSoC4/P1_6.c **** *  form.
  86:.\Generated_Source\PSoC4/P1_6.c **** *
  87:.\Generated_Source\PSoC4/P1_6.c **** * Parameters:  
  88:.\Generated_Source\PSoC4/P1_6.c **** *  None 
  89:.\Generated_Source\PSoC4/P1_6.c **** *
  90:.\Generated_Source\PSoC4/P1_6.c **** * Return: 
  91:.\Generated_Source\PSoC4/P1_6.c **** *  Returns the current value of the Digital Port as a right justified number
  92:.\Generated_Source\PSoC4/P1_6.c **** *  
  93:.\Generated_Source\PSoC4/P1_6.c **** * Note:
  94:.\Generated_Source\PSoC4/P1_6.c **** *  Macro P1_6_ReadPS calls this function. 
  95:.\Generated_Source\PSoC4/P1_6.c **** *  
  96:.\Generated_Source\PSoC4/P1_6.c **** *******************************************************************************/
  97:.\Generated_Source\PSoC4/P1_6.c **** uint8 P1_6_Read(void) 
  98:.\Generated_Source\PSoC4/P1_6.c **** {
  95              		.loc 1 98 0
  96              		.cfi_startproc
  99:.\Generated_Source\PSoC4/P1_6.c ****     return (uint8)((P1_6_PS & P1_6_MASK) >> P1_6_SHIFT);
  97              		.loc 1 99 0
  98 0000 024B     		ldr	r3, .L8
 100:.\Generated_Source\PSoC4/P1_6.c **** }
  99              		.loc 1 100 0
 100              		@ sp needed
  99:.\Generated_Source\PSoC4/P1_6.c ****     return (uint8)((P1_6_PS & P1_6_MASK) >> P1_6_SHIFT);
 101              		.loc 1 99 0
 102 0002 1868     		ldr	r0, [r3]
 103 0004 4006     		lsl	r0, r0, #25
 104 0006 C00F     		lsr	r0, r0, #31
 105              		.loc 1 100 0
 106 0008 7047     		bx	lr
 107              	.L9:
 108 000a C046     		.align	2
 109              	.L8:
 110 000c 04010440 		.word	1074004228
 111              		.cfi_endproc
 112              	.LFE2:
 113              		.size	P1_6_Read, .-P1_6_Read
 114              		.section	.text.P1_6_ReadDataReg,"ax",%progbits
 115              		.align	1
 116              		.global	P1_6_ReadDataReg
 117              		.code	16
 118              		.thumb_func
 119              		.type	P1_6_ReadDataReg, %function
 120              	P1_6_ReadDataReg:
 121              	.LFB3:
 101:.\Generated_Source\PSoC4/P1_6.c **** 
 102:.\Generated_Source\PSoC4/P1_6.c **** 
ARM GAS  C:\DOCUME~1\Chuck\LOCALS~1\Temp\ccf2cUkD.s 			page 5


 103:.\Generated_Source\PSoC4/P1_6.c **** /*******************************************************************************
 104:.\Generated_Source\PSoC4/P1_6.c **** * Function Name: P1_6_ReadDataReg
 105:.\Generated_Source\PSoC4/P1_6.c **** ********************************************************************************
 106:.\Generated_Source\PSoC4/P1_6.c **** *
 107:.\Generated_Source\PSoC4/P1_6.c **** * Summary:
 108:.\Generated_Source\PSoC4/P1_6.c **** *  Read the current value assigned to a Digital Port's data output register
 109:.\Generated_Source\PSoC4/P1_6.c **** *
 110:.\Generated_Source\PSoC4/P1_6.c **** * Parameters:  
 111:.\Generated_Source\PSoC4/P1_6.c **** *  None 
 112:.\Generated_Source\PSoC4/P1_6.c **** *
 113:.\Generated_Source\PSoC4/P1_6.c **** * Return: 
 114:.\Generated_Source\PSoC4/P1_6.c **** *  Returns the current value assigned to the Digital Port's data output register
 115:.\Generated_Source\PSoC4/P1_6.c **** *  
 116:.\Generated_Source\PSoC4/P1_6.c **** *******************************************************************************/
 117:.\Generated_Source\PSoC4/P1_6.c **** uint8 P1_6_ReadDataReg(void) 
 118:.\Generated_Source\PSoC4/P1_6.c **** {
 122              		.loc 1 118 0
 123              		.cfi_startproc
 119:.\Generated_Source\PSoC4/P1_6.c ****     return (uint8)((P1_6_DR & P1_6_MASK) >> P1_6_SHIFT);
 124              		.loc 1 119 0
 125 0000 024B     		ldr	r3, .L11
 120:.\Generated_Source\PSoC4/P1_6.c **** }
 126              		.loc 1 120 0
 127              		@ sp needed
 119:.\Generated_Source\PSoC4/P1_6.c ****     return (uint8)((P1_6_DR & P1_6_MASK) >> P1_6_SHIFT);
 128              		.loc 1 119 0
 129 0002 1868     		ldr	r0, [r3]
 130 0004 4006     		lsl	r0, r0, #25
 131 0006 C00F     		lsr	r0, r0, #31
 132              		.loc 1 120 0
 133 0008 7047     		bx	lr
 134              	.L12:
 135 000a C046     		.align	2
 136              	.L11:
 137 000c 00010440 		.word	1074004224
 138              		.cfi_endproc
 139              	.LFE3:
 140              		.size	P1_6_ReadDataReg, .-P1_6_ReadDataReg
 141              		.section	.text.P1_6_ClearInterrupt,"ax",%progbits
 142              		.align	1
 143              		.global	P1_6_ClearInterrupt
 144              		.code	16
 145              		.thumb_func
 146              		.type	P1_6_ClearInterrupt, %function
 147              	P1_6_ClearInterrupt:
 148              	.LFB4:
 121:.\Generated_Source\PSoC4/P1_6.c **** 
 122:.\Generated_Source\PSoC4/P1_6.c **** 
 123:.\Generated_Source\PSoC4/P1_6.c **** /* If Interrupts Are Enabled for this Pins component */ 
 124:.\Generated_Source\PSoC4/P1_6.c **** #if defined(P1_6_INTSTAT) 
 125:.\Generated_Source\PSoC4/P1_6.c **** 
 126:.\Generated_Source\PSoC4/P1_6.c ****     /*******************************************************************************
 127:.\Generated_Source\PSoC4/P1_6.c ****     * Function Name: P1_6_ClearInterrupt
 128:.\Generated_Source\PSoC4/P1_6.c ****     ********************************************************************************
 129:.\Generated_Source\PSoC4/P1_6.c ****     *
 130:.\Generated_Source\PSoC4/P1_6.c ****     * Summary:
 131:.\Generated_Source\PSoC4/P1_6.c ****     *  Clears any active interrupts attached to port and returns the value of the 
ARM GAS  C:\DOCUME~1\Chuck\LOCALS~1\Temp\ccf2cUkD.s 			page 6


 132:.\Generated_Source\PSoC4/P1_6.c ****     *  interrupt status register.
 133:.\Generated_Source\PSoC4/P1_6.c ****     *
 134:.\Generated_Source\PSoC4/P1_6.c ****     * Parameters:  
 135:.\Generated_Source\PSoC4/P1_6.c ****     *  None 
 136:.\Generated_Source\PSoC4/P1_6.c ****     *
 137:.\Generated_Source\PSoC4/P1_6.c ****     * Return: 
 138:.\Generated_Source\PSoC4/P1_6.c ****     *  Returns the value of the interrupt status register
 139:.\Generated_Source\PSoC4/P1_6.c ****     *  
 140:.\Generated_Source\PSoC4/P1_6.c ****     *******************************************************************************/
 141:.\Generated_Source\PSoC4/P1_6.c ****     uint8 P1_6_ClearInterrupt(void) 
 142:.\Generated_Source\PSoC4/P1_6.c ****     {
 149              		.loc 1 142 0
 150              		.cfi_startproc
 143:.\Generated_Source\PSoC4/P1_6.c **** 		uint8 maskedStatus = (uint8)(P1_6_INTSTAT & P1_6_MASK);
 151              		.loc 1 143 0
 152 0000 4023     		mov	r3, #64
 153 0002 034A     		ldr	r2, .L14
 144:.\Generated_Source\PSoC4/P1_6.c **** 		P1_6_INTSTAT = maskedStatus;
 145:.\Generated_Source\PSoC4/P1_6.c ****         return maskedStatus >> P1_6_SHIFT;
 146:.\Generated_Source\PSoC4/P1_6.c ****     }
 154              		.loc 1 146 0
 155              		@ sp needed
 143:.\Generated_Source\PSoC4/P1_6.c **** 		uint8 maskedStatus = (uint8)(P1_6_INTSTAT & P1_6_MASK);
 156              		.loc 1 143 0
 157 0004 1068     		ldr	r0, [r2]
 158 0006 1840     		and	r0, r3
 159              	.LVL4:
 144:.\Generated_Source\PSoC4/P1_6.c **** 		P1_6_INTSTAT = maskedStatus;
 160              		.loc 1 144 0
 161 0008 1060     		str	r0, [r2]
 145:.\Generated_Source\PSoC4/P1_6.c ****     }
 162              		.loc 1 145 0
 163 000a 8009     		lsr	r0, r0, #6
 164              	.LVL5:
 165 000c C0B2     		uxtb	r0, r0
 166              		.loc 1 146 0
 167 000e 7047     		bx	lr
 168              	.L15:
 169              		.align	2
 170              	.L14:
 171 0010 10010440 		.word	1074004240
 172              		.cfi_endproc
 173              	.LFE4:
 174              		.size	P1_6_ClearInterrupt, .-P1_6_ClearInterrupt
 175              		.text
 176              	.Letext0:
 177              		.file 2 ".\\Generated_Source\\PSoC4\\cytypes.h"
 178              		.section	.debug_info,"",%progbits
 179              	.Ldebug_info0:
 180 0000 47010000 		.4byte	0x147
 181 0004 0400     		.2byte	0x4
 182 0006 00000000 		.4byte	.Ldebug_abbrev0
 183 000a 04       		.byte	0x4
 184 000b 01       		.uleb128 0x1
 185 000c 06000000 		.4byte	.LASF22
 186 0010 01       		.byte	0x1
 187 0011 FD000000 		.4byte	.LASF23
ARM GAS  C:\DOCUME~1\Chuck\LOCALS~1\Temp\ccf2cUkD.s 			page 7


 188 0015 C1010000 		.4byte	.LASF24
 189 0019 00000000 		.4byte	.Ldebug_ranges0+0
 190 001d 00000000 		.4byte	0
 191 0021 00000000 		.4byte	.Ldebug_line0
 192 0025 02       		.uleb128 0x2
 193 0026 01       		.byte	0x1
 194 0027 06       		.byte	0x6
 195 0028 B5010000 		.4byte	.LASF0
 196 002c 02       		.uleb128 0x2
 197 002d 01       		.byte	0x1
 198 002e 08       		.byte	0x8
 199 002f BD000000 		.4byte	.LASF1
 200 0033 02       		.uleb128 0x2
 201 0034 02       		.byte	0x2
 202 0035 05       		.byte	0x5
 203 0036 8B010000 		.4byte	.LASF2
 204 003a 02       		.uleb128 0x2
 205 003b 02       		.byte	0x2
 206 003c 07       		.byte	0x7
 207 003d E3000000 		.4byte	.LASF3
 208 0041 02       		.uleb128 0x2
 209 0042 04       		.byte	0x4
 210 0043 05       		.byte	0x5
 211 0044 AC010000 		.4byte	.LASF4
 212 0048 02       		.uleb128 0x2
 213 0049 04       		.byte	0x4
 214 004a 07       		.byte	0x7
 215 004b D1000000 		.4byte	.LASF5
 216 004f 02       		.uleb128 0x2
 217 0050 08       		.byte	0x8
 218 0051 05       		.byte	0x5
 219 0052 6B010000 		.4byte	.LASF6
 220 0056 02       		.uleb128 0x2
 221 0057 08       		.byte	0x8
 222 0058 07       		.byte	0x7
 223 0059 3B010000 		.4byte	.LASF7
 224 005d 03       		.uleb128 0x3
 225 005e 04       		.byte	0x4
 226 005f 05       		.byte	0x5
 227 0060 696E7400 		.ascii	"int\000"
 228 0064 02       		.uleb128 0x2
 229 0065 04       		.byte	0x4
 230 0066 07       		.byte	0x7
 231 0067 24010000 		.4byte	.LASF8
 232 006b 04       		.uleb128 0x4
 233 006c 95010000 		.4byte	.LASF9
 234 0070 02       		.byte	0x2
 235 0071 5B       		.byte	0x5b
 236 0072 2C000000 		.4byte	0x2c
 237 0076 04       		.uleb128 0x4
 238 0077 1D010000 		.4byte	.LASF10
 239 007b 02       		.byte	0x2
 240 007c 5D       		.byte	0x5d
 241 007d 48000000 		.4byte	0x48
 242 0081 02       		.uleb128 0x2
 243 0082 04       		.byte	0x4
 244 0083 04       		.byte	0x4
ARM GAS  C:\DOCUME~1\Chuck\LOCALS~1\Temp\ccf2cUkD.s 			page 8


 245 0084 B7000000 		.4byte	.LASF11
 246 0088 02       		.uleb128 0x2
 247 0089 08       		.byte	0x8
 248 008a 04       		.byte	0x4
 249 008b F6000000 		.4byte	.LASF12
 250 008f 02       		.uleb128 0x2
 251 0090 01       		.byte	0x1
 252 0091 08       		.byte	0x8
 253 0092 86010000 		.4byte	.LASF13
 254 0096 04       		.uleb128 0x4
 255 0097 00000000 		.4byte	.LASF14
 256 009b 02       		.byte	0x2
 257 009c F2       		.byte	0xf2
 258 009d A1000000 		.4byte	0xa1
 259 00a1 05       		.uleb128 0x5
 260 00a2 76000000 		.4byte	0x76
 261 00a6 06       		.uleb128 0x6
 262 00a7 9A000000 		.4byte	.LASF15
 263 00ab 01       		.byte	0x1
 264 00ac 2A       		.byte	0x2a
 265 00ad 00000000 		.4byte	.LFB0
 266 00b1 18000000 		.4byte	.LFE0-.LFB0
 267 00b5 01       		.uleb128 0x1
 268 00b6 9C       		.byte	0x9c
 269 00b7 D6000000 		.4byte	0xd6
 270 00bb 07       		.uleb128 0x7
 271 00bc 94000000 		.4byte	.LASF17
 272 00c0 01       		.byte	0x1
 273 00c1 2A       		.byte	0x2a
 274 00c2 6B000000 		.4byte	0x6b
 275 00c6 00000000 		.4byte	.LLST0
 276 00ca 08       		.uleb128 0x8
 277 00cb CB000000 		.4byte	.LASF25
 278 00cf 01       		.byte	0x1
 279 00d0 2C       		.byte	0x2c
 280 00d1 6B000000 		.4byte	0x6b
 281 00d5 00       		.byte	0
 282 00d6 06       		.uleb128 0x6
 283 00d7 A5000000 		.4byte	.LASF16
 284 00db 01       		.byte	0x1
 285 00dc 49       		.byte	0x49
 286 00dd 00000000 		.4byte	.LFB1
 287 00e1 18000000 		.4byte	.LFE1-.LFB1
 288 00e5 01       		.uleb128 0x1
 289 00e6 9C       		.byte	0x9c
 290 00e7 FB000000 		.4byte	0xfb
 291 00eb 07       		.uleb128 0x7
 292 00ec 52010000 		.4byte	.LASF18
 293 00f0 01       		.byte	0x1
 294 00f1 49       		.byte	0x49
 295 00f2 6B000000 		.4byte	0x6b
 296 00f6 21000000 		.4byte	.LLST1
 297 00fa 00       		.byte	0
 298 00fb 09       		.uleb128 0x9
 299 00fc 31010000 		.4byte	.LASF19
 300 0100 01       		.byte	0x1
 301 0101 61       		.byte	0x61
ARM GAS  C:\DOCUME~1\Chuck\LOCALS~1\Temp\ccf2cUkD.s 			page 9


 302 0102 6B000000 		.4byte	0x6b
 303 0106 00000000 		.4byte	.LFB2
 304 010a 10000000 		.4byte	.LFE2-.LFB2
 305 010e 01       		.uleb128 0x1
 306 010f 9C       		.byte	0x9c
 307 0110 09       		.uleb128 0x9
 308 0111 9B010000 		.4byte	.LASF20
 309 0115 01       		.byte	0x1
 310 0116 75       		.byte	0x75
 311 0117 6B000000 		.4byte	0x6b
 312 011b 00000000 		.4byte	.LFB3
 313 011f 10000000 		.4byte	.LFE3-.LFB3
 314 0123 01       		.uleb128 0x1
 315 0124 9C       		.byte	0x9c
 316 0125 0A       		.uleb128 0xa
 317 0126 57010000 		.4byte	.LASF21
 318 012a 01       		.byte	0x1
 319 012b 8D       		.byte	0x8d
 320 012c 6B000000 		.4byte	0x6b
 321 0130 00000000 		.4byte	.LFB4
 322 0134 14000000 		.4byte	.LFE4-.LFB4
 323 0138 01       		.uleb128 0x1
 324 0139 9C       		.byte	0x9c
 325 013a 0B       		.uleb128 0xb
 326 013b 79010000 		.4byte	.LASF26
 327 013f 01       		.byte	0x1
 328 0140 8F       		.byte	0x8f
 329 0141 6B000000 		.4byte	0x6b
 330 0145 42000000 		.4byte	.LLST2
 331 0149 00       		.byte	0
 332 014a 00       		.byte	0
 333              		.section	.debug_abbrev,"",%progbits
 334              	.Ldebug_abbrev0:
 335 0000 01       		.uleb128 0x1
 336 0001 11       		.uleb128 0x11
 337 0002 01       		.byte	0x1
 338 0003 25       		.uleb128 0x25
 339 0004 0E       		.uleb128 0xe
 340 0005 13       		.uleb128 0x13
 341 0006 0B       		.uleb128 0xb
 342 0007 03       		.uleb128 0x3
 343 0008 0E       		.uleb128 0xe
 344 0009 1B       		.uleb128 0x1b
 345 000a 0E       		.uleb128 0xe
 346 000b 55       		.uleb128 0x55
 347 000c 17       		.uleb128 0x17
 348 000d 11       		.uleb128 0x11
 349 000e 01       		.uleb128 0x1
 350 000f 10       		.uleb128 0x10
 351 0010 17       		.uleb128 0x17
 352 0011 00       		.byte	0
 353 0012 00       		.byte	0
 354 0013 02       		.uleb128 0x2
 355 0014 24       		.uleb128 0x24
 356 0015 00       		.byte	0
 357 0016 0B       		.uleb128 0xb
 358 0017 0B       		.uleb128 0xb
ARM GAS  C:\DOCUME~1\Chuck\LOCALS~1\Temp\ccf2cUkD.s 			page 10


 359 0018 3E       		.uleb128 0x3e
 360 0019 0B       		.uleb128 0xb
 361 001a 03       		.uleb128 0x3
 362 001b 0E       		.uleb128 0xe
 363 001c 00       		.byte	0
 364 001d 00       		.byte	0
 365 001e 03       		.uleb128 0x3
 366 001f 24       		.uleb128 0x24
 367 0020 00       		.byte	0
 368 0021 0B       		.uleb128 0xb
 369 0022 0B       		.uleb128 0xb
 370 0023 3E       		.uleb128 0x3e
 371 0024 0B       		.uleb128 0xb
 372 0025 03       		.uleb128 0x3
 373 0026 08       		.uleb128 0x8
 374 0027 00       		.byte	0
 375 0028 00       		.byte	0
 376 0029 04       		.uleb128 0x4
 377 002a 16       		.uleb128 0x16
 378 002b 00       		.byte	0
 379 002c 03       		.uleb128 0x3
 380 002d 0E       		.uleb128 0xe
 381 002e 3A       		.uleb128 0x3a
 382 002f 0B       		.uleb128 0xb
 383 0030 3B       		.uleb128 0x3b
 384 0031 0B       		.uleb128 0xb
 385 0032 49       		.uleb128 0x49
 386 0033 13       		.uleb128 0x13
 387 0034 00       		.byte	0
 388 0035 00       		.byte	0
 389 0036 05       		.uleb128 0x5
 390 0037 35       		.uleb128 0x35
 391 0038 00       		.byte	0
 392 0039 49       		.uleb128 0x49
 393 003a 13       		.uleb128 0x13
 394 003b 00       		.byte	0
 395 003c 00       		.byte	0
 396 003d 06       		.uleb128 0x6
 397 003e 2E       		.uleb128 0x2e
 398 003f 01       		.byte	0x1
 399 0040 3F       		.uleb128 0x3f
 400 0041 19       		.uleb128 0x19
 401 0042 03       		.uleb128 0x3
 402 0043 0E       		.uleb128 0xe
 403 0044 3A       		.uleb128 0x3a
 404 0045 0B       		.uleb128 0xb
 405 0046 3B       		.uleb128 0x3b
 406 0047 0B       		.uleb128 0xb
 407 0048 27       		.uleb128 0x27
 408 0049 19       		.uleb128 0x19
 409 004a 11       		.uleb128 0x11
 410 004b 01       		.uleb128 0x1
 411 004c 12       		.uleb128 0x12
 412 004d 06       		.uleb128 0x6
 413 004e 40       		.uleb128 0x40
 414 004f 18       		.uleb128 0x18
 415 0050 9742     		.uleb128 0x2117
ARM GAS  C:\DOCUME~1\Chuck\LOCALS~1\Temp\ccf2cUkD.s 			page 11


 416 0052 19       		.uleb128 0x19
 417 0053 01       		.uleb128 0x1
 418 0054 13       		.uleb128 0x13
 419 0055 00       		.byte	0
 420 0056 00       		.byte	0
 421 0057 07       		.uleb128 0x7
 422 0058 05       		.uleb128 0x5
 423 0059 00       		.byte	0
 424 005a 03       		.uleb128 0x3
 425 005b 0E       		.uleb128 0xe
 426 005c 3A       		.uleb128 0x3a
 427 005d 0B       		.uleb128 0xb
 428 005e 3B       		.uleb128 0x3b
 429 005f 0B       		.uleb128 0xb
 430 0060 49       		.uleb128 0x49
 431 0061 13       		.uleb128 0x13
 432 0062 02       		.uleb128 0x2
 433 0063 17       		.uleb128 0x17
 434 0064 00       		.byte	0
 435 0065 00       		.byte	0
 436 0066 08       		.uleb128 0x8
 437 0067 34       		.uleb128 0x34
 438 0068 00       		.byte	0
 439 0069 03       		.uleb128 0x3
 440 006a 0E       		.uleb128 0xe
 441 006b 3A       		.uleb128 0x3a
 442 006c 0B       		.uleb128 0xb
 443 006d 3B       		.uleb128 0x3b
 444 006e 0B       		.uleb128 0xb
 445 006f 49       		.uleb128 0x49
 446 0070 13       		.uleb128 0x13
 447 0071 00       		.byte	0
 448 0072 00       		.byte	0
 449 0073 09       		.uleb128 0x9
 450 0074 2E       		.uleb128 0x2e
 451 0075 00       		.byte	0
 452 0076 3F       		.uleb128 0x3f
 453 0077 19       		.uleb128 0x19
 454 0078 03       		.uleb128 0x3
 455 0079 0E       		.uleb128 0xe
 456 007a 3A       		.uleb128 0x3a
 457 007b 0B       		.uleb128 0xb
 458 007c 3B       		.uleb128 0x3b
 459 007d 0B       		.uleb128 0xb
 460 007e 27       		.uleb128 0x27
 461 007f 19       		.uleb128 0x19
 462 0080 49       		.uleb128 0x49
 463 0081 13       		.uleb128 0x13
 464 0082 11       		.uleb128 0x11
 465 0083 01       		.uleb128 0x1
 466 0084 12       		.uleb128 0x12
 467 0085 06       		.uleb128 0x6
 468 0086 40       		.uleb128 0x40
 469 0087 18       		.uleb128 0x18
 470 0088 9742     		.uleb128 0x2117
 471 008a 19       		.uleb128 0x19
 472 008b 00       		.byte	0
ARM GAS  C:\DOCUME~1\Chuck\LOCALS~1\Temp\ccf2cUkD.s 			page 12


 473 008c 00       		.byte	0
 474 008d 0A       		.uleb128 0xa
 475 008e 2E       		.uleb128 0x2e
 476 008f 01       		.byte	0x1
 477 0090 3F       		.uleb128 0x3f
 478 0091 19       		.uleb128 0x19
 479 0092 03       		.uleb128 0x3
 480 0093 0E       		.uleb128 0xe
 481 0094 3A       		.uleb128 0x3a
 482 0095 0B       		.uleb128 0xb
 483 0096 3B       		.uleb128 0x3b
 484 0097 0B       		.uleb128 0xb
 485 0098 27       		.uleb128 0x27
 486 0099 19       		.uleb128 0x19
 487 009a 49       		.uleb128 0x49
 488 009b 13       		.uleb128 0x13
 489 009c 11       		.uleb128 0x11
 490 009d 01       		.uleb128 0x1
 491 009e 12       		.uleb128 0x12
 492 009f 06       		.uleb128 0x6
 493 00a0 40       		.uleb128 0x40
 494 00a1 18       		.uleb128 0x18
 495 00a2 9742     		.uleb128 0x2117
 496 00a4 19       		.uleb128 0x19
 497 00a5 00       		.byte	0
 498 00a6 00       		.byte	0
 499 00a7 0B       		.uleb128 0xb
 500 00a8 34       		.uleb128 0x34
 501 00a9 00       		.byte	0
 502 00aa 03       		.uleb128 0x3
 503 00ab 0E       		.uleb128 0xe
 504 00ac 3A       		.uleb128 0x3a
 505 00ad 0B       		.uleb128 0xb
 506 00ae 3B       		.uleb128 0x3b
 507 00af 0B       		.uleb128 0xb
 508 00b0 49       		.uleb128 0x49
 509 00b1 13       		.uleb128 0x13
 510 00b2 02       		.uleb128 0x2
 511 00b3 17       		.uleb128 0x17
 512 00b4 00       		.byte	0
 513 00b5 00       		.byte	0
 514 00b6 00       		.byte	0
 515              		.section	.debug_loc,"",%progbits
 516              	.Ldebug_loc0:
 517              	.LLST0:
 518 0000 00000000 		.4byte	.LVL0
 519 0004 06000000 		.4byte	.LVL1
 520 0008 0100     		.2byte	0x1
 521 000a 50       		.byte	0x50
 522 000b 06000000 		.4byte	.LVL1
 523 000f 18000000 		.4byte	.LFE0
 524 0013 0400     		.2byte	0x4
 525 0015 F3       		.byte	0xf3
 526 0016 01       		.uleb128 0x1
 527 0017 50       		.byte	0x50
 528 0018 9F       		.byte	0x9f
 529 0019 00000000 		.4byte	0
ARM GAS  C:\DOCUME~1\Chuck\LOCALS~1\Temp\ccf2cUkD.s 			page 13


 530 001d 00000000 		.4byte	0
 531              	.LLST1:
 532 0021 00000000 		.4byte	.LVL2
 533 0025 08000000 		.4byte	.LVL3
 534 0029 0100     		.2byte	0x1
 535 002b 50       		.byte	0x50
 536 002c 08000000 		.4byte	.LVL3
 537 0030 18000000 		.4byte	.LFE1
 538 0034 0400     		.2byte	0x4
 539 0036 F3       		.byte	0xf3
 540 0037 01       		.uleb128 0x1
 541 0038 50       		.byte	0x50
 542 0039 9F       		.byte	0x9f
 543 003a 00000000 		.4byte	0
 544 003e 00000000 		.4byte	0
 545              	.LLST2:
 546 0042 08000000 		.4byte	.LVL4
 547 0046 0C000000 		.4byte	.LVL5
 548 004a 0100     		.2byte	0x1
 549 004c 50       		.byte	0x50
 550 004d 0C000000 		.4byte	.LVL5
 551 0051 14000000 		.4byte	.LFE4
 552 0055 0400     		.2byte	0x4
 553 0057 72       		.byte	0x72
 554 0058 00       		.sleb128 0
 555 0059 06       		.byte	0x6
 556 005a 9F       		.byte	0x9f
 557 005b 00000000 		.4byte	0
 558 005f 00000000 		.4byte	0
 559              		.section	.debug_aranges,"",%progbits
 560 0000 3C000000 		.4byte	0x3c
 561 0004 0200     		.2byte	0x2
 562 0006 00000000 		.4byte	.Ldebug_info0
 563 000a 04       		.byte	0x4
 564 000b 00       		.byte	0
 565 000c 0000     		.2byte	0
 566 000e 0000     		.2byte	0
 567 0010 00000000 		.4byte	.LFB0
 568 0014 18000000 		.4byte	.LFE0-.LFB0
 569 0018 00000000 		.4byte	.LFB1
 570 001c 18000000 		.4byte	.LFE1-.LFB1
 571 0020 00000000 		.4byte	.LFB2
 572 0024 10000000 		.4byte	.LFE2-.LFB2
 573 0028 00000000 		.4byte	.LFB3
 574 002c 10000000 		.4byte	.LFE3-.LFB3
 575 0030 00000000 		.4byte	.LFB4
 576 0034 14000000 		.4byte	.LFE4-.LFB4
 577 0038 00000000 		.4byte	0
 578 003c 00000000 		.4byte	0
 579              		.section	.debug_ranges,"",%progbits
 580              	.Ldebug_ranges0:
 581 0000 00000000 		.4byte	.LFB0
 582 0004 18000000 		.4byte	.LFE0
 583 0008 00000000 		.4byte	.LFB1
 584 000c 18000000 		.4byte	.LFE1
 585 0010 00000000 		.4byte	.LFB2
 586 0014 10000000 		.4byte	.LFE2
ARM GAS  C:\DOCUME~1\Chuck\LOCALS~1\Temp\ccf2cUkD.s 			page 14


 587 0018 00000000 		.4byte	.LFB3
 588 001c 10000000 		.4byte	.LFE3
 589 0020 00000000 		.4byte	.LFB4
 590 0024 14000000 		.4byte	.LFE4
 591 0028 00000000 		.4byte	0
 592 002c 00000000 		.4byte	0
 593              		.section	.debug_line,"",%progbits
 594              	.Ldebug_line0:
 595 0000 B0000000 		.section	.debug_str,"MS",%progbits,1
 595      02004300 
 595      00000201 
 595      FB0E0D00 
 595      01010101 
 596              	.LASF14:
 597 0000 72656733 		.ascii	"reg32\000"
 597      3200
 598              	.LASF22:
 599 0006 474E5520 		.ascii	"GNU C 4.9.3 20150303 (release) [ARM/embedded-4_9-br"
 599      4320342E 
 599      392E3320 
 599      32303135 
 599      30333033 
 600 0039 616E6368 		.ascii	"anch revision 221220] -mcpu=cortex-m0 -mthumb -g -O"
 600      20726576 
 600      6973696F 
 600      6E203232 
 600      31323230 
 601 006c 73202D66 		.ascii	"s -ffunction-sections -ffat-lto-objects\000"
 601      66756E63 
 601      74696F6E 
 601      2D736563 
 601      74696F6E 
 602              	.LASF17:
 603 0094 76616C75 		.ascii	"value\000"
 603      6500
 604              	.LASF15:
 605 009a 50315F36 		.ascii	"P1_6_Write\000"
 605      5F577269 
 605      746500
 606              	.LASF16:
 607 00a5 50315F36 		.ascii	"P1_6_SetDriveMode\000"
 607      5F536574 
 607      44726976 
 607      654D6F64 
 607      6500
 608              	.LASF11:
 609 00b7 666C6F61 		.ascii	"float\000"
 609      7400
 610              	.LASF1:
 611 00bd 756E7369 		.ascii	"unsigned char\000"
 611      676E6564 
 611      20636861 
 611      7200
 612              	.LASF25:
 613 00cb 64725661 		.ascii	"drVal\000"
 613      6C00
 614              	.LASF5:
ARM GAS  C:\DOCUME~1\Chuck\LOCALS~1\Temp\ccf2cUkD.s 			page 15


 615 00d1 6C6F6E67 		.ascii	"long unsigned int\000"
 615      20756E73 
 615      69676E65 
 615      6420696E 
 615      7400
 616              	.LASF3:
 617 00e3 73686F72 		.ascii	"short unsigned int\000"
 617      7420756E 
 617      7369676E 
 617      65642069 
 617      6E7400
 618              	.LASF12:
 619 00f6 646F7562 		.ascii	"double\000"
 619      6C6500
 620              	.LASF23:
 621 00fd 2E5C4765 		.ascii	".\\Generated_Source\\PSoC4\\P1_6.c\000"
 621      6E657261 
 621      7465645F 
 621      536F7572 
 621      63655C50 
 622              	.LASF10:
 623 011d 75696E74 		.ascii	"uint32\000"
 623      333200
 624              	.LASF8:
 625 0124 756E7369 		.ascii	"unsigned int\000"
 625      676E6564 
 625      20696E74 
 625      00
 626              	.LASF19:
 627 0131 50315F36 		.ascii	"P1_6_Read\000"
 627      5F526561 
 627      6400
 628              	.LASF7:
 629 013b 6C6F6E67 		.ascii	"long long unsigned int\000"
 629      206C6F6E 
 629      6720756E 
 629      7369676E 
 629      65642069 
 630              	.LASF18:
 631 0152 6D6F6465 		.ascii	"mode\000"
 631      00
 632              	.LASF21:
 633 0157 50315F36 		.ascii	"P1_6_ClearInterrupt\000"
 633      5F436C65 
 633      6172496E 
 633      74657272 
 633      75707400 
 634              	.LASF6:
 635 016b 6C6F6E67 		.ascii	"long long int\000"
 635      206C6F6E 
 635      6720696E 
 635      7400
 636              	.LASF26:
 637 0179 6D61736B 		.ascii	"maskedStatus\000"
 637      65645374 
 637      61747573 
 637      00
ARM GAS  C:\DOCUME~1\Chuck\LOCALS~1\Temp\ccf2cUkD.s 			page 16


 638              	.LASF13:
 639 0186 63686172 		.ascii	"char\000"
 639      00
 640              	.LASF2:
 641 018b 73686F72 		.ascii	"short int\000"
 641      7420696E 
 641      7400
 642              	.LASF9:
 643 0195 75696E74 		.ascii	"uint8\000"
 643      3800
 644              	.LASF20:
 645 019b 50315F36 		.ascii	"P1_6_ReadDataReg\000"
 645      5F526561 
 645      64446174 
 645      61526567 
 645      00
 646              	.LASF4:
 647 01ac 6C6F6E67 		.ascii	"long int\000"
 647      20696E74 
 647      00
 648              	.LASF0:
 649 01b5 7369676E 		.ascii	"signed char\000"
 649      65642063 
 649      68617200 
 650              	.LASF24:
 651 01c1 433A5C44 		.ascii	"C:\\Documents and Settings\\Chuck\\My Documents\\PS"
 651      6F63756D 
 651      656E7473 
 651      20616E64 
 651      20536574 
 652 01f0 6F432043 		.ascii	"oC Creator\\RosOnAStick\\Bootloader.cydsn\000"
 652      72656174 
 652      6F725C52 
 652      6F734F6E 
 652      41537469 
 653              		.ident	"GCC: (GNU Tools for ARM Embedded Processors) 4.9.3 20150303 (release) [ARM/embedded-4_9-br
