ARM GAS  C:\DOCUME~1\Chuck\LOCALS~1\Temp\ccPsdDAu.s 			page 1


   1              		.cpu cortex-m0
   2              		.fpu softvfp
   3              		.eabi_attribute 20, 1
   4              		.eabi_attribute 21, 1
   5              		.eabi_attribute 23, 3
   6              		.eabi_attribute 24, 1
   7              		.eabi_attribute 25, 1
   8              		.eabi_attribute 26, 1
   9              		.eabi_attribute 30, 4
  10              		.eabi_attribute 34, 0
  11              		.eabi_attribute 18, 4
  12              		.code	16
  13              		.file	"UART_UART_BOOT.c"
  14              		.text
  15              	.Ltext0:
  16              		.cfi_sections	.debug_frame
  17              		.section	.text.UART_UartCyBtldrCommStart,"ax",%progbits
  18              		.align	1
  19              		.global	UART_UartCyBtldrCommStart
  20              		.code	16
  21              		.thumb_func
  22              		.type	UART_UartCyBtldrCommStart, %function
  23              	UART_UartCyBtldrCommStart:
  24              	.LFB0:
  25              		.file 1 ".\\Generated_Source\\PSoC4\\UART_UART_BOOT.c"
   1:.\Generated_Source\PSoC4/UART_UART_BOOT.c **** /*******************************************************************************
   2:.\Generated_Source\PSoC4/UART_UART_BOOT.c **** * File Name: UART_UART_BOOT.c
   3:.\Generated_Source\PSoC4/UART_UART_BOOT.c **** * Version 1.20
   4:.\Generated_Source\PSoC4/UART_UART_BOOT.c **** *
   5:.\Generated_Source\PSoC4/UART_UART_BOOT.c **** * Description:
   6:.\Generated_Source\PSoC4/UART_UART_BOOT.c **** *  This file provides the source code to the API for the bootloader
   7:.\Generated_Source\PSoC4/UART_UART_BOOT.c **** *  communication support in SCB Component UART mode.
   8:.\Generated_Source\PSoC4/UART_UART_BOOT.c **** *
   9:.\Generated_Source\PSoC4/UART_UART_BOOT.c **** * Note:
  10:.\Generated_Source\PSoC4/UART_UART_BOOT.c **** *
  11:.\Generated_Source\PSoC4/UART_UART_BOOT.c **** ********************************************************************************
  12:.\Generated_Source\PSoC4/UART_UART_BOOT.c **** * Copyright 2013-2014, Cypress Semiconductor Corporation.  All rights reserved.
  13:.\Generated_Source\PSoC4/UART_UART_BOOT.c **** * You may use this file only in accordance with the license, terms, conditions,
  14:.\Generated_Source\PSoC4/UART_UART_BOOT.c **** * disclaimers, and limitations in the end user license agreement accompanying
  15:.\Generated_Source\PSoC4/UART_UART_BOOT.c **** * the software package with which this file was provided.
  16:.\Generated_Source\PSoC4/UART_UART_BOOT.c **** *******************************************************************************/
  17:.\Generated_Source\PSoC4/UART_UART_BOOT.c **** 
  18:.\Generated_Source\PSoC4/UART_UART_BOOT.c **** #include "UART_SPI_UART.h"
  19:.\Generated_Source\PSoC4/UART_UART_BOOT.c **** 
  20:.\Generated_Source\PSoC4/UART_UART_BOOT.c **** #if defined(CYDEV_BOOTLOADER_IO_COMP) && (UART_UART_BTLDR_COMM_ENABLED)
  21:.\Generated_Source\PSoC4/UART_UART_BOOT.c **** 
  22:.\Generated_Source\PSoC4/UART_UART_BOOT.c **** /***************************************
  23:.\Generated_Source\PSoC4/UART_UART_BOOT.c **** *    Private I/O Component Vars
  24:.\Generated_Source\PSoC4/UART_UART_BOOT.c **** ***************************************/
  25:.\Generated_Source\PSoC4/UART_UART_BOOT.c **** 
  26:.\Generated_Source\PSoC4/UART_UART_BOOT.c **** 
  27:.\Generated_Source\PSoC4/UART_UART_BOOT.c **** /*******************************************************************************
  28:.\Generated_Source\PSoC4/UART_UART_BOOT.c **** * Function Name: UART_UartCyBtldrCommStart
  29:.\Generated_Source\PSoC4/UART_UART_BOOT.c **** ********************************************************************************
  30:.\Generated_Source\PSoC4/UART_UART_BOOT.c **** *
  31:.\Generated_Source\PSoC4/UART_UART_BOOT.c **** * Summary:
  32:.\Generated_Source\PSoC4/UART_UART_BOOT.c **** *  This function does nothing.
ARM GAS  C:\DOCUME~1\Chuck\LOCALS~1\Temp\ccPsdDAu.s 			page 2


  33:.\Generated_Source\PSoC4/UART_UART_BOOT.c **** *  The SCB in the UART mode does not support the bootloader communication.
  34:.\Generated_Source\PSoC4/UART_UART_BOOT.c **** *
  35:.\Generated_Source\PSoC4/UART_UART_BOOT.c **** * Parameters:
  36:.\Generated_Source\PSoC4/UART_UART_BOOT.c **** *  None
  37:.\Generated_Source\PSoC4/UART_UART_BOOT.c **** *
  38:.\Generated_Source\PSoC4/UART_UART_BOOT.c **** * Return:
  39:.\Generated_Source\PSoC4/UART_UART_BOOT.c **** *  None
  40:.\Generated_Source\PSoC4/UART_UART_BOOT.c **** *
  41:.\Generated_Source\PSoC4/UART_UART_BOOT.c **** *******************************************************************************/
  42:.\Generated_Source\PSoC4/UART_UART_BOOT.c **** void UART_UartCyBtldrCommStart(void)
  43:.\Generated_Source\PSoC4/UART_UART_BOOT.c **** {
  26              		.loc 1 43 0
  27              		.cfi_startproc
  44:.\Generated_Source\PSoC4/UART_UART_BOOT.c ****     ; /* Does nothing */
  45:.\Generated_Source\PSoC4/UART_UART_BOOT.c **** }
  28              		.loc 1 45 0
  29              		@ sp needed
  30 0000 7047     		bx	lr
  31              		.cfi_endproc
  32              	.LFE0:
  33              		.size	UART_UartCyBtldrCommStart, .-UART_UartCyBtldrCommStart
  34              		.section	.text.UART_UartCyBtldrCommStop,"ax",%progbits
  35              		.align	1
  36              		.global	UART_UartCyBtldrCommStop
  37              		.code	16
  38              		.thumb_func
  39              		.type	UART_UartCyBtldrCommStop, %function
  40              	UART_UartCyBtldrCommStop:
  41              	.LFB1:
  46:.\Generated_Source\PSoC4/UART_UART_BOOT.c **** 
  47:.\Generated_Source\PSoC4/UART_UART_BOOT.c **** 
  48:.\Generated_Source\PSoC4/UART_UART_BOOT.c **** /*******************************************************************************
  49:.\Generated_Source\PSoC4/UART_UART_BOOT.c **** * Function Name: UART_UartCyBtldrCommStop
  50:.\Generated_Source\PSoC4/UART_UART_BOOT.c **** ********************************************************************************
  51:.\Generated_Source\PSoC4/UART_UART_BOOT.c **** *
  52:.\Generated_Source\PSoC4/UART_UART_BOOT.c **** * Summary:
  53:.\Generated_Source\PSoC4/UART_UART_BOOT.c **** *  This function does nothing.
  54:.\Generated_Source\PSoC4/UART_UART_BOOT.c **** *  The SCB in the UART mode does not support the bootloader communication.
  55:.\Generated_Source\PSoC4/UART_UART_BOOT.c **** *
  56:.\Generated_Source\PSoC4/UART_UART_BOOT.c **** * Parameters:
  57:.\Generated_Source\PSoC4/UART_UART_BOOT.c **** *  None
  58:.\Generated_Source\PSoC4/UART_UART_BOOT.c **** *
  59:.\Generated_Source\PSoC4/UART_UART_BOOT.c **** * Return:
  60:.\Generated_Source\PSoC4/UART_UART_BOOT.c **** *  None
  61:.\Generated_Source\PSoC4/UART_UART_BOOT.c **** *
  62:.\Generated_Source\PSoC4/UART_UART_BOOT.c **** *******************************************************************************/
  63:.\Generated_Source\PSoC4/UART_UART_BOOT.c **** void UART_UartCyBtldrCommStop(void)
  64:.\Generated_Source\PSoC4/UART_UART_BOOT.c **** {
  42              		.loc 1 64 0
  43              		.cfi_startproc
  65:.\Generated_Source\PSoC4/UART_UART_BOOT.c ****     ; /* Does nothing */
  66:.\Generated_Source\PSoC4/UART_UART_BOOT.c **** }
  44              		.loc 1 66 0
  45              		@ sp needed
  46 0000 7047     		bx	lr
  47              		.cfi_endproc
  48              	.LFE1:
ARM GAS  C:\DOCUME~1\Chuck\LOCALS~1\Temp\ccPsdDAu.s 			page 3


  49              		.size	UART_UartCyBtldrCommStop, .-UART_UartCyBtldrCommStop
  50              		.section	.text.UART_UartCyBtldrCommReset,"ax",%progbits
  51              		.align	1
  52              		.global	UART_UartCyBtldrCommReset
  53              		.code	16
  54              		.thumb_func
  55              		.type	UART_UartCyBtldrCommReset, %function
  56              	UART_UartCyBtldrCommReset:
  57              	.LFB2:
  67:.\Generated_Source\PSoC4/UART_UART_BOOT.c **** 
  68:.\Generated_Source\PSoC4/UART_UART_BOOT.c **** 
  69:.\Generated_Source\PSoC4/UART_UART_BOOT.c **** /*******************************************************************************
  70:.\Generated_Source\PSoC4/UART_UART_BOOT.c **** * Function Name: UART_UartCyBtldrCommReset
  71:.\Generated_Source\PSoC4/UART_UART_BOOT.c **** ********************************************************************************
  72:.\Generated_Source\PSoC4/UART_UART_BOOT.c **** *
  73:.\Generated_Source\PSoC4/UART_UART_BOOT.c **** * Summary:
  74:.\Generated_Source\PSoC4/UART_UART_BOOT.c **** *  This function does nothing.
  75:.\Generated_Source\PSoC4/UART_UART_BOOT.c **** *  The SCB in the UART mode does not support the bootloader communication.
  76:.\Generated_Source\PSoC4/UART_UART_BOOT.c **** *
  77:.\Generated_Source\PSoC4/UART_UART_BOOT.c **** * Parameters:
  78:.\Generated_Source\PSoC4/UART_UART_BOOT.c **** *  None
  79:.\Generated_Source\PSoC4/UART_UART_BOOT.c **** *
  80:.\Generated_Source\PSoC4/UART_UART_BOOT.c **** * Return:
  81:.\Generated_Source\PSoC4/UART_UART_BOOT.c **** *  None
  82:.\Generated_Source\PSoC4/UART_UART_BOOT.c **** *
  83:.\Generated_Source\PSoC4/UART_UART_BOOT.c **** *******************************************************************************/
  84:.\Generated_Source\PSoC4/UART_UART_BOOT.c **** void UART_UartCyBtldrCommReset(void)
  85:.\Generated_Source\PSoC4/UART_UART_BOOT.c **** {
  58              		.loc 1 85 0
  59              		.cfi_startproc
  86:.\Generated_Source\PSoC4/UART_UART_BOOT.c ****     ; /* Does nothing */
  87:.\Generated_Source\PSoC4/UART_UART_BOOT.c **** }
  60              		.loc 1 87 0
  61              		@ sp needed
  62 0000 7047     		bx	lr
  63              		.cfi_endproc
  64              	.LFE2:
  65              		.size	UART_UartCyBtldrCommReset, .-UART_UartCyBtldrCommReset
  66              		.section	.text.UART_UartCyBtldrCommRead,"ax",%progbits
  67              		.align	1
  68              		.global	UART_UartCyBtldrCommRead
  69              		.code	16
  70              		.thumb_func
  71              		.type	UART_UartCyBtldrCommRead, %function
  72              	UART_UartCyBtldrCommRead:
  73              	.LFB3:
  88:.\Generated_Source\PSoC4/UART_UART_BOOT.c **** 
  89:.\Generated_Source\PSoC4/UART_UART_BOOT.c **** 
  90:.\Generated_Source\PSoC4/UART_UART_BOOT.c **** /*******************************************************************************
  91:.\Generated_Source\PSoC4/UART_UART_BOOT.c **** * Function Name: UART_UartCyBtldrCommRead
  92:.\Generated_Source\PSoC4/UART_UART_BOOT.c **** ********************************************************************************
  93:.\Generated_Source\PSoC4/UART_UART_BOOT.c **** *
  94:.\Generated_Source\PSoC4/UART_UART_BOOT.c **** * Summary:
  95:.\Generated_Source\PSoC4/UART_UART_BOOT.c **** *  This function does nothing.
  96:.\Generated_Source\PSoC4/UART_UART_BOOT.c **** *  The SCB in the UART mode does not support the bootloader communication.
  97:.\Generated_Source\PSoC4/UART_UART_BOOT.c **** *
  98:.\Generated_Source\PSoC4/UART_UART_BOOT.c **** * Parameters:
ARM GAS  C:\DOCUME~1\Chuck\LOCALS~1\Temp\ccPsdDAu.s 			page 4


  99:.\Generated_Source\PSoC4/UART_UART_BOOT.c **** *  pData:    Pointer to storage for the block of data to be read from the
 100:.\Generated_Source\PSoC4/UART_UART_BOOT.c **** *            bootloader host
 101:.\Generated_Source\PSoC4/UART_UART_BOOT.c **** *  size:     Number of bytes to be read.
 102:.\Generated_Source\PSoC4/UART_UART_BOOT.c **** *  count:    Pointer to the variable to write the number of bytes actually
 103:.\Generated_Source\PSoC4/UART_UART_BOOT.c **** *            read.
 104:.\Generated_Source\PSoC4/UART_UART_BOOT.c **** *  timeOut:  Number of units in 10 ms to wait before returning because of a
 105:.\Generated_Source\PSoC4/UART_UART_BOOT.c **** *            timeout.
 106:.\Generated_Source\PSoC4/UART_UART_BOOT.c **** *
 107:.\Generated_Source\PSoC4/UART_UART_BOOT.c **** * Return:
 108:.\Generated_Source\PSoC4/UART_UART_BOOT.c **** *  Returns CYRET_SUCCESS if no problem was encountered or returns the value
 109:.\Generated_Source\PSoC4/UART_UART_BOOT.c **** *  that best describes the problem.
 110:.\Generated_Source\PSoC4/UART_UART_BOOT.c **** *
 111:.\Generated_Source\PSoC4/UART_UART_BOOT.c **** *******************************************************************************/
 112:.\Generated_Source\PSoC4/UART_UART_BOOT.c **** cystatus UART_UartCyBtldrCommRead(uint8 pData[], uint16 size, uint16 * count, uint8 timeOut)
 113:.\Generated_Source\PSoC4/UART_UART_BOOT.c **** {
  74              		.loc 1 113 0
  75              		.cfi_startproc
  76              	.LVL0:
 114:.\Generated_Source\PSoC4/UART_UART_BOOT.c ****     cystatus status;
 115:.\Generated_Source\PSoC4/UART_UART_BOOT.c ****     status = CYRET_BAD_PARAM;
 116:.\Generated_Source\PSoC4/UART_UART_BOOT.c **** 
 117:.\Generated_Source\PSoC4/UART_UART_BOOT.c ****     return(status);
 118:.\Generated_Source\PSoC4/UART_UART_BOOT.c **** }
  77              		.loc 1 118 0
  78 0000 0120     		mov	r0, #1
  79              	.LVL1:
  80              		@ sp needed
  81 0002 7047     		bx	lr
  82              		.cfi_endproc
  83              	.LFE3:
  84              		.size	UART_UartCyBtldrCommRead, .-UART_UartCyBtldrCommRead
  85              		.section	.text.UART_UartCyBtldrCommWrite,"ax",%progbits
  86              		.align	1
  87              		.global	UART_UartCyBtldrCommWrite
  88              		.code	16
  89              		.thumb_func
  90              		.type	UART_UartCyBtldrCommWrite, %function
  91              	UART_UartCyBtldrCommWrite:
  92              	.LFB4:
 119:.\Generated_Source\PSoC4/UART_UART_BOOT.c **** 
 120:.\Generated_Source\PSoC4/UART_UART_BOOT.c **** 
 121:.\Generated_Source\PSoC4/UART_UART_BOOT.c **** /*******************************************************************************
 122:.\Generated_Source\PSoC4/UART_UART_BOOT.c **** * Function Name: UART_UartCyBtldrCommWrite
 123:.\Generated_Source\PSoC4/UART_UART_BOOT.c **** ********************************************************************************
 124:.\Generated_Source\PSoC4/UART_UART_BOOT.c **** *
 125:.\Generated_Source\PSoC4/UART_UART_BOOT.c **** * Summary:
 126:.\Generated_Source\PSoC4/UART_UART_BOOT.c **** *  This function does nothing.
 127:.\Generated_Source\PSoC4/UART_UART_BOOT.c **** *  The SCB in the UART mode does not support the bootloader communication.
 128:.\Generated_Source\PSoC4/UART_UART_BOOT.c **** *
 129:.\Generated_Source\PSoC4/UART_UART_BOOT.c **** * Parameters:
 130:.\Generated_Source\PSoC4/UART_UART_BOOT.c **** *  pData:    Pointer to the block of data to be written to the bootloader host.
 131:.\Generated_Source\PSoC4/UART_UART_BOOT.c **** *  size:     Number of bytes to be written.
 132:.\Generated_Source\PSoC4/UART_UART_BOOT.c **** *  count:    Pointer to the variable to write the number of bytes actually
 133:.\Generated_Source\PSoC4/UART_UART_BOOT.c **** *            written.
 134:.\Generated_Source\PSoC4/UART_UART_BOOT.c **** *  timeOut:  Number of units in 10 ms to wait before returning because of a
 135:.\Generated_Source\PSoC4/UART_UART_BOOT.c **** *            timeout.
 136:.\Generated_Source\PSoC4/UART_UART_BOOT.c **** *
ARM GAS  C:\DOCUME~1\Chuck\LOCALS~1\Temp\ccPsdDAu.s 			page 5


 137:.\Generated_Source\PSoC4/UART_UART_BOOT.c **** * Return:
 138:.\Generated_Source\PSoC4/UART_UART_BOOT.c **** *  Returns CYRET_SUCCESS if no problem was encountered or returns the value
 139:.\Generated_Source\PSoC4/UART_UART_BOOT.c **** *  that best describes the problem.
 140:.\Generated_Source\PSoC4/UART_UART_BOOT.c **** *
 141:.\Generated_Source\PSoC4/UART_UART_BOOT.c **** *******************************************************************************/
 142:.\Generated_Source\PSoC4/UART_UART_BOOT.c **** cystatus UART_UartCyBtldrCommWrite(const uint8 pData[], uint16 size, uint16 * count, uint8 timeOut)
 143:.\Generated_Source\PSoC4/UART_UART_BOOT.c **** {
  93              		.loc 1 143 0
  94              		.cfi_startproc
  95              	.LVL2:
 144:.\Generated_Source\PSoC4/UART_UART_BOOT.c ****     cystatus status;
 145:.\Generated_Source\PSoC4/UART_UART_BOOT.c ****     status = CYRET_BAD_PARAM;
 146:.\Generated_Source\PSoC4/UART_UART_BOOT.c **** 
 147:.\Generated_Source\PSoC4/UART_UART_BOOT.c ****     return(status);
 148:.\Generated_Source\PSoC4/UART_UART_BOOT.c **** }
  96              		.loc 1 148 0
  97 0000 0120     		mov	r0, #1
  98              	.LVL3:
  99              		@ sp needed
 100 0002 7047     		bx	lr
 101              		.cfi_endproc
 102              	.LFE4:
 103              		.size	UART_UartCyBtldrCommWrite, .-UART_UartCyBtldrCommWrite
 104              		.text
 105              	.Letext0:
 106              		.file 2 "Generated_Source\\PSoC4/cytypes.h"
 107              		.section	.debug_info,"",%progbits
 108              	.Ldebug_info0:
 109 0000 A7010000 		.4byte	0x1a7
 110 0004 0400     		.2byte	0x4
 111 0006 00000000 		.4byte	.Ldebug_abbrev0
 112 000a 04       		.byte	0x4
 113 000b 01       		.uleb128 0x1
 114 000c 4E000000 		.4byte	.LASF26
 115 0010 01       		.byte	0x1
 116 0011 47010000 		.4byte	.LASF27
 117 0015 E4010000 		.4byte	.LASF28
 118 0019 00000000 		.4byte	.Ldebug_ranges0+0
 119 001d 00000000 		.4byte	0
 120 0021 00000000 		.4byte	.Ldebug_line0
 121 0025 02       		.uleb128 0x2
 122 0026 01       		.byte	0x1
 123 0027 06       		.byte	0x6
 124 0028 BC010000 		.4byte	.LASF0
 125 002c 02       		.uleb128 0x2
 126 002d 01       		.byte	0x1
 127 002e 08       		.byte	0x8
 128 002f 39010000 		.4byte	.LASF1
 129 0033 02       		.uleb128 0x2
 130 0034 02       		.byte	0x2
 131 0035 05       		.byte	0x5
 132 0036 D3010000 		.4byte	.LASF2
 133 003a 02       		.uleb128 0x2
 134 003b 02       		.byte	0x2
 135 003c 07       		.byte	0x7
 136 003d 0E000000 		.4byte	.LASF3
 137 0041 02       		.uleb128 0x2
ARM GAS  C:\DOCUME~1\Chuck\LOCALS~1\Temp\ccPsdDAu.s 			page 6


 138 0042 04       		.byte	0x4
 139 0043 05       		.byte	0x5
 140 0044 7C010000 		.4byte	.LASF4
 141 0048 02       		.uleb128 0x2
 142 0049 04       		.byte	0x4
 143 004a 07       		.byte	0x7
 144 004b DC000000 		.4byte	.LASF5
 145 004f 02       		.uleb128 0x2
 146 0050 08       		.byte	0x8
 147 0051 05       		.byte	0x5
 148 0052 00000000 		.4byte	.LASF6
 149 0056 02       		.uleb128 0x2
 150 0057 08       		.byte	0x8
 151 0058 07       		.byte	0x7
 152 0059 EE000000 		.4byte	.LASF7
 153 005d 03       		.uleb128 0x3
 154 005e 04       		.byte	0x4
 155 005f 05       		.byte	0x5
 156 0060 696E7400 		.ascii	"int\000"
 157 0064 02       		.uleb128 0x2
 158 0065 04       		.byte	0x4
 159 0066 07       		.byte	0x7
 160 0067 21000000 		.4byte	.LASF8
 161 006b 04       		.uleb128 0x4
 162 006c B6010000 		.4byte	.LASF9
 163 0070 02       		.byte	0x2
 164 0071 5B       		.byte	0x5b
 165 0072 2C000000 		.4byte	0x2c
 166 0076 04       		.uleb128 0x4
 167 0077 DD010000 		.4byte	.LASF10
 168 007b 02       		.byte	0x2
 169 007c 5C       		.byte	0x5c
 170 007d 3A000000 		.4byte	0x3a
 171 0081 02       		.uleb128 0x2
 172 0082 04       		.byte	0x4
 173 0083 04       		.byte	0x4
 174 0084 CD010000 		.4byte	.LASF11
 175 0088 02       		.uleb128 0x2
 176 0089 08       		.byte	0x8
 177 008a 04       		.byte	0x4
 178 008b A6010000 		.4byte	.LASF12
 179 008f 02       		.uleb128 0x2
 180 0090 01       		.byte	0x1
 181 0091 08       		.byte	0x8
 182 0092 71010000 		.4byte	.LASF13
 183 0096 04       		.uleb128 0x4
 184 0097 AD010000 		.4byte	.LASF14
 185 009b 02       		.byte	0x2
 186 009c E8       		.byte	0xe8
 187 009d 48000000 		.4byte	0x48
 188 00a1 02       		.uleb128 0x2
 189 00a2 04       		.byte	0x4
 190 00a3 07       		.byte	0x7
 191 00a4 41020000 		.4byte	.LASF15
 192 00a8 05       		.uleb128 0x5
 193 00a9 04       		.byte	0x4
 194 00aa 6B000000 		.4byte	0x6b
ARM GAS  C:\DOCUME~1\Chuck\LOCALS~1\Temp\ccPsdDAu.s 			page 7


 195 00ae 06       		.uleb128 0x6
 196 00af 1F010000 		.4byte	.LASF16
 197 00b3 01       		.byte	0x1
 198 00b4 2A       		.byte	0x2a
 199 00b5 00000000 		.4byte	.LFB0
 200 00b9 02000000 		.4byte	.LFE0-.LFB0
 201 00bd 01       		.uleb128 0x1
 202 00be 9C       		.byte	0x9c
 203 00bf 06       		.uleb128 0x6
 204 00c0 85010000 		.4byte	.LASF17
 205 00c4 01       		.byte	0x1
 206 00c5 3F       		.byte	0x3f
 207 00c6 00000000 		.4byte	.LFB1
 208 00ca 02000000 		.4byte	.LFE1-.LFB1
 209 00ce 01       		.uleb128 0x1
 210 00cf 9C       		.byte	0x9c
 211 00d0 06       		.uleb128 0x6
 212 00d1 05010000 		.4byte	.LASF18
 213 00d5 01       		.byte	0x1
 214 00d6 54       		.byte	0x54
 215 00d7 00000000 		.4byte	.LFB2
 216 00db 02000000 		.4byte	.LFE2-.LFB2
 217 00df 01       		.uleb128 0x1
 218 00e0 9C       		.byte	0x9c
 219 00e1 07       		.uleb128 0x7
 220 00e2 2E000000 		.4byte	.LASF23
 221 00e6 01       		.byte	0x1
 222 00e7 70       		.byte	0x70
 223 00e8 96000000 		.4byte	0x96
 224 00ec 00000000 		.4byte	.LFB3
 225 00f0 04000000 		.4byte	.LFE3-.LFB3
 226 00f4 01       		.uleb128 0x1
 227 00f5 9C       		.byte	0x9c
 228 00f6 3D010000 		.4byte	0x13d
 229 00fa 08       		.uleb128 0x8
 230 00fb 3B020000 		.4byte	.LASF19
 231 00ff 01       		.byte	0x1
 232 0100 70       		.byte	0x70
 233 0101 A8000000 		.4byte	0xa8
 234 0105 00000000 		.4byte	.LLST0
 235 0109 09       		.uleb128 0x9
 236 010a C8010000 		.4byte	.LASF20
 237 010e 01       		.byte	0x1
 238 010f 70       		.byte	0x70
 239 0110 76000000 		.4byte	0x76
 240 0114 01       		.uleb128 0x1
 241 0115 51       		.byte	0x51
 242 0116 09       		.uleb128 0x9
 243 0117 76010000 		.4byte	.LASF21
 244 011b 01       		.byte	0x1
 245 011c 70       		.byte	0x70
 246 011d 3D010000 		.4byte	0x13d
 247 0121 01       		.uleb128 0x1
 248 0122 52       		.byte	0x52
 249 0123 09       		.uleb128 0x9
 250 0124 9E010000 		.4byte	.LASF22
 251 0128 01       		.byte	0x1
ARM GAS  C:\DOCUME~1\Chuck\LOCALS~1\Temp\ccPsdDAu.s 			page 8


 252 0129 70       		.byte	0x70
 253 012a 6B000000 		.4byte	0x6b
 254 012e 01       		.uleb128 0x1
 255 012f 53       		.byte	0x53
 256 0130 0A       		.uleb128 0xa
 257 0131 47000000 		.4byte	.LASF25
 258 0135 01       		.byte	0x1
 259 0136 72       		.byte	0x72
 260 0137 96000000 		.4byte	0x96
 261 013b 01       		.byte	0x1
 262 013c 00       		.byte	0
 263 013d 05       		.uleb128 0x5
 264 013e 04       		.byte	0x4
 265 013f 76000000 		.4byte	0x76
 266 0143 07       		.uleb128 0x7
 267 0144 4A020000 		.4byte	.LASF24
 268 0148 01       		.byte	0x1
 269 0149 8E       		.byte	0x8e
 270 014a 96000000 		.4byte	0x96
 271 014e 00000000 		.4byte	.LFB4
 272 0152 04000000 		.4byte	.LFE4-.LFB4
 273 0156 01       		.uleb128 0x1
 274 0157 9C       		.byte	0x9c
 275 0158 9F010000 		.4byte	0x19f
 276 015c 08       		.uleb128 0x8
 277 015d 3B020000 		.4byte	.LASF19
 278 0161 01       		.byte	0x1
 279 0162 8E       		.byte	0x8e
 280 0163 9F010000 		.4byte	0x19f
 281 0167 21000000 		.4byte	.LLST1
 282 016b 09       		.uleb128 0x9
 283 016c C8010000 		.4byte	.LASF20
 284 0170 01       		.byte	0x1
 285 0171 8E       		.byte	0x8e
 286 0172 76000000 		.4byte	0x76
 287 0176 01       		.uleb128 0x1
 288 0177 51       		.byte	0x51
 289 0178 09       		.uleb128 0x9
 290 0179 76010000 		.4byte	.LASF21
 291 017d 01       		.byte	0x1
 292 017e 8E       		.byte	0x8e
 293 017f 3D010000 		.4byte	0x13d
 294 0183 01       		.uleb128 0x1
 295 0184 52       		.byte	0x52
 296 0185 09       		.uleb128 0x9
 297 0186 9E010000 		.4byte	.LASF22
 298 018a 01       		.byte	0x1
 299 018b 8E       		.byte	0x8e
 300 018c 6B000000 		.4byte	0x6b
 301 0190 01       		.uleb128 0x1
 302 0191 53       		.byte	0x53
 303 0192 0A       		.uleb128 0xa
 304 0193 47000000 		.4byte	.LASF25
 305 0197 01       		.byte	0x1
 306 0198 90       		.byte	0x90
 307 0199 96000000 		.4byte	0x96
 308 019d 01       		.byte	0x1
ARM GAS  C:\DOCUME~1\Chuck\LOCALS~1\Temp\ccPsdDAu.s 			page 9


 309 019e 00       		.byte	0
 310 019f 05       		.uleb128 0x5
 311 01a0 04       		.byte	0x4
 312 01a1 A5010000 		.4byte	0x1a5
 313 01a5 0B       		.uleb128 0xb
 314 01a6 6B000000 		.4byte	0x6b
 315 01aa 00       		.byte	0
 316              		.section	.debug_abbrev,"",%progbits
 317              	.Ldebug_abbrev0:
 318 0000 01       		.uleb128 0x1
 319 0001 11       		.uleb128 0x11
 320 0002 01       		.byte	0x1
 321 0003 25       		.uleb128 0x25
 322 0004 0E       		.uleb128 0xe
 323 0005 13       		.uleb128 0x13
 324 0006 0B       		.uleb128 0xb
 325 0007 03       		.uleb128 0x3
 326 0008 0E       		.uleb128 0xe
 327 0009 1B       		.uleb128 0x1b
 328 000a 0E       		.uleb128 0xe
 329 000b 55       		.uleb128 0x55
 330 000c 17       		.uleb128 0x17
 331 000d 11       		.uleb128 0x11
 332 000e 01       		.uleb128 0x1
 333 000f 10       		.uleb128 0x10
 334 0010 17       		.uleb128 0x17
 335 0011 00       		.byte	0
 336 0012 00       		.byte	0
 337 0013 02       		.uleb128 0x2
 338 0014 24       		.uleb128 0x24
 339 0015 00       		.byte	0
 340 0016 0B       		.uleb128 0xb
 341 0017 0B       		.uleb128 0xb
 342 0018 3E       		.uleb128 0x3e
 343 0019 0B       		.uleb128 0xb
 344 001a 03       		.uleb128 0x3
 345 001b 0E       		.uleb128 0xe
 346 001c 00       		.byte	0
 347 001d 00       		.byte	0
 348 001e 03       		.uleb128 0x3
 349 001f 24       		.uleb128 0x24
 350 0020 00       		.byte	0
 351 0021 0B       		.uleb128 0xb
 352 0022 0B       		.uleb128 0xb
 353 0023 3E       		.uleb128 0x3e
 354 0024 0B       		.uleb128 0xb
 355 0025 03       		.uleb128 0x3
 356 0026 08       		.uleb128 0x8
 357 0027 00       		.byte	0
 358 0028 00       		.byte	0
 359 0029 04       		.uleb128 0x4
 360 002a 16       		.uleb128 0x16
 361 002b 00       		.byte	0
 362 002c 03       		.uleb128 0x3
 363 002d 0E       		.uleb128 0xe
 364 002e 3A       		.uleb128 0x3a
 365 002f 0B       		.uleb128 0xb
ARM GAS  C:\DOCUME~1\Chuck\LOCALS~1\Temp\ccPsdDAu.s 			page 10


 366 0030 3B       		.uleb128 0x3b
 367 0031 0B       		.uleb128 0xb
 368 0032 49       		.uleb128 0x49
 369 0033 13       		.uleb128 0x13
 370 0034 00       		.byte	0
 371 0035 00       		.byte	0
 372 0036 05       		.uleb128 0x5
 373 0037 0F       		.uleb128 0xf
 374 0038 00       		.byte	0
 375 0039 0B       		.uleb128 0xb
 376 003a 0B       		.uleb128 0xb
 377 003b 49       		.uleb128 0x49
 378 003c 13       		.uleb128 0x13
 379 003d 00       		.byte	0
 380 003e 00       		.byte	0
 381 003f 06       		.uleb128 0x6
 382 0040 2E       		.uleb128 0x2e
 383 0041 00       		.byte	0
 384 0042 3F       		.uleb128 0x3f
 385 0043 19       		.uleb128 0x19
 386 0044 03       		.uleb128 0x3
 387 0045 0E       		.uleb128 0xe
 388 0046 3A       		.uleb128 0x3a
 389 0047 0B       		.uleb128 0xb
 390 0048 3B       		.uleb128 0x3b
 391 0049 0B       		.uleb128 0xb
 392 004a 27       		.uleb128 0x27
 393 004b 19       		.uleb128 0x19
 394 004c 11       		.uleb128 0x11
 395 004d 01       		.uleb128 0x1
 396 004e 12       		.uleb128 0x12
 397 004f 06       		.uleb128 0x6
 398 0050 40       		.uleb128 0x40
 399 0051 18       		.uleb128 0x18
 400 0052 9742     		.uleb128 0x2117
 401 0054 19       		.uleb128 0x19
 402 0055 00       		.byte	0
 403 0056 00       		.byte	0
 404 0057 07       		.uleb128 0x7
 405 0058 2E       		.uleb128 0x2e
 406 0059 01       		.byte	0x1
 407 005a 3F       		.uleb128 0x3f
 408 005b 19       		.uleb128 0x19
 409 005c 03       		.uleb128 0x3
 410 005d 0E       		.uleb128 0xe
 411 005e 3A       		.uleb128 0x3a
 412 005f 0B       		.uleb128 0xb
 413 0060 3B       		.uleb128 0x3b
 414 0061 0B       		.uleb128 0xb
 415 0062 27       		.uleb128 0x27
 416 0063 19       		.uleb128 0x19
 417 0064 49       		.uleb128 0x49
 418 0065 13       		.uleb128 0x13
 419 0066 11       		.uleb128 0x11
 420 0067 01       		.uleb128 0x1
 421 0068 12       		.uleb128 0x12
 422 0069 06       		.uleb128 0x6
ARM GAS  C:\DOCUME~1\Chuck\LOCALS~1\Temp\ccPsdDAu.s 			page 11


 423 006a 40       		.uleb128 0x40
 424 006b 18       		.uleb128 0x18
 425 006c 9742     		.uleb128 0x2117
 426 006e 19       		.uleb128 0x19
 427 006f 01       		.uleb128 0x1
 428 0070 13       		.uleb128 0x13
 429 0071 00       		.byte	0
 430 0072 00       		.byte	0
 431 0073 08       		.uleb128 0x8
 432 0074 05       		.uleb128 0x5
 433 0075 00       		.byte	0
 434 0076 03       		.uleb128 0x3
 435 0077 0E       		.uleb128 0xe
 436 0078 3A       		.uleb128 0x3a
 437 0079 0B       		.uleb128 0xb
 438 007a 3B       		.uleb128 0x3b
 439 007b 0B       		.uleb128 0xb
 440 007c 49       		.uleb128 0x49
 441 007d 13       		.uleb128 0x13
 442 007e 02       		.uleb128 0x2
 443 007f 17       		.uleb128 0x17
 444 0080 00       		.byte	0
 445 0081 00       		.byte	0
 446 0082 09       		.uleb128 0x9
 447 0083 05       		.uleb128 0x5
 448 0084 00       		.byte	0
 449 0085 03       		.uleb128 0x3
 450 0086 0E       		.uleb128 0xe
 451 0087 3A       		.uleb128 0x3a
 452 0088 0B       		.uleb128 0xb
 453 0089 3B       		.uleb128 0x3b
 454 008a 0B       		.uleb128 0xb
 455 008b 49       		.uleb128 0x49
 456 008c 13       		.uleb128 0x13
 457 008d 02       		.uleb128 0x2
 458 008e 18       		.uleb128 0x18
 459 008f 00       		.byte	0
 460 0090 00       		.byte	0
 461 0091 0A       		.uleb128 0xa
 462 0092 34       		.uleb128 0x34
 463 0093 00       		.byte	0
 464 0094 03       		.uleb128 0x3
 465 0095 0E       		.uleb128 0xe
 466 0096 3A       		.uleb128 0x3a
 467 0097 0B       		.uleb128 0xb
 468 0098 3B       		.uleb128 0x3b
 469 0099 0B       		.uleb128 0xb
 470 009a 49       		.uleb128 0x49
 471 009b 13       		.uleb128 0x13
 472 009c 1C       		.uleb128 0x1c
 473 009d 0B       		.uleb128 0xb
 474 009e 00       		.byte	0
 475 009f 00       		.byte	0
 476 00a0 0B       		.uleb128 0xb
 477 00a1 26       		.uleb128 0x26
 478 00a2 00       		.byte	0
 479 00a3 49       		.uleb128 0x49
ARM GAS  C:\DOCUME~1\Chuck\LOCALS~1\Temp\ccPsdDAu.s 			page 12


 480 00a4 13       		.uleb128 0x13
 481 00a5 00       		.byte	0
 482 00a6 00       		.byte	0
 483 00a7 00       		.byte	0
 484              		.section	.debug_loc,"",%progbits
 485              	.Ldebug_loc0:
 486              	.LLST0:
 487 0000 00000000 		.4byte	.LVL0
 488 0004 02000000 		.4byte	.LVL1
 489 0008 0100     		.2byte	0x1
 490 000a 50       		.byte	0x50
 491 000b 02000000 		.4byte	.LVL1
 492 000f 04000000 		.4byte	.LFE3
 493 0013 0400     		.2byte	0x4
 494 0015 F3       		.byte	0xf3
 495 0016 01       		.uleb128 0x1
 496 0017 50       		.byte	0x50
 497 0018 9F       		.byte	0x9f
 498 0019 00000000 		.4byte	0
 499 001d 00000000 		.4byte	0
 500              	.LLST1:
 501 0021 00000000 		.4byte	.LVL2
 502 0025 02000000 		.4byte	.LVL3
 503 0029 0100     		.2byte	0x1
 504 002b 50       		.byte	0x50
 505 002c 02000000 		.4byte	.LVL3
 506 0030 04000000 		.4byte	.LFE4
 507 0034 0400     		.2byte	0x4
 508 0036 F3       		.byte	0xf3
 509 0037 01       		.uleb128 0x1
 510 0038 50       		.byte	0x50
 511 0039 9F       		.byte	0x9f
 512 003a 00000000 		.4byte	0
 513 003e 00000000 		.4byte	0
 514              		.section	.debug_aranges,"",%progbits
 515 0000 3C000000 		.4byte	0x3c
 516 0004 0200     		.2byte	0x2
 517 0006 00000000 		.4byte	.Ldebug_info0
 518 000a 04       		.byte	0x4
 519 000b 00       		.byte	0
 520 000c 0000     		.2byte	0
 521 000e 0000     		.2byte	0
 522 0010 00000000 		.4byte	.LFB0
 523 0014 02000000 		.4byte	.LFE0-.LFB0
 524 0018 00000000 		.4byte	.LFB1
 525 001c 02000000 		.4byte	.LFE1-.LFB1
 526 0020 00000000 		.4byte	.LFB2
 527 0024 02000000 		.4byte	.LFE2-.LFB2
 528 0028 00000000 		.4byte	.LFB3
 529 002c 04000000 		.4byte	.LFE3-.LFB3
 530 0030 00000000 		.4byte	.LFB4
 531 0034 04000000 		.4byte	.LFE4-.LFB4
 532 0038 00000000 		.4byte	0
 533 003c 00000000 		.4byte	0
 534              		.section	.debug_ranges,"",%progbits
 535              	.Ldebug_ranges0:
 536 0000 00000000 		.4byte	.LFB0
ARM GAS  C:\DOCUME~1\Chuck\LOCALS~1\Temp\ccPsdDAu.s 			page 13


 537 0004 02000000 		.4byte	.LFE0
 538 0008 00000000 		.4byte	.LFB1
 539 000c 02000000 		.4byte	.LFE1
 540 0010 00000000 		.4byte	.LFB2
 541 0014 02000000 		.4byte	.LFE2
 542 0018 00000000 		.4byte	.LFB3
 543 001c 04000000 		.4byte	.LFE3
 544 0020 00000000 		.4byte	.LFB4
 545 0024 04000000 		.4byte	.LFE4
 546 0028 00000000 		.4byte	0
 547 002c 00000000 		.4byte	0
 548              		.section	.debug_line,"",%progbits
 549              	.Ldebug_line0:
 550 0000 BD000000 		.section	.debug_str,"MS",%progbits,1
 550      02006400 
 550      00000201 
 550      FB0E0D00 
 550      01010101 
 551              	.LASF6:
 552 0000 6C6F6E67 		.ascii	"long long int\000"
 552      206C6F6E 
 552      6720696E 
 552      7400
 553              	.LASF3:
 554 000e 73686F72 		.ascii	"short unsigned int\000"
 554      7420756E 
 554      7369676E 
 554      65642069 
 554      6E7400
 555              	.LASF8:
 556 0021 756E7369 		.ascii	"unsigned int\000"
 556      676E6564 
 556      20696E74 
 556      00
 557              	.LASF23:
 558 002e 55415254 		.ascii	"UART_UartCyBtldrCommRead\000"
 558      5F556172 
 558      74437942 
 558      746C6472 
 558      436F6D6D 
 559              	.LASF25:
 560 0047 73746174 		.ascii	"status\000"
 560      757300
 561              	.LASF26:
 562 004e 474E5520 		.ascii	"GNU C 4.9.3 20150303 (release) [ARM/embedded-4_9-br"
 562      4320342E 
 562      392E3320 
 562      32303135 
 562      30333033 
 563 0081 616E6368 		.ascii	"anch revision 221220] -mcpu=cortex-m0 -mthumb -g -O"
 563      20726576 
 563      6973696F 
 563      6E203232 
 563      31323230 
 564 00b4 73202D66 		.ascii	"s -ffunction-sections -ffat-lto-objects\000"
 564      66756E63 
 564      74696F6E 
ARM GAS  C:\DOCUME~1\Chuck\LOCALS~1\Temp\ccPsdDAu.s 			page 14


 564      2D736563 
 564      74696F6E 
 565              	.LASF5:
 566 00dc 6C6F6E67 		.ascii	"long unsigned int\000"
 566      20756E73 
 566      69676E65 
 566      6420696E 
 566      7400
 567              	.LASF7:
 568 00ee 6C6F6E67 		.ascii	"long long unsigned int\000"
 568      206C6F6E 
 568      6720756E 
 568      7369676E 
 568      65642069 
 569              	.LASF18:
 570 0105 55415254 		.ascii	"UART_UartCyBtldrCommReset\000"
 570      5F556172 
 570      74437942 
 570      746C6472 
 570      436F6D6D 
 571              	.LASF16:
 572 011f 55415254 		.ascii	"UART_UartCyBtldrCommStart\000"
 572      5F556172 
 572      74437942 
 572      746C6472 
 572      436F6D6D 
 573              	.LASF1:
 574 0139 756E7369 		.ascii	"unsigned char\000"
 574      676E6564 
 574      20636861 
 574      7200
 575              	.LASF27:
 576 0147 2E5C4765 		.ascii	".\\Generated_Source\\PSoC4\\UART_UART_BOOT.c\000"
 576      6E657261 
 576      7465645F 
 576      536F7572 
 576      63655C50 
 577              	.LASF13:
 578 0171 63686172 		.ascii	"char\000"
 578      00
 579              	.LASF21:
 580 0176 636F756E 		.ascii	"count\000"
 580      7400
 581              	.LASF4:
 582 017c 6C6F6E67 		.ascii	"long int\000"
 582      20696E74 
 582      00
 583              	.LASF17:
 584 0185 55415254 		.ascii	"UART_UartCyBtldrCommStop\000"
 584      5F556172 
 584      74437942 
 584      746C6472 
 584      436F6D6D 
 585              	.LASF22:
 586 019e 74696D65 		.ascii	"timeOut\000"
 586      4F757400 
 587              	.LASF12:
ARM GAS  C:\DOCUME~1\Chuck\LOCALS~1\Temp\ccPsdDAu.s 			page 15


 588 01a6 646F7562 		.ascii	"double\000"
 588      6C6500
 589              	.LASF14:
 590 01ad 63797374 		.ascii	"cystatus\000"
 590      61747573 
 590      00
 591              	.LASF9:
 592 01b6 75696E74 		.ascii	"uint8\000"
 592      3800
 593              	.LASF0:
 594 01bc 7369676E 		.ascii	"signed char\000"
 594      65642063 
 594      68617200 
 595              	.LASF20:
 596 01c8 73697A65 		.ascii	"size\000"
 596      00
 597              	.LASF11:
 598 01cd 666C6F61 		.ascii	"float\000"
 598      7400
 599              	.LASF2:
 600 01d3 73686F72 		.ascii	"short int\000"
 600      7420696E 
 600      7400
 601              	.LASF10:
 602 01dd 75696E74 		.ascii	"uint16\000"
 602      313600
 603              	.LASF28:
 604 01e4 433A5C44 		.ascii	"C:\\Documents and Settings\\Chuck\\My Documents\\PS"
 604      6F63756D 
 604      656E7473 
 604      20616E64 
 604      20536574 
 605 0213 6F432043 		.ascii	"oC Creator\\RosOnAStick\\Bootloader.cydsn\000"
 605      72656174 
 605      6F725C52 
 605      6F734F6E 
 605      41537469 
 606              	.LASF19:
 607 023b 70446174 		.ascii	"pData\000"
 607      6100
 608              	.LASF15:
 609 0241 73697A65 		.ascii	"sizetype\000"
 609      74797065 
 609      00
 610              	.LASF24:
 611 024a 55415254 		.ascii	"UART_UartCyBtldrCommWrite\000"
 611      5F556172 
 611      74437942 
 611      746C6472 
 611      436F6D6D 
 612              		.ident	"GCC: (GNU Tools for ARM Embedded Processors) 4.9.3 20150303 (release) [ARM/embedded-4_9-br
