ARM GAS  C:\DOCUME~1\Chuck\LOCALS~1\Temp\ccs1dVZR.s 			page 1


   1              		.cpu cortex-m0
   2              		.fpu softvfp
   3              		.eabi_attribute 20, 1
   4              		.eabi_attribute 21, 1
   5              		.eabi_attribute 23, 3
   6              		.eabi_attribute 24, 1
   7              		.eabi_attribute 25, 1
   8              		.eabi_attribute 26, 1
   9              		.eabi_attribute 30, 4
  10              		.eabi_attribute 34, 0
  11              		.eabi_attribute 18, 4
  12              		.code	16
  13              		.file	"UART_SPI_UART_INT.c"
  14              		.text
  15              	.Ltext0:
  16              		.cfi_sections	.debug_frame
  17              		.section	.text.UART_SPI_UART_ISR,"ax",%progbits
  18              		.align	1
  19              		.global	UART_SPI_UART_ISR
  20              		.code	16
  21              		.thumb_func
  22              		.type	UART_SPI_UART_ISR, %function
  23              	UART_SPI_UART_ISR:
  24              	.LFB0:
  25              		.file 1 ".\\Generated_Source\\PSoC4\\UART_SPI_UART_INT.c"
   1:.\Generated_Source\PSoC4/UART_SPI_UART_INT.c **** /*******************************************************************************
   2:.\Generated_Source\PSoC4/UART_SPI_UART_INT.c **** * File Name: UART_SPI_UART_INT.c
   3:.\Generated_Source\PSoC4/UART_SPI_UART_INT.c **** * Version 1.20
   4:.\Generated_Source\PSoC4/UART_SPI_UART_INT.c **** *
   5:.\Generated_Source\PSoC4/UART_SPI_UART_INT.c **** * Description:
   6:.\Generated_Source\PSoC4/UART_SPI_UART_INT.c **** *  This file provides the source code to the Interrupt Service Routine for
   7:.\Generated_Source\PSoC4/UART_SPI_UART_INT.c **** *  the SCB Component in SPI and UART modes.
   8:.\Generated_Source\PSoC4/UART_SPI_UART_INT.c **** *
   9:.\Generated_Source\PSoC4/UART_SPI_UART_INT.c **** * Note:
  10:.\Generated_Source\PSoC4/UART_SPI_UART_INT.c **** *
  11:.\Generated_Source\PSoC4/UART_SPI_UART_INT.c **** ********************************************************************************
  12:.\Generated_Source\PSoC4/UART_SPI_UART_INT.c **** * Copyright 2013-2014, Cypress Semiconductor Corporation.  All rights reserved.
  13:.\Generated_Source\PSoC4/UART_SPI_UART_INT.c **** * You may use this file only in accordance with the license, terms, conditions,
  14:.\Generated_Source\PSoC4/UART_SPI_UART_INT.c **** * disclaimers, and limitations in the end user license agreement accompanying
  15:.\Generated_Source\PSoC4/UART_SPI_UART_INT.c **** * the software package with which this file was provided.
  16:.\Generated_Source\PSoC4/UART_SPI_UART_INT.c **** *******************************************************************************/
  17:.\Generated_Source\PSoC4/UART_SPI_UART_INT.c **** 
  18:.\Generated_Source\PSoC4/UART_SPI_UART_INT.c **** #include "UART_PVT.h"
  19:.\Generated_Source\PSoC4/UART_SPI_UART_INT.c **** #include "UART_SPI_UART_PVT.h"
  20:.\Generated_Source\PSoC4/UART_SPI_UART_INT.c **** 
  21:.\Generated_Source\PSoC4/UART_SPI_UART_INT.c **** 
  22:.\Generated_Source\PSoC4/UART_SPI_UART_INT.c **** /*******************************************************************************
  23:.\Generated_Source\PSoC4/UART_SPI_UART_INT.c **** * Function Name: UART_SPI_UART_ISR
  24:.\Generated_Source\PSoC4/UART_SPI_UART_INT.c **** ********************************************************************************
  25:.\Generated_Source\PSoC4/UART_SPI_UART_INT.c **** *
  26:.\Generated_Source\PSoC4/UART_SPI_UART_INT.c **** * Summary:
  27:.\Generated_Source\PSoC4/UART_SPI_UART_INT.c **** *  Handles the Interrupt Service Routine for the SCB SPI or UART modes.
  28:.\Generated_Source\PSoC4/UART_SPI_UART_INT.c **** *
  29:.\Generated_Source\PSoC4/UART_SPI_UART_INT.c **** * Parameters:
  30:.\Generated_Source\PSoC4/UART_SPI_UART_INT.c **** *  None
  31:.\Generated_Source\PSoC4/UART_SPI_UART_INT.c **** *
  32:.\Generated_Source\PSoC4/UART_SPI_UART_INT.c **** * Return:
ARM GAS  C:\DOCUME~1\Chuck\LOCALS~1\Temp\ccs1dVZR.s 			page 2


  33:.\Generated_Source\PSoC4/UART_SPI_UART_INT.c **** *  None
  34:.\Generated_Source\PSoC4/UART_SPI_UART_INT.c **** *
  35:.\Generated_Source\PSoC4/UART_SPI_UART_INT.c **** *******************************************************************************/
  36:.\Generated_Source\PSoC4/UART_SPI_UART_INT.c **** CY_ISR(UART_SPI_UART_ISR)
  37:.\Generated_Source\PSoC4/UART_SPI_UART_INT.c **** {
  26              		.loc 1 37 0
  27              		.cfi_startproc
  38:.\Generated_Source\PSoC4/UART_SPI_UART_INT.c **** #if(UART_INTERNAL_RX_SW_BUFFER_CONST)
  39:.\Generated_Source\PSoC4/UART_SPI_UART_INT.c ****     uint32 locHead;
  40:.\Generated_Source\PSoC4/UART_SPI_UART_INT.c ****     uint32 dataRx;
  41:.\Generated_Source\PSoC4/UART_SPI_UART_INT.c **** #endif /* (UART_INTERNAL_RX_SW_BUFFER_CONST) */
  42:.\Generated_Source\PSoC4/UART_SPI_UART_INT.c **** 
  43:.\Generated_Source\PSoC4/UART_SPI_UART_INT.c **** #if(UART_INTERNAL_TX_SW_BUFFER_CONST)
  44:.\Generated_Source\PSoC4/UART_SPI_UART_INT.c ****     uint32 locTail;
  45:.\Generated_Source\PSoC4/UART_SPI_UART_INT.c **** #endif /* (UART_INTERNAL_TX_SW_BUFFER_CONST) */
  46:.\Generated_Source\PSoC4/UART_SPI_UART_INT.c **** 
  47:.\Generated_Source\PSoC4/UART_SPI_UART_INT.c ****     if(NULL != UART_customIntrHandler)
  28              		.loc 1 47 0
  29 0000 274B     		ldr	r3, .L20
  37:.\Generated_Source\PSoC4/UART_SPI_UART_INT.c **** #if(UART_INTERNAL_RX_SW_BUFFER_CONST)
  30              		.loc 1 37 0
  31 0002 10B5     		push	{r4, lr}
  32              		.cfi_def_cfa_offset 8
  33              		.cfi_offset 4, -8
  34              		.cfi_offset 14, -4
  35              		.loc 1 47 0
  36 0004 1B68     		ldr	r3, [r3]
  37 0006 002B     		cmp	r3, #0
  38 0008 00D0     		beq	.L2
  48:.\Generated_Source\PSoC4/UART_SPI_UART_INT.c ****     {
  49:.\Generated_Source\PSoC4/UART_SPI_UART_INT.c ****         UART_customIntrHandler();
  39              		.loc 1 49 0
  40 000a 9847     		blx	r3
  41              	.LVL0:
  42              	.L2:
  50:.\Generated_Source\PSoC4/UART_SPI_UART_INT.c ****     }
  51:.\Generated_Source\PSoC4/UART_SPI_UART_INT.c **** 
  52:.\Generated_Source\PSoC4/UART_SPI_UART_INT.c ****     #if(UART_CHECK_SPI_WAKE_ENABLE)
  53:.\Generated_Source\PSoC4/UART_SPI_UART_INT.c ****     {
  54:.\Generated_Source\PSoC4/UART_SPI_UART_INT.c ****         /* Clear SPI wakeup source */
  55:.\Generated_Source\PSoC4/UART_SPI_UART_INT.c ****         UART_ClearSpiExtClkInterruptSource(UART_INTR_SPI_EC_WAKE_UP);
  56:.\Generated_Source\PSoC4/UART_SPI_UART_INT.c ****     }
  57:.\Generated_Source\PSoC4/UART_SPI_UART_INT.c ****     #endif
  58:.\Generated_Source\PSoC4/UART_SPI_UART_INT.c **** 
  59:.\Generated_Source\PSoC4/UART_SPI_UART_INT.c ****     #if(UART_CHECK_RX_SW_BUFFER)
  60:.\Generated_Source\PSoC4/UART_SPI_UART_INT.c ****     {
  61:.\Generated_Source\PSoC4/UART_SPI_UART_INT.c ****         if(UART_CHECK_INTR_RX_MASKED(UART_INTR_RX_NOT_EMPTY))
  43              		.loc 1 61 0
  44 000c 254B     		ldr	r3, .L20+4
  45 000e 1B68     		ldr	r3, [r3]
  46 0010 5B07     		lsl	r3, r3, #29
  47 0012 1DD5     		bpl	.L4
  48              	.L3:
  62:.\Generated_Source\PSoC4/UART_SPI_UART_INT.c ****         {
  63:.\Generated_Source\PSoC4/UART_SPI_UART_INT.c ****             while(0u != UART_GET_RX_FIFO_ENTRIES)
  49              		.loc 1 63 0
  50 0014 244B     		ldr	r3, .L20+8
ARM GAS  C:\DOCUME~1\Chuck\LOCALS~1\Temp\ccs1dVZR.s 			page 3


  51 0016 1B68     		ldr	r3, [r3]
  52 0018 1B07     		lsl	r3, r3, #28
  53 001a 16D0     		beq	.L19
  64:.\Generated_Source\PSoC4/UART_SPI_UART_INT.c ****             {
  65:.\Generated_Source\PSoC4/UART_SPI_UART_INT.c ****                 /* Get data from RX FIFO */
  66:.\Generated_Source\PSoC4/UART_SPI_UART_INT.c ****                 dataRx = UART_RX_FIFO_RD_REG;
  54              		.loc 1 66 0
  55 001c 234B     		ldr	r3, .L20+12
  67:.\Generated_Source\PSoC4/UART_SPI_UART_INT.c **** 
  68:.\Generated_Source\PSoC4/UART_SPI_UART_INT.c ****                 /* Move local head index */
  69:.\Generated_Source\PSoC4/UART_SPI_UART_INT.c ****                 locHead = (UART_rxBufferHead + 1u);
  56              		.loc 1 69 0
  57 001e 2448     		ldr	r0, .L20+16
  66:.\Generated_Source\PSoC4/UART_SPI_UART_INT.c **** 
  58              		.loc 1 66 0
  59 0020 1968     		ldr	r1, [r3]
  60              	.LVL1:
  61              		.loc 1 69 0
  62 0022 0368     		ldr	r3, [r0]
  63 0024 5A1C     		add	r2, r3, #1
  64              	.LVL2:
  70:.\Generated_Source\PSoC4/UART_SPI_UART_INT.c **** 
  71:.\Generated_Source\PSoC4/UART_SPI_UART_INT.c ****                 /* Adjust local head index */
  72:.\Generated_Source\PSoC4/UART_SPI_UART_INT.c ****                 if(UART_RX_BUFFER_SIZE == locHead)
  73:.\Generated_Source\PSoC4/UART_SPI_UART_INT.c ****                 {
  74:.\Generated_Source\PSoC4/UART_SPI_UART_INT.c ****                     locHead = 0u;
  65              		.loc 1 74 0
  66 0026 403B     		sub	r3, r3, #64
  67 0028 5C1E     		sub	r4, r3, #1
  68 002a A341     		sbc	r3, r3, r4
  69 002c 5B42     		neg	r3, r3
  70 002e 1A40     		and	r2, r3
  71              	.LVL3:
  75:.\Generated_Source\PSoC4/UART_SPI_UART_INT.c ****                 }
  76:.\Generated_Source\PSoC4/UART_SPI_UART_INT.c **** 
  77:.\Generated_Source\PSoC4/UART_SPI_UART_INT.c ****                 if(locHead == UART_rxBufferTail)
  72              		.loc 1 77 0
  73 0030 204B     		ldr	r3, .L20+20
  74 0032 1B68     		ldr	r3, [r3]
  75 0034 9A42     		cmp	r2, r3
  76 0036 03D1     		bne	.L6
  78:.\Generated_Source\PSoC4/UART_SPI_UART_INT.c ****                 {
  79:.\Generated_Source\PSoC4/UART_SPI_UART_INT.c ****                     /* Overflow: through away new data */
  80:.\Generated_Source\PSoC4/UART_SPI_UART_INT.c ****                     UART_rxBufferOverflow = (uint8) UART_INTR_RX_OVERFLOW;
  77              		.loc 1 80 0
  78 0038 2022     		mov	r2, #32
  79              	.LVL4:
  80 003a 1F4B     		ldr	r3, .L20+24
  81 003c 1A70     		strb	r2, [r3]
  82 003e E9E7     		b	.L3
  83              	.LVL5:
  84              	.L6:
  81:.\Generated_Source\PSoC4/UART_SPI_UART_INT.c ****                 }
  82:.\Generated_Source\PSoC4/UART_SPI_UART_INT.c ****                 else
  83:.\Generated_Source\PSoC4/UART_SPI_UART_INT.c ****                 {
  84:.\Generated_Source\PSoC4/UART_SPI_UART_INT.c ****                     /* Store received data */
  85:.\Generated_Source\PSoC4/UART_SPI_UART_INT.c ****                     UART_PutWordInRxBuffer(locHead, dataRx);
ARM GAS  C:\DOCUME~1\Chuck\LOCALS~1\Temp\ccs1dVZR.s 			page 4


  85              		.loc 1 85 0
  86 0040 CBB2     		uxtb	r3, r1
  87 0042 1E49     		ldr	r1, .L20+28
  88              	.LVL6:
  89 0044 8B54     		strb	r3, [r1, r2]
  86:.\Generated_Source\PSoC4/UART_SPI_UART_INT.c **** 
  87:.\Generated_Source\PSoC4/UART_SPI_UART_INT.c ****                     /* Move head index */
  88:.\Generated_Source\PSoC4/UART_SPI_UART_INT.c ****                     UART_rxBufferHead = locHead;
  90              		.loc 1 88 0
  91 0046 0260     		str	r2, [r0]
  92 0048 E4E7     		b	.L3
  93              	.LVL7:
  94              	.L19:
  89:.\Generated_Source\PSoC4/UART_SPI_UART_INT.c ****                 }
  90:.\Generated_Source\PSoC4/UART_SPI_UART_INT.c ****             }
  91:.\Generated_Source\PSoC4/UART_SPI_UART_INT.c **** 
  92:.\Generated_Source\PSoC4/UART_SPI_UART_INT.c ****             UART_ClearRxInterruptSource(UART_INTR_RX_NOT_EMPTY);
  95              		.loc 1 92 0
  96 004a 0422     		mov	r2, #4
  97 004c 1C4B     		ldr	r3, .L20+32
  98 004e 1A60     		str	r2, [r3]
  99              	.L4:
  93:.\Generated_Source\PSoC4/UART_SPI_UART_INT.c ****         }
  94:.\Generated_Source\PSoC4/UART_SPI_UART_INT.c ****     }
  95:.\Generated_Source\PSoC4/UART_SPI_UART_INT.c ****     #endif
  96:.\Generated_Source\PSoC4/UART_SPI_UART_INT.c **** 
  97:.\Generated_Source\PSoC4/UART_SPI_UART_INT.c **** 
  98:.\Generated_Source\PSoC4/UART_SPI_UART_INT.c ****     #if(UART_CHECK_TX_SW_BUFFER)
  99:.\Generated_Source\PSoC4/UART_SPI_UART_INT.c ****     {
 100:.\Generated_Source\PSoC4/UART_SPI_UART_INT.c ****         if(UART_CHECK_INTR_TX_MASKED(UART_INTR_TX_NOT_FULL))
 100              		.loc 1 100 0
 101 0050 1C4B     		ldr	r3, .L20+36
 102 0052 1B68     		ldr	r3, [r3]
 103 0054 9B07     		lsl	r3, r3, #30
 104 0056 21D5     		bpl	.L1
 105              	.L9:
 101:.\Generated_Source\PSoC4/UART_SPI_UART_INT.c ****         {
 102:.\Generated_Source\PSoC4/UART_SPI_UART_INT.c ****             /* Put data into TX FIFO */
 103:.\Generated_Source\PSoC4/UART_SPI_UART_INT.c ****             while(UART_FIFO_SIZE != UART_GET_TX_FIFO_ENTRIES)
 106              		.loc 1 103 0
 107 0058 1B4B     		ldr	r3, .L20+40
 108 005a 1A68     		ldr	r2, [r3]
 109 005c 0F23     		mov	r3, #15
 110 005e 1340     		and	r3, r2
 111 0060 082B     		cmp	r3, #8
 112 0062 18D0     		beq	.L13
 104:.\Generated_Source\PSoC4/UART_SPI_UART_INT.c ****             {
 105:.\Generated_Source\PSoC4/UART_SPI_UART_INT.c ****                 /* Check for a room in TX software buffer */
 106:.\Generated_Source\PSoC4/UART_SPI_UART_INT.c ****                 if(UART_txBufferHead != UART_txBufferTail)
 113              		.loc 1 106 0
 114 0064 194B     		ldr	r3, .L20+44
 115 0066 1A49     		ldr	r1, .L20+48
 116 0068 1A68     		ldr	r2, [r3]
 117 006a 0B68     		ldr	r3, [r1]
 118 006c 9A42     		cmp	r2, r3
 119 006e 0DD0     		beq	.L11
 107:.\Generated_Source\PSoC4/UART_SPI_UART_INT.c ****                 {
ARM GAS  C:\DOCUME~1\Chuck\LOCALS~1\Temp\ccs1dVZR.s 			page 5


 108:.\Generated_Source\PSoC4/UART_SPI_UART_INT.c ****                     /* Move local tail index */
 109:.\Generated_Source\PSoC4/UART_SPI_UART_INT.c ****                     locTail = (UART_txBufferTail + 1u);
 120              		.loc 1 109 0
 121 0070 0B68     		ldr	r3, [r1]
 122 0072 5A1C     		add	r2, r3, #1
 123              	.LVL8:
 110:.\Generated_Source\PSoC4/UART_SPI_UART_INT.c **** 
 111:.\Generated_Source\PSoC4/UART_SPI_UART_INT.c ****                     /* Adjust local tail index */
 112:.\Generated_Source\PSoC4/UART_SPI_UART_INT.c ****                     if(UART_TX_BUFFER_SIZE == locTail)
 113:.\Generated_Source\PSoC4/UART_SPI_UART_INT.c ****                     {
 114:.\Generated_Source\PSoC4/UART_SPI_UART_INT.c ****                         locTail = 0u;
 124              		.loc 1 114 0
 125 0074 3F3B     		sub	r3, r3, #63
 126 0076 581E     		sub	r0, r3, #1
 127 0078 8341     		sbc	r3, r3, r0
 128 007a 5B42     		neg	r3, r3
 129 007c 1A40     		and	r2, r3
 130              	.LVL9:
 115:.\Generated_Source\PSoC4/UART_SPI_UART_INT.c ****                     }
 116:.\Generated_Source\PSoC4/UART_SPI_UART_INT.c **** 
 117:.\Generated_Source\PSoC4/UART_SPI_UART_INT.c ****                     /* Put data into TX FIFO */
 118:.\Generated_Source\PSoC4/UART_SPI_UART_INT.c ****                     UART_TX_FIFO_WR_REG = UART_GetWordFromTxBuffer(locTail);
 131              		.loc 1 118 0
 132 007e 154B     		ldr	r3, .L20+52
 133 0080 1548     		ldr	r0, .L20+56
 134 0082 9B5C     		ldrb	r3, [r3, r2]
 135 0084 DBB2     		uxtb	r3, r3
 136 0086 0360     		str	r3, [r0]
 119:.\Generated_Source\PSoC4/UART_SPI_UART_INT.c **** 
 120:.\Generated_Source\PSoC4/UART_SPI_UART_INT.c ****                     /* Move tail index */
 121:.\Generated_Source\PSoC4/UART_SPI_UART_INT.c ****                     UART_txBufferTail = locTail;
 137              		.loc 1 121 0
 138 0088 0A60     		str	r2, [r1]
 139 008a E5E7     		b	.L9
 140              	.LVL10:
 141              	.L11:
 122:.\Generated_Source\PSoC4/UART_SPI_UART_INT.c ****                 }
 123:.\Generated_Source\PSoC4/UART_SPI_UART_INT.c ****                 else
 124:.\Generated_Source\PSoC4/UART_SPI_UART_INT.c ****                 {
 125:.\Generated_Source\PSoC4/UART_SPI_UART_INT.c ****                     /* TX software buffer is empty: complete transmition */
 126:.\Generated_Source\PSoC4/UART_SPI_UART_INT.c ****                     UART_DISABLE_INTR_TX(UART_INTR_TX_NOT_FULL);
 142              		.loc 1 126 0
 143 008c 0221     		mov	r1, #2
 144 008e 134A     		ldr	r2, .L20+60
 145 0090 1368     		ldr	r3, [r2]
 146 0092 8B43     		bic	r3, r1
 147 0094 1360     		str	r3, [r2]
 148              	.L13:
 127:.\Generated_Source\PSoC4/UART_SPI_UART_INT.c ****                     break;
 128:.\Generated_Source\PSoC4/UART_SPI_UART_INT.c ****                 }
 129:.\Generated_Source\PSoC4/UART_SPI_UART_INT.c ****             }
 130:.\Generated_Source\PSoC4/UART_SPI_UART_INT.c **** 
 131:.\Generated_Source\PSoC4/UART_SPI_UART_INT.c ****             UART_ClearTxInterruptSource(UART_INTR_TX_NOT_FULL);
 149              		.loc 1 131 0
 150 0096 0222     		mov	r2, #2
 151 0098 114B     		ldr	r3, .L20+64
 152 009a 1A60     		str	r2, [r3]
ARM GAS  C:\DOCUME~1\Chuck\LOCALS~1\Temp\ccs1dVZR.s 			page 6


 153              	.L1:
 132:.\Generated_Source\PSoC4/UART_SPI_UART_INT.c ****         }
 133:.\Generated_Source\PSoC4/UART_SPI_UART_INT.c ****     }
 134:.\Generated_Source\PSoC4/UART_SPI_UART_INT.c ****     #endif
 135:.\Generated_Source\PSoC4/UART_SPI_UART_INT.c **** }
 154              		.loc 1 135 0
 155              		@ sp needed
 156 009c 10BD     		pop	{r4, pc}
 157              	.L21:
 158 009e C046     		.align	2
 159              	.L20:
 160 00a0 00000000 		.word	UART_customIntrHandler
 161 00a4 CC0F0640 		.word	1074139084
 162 00a8 08030640 		.word	1074135816
 163 00ac 40030640 		.word	1074135872
 164 00b0 00000000 		.word	UART_rxBufferHead
 165 00b4 00000000 		.word	UART_rxBufferTail
 166 00b8 00000000 		.word	UART_rxBufferOverflow
 167 00bc 00000000 		.word	UART_rxBufferInternal
 168 00c0 C00F0640 		.word	1074139072
 169 00c4 8C0F0640 		.word	1074139020
 170 00c8 08020640 		.word	1074135560
 171 00cc 00000000 		.word	UART_txBufferHead
 172 00d0 00000000 		.word	UART_txBufferTail
 173 00d4 00000000 		.word	UART_txBufferInternal
 174 00d8 40020640 		.word	1074135616
 175 00dc 880F0640 		.word	1074139016
 176 00e0 800F0640 		.word	1074139008
 177              		.cfi_endproc
 178              	.LFE0:
 179              		.size	UART_SPI_UART_ISR, .-UART_SPI_UART_ISR
 180              		.text
 181              	.Letext0:
 182              		.file 2 "Generated_Source\\PSoC4/cytypes.h"
 183              		.file 3 ".\\Generated_Source\\PSoC4\\UART_PVT.h"
 184              		.file 4 ".\\Generated_Source\\PSoC4\\UART_SPI_UART_PVT.h"
 185              		.section	.debug_info,"",%progbits
 186              	.Ldebug_info0:
 187 0000 87010000 		.4byte	0x187
 188 0004 0400     		.2byte	0x4
 189 0006 00000000 		.4byte	.Ldebug_abbrev0
 190 000a 04       		.byte	0x4
 191 000b 01       		.uleb128 0x1
 192 000c 06000000 		.4byte	.LASF28
 193 0010 01       		.byte	0x1
 194 0011 65010000 		.4byte	.LASF29
 195 0015 44020000 		.4byte	.LASF30
 196 0019 00000000 		.4byte	.Ldebug_ranges0+0
 197 001d 00000000 		.4byte	0
 198 0021 00000000 		.4byte	.Ldebug_line0
 199 0025 02       		.uleb128 0x2
 200 0026 01       		.byte	0x1
 201 0027 06       		.byte	0x6
 202 0028 26020000 		.4byte	.LASF0
 203 002c 02       		.uleb128 0x2
 204 002d 01       		.byte	0x1
 205 002e 08       		.byte	0x8
ARM GAS  C:\DOCUME~1\Chuck\LOCALS~1\Temp\ccs1dVZR.s 			page 7


 206 002f E5000000 		.4byte	.LASF1
 207 0033 02       		.uleb128 0x2
 208 0034 02       		.byte	0x2
 209 0035 05       		.byte	0x5
 210 0036 EB010000 		.4byte	.LASF2
 211 003a 02       		.uleb128 0x2
 212 003b 02       		.byte	0x2
 213 003c 07       		.byte	0x7
 214 003d AB000000 		.4byte	.LASF3
 215 0041 02       		.uleb128 0x2
 216 0042 04       		.byte	0x4
 217 0043 05       		.byte	0x5
 218 0044 07020000 		.4byte	.LASF4
 219 0048 02       		.uleb128 0x2
 220 0049 04       		.byte	0x4
 221 004a 07       		.byte	0x7
 222 004b F3000000 		.4byte	.LASF5
 223 004f 02       		.uleb128 0x2
 224 0050 08       		.byte	0x8
 225 0051 05       		.byte	0x5
 226 0052 C6010000 		.4byte	.LASF6
 227 0056 02       		.uleb128 0x2
 228 0057 08       		.byte	0x8
 229 0058 07       		.byte	0x7
 230 0059 4E010000 		.4byte	.LASF7
 231 005d 03       		.uleb128 0x3
 232 005e 04       		.byte	0x4
 233 005f 05       		.byte	0x5
 234 0060 696E7400 		.ascii	"int\000"
 235 0064 02       		.uleb128 0x2
 236 0065 04       		.byte	0x4
 237 0066 07       		.byte	0x7
 238 0067 41010000 		.4byte	.LASF8
 239 006b 04       		.uleb128 0x4
 240 006c 05010000 		.4byte	.LASF9
 241 0070 02       		.byte	0x2
 242 0071 5B       		.byte	0x5b
 243 0072 2C000000 		.4byte	0x2c
 244 0076 04       		.uleb128 0x4
 245 0077 3A010000 		.4byte	.LASF10
 246 007b 02       		.byte	0x2
 247 007c 5D       		.byte	0x5d
 248 007d 48000000 		.4byte	0x48
 249 0081 02       		.uleb128 0x2
 250 0082 04       		.byte	0x4
 251 0083 04       		.byte	0x4
 252 0084 D8000000 		.4byte	.LASF11
 253 0088 02       		.uleb128 0x2
 254 0089 08       		.byte	0x8
 255 008a 04       		.byte	0x4
 256 008b 33010000 		.4byte	.LASF12
 257 008f 02       		.uleb128 0x2
 258 0090 01       		.byte	0x1
 259 0091 08       		.byte	0x8
 260 0092 D4010000 		.4byte	.LASF13
 261 0096 05       		.uleb128 0x5
 262 0097 6B000000 		.4byte	0x6b
ARM GAS  C:\DOCUME~1\Chuck\LOCALS~1\Temp\ccs1dVZR.s 			page 8


 263 009b 04       		.uleb128 0x4
 264 009c 00000000 		.4byte	.LASF14
 265 00a0 02       		.byte	0x2
 266 00a1 F2       		.byte	0xf2
 267 00a2 A6000000 		.4byte	0xa6
 268 00a6 05       		.uleb128 0x5
 269 00a7 76000000 		.4byte	0x76
 270 00ab 06       		.uleb128 0x6
 271 00ac A8010000 		.4byte	.LASF15
 272 00b0 02       		.byte	0x2
 273 00b1 0201     		.2byte	0x102
 274 00b3 B7000000 		.4byte	0xb7
 275 00b7 07       		.uleb128 0x7
 276 00b8 04       		.byte	0x4
 277 00b9 BD000000 		.4byte	0xbd
 278 00bd 08       		.uleb128 0x8
 279 00be 02       		.uleb128 0x2
 280 00bf 04       		.byte	0x4
 281 00c0 07       		.byte	0x7
 282 00c1 BD010000 		.4byte	.LASF16
 283 00c5 09       		.uleb128 0x9
 284 00c6 F5010000 		.4byte	.LASF31
 285 00ca 01       		.byte	0x1
 286 00cb 24       		.byte	0x24
 287 00cc 00000000 		.4byte	.LFB0
 288 00d0 E4000000 		.4byte	.LFE0-.LFB0
 289 00d4 01       		.uleb128 0x1
 290 00d5 9C       		.byte	0x9c
 291 00d6 08010000 		.4byte	0x108
 292 00da 0A       		.uleb128 0xa
 293 00db D0000000 		.4byte	.LASF17
 294 00df 01       		.byte	0x1
 295 00e0 27       		.byte	0x27
 296 00e1 76000000 		.4byte	0x76
 297 00e5 00000000 		.4byte	.LLST0
 298 00e9 0A       		.uleb128 0xa
 299 00ea DE000000 		.4byte	.LASF18
 300 00ee 01       		.byte	0x1
 301 00ef 28       		.byte	0x28
 302 00f0 76000000 		.4byte	0x76
 303 00f4 1E000000 		.4byte	.LLST1
 304 00f8 0A       		.uleb128 0xa
 305 00f9 B5010000 		.4byte	.LASF19
 306 00fd 01       		.byte	0x1
 307 00fe 2C       		.byte	0x2c
 308 00ff 76000000 		.4byte	0x76
 309 0103 31000000 		.4byte	.LLST2
 310 0107 00       		.byte	0
 311 0108 0B       		.uleb128 0xb
 312 0109 94000000 		.4byte	.LASF20
 313 010d 03       		.byte	0x3
 314 010e 37       		.byte	0x37
 315 010f AB000000 		.4byte	0xab
 316 0113 0B       		.uleb128 0xb
 317 0114 32020000 		.4byte	.LASF21
 318 0118 04       		.byte	0x4
 319 0119 1E       		.byte	0x1e
ARM GAS  C:\DOCUME~1\Chuck\LOCALS~1\Temp\ccs1dVZR.s 			page 9


 320 011a A6000000 		.4byte	0xa6
 321 011e 0B       		.uleb128 0xb
 322 011f 0B010000 		.4byte	.LASF22
 323 0123 04       		.byte	0x4
 324 0124 1F       		.byte	0x1f
 325 0125 A6000000 		.4byte	0xa6
 326 0129 0B       		.uleb128 0xb
 327 012a 92010000 		.4byte	.LASF23
 328 012e 04       		.byte	0x4
 329 012f 20       		.byte	0x20
 330 0130 96000000 		.4byte	0x96
 331 0134 0B       		.uleb128 0xb
 332 0135 D9010000 		.4byte	.LASF24
 333 0139 04       		.byte	0x4
 334 013a 24       		.byte	0x24
 335 013b A6000000 		.4byte	0xa6
 336 013f 0B       		.uleb128 0xb
 337 0140 BE000000 		.4byte	.LASF25
 338 0144 04       		.byte	0x4
 339 0145 25       		.byte	0x25
 340 0146 A6000000 		.4byte	0xa6
 341 014a 0C       		.uleb128 0xc
 342 014b 6B000000 		.4byte	0x6b
 343 014f 5A010000 		.4byte	0x15a
 344 0153 0D       		.uleb128 0xd
 345 0154 BE000000 		.4byte	0xbe
 346 0158 40       		.byte	0x40
 347 0159 00       		.byte	0
 348 015a 0B       		.uleb128 0xb
 349 015b 1D010000 		.4byte	.LASF26
 350 015f 04       		.byte	0x4
 351 0160 29       		.byte	0x29
 352 0161 65010000 		.4byte	0x165
 353 0165 05       		.uleb128 0x5
 354 0166 4A010000 		.4byte	0x14a
 355 016a 0C       		.uleb128 0xc
 356 016b 6B000000 		.4byte	0x6b
 357 016f 7A010000 		.4byte	0x17a
 358 0173 0D       		.uleb128 0xd
 359 0174 BE000000 		.4byte	0xbe
 360 0178 3F       		.byte	0x3f
 361 0179 00       		.byte	0
 362 017a 0B       		.uleb128 0xb
 363 017b 10020000 		.4byte	.LASF27
 364 017f 04       		.byte	0x4
 365 0180 2D       		.byte	0x2d
 366 0181 85010000 		.4byte	0x185
 367 0185 05       		.uleb128 0x5
 368 0186 6A010000 		.4byte	0x16a
 369 018a 00       		.byte	0
 370              		.section	.debug_abbrev,"",%progbits
 371              	.Ldebug_abbrev0:
 372 0000 01       		.uleb128 0x1
 373 0001 11       		.uleb128 0x11
 374 0002 01       		.byte	0x1
 375 0003 25       		.uleb128 0x25
 376 0004 0E       		.uleb128 0xe
ARM GAS  C:\DOCUME~1\Chuck\LOCALS~1\Temp\ccs1dVZR.s 			page 10


 377 0005 13       		.uleb128 0x13
 378 0006 0B       		.uleb128 0xb
 379 0007 03       		.uleb128 0x3
 380 0008 0E       		.uleb128 0xe
 381 0009 1B       		.uleb128 0x1b
 382 000a 0E       		.uleb128 0xe
 383 000b 55       		.uleb128 0x55
 384 000c 17       		.uleb128 0x17
 385 000d 11       		.uleb128 0x11
 386 000e 01       		.uleb128 0x1
 387 000f 10       		.uleb128 0x10
 388 0010 17       		.uleb128 0x17
 389 0011 00       		.byte	0
 390 0012 00       		.byte	0
 391 0013 02       		.uleb128 0x2
 392 0014 24       		.uleb128 0x24
 393 0015 00       		.byte	0
 394 0016 0B       		.uleb128 0xb
 395 0017 0B       		.uleb128 0xb
 396 0018 3E       		.uleb128 0x3e
 397 0019 0B       		.uleb128 0xb
 398 001a 03       		.uleb128 0x3
 399 001b 0E       		.uleb128 0xe
 400 001c 00       		.byte	0
 401 001d 00       		.byte	0
 402 001e 03       		.uleb128 0x3
 403 001f 24       		.uleb128 0x24
 404 0020 00       		.byte	0
 405 0021 0B       		.uleb128 0xb
 406 0022 0B       		.uleb128 0xb
 407 0023 3E       		.uleb128 0x3e
 408 0024 0B       		.uleb128 0xb
 409 0025 03       		.uleb128 0x3
 410 0026 08       		.uleb128 0x8
 411 0027 00       		.byte	0
 412 0028 00       		.byte	0
 413 0029 04       		.uleb128 0x4
 414 002a 16       		.uleb128 0x16
 415 002b 00       		.byte	0
 416 002c 03       		.uleb128 0x3
 417 002d 0E       		.uleb128 0xe
 418 002e 3A       		.uleb128 0x3a
 419 002f 0B       		.uleb128 0xb
 420 0030 3B       		.uleb128 0x3b
 421 0031 0B       		.uleb128 0xb
 422 0032 49       		.uleb128 0x49
 423 0033 13       		.uleb128 0x13
 424 0034 00       		.byte	0
 425 0035 00       		.byte	0
 426 0036 05       		.uleb128 0x5
 427 0037 35       		.uleb128 0x35
 428 0038 00       		.byte	0
 429 0039 49       		.uleb128 0x49
 430 003a 13       		.uleb128 0x13
 431 003b 00       		.byte	0
 432 003c 00       		.byte	0
 433 003d 06       		.uleb128 0x6
ARM GAS  C:\DOCUME~1\Chuck\LOCALS~1\Temp\ccs1dVZR.s 			page 11


 434 003e 16       		.uleb128 0x16
 435 003f 00       		.byte	0
 436 0040 03       		.uleb128 0x3
 437 0041 0E       		.uleb128 0xe
 438 0042 3A       		.uleb128 0x3a
 439 0043 0B       		.uleb128 0xb
 440 0044 3B       		.uleb128 0x3b
 441 0045 05       		.uleb128 0x5
 442 0046 49       		.uleb128 0x49
 443 0047 13       		.uleb128 0x13
 444 0048 00       		.byte	0
 445 0049 00       		.byte	0
 446 004a 07       		.uleb128 0x7
 447 004b 0F       		.uleb128 0xf
 448 004c 00       		.byte	0
 449 004d 0B       		.uleb128 0xb
 450 004e 0B       		.uleb128 0xb
 451 004f 49       		.uleb128 0x49
 452 0050 13       		.uleb128 0x13
 453 0051 00       		.byte	0
 454 0052 00       		.byte	0
 455 0053 08       		.uleb128 0x8
 456 0054 15       		.uleb128 0x15
 457 0055 00       		.byte	0
 458 0056 27       		.uleb128 0x27
 459 0057 19       		.uleb128 0x19
 460 0058 00       		.byte	0
 461 0059 00       		.byte	0
 462 005a 09       		.uleb128 0x9
 463 005b 2E       		.uleb128 0x2e
 464 005c 01       		.byte	0x1
 465 005d 3F       		.uleb128 0x3f
 466 005e 19       		.uleb128 0x19
 467 005f 03       		.uleb128 0x3
 468 0060 0E       		.uleb128 0xe
 469 0061 3A       		.uleb128 0x3a
 470 0062 0B       		.uleb128 0xb
 471 0063 3B       		.uleb128 0x3b
 472 0064 0B       		.uleb128 0xb
 473 0065 27       		.uleb128 0x27
 474 0066 19       		.uleb128 0x19
 475 0067 11       		.uleb128 0x11
 476 0068 01       		.uleb128 0x1
 477 0069 12       		.uleb128 0x12
 478 006a 06       		.uleb128 0x6
 479 006b 40       		.uleb128 0x40
 480 006c 18       		.uleb128 0x18
 481 006d 9642     		.uleb128 0x2116
 482 006f 19       		.uleb128 0x19
 483 0070 01       		.uleb128 0x1
 484 0071 13       		.uleb128 0x13
 485 0072 00       		.byte	0
 486 0073 00       		.byte	0
 487 0074 0A       		.uleb128 0xa
 488 0075 34       		.uleb128 0x34
 489 0076 00       		.byte	0
 490 0077 03       		.uleb128 0x3
ARM GAS  C:\DOCUME~1\Chuck\LOCALS~1\Temp\ccs1dVZR.s 			page 12


 491 0078 0E       		.uleb128 0xe
 492 0079 3A       		.uleb128 0x3a
 493 007a 0B       		.uleb128 0xb
 494 007b 3B       		.uleb128 0x3b
 495 007c 0B       		.uleb128 0xb
 496 007d 49       		.uleb128 0x49
 497 007e 13       		.uleb128 0x13
 498 007f 02       		.uleb128 0x2
 499 0080 17       		.uleb128 0x17
 500 0081 00       		.byte	0
 501 0082 00       		.byte	0
 502 0083 0B       		.uleb128 0xb
 503 0084 34       		.uleb128 0x34
 504 0085 00       		.byte	0
 505 0086 03       		.uleb128 0x3
 506 0087 0E       		.uleb128 0xe
 507 0088 3A       		.uleb128 0x3a
 508 0089 0B       		.uleb128 0xb
 509 008a 3B       		.uleb128 0x3b
 510 008b 0B       		.uleb128 0xb
 511 008c 49       		.uleb128 0x49
 512 008d 13       		.uleb128 0x13
 513 008e 3F       		.uleb128 0x3f
 514 008f 19       		.uleb128 0x19
 515 0090 3C       		.uleb128 0x3c
 516 0091 19       		.uleb128 0x19
 517 0092 00       		.byte	0
 518 0093 00       		.byte	0
 519 0094 0C       		.uleb128 0xc
 520 0095 01       		.uleb128 0x1
 521 0096 01       		.byte	0x1
 522 0097 49       		.uleb128 0x49
 523 0098 13       		.uleb128 0x13
 524 0099 01       		.uleb128 0x1
 525 009a 13       		.uleb128 0x13
 526 009b 00       		.byte	0
 527 009c 00       		.byte	0
 528 009d 0D       		.uleb128 0xd
 529 009e 21       		.uleb128 0x21
 530 009f 00       		.byte	0
 531 00a0 49       		.uleb128 0x49
 532 00a1 13       		.uleb128 0x13
 533 00a2 2F       		.uleb128 0x2f
 534 00a3 0B       		.uleb128 0xb
 535 00a4 00       		.byte	0
 536 00a5 00       		.byte	0
 537 00a6 00       		.byte	0
 538              		.section	.debug_loc,"",%progbits
 539              	.Ldebug_loc0:
 540              	.LLST0:
 541 0000 26000000 		.4byte	.LVL2
 542 0004 3A000000 		.4byte	.LVL4
 543 0008 0100     		.2byte	0x1
 544 000a 52       		.byte	0x52
 545 000b 40000000 		.4byte	.LVL5
 546 000f 4A000000 		.4byte	.LVL7
 547 0013 0100     		.2byte	0x1
ARM GAS  C:\DOCUME~1\Chuck\LOCALS~1\Temp\ccs1dVZR.s 			page 13


 548 0015 52       		.byte	0x52
 549 0016 00000000 		.4byte	0
 550 001a 00000000 		.4byte	0
 551              	.LLST1:
 552 001e 22000000 		.4byte	.LVL1
 553 0022 44000000 		.4byte	.LVL6
 554 0026 0100     		.2byte	0x1
 555 0028 51       		.byte	0x51
 556 0029 00000000 		.4byte	0
 557 002d 00000000 		.4byte	0
 558              	.LLST2:
 559 0031 74000000 		.4byte	.LVL8
 560 0035 8C000000 		.4byte	.LVL10
 561 0039 0100     		.2byte	0x1
 562 003b 52       		.byte	0x52
 563 003c 00000000 		.4byte	0
 564 0040 00000000 		.4byte	0
 565              		.section	.debug_aranges,"",%progbits
 566 0000 1C000000 		.4byte	0x1c
 567 0004 0200     		.2byte	0x2
 568 0006 00000000 		.4byte	.Ldebug_info0
 569 000a 04       		.byte	0x4
 570 000b 00       		.byte	0
 571 000c 0000     		.2byte	0
 572 000e 0000     		.2byte	0
 573 0010 00000000 		.4byte	.LFB0
 574 0014 E4000000 		.4byte	.LFE0-.LFB0
 575 0018 00000000 		.4byte	0
 576 001c 00000000 		.4byte	0
 577              		.section	.debug_ranges,"",%progbits
 578              	.Ldebug_ranges0:
 579 0000 00000000 		.4byte	.LFB0
 580 0004 E4000000 		.4byte	.LFE0
 581 0008 00000000 		.4byte	0
 582 000c 00000000 		.4byte	0
 583              		.section	.debug_line,"",%progbits
 584              	.Ldebug_line0:
 585 0000 C3000000 		.section	.debug_str,"MS",%progbits,1
 585      02008C00 
 585      00000201 
 585      FB0E0D00 
 585      01010101 
 586              	.LASF14:
 587 0000 72656733 		.ascii	"reg32\000"
 587      3200
 588              	.LASF28:
 589 0006 474E5520 		.ascii	"GNU C 4.9.3 20150303 (release) [ARM/embedded-4_9-br"
 589      4320342E 
 589      392E3320 
 589      32303135 
 589      30333033 
 590 0039 616E6368 		.ascii	"anch revision 221220] -mcpu=cortex-m0 -mthumb -g -O"
 590      20726576 
 590      6973696F 
 590      6E203232 
 590      31323230 
 591 006c 73202D66 		.ascii	"s -ffunction-sections -ffat-lto-objects\000"
ARM GAS  C:\DOCUME~1\Chuck\LOCALS~1\Temp\ccs1dVZR.s 			page 14


 591      66756E63 
 591      74696F6E 
 591      2D736563 
 591      74696F6E 
 592              	.LASF20:
 593 0094 55415254 		.ascii	"UART_customIntrHandler\000"
 593      5F637573 
 593      746F6D49 
 593      6E747248 
 593      616E646C 
 594              	.LASF3:
 595 00ab 73686F72 		.ascii	"short unsigned int\000"
 595      7420756E 
 595      7369676E 
 595      65642069 
 595      6E7400
 596              	.LASF25:
 597 00be 55415254 		.ascii	"UART_txBufferTail\000"
 597      5F747842 
 597      75666665 
 597      72546169 
 597      6C00
 598              	.LASF17:
 599 00d0 6C6F6348 		.ascii	"locHead\000"
 599      65616400 
 600              	.LASF11:
 601 00d8 666C6F61 		.ascii	"float\000"
 601      7400
 602              	.LASF18:
 603 00de 64617461 		.ascii	"dataRx\000"
 603      527800
 604              	.LASF1:
 605 00e5 756E7369 		.ascii	"unsigned char\000"
 605      676E6564 
 605      20636861 
 605      7200
 606              	.LASF5:
 607 00f3 6C6F6E67 		.ascii	"long unsigned int\000"
 607      20756E73 
 607      69676E65 
 607      6420696E 
 607      7400
 608              	.LASF9:
 609 0105 75696E74 		.ascii	"uint8\000"
 609      3800
 610              	.LASF22:
 611 010b 55415254 		.ascii	"UART_rxBufferTail\000"
 611      5F727842 
 611      75666665 
 611      72546169 
 611      6C00
 612              	.LASF26:
 613 011d 55415254 		.ascii	"UART_rxBufferInternal\000"
 613      5F727842 
 613      75666665 
 613      72496E74 
 613      65726E61 
ARM GAS  C:\DOCUME~1\Chuck\LOCALS~1\Temp\ccs1dVZR.s 			page 15


 614              	.LASF12:
 615 0133 646F7562 		.ascii	"double\000"
 615      6C6500
 616              	.LASF10:
 617 013a 75696E74 		.ascii	"uint32\000"
 617      333200
 618              	.LASF8:
 619 0141 756E7369 		.ascii	"unsigned int\000"
 619      676E6564 
 619      20696E74 
 619      00
 620              	.LASF7:
 621 014e 6C6F6E67 		.ascii	"long long unsigned int\000"
 621      206C6F6E 
 621      6720756E 
 621      7369676E 
 621      65642069 
 622              	.LASF29:
 623 0165 2E5C4765 		.ascii	".\\Generated_Source\\PSoC4\\UART_SPI_UART_INT.c\000"
 623      6E657261 
 623      7465645F 
 623      536F7572 
 623      63655C50 
 624              	.LASF23:
 625 0192 55415254 		.ascii	"UART_rxBufferOverflow\000"
 625      5F727842 
 625      75666665 
 625      724F7665 
 625      72666C6F 
 626              	.LASF15:
 627 01a8 63796973 		.ascii	"cyisraddress\000"
 627      72616464 
 627      72657373 
 627      00
 628              	.LASF19:
 629 01b5 6C6F6354 		.ascii	"locTail\000"
 629      61696C00 
 630              	.LASF16:
 631 01bd 73697A65 		.ascii	"sizetype\000"
 631      74797065 
 631      00
 632              	.LASF6:
 633 01c6 6C6F6E67 		.ascii	"long long int\000"
 633      206C6F6E 
 633      6720696E 
 633      7400
 634              	.LASF13:
 635 01d4 63686172 		.ascii	"char\000"
 635      00
 636              	.LASF24:
 637 01d9 55415254 		.ascii	"UART_txBufferHead\000"
 637      5F747842 
 637      75666665 
 637      72486561 
 637      6400
 638              	.LASF2:
 639 01eb 73686F72 		.ascii	"short int\000"
ARM GAS  C:\DOCUME~1\Chuck\LOCALS~1\Temp\ccs1dVZR.s 			page 16


 639      7420696E 
 639      7400
 640              	.LASF31:
 641 01f5 55415254 		.ascii	"UART_SPI_UART_ISR\000"
 641      5F535049 
 641      5F554152 
 641      545F4953 
 641      5200
 642              	.LASF4:
 643 0207 6C6F6E67 		.ascii	"long int\000"
 643      20696E74 
 643      00
 644              	.LASF27:
 645 0210 55415254 		.ascii	"UART_txBufferInternal\000"
 645      5F747842 
 645      75666665 
 645      72496E74 
 645      65726E61 
 646              	.LASF0:
 647 0226 7369676E 		.ascii	"signed char\000"
 647      65642063 
 647      68617200 
 648              	.LASF21:
 649 0232 55415254 		.ascii	"UART_rxBufferHead\000"
 649      5F727842 
 649      75666665 
 649      72486561 
 649      6400
 650              	.LASF30:
 651 0244 433A5C44 		.ascii	"C:\\Documents and Settings\\Chuck\\My Documents\\PS"
 651      6F63756D 
 651      656E7473 
 651      20616E64 
 651      20536574 
 652 0273 6F432043 		.ascii	"oC Creator\\RosOnAStick\\Bootloader.cydsn\000"
 652      72656174 
 652      6F725C52 
 652      6F734F6E 
 652      41537469 
 653              		.ident	"GCC: (GNU Tools for ARM Embedded Processors) 4.9.3 20150303 (release) [ARM/embedded-4_9-br
