ARM GAS  C:\DOCUME~1\Chuck\LOCALS~1\Temp\cckwmGKF.s 			page 1


   1              		.cpu cortex-m0
   2              		.fpu softvfp
   3              		.eabi_attribute 20, 1
   4              		.eabi_attribute 21, 1
   5              		.eabi_attribute 23, 3
   6              		.eabi_attribute 24, 1
   7              		.eabi_attribute 25, 1
   8              		.eabi_attribute 26, 1
   9              		.eabi_attribute 30, 4
  10              		.eabi_attribute 34, 0
  11              		.eabi_attribute 18, 4
  12              		.code	16
  13              		.file	"UART_rx.c"
  14              		.text
  15              	.Ltext0:
  16              		.cfi_sections	.debug_frame
  17              		.section	.text.UART_rx_Write,"ax",%progbits
  18              		.align	1
  19              		.global	UART_rx_Write
  20              		.code	16
  21              		.thumb_func
  22              		.type	UART_rx_Write, %function
  23              	UART_rx_Write:
  24              	.LFB0:
  25              		.file 1 ".\\Generated_Source\\PSoC4\\UART_rx.c"
   1:.\Generated_Source\PSoC4/UART_rx.c **** /*******************************************************************************
   2:.\Generated_Source\PSoC4/UART_rx.c **** * File Name: UART_rx.c  
   3:.\Generated_Source\PSoC4/UART_rx.c **** * Version 2.0
   4:.\Generated_Source\PSoC4/UART_rx.c **** *
   5:.\Generated_Source\PSoC4/UART_rx.c **** * Description:
   6:.\Generated_Source\PSoC4/UART_rx.c **** *  This file contains API to enable firmware control of a Pins component.
   7:.\Generated_Source\PSoC4/UART_rx.c **** *
   8:.\Generated_Source\PSoC4/UART_rx.c **** * Note:
   9:.\Generated_Source\PSoC4/UART_rx.c **** *
  10:.\Generated_Source\PSoC4/UART_rx.c **** ********************************************************************************
  11:.\Generated_Source\PSoC4/UART_rx.c **** * Copyright 2008-2014, Cypress Semiconductor Corporation.  All rights reserved.
  12:.\Generated_Source\PSoC4/UART_rx.c **** * You may use this file only in accordance with the license, terms, conditions, 
  13:.\Generated_Source\PSoC4/UART_rx.c **** * disclaimers, and limitations in the end user license agreement accompanying 
  14:.\Generated_Source\PSoC4/UART_rx.c **** * the software package with which this file was provided.
  15:.\Generated_Source\PSoC4/UART_rx.c **** *******************************************************************************/
  16:.\Generated_Source\PSoC4/UART_rx.c **** 
  17:.\Generated_Source\PSoC4/UART_rx.c **** #include "cytypes.h"
  18:.\Generated_Source\PSoC4/UART_rx.c **** #include "UART_rx.h"
  19:.\Generated_Source\PSoC4/UART_rx.c **** 
  20:.\Generated_Source\PSoC4/UART_rx.c **** #define SetP4PinDriveMode(shift, mode)  \
  21:.\Generated_Source\PSoC4/UART_rx.c ****     do { \
  22:.\Generated_Source\PSoC4/UART_rx.c ****         UART_rx_PC =   (UART_rx_PC & \
  23:.\Generated_Source\PSoC4/UART_rx.c ****                                 (uint32)(~(uint32)(UART_rx_DRIVE_MODE_IND_MASK << (UART_rx_DRIVE_MO
  24:.\Generated_Source\PSoC4/UART_rx.c ****                                 (uint32)((uint32)(mode) << (UART_rx_DRIVE_MODE_BITS * (shift))); \
  25:.\Generated_Source\PSoC4/UART_rx.c ****     } while (0)
  26:.\Generated_Source\PSoC4/UART_rx.c **** 
  27:.\Generated_Source\PSoC4/UART_rx.c **** 
  28:.\Generated_Source\PSoC4/UART_rx.c **** /*******************************************************************************
  29:.\Generated_Source\PSoC4/UART_rx.c **** * Function Name: UART_rx_Write
  30:.\Generated_Source\PSoC4/UART_rx.c **** ********************************************************************************
  31:.\Generated_Source\PSoC4/UART_rx.c **** *
  32:.\Generated_Source\PSoC4/UART_rx.c **** * Summary:
ARM GAS  C:\DOCUME~1\Chuck\LOCALS~1\Temp\cckwmGKF.s 			page 2


  33:.\Generated_Source\PSoC4/UART_rx.c **** *  Assign a new value to the digital port's data output register.  
  34:.\Generated_Source\PSoC4/UART_rx.c **** *
  35:.\Generated_Source\PSoC4/UART_rx.c **** * Parameters:  
  36:.\Generated_Source\PSoC4/UART_rx.c **** *  prtValue:  The value to be assigned to the Digital Port. 
  37:.\Generated_Source\PSoC4/UART_rx.c **** *
  38:.\Generated_Source\PSoC4/UART_rx.c **** * Return: 
  39:.\Generated_Source\PSoC4/UART_rx.c **** *  None 
  40:.\Generated_Source\PSoC4/UART_rx.c **** *  
  41:.\Generated_Source\PSoC4/UART_rx.c **** *******************************************************************************/
  42:.\Generated_Source\PSoC4/UART_rx.c **** void UART_rx_Write(uint8 value) 
  43:.\Generated_Source\PSoC4/UART_rx.c **** {
  26              		.loc 1 43 0
  27              		.cfi_startproc
  28              	.LVL0:
  44:.\Generated_Source\PSoC4/UART_rx.c ****     uint8 drVal = (uint8)(UART_rx_DR & (uint8)(~UART_rx_MASK));
  29              		.loc 1 44 0
  30 0000 0123     		mov	r3, #1
  31 0002 0449     		ldr	r1, .L2
  45:.\Generated_Source\PSoC4/UART_rx.c ****     drVal = (drVal | ((uint8)(value << UART_rx_SHIFT) & UART_rx_MASK));
  46:.\Generated_Source\PSoC4/UART_rx.c ****     UART_rx_DR = (uint32)drVal;
  47:.\Generated_Source\PSoC4/UART_rx.c **** }
  32              		.loc 1 47 0
  33              		@ sp needed
  44:.\Generated_Source\PSoC4/UART_rx.c ****     uint8 drVal = (uint8)(UART_rx_DR & (uint8)(~UART_rx_MASK));
  34              		.loc 1 44 0
  35 0004 0A68     		ldr	r2, [r1]
  36 0006 9A43     		bic	r2, r3
  37 0008 D2B2     		uxtb	r2, r2
  38              	.LVL1:
  45:.\Generated_Source\PSoC4/UART_rx.c ****     drVal = (drVal | ((uint8)(value << UART_rx_SHIFT) & UART_rx_MASK));
  39              		.loc 1 45 0
  40 000a 0340     		and	r3, r0
  46:.\Generated_Source\PSoC4/UART_rx.c **** }
  41              		.loc 1 46 0
  42 000c 1343     		orr	r3, r2
  43 000e 0B60     		str	r3, [r1]
  44              		.loc 1 47 0
  45 0010 7047     		bx	lr
  46              	.L3:
  47 0012 C046     		.align	2
  48              	.L2:
  49 0014 00040440 		.word	1074004992
  50              		.cfi_endproc
  51              	.LFE0:
  52              		.size	UART_rx_Write, .-UART_rx_Write
  53              		.section	.text.UART_rx_SetDriveMode,"ax",%progbits
  54              		.align	1
  55              		.global	UART_rx_SetDriveMode
  56              		.code	16
  57              		.thumb_func
  58              		.type	UART_rx_SetDriveMode, %function
  59              	UART_rx_SetDriveMode:
  60              	.LFB1:
  48:.\Generated_Source\PSoC4/UART_rx.c **** 
  49:.\Generated_Source\PSoC4/UART_rx.c **** 
  50:.\Generated_Source\PSoC4/UART_rx.c **** /*******************************************************************************
  51:.\Generated_Source\PSoC4/UART_rx.c **** * Function Name: UART_rx_SetDriveMode
ARM GAS  C:\DOCUME~1\Chuck\LOCALS~1\Temp\cckwmGKF.s 			page 3


  52:.\Generated_Source\PSoC4/UART_rx.c **** ********************************************************************************
  53:.\Generated_Source\PSoC4/UART_rx.c **** *
  54:.\Generated_Source\PSoC4/UART_rx.c **** * Summary:
  55:.\Generated_Source\PSoC4/UART_rx.c **** *  Change the drive mode on the pins of the port.
  56:.\Generated_Source\PSoC4/UART_rx.c **** * 
  57:.\Generated_Source\PSoC4/UART_rx.c **** * Parameters:  
  58:.\Generated_Source\PSoC4/UART_rx.c **** *  mode:  Change the pins to one of the following drive modes.
  59:.\Generated_Source\PSoC4/UART_rx.c **** *
  60:.\Generated_Source\PSoC4/UART_rx.c **** *  UART_rx_DM_STRONG     Strong Drive 
  61:.\Generated_Source\PSoC4/UART_rx.c **** *  UART_rx_DM_OD_HI      Open Drain, Drives High 
  62:.\Generated_Source\PSoC4/UART_rx.c **** *  UART_rx_DM_OD_LO      Open Drain, Drives Low 
  63:.\Generated_Source\PSoC4/UART_rx.c **** *  UART_rx_DM_RES_UP     Resistive Pull Up 
  64:.\Generated_Source\PSoC4/UART_rx.c **** *  UART_rx_DM_RES_DWN    Resistive Pull Down 
  65:.\Generated_Source\PSoC4/UART_rx.c **** *  UART_rx_DM_RES_UPDWN  Resistive Pull Up/Down 
  66:.\Generated_Source\PSoC4/UART_rx.c **** *  UART_rx_DM_DIG_HIZ    High Impedance Digital 
  67:.\Generated_Source\PSoC4/UART_rx.c **** *  UART_rx_DM_ALG_HIZ    High Impedance Analog 
  68:.\Generated_Source\PSoC4/UART_rx.c **** *
  69:.\Generated_Source\PSoC4/UART_rx.c **** * Return: 
  70:.\Generated_Source\PSoC4/UART_rx.c **** *  None
  71:.\Generated_Source\PSoC4/UART_rx.c **** *
  72:.\Generated_Source\PSoC4/UART_rx.c **** *******************************************************************************/
  73:.\Generated_Source\PSoC4/UART_rx.c **** void UART_rx_SetDriveMode(uint8 mode) 
  74:.\Generated_Source\PSoC4/UART_rx.c **** {
  61              		.loc 1 74 0
  62              		.cfi_startproc
  63              	.LVL2:
  75:.\Generated_Source\PSoC4/UART_rx.c **** 	SetP4PinDriveMode(UART_rx__0__SHIFT, mode);
  64              		.loc 1 75 0
  65 0000 0721     		mov	r1, #7
  66 0002 034A     		ldr	r2, .L5
  76:.\Generated_Source\PSoC4/UART_rx.c **** }
  67              		.loc 1 76 0
  68              		@ sp needed
  75:.\Generated_Source\PSoC4/UART_rx.c **** 	SetP4PinDriveMode(UART_rx__0__SHIFT, mode);
  69              		.loc 1 75 0
  70 0004 1368     		ldr	r3, [r2]
  71 0006 8B43     		bic	r3, r1
  72 0008 1843     		orr	r0, r3
  73              	.LVL3:
  74 000a 1060     		str	r0, [r2]
  75              		.loc 1 76 0
  76 000c 7047     		bx	lr
  77              	.L6:
  78 000e C046     		.align	2
  79              	.L5:
  80 0010 08040440 		.word	1074005000
  81              		.cfi_endproc
  82              	.LFE1:
  83              		.size	UART_rx_SetDriveMode, .-UART_rx_SetDriveMode
  84              		.section	.text.UART_rx_Read,"ax",%progbits
  85              		.align	1
  86              		.global	UART_rx_Read
  87              		.code	16
  88              		.thumb_func
  89              		.type	UART_rx_Read, %function
  90              	UART_rx_Read:
  91              	.LFB2:
ARM GAS  C:\DOCUME~1\Chuck\LOCALS~1\Temp\cckwmGKF.s 			page 4


  77:.\Generated_Source\PSoC4/UART_rx.c **** 
  78:.\Generated_Source\PSoC4/UART_rx.c **** 
  79:.\Generated_Source\PSoC4/UART_rx.c **** /*******************************************************************************
  80:.\Generated_Source\PSoC4/UART_rx.c **** * Function Name: UART_rx_Read
  81:.\Generated_Source\PSoC4/UART_rx.c **** ********************************************************************************
  82:.\Generated_Source\PSoC4/UART_rx.c **** *
  83:.\Generated_Source\PSoC4/UART_rx.c **** * Summary:
  84:.\Generated_Source\PSoC4/UART_rx.c **** *  Read the current value on the pins of the Digital Port in right justified 
  85:.\Generated_Source\PSoC4/UART_rx.c **** *  form.
  86:.\Generated_Source\PSoC4/UART_rx.c **** *
  87:.\Generated_Source\PSoC4/UART_rx.c **** * Parameters:  
  88:.\Generated_Source\PSoC4/UART_rx.c **** *  None 
  89:.\Generated_Source\PSoC4/UART_rx.c **** *
  90:.\Generated_Source\PSoC4/UART_rx.c **** * Return: 
  91:.\Generated_Source\PSoC4/UART_rx.c **** *  Returns the current value of the Digital Port as a right justified number
  92:.\Generated_Source\PSoC4/UART_rx.c **** *  
  93:.\Generated_Source\PSoC4/UART_rx.c **** * Note:
  94:.\Generated_Source\PSoC4/UART_rx.c **** *  Macro UART_rx_ReadPS calls this function. 
  95:.\Generated_Source\PSoC4/UART_rx.c **** *  
  96:.\Generated_Source\PSoC4/UART_rx.c **** *******************************************************************************/
  97:.\Generated_Source\PSoC4/UART_rx.c **** uint8 UART_rx_Read(void) 
  98:.\Generated_Source\PSoC4/UART_rx.c **** {
  92              		.loc 1 98 0
  93              		.cfi_startproc
  99:.\Generated_Source\PSoC4/UART_rx.c ****     return (uint8)((UART_rx_PS & UART_rx_MASK) >> UART_rx_SHIFT);
  94              		.loc 1 99 0
  95 0000 024B     		ldr	r3, .L8
 100:.\Generated_Source\PSoC4/UART_rx.c **** }
  96              		.loc 1 100 0
  97              		@ sp needed
  99:.\Generated_Source\PSoC4/UART_rx.c ****     return (uint8)((UART_rx_PS & UART_rx_MASK) >> UART_rx_SHIFT);
  98              		.loc 1 99 0
  99 0002 1868     		ldr	r0, [r3]
 100 0004 0123     		mov	r3, #1
 101 0006 1840     		and	r0, r3
 102              		.loc 1 100 0
 103 0008 7047     		bx	lr
 104              	.L9:
 105 000a C046     		.align	2
 106              	.L8:
 107 000c 04040440 		.word	1074004996
 108              		.cfi_endproc
 109              	.LFE2:
 110              		.size	UART_rx_Read, .-UART_rx_Read
 111              		.section	.text.UART_rx_ReadDataReg,"ax",%progbits
 112              		.align	1
 113              		.global	UART_rx_ReadDataReg
 114              		.code	16
 115              		.thumb_func
 116              		.type	UART_rx_ReadDataReg, %function
 117              	UART_rx_ReadDataReg:
 118              	.LFB3:
 101:.\Generated_Source\PSoC4/UART_rx.c **** 
 102:.\Generated_Source\PSoC4/UART_rx.c **** 
 103:.\Generated_Source\PSoC4/UART_rx.c **** /*******************************************************************************
 104:.\Generated_Source\PSoC4/UART_rx.c **** * Function Name: UART_rx_ReadDataReg
 105:.\Generated_Source\PSoC4/UART_rx.c **** ********************************************************************************
ARM GAS  C:\DOCUME~1\Chuck\LOCALS~1\Temp\cckwmGKF.s 			page 5


 106:.\Generated_Source\PSoC4/UART_rx.c **** *
 107:.\Generated_Source\PSoC4/UART_rx.c **** * Summary:
 108:.\Generated_Source\PSoC4/UART_rx.c **** *  Read the current value assigned to a Digital Port's data output register
 109:.\Generated_Source\PSoC4/UART_rx.c **** *
 110:.\Generated_Source\PSoC4/UART_rx.c **** * Parameters:  
 111:.\Generated_Source\PSoC4/UART_rx.c **** *  None 
 112:.\Generated_Source\PSoC4/UART_rx.c **** *
 113:.\Generated_Source\PSoC4/UART_rx.c **** * Return: 
 114:.\Generated_Source\PSoC4/UART_rx.c **** *  Returns the current value assigned to the Digital Port's data output register
 115:.\Generated_Source\PSoC4/UART_rx.c **** *  
 116:.\Generated_Source\PSoC4/UART_rx.c **** *******************************************************************************/
 117:.\Generated_Source\PSoC4/UART_rx.c **** uint8 UART_rx_ReadDataReg(void) 
 118:.\Generated_Source\PSoC4/UART_rx.c **** {
 119              		.loc 1 118 0
 120              		.cfi_startproc
 119:.\Generated_Source\PSoC4/UART_rx.c ****     return (uint8)((UART_rx_DR & UART_rx_MASK) >> UART_rx_SHIFT);
 121              		.loc 1 119 0
 122 0000 024B     		ldr	r3, .L11
 120:.\Generated_Source\PSoC4/UART_rx.c **** }
 123              		.loc 1 120 0
 124              		@ sp needed
 119:.\Generated_Source\PSoC4/UART_rx.c ****     return (uint8)((UART_rx_DR & UART_rx_MASK) >> UART_rx_SHIFT);
 125              		.loc 1 119 0
 126 0002 1868     		ldr	r0, [r3]
 127 0004 0123     		mov	r3, #1
 128 0006 1840     		and	r0, r3
 129              		.loc 1 120 0
 130 0008 7047     		bx	lr
 131              	.L12:
 132 000a C046     		.align	2
 133              	.L11:
 134 000c 00040440 		.word	1074004992
 135              		.cfi_endproc
 136              	.LFE3:
 137              		.size	UART_rx_ReadDataReg, .-UART_rx_ReadDataReg
 138              		.section	.text.UART_rx_ClearInterrupt,"ax",%progbits
 139              		.align	1
 140              		.global	UART_rx_ClearInterrupt
 141              		.code	16
 142              		.thumb_func
 143              		.type	UART_rx_ClearInterrupt, %function
 144              	UART_rx_ClearInterrupt:
 145              	.LFB4:
 121:.\Generated_Source\PSoC4/UART_rx.c **** 
 122:.\Generated_Source\PSoC4/UART_rx.c **** 
 123:.\Generated_Source\PSoC4/UART_rx.c **** /* If Interrupts Are Enabled for this Pins component */ 
 124:.\Generated_Source\PSoC4/UART_rx.c **** #if defined(UART_rx_INTSTAT) 
 125:.\Generated_Source\PSoC4/UART_rx.c **** 
 126:.\Generated_Source\PSoC4/UART_rx.c ****     /*******************************************************************************
 127:.\Generated_Source\PSoC4/UART_rx.c ****     * Function Name: UART_rx_ClearInterrupt
 128:.\Generated_Source\PSoC4/UART_rx.c ****     ********************************************************************************
 129:.\Generated_Source\PSoC4/UART_rx.c ****     *
 130:.\Generated_Source\PSoC4/UART_rx.c ****     * Summary:
 131:.\Generated_Source\PSoC4/UART_rx.c ****     *  Clears any active interrupts attached to port and returns the value of the 
 132:.\Generated_Source\PSoC4/UART_rx.c ****     *  interrupt status register.
 133:.\Generated_Source\PSoC4/UART_rx.c ****     *
 134:.\Generated_Source\PSoC4/UART_rx.c ****     * Parameters:  
ARM GAS  C:\DOCUME~1\Chuck\LOCALS~1\Temp\cckwmGKF.s 			page 6


 135:.\Generated_Source\PSoC4/UART_rx.c ****     *  None 
 136:.\Generated_Source\PSoC4/UART_rx.c ****     *
 137:.\Generated_Source\PSoC4/UART_rx.c ****     * Return: 
 138:.\Generated_Source\PSoC4/UART_rx.c ****     *  Returns the value of the interrupt status register
 139:.\Generated_Source\PSoC4/UART_rx.c ****     *  
 140:.\Generated_Source\PSoC4/UART_rx.c ****     *******************************************************************************/
 141:.\Generated_Source\PSoC4/UART_rx.c ****     uint8 UART_rx_ClearInterrupt(void) 
 142:.\Generated_Source\PSoC4/UART_rx.c ****     {
 146              		.loc 1 142 0
 147              		.cfi_startproc
 143:.\Generated_Source\PSoC4/UART_rx.c **** 		uint8 maskedStatus = (uint8)(UART_rx_INTSTAT & UART_rx_MASK);
 148              		.loc 1 143 0
 149 0000 0123     		mov	r3, #1
 150 0002 024A     		ldr	r2, .L14
 144:.\Generated_Source\PSoC4/UART_rx.c **** 		UART_rx_INTSTAT = maskedStatus;
 145:.\Generated_Source\PSoC4/UART_rx.c ****         return maskedStatus >> UART_rx_SHIFT;
 146:.\Generated_Source\PSoC4/UART_rx.c ****     }
 151              		.loc 1 146 0
 152              		@ sp needed
 143:.\Generated_Source\PSoC4/UART_rx.c **** 		uint8 maskedStatus = (uint8)(UART_rx_INTSTAT & UART_rx_MASK);
 153              		.loc 1 143 0
 154 0004 1068     		ldr	r0, [r2]
 155 0006 1840     		and	r0, r3
 156              	.LVL4:
 144:.\Generated_Source\PSoC4/UART_rx.c **** 		UART_rx_INTSTAT = maskedStatus;
 157              		.loc 1 144 0
 158 0008 1060     		str	r0, [r2]
 159              		.loc 1 146 0
 160 000a 7047     		bx	lr
 161              	.L15:
 162              		.align	2
 163              	.L14:
 164 000c 10040440 		.word	1074005008
 165              		.cfi_endproc
 166              	.LFE4:
 167              		.size	UART_rx_ClearInterrupt, .-UART_rx_ClearInterrupt
 168              		.text
 169              	.Letext0:
 170              		.file 2 ".\\Generated_Source\\PSoC4\\cytypes.h"
 171              		.section	.debug_info,"",%progbits
 172              	.Ldebug_info0:
 173 0000 4C010000 		.4byte	0x14c
 174 0004 0400     		.2byte	0x4
 175 0006 00000000 		.4byte	.Ldebug_abbrev0
 176 000a 04       		.byte	0x4
 177 000b 01       		.uleb128 0x1
 178 000c 40000000 		.4byte	.LASF24
 179 0010 01       		.byte	0x1
 180 0011 00000000 		.4byte	.LASF25
 181 0015 BF010000 		.4byte	.LASF26
 182 0019 00000000 		.4byte	.Ldebug_ranges0+0
 183 001d 00000000 		.4byte	0
 184 0021 00000000 		.4byte	.Ldebug_line0
 185 0025 02       		.uleb128 0x2
 186 0026 01       		.byte	0x1
 187 0027 06       		.byte	0x6
 188 0028 B3010000 		.4byte	.LASF0
ARM GAS  C:\DOCUME~1\Chuck\LOCALS~1\Temp\cckwmGKF.s 			page 7


 189 002c 02       		.uleb128 0x2
 190 002d 01       		.byte	0x1
 191 002e 08       		.byte	0x8
 192 002f DA000000 		.4byte	.LASF1
 193 0033 02       		.uleb128 0x2
 194 0034 02       		.byte	0x2
 195 0035 05       		.byte	0x5
 196 0036 9A010000 		.4byte	.LASF2
 197 003a 02       		.uleb128 0x2
 198 003b 02       		.byte	0x2
 199 003c 07       		.byte	0x7
 200 003d 00010000 		.4byte	.LASF3
 201 0041 02       		.uleb128 0x2
 202 0042 04       		.byte	0x4
 203 0043 05       		.byte	0x5
 204 0044 AA010000 		.4byte	.LASF4
 205 0048 02       		.uleb128 0x2
 206 0049 04       		.byte	0x4
 207 004a 07       		.byte	0x7
 208 004b EE000000 		.4byte	.LASF5
 209 004f 02       		.uleb128 0x2
 210 0050 08       		.byte	0x8
 211 0051 05       		.byte	0x5
 212 0052 7A010000 		.4byte	.LASF6
 213 0056 02       		.uleb128 0x2
 214 0057 08       		.byte	0x8
 215 0058 07       		.byte	0x7
 216 0059 50010000 		.4byte	.LASF7
 217 005d 03       		.uleb128 0x3
 218 005e 04       		.byte	0x4
 219 005f 05       		.byte	0x5
 220 0060 696E7400 		.ascii	"int\000"
 221 0064 02       		.uleb128 0x2
 222 0065 04       		.byte	0x4
 223 0066 07       		.byte	0x7
 224 0067 43010000 		.4byte	.LASF8
 225 006b 04       		.uleb128 0x4
 226 006c A4010000 		.4byte	.LASF9
 227 0070 02       		.byte	0x2
 228 0071 5B       		.byte	0x5b
 229 0072 2C000000 		.4byte	0x2c
 230 0076 04       		.uleb128 0x4
 231 0077 3C010000 		.4byte	.LASF10
 232 007b 02       		.byte	0x2
 233 007c 5D       		.byte	0x5d
 234 007d 48000000 		.4byte	0x48
 235 0081 02       		.uleb128 0x2
 236 0082 04       		.byte	0x4
 237 0083 04       		.byte	0x4
 238 0084 D4000000 		.4byte	.LASF11
 239 0088 02       		.uleb128 0x2
 240 0089 08       		.byte	0x8
 241 008a 04       		.byte	0x4
 242 008b 13010000 		.4byte	.LASF12
 243 008f 02       		.uleb128 0x2
 244 0090 01       		.byte	0x1
 245 0091 08       		.byte	0x8
ARM GAS  C:\DOCUME~1\Chuck\LOCALS~1\Temp\cckwmGKF.s 			page 8


 246 0092 95010000 		.4byte	.LASF13
 247 0096 04       		.uleb128 0x4
 248 0097 23000000 		.4byte	.LASF14
 249 009b 02       		.byte	0x2
 250 009c F2       		.byte	0xf2
 251 009d A1000000 		.4byte	0xa1
 252 00a1 05       		.uleb128 0x5
 253 00a2 76000000 		.4byte	0x76
 254 00a6 06       		.uleb128 0x6
 255 00a7 6C010000 		.4byte	.LASF15
 256 00ab 01       		.byte	0x1
 257 00ac 2A       		.byte	0x2a
 258 00ad 00000000 		.4byte	.LFB0
 259 00b1 18000000 		.4byte	.LFE0-.LFB0
 260 00b5 01       		.uleb128 0x1
 261 00b6 9C       		.byte	0x9c
 262 00b7 DD000000 		.4byte	0xdd
 263 00bb 07       		.uleb128 0x7
 264 00bc CE000000 		.4byte	.LASF17
 265 00c0 01       		.byte	0x1
 266 00c1 2A       		.byte	0x2a
 267 00c2 6B000000 		.4byte	0x6b
 268 00c6 01       		.uleb128 0x1
 269 00c7 50       		.byte	0x50
 270 00c8 08       		.uleb128 0x8
 271 00c9 E8000000 		.4byte	.LASF22
 272 00cd 01       		.byte	0x1
 273 00ce 2C       		.byte	0x2c
 274 00cf 6B000000 		.4byte	0x6b
 275 00d3 08       		.uleb128 0x8
 276 00d4 70       		.byte	0x70
 277 00d5 00       		.sleb128 0
 278 00d6 31       		.byte	0x31
 279 00d7 1A       		.byte	0x1a
 280 00d8 72       		.byte	0x72
 281 00d9 00       		.sleb128 0
 282 00da 21       		.byte	0x21
 283 00db 9F       		.byte	0x9f
 284 00dc 00       		.byte	0
 285 00dd 06       		.uleb128 0x6
 286 00de 1A010000 		.4byte	.LASF16
 287 00e2 01       		.byte	0x1
 288 00e3 49       		.byte	0x49
 289 00e4 00000000 		.4byte	.LFB1
 290 00e8 14000000 		.4byte	.LFE1-.LFB1
 291 00ec 01       		.uleb128 0x1
 292 00ed 9C       		.byte	0x9c
 293 00ee 02010000 		.4byte	0x102
 294 00f2 09       		.uleb128 0x9
 295 00f3 67010000 		.4byte	.LASF18
 296 00f7 01       		.byte	0x1
 297 00f8 49       		.byte	0x49
 298 00f9 6B000000 		.4byte	0x6b
 299 00fd 00000000 		.4byte	.LLST0
 300 0101 00       		.byte	0
 301 0102 0A       		.uleb128 0xa
 302 0103 2F010000 		.4byte	.LASF19
ARM GAS  C:\DOCUME~1\Chuck\LOCALS~1\Temp\cckwmGKF.s 			page 9


 303 0107 01       		.byte	0x1
 304 0108 61       		.byte	0x61
 305 0109 6B000000 		.4byte	0x6b
 306 010d 00000000 		.4byte	.LFB2
 307 0111 10000000 		.4byte	.LFE2-.LFB2
 308 0115 01       		.uleb128 0x1
 309 0116 9C       		.byte	0x9c
 310 0117 0A       		.uleb128 0xa
 311 0118 16020000 		.4byte	.LASF20
 312 011c 01       		.byte	0x1
 313 011d 75       		.byte	0x75
 314 011e 6B000000 		.4byte	0x6b
 315 0122 00000000 		.4byte	.LFB3
 316 0126 10000000 		.4byte	.LFE3-.LFB3
 317 012a 01       		.uleb128 0x1
 318 012b 9C       		.byte	0x9c
 319 012c 0B       		.uleb128 0xb
 320 012d 29000000 		.4byte	.LASF21
 321 0131 01       		.byte	0x1
 322 0132 8D       		.byte	0x8d
 323 0133 6B000000 		.4byte	0x6b
 324 0137 00000000 		.4byte	.LFB4
 325 013b 10000000 		.4byte	.LFE4-.LFB4
 326 013f 01       		.uleb128 0x1
 327 0140 9C       		.byte	0x9c
 328 0141 08       		.uleb128 0x8
 329 0142 88010000 		.4byte	.LASF23
 330 0146 01       		.byte	0x1
 331 0147 8F       		.byte	0x8f
 332 0148 6B000000 		.4byte	0x6b
 333 014c 01       		.uleb128 0x1
 334 014d 50       		.byte	0x50
 335 014e 00       		.byte	0
 336 014f 00       		.byte	0
 337              		.section	.debug_abbrev,"",%progbits
 338              	.Ldebug_abbrev0:
 339 0000 01       		.uleb128 0x1
 340 0001 11       		.uleb128 0x11
 341 0002 01       		.byte	0x1
 342 0003 25       		.uleb128 0x25
 343 0004 0E       		.uleb128 0xe
 344 0005 13       		.uleb128 0x13
 345 0006 0B       		.uleb128 0xb
 346 0007 03       		.uleb128 0x3
 347 0008 0E       		.uleb128 0xe
 348 0009 1B       		.uleb128 0x1b
 349 000a 0E       		.uleb128 0xe
 350 000b 55       		.uleb128 0x55
 351 000c 17       		.uleb128 0x17
 352 000d 11       		.uleb128 0x11
 353 000e 01       		.uleb128 0x1
 354 000f 10       		.uleb128 0x10
 355 0010 17       		.uleb128 0x17
 356 0011 00       		.byte	0
 357 0012 00       		.byte	0
 358 0013 02       		.uleb128 0x2
 359 0014 24       		.uleb128 0x24
ARM GAS  C:\DOCUME~1\Chuck\LOCALS~1\Temp\cckwmGKF.s 			page 10


 360 0015 00       		.byte	0
 361 0016 0B       		.uleb128 0xb
 362 0017 0B       		.uleb128 0xb
 363 0018 3E       		.uleb128 0x3e
 364 0019 0B       		.uleb128 0xb
 365 001a 03       		.uleb128 0x3
 366 001b 0E       		.uleb128 0xe
 367 001c 00       		.byte	0
 368 001d 00       		.byte	0
 369 001e 03       		.uleb128 0x3
 370 001f 24       		.uleb128 0x24
 371 0020 00       		.byte	0
 372 0021 0B       		.uleb128 0xb
 373 0022 0B       		.uleb128 0xb
 374 0023 3E       		.uleb128 0x3e
 375 0024 0B       		.uleb128 0xb
 376 0025 03       		.uleb128 0x3
 377 0026 08       		.uleb128 0x8
 378 0027 00       		.byte	0
 379 0028 00       		.byte	0
 380 0029 04       		.uleb128 0x4
 381 002a 16       		.uleb128 0x16
 382 002b 00       		.byte	0
 383 002c 03       		.uleb128 0x3
 384 002d 0E       		.uleb128 0xe
 385 002e 3A       		.uleb128 0x3a
 386 002f 0B       		.uleb128 0xb
 387 0030 3B       		.uleb128 0x3b
 388 0031 0B       		.uleb128 0xb
 389 0032 49       		.uleb128 0x49
 390 0033 13       		.uleb128 0x13
 391 0034 00       		.byte	0
 392 0035 00       		.byte	0
 393 0036 05       		.uleb128 0x5
 394 0037 35       		.uleb128 0x35
 395 0038 00       		.byte	0
 396 0039 49       		.uleb128 0x49
 397 003a 13       		.uleb128 0x13
 398 003b 00       		.byte	0
 399 003c 00       		.byte	0
 400 003d 06       		.uleb128 0x6
 401 003e 2E       		.uleb128 0x2e
 402 003f 01       		.byte	0x1
 403 0040 3F       		.uleb128 0x3f
 404 0041 19       		.uleb128 0x19
 405 0042 03       		.uleb128 0x3
 406 0043 0E       		.uleb128 0xe
 407 0044 3A       		.uleb128 0x3a
 408 0045 0B       		.uleb128 0xb
 409 0046 3B       		.uleb128 0x3b
 410 0047 0B       		.uleb128 0xb
 411 0048 27       		.uleb128 0x27
 412 0049 19       		.uleb128 0x19
 413 004a 11       		.uleb128 0x11
 414 004b 01       		.uleb128 0x1
 415 004c 12       		.uleb128 0x12
 416 004d 06       		.uleb128 0x6
ARM GAS  C:\DOCUME~1\Chuck\LOCALS~1\Temp\cckwmGKF.s 			page 11


 417 004e 40       		.uleb128 0x40
 418 004f 18       		.uleb128 0x18
 419 0050 9742     		.uleb128 0x2117
 420 0052 19       		.uleb128 0x19
 421 0053 01       		.uleb128 0x1
 422 0054 13       		.uleb128 0x13
 423 0055 00       		.byte	0
 424 0056 00       		.byte	0
 425 0057 07       		.uleb128 0x7
 426 0058 05       		.uleb128 0x5
 427 0059 00       		.byte	0
 428 005a 03       		.uleb128 0x3
 429 005b 0E       		.uleb128 0xe
 430 005c 3A       		.uleb128 0x3a
 431 005d 0B       		.uleb128 0xb
 432 005e 3B       		.uleb128 0x3b
 433 005f 0B       		.uleb128 0xb
 434 0060 49       		.uleb128 0x49
 435 0061 13       		.uleb128 0x13
 436 0062 02       		.uleb128 0x2
 437 0063 18       		.uleb128 0x18
 438 0064 00       		.byte	0
 439 0065 00       		.byte	0
 440 0066 08       		.uleb128 0x8
 441 0067 34       		.uleb128 0x34
 442 0068 00       		.byte	0
 443 0069 03       		.uleb128 0x3
 444 006a 0E       		.uleb128 0xe
 445 006b 3A       		.uleb128 0x3a
 446 006c 0B       		.uleb128 0xb
 447 006d 3B       		.uleb128 0x3b
 448 006e 0B       		.uleb128 0xb
 449 006f 49       		.uleb128 0x49
 450 0070 13       		.uleb128 0x13
 451 0071 02       		.uleb128 0x2
 452 0072 18       		.uleb128 0x18
 453 0073 00       		.byte	0
 454 0074 00       		.byte	0
 455 0075 09       		.uleb128 0x9
 456 0076 05       		.uleb128 0x5
 457 0077 00       		.byte	0
 458 0078 03       		.uleb128 0x3
 459 0079 0E       		.uleb128 0xe
 460 007a 3A       		.uleb128 0x3a
 461 007b 0B       		.uleb128 0xb
 462 007c 3B       		.uleb128 0x3b
 463 007d 0B       		.uleb128 0xb
 464 007e 49       		.uleb128 0x49
 465 007f 13       		.uleb128 0x13
 466 0080 02       		.uleb128 0x2
 467 0081 17       		.uleb128 0x17
 468 0082 00       		.byte	0
 469 0083 00       		.byte	0
 470 0084 0A       		.uleb128 0xa
 471 0085 2E       		.uleb128 0x2e
 472 0086 00       		.byte	0
 473 0087 3F       		.uleb128 0x3f
ARM GAS  C:\DOCUME~1\Chuck\LOCALS~1\Temp\cckwmGKF.s 			page 12


 474 0088 19       		.uleb128 0x19
 475 0089 03       		.uleb128 0x3
 476 008a 0E       		.uleb128 0xe
 477 008b 3A       		.uleb128 0x3a
 478 008c 0B       		.uleb128 0xb
 479 008d 3B       		.uleb128 0x3b
 480 008e 0B       		.uleb128 0xb
 481 008f 27       		.uleb128 0x27
 482 0090 19       		.uleb128 0x19
 483 0091 49       		.uleb128 0x49
 484 0092 13       		.uleb128 0x13
 485 0093 11       		.uleb128 0x11
 486 0094 01       		.uleb128 0x1
 487 0095 12       		.uleb128 0x12
 488 0096 06       		.uleb128 0x6
 489 0097 40       		.uleb128 0x40
 490 0098 18       		.uleb128 0x18
 491 0099 9742     		.uleb128 0x2117
 492 009b 19       		.uleb128 0x19
 493 009c 00       		.byte	0
 494 009d 00       		.byte	0
 495 009e 0B       		.uleb128 0xb
 496 009f 2E       		.uleb128 0x2e
 497 00a0 01       		.byte	0x1
 498 00a1 3F       		.uleb128 0x3f
 499 00a2 19       		.uleb128 0x19
 500 00a3 03       		.uleb128 0x3
 501 00a4 0E       		.uleb128 0xe
 502 00a5 3A       		.uleb128 0x3a
 503 00a6 0B       		.uleb128 0xb
 504 00a7 3B       		.uleb128 0x3b
 505 00a8 0B       		.uleb128 0xb
 506 00a9 27       		.uleb128 0x27
 507 00aa 19       		.uleb128 0x19
 508 00ab 49       		.uleb128 0x49
 509 00ac 13       		.uleb128 0x13
 510 00ad 11       		.uleb128 0x11
 511 00ae 01       		.uleb128 0x1
 512 00af 12       		.uleb128 0x12
 513 00b0 06       		.uleb128 0x6
 514 00b1 40       		.uleb128 0x40
 515 00b2 18       		.uleb128 0x18
 516 00b3 9742     		.uleb128 0x2117
 517 00b5 19       		.uleb128 0x19
 518 00b6 00       		.byte	0
 519 00b7 00       		.byte	0
 520 00b8 00       		.byte	0
 521              		.section	.debug_loc,"",%progbits
 522              	.Ldebug_loc0:
 523              	.LLST0:
 524 0000 00000000 		.4byte	.LVL2
 525 0004 0A000000 		.4byte	.LVL3
 526 0008 0100     		.2byte	0x1
 527 000a 50       		.byte	0x50
 528 000b 0A000000 		.4byte	.LVL3
 529 000f 14000000 		.4byte	.LFE1
 530 0013 0400     		.2byte	0x4
ARM GAS  C:\DOCUME~1\Chuck\LOCALS~1\Temp\cckwmGKF.s 			page 13


 531 0015 F3       		.byte	0xf3
 532 0016 01       		.uleb128 0x1
 533 0017 50       		.byte	0x50
 534 0018 9F       		.byte	0x9f
 535 0019 00000000 		.4byte	0
 536 001d 00000000 		.4byte	0
 537              		.section	.debug_aranges,"",%progbits
 538 0000 3C000000 		.4byte	0x3c
 539 0004 0200     		.2byte	0x2
 540 0006 00000000 		.4byte	.Ldebug_info0
 541 000a 04       		.byte	0x4
 542 000b 00       		.byte	0
 543 000c 0000     		.2byte	0
 544 000e 0000     		.2byte	0
 545 0010 00000000 		.4byte	.LFB0
 546 0014 18000000 		.4byte	.LFE0-.LFB0
 547 0018 00000000 		.4byte	.LFB1
 548 001c 14000000 		.4byte	.LFE1-.LFB1
 549 0020 00000000 		.4byte	.LFB2
 550 0024 10000000 		.4byte	.LFE2-.LFB2
 551 0028 00000000 		.4byte	.LFB3
 552 002c 10000000 		.4byte	.LFE3-.LFB3
 553 0030 00000000 		.4byte	.LFB4
 554 0034 10000000 		.4byte	.LFE4-.LFB4
 555 0038 00000000 		.4byte	0
 556 003c 00000000 		.4byte	0
 557              		.section	.debug_ranges,"",%progbits
 558              	.Ldebug_ranges0:
 559 0000 00000000 		.4byte	.LFB0
 560 0004 18000000 		.4byte	.LFE0
 561 0008 00000000 		.4byte	.LFB1
 562 000c 14000000 		.4byte	.LFE1
 563 0010 00000000 		.4byte	.LFB2
 564 0014 10000000 		.4byte	.LFE2
 565 0018 00000000 		.4byte	.LFB3
 566 001c 10000000 		.4byte	.LFE3
 567 0020 00000000 		.4byte	.LFB4
 568 0024 10000000 		.4byte	.LFE4
 569 0028 00000000 		.4byte	0
 570 002c 00000000 		.4byte	0
 571              		.section	.debug_line,"",%progbits
 572              	.Ldebug_line0:
 573 0000 B2000000 		.section	.debug_str,"MS",%progbits,1
 573      02004600 
 573      00000201 
 573      FB0E0D00 
 573      01010101 
 574              	.LASF25:
 575 0000 2E5C4765 		.ascii	".\\Generated_Source\\PSoC4\\UART_rx.c\000"
 575      6E657261 
 575      7465645F 
 575      536F7572 
 575      63655C50 
 576              	.LASF14:
 577 0023 72656733 		.ascii	"reg32\000"
 577      3200
 578              	.LASF21:
ARM GAS  C:\DOCUME~1\Chuck\LOCALS~1\Temp\cckwmGKF.s 			page 14


 579 0029 55415254 		.ascii	"UART_rx_ClearInterrupt\000"
 579      5F72785F 
 579      436C6561 
 579      72496E74 
 579      65727275 
 580              	.LASF24:
 581 0040 474E5520 		.ascii	"GNU C 4.9.3 20150303 (release) [ARM/embedded-4_9-br"
 581      4320342E 
 581      392E3320 
 581      32303135 
 581      30333033 
 582 0073 616E6368 		.ascii	"anch revision 221220] -mcpu=cortex-m0 -mthumb -g -O"
 582      20726576 
 582      6973696F 
 582      6E203232 
 582      31323230 
 583 00a6 73202D66 		.ascii	"s -ffunction-sections -ffat-lto-objects\000"
 583      66756E63 
 583      74696F6E 
 583      2D736563 
 583      74696F6E 
 584              	.LASF17:
 585 00ce 76616C75 		.ascii	"value\000"
 585      6500
 586              	.LASF11:
 587 00d4 666C6F61 		.ascii	"float\000"
 587      7400
 588              	.LASF1:
 589 00da 756E7369 		.ascii	"unsigned char\000"
 589      676E6564 
 589      20636861 
 589      7200
 590              	.LASF22:
 591 00e8 64725661 		.ascii	"drVal\000"
 591      6C00
 592              	.LASF5:
 593 00ee 6C6F6E67 		.ascii	"long unsigned int\000"
 593      20756E73 
 593      69676E65 
 593      6420696E 
 593      7400
 594              	.LASF3:
 595 0100 73686F72 		.ascii	"short unsigned int\000"
 595      7420756E 
 595      7369676E 
 595      65642069 
 595      6E7400
 596              	.LASF12:
 597 0113 646F7562 		.ascii	"double\000"
 597      6C6500
 598              	.LASF16:
 599 011a 55415254 		.ascii	"UART_rx_SetDriveMode\000"
 599      5F72785F 
 599      53657444 
 599      72697665 
 599      4D6F6465 
 600              	.LASF19:
ARM GAS  C:\DOCUME~1\Chuck\LOCALS~1\Temp\cckwmGKF.s 			page 15


 601 012f 55415254 		.ascii	"UART_rx_Read\000"
 601      5F72785F 
 601      52656164 
 601      00
 602              	.LASF10:
 603 013c 75696E74 		.ascii	"uint32\000"
 603      333200
 604              	.LASF8:
 605 0143 756E7369 		.ascii	"unsigned int\000"
 605      676E6564 
 605      20696E74 
 605      00
 606              	.LASF7:
 607 0150 6C6F6E67 		.ascii	"long long unsigned int\000"
 607      206C6F6E 
 607      6720756E 
 607      7369676E 
 607      65642069 
 608              	.LASF18:
 609 0167 6D6F6465 		.ascii	"mode\000"
 609      00
 610              	.LASF15:
 611 016c 55415254 		.ascii	"UART_rx_Write\000"
 611      5F72785F 
 611      57726974 
 611      6500
 612              	.LASF6:
 613 017a 6C6F6E67 		.ascii	"long long int\000"
 613      206C6F6E 
 613      6720696E 
 613      7400
 614              	.LASF23:
 615 0188 6D61736B 		.ascii	"maskedStatus\000"
 615      65645374 
 615      61747573 
 615      00
 616              	.LASF13:
 617 0195 63686172 		.ascii	"char\000"
 617      00
 618              	.LASF2:
 619 019a 73686F72 		.ascii	"short int\000"
 619      7420696E 
 619      7400
 620              	.LASF9:
 621 01a4 75696E74 		.ascii	"uint8\000"
 621      3800
 622              	.LASF4:
 623 01aa 6C6F6E67 		.ascii	"long int\000"
 623      20696E74 
 623      00
 624              	.LASF0:
 625 01b3 7369676E 		.ascii	"signed char\000"
 625      65642063 
 625      68617200 
 626              	.LASF26:
 627 01bf 433A5C44 		.ascii	"C:\\Documents and Settings\\Chuck\\My Documents\\PS"
 627      6F63756D 
ARM GAS  C:\DOCUME~1\Chuck\LOCALS~1\Temp\cckwmGKF.s 			page 16


 627      656E7473 
 627      20616E64 
 627      20536574 
 628 01ee 6F432043 		.ascii	"oC Creator\\RosOnAStick\\Bootloader.cydsn\000"
 628      72656174 
 628      6F725C52 
 628      6F734F6E 
 628      41537469 
 629              	.LASF20:
 630 0216 55415254 		.ascii	"UART_rx_ReadDataReg\000"
 630      5F72785F 
 630      52656164 
 630      44617461 
 630      52656700 
 631              		.ident	"GCC: (GNU Tools for ARM Embedded Processors) 4.9.3 20150303 (release) [ARM/embedded-4_9-br
