ARM GAS  C:\Users\Chuck\AppData\Local\Temp\ccLNUJyV.s 			page 1


   1              		.cpu cortex-m0
   2              		.fpu softvfp
   3              		.eabi_attribute 20, 1
   4              		.eabi_attribute 21, 1
   5              		.eabi_attribute 23, 3
   6              		.eabi_attribute 24, 1
   7              		.eabi_attribute 25, 1
   8              		.eabi_attribute 26, 1
   9              		.eabi_attribute 30, 6
  10              		.eabi_attribute 34, 0
  11              		.eabi_attribute 18, 4
  12              		.code	16
  13              		.file	"ADC_SAR_SEQ_IRQ.c"
  14              		.text
  15              	.Ltext0:
  16              		.cfi_sections	.debug_frame
  17              		.section	.text.ADC_SAR_SEQ_IRQ_Start,"ax",%progbits
  18              		.align	2
  19              		.global	ADC_SAR_SEQ_IRQ_Start
  20              		.code	16
  21              		.thumb_func
  22              		.type	ADC_SAR_SEQ_IRQ_Start, %function
  23              	ADC_SAR_SEQ_IRQ_Start:
  24              	.LFB0:
  25              		.file 1 ".\\Generated_Source\\PSoC4\\ADC_SAR_SEQ_IRQ.c"
   1:.\Generated_Source\PSoC4/ADC_SAR_SEQ_IRQ.c **** /*******************************************************************************
   2:.\Generated_Source\PSoC4/ADC_SAR_SEQ_IRQ.c **** * File Name: ADC_SAR_SEQ_IRQ.c  
   3:.\Generated_Source\PSoC4/ADC_SAR_SEQ_IRQ.c **** * Version 1.70
   4:.\Generated_Source\PSoC4/ADC_SAR_SEQ_IRQ.c **** *
   5:.\Generated_Source\PSoC4/ADC_SAR_SEQ_IRQ.c **** *  Description:
   6:.\Generated_Source\PSoC4/ADC_SAR_SEQ_IRQ.c **** *   API for controlling the state of an interrupt.
   7:.\Generated_Source\PSoC4/ADC_SAR_SEQ_IRQ.c **** *
   8:.\Generated_Source\PSoC4/ADC_SAR_SEQ_IRQ.c **** *
   9:.\Generated_Source\PSoC4/ADC_SAR_SEQ_IRQ.c **** *  Note:
  10:.\Generated_Source\PSoC4/ADC_SAR_SEQ_IRQ.c **** *
  11:.\Generated_Source\PSoC4/ADC_SAR_SEQ_IRQ.c **** ********************************************************************************
  12:.\Generated_Source\PSoC4/ADC_SAR_SEQ_IRQ.c **** * Copyright 2008-2015, Cypress Semiconductor Corporation.  All rights reserved.
  13:.\Generated_Source\PSoC4/ADC_SAR_SEQ_IRQ.c **** * You may use this file only in accordance with the license, terms, conditions, 
  14:.\Generated_Source\PSoC4/ADC_SAR_SEQ_IRQ.c **** * disclaimers, and limitations in the end user license agreement accompanying 
  15:.\Generated_Source\PSoC4/ADC_SAR_SEQ_IRQ.c **** * the software package with which this file was provided.
  16:.\Generated_Source\PSoC4/ADC_SAR_SEQ_IRQ.c **** *******************************************************************************/
  17:.\Generated_Source\PSoC4/ADC_SAR_SEQ_IRQ.c **** 
  18:.\Generated_Source\PSoC4/ADC_SAR_SEQ_IRQ.c **** 
  19:.\Generated_Source\PSoC4/ADC_SAR_SEQ_IRQ.c **** #include <cydevice_trm.h>
  20:.\Generated_Source\PSoC4/ADC_SAR_SEQ_IRQ.c **** #include <CyLib.h>
  21:.\Generated_Source\PSoC4/ADC_SAR_SEQ_IRQ.c **** #include <ADC_SAR_SEQ_IRQ.h>
  22:.\Generated_Source\PSoC4/ADC_SAR_SEQ_IRQ.c **** 
  23:.\Generated_Source\PSoC4/ADC_SAR_SEQ_IRQ.c **** 
  24:.\Generated_Source\PSoC4/ADC_SAR_SEQ_IRQ.c **** #if !defined(ADC_SAR_SEQ_IRQ__REMOVED) /* Check for removal by optimization */
  25:.\Generated_Source\PSoC4/ADC_SAR_SEQ_IRQ.c **** 
  26:.\Generated_Source\PSoC4/ADC_SAR_SEQ_IRQ.c **** /*******************************************************************************
  27:.\Generated_Source\PSoC4/ADC_SAR_SEQ_IRQ.c **** *  Place your includes, defines and code here 
  28:.\Generated_Source\PSoC4/ADC_SAR_SEQ_IRQ.c **** ********************************************************************************/
  29:.\Generated_Source\PSoC4/ADC_SAR_SEQ_IRQ.c **** /* `#START ADC_SAR_SEQ_IRQ_intc` */
  30:.\Generated_Source\PSoC4/ADC_SAR_SEQ_IRQ.c **** 
  31:.\Generated_Source\PSoC4/ADC_SAR_SEQ_IRQ.c **** /* `#END` */
  32:.\Generated_Source\PSoC4/ADC_SAR_SEQ_IRQ.c **** 
ARM GAS  C:\Users\Chuck\AppData\Local\Temp\ccLNUJyV.s 			page 2


  33:.\Generated_Source\PSoC4/ADC_SAR_SEQ_IRQ.c **** extern cyisraddress CyRamVectors[CYINT_IRQ_BASE + CY_NUM_INTERRUPTS];
  34:.\Generated_Source\PSoC4/ADC_SAR_SEQ_IRQ.c **** 
  35:.\Generated_Source\PSoC4/ADC_SAR_SEQ_IRQ.c **** /* Declared in startup, used to set unused interrupts to. */
  36:.\Generated_Source\PSoC4/ADC_SAR_SEQ_IRQ.c **** CY_ISR_PROTO(IntDefaultHandler);
  37:.\Generated_Source\PSoC4/ADC_SAR_SEQ_IRQ.c **** 
  38:.\Generated_Source\PSoC4/ADC_SAR_SEQ_IRQ.c **** 
  39:.\Generated_Source\PSoC4/ADC_SAR_SEQ_IRQ.c **** /*******************************************************************************
  40:.\Generated_Source\PSoC4/ADC_SAR_SEQ_IRQ.c **** * Function Name: ADC_SAR_SEQ_IRQ_Start
  41:.\Generated_Source\PSoC4/ADC_SAR_SEQ_IRQ.c **** ********************************************************************************
  42:.\Generated_Source\PSoC4/ADC_SAR_SEQ_IRQ.c **** *
  43:.\Generated_Source\PSoC4/ADC_SAR_SEQ_IRQ.c **** * Summary:
  44:.\Generated_Source\PSoC4/ADC_SAR_SEQ_IRQ.c **** *  Set up the interrupt and enable it. This function disables the interrupt, 
  45:.\Generated_Source\PSoC4/ADC_SAR_SEQ_IRQ.c **** *  sets the default interrupt vector, sets the priority from the value in the
  46:.\Generated_Source\PSoC4/ADC_SAR_SEQ_IRQ.c **** *  Design Wide Resources Interrupt Editor, then enables the interrupt to the 
  47:.\Generated_Source\PSoC4/ADC_SAR_SEQ_IRQ.c **** *  interrupt controller.
  48:.\Generated_Source\PSoC4/ADC_SAR_SEQ_IRQ.c **** *
  49:.\Generated_Source\PSoC4/ADC_SAR_SEQ_IRQ.c **** * Parameters:  
  50:.\Generated_Source\PSoC4/ADC_SAR_SEQ_IRQ.c **** *   None
  51:.\Generated_Source\PSoC4/ADC_SAR_SEQ_IRQ.c **** *
  52:.\Generated_Source\PSoC4/ADC_SAR_SEQ_IRQ.c **** * Return:
  53:.\Generated_Source\PSoC4/ADC_SAR_SEQ_IRQ.c **** *   None
  54:.\Generated_Source\PSoC4/ADC_SAR_SEQ_IRQ.c **** *
  55:.\Generated_Source\PSoC4/ADC_SAR_SEQ_IRQ.c **** *******************************************************************************/
  56:.\Generated_Source\PSoC4/ADC_SAR_SEQ_IRQ.c **** void ADC_SAR_SEQ_IRQ_Start(void)
  57:.\Generated_Source\PSoC4/ADC_SAR_SEQ_IRQ.c **** {
  26              		.loc 1 57 0
  27              		.cfi_startproc
  28 0000 80B5     		push	{r7, lr}
  29              		.cfi_def_cfa_offset 8
  30              		.cfi_offset 7, -8
  31              		.cfi_offset 14, -4
  32 0002 00AF     		add	r7, sp, #0
  33              		.cfi_def_cfa_register 7
  58:.\Generated_Source\PSoC4/ADC_SAR_SEQ_IRQ.c ****     /* For all we know the interrupt is active. */
  59:.\Generated_Source\PSoC4/ADC_SAR_SEQ_IRQ.c ****     ADC_SAR_SEQ_IRQ_Disable();
  34              		.loc 1 59 0
  35 0004 FFF7FEFF 		bl	ADC_SAR_SEQ_IRQ_Disable
  60:.\Generated_Source\PSoC4/ADC_SAR_SEQ_IRQ.c **** 
  61:.\Generated_Source\PSoC4/ADC_SAR_SEQ_IRQ.c ****     /* Set the ISR to point to the ADC_SAR_SEQ_IRQ Interrupt. */
  62:.\Generated_Source\PSoC4/ADC_SAR_SEQ_IRQ.c ****     ADC_SAR_SEQ_IRQ_SetVector(&ADC_SAR_SEQ_IRQ_Interrupt);
  36              		.loc 1 62 0
  37 0008 054B     		ldr	r3, .L2
  38 000a 181C     		mov	r0, r3
  39 000c FFF7FEFF 		bl	ADC_SAR_SEQ_IRQ_SetVector
  63:.\Generated_Source\PSoC4/ADC_SAR_SEQ_IRQ.c **** 
  64:.\Generated_Source\PSoC4/ADC_SAR_SEQ_IRQ.c ****     /* Set the priority. */
  65:.\Generated_Source\PSoC4/ADC_SAR_SEQ_IRQ.c ****     ADC_SAR_SEQ_IRQ_SetPriority((uint8)ADC_SAR_SEQ_IRQ_INTC_PRIOR_NUMBER);
  40              		.loc 1 65 0
  41 0010 0320     		mov	r0, #3
  42 0012 FFF7FEFF 		bl	ADC_SAR_SEQ_IRQ_SetPriority
  66:.\Generated_Source\PSoC4/ADC_SAR_SEQ_IRQ.c **** 
  67:.\Generated_Source\PSoC4/ADC_SAR_SEQ_IRQ.c ****     /* Enable it. */
  68:.\Generated_Source\PSoC4/ADC_SAR_SEQ_IRQ.c ****     ADC_SAR_SEQ_IRQ_Enable();
  43              		.loc 1 68 0
  44 0016 FFF7FEFF 		bl	ADC_SAR_SEQ_IRQ_Enable
  69:.\Generated_Source\PSoC4/ADC_SAR_SEQ_IRQ.c **** }
  45              		.loc 1 69 0
ARM GAS  C:\Users\Chuck\AppData\Local\Temp\ccLNUJyV.s 			page 3


  46 001a BD46     		mov	sp, r7
  47              		@ sp needed
  48 001c 80BD     		pop	{r7, pc}
  49              	.L3:
  50 001e C046     		.align	2
  51              	.L2:
  52 0020 00000000 		.word	ADC_SAR_SEQ_IRQ_Interrupt
  53              		.cfi_endproc
  54              	.LFE0:
  55              		.size	ADC_SAR_SEQ_IRQ_Start, .-ADC_SAR_SEQ_IRQ_Start
  56              		.section	.text.ADC_SAR_SEQ_IRQ_StartEx,"ax",%progbits
  57              		.align	2
  58              		.global	ADC_SAR_SEQ_IRQ_StartEx
  59              		.code	16
  60              		.thumb_func
  61              		.type	ADC_SAR_SEQ_IRQ_StartEx, %function
  62              	ADC_SAR_SEQ_IRQ_StartEx:
  63              	.LFB1:
  70:.\Generated_Source\PSoC4/ADC_SAR_SEQ_IRQ.c **** 
  71:.\Generated_Source\PSoC4/ADC_SAR_SEQ_IRQ.c **** 
  72:.\Generated_Source\PSoC4/ADC_SAR_SEQ_IRQ.c **** /*******************************************************************************
  73:.\Generated_Source\PSoC4/ADC_SAR_SEQ_IRQ.c **** * Function Name: ADC_SAR_SEQ_IRQ_StartEx
  74:.\Generated_Source\PSoC4/ADC_SAR_SEQ_IRQ.c **** ********************************************************************************
  75:.\Generated_Source\PSoC4/ADC_SAR_SEQ_IRQ.c **** *
  76:.\Generated_Source\PSoC4/ADC_SAR_SEQ_IRQ.c **** * Summary:
  77:.\Generated_Source\PSoC4/ADC_SAR_SEQ_IRQ.c **** *  Sets up the interrupt and enables it. This function disables the interrupt,
  78:.\Generated_Source\PSoC4/ADC_SAR_SEQ_IRQ.c **** *  sets the interrupt vector based on the address passed in, sets the priority 
  79:.\Generated_Source\PSoC4/ADC_SAR_SEQ_IRQ.c **** *  from the value in the Design Wide Resources Interrupt Editor, then enables 
  80:.\Generated_Source\PSoC4/ADC_SAR_SEQ_IRQ.c **** *  the interrupt to the interrupt controller.
  81:.\Generated_Source\PSoC4/ADC_SAR_SEQ_IRQ.c **** *  
  82:.\Generated_Source\PSoC4/ADC_SAR_SEQ_IRQ.c **** *  When defining ISR functions, the CY_ISR and CY_ISR_PROTO macros should be 
  83:.\Generated_Source\PSoC4/ADC_SAR_SEQ_IRQ.c **** *  used to provide consistent definition across compilers:
  84:.\Generated_Source\PSoC4/ADC_SAR_SEQ_IRQ.c **** *  
  85:.\Generated_Source\PSoC4/ADC_SAR_SEQ_IRQ.c **** *  Function definition example:
  86:.\Generated_Source\PSoC4/ADC_SAR_SEQ_IRQ.c **** *   CY_ISR(MyISR)
  87:.\Generated_Source\PSoC4/ADC_SAR_SEQ_IRQ.c **** *   {
  88:.\Generated_Source\PSoC4/ADC_SAR_SEQ_IRQ.c **** *   }
  89:.\Generated_Source\PSoC4/ADC_SAR_SEQ_IRQ.c **** *   Function prototype example:
  90:.\Generated_Source\PSoC4/ADC_SAR_SEQ_IRQ.c **** *   CY_ISR_PROTO(MyISR);
  91:.\Generated_Source\PSoC4/ADC_SAR_SEQ_IRQ.c **** *
  92:.\Generated_Source\PSoC4/ADC_SAR_SEQ_IRQ.c **** * Parameters:  
  93:.\Generated_Source\PSoC4/ADC_SAR_SEQ_IRQ.c **** *   address: Address of the ISR to set in the interrupt vector table.
  94:.\Generated_Source\PSoC4/ADC_SAR_SEQ_IRQ.c **** *
  95:.\Generated_Source\PSoC4/ADC_SAR_SEQ_IRQ.c **** * Return:
  96:.\Generated_Source\PSoC4/ADC_SAR_SEQ_IRQ.c **** *   None
  97:.\Generated_Source\PSoC4/ADC_SAR_SEQ_IRQ.c **** *
  98:.\Generated_Source\PSoC4/ADC_SAR_SEQ_IRQ.c **** *******************************************************************************/
  99:.\Generated_Source\PSoC4/ADC_SAR_SEQ_IRQ.c **** void ADC_SAR_SEQ_IRQ_StartEx(cyisraddress address)
 100:.\Generated_Source\PSoC4/ADC_SAR_SEQ_IRQ.c **** {
  64              		.loc 1 100 0
  65              		.cfi_startproc
  66 0000 80B5     		push	{r7, lr}
  67              		.cfi_def_cfa_offset 8
  68              		.cfi_offset 7, -8
  69              		.cfi_offset 14, -4
  70 0002 82B0     		sub	sp, sp, #8
  71              		.cfi_def_cfa_offset 16
ARM GAS  C:\Users\Chuck\AppData\Local\Temp\ccLNUJyV.s 			page 4


  72 0004 00AF     		add	r7, sp, #0
  73              		.cfi_def_cfa_register 7
  74 0006 7860     		str	r0, [r7, #4]
 101:.\Generated_Source\PSoC4/ADC_SAR_SEQ_IRQ.c ****     /* For all we know the interrupt is active. */
 102:.\Generated_Source\PSoC4/ADC_SAR_SEQ_IRQ.c ****     ADC_SAR_SEQ_IRQ_Disable();
  75              		.loc 1 102 0
  76 0008 FFF7FEFF 		bl	ADC_SAR_SEQ_IRQ_Disable
 103:.\Generated_Source\PSoC4/ADC_SAR_SEQ_IRQ.c **** 
 104:.\Generated_Source\PSoC4/ADC_SAR_SEQ_IRQ.c ****     /* Set the ISR to point to the ADC_SAR_SEQ_IRQ Interrupt. */
 105:.\Generated_Source\PSoC4/ADC_SAR_SEQ_IRQ.c ****     ADC_SAR_SEQ_IRQ_SetVector(address);
  77              		.loc 1 105 0
  78 000c 7B68     		ldr	r3, [r7, #4]
  79 000e 181C     		mov	r0, r3
  80 0010 FFF7FEFF 		bl	ADC_SAR_SEQ_IRQ_SetVector
 106:.\Generated_Source\PSoC4/ADC_SAR_SEQ_IRQ.c **** 
 107:.\Generated_Source\PSoC4/ADC_SAR_SEQ_IRQ.c ****     /* Set the priority. */
 108:.\Generated_Source\PSoC4/ADC_SAR_SEQ_IRQ.c ****     ADC_SAR_SEQ_IRQ_SetPriority((uint8)ADC_SAR_SEQ_IRQ_INTC_PRIOR_NUMBER);
  81              		.loc 1 108 0
  82 0014 0320     		mov	r0, #3
  83 0016 FFF7FEFF 		bl	ADC_SAR_SEQ_IRQ_SetPriority
 109:.\Generated_Source\PSoC4/ADC_SAR_SEQ_IRQ.c **** 
 110:.\Generated_Source\PSoC4/ADC_SAR_SEQ_IRQ.c ****     /* Enable it. */
 111:.\Generated_Source\PSoC4/ADC_SAR_SEQ_IRQ.c ****     ADC_SAR_SEQ_IRQ_Enable();
  84              		.loc 1 111 0
  85 001a FFF7FEFF 		bl	ADC_SAR_SEQ_IRQ_Enable
 112:.\Generated_Source\PSoC4/ADC_SAR_SEQ_IRQ.c **** }
  86              		.loc 1 112 0
  87 001e BD46     		mov	sp, r7
  88 0020 02B0     		add	sp, sp, #8
  89              		@ sp needed
  90 0022 80BD     		pop	{r7, pc}
  91              		.cfi_endproc
  92              	.LFE1:
  93              		.size	ADC_SAR_SEQ_IRQ_StartEx, .-ADC_SAR_SEQ_IRQ_StartEx
  94              		.section	.text.ADC_SAR_SEQ_IRQ_Stop,"ax",%progbits
  95              		.align	2
  96              		.global	ADC_SAR_SEQ_IRQ_Stop
  97              		.code	16
  98              		.thumb_func
  99              		.type	ADC_SAR_SEQ_IRQ_Stop, %function
 100              	ADC_SAR_SEQ_IRQ_Stop:
 101              	.LFB2:
 113:.\Generated_Source\PSoC4/ADC_SAR_SEQ_IRQ.c **** 
 114:.\Generated_Source\PSoC4/ADC_SAR_SEQ_IRQ.c **** 
 115:.\Generated_Source\PSoC4/ADC_SAR_SEQ_IRQ.c **** /*******************************************************************************
 116:.\Generated_Source\PSoC4/ADC_SAR_SEQ_IRQ.c **** * Function Name: ADC_SAR_SEQ_IRQ_Stop
 117:.\Generated_Source\PSoC4/ADC_SAR_SEQ_IRQ.c **** ********************************************************************************
 118:.\Generated_Source\PSoC4/ADC_SAR_SEQ_IRQ.c **** *
 119:.\Generated_Source\PSoC4/ADC_SAR_SEQ_IRQ.c **** * Summary:
 120:.\Generated_Source\PSoC4/ADC_SAR_SEQ_IRQ.c **** *   Disables and removes the interrupt.
 121:.\Generated_Source\PSoC4/ADC_SAR_SEQ_IRQ.c **** *
 122:.\Generated_Source\PSoC4/ADC_SAR_SEQ_IRQ.c **** * Parameters:  
 123:.\Generated_Source\PSoC4/ADC_SAR_SEQ_IRQ.c **** *   None
 124:.\Generated_Source\PSoC4/ADC_SAR_SEQ_IRQ.c **** *
 125:.\Generated_Source\PSoC4/ADC_SAR_SEQ_IRQ.c **** * Return:
 126:.\Generated_Source\PSoC4/ADC_SAR_SEQ_IRQ.c **** *   None
 127:.\Generated_Source\PSoC4/ADC_SAR_SEQ_IRQ.c **** *
ARM GAS  C:\Users\Chuck\AppData\Local\Temp\ccLNUJyV.s 			page 5


 128:.\Generated_Source\PSoC4/ADC_SAR_SEQ_IRQ.c **** *******************************************************************************/
 129:.\Generated_Source\PSoC4/ADC_SAR_SEQ_IRQ.c **** void ADC_SAR_SEQ_IRQ_Stop(void)
 130:.\Generated_Source\PSoC4/ADC_SAR_SEQ_IRQ.c **** {
 102              		.loc 1 130 0
 103              		.cfi_startproc
 104 0000 80B5     		push	{r7, lr}
 105              		.cfi_def_cfa_offset 8
 106              		.cfi_offset 7, -8
 107              		.cfi_offset 14, -4
 108 0002 00AF     		add	r7, sp, #0
 109              		.cfi_def_cfa_register 7
 131:.\Generated_Source\PSoC4/ADC_SAR_SEQ_IRQ.c ****     /* Disable this interrupt. */
 132:.\Generated_Source\PSoC4/ADC_SAR_SEQ_IRQ.c ****     ADC_SAR_SEQ_IRQ_Disable();
 110              		.loc 1 132 0
 111 0004 FFF7FEFF 		bl	ADC_SAR_SEQ_IRQ_Disable
 133:.\Generated_Source\PSoC4/ADC_SAR_SEQ_IRQ.c **** 
 134:.\Generated_Source\PSoC4/ADC_SAR_SEQ_IRQ.c ****     /* Set the ISR to point to the passive one. */
 135:.\Generated_Source\PSoC4/ADC_SAR_SEQ_IRQ.c ****     ADC_SAR_SEQ_IRQ_SetVector(&IntDefaultHandler);
 112              		.loc 1 135 0
 113 0008 024B     		ldr	r3, .L6
 114 000a 181C     		mov	r0, r3
 115 000c FFF7FEFF 		bl	ADC_SAR_SEQ_IRQ_SetVector
 136:.\Generated_Source\PSoC4/ADC_SAR_SEQ_IRQ.c **** }
 116              		.loc 1 136 0
 117 0010 BD46     		mov	sp, r7
 118              		@ sp needed
 119 0012 80BD     		pop	{r7, pc}
 120              	.L7:
 121              		.align	2
 122              	.L6:
 123 0014 00000000 		.word	IntDefaultHandler
 124              		.cfi_endproc
 125              	.LFE2:
 126              		.size	ADC_SAR_SEQ_IRQ_Stop, .-ADC_SAR_SEQ_IRQ_Stop
 127              		.section	.text.ADC_SAR_SEQ_IRQ_Interrupt,"ax",%progbits
 128              		.align	2
 129              		.global	ADC_SAR_SEQ_IRQ_Interrupt
 130              		.code	16
 131              		.thumb_func
 132              		.type	ADC_SAR_SEQ_IRQ_Interrupt, %function
 133              	ADC_SAR_SEQ_IRQ_Interrupt:
 134              	.LFB3:
 137:.\Generated_Source\PSoC4/ADC_SAR_SEQ_IRQ.c **** 
 138:.\Generated_Source\PSoC4/ADC_SAR_SEQ_IRQ.c **** 
 139:.\Generated_Source\PSoC4/ADC_SAR_SEQ_IRQ.c **** /*******************************************************************************
 140:.\Generated_Source\PSoC4/ADC_SAR_SEQ_IRQ.c **** * Function Name: ADC_SAR_SEQ_IRQ_Interrupt
 141:.\Generated_Source\PSoC4/ADC_SAR_SEQ_IRQ.c **** ********************************************************************************
 142:.\Generated_Source\PSoC4/ADC_SAR_SEQ_IRQ.c **** *
 143:.\Generated_Source\PSoC4/ADC_SAR_SEQ_IRQ.c **** * Summary:
 144:.\Generated_Source\PSoC4/ADC_SAR_SEQ_IRQ.c **** *   The default Interrupt Service Routine for ADC_SAR_SEQ_IRQ.
 145:.\Generated_Source\PSoC4/ADC_SAR_SEQ_IRQ.c **** *
 146:.\Generated_Source\PSoC4/ADC_SAR_SEQ_IRQ.c **** *   Add custom code between the START and END comments to keep the next version
 147:.\Generated_Source\PSoC4/ADC_SAR_SEQ_IRQ.c **** *   of this file from over-writing your code.
 148:.\Generated_Source\PSoC4/ADC_SAR_SEQ_IRQ.c **** *
 149:.\Generated_Source\PSoC4/ADC_SAR_SEQ_IRQ.c **** *   Note You may use either the default ISR by using this API, or you may define
 150:.\Generated_Source\PSoC4/ADC_SAR_SEQ_IRQ.c **** *   your own separate ISR through ISR_StartEx().
 151:.\Generated_Source\PSoC4/ADC_SAR_SEQ_IRQ.c **** *
ARM GAS  C:\Users\Chuck\AppData\Local\Temp\ccLNUJyV.s 			page 6


 152:.\Generated_Source\PSoC4/ADC_SAR_SEQ_IRQ.c **** * Parameters:  
 153:.\Generated_Source\PSoC4/ADC_SAR_SEQ_IRQ.c **** *   None
 154:.\Generated_Source\PSoC4/ADC_SAR_SEQ_IRQ.c **** *
 155:.\Generated_Source\PSoC4/ADC_SAR_SEQ_IRQ.c **** * Return:
 156:.\Generated_Source\PSoC4/ADC_SAR_SEQ_IRQ.c **** *   None
 157:.\Generated_Source\PSoC4/ADC_SAR_SEQ_IRQ.c **** *
 158:.\Generated_Source\PSoC4/ADC_SAR_SEQ_IRQ.c **** *******************************************************************************/
 159:.\Generated_Source\PSoC4/ADC_SAR_SEQ_IRQ.c **** CY_ISR(ADC_SAR_SEQ_IRQ_Interrupt)
 160:.\Generated_Source\PSoC4/ADC_SAR_SEQ_IRQ.c **** {
 135              		.loc 1 160 0
 136              		.cfi_startproc
 137 0000 80B5     		push	{r7, lr}
 138              		.cfi_def_cfa_offset 8
 139              		.cfi_offset 7, -8
 140              		.cfi_offset 14, -4
 141 0002 00AF     		add	r7, sp, #0
 142              		.cfi_def_cfa_register 7
 161:.\Generated_Source\PSoC4/ADC_SAR_SEQ_IRQ.c ****     #ifdef ADC_SAR_SEQ_IRQ_INTERRUPT_INTERRUPT_CALLBACK
 162:.\Generated_Source\PSoC4/ADC_SAR_SEQ_IRQ.c ****         ADC_SAR_SEQ_IRQ_Interrupt_InterruptCallback();
 163:.\Generated_Source\PSoC4/ADC_SAR_SEQ_IRQ.c ****     #endif /* ADC_SAR_SEQ_IRQ_INTERRUPT_INTERRUPT_CALLBACK */ 
 164:.\Generated_Source\PSoC4/ADC_SAR_SEQ_IRQ.c **** 
 165:.\Generated_Source\PSoC4/ADC_SAR_SEQ_IRQ.c ****     /*  Place your Interrupt code here. */
 166:.\Generated_Source\PSoC4/ADC_SAR_SEQ_IRQ.c ****     /* `#START ADC_SAR_SEQ_IRQ_Interrupt` */
 167:.\Generated_Source\PSoC4/ADC_SAR_SEQ_IRQ.c **** 
 168:.\Generated_Source\PSoC4/ADC_SAR_SEQ_IRQ.c ****     /* `#END` */
 169:.\Generated_Source\PSoC4/ADC_SAR_SEQ_IRQ.c **** }
 143              		.loc 1 169 0
 144 0004 BD46     		mov	sp, r7
 145              		@ sp needed
 146 0006 80BD     		pop	{r7, pc}
 147              		.cfi_endproc
 148              	.LFE3:
 149              		.size	ADC_SAR_SEQ_IRQ_Interrupt, .-ADC_SAR_SEQ_IRQ_Interrupt
 150              		.section	.text.ADC_SAR_SEQ_IRQ_SetVector,"ax",%progbits
 151              		.align	2
 152              		.global	ADC_SAR_SEQ_IRQ_SetVector
 153              		.code	16
 154              		.thumb_func
 155              		.type	ADC_SAR_SEQ_IRQ_SetVector, %function
 156              	ADC_SAR_SEQ_IRQ_SetVector:
 157              	.LFB4:
 170:.\Generated_Source\PSoC4/ADC_SAR_SEQ_IRQ.c **** 
 171:.\Generated_Source\PSoC4/ADC_SAR_SEQ_IRQ.c **** 
 172:.\Generated_Source\PSoC4/ADC_SAR_SEQ_IRQ.c **** /*******************************************************************************
 173:.\Generated_Source\PSoC4/ADC_SAR_SEQ_IRQ.c **** * Function Name: ADC_SAR_SEQ_IRQ_SetVector
 174:.\Generated_Source\PSoC4/ADC_SAR_SEQ_IRQ.c **** ********************************************************************************
 175:.\Generated_Source\PSoC4/ADC_SAR_SEQ_IRQ.c **** *
 176:.\Generated_Source\PSoC4/ADC_SAR_SEQ_IRQ.c **** * Summary:
 177:.\Generated_Source\PSoC4/ADC_SAR_SEQ_IRQ.c **** *   Change the ISR vector for the Interrupt. Note calling ADC_SAR_SEQ_IRQ_Start
 178:.\Generated_Source\PSoC4/ADC_SAR_SEQ_IRQ.c **** *   will override any effect this method would have had. To set the vector 
 179:.\Generated_Source\PSoC4/ADC_SAR_SEQ_IRQ.c **** *   before the component has been started use ADC_SAR_SEQ_IRQ_StartEx instead.
 180:.\Generated_Source\PSoC4/ADC_SAR_SEQ_IRQ.c **** * 
 181:.\Generated_Source\PSoC4/ADC_SAR_SEQ_IRQ.c **** *   When defining ISR functions, the CY_ISR and CY_ISR_PROTO macros should be 
 182:.\Generated_Source\PSoC4/ADC_SAR_SEQ_IRQ.c **** *   used to provide consistent definition across compilers:
 183:.\Generated_Source\PSoC4/ADC_SAR_SEQ_IRQ.c **** *
 184:.\Generated_Source\PSoC4/ADC_SAR_SEQ_IRQ.c **** *   Function definition example:
 185:.\Generated_Source\PSoC4/ADC_SAR_SEQ_IRQ.c **** *   CY_ISR(MyISR)
ARM GAS  C:\Users\Chuck\AppData\Local\Temp\ccLNUJyV.s 			page 7


 186:.\Generated_Source\PSoC4/ADC_SAR_SEQ_IRQ.c **** *   {
 187:.\Generated_Source\PSoC4/ADC_SAR_SEQ_IRQ.c **** *   }
 188:.\Generated_Source\PSoC4/ADC_SAR_SEQ_IRQ.c **** *
 189:.\Generated_Source\PSoC4/ADC_SAR_SEQ_IRQ.c **** *   Function prototype example:
 190:.\Generated_Source\PSoC4/ADC_SAR_SEQ_IRQ.c **** *     CY_ISR_PROTO(MyISR);
 191:.\Generated_Source\PSoC4/ADC_SAR_SEQ_IRQ.c **** *
 192:.\Generated_Source\PSoC4/ADC_SAR_SEQ_IRQ.c **** * Parameters:
 193:.\Generated_Source\PSoC4/ADC_SAR_SEQ_IRQ.c **** *   address: Address of the ISR to set in the interrupt vector table.
 194:.\Generated_Source\PSoC4/ADC_SAR_SEQ_IRQ.c **** *
 195:.\Generated_Source\PSoC4/ADC_SAR_SEQ_IRQ.c **** * Return:
 196:.\Generated_Source\PSoC4/ADC_SAR_SEQ_IRQ.c **** *   None
 197:.\Generated_Source\PSoC4/ADC_SAR_SEQ_IRQ.c **** *
 198:.\Generated_Source\PSoC4/ADC_SAR_SEQ_IRQ.c **** *******************************************************************************/
 199:.\Generated_Source\PSoC4/ADC_SAR_SEQ_IRQ.c **** void ADC_SAR_SEQ_IRQ_SetVector(cyisraddress address)
 200:.\Generated_Source\PSoC4/ADC_SAR_SEQ_IRQ.c **** {
 158              		.loc 1 200 0
 159              		.cfi_startproc
 160 0000 80B5     		push	{r7, lr}
 161              		.cfi_def_cfa_offset 8
 162              		.cfi_offset 7, -8
 163              		.cfi_offset 14, -4
 164 0002 82B0     		sub	sp, sp, #8
 165              		.cfi_def_cfa_offset 16
 166 0004 00AF     		add	r7, sp, #0
 167              		.cfi_def_cfa_register 7
 168 0006 7860     		str	r0, [r7, #4]
 201:.\Generated_Source\PSoC4/ADC_SAR_SEQ_IRQ.c ****     CyRamVectors[CYINT_IRQ_BASE + ADC_SAR_SEQ_IRQ__INTC_NUMBER] = address;
 169              		.loc 1 201 0
 170 0008 024B     		ldr	r3, .L10
 171 000a 7A68     		ldr	r2, [r7, #4]
 172 000c 9A67     		str	r2, [r3, #120]
 202:.\Generated_Source\PSoC4/ADC_SAR_SEQ_IRQ.c **** }
 173              		.loc 1 202 0
 174 000e BD46     		mov	sp, r7
 175 0010 02B0     		add	sp, sp, #8
 176              		@ sp needed
 177 0012 80BD     		pop	{r7, pc}
 178              	.L11:
 179              		.align	2
 180              	.L10:
 181 0014 00000000 		.word	CyRamVectors
 182              		.cfi_endproc
 183              	.LFE4:
 184              		.size	ADC_SAR_SEQ_IRQ_SetVector, .-ADC_SAR_SEQ_IRQ_SetVector
 185              		.section	.text.ADC_SAR_SEQ_IRQ_GetVector,"ax",%progbits
 186              		.align	2
 187              		.global	ADC_SAR_SEQ_IRQ_GetVector
 188              		.code	16
 189              		.thumb_func
 190              		.type	ADC_SAR_SEQ_IRQ_GetVector, %function
 191              	ADC_SAR_SEQ_IRQ_GetVector:
 192              	.LFB5:
 203:.\Generated_Source\PSoC4/ADC_SAR_SEQ_IRQ.c **** 
 204:.\Generated_Source\PSoC4/ADC_SAR_SEQ_IRQ.c **** 
 205:.\Generated_Source\PSoC4/ADC_SAR_SEQ_IRQ.c **** /*******************************************************************************
 206:.\Generated_Source\PSoC4/ADC_SAR_SEQ_IRQ.c **** * Function Name: ADC_SAR_SEQ_IRQ_GetVector
 207:.\Generated_Source\PSoC4/ADC_SAR_SEQ_IRQ.c **** ********************************************************************************
ARM GAS  C:\Users\Chuck\AppData\Local\Temp\ccLNUJyV.s 			page 8


 208:.\Generated_Source\PSoC4/ADC_SAR_SEQ_IRQ.c **** *
 209:.\Generated_Source\PSoC4/ADC_SAR_SEQ_IRQ.c **** * Summary:
 210:.\Generated_Source\PSoC4/ADC_SAR_SEQ_IRQ.c **** *   Gets the "address" of the current ISR vector for the Interrupt.
 211:.\Generated_Source\PSoC4/ADC_SAR_SEQ_IRQ.c **** *
 212:.\Generated_Source\PSoC4/ADC_SAR_SEQ_IRQ.c **** * Parameters:
 213:.\Generated_Source\PSoC4/ADC_SAR_SEQ_IRQ.c **** *   None
 214:.\Generated_Source\PSoC4/ADC_SAR_SEQ_IRQ.c **** *
 215:.\Generated_Source\PSoC4/ADC_SAR_SEQ_IRQ.c **** * Return:
 216:.\Generated_Source\PSoC4/ADC_SAR_SEQ_IRQ.c **** *   Address of the ISR in the interrupt vector table.
 217:.\Generated_Source\PSoC4/ADC_SAR_SEQ_IRQ.c **** *
 218:.\Generated_Source\PSoC4/ADC_SAR_SEQ_IRQ.c **** *******************************************************************************/
 219:.\Generated_Source\PSoC4/ADC_SAR_SEQ_IRQ.c **** cyisraddress ADC_SAR_SEQ_IRQ_GetVector(void)
 220:.\Generated_Source\PSoC4/ADC_SAR_SEQ_IRQ.c **** {
 193              		.loc 1 220 0
 194              		.cfi_startproc
 195 0000 80B5     		push	{r7, lr}
 196              		.cfi_def_cfa_offset 8
 197              		.cfi_offset 7, -8
 198              		.cfi_offset 14, -4
 199 0002 00AF     		add	r7, sp, #0
 200              		.cfi_def_cfa_register 7
 221:.\Generated_Source\PSoC4/ADC_SAR_SEQ_IRQ.c ****     return CyRamVectors[CYINT_IRQ_BASE + ADC_SAR_SEQ_IRQ__INTC_NUMBER];
 201              		.loc 1 221 0
 202 0004 024B     		ldr	r3, .L14
 203 0006 9B6F     		ldr	r3, [r3, #120]
 222:.\Generated_Source\PSoC4/ADC_SAR_SEQ_IRQ.c **** }
 204              		.loc 1 222 0
 205 0008 181C     		mov	r0, r3
 206 000a BD46     		mov	sp, r7
 207              		@ sp needed
 208 000c 80BD     		pop	{r7, pc}
 209              	.L15:
 210 000e C046     		.align	2
 211              	.L14:
 212 0010 00000000 		.word	CyRamVectors
 213              		.cfi_endproc
 214              	.LFE5:
 215              		.size	ADC_SAR_SEQ_IRQ_GetVector, .-ADC_SAR_SEQ_IRQ_GetVector
 216              		.section	.text.ADC_SAR_SEQ_IRQ_SetPriority,"ax",%progbits
 217              		.align	2
 218              		.global	ADC_SAR_SEQ_IRQ_SetPriority
 219              		.code	16
 220              		.thumb_func
 221              		.type	ADC_SAR_SEQ_IRQ_SetPriority, %function
 222              	ADC_SAR_SEQ_IRQ_SetPriority:
 223              	.LFB6:
 223:.\Generated_Source\PSoC4/ADC_SAR_SEQ_IRQ.c **** 
 224:.\Generated_Source\PSoC4/ADC_SAR_SEQ_IRQ.c **** 
 225:.\Generated_Source\PSoC4/ADC_SAR_SEQ_IRQ.c **** /*******************************************************************************
 226:.\Generated_Source\PSoC4/ADC_SAR_SEQ_IRQ.c **** * Function Name: ADC_SAR_SEQ_IRQ_SetPriority
 227:.\Generated_Source\PSoC4/ADC_SAR_SEQ_IRQ.c **** ********************************************************************************
 228:.\Generated_Source\PSoC4/ADC_SAR_SEQ_IRQ.c **** *
 229:.\Generated_Source\PSoC4/ADC_SAR_SEQ_IRQ.c **** * Summary:
 230:.\Generated_Source\PSoC4/ADC_SAR_SEQ_IRQ.c **** *   Sets the Priority of the Interrupt. 
 231:.\Generated_Source\PSoC4/ADC_SAR_SEQ_IRQ.c **** *
 232:.\Generated_Source\PSoC4/ADC_SAR_SEQ_IRQ.c **** *   Note calling ADC_SAR_SEQ_IRQ_Start or ADC_SAR_SEQ_IRQ_StartEx will 
 233:.\Generated_Source\PSoC4/ADC_SAR_SEQ_IRQ.c **** *   override any effect this API would have had. This API should only be called
ARM GAS  C:\Users\Chuck\AppData\Local\Temp\ccLNUJyV.s 			page 9


 234:.\Generated_Source\PSoC4/ADC_SAR_SEQ_IRQ.c **** *   after ADC_SAR_SEQ_IRQ_Start or ADC_SAR_SEQ_IRQ_StartEx has been called. 
 235:.\Generated_Source\PSoC4/ADC_SAR_SEQ_IRQ.c **** *   To set the initial priority for the component, use the Design-Wide Resources
 236:.\Generated_Source\PSoC4/ADC_SAR_SEQ_IRQ.c **** *   Interrupt Editor.
 237:.\Generated_Source\PSoC4/ADC_SAR_SEQ_IRQ.c **** *
 238:.\Generated_Source\PSoC4/ADC_SAR_SEQ_IRQ.c **** *   Note This API has no effect on Non-maskable interrupt NMI).
 239:.\Generated_Source\PSoC4/ADC_SAR_SEQ_IRQ.c **** *
 240:.\Generated_Source\PSoC4/ADC_SAR_SEQ_IRQ.c **** * Parameters:
 241:.\Generated_Source\PSoC4/ADC_SAR_SEQ_IRQ.c **** *   priority: Priority of the interrupt, 0 being the highest priority
 242:.\Generated_Source\PSoC4/ADC_SAR_SEQ_IRQ.c **** *             PSoC 3 and PSoC 5LP: Priority is from 0 to 7.
 243:.\Generated_Source\PSoC4/ADC_SAR_SEQ_IRQ.c **** *             PSoC 4: Priority is from 0 to 3.
 244:.\Generated_Source\PSoC4/ADC_SAR_SEQ_IRQ.c **** *
 245:.\Generated_Source\PSoC4/ADC_SAR_SEQ_IRQ.c **** * Return:
 246:.\Generated_Source\PSoC4/ADC_SAR_SEQ_IRQ.c **** *   None
 247:.\Generated_Source\PSoC4/ADC_SAR_SEQ_IRQ.c **** *
 248:.\Generated_Source\PSoC4/ADC_SAR_SEQ_IRQ.c **** *******************************************************************************/
 249:.\Generated_Source\PSoC4/ADC_SAR_SEQ_IRQ.c **** void ADC_SAR_SEQ_IRQ_SetPriority(uint8 priority)
 250:.\Generated_Source\PSoC4/ADC_SAR_SEQ_IRQ.c **** {
 224              		.loc 1 250 0
 225              		.cfi_startproc
 226 0000 90B5     		push	{r4, r7, lr}
 227              		.cfi_def_cfa_offset 12
 228              		.cfi_offset 4, -12
 229              		.cfi_offset 7, -8
 230              		.cfi_offset 14, -4
 231 0002 85B0     		sub	sp, sp, #20
 232              		.cfi_def_cfa_offset 32
 233 0004 00AF     		add	r7, sp, #0
 234              		.cfi_def_cfa_register 7
 235 0006 021C     		mov	r2, r0
 236 0008 FB1D     		add	r3, r7, #7
 237 000a 1A70     		strb	r2, [r3]
 251:.\Generated_Source\PSoC4/ADC_SAR_SEQ_IRQ.c **** 	uint8 interruptState;
 252:.\Generated_Source\PSoC4/ADC_SAR_SEQ_IRQ.c ****     uint32 priorityOffset = ((ADC_SAR_SEQ_IRQ__INTC_NUMBER % 4u) * 8u) + 6u;
 238              		.loc 1 252 0
 239 000c 1623     		mov	r3, #22
 240 000e FB60     		str	r3, [r7, #12]
 253:.\Generated_Source\PSoC4/ADC_SAR_SEQ_IRQ.c ****     
 254:.\Generated_Source\PSoC4/ADC_SAR_SEQ_IRQ.c **** 	interruptState = CyEnterCriticalSection();
 241              		.loc 1 254 0
 242 0010 0B23     		mov	r3, #11
 243 0012 FC18     		add	r4, r7, r3
 244 0014 FFF7FEFF 		bl	CyEnterCriticalSection
 245 0018 031C     		mov	r3, r0
 246 001a 2370     		strb	r3, [r4]
 255:.\Generated_Source\PSoC4/ADC_SAR_SEQ_IRQ.c ****     *ADC_SAR_SEQ_IRQ_INTC_PRIOR = (*ADC_SAR_SEQ_IRQ_INTC_PRIOR & (uint32)(~ADC_SAR_SEQ_IRQ__INTC_PR
 247              		.loc 1 255 0
 248 001c 0A4B     		ldr	r3, .L17
 249 001e 0A4A     		ldr	r2, .L17
 250 0020 1268     		ldr	r2, [r2]
 251 0022 0A49     		ldr	r1, .L17+4
 252 0024 1140     		and	r1, r2
 256:.\Generated_Source\PSoC4/ADC_SAR_SEQ_IRQ.c ****                                     ((uint32)priority << priorityOffset);
 253              		.loc 1 256 0
 254 0026 FA1D     		add	r2, r7, #7
 255 0028 1078     		ldrb	r0, [r2]
 256 002a FA68     		ldr	r2, [r7, #12]
 257 002c 9040     		lsl	r0, r0, r2
ARM GAS  C:\Users\Chuck\AppData\Local\Temp\ccLNUJyV.s 			page 10


 258 002e 021C     		mov	r2, r0
 255:.\Generated_Source\PSoC4/ADC_SAR_SEQ_IRQ.c ****     *ADC_SAR_SEQ_IRQ_INTC_PRIOR = (*ADC_SAR_SEQ_IRQ_INTC_PRIOR & (uint32)(~ADC_SAR_SEQ_IRQ__INTC_PR
 259              		.loc 1 255 0
 260 0030 0A43     		orr	r2, r1
 261 0032 1A60     		str	r2, [r3]
 257:.\Generated_Source\PSoC4/ADC_SAR_SEQ_IRQ.c **** 	CyExitCriticalSection(interruptState);
 262              		.loc 1 257 0
 263 0034 0B23     		mov	r3, #11
 264 0036 FB18     		add	r3, r7, r3
 265 0038 1B78     		ldrb	r3, [r3]
 266 003a 181C     		mov	r0, r3
 267 003c FFF7FEFF 		bl	CyExitCriticalSection
 258:.\Generated_Source\PSoC4/ADC_SAR_SEQ_IRQ.c **** }
 268              		.loc 1 258 0
 269 0040 BD46     		mov	sp, r7
 270 0042 05B0     		add	sp, sp, #20
 271              		@ sp needed
 272 0044 90BD     		pop	{r4, r7, pc}
 273              	.L18:
 274 0046 C046     		.align	2
 275              	.L17:
 276 0048 0CE400E0 		.word	-536812532
 277 004c FFFF3FFF 		.word	-12582913
 278              		.cfi_endproc
 279              	.LFE6:
 280              		.size	ADC_SAR_SEQ_IRQ_SetPriority, .-ADC_SAR_SEQ_IRQ_SetPriority
 281              		.section	.text.ADC_SAR_SEQ_IRQ_GetPriority,"ax",%progbits
 282              		.align	2
 283              		.global	ADC_SAR_SEQ_IRQ_GetPriority
 284              		.code	16
 285              		.thumb_func
 286              		.type	ADC_SAR_SEQ_IRQ_GetPriority, %function
 287              	ADC_SAR_SEQ_IRQ_GetPriority:
 288              	.LFB7:
 259:.\Generated_Source\PSoC4/ADC_SAR_SEQ_IRQ.c **** 
 260:.\Generated_Source\PSoC4/ADC_SAR_SEQ_IRQ.c **** 
 261:.\Generated_Source\PSoC4/ADC_SAR_SEQ_IRQ.c **** /*******************************************************************************
 262:.\Generated_Source\PSoC4/ADC_SAR_SEQ_IRQ.c **** * Function Name: ADC_SAR_SEQ_IRQ_GetPriority
 263:.\Generated_Source\PSoC4/ADC_SAR_SEQ_IRQ.c **** ********************************************************************************
 264:.\Generated_Source\PSoC4/ADC_SAR_SEQ_IRQ.c **** *
 265:.\Generated_Source\PSoC4/ADC_SAR_SEQ_IRQ.c **** * Summary:
 266:.\Generated_Source\PSoC4/ADC_SAR_SEQ_IRQ.c **** *   Gets the Priority of the Interrupt.
 267:.\Generated_Source\PSoC4/ADC_SAR_SEQ_IRQ.c **** *
 268:.\Generated_Source\PSoC4/ADC_SAR_SEQ_IRQ.c **** * Parameters:
 269:.\Generated_Source\PSoC4/ADC_SAR_SEQ_IRQ.c **** *   None
 270:.\Generated_Source\PSoC4/ADC_SAR_SEQ_IRQ.c **** *
 271:.\Generated_Source\PSoC4/ADC_SAR_SEQ_IRQ.c **** * Return:
 272:.\Generated_Source\PSoC4/ADC_SAR_SEQ_IRQ.c **** *   Priority of the interrupt, 0 being the highest priority
 273:.\Generated_Source\PSoC4/ADC_SAR_SEQ_IRQ.c **** *    PSoC 3 and PSoC 5LP: Priority is from 0 to 7.
 274:.\Generated_Source\PSoC4/ADC_SAR_SEQ_IRQ.c **** *    PSoC 4: Priority is from 0 to 3.
 275:.\Generated_Source\PSoC4/ADC_SAR_SEQ_IRQ.c **** *
 276:.\Generated_Source\PSoC4/ADC_SAR_SEQ_IRQ.c **** *******************************************************************************/
 277:.\Generated_Source\PSoC4/ADC_SAR_SEQ_IRQ.c **** uint8 ADC_SAR_SEQ_IRQ_GetPriority(void)
 278:.\Generated_Source\PSoC4/ADC_SAR_SEQ_IRQ.c **** {
 289              		.loc 1 278 0
 290              		.cfi_startproc
 291 0000 80B5     		push	{r7, lr}
ARM GAS  C:\Users\Chuck\AppData\Local\Temp\ccLNUJyV.s 			page 11


 292              		.cfi_def_cfa_offset 8
 293              		.cfi_offset 7, -8
 294              		.cfi_offset 14, -4
 295 0002 82B0     		sub	sp, sp, #8
 296              		.cfi_def_cfa_offset 16
 297 0004 00AF     		add	r7, sp, #0
 298              		.cfi_def_cfa_register 7
 279:.\Generated_Source\PSoC4/ADC_SAR_SEQ_IRQ.c ****     uint32 priority;
 280:.\Generated_Source\PSoC4/ADC_SAR_SEQ_IRQ.c **** 	uint32 priorityOffset = ((ADC_SAR_SEQ_IRQ__INTC_NUMBER % 4u) * 8u) + 6u;
 299              		.loc 1 280 0
 300 0006 1623     		mov	r3, #22
 301 0008 7B60     		str	r3, [r7, #4]
 281:.\Generated_Source\PSoC4/ADC_SAR_SEQ_IRQ.c **** 
 282:.\Generated_Source\PSoC4/ADC_SAR_SEQ_IRQ.c ****     priority = (*ADC_SAR_SEQ_IRQ_INTC_PRIOR & ADC_SAR_SEQ_IRQ__INTC_PRIOR_MASK) >> priorityOffset;
 302              		.loc 1 282 0
 303 000a 074B     		ldr	r3, .L21
 304 000c 1A68     		ldr	r2, [r3]
 305 000e C023     		mov	r3, #192
 306 0010 1B04     		lsl	r3, r3, #16
 307 0012 1A40     		and	r2, r3
 308 0014 7B68     		ldr	r3, [r7, #4]
 309 0016 DA40     		lsr	r2, r2, r3
 310 0018 131C     		mov	r3, r2
 311 001a 3B60     		str	r3, [r7]
 283:.\Generated_Source\PSoC4/ADC_SAR_SEQ_IRQ.c **** 
 284:.\Generated_Source\PSoC4/ADC_SAR_SEQ_IRQ.c ****     return (uint8)priority;
 312              		.loc 1 284 0
 313 001c 3B68     		ldr	r3, [r7]
 314 001e DBB2     		uxtb	r3, r3
 285:.\Generated_Source\PSoC4/ADC_SAR_SEQ_IRQ.c **** }
 315              		.loc 1 285 0
 316 0020 181C     		mov	r0, r3
 317 0022 BD46     		mov	sp, r7
 318 0024 02B0     		add	sp, sp, #8
 319              		@ sp needed
 320 0026 80BD     		pop	{r7, pc}
 321              	.L22:
 322              		.align	2
 323              	.L21:
 324 0028 0CE400E0 		.word	-536812532
 325              		.cfi_endproc
 326              	.LFE7:
 327              		.size	ADC_SAR_SEQ_IRQ_GetPriority, .-ADC_SAR_SEQ_IRQ_GetPriority
 328              		.section	.text.ADC_SAR_SEQ_IRQ_Enable,"ax",%progbits
 329              		.align	2
 330              		.global	ADC_SAR_SEQ_IRQ_Enable
 331              		.code	16
 332              		.thumb_func
 333              		.type	ADC_SAR_SEQ_IRQ_Enable, %function
 334              	ADC_SAR_SEQ_IRQ_Enable:
 335              	.LFB8:
 286:.\Generated_Source\PSoC4/ADC_SAR_SEQ_IRQ.c **** 
 287:.\Generated_Source\PSoC4/ADC_SAR_SEQ_IRQ.c **** 
 288:.\Generated_Source\PSoC4/ADC_SAR_SEQ_IRQ.c **** /*******************************************************************************
 289:.\Generated_Source\PSoC4/ADC_SAR_SEQ_IRQ.c **** * Function Name: ADC_SAR_SEQ_IRQ_Enable
 290:.\Generated_Source\PSoC4/ADC_SAR_SEQ_IRQ.c **** ********************************************************************************
 291:.\Generated_Source\PSoC4/ADC_SAR_SEQ_IRQ.c **** *
ARM GAS  C:\Users\Chuck\AppData\Local\Temp\ccLNUJyV.s 			page 12


 292:.\Generated_Source\PSoC4/ADC_SAR_SEQ_IRQ.c **** * Summary:
 293:.\Generated_Source\PSoC4/ADC_SAR_SEQ_IRQ.c **** *   Enables the interrupt to the interrupt controller. Do not call this function
 294:.\Generated_Source\PSoC4/ADC_SAR_SEQ_IRQ.c **** *   unless ISR_Start() has been called or the functionality of the ISR_Start() 
 295:.\Generated_Source\PSoC4/ADC_SAR_SEQ_IRQ.c **** *   function, which sets the vector and the priority, has been called.
 296:.\Generated_Source\PSoC4/ADC_SAR_SEQ_IRQ.c **** *
 297:.\Generated_Source\PSoC4/ADC_SAR_SEQ_IRQ.c **** * Parameters:
 298:.\Generated_Source\PSoC4/ADC_SAR_SEQ_IRQ.c **** *   None
 299:.\Generated_Source\PSoC4/ADC_SAR_SEQ_IRQ.c **** *
 300:.\Generated_Source\PSoC4/ADC_SAR_SEQ_IRQ.c **** * Return:
 301:.\Generated_Source\PSoC4/ADC_SAR_SEQ_IRQ.c **** *   None
 302:.\Generated_Source\PSoC4/ADC_SAR_SEQ_IRQ.c **** *
 303:.\Generated_Source\PSoC4/ADC_SAR_SEQ_IRQ.c **** *******************************************************************************/
 304:.\Generated_Source\PSoC4/ADC_SAR_SEQ_IRQ.c **** void ADC_SAR_SEQ_IRQ_Enable(void)
 305:.\Generated_Source\PSoC4/ADC_SAR_SEQ_IRQ.c **** {
 336              		.loc 1 305 0
 337              		.cfi_startproc
 338 0000 80B5     		push	{r7, lr}
 339              		.cfi_def_cfa_offset 8
 340              		.cfi_offset 7, -8
 341              		.cfi_offset 14, -4
 342 0002 00AF     		add	r7, sp, #0
 343              		.cfi_def_cfa_register 7
 306:.\Generated_Source\PSoC4/ADC_SAR_SEQ_IRQ.c ****     /* Enable the general interrupt. */
 307:.\Generated_Source\PSoC4/ADC_SAR_SEQ_IRQ.c ****     *ADC_SAR_SEQ_IRQ_INTC_SET_EN = ADC_SAR_SEQ_IRQ__INTC_MASK;
 344              		.loc 1 307 0
 345 0004 024B     		ldr	r3, .L24
 346 0006 8022     		mov	r2, #128
 347 0008 D201     		lsl	r2, r2, #7
 348 000a 1A60     		str	r2, [r3]
 308:.\Generated_Source\PSoC4/ADC_SAR_SEQ_IRQ.c **** }
 349              		.loc 1 308 0
 350 000c BD46     		mov	sp, r7
 351              		@ sp needed
 352 000e 80BD     		pop	{r7, pc}
 353              	.L25:
 354              		.align	2
 355              	.L24:
 356 0010 00E100E0 		.word	-536813312
 357              		.cfi_endproc
 358              	.LFE8:
 359              		.size	ADC_SAR_SEQ_IRQ_Enable, .-ADC_SAR_SEQ_IRQ_Enable
 360              		.section	.text.ADC_SAR_SEQ_IRQ_GetState,"ax",%progbits
 361              		.align	2
 362              		.global	ADC_SAR_SEQ_IRQ_GetState
 363              		.code	16
 364              		.thumb_func
 365              		.type	ADC_SAR_SEQ_IRQ_GetState, %function
 366              	ADC_SAR_SEQ_IRQ_GetState:
 367              	.LFB9:
 309:.\Generated_Source\PSoC4/ADC_SAR_SEQ_IRQ.c **** 
 310:.\Generated_Source\PSoC4/ADC_SAR_SEQ_IRQ.c **** 
 311:.\Generated_Source\PSoC4/ADC_SAR_SEQ_IRQ.c **** /*******************************************************************************
 312:.\Generated_Source\PSoC4/ADC_SAR_SEQ_IRQ.c **** * Function Name: ADC_SAR_SEQ_IRQ_GetState
 313:.\Generated_Source\PSoC4/ADC_SAR_SEQ_IRQ.c **** ********************************************************************************
 314:.\Generated_Source\PSoC4/ADC_SAR_SEQ_IRQ.c **** *
 315:.\Generated_Source\PSoC4/ADC_SAR_SEQ_IRQ.c **** * Summary:
 316:.\Generated_Source\PSoC4/ADC_SAR_SEQ_IRQ.c **** *   Gets the state (enabled, disabled) of the Interrupt.
ARM GAS  C:\Users\Chuck\AppData\Local\Temp\ccLNUJyV.s 			page 13


 317:.\Generated_Source\PSoC4/ADC_SAR_SEQ_IRQ.c **** *
 318:.\Generated_Source\PSoC4/ADC_SAR_SEQ_IRQ.c **** * Parameters:
 319:.\Generated_Source\PSoC4/ADC_SAR_SEQ_IRQ.c **** *   None
 320:.\Generated_Source\PSoC4/ADC_SAR_SEQ_IRQ.c **** *
 321:.\Generated_Source\PSoC4/ADC_SAR_SEQ_IRQ.c **** * Return:
 322:.\Generated_Source\PSoC4/ADC_SAR_SEQ_IRQ.c **** *   1 if enabled, 0 if disabled.
 323:.\Generated_Source\PSoC4/ADC_SAR_SEQ_IRQ.c **** *
 324:.\Generated_Source\PSoC4/ADC_SAR_SEQ_IRQ.c **** *******************************************************************************/
 325:.\Generated_Source\PSoC4/ADC_SAR_SEQ_IRQ.c **** uint8 ADC_SAR_SEQ_IRQ_GetState(void)
 326:.\Generated_Source\PSoC4/ADC_SAR_SEQ_IRQ.c **** {
 368              		.loc 1 326 0
 369              		.cfi_startproc
 370 0000 80B5     		push	{r7, lr}
 371              		.cfi_def_cfa_offset 8
 372              		.cfi_offset 7, -8
 373              		.cfi_offset 14, -4
 374 0002 00AF     		add	r7, sp, #0
 375              		.cfi_def_cfa_register 7
 327:.\Generated_Source\PSoC4/ADC_SAR_SEQ_IRQ.c ****     /* Get the state of the general interrupt. */
 328:.\Generated_Source\PSoC4/ADC_SAR_SEQ_IRQ.c ****     return ((*ADC_SAR_SEQ_IRQ_INTC_SET_EN & (uint32)ADC_SAR_SEQ_IRQ__INTC_MASK) != 0u) ? 1u:0u;
 376              		.loc 1 328 0
 377 0004 054B     		ldr	r3, .L30
 378 0006 1A68     		ldr	r2, [r3]
 379 0008 8023     		mov	r3, #128
 380 000a DB01     		lsl	r3, r3, #7
 381 000c 1340     		and	r3, r2
 382 000e 01D0     		beq	.L27
 383              		.loc 1 328 0 is_stmt 0 discriminator 1
 384 0010 0123     		mov	r3, #1
 385 0012 00E0     		b	.L28
 386              	.L27:
 387              		.loc 1 328 0 discriminator 2
 388 0014 0023     		mov	r3, #0
 389              	.L28:
 329:.\Generated_Source\PSoC4/ADC_SAR_SEQ_IRQ.c **** }
 390              		.loc 1 329 0 is_stmt 1 discriminator 4
 391 0016 181C     		mov	r0, r3
 392 0018 BD46     		mov	sp, r7
 393              		@ sp needed
 394 001a 80BD     		pop	{r7, pc}
 395              	.L31:
 396              		.align	2
 397              	.L30:
 398 001c 00E100E0 		.word	-536813312
 399              		.cfi_endproc
 400              	.LFE9:
 401              		.size	ADC_SAR_SEQ_IRQ_GetState, .-ADC_SAR_SEQ_IRQ_GetState
 402              		.section	.text.ADC_SAR_SEQ_IRQ_Disable,"ax",%progbits
 403              		.align	2
 404              		.global	ADC_SAR_SEQ_IRQ_Disable
 405              		.code	16
 406              		.thumb_func
 407              		.type	ADC_SAR_SEQ_IRQ_Disable, %function
 408              	ADC_SAR_SEQ_IRQ_Disable:
 409              	.LFB10:
 330:.\Generated_Source\PSoC4/ADC_SAR_SEQ_IRQ.c **** 
 331:.\Generated_Source\PSoC4/ADC_SAR_SEQ_IRQ.c **** 
ARM GAS  C:\Users\Chuck\AppData\Local\Temp\ccLNUJyV.s 			page 14


 332:.\Generated_Source\PSoC4/ADC_SAR_SEQ_IRQ.c **** /*******************************************************************************
 333:.\Generated_Source\PSoC4/ADC_SAR_SEQ_IRQ.c **** * Function Name: ADC_SAR_SEQ_IRQ_Disable
 334:.\Generated_Source\PSoC4/ADC_SAR_SEQ_IRQ.c **** ********************************************************************************
 335:.\Generated_Source\PSoC4/ADC_SAR_SEQ_IRQ.c **** *
 336:.\Generated_Source\PSoC4/ADC_SAR_SEQ_IRQ.c **** * Summary:
 337:.\Generated_Source\PSoC4/ADC_SAR_SEQ_IRQ.c **** *   Disables the Interrupt in the interrupt controller.
 338:.\Generated_Source\PSoC4/ADC_SAR_SEQ_IRQ.c **** *
 339:.\Generated_Source\PSoC4/ADC_SAR_SEQ_IRQ.c **** * Parameters:
 340:.\Generated_Source\PSoC4/ADC_SAR_SEQ_IRQ.c **** *   None
 341:.\Generated_Source\PSoC4/ADC_SAR_SEQ_IRQ.c **** *
 342:.\Generated_Source\PSoC4/ADC_SAR_SEQ_IRQ.c **** * Return:
 343:.\Generated_Source\PSoC4/ADC_SAR_SEQ_IRQ.c **** *   None
 344:.\Generated_Source\PSoC4/ADC_SAR_SEQ_IRQ.c **** *
 345:.\Generated_Source\PSoC4/ADC_SAR_SEQ_IRQ.c **** *******************************************************************************/
 346:.\Generated_Source\PSoC4/ADC_SAR_SEQ_IRQ.c **** void ADC_SAR_SEQ_IRQ_Disable(void)
 347:.\Generated_Source\PSoC4/ADC_SAR_SEQ_IRQ.c **** {
 410              		.loc 1 347 0
 411              		.cfi_startproc
 412 0000 80B5     		push	{r7, lr}
 413              		.cfi_def_cfa_offset 8
 414              		.cfi_offset 7, -8
 415              		.cfi_offset 14, -4
 416 0002 00AF     		add	r7, sp, #0
 417              		.cfi_def_cfa_register 7
 348:.\Generated_Source\PSoC4/ADC_SAR_SEQ_IRQ.c ****     /* Disable the general interrupt. */
 349:.\Generated_Source\PSoC4/ADC_SAR_SEQ_IRQ.c ****     *ADC_SAR_SEQ_IRQ_INTC_CLR_EN = ADC_SAR_SEQ_IRQ__INTC_MASK;
 418              		.loc 1 349 0
 419 0004 024B     		ldr	r3, .L33
 420 0006 8022     		mov	r2, #128
 421 0008 D201     		lsl	r2, r2, #7
 422 000a 1A60     		str	r2, [r3]
 350:.\Generated_Source\PSoC4/ADC_SAR_SEQ_IRQ.c **** }
 423              		.loc 1 350 0
 424 000c BD46     		mov	sp, r7
 425              		@ sp needed
 426 000e 80BD     		pop	{r7, pc}
 427              	.L34:
 428              		.align	2
 429              	.L33:
 430 0010 80E100E0 		.word	-536813184
 431              		.cfi_endproc
 432              	.LFE10:
 433              		.size	ADC_SAR_SEQ_IRQ_Disable, .-ADC_SAR_SEQ_IRQ_Disable
 434              		.section	.text.ADC_SAR_SEQ_IRQ_SetPending,"ax",%progbits
 435              		.align	2
 436              		.global	ADC_SAR_SEQ_IRQ_SetPending
 437              		.code	16
 438              		.thumb_func
 439              		.type	ADC_SAR_SEQ_IRQ_SetPending, %function
 440              	ADC_SAR_SEQ_IRQ_SetPending:
 441              	.LFB11:
 351:.\Generated_Source\PSoC4/ADC_SAR_SEQ_IRQ.c **** 
 352:.\Generated_Source\PSoC4/ADC_SAR_SEQ_IRQ.c **** 
 353:.\Generated_Source\PSoC4/ADC_SAR_SEQ_IRQ.c **** /*******************************************************************************
 354:.\Generated_Source\PSoC4/ADC_SAR_SEQ_IRQ.c **** * Function Name: ADC_SAR_SEQ_IRQ_SetPending
 355:.\Generated_Source\PSoC4/ADC_SAR_SEQ_IRQ.c **** ********************************************************************************
 356:.\Generated_Source\PSoC4/ADC_SAR_SEQ_IRQ.c **** *
ARM GAS  C:\Users\Chuck\AppData\Local\Temp\ccLNUJyV.s 			page 15


 357:.\Generated_Source\PSoC4/ADC_SAR_SEQ_IRQ.c **** * Summary:
 358:.\Generated_Source\PSoC4/ADC_SAR_SEQ_IRQ.c **** *   Causes the Interrupt to enter the pending state, a software method of
 359:.\Generated_Source\PSoC4/ADC_SAR_SEQ_IRQ.c **** *   generating the interrupt.
 360:.\Generated_Source\PSoC4/ADC_SAR_SEQ_IRQ.c **** *
 361:.\Generated_Source\PSoC4/ADC_SAR_SEQ_IRQ.c **** * Parameters:
 362:.\Generated_Source\PSoC4/ADC_SAR_SEQ_IRQ.c **** *   None
 363:.\Generated_Source\PSoC4/ADC_SAR_SEQ_IRQ.c **** *
 364:.\Generated_Source\PSoC4/ADC_SAR_SEQ_IRQ.c **** * Return:
 365:.\Generated_Source\PSoC4/ADC_SAR_SEQ_IRQ.c **** *   None
 366:.\Generated_Source\PSoC4/ADC_SAR_SEQ_IRQ.c **** *
 367:.\Generated_Source\PSoC4/ADC_SAR_SEQ_IRQ.c **** * Side Effects:
 368:.\Generated_Source\PSoC4/ADC_SAR_SEQ_IRQ.c **** *   If interrupts are enabled and the interrupt is set up properly, the ISR is
 369:.\Generated_Source\PSoC4/ADC_SAR_SEQ_IRQ.c **** *   entered (depending on the priority of this interrupt and other pending 
 370:.\Generated_Source\PSoC4/ADC_SAR_SEQ_IRQ.c **** *   interrupts).
 371:.\Generated_Source\PSoC4/ADC_SAR_SEQ_IRQ.c **** *
 372:.\Generated_Source\PSoC4/ADC_SAR_SEQ_IRQ.c **** *******************************************************************************/
 373:.\Generated_Source\PSoC4/ADC_SAR_SEQ_IRQ.c **** void ADC_SAR_SEQ_IRQ_SetPending(void)
 374:.\Generated_Source\PSoC4/ADC_SAR_SEQ_IRQ.c **** {
 442              		.loc 1 374 0
 443              		.cfi_startproc
 444 0000 80B5     		push	{r7, lr}
 445              		.cfi_def_cfa_offset 8
 446              		.cfi_offset 7, -8
 447              		.cfi_offset 14, -4
 448 0002 00AF     		add	r7, sp, #0
 449              		.cfi_def_cfa_register 7
 375:.\Generated_Source\PSoC4/ADC_SAR_SEQ_IRQ.c ****     *ADC_SAR_SEQ_IRQ_INTC_SET_PD = ADC_SAR_SEQ_IRQ__INTC_MASK;
 450              		.loc 1 375 0
 451 0004 024B     		ldr	r3, .L36
 452 0006 8022     		mov	r2, #128
 453 0008 D201     		lsl	r2, r2, #7
 454 000a 1A60     		str	r2, [r3]
 376:.\Generated_Source\PSoC4/ADC_SAR_SEQ_IRQ.c **** }
 455              		.loc 1 376 0
 456 000c BD46     		mov	sp, r7
 457              		@ sp needed
 458 000e 80BD     		pop	{r7, pc}
 459              	.L37:
 460              		.align	2
 461              	.L36:
 462 0010 00E200E0 		.word	-536813056
 463              		.cfi_endproc
 464              	.LFE11:
 465              		.size	ADC_SAR_SEQ_IRQ_SetPending, .-ADC_SAR_SEQ_IRQ_SetPending
 466              		.section	.text.ADC_SAR_SEQ_IRQ_ClearPending,"ax",%progbits
 467              		.align	2
 468              		.global	ADC_SAR_SEQ_IRQ_ClearPending
 469              		.code	16
 470              		.thumb_func
 471              		.type	ADC_SAR_SEQ_IRQ_ClearPending, %function
 472              	ADC_SAR_SEQ_IRQ_ClearPending:
 473              	.LFB12:
 377:.\Generated_Source\PSoC4/ADC_SAR_SEQ_IRQ.c **** 
 378:.\Generated_Source\PSoC4/ADC_SAR_SEQ_IRQ.c **** 
 379:.\Generated_Source\PSoC4/ADC_SAR_SEQ_IRQ.c **** /*******************************************************************************
 380:.\Generated_Source\PSoC4/ADC_SAR_SEQ_IRQ.c **** * Function Name: ADC_SAR_SEQ_IRQ_ClearPending
 381:.\Generated_Source\PSoC4/ADC_SAR_SEQ_IRQ.c **** ********************************************************************************
ARM GAS  C:\Users\Chuck\AppData\Local\Temp\ccLNUJyV.s 			page 16


 382:.\Generated_Source\PSoC4/ADC_SAR_SEQ_IRQ.c **** *
 383:.\Generated_Source\PSoC4/ADC_SAR_SEQ_IRQ.c **** * Summary:
 384:.\Generated_Source\PSoC4/ADC_SAR_SEQ_IRQ.c **** *   Clears a pending interrupt in the interrupt controller.
 385:.\Generated_Source\PSoC4/ADC_SAR_SEQ_IRQ.c **** *
 386:.\Generated_Source\PSoC4/ADC_SAR_SEQ_IRQ.c **** *   Note Some interrupt sources are clear-on-read and require the block 
 387:.\Generated_Source\PSoC4/ADC_SAR_SEQ_IRQ.c **** *   interrupt/status register to be read/cleared with the appropriate block API 
 388:.\Generated_Source\PSoC4/ADC_SAR_SEQ_IRQ.c **** *   (GPIO, UART, and so on). Otherwise the ISR will continue to remain in 
 389:.\Generated_Source\PSoC4/ADC_SAR_SEQ_IRQ.c **** *   pending state even though the interrupt itself is cleared using this API.
 390:.\Generated_Source\PSoC4/ADC_SAR_SEQ_IRQ.c **** *
 391:.\Generated_Source\PSoC4/ADC_SAR_SEQ_IRQ.c **** * Parameters:
 392:.\Generated_Source\PSoC4/ADC_SAR_SEQ_IRQ.c **** *   None
 393:.\Generated_Source\PSoC4/ADC_SAR_SEQ_IRQ.c **** *
 394:.\Generated_Source\PSoC4/ADC_SAR_SEQ_IRQ.c **** * Return:
 395:.\Generated_Source\PSoC4/ADC_SAR_SEQ_IRQ.c **** *   None
 396:.\Generated_Source\PSoC4/ADC_SAR_SEQ_IRQ.c **** *
 397:.\Generated_Source\PSoC4/ADC_SAR_SEQ_IRQ.c **** *******************************************************************************/
 398:.\Generated_Source\PSoC4/ADC_SAR_SEQ_IRQ.c **** void ADC_SAR_SEQ_IRQ_ClearPending(void)
 399:.\Generated_Source\PSoC4/ADC_SAR_SEQ_IRQ.c **** {
 474              		.loc 1 399 0
 475              		.cfi_startproc
 476 0000 80B5     		push	{r7, lr}
 477              		.cfi_def_cfa_offset 8
 478              		.cfi_offset 7, -8
 479              		.cfi_offset 14, -4
 480 0002 00AF     		add	r7, sp, #0
 481              		.cfi_def_cfa_register 7
 400:.\Generated_Source\PSoC4/ADC_SAR_SEQ_IRQ.c ****     *ADC_SAR_SEQ_IRQ_INTC_CLR_PD = ADC_SAR_SEQ_IRQ__INTC_MASK;
 482              		.loc 1 400 0
 483 0004 024B     		ldr	r3, .L39
 484 0006 8022     		mov	r2, #128
 485 0008 D201     		lsl	r2, r2, #7
 486 000a 1A60     		str	r2, [r3]
 401:.\Generated_Source\PSoC4/ADC_SAR_SEQ_IRQ.c **** }
 487              		.loc 1 401 0
 488 000c BD46     		mov	sp, r7
 489              		@ sp needed
 490 000e 80BD     		pop	{r7, pc}
 491              	.L40:
 492              		.align	2
 493              	.L39:
 494 0010 80E200E0 		.word	-536812928
 495              		.cfi_endproc
 496              	.LFE12:
 497              		.size	ADC_SAR_SEQ_IRQ_ClearPending, .-ADC_SAR_SEQ_IRQ_ClearPending
 498              		.text
 499              	.Letext0:
 500              		.file 2 "Generated_Source\\PSoC4/cytypes.h"
 501              		.section	.debug_info,"",%progbits
 502              	.Ldebug_info0:
 503 0000 3F020000 		.4byte	0x23f
 504 0004 0400     		.2byte	0x4
 505 0006 00000000 		.4byte	.Ldebug_abbrev0
 506 000a 04       		.byte	0x4
 507 000b 01       		.uleb128 0x1
 508 000c 32010000 		.4byte	.LASF33
 509 0010 01       		.byte	0x1
 510 0011 72000000 		.4byte	.LASF34
ARM GAS  C:\Users\Chuck\AppData\Local\Temp\ccLNUJyV.s 			page 17


 511 0015 C8000000 		.4byte	.LASF35
 512 0019 00000000 		.4byte	.Ldebug_ranges0+0
 513 001d 00000000 		.4byte	0
 514 0021 00000000 		.4byte	.Ldebug_line0
 515 0025 02       		.uleb128 0x2
 516 0026 01       		.byte	0x1
 517 0027 06       		.byte	0x6
 518 0028 30030000 		.4byte	.LASF0
 519 002c 02       		.uleb128 0x2
 520 002d 01       		.byte	0x1
 521 002e 08       		.byte	0x8
 522 002f F4000000 		.4byte	.LASF1
 523 0033 02       		.uleb128 0x2
 524 0034 02       		.byte	0x2
 525 0035 05       		.byte	0x5
 526 0036 0E030000 		.4byte	.LASF2
 527 003a 02       		.uleb128 0x2
 528 003b 02       		.byte	0x2
 529 003c 07       		.byte	0x7
 530 003d 9D000000 		.4byte	.LASF3
 531 0041 02       		.uleb128 0x2
 532 0042 04       		.byte	0x4
 533 0043 05       		.byte	0x5
 534 0044 27030000 		.4byte	.LASF4
 535 0048 02       		.uleb128 0x2
 536 0049 04       		.byte	0x4
 537 004a 07       		.byte	0x7
 538 004b 11010000 		.4byte	.LASF5
 539 004f 02       		.uleb128 0x2
 540 0050 08       		.byte	0x8
 541 0051 05       		.byte	0x5
 542 0052 E0020000 		.4byte	.LASF6
 543 0056 02       		.uleb128 0x2
 544 0057 08       		.byte	0x8
 545 0058 07       		.byte	0x7
 546 0059 96020000 		.4byte	.LASF7
 547 005d 03       		.uleb128 0x3
 548 005e 04       		.byte	0x4
 549 005f 05       		.byte	0x5
 550 0060 696E7400 		.ascii	"int\000"
 551 0064 02       		.uleb128 0x2
 552 0065 04       		.byte	0x4
 553 0066 07       		.byte	0x7
 554 0067 81020000 		.4byte	.LASF8
 555 006b 04       		.uleb128 0x4
 556 006c 23010000 		.4byte	.LASF9
 557 0070 02       		.byte	0x2
 558 0071 5B       		.byte	0x5b
 559 0072 2C000000 		.4byte	0x2c
 560 0076 04       		.uleb128 0x4
 561 0077 63020000 		.4byte	.LASF10
 562 007b 02       		.byte	0x2
 563 007c 5D       		.byte	0x5d
 564 007d 48000000 		.4byte	0x48
 565 0081 02       		.uleb128 0x2
 566 0082 04       		.byte	0x4
 567 0083 04       		.byte	0x4
ARM GAS  C:\Users\Chuck\AppData\Local\Temp\ccLNUJyV.s 			page 18


 568 0084 EE000000 		.4byte	.LASF11
 569 0088 02       		.uleb128 0x2
 570 0089 08       		.byte	0x8
 571 008a 04       		.byte	0x4
 572 008b 0D020000 		.4byte	.LASF12
 573 008f 02       		.uleb128 0x2
 574 0090 01       		.byte	0x1
 575 0091 08       		.byte	0x8
 576 0092 EE020000 		.4byte	.LASF13
 577 0096 04       		.uleb128 0x4
 578 0097 2D000000 		.4byte	.LASF14
 579 009b 02       		.byte	0x2
 580 009c F2       		.byte	0xf2
 581 009d A1000000 		.4byte	0xa1
 582 00a1 05       		.uleb128 0x5
 583 00a2 76000000 		.4byte	0x76
 584 00a6 06       		.uleb128 0x6
 585 00a7 CA020000 		.4byte	.LASF15
 586 00ab 02       		.byte	0x2
 587 00ac 0201     		.2byte	0x102
 588 00ae B2000000 		.4byte	0xb2
 589 00b2 07       		.uleb128 0x7
 590 00b3 04       		.byte	0x4
 591 00b4 B8000000 		.4byte	0xb8
 592 00b8 08       		.uleb128 0x8
 593 00b9 02       		.uleb128 0x2
 594 00ba 04       		.byte	0x4
 595 00bb 07       		.byte	0x7
 596 00bc D7020000 		.4byte	.LASF16
 597 00c0 09       		.uleb128 0x9
 598 00c1 40000000 		.4byte	.LASF17
 599 00c5 01       		.byte	0x1
 600 00c6 38       		.byte	0x38
 601 00c7 00000000 		.4byte	.LFB0
 602 00cb 24000000 		.4byte	.LFE0-.LFB0
 603 00cf 01       		.uleb128 0x1
 604 00d0 9C       		.byte	0x9c
 605 00d1 0A       		.uleb128 0xa
 606 00d2 15000000 		.4byte	.LASF20
 607 00d6 01       		.byte	0x1
 608 00d7 63       		.byte	0x63
 609 00d8 00000000 		.4byte	.LFB1
 610 00dc 24000000 		.4byte	.LFE1-.LFB1
 611 00e0 01       		.uleb128 0x1
 612 00e1 9C       		.byte	0x9c
 613 00e2 F5000000 		.4byte	0xf5
 614 00e6 0B       		.uleb128 0xb
 615 00e7 8E020000 		.4byte	.LASF22
 616 00eb 01       		.byte	0x1
 617 00ec 63       		.byte	0x63
 618 00ed A6000000 		.4byte	0xa6
 619 00f1 02       		.uleb128 0x2
 620 00f2 91       		.byte	0x91
 621 00f3 74       		.sleb128 -12
 622 00f4 00       		.byte	0
 623 00f5 09       		.uleb128 0x9
 624 00f6 00000000 		.4byte	.LASF18
ARM GAS  C:\Users\Chuck\AppData\Local\Temp\ccLNUJyV.s 			page 19


 625 00fa 01       		.byte	0x1
 626 00fb 81       		.byte	0x81
 627 00fc 00000000 		.4byte	.LFB2
 628 0100 18000000 		.4byte	.LFE2-.LFB2
 629 0104 01       		.uleb128 0x1
 630 0105 9C       		.byte	0x9c
 631 0106 0C       		.uleb128 0xc
 632 0107 56030000 		.4byte	.LASF19
 633 010b 01       		.byte	0x1
 634 010c 9F       		.byte	0x9f
 635 010d 00000000 		.4byte	.LFB3
 636 0111 08000000 		.4byte	.LFE3-.LFB3
 637 0115 01       		.uleb128 0x1
 638 0116 9C       		.byte	0x9c
 639 0117 0D       		.uleb128 0xd
 640 0118 30020000 		.4byte	.LASF21
 641 011c 01       		.byte	0x1
 642 011d C7       		.byte	0xc7
 643 011e 00000000 		.4byte	.LFB4
 644 0122 18000000 		.4byte	.LFE4-.LFB4
 645 0126 01       		.uleb128 0x1
 646 0127 9C       		.byte	0x9c
 647 0128 3B010000 		.4byte	0x13b
 648 012c 0B       		.uleb128 0xb
 649 012d 8E020000 		.4byte	.LASF22
 650 0131 01       		.byte	0x1
 651 0132 C7       		.byte	0xc7
 652 0133 A6000000 		.4byte	0xa6
 653 0137 02       		.uleb128 0x2
 654 0138 91       		.byte	0x91
 655 0139 74       		.sleb128 -12
 656 013a 00       		.byte	0
 657 013b 0E       		.uleb128 0xe
 658 013c 3C030000 		.4byte	.LASF28
 659 0140 01       		.byte	0x1
 660 0141 DB       		.byte	0xdb
 661 0142 A6000000 		.4byte	0xa6
 662 0146 00000000 		.4byte	.LFB5
 663 014a 14000000 		.4byte	.LFE5-.LFB5
 664 014e 01       		.uleb128 0x1
 665 014f 9C       		.byte	0x9c
 666 0150 0A       		.uleb128 0xa
 667 0151 56000000 		.4byte	.LASF23
 668 0155 01       		.byte	0x1
 669 0156 F9       		.byte	0xf9
 670 0157 00000000 		.4byte	.LFB6
 671 015b 50000000 		.4byte	.LFE6-.LFB6
 672 015f 01       		.uleb128 0x1
 673 0160 9C       		.byte	0x9c
 674 0161 90010000 		.4byte	0x190
 675 0165 0B       		.uleb128 0xb
 676 0166 29010000 		.4byte	.LASF24
 677 016a 01       		.byte	0x1
 678 016b F9       		.byte	0xf9
 679 016c 6B000000 		.4byte	0x6b
 680 0170 02       		.uleb128 0x2
 681 0171 91       		.byte	0x91
ARM GAS  C:\Users\Chuck\AppData\Local\Temp\ccLNUJyV.s 			page 20


 682 0172 67       		.sleb128 -25
 683 0173 0F       		.uleb128 0xf
 684 0174 02010000 		.4byte	.LASF25
 685 0178 01       		.byte	0x1
 686 0179 FB       		.byte	0xfb
 687 017a 6B000000 		.4byte	0x6b
 688 017e 02       		.uleb128 0x2
 689 017f 91       		.byte	0x91
 690 0180 6B       		.sleb128 -21
 691 0181 0F       		.uleb128 0xf
 692 0182 18030000 		.4byte	.LASF26
 693 0186 01       		.byte	0x1
 694 0187 FC       		.byte	0xfc
 695 0188 76000000 		.4byte	0x76
 696 018c 02       		.uleb128 0x2
 697 018d 91       		.byte	0x91
 698 018e 6C       		.sleb128 -20
 699 018f 00       		.byte	0
 700 0190 10       		.uleb128 0x10
 701 0191 14020000 		.4byte	.LASF36
 702 0195 01       		.byte	0x1
 703 0196 1501     		.2byte	0x115
 704 0198 6B000000 		.4byte	0x6b
 705 019c 00000000 		.4byte	.LFB7
 706 01a0 2C000000 		.4byte	.LFE7-.LFB7
 707 01a4 01       		.uleb128 0x1
 708 01a5 9C       		.byte	0x9c
 709 01a6 C9010000 		.4byte	0x1c9
 710 01aa 11       		.uleb128 0x11
 711 01ab 29010000 		.4byte	.LASF24
 712 01af 01       		.byte	0x1
 713 01b0 1701     		.2byte	0x117
 714 01b2 76000000 		.4byte	0x76
 715 01b6 02       		.uleb128 0x2
 716 01b7 91       		.byte	0x91
 717 01b8 70       		.sleb128 -16
 718 01b9 11       		.uleb128 0x11
 719 01ba 18030000 		.4byte	.LASF26
 720 01be 01       		.byte	0x1
 721 01bf 1801     		.2byte	0x118
 722 01c1 76000000 		.4byte	0x76
 723 01c5 02       		.uleb128 0x2
 724 01c6 91       		.byte	0x91
 725 01c7 74       		.sleb128 -12
 726 01c8 00       		.byte	0
 727 01c9 12       		.uleb128 0x12
 728 01ca 6A020000 		.4byte	.LASF27
 729 01ce 01       		.byte	0x1
 730 01cf 3001     		.2byte	0x130
 731 01d1 00000000 		.4byte	.LFB8
 732 01d5 14000000 		.4byte	.LFE8-.LFB8
 733 01d9 01       		.uleb128 0x1
 734 01da 9C       		.byte	0x9c
 735 01db 13       		.uleb128 0x13
 736 01dc 4A020000 		.4byte	.LASF29
 737 01e0 01       		.byte	0x1
 738 01e1 4501     		.2byte	0x145
ARM GAS  C:\Users\Chuck\AppData\Local\Temp\ccLNUJyV.s 			page 21


 739 01e3 6B000000 		.4byte	0x6b
 740 01e7 00000000 		.4byte	.LFB9
 741 01eb 20000000 		.4byte	.LFE9-.LFB9
 742 01ef 01       		.uleb128 0x1
 743 01f0 9C       		.byte	0x9c
 744 01f1 12       		.uleb128 0x12
 745 01f2 B0000000 		.4byte	.LASF30
 746 01f6 01       		.byte	0x1
 747 01f7 5A01     		.2byte	0x15a
 748 01f9 00000000 		.4byte	.LFB10
 749 01fd 14000000 		.4byte	.LFE10-.LFB10
 750 0201 01       		.uleb128 0x1
 751 0202 9C       		.byte	0x9c
 752 0203 12       		.uleb128 0x12
 753 0204 F3020000 		.4byte	.LASF31
 754 0208 01       		.byte	0x1
 755 0209 7501     		.2byte	0x175
 756 020b 00000000 		.4byte	.LFB11
 757 020f 14000000 		.4byte	.LFE11-.LFB11
 758 0213 01       		.uleb128 0x1
 759 0214 9C       		.byte	0x9c
 760 0215 12       		.uleb128 0x12
 761 0216 AD020000 		.4byte	.LASF32
 762 021a 01       		.byte	0x1
 763 021b 8E01     		.2byte	0x18e
 764 021d 00000000 		.4byte	.LFB12
 765 0221 14000000 		.4byte	.LFE12-.LFB12
 766 0225 01       		.uleb128 0x1
 767 0226 9C       		.byte	0x9c
 768 0227 14       		.uleb128 0x14
 769 0228 A6000000 		.4byte	0xa6
 770 022c 37020000 		.4byte	0x237
 771 0230 15       		.uleb128 0x15
 772 0231 B9000000 		.4byte	0xb9
 773 0235 2F       		.byte	0x2f
 774 0236 00       		.byte	0
 775 0237 16       		.uleb128 0x16
 776 0238 33000000 		.4byte	.LASF37
 777 023c 01       		.byte	0x1
 778 023d 21       		.byte	0x21
 779 023e 27020000 		.4byte	0x227
 780 0242 00       		.byte	0
 781              		.section	.debug_abbrev,"",%progbits
 782              	.Ldebug_abbrev0:
 783 0000 01       		.uleb128 0x1
 784 0001 11       		.uleb128 0x11
 785 0002 01       		.byte	0x1
 786 0003 25       		.uleb128 0x25
 787 0004 0E       		.uleb128 0xe
 788 0005 13       		.uleb128 0x13
 789 0006 0B       		.uleb128 0xb
 790 0007 03       		.uleb128 0x3
 791 0008 0E       		.uleb128 0xe
 792 0009 1B       		.uleb128 0x1b
 793 000a 0E       		.uleb128 0xe
 794 000b 55       		.uleb128 0x55
 795 000c 17       		.uleb128 0x17
ARM GAS  C:\Users\Chuck\AppData\Local\Temp\ccLNUJyV.s 			page 22


 796 000d 11       		.uleb128 0x11
 797 000e 01       		.uleb128 0x1
 798 000f 10       		.uleb128 0x10
 799 0010 17       		.uleb128 0x17
 800 0011 00       		.byte	0
 801 0012 00       		.byte	0
 802 0013 02       		.uleb128 0x2
 803 0014 24       		.uleb128 0x24
 804 0015 00       		.byte	0
 805 0016 0B       		.uleb128 0xb
 806 0017 0B       		.uleb128 0xb
 807 0018 3E       		.uleb128 0x3e
 808 0019 0B       		.uleb128 0xb
 809 001a 03       		.uleb128 0x3
 810 001b 0E       		.uleb128 0xe
 811 001c 00       		.byte	0
 812 001d 00       		.byte	0
 813 001e 03       		.uleb128 0x3
 814 001f 24       		.uleb128 0x24
 815 0020 00       		.byte	0
 816 0021 0B       		.uleb128 0xb
 817 0022 0B       		.uleb128 0xb
 818 0023 3E       		.uleb128 0x3e
 819 0024 0B       		.uleb128 0xb
 820 0025 03       		.uleb128 0x3
 821 0026 08       		.uleb128 0x8
 822 0027 00       		.byte	0
 823 0028 00       		.byte	0
 824 0029 04       		.uleb128 0x4
 825 002a 16       		.uleb128 0x16
 826 002b 00       		.byte	0
 827 002c 03       		.uleb128 0x3
 828 002d 0E       		.uleb128 0xe
 829 002e 3A       		.uleb128 0x3a
 830 002f 0B       		.uleb128 0xb
 831 0030 3B       		.uleb128 0x3b
 832 0031 0B       		.uleb128 0xb
 833 0032 49       		.uleb128 0x49
 834 0033 13       		.uleb128 0x13
 835 0034 00       		.byte	0
 836 0035 00       		.byte	0
 837 0036 05       		.uleb128 0x5
 838 0037 35       		.uleb128 0x35
 839 0038 00       		.byte	0
 840 0039 49       		.uleb128 0x49
 841 003a 13       		.uleb128 0x13
 842 003b 00       		.byte	0
 843 003c 00       		.byte	0
 844 003d 06       		.uleb128 0x6
 845 003e 16       		.uleb128 0x16
 846 003f 00       		.byte	0
 847 0040 03       		.uleb128 0x3
 848 0041 0E       		.uleb128 0xe
 849 0042 3A       		.uleb128 0x3a
 850 0043 0B       		.uleb128 0xb
 851 0044 3B       		.uleb128 0x3b
 852 0045 05       		.uleb128 0x5
ARM GAS  C:\Users\Chuck\AppData\Local\Temp\ccLNUJyV.s 			page 23


 853 0046 49       		.uleb128 0x49
 854 0047 13       		.uleb128 0x13
 855 0048 00       		.byte	0
 856 0049 00       		.byte	0
 857 004a 07       		.uleb128 0x7
 858 004b 0F       		.uleb128 0xf
 859 004c 00       		.byte	0
 860 004d 0B       		.uleb128 0xb
 861 004e 0B       		.uleb128 0xb
 862 004f 49       		.uleb128 0x49
 863 0050 13       		.uleb128 0x13
 864 0051 00       		.byte	0
 865 0052 00       		.byte	0
 866 0053 08       		.uleb128 0x8
 867 0054 15       		.uleb128 0x15
 868 0055 00       		.byte	0
 869 0056 27       		.uleb128 0x27
 870 0057 19       		.uleb128 0x19
 871 0058 00       		.byte	0
 872 0059 00       		.byte	0
 873 005a 09       		.uleb128 0x9
 874 005b 2E       		.uleb128 0x2e
 875 005c 00       		.byte	0
 876 005d 3F       		.uleb128 0x3f
 877 005e 19       		.uleb128 0x19
 878 005f 03       		.uleb128 0x3
 879 0060 0E       		.uleb128 0xe
 880 0061 3A       		.uleb128 0x3a
 881 0062 0B       		.uleb128 0xb
 882 0063 3B       		.uleb128 0x3b
 883 0064 0B       		.uleb128 0xb
 884 0065 27       		.uleb128 0x27
 885 0066 19       		.uleb128 0x19
 886 0067 11       		.uleb128 0x11
 887 0068 01       		.uleb128 0x1
 888 0069 12       		.uleb128 0x12
 889 006a 06       		.uleb128 0x6
 890 006b 40       		.uleb128 0x40
 891 006c 18       		.uleb128 0x18
 892 006d 9642     		.uleb128 0x2116
 893 006f 19       		.uleb128 0x19
 894 0070 00       		.byte	0
 895 0071 00       		.byte	0
 896 0072 0A       		.uleb128 0xa
 897 0073 2E       		.uleb128 0x2e
 898 0074 01       		.byte	0x1
 899 0075 3F       		.uleb128 0x3f
 900 0076 19       		.uleb128 0x19
 901 0077 03       		.uleb128 0x3
 902 0078 0E       		.uleb128 0xe
 903 0079 3A       		.uleb128 0x3a
 904 007a 0B       		.uleb128 0xb
 905 007b 3B       		.uleb128 0x3b
 906 007c 0B       		.uleb128 0xb
 907 007d 27       		.uleb128 0x27
 908 007e 19       		.uleb128 0x19
 909 007f 11       		.uleb128 0x11
ARM GAS  C:\Users\Chuck\AppData\Local\Temp\ccLNUJyV.s 			page 24


 910 0080 01       		.uleb128 0x1
 911 0081 12       		.uleb128 0x12
 912 0082 06       		.uleb128 0x6
 913 0083 40       		.uleb128 0x40
 914 0084 18       		.uleb128 0x18
 915 0085 9642     		.uleb128 0x2116
 916 0087 19       		.uleb128 0x19
 917 0088 01       		.uleb128 0x1
 918 0089 13       		.uleb128 0x13
 919 008a 00       		.byte	0
 920 008b 00       		.byte	0
 921 008c 0B       		.uleb128 0xb
 922 008d 05       		.uleb128 0x5
 923 008e 00       		.byte	0
 924 008f 03       		.uleb128 0x3
 925 0090 0E       		.uleb128 0xe
 926 0091 3A       		.uleb128 0x3a
 927 0092 0B       		.uleb128 0xb
 928 0093 3B       		.uleb128 0x3b
 929 0094 0B       		.uleb128 0xb
 930 0095 49       		.uleb128 0x49
 931 0096 13       		.uleb128 0x13
 932 0097 02       		.uleb128 0x2
 933 0098 18       		.uleb128 0x18
 934 0099 00       		.byte	0
 935 009a 00       		.byte	0
 936 009b 0C       		.uleb128 0xc
 937 009c 2E       		.uleb128 0x2e
 938 009d 00       		.byte	0
 939 009e 3F       		.uleb128 0x3f
 940 009f 19       		.uleb128 0x19
 941 00a0 03       		.uleb128 0x3
 942 00a1 0E       		.uleb128 0xe
 943 00a2 3A       		.uleb128 0x3a
 944 00a3 0B       		.uleb128 0xb
 945 00a4 3B       		.uleb128 0x3b
 946 00a5 0B       		.uleb128 0xb
 947 00a6 27       		.uleb128 0x27
 948 00a7 19       		.uleb128 0x19
 949 00a8 11       		.uleb128 0x11
 950 00a9 01       		.uleb128 0x1
 951 00aa 12       		.uleb128 0x12
 952 00ab 06       		.uleb128 0x6
 953 00ac 40       		.uleb128 0x40
 954 00ad 18       		.uleb128 0x18
 955 00ae 9742     		.uleb128 0x2117
 956 00b0 19       		.uleb128 0x19
 957 00b1 00       		.byte	0
 958 00b2 00       		.byte	0
 959 00b3 0D       		.uleb128 0xd
 960 00b4 2E       		.uleb128 0x2e
 961 00b5 01       		.byte	0x1
 962 00b6 3F       		.uleb128 0x3f
 963 00b7 19       		.uleb128 0x19
 964 00b8 03       		.uleb128 0x3
 965 00b9 0E       		.uleb128 0xe
 966 00ba 3A       		.uleb128 0x3a
ARM GAS  C:\Users\Chuck\AppData\Local\Temp\ccLNUJyV.s 			page 25


 967 00bb 0B       		.uleb128 0xb
 968 00bc 3B       		.uleb128 0x3b
 969 00bd 0B       		.uleb128 0xb
 970 00be 27       		.uleb128 0x27
 971 00bf 19       		.uleb128 0x19
 972 00c0 11       		.uleb128 0x11
 973 00c1 01       		.uleb128 0x1
 974 00c2 12       		.uleb128 0x12
 975 00c3 06       		.uleb128 0x6
 976 00c4 40       		.uleb128 0x40
 977 00c5 18       		.uleb128 0x18
 978 00c6 9742     		.uleb128 0x2117
 979 00c8 19       		.uleb128 0x19
 980 00c9 01       		.uleb128 0x1
 981 00ca 13       		.uleb128 0x13
 982 00cb 00       		.byte	0
 983 00cc 00       		.byte	0
 984 00cd 0E       		.uleb128 0xe
 985 00ce 2E       		.uleb128 0x2e
 986 00cf 00       		.byte	0
 987 00d0 3F       		.uleb128 0x3f
 988 00d1 19       		.uleb128 0x19
 989 00d2 03       		.uleb128 0x3
 990 00d3 0E       		.uleb128 0xe
 991 00d4 3A       		.uleb128 0x3a
 992 00d5 0B       		.uleb128 0xb
 993 00d6 3B       		.uleb128 0x3b
 994 00d7 0B       		.uleb128 0xb
 995 00d8 27       		.uleb128 0x27
 996 00d9 19       		.uleb128 0x19
 997 00da 49       		.uleb128 0x49
 998 00db 13       		.uleb128 0x13
 999 00dc 11       		.uleb128 0x11
 1000 00dd 01       		.uleb128 0x1
 1001 00de 12       		.uleb128 0x12
 1002 00df 06       		.uleb128 0x6
 1003 00e0 40       		.uleb128 0x40
 1004 00e1 18       		.uleb128 0x18
 1005 00e2 9742     		.uleb128 0x2117
 1006 00e4 19       		.uleb128 0x19
 1007 00e5 00       		.byte	0
 1008 00e6 00       		.byte	0
 1009 00e7 0F       		.uleb128 0xf
 1010 00e8 34       		.uleb128 0x34
 1011 00e9 00       		.byte	0
 1012 00ea 03       		.uleb128 0x3
 1013 00eb 0E       		.uleb128 0xe
 1014 00ec 3A       		.uleb128 0x3a
 1015 00ed 0B       		.uleb128 0xb
 1016 00ee 3B       		.uleb128 0x3b
 1017 00ef 0B       		.uleb128 0xb
 1018 00f0 49       		.uleb128 0x49
 1019 00f1 13       		.uleb128 0x13
 1020 00f2 02       		.uleb128 0x2
 1021 00f3 18       		.uleb128 0x18
 1022 00f4 00       		.byte	0
 1023 00f5 00       		.byte	0
ARM GAS  C:\Users\Chuck\AppData\Local\Temp\ccLNUJyV.s 			page 26


 1024 00f6 10       		.uleb128 0x10
 1025 00f7 2E       		.uleb128 0x2e
 1026 00f8 01       		.byte	0x1
 1027 00f9 3F       		.uleb128 0x3f
 1028 00fa 19       		.uleb128 0x19
 1029 00fb 03       		.uleb128 0x3
 1030 00fc 0E       		.uleb128 0xe
 1031 00fd 3A       		.uleb128 0x3a
 1032 00fe 0B       		.uleb128 0xb
 1033 00ff 3B       		.uleb128 0x3b
 1034 0100 05       		.uleb128 0x5
 1035 0101 27       		.uleb128 0x27
 1036 0102 19       		.uleb128 0x19
 1037 0103 49       		.uleb128 0x49
 1038 0104 13       		.uleb128 0x13
 1039 0105 11       		.uleb128 0x11
 1040 0106 01       		.uleb128 0x1
 1041 0107 12       		.uleb128 0x12
 1042 0108 06       		.uleb128 0x6
 1043 0109 40       		.uleb128 0x40
 1044 010a 18       		.uleb128 0x18
 1045 010b 9742     		.uleb128 0x2117
 1046 010d 19       		.uleb128 0x19
 1047 010e 01       		.uleb128 0x1
 1048 010f 13       		.uleb128 0x13
 1049 0110 00       		.byte	0
 1050 0111 00       		.byte	0
 1051 0112 11       		.uleb128 0x11
 1052 0113 34       		.uleb128 0x34
 1053 0114 00       		.byte	0
 1054 0115 03       		.uleb128 0x3
 1055 0116 0E       		.uleb128 0xe
 1056 0117 3A       		.uleb128 0x3a
 1057 0118 0B       		.uleb128 0xb
 1058 0119 3B       		.uleb128 0x3b
 1059 011a 05       		.uleb128 0x5
 1060 011b 49       		.uleb128 0x49
 1061 011c 13       		.uleb128 0x13
 1062 011d 02       		.uleb128 0x2
 1063 011e 18       		.uleb128 0x18
 1064 011f 00       		.byte	0
 1065 0120 00       		.byte	0
 1066 0121 12       		.uleb128 0x12
 1067 0122 2E       		.uleb128 0x2e
 1068 0123 00       		.byte	0
 1069 0124 3F       		.uleb128 0x3f
 1070 0125 19       		.uleb128 0x19
 1071 0126 03       		.uleb128 0x3
 1072 0127 0E       		.uleb128 0xe
 1073 0128 3A       		.uleb128 0x3a
 1074 0129 0B       		.uleb128 0xb
 1075 012a 3B       		.uleb128 0x3b
 1076 012b 05       		.uleb128 0x5
 1077 012c 27       		.uleb128 0x27
 1078 012d 19       		.uleb128 0x19
 1079 012e 11       		.uleb128 0x11
 1080 012f 01       		.uleb128 0x1
ARM GAS  C:\Users\Chuck\AppData\Local\Temp\ccLNUJyV.s 			page 27


 1081 0130 12       		.uleb128 0x12
 1082 0131 06       		.uleb128 0x6
 1083 0132 40       		.uleb128 0x40
 1084 0133 18       		.uleb128 0x18
 1085 0134 9742     		.uleb128 0x2117
 1086 0136 19       		.uleb128 0x19
 1087 0137 00       		.byte	0
 1088 0138 00       		.byte	0
 1089 0139 13       		.uleb128 0x13
 1090 013a 2E       		.uleb128 0x2e
 1091 013b 00       		.byte	0
 1092 013c 3F       		.uleb128 0x3f
 1093 013d 19       		.uleb128 0x19
 1094 013e 03       		.uleb128 0x3
 1095 013f 0E       		.uleb128 0xe
 1096 0140 3A       		.uleb128 0x3a
 1097 0141 0B       		.uleb128 0xb
 1098 0142 3B       		.uleb128 0x3b
 1099 0143 05       		.uleb128 0x5
 1100 0144 27       		.uleb128 0x27
 1101 0145 19       		.uleb128 0x19
 1102 0146 49       		.uleb128 0x49
 1103 0147 13       		.uleb128 0x13
 1104 0148 11       		.uleb128 0x11
 1105 0149 01       		.uleb128 0x1
 1106 014a 12       		.uleb128 0x12
 1107 014b 06       		.uleb128 0x6
 1108 014c 40       		.uleb128 0x40
 1109 014d 18       		.uleb128 0x18
 1110 014e 9742     		.uleb128 0x2117
 1111 0150 19       		.uleb128 0x19
 1112 0151 00       		.byte	0
 1113 0152 00       		.byte	0
 1114 0153 14       		.uleb128 0x14
 1115 0154 01       		.uleb128 0x1
 1116 0155 01       		.byte	0x1
 1117 0156 49       		.uleb128 0x49
 1118 0157 13       		.uleb128 0x13
 1119 0158 01       		.uleb128 0x1
 1120 0159 13       		.uleb128 0x13
 1121 015a 00       		.byte	0
 1122 015b 00       		.byte	0
 1123 015c 15       		.uleb128 0x15
 1124 015d 21       		.uleb128 0x21
 1125 015e 00       		.byte	0
 1126 015f 49       		.uleb128 0x49
 1127 0160 13       		.uleb128 0x13
 1128 0161 2F       		.uleb128 0x2f
 1129 0162 0B       		.uleb128 0xb
 1130 0163 00       		.byte	0
 1131 0164 00       		.byte	0
 1132 0165 16       		.uleb128 0x16
 1133 0166 34       		.uleb128 0x34
 1134 0167 00       		.byte	0
 1135 0168 03       		.uleb128 0x3
 1136 0169 0E       		.uleb128 0xe
 1137 016a 3A       		.uleb128 0x3a
ARM GAS  C:\Users\Chuck\AppData\Local\Temp\ccLNUJyV.s 			page 28


 1138 016b 0B       		.uleb128 0xb
 1139 016c 3B       		.uleb128 0x3b
 1140 016d 0B       		.uleb128 0xb
 1141 016e 49       		.uleb128 0x49
 1142 016f 13       		.uleb128 0x13
 1143 0170 3F       		.uleb128 0x3f
 1144 0171 19       		.uleb128 0x19
 1145 0172 3C       		.uleb128 0x3c
 1146 0173 19       		.uleb128 0x19
 1147 0174 00       		.byte	0
 1148 0175 00       		.byte	0
 1149 0176 00       		.byte	0
 1150              		.section	.debug_aranges,"",%progbits
 1151 0000 7C000000 		.4byte	0x7c
 1152 0004 0200     		.2byte	0x2
 1153 0006 00000000 		.4byte	.Ldebug_info0
 1154 000a 04       		.byte	0x4
 1155 000b 00       		.byte	0
 1156 000c 0000     		.2byte	0
 1157 000e 0000     		.2byte	0
 1158 0010 00000000 		.4byte	.LFB0
 1159 0014 24000000 		.4byte	.LFE0-.LFB0
 1160 0018 00000000 		.4byte	.LFB1
 1161 001c 24000000 		.4byte	.LFE1-.LFB1
 1162 0020 00000000 		.4byte	.LFB2
 1163 0024 18000000 		.4byte	.LFE2-.LFB2
 1164 0028 00000000 		.4byte	.LFB3
 1165 002c 08000000 		.4byte	.LFE3-.LFB3
 1166 0030 00000000 		.4byte	.LFB4
 1167 0034 18000000 		.4byte	.LFE4-.LFB4
 1168 0038 00000000 		.4byte	.LFB5
 1169 003c 14000000 		.4byte	.LFE5-.LFB5
 1170 0040 00000000 		.4byte	.LFB6
 1171 0044 50000000 		.4byte	.LFE6-.LFB6
 1172 0048 00000000 		.4byte	.LFB7
 1173 004c 2C000000 		.4byte	.LFE7-.LFB7
 1174 0050 00000000 		.4byte	.LFB8
 1175 0054 14000000 		.4byte	.LFE8-.LFB8
 1176 0058 00000000 		.4byte	.LFB9
 1177 005c 20000000 		.4byte	.LFE9-.LFB9
 1178 0060 00000000 		.4byte	.LFB10
 1179 0064 14000000 		.4byte	.LFE10-.LFB10
 1180 0068 00000000 		.4byte	.LFB11
 1181 006c 14000000 		.4byte	.LFE11-.LFB11
 1182 0070 00000000 		.4byte	.LFB12
 1183 0074 14000000 		.4byte	.LFE12-.LFB12
 1184 0078 00000000 		.4byte	0
 1185 007c 00000000 		.4byte	0
 1186              		.section	.debug_ranges,"",%progbits
 1187              	.Ldebug_ranges0:
 1188 0000 00000000 		.4byte	.LFB0
 1189 0004 24000000 		.4byte	.LFE0
 1190 0008 00000000 		.4byte	.LFB1
 1191 000c 24000000 		.4byte	.LFE1
 1192 0010 00000000 		.4byte	.LFB2
 1193 0014 18000000 		.4byte	.LFE2
 1194 0018 00000000 		.4byte	.LFB3
ARM GAS  C:\Users\Chuck\AppData\Local\Temp\ccLNUJyV.s 			page 29


 1195 001c 08000000 		.4byte	.LFE3
 1196 0020 00000000 		.4byte	.LFB4
 1197 0024 18000000 		.4byte	.LFE4
 1198 0028 00000000 		.4byte	.LFB5
 1199 002c 14000000 		.4byte	.LFE5
 1200 0030 00000000 		.4byte	.LFB6
 1201 0034 50000000 		.4byte	.LFE6
 1202 0038 00000000 		.4byte	.LFB7
 1203 003c 2C000000 		.4byte	.LFE7
 1204 0040 00000000 		.4byte	.LFB8
 1205 0044 14000000 		.4byte	.LFE8
 1206 0048 00000000 		.4byte	.LFB9
 1207 004c 20000000 		.4byte	.LFE9
 1208 0050 00000000 		.4byte	.LFB10
 1209 0054 14000000 		.4byte	.LFE10
 1210 0058 00000000 		.4byte	.LFB11
 1211 005c 14000000 		.4byte	.LFE11
 1212 0060 00000000 		.4byte	.LFB12
 1213 0064 14000000 		.4byte	.LFE12
 1214 0068 00000000 		.4byte	0
 1215 006c 00000000 		.4byte	0
 1216              		.section	.debug_line,"",%progbits
 1217              	.Ldebug_line0:
 1218 0000 73010000 		.section	.debug_str,"MS",%progbits,1
 1218      02006500 
 1218      00000201 
 1218      FB0E0D00 
 1218      01010101 
 1219              	.LASF18:
 1220 0000 4144435F 		.ascii	"ADC_SAR_SEQ_IRQ_Stop\000"
 1220      5341525F 
 1220      5345515F 
 1220      4952515F 
 1220      53746F70 
 1221              	.LASF20:
 1222 0015 4144435F 		.ascii	"ADC_SAR_SEQ_IRQ_StartEx\000"
 1222      5341525F 
 1222      5345515F 
 1222      4952515F 
 1222      53746172 
 1223              	.LASF14:
 1224 002d 72656733 		.ascii	"reg32\000"
 1224      3200
 1225              	.LASF37:
 1226 0033 43795261 		.ascii	"CyRamVectors\000"
 1226      6D566563 
 1226      746F7273 
 1226      00
 1227              	.LASF17:
 1228 0040 4144435F 		.ascii	"ADC_SAR_SEQ_IRQ_Start\000"
 1228      5341525F 
 1228      5345515F 
 1228      4952515F 
 1228      53746172 
 1229              	.LASF23:
 1230 0056 4144435F 		.ascii	"ADC_SAR_SEQ_IRQ_SetPriority\000"
 1230      5341525F 
ARM GAS  C:\Users\Chuck\AppData\Local\Temp\ccLNUJyV.s 			page 30


 1230      5345515F 
 1230      4952515F 
 1230      53657450 
 1231              	.LASF34:
 1232 0072 2E5C4765 		.ascii	".\\Generated_Source\\PSoC4\\ADC_SAR_SEQ_IRQ.c\000"
 1232      6E657261 
 1232      7465645F 
 1232      536F7572 
 1232      63655C50 
 1233              	.LASF3:
 1234 009d 73686F72 		.ascii	"short unsigned int\000"
 1234      7420756E 
 1234      7369676E 
 1234      65642069 
 1234      6E7400
 1235              	.LASF30:
 1236 00b0 4144435F 		.ascii	"ADC_SAR_SEQ_IRQ_Disable\000"
 1236      5341525F 
 1236      5345515F 
 1236      4952515F 
 1236      44697361 
 1237              	.LASF35:
 1238 00c8 453A5C50 		.ascii	"E:\\PSoC\\RosOnAStick\\RosOnAStick.cydsn\000"
 1238      536F435C 
 1238      526F734F 
 1238      6E415374 
 1238      69636B5C 
 1239              	.LASF11:
 1240 00ee 666C6F61 		.ascii	"float\000"
 1240      7400
 1241              	.LASF1:
 1242 00f4 756E7369 		.ascii	"unsigned char\000"
 1242      676E6564 
 1242      20636861 
 1242      7200
 1243              	.LASF25:
 1244 0102 696E7465 		.ascii	"interruptState\000"
 1244      72727570 
 1244      74537461 
 1244      746500
 1245              	.LASF5:
 1246 0111 6C6F6E67 		.ascii	"long unsigned int\000"
 1246      20756E73 
 1246      69676E65 
 1246      6420696E 
 1246      7400
 1247              	.LASF9:
 1248 0123 75696E74 		.ascii	"uint8\000"
 1248      3800
 1249              	.LASF24:
 1250 0129 7072696F 		.ascii	"priority\000"
 1250      72697479 
 1250      00
 1251              	.LASF33:
 1252 0132 474E5520 		.ascii	"GNU C 4.9.3 20150303 (release) [ARM/embedded-4_9-br"
 1252      4320342E 
 1252      392E3320 
ARM GAS  C:\Users\Chuck\AppData\Local\Temp\ccLNUJyV.s 			page 31


 1252      32303135 
 1252      30333033 
 1253 0165 616E6368 		.ascii	"anch revision 221220] -mcpu=cortex-m0 -mthumb -g -O"
 1253      20726576 
 1253      6973696F 
 1253      6E203232 
 1253      31323230 
 1254 0198 30202D66 		.ascii	"0 -ffunction-sections -ffat-lto-objects -fno-rtti -"
 1254      66756E63 
 1254      74696F6E 
 1254      2D736563 
 1254      74696F6E 
 1255 01cb 666E6F2D 		.ascii	"fno-exceptions -funsigned-char -funsigned-bitfields"
 1255      65786365 
 1255      7074696F 
 1255      6E73202D 
 1255      66756E73 
 1256 01fe 202D6673 		.ascii	" -fshort-enums\000"
 1256      686F7274 
 1256      2D656E75 
 1256      6D7300
 1257              	.LASF12:
 1258 020d 646F7562 		.ascii	"double\000"
 1258      6C6500
 1259              	.LASF36:
 1260 0214 4144435F 		.ascii	"ADC_SAR_SEQ_IRQ_GetPriority\000"
 1260      5341525F 
 1260      5345515F 
 1260      4952515F 
 1260      47657450 
 1261              	.LASF21:
 1262 0230 4144435F 		.ascii	"ADC_SAR_SEQ_IRQ_SetVector\000"
 1262      5341525F 
 1262      5345515F 
 1262      4952515F 
 1262      53657456 
 1263              	.LASF29:
 1264 024a 4144435F 		.ascii	"ADC_SAR_SEQ_IRQ_GetState\000"
 1264      5341525F 
 1264      5345515F 
 1264      4952515F 
 1264      47657453 
 1265              	.LASF10:
 1266 0263 75696E74 		.ascii	"uint32\000"
 1266      333200
 1267              	.LASF27:
 1268 026a 4144435F 		.ascii	"ADC_SAR_SEQ_IRQ_Enable\000"
 1268      5341525F 
 1268      5345515F 
 1268      4952515F 
 1268      456E6162 
 1269              	.LASF8:
 1270 0281 756E7369 		.ascii	"unsigned int\000"
 1270      676E6564 
 1270      20696E74 
 1270      00
 1271              	.LASF22:
ARM GAS  C:\Users\Chuck\AppData\Local\Temp\ccLNUJyV.s 			page 32


 1272 028e 61646472 		.ascii	"address\000"
 1272      65737300 
 1273              	.LASF7:
 1274 0296 6C6F6E67 		.ascii	"long long unsigned int\000"
 1274      206C6F6E 
 1274      6720756E 
 1274      7369676E 
 1274      65642069 
 1275              	.LASF32:
 1276 02ad 4144435F 		.ascii	"ADC_SAR_SEQ_IRQ_ClearPending\000"
 1276      5341525F 
 1276      5345515F 
 1276      4952515F 
 1276      436C6561 
 1277              	.LASF15:
 1278 02ca 63796973 		.ascii	"cyisraddress\000"
 1278      72616464 
 1278      72657373 
 1278      00
 1279              	.LASF16:
 1280 02d7 73697A65 		.ascii	"sizetype\000"
 1280      74797065 
 1280      00
 1281              	.LASF6:
 1282 02e0 6C6F6E67 		.ascii	"long long int\000"
 1282      206C6F6E 
 1282      6720696E 
 1282      7400
 1283              	.LASF13:
 1284 02ee 63686172 		.ascii	"char\000"
 1284      00
 1285              	.LASF31:
 1286 02f3 4144435F 		.ascii	"ADC_SAR_SEQ_IRQ_SetPending\000"
 1286      5341525F 
 1286      5345515F 
 1286      4952515F 
 1286      53657450 
 1287              	.LASF2:
 1288 030e 73686F72 		.ascii	"short int\000"
 1288      7420696E 
 1288      7400
 1289              	.LASF26:
 1290 0318 7072696F 		.ascii	"priorityOffset\000"
 1290      72697479 
 1290      4F666673 
 1290      657400
 1291              	.LASF4:
 1292 0327 6C6F6E67 		.ascii	"long int\000"
 1292      20696E74 
 1292      00
 1293              	.LASF0:
 1294 0330 7369676E 		.ascii	"signed char\000"
 1294      65642063 
 1294      68617200 
 1295              	.LASF28:
 1296 033c 4144435F 		.ascii	"ADC_SAR_SEQ_IRQ_GetVector\000"
 1296      5341525F 
ARM GAS  C:\Users\Chuck\AppData\Local\Temp\ccLNUJyV.s 			page 33


 1296      5345515F 
 1296      4952515F 
 1296      47657456 
 1297              	.LASF19:
 1298 0356 4144435F 		.ascii	"ADC_SAR_SEQ_IRQ_Interrupt\000"
 1298      5341525F 
 1298      5345515F 
 1298      4952515F 
 1298      496E7465 
 1299              		.ident	"GCC: (GNU Tools for ARM Embedded Processors) 4.9.3 20150303 (release) [ARM/embedded-4_9-br
