ARM GAS  C:\Users\Chuck\AppData\Local\Temp\ccMFWgi6.s 			page 1


   1              		.cpu cortex-m0
   2              		.fpu softvfp
   3              		.eabi_attribute 20, 1
   4              		.eabi_attribute 21, 1
   5              		.eabi_attribute 23, 3
   6              		.eabi_attribute 24, 1
   7              		.eabi_attribute 25, 1
   8              		.eabi_attribute 26, 1
   9              		.eabi_attribute 30, 6
  10              		.eabi_attribute 34, 0
  11              		.eabi_attribute 18, 4
  12              		.code	16
  13              		.file	"Agnd.c"
  14              		.text
  15              	.Ltext0:
  16              		.cfi_sections	.debug_frame
  17              		.section	.text.Agnd_Write,"ax",%progbits
  18              		.align	2
  19              		.global	Agnd_Write
  20              		.code	16
  21              		.thumb_func
  22              		.type	Agnd_Write, %function
  23              	Agnd_Write:
  24              	.LFB0:
  25              		.file 1 ".\\Generated_Source\\PSoC4\\Agnd.c"
   1:.\Generated_Source\PSoC4/Agnd.c **** /*******************************************************************************
   2:.\Generated_Source\PSoC4/Agnd.c **** * File Name: Agnd.c  
   3:.\Generated_Source\PSoC4/Agnd.c **** * Version 2.0
   4:.\Generated_Source\PSoC4/Agnd.c **** *
   5:.\Generated_Source\PSoC4/Agnd.c **** * Description:
   6:.\Generated_Source\PSoC4/Agnd.c **** *  This file contains API to enable firmware control of a Pins component.
   7:.\Generated_Source\PSoC4/Agnd.c **** *
   8:.\Generated_Source\PSoC4/Agnd.c **** * Note:
   9:.\Generated_Source\PSoC4/Agnd.c **** *
  10:.\Generated_Source\PSoC4/Agnd.c **** ********************************************************************************
  11:.\Generated_Source\PSoC4/Agnd.c **** * Copyright 2008-2014, Cypress Semiconductor Corporation.  All rights reserved.
  12:.\Generated_Source\PSoC4/Agnd.c **** * You may use this file only in accordance with the license, terms, conditions, 
  13:.\Generated_Source\PSoC4/Agnd.c **** * disclaimers, and limitations in the end user license agreement accompanying 
  14:.\Generated_Source\PSoC4/Agnd.c **** * the software package with which this file was provided.
  15:.\Generated_Source\PSoC4/Agnd.c **** *******************************************************************************/
  16:.\Generated_Source\PSoC4/Agnd.c **** 
  17:.\Generated_Source\PSoC4/Agnd.c **** #include "cytypes.h"
  18:.\Generated_Source\PSoC4/Agnd.c **** #include "Agnd.h"
  19:.\Generated_Source\PSoC4/Agnd.c **** 
  20:.\Generated_Source\PSoC4/Agnd.c **** #define SetP4PinDriveMode(shift, mode)  \
  21:.\Generated_Source\PSoC4/Agnd.c ****     do { \
  22:.\Generated_Source\PSoC4/Agnd.c ****         Agnd_PC =   (Agnd_PC & \
  23:.\Generated_Source\PSoC4/Agnd.c ****                                 (uint32)(~(uint32)(Agnd_DRIVE_MODE_IND_MASK << (Agnd_DRIVE_MODE_BIT
  24:.\Generated_Source\PSoC4/Agnd.c ****                                 (uint32)((uint32)(mode) << (Agnd_DRIVE_MODE_BITS * (shift))); \
  25:.\Generated_Source\PSoC4/Agnd.c ****     } while (0)
  26:.\Generated_Source\PSoC4/Agnd.c **** 
  27:.\Generated_Source\PSoC4/Agnd.c **** 
  28:.\Generated_Source\PSoC4/Agnd.c **** /*******************************************************************************
  29:.\Generated_Source\PSoC4/Agnd.c **** * Function Name: Agnd_Write
  30:.\Generated_Source\PSoC4/Agnd.c **** ********************************************************************************
  31:.\Generated_Source\PSoC4/Agnd.c **** *
  32:.\Generated_Source\PSoC4/Agnd.c **** * Summary:
ARM GAS  C:\Users\Chuck\AppData\Local\Temp\ccMFWgi6.s 			page 2


  33:.\Generated_Source\PSoC4/Agnd.c **** *  Assign a new value to the digital port's data output register.  
  34:.\Generated_Source\PSoC4/Agnd.c **** *
  35:.\Generated_Source\PSoC4/Agnd.c **** * Parameters:  
  36:.\Generated_Source\PSoC4/Agnd.c **** *  prtValue:  The value to be assigned to the Digital Port. 
  37:.\Generated_Source\PSoC4/Agnd.c **** *
  38:.\Generated_Source\PSoC4/Agnd.c **** * Return: 
  39:.\Generated_Source\PSoC4/Agnd.c **** *  None 
  40:.\Generated_Source\PSoC4/Agnd.c **** *  
  41:.\Generated_Source\PSoC4/Agnd.c **** *******************************************************************************/
  42:.\Generated_Source\PSoC4/Agnd.c **** void Agnd_Write(uint8 value) 
  43:.\Generated_Source\PSoC4/Agnd.c **** {
  26              		.loc 1 43 0
  27              		.cfi_startproc
  28 0000 80B5     		push	{r7, lr}
  29              		.cfi_def_cfa_offset 8
  30              		.cfi_offset 7, -8
  31              		.cfi_offset 14, -4
  32 0002 84B0     		sub	sp, sp, #16
  33              		.cfi_def_cfa_offset 24
  34 0004 00AF     		add	r7, sp, #0
  35              		.cfi_def_cfa_register 7
  36 0006 021C     		mov	r2, r0
  37 0008 FB1D     		add	r3, r7, #7
  38 000a 1A70     		strb	r2, [r3]
  44:.\Generated_Source\PSoC4/Agnd.c ****     uint8 drVal = (uint8)(Agnd_DR & (uint8)(~Agnd_MASK));
  39              		.loc 1 44 0
  40 000c 0D4B     		ldr	r3, .L2
  41 000e 1B68     		ldr	r3, [r3]
  42 0010 DAB2     		uxtb	r2, r3
  43 0012 0F23     		mov	r3, #15
  44 0014 FB18     		add	r3, r7, r3
  45 0016 0121     		mov	r1, #1
  46 0018 8A43     		bic	r2, r1
  47 001a 1A70     		strb	r2, [r3]
  45:.\Generated_Source\PSoC4/Agnd.c ****     drVal = (drVal | ((uint8)(value << Agnd_SHIFT) & Agnd_MASK));
  48              		.loc 1 45 0
  49 001c FB1D     		add	r3, r7, #7
  50 001e 1B78     		ldrb	r3, [r3]
  51 0020 0122     		mov	r2, #1
  52 0022 1340     		and	r3, r2
  53 0024 D9B2     		uxtb	r1, r3
  54 0026 0F23     		mov	r3, #15
  55 0028 FB18     		add	r3, r7, r3
  56 002a 0F22     		mov	r2, #15
  57 002c BA18     		add	r2, r7, r2
  58 002e 1278     		ldrb	r2, [r2]
  59 0030 0A43     		orr	r2, r1
  60 0032 1A70     		strb	r2, [r3]
  46:.\Generated_Source\PSoC4/Agnd.c ****     Agnd_DR = (uint32)drVal;
  61              		.loc 1 46 0
  62 0034 034B     		ldr	r3, .L2
  63 0036 0F22     		mov	r2, #15
  64 0038 BA18     		add	r2, r7, r2
  65 003a 1278     		ldrb	r2, [r2]
  66 003c 1A60     		str	r2, [r3]
  47:.\Generated_Source\PSoC4/Agnd.c **** }
  67              		.loc 1 47 0
ARM GAS  C:\Users\Chuck\AppData\Local\Temp\ccMFWgi6.s 			page 3


  68 003e BD46     		mov	sp, r7
  69 0040 04B0     		add	sp, sp, #16
  70              		@ sp needed
  71 0042 80BD     		pop	{r7, pc}
  72              	.L3:
  73              		.align	2
  74              	.L2:
  75 0044 00010440 		.word	1074004224
  76              		.cfi_endproc
  77              	.LFE0:
  78              		.size	Agnd_Write, .-Agnd_Write
  79              		.section	.text.Agnd_SetDriveMode,"ax",%progbits
  80              		.align	2
  81              		.global	Agnd_SetDriveMode
  82              		.code	16
  83              		.thumb_func
  84              		.type	Agnd_SetDriveMode, %function
  85              	Agnd_SetDriveMode:
  86              	.LFB1:
  48:.\Generated_Source\PSoC4/Agnd.c **** 
  49:.\Generated_Source\PSoC4/Agnd.c **** 
  50:.\Generated_Source\PSoC4/Agnd.c **** /*******************************************************************************
  51:.\Generated_Source\PSoC4/Agnd.c **** * Function Name: Agnd_SetDriveMode
  52:.\Generated_Source\PSoC4/Agnd.c **** ********************************************************************************
  53:.\Generated_Source\PSoC4/Agnd.c **** *
  54:.\Generated_Source\PSoC4/Agnd.c **** * Summary:
  55:.\Generated_Source\PSoC4/Agnd.c **** *  Change the drive mode on the pins of the port.
  56:.\Generated_Source\PSoC4/Agnd.c **** * 
  57:.\Generated_Source\PSoC4/Agnd.c **** * Parameters:  
  58:.\Generated_Source\PSoC4/Agnd.c **** *  mode:  Change the pins to one of the following drive modes.
  59:.\Generated_Source\PSoC4/Agnd.c **** *
  60:.\Generated_Source\PSoC4/Agnd.c **** *  Agnd_DM_STRONG     Strong Drive 
  61:.\Generated_Source\PSoC4/Agnd.c **** *  Agnd_DM_OD_HI      Open Drain, Drives High 
  62:.\Generated_Source\PSoC4/Agnd.c **** *  Agnd_DM_OD_LO      Open Drain, Drives Low 
  63:.\Generated_Source\PSoC4/Agnd.c **** *  Agnd_DM_RES_UP     Resistive Pull Up 
  64:.\Generated_Source\PSoC4/Agnd.c **** *  Agnd_DM_RES_DWN    Resistive Pull Down 
  65:.\Generated_Source\PSoC4/Agnd.c **** *  Agnd_DM_RES_UPDWN  Resistive Pull Up/Down 
  66:.\Generated_Source\PSoC4/Agnd.c **** *  Agnd_DM_DIG_HIZ    High Impedance Digital 
  67:.\Generated_Source\PSoC4/Agnd.c **** *  Agnd_DM_ALG_HIZ    High Impedance Analog 
  68:.\Generated_Source\PSoC4/Agnd.c **** *
  69:.\Generated_Source\PSoC4/Agnd.c **** * Return: 
  70:.\Generated_Source\PSoC4/Agnd.c **** *  None
  71:.\Generated_Source\PSoC4/Agnd.c **** *
  72:.\Generated_Source\PSoC4/Agnd.c **** *******************************************************************************/
  73:.\Generated_Source\PSoC4/Agnd.c **** void Agnd_SetDriveMode(uint8 mode) 
  74:.\Generated_Source\PSoC4/Agnd.c **** {
  87              		.loc 1 74 0
  88              		.cfi_startproc
  89 0000 80B5     		push	{r7, lr}
  90              		.cfi_def_cfa_offset 8
  91              		.cfi_offset 7, -8
  92              		.cfi_offset 14, -4
  93 0002 82B0     		sub	sp, sp, #8
  94              		.cfi_def_cfa_offset 16
  95 0004 00AF     		add	r7, sp, #0
  96              		.cfi_def_cfa_register 7
  97 0006 021C     		mov	r2, r0
ARM GAS  C:\Users\Chuck\AppData\Local\Temp\ccMFWgi6.s 			page 4


  98 0008 FB1D     		add	r3, r7, #7
  99 000a 1A70     		strb	r2, [r3]
  75:.\Generated_Source\PSoC4/Agnd.c **** 	SetP4PinDriveMode(Agnd__0__SHIFT, mode);
 100              		.loc 1 75 0
 101 000c 064B     		ldr	r3, .L5
 102 000e 064A     		ldr	r2, .L5
 103 0010 1268     		ldr	r2, [r2]
 104 0012 0721     		mov	r1, #7
 105 0014 8A43     		bic	r2, r1
 106 0016 111C     		mov	r1, r2
 107 0018 FA1D     		add	r2, r7, #7
 108 001a 1278     		ldrb	r2, [r2]
 109 001c 0A43     		orr	r2, r1
 110 001e 1A60     		str	r2, [r3]
  76:.\Generated_Source\PSoC4/Agnd.c **** }
 111              		.loc 1 76 0
 112 0020 BD46     		mov	sp, r7
 113 0022 02B0     		add	sp, sp, #8
 114              		@ sp needed
 115 0024 80BD     		pop	{r7, pc}
 116              	.L6:
 117 0026 C046     		.align	2
 118              	.L5:
 119 0028 08010440 		.word	1074004232
 120              		.cfi_endproc
 121              	.LFE1:
 122              		.size	Agnd_SetDriveMode, .-Agnd_SetDriveMode
 123              		.section	.text.Agnd_Read,"ax",%progbits
 124              		.align	2
 125              		.global	Agnd_Read
 126              		.code	16
 127              		.thumb_func
 128              		.type	Agnd_Read, %function
 129              	Agnd_Read:
 130              	.LFB2:
  77:.\Generated_Source\PSoC4/Agnd.c **** 
  78:.\Generated_Source\PSoC4/Agnd.c **** 
  79:.\Generated_Source\PSoC4/Agnd.c **** /*******************************************************************************
  80:.\Generated_Source\PSoC4/Agnd.c **** * Function Name: Agnd_Read
  81:.\Generated_Source\PSoC4/Agnd.c **** ********************************************************************************
  82:.\Generated_Source\PSoC4/Agnd.c **** *
  83:.\Generated_Source\PSoC4/Agnd.c **** * Summary:
  84:.\Generated_Source\PSoC4/Agnd.c **** *  Read the current value on the pins of the Digital Port in right justified 
  85:.\Generated_Source\PSoC4/Agnd.c **** *  form.
  86:.\Generated_Source\PSoC4/Agnd.c **** *
  87:.\Generated_Source\PSoC4/Agnd.c **** * Parameters:  
  88:.\Generated_Source\PSoC4/Agnd.c **** *  None 
  89:.\Generated_Source\PSoC4/Agnd.c **** *
  90:.\Generated_Source\PSoC4/Agnd.c **** * Return: 
  91:.\Generated_Source\PSoC4/Agnd.c **** *  Returns the current value of the Digital Port as a right justified number
  92:.\Generated_Source\PSoC4/Agnd.c **** *  
  93:.\Generated_Source\PSoC4/Agnd.c **** * Note:
  94:.\Generated_Source\PSoC4/Agnd.c **** *  Macro Agnd_ReadPS calls this function. 
  95:.\Generated_Source\PSoC4/Agnd.c **** *  
  96:.\Generated_Source\PSoC4/Agnd.c **** *******************************************************************************/
  97:.\Generated_Source\PSoC4/Agnd.c **** uint8 Agnd_Read(void) 
  98:.\Generated_Source\PSoC4/Agnd.c **** {
ARM GAS  C:\Users\Chuck\AppData\Local\Temp\ccMFWgi6.s 			page 5


 131              		.loc 1 98 0
 132              		.cfi_startproc
 133 0000 80B5     		push	{r7, lr}
 134              		.cfi_def_cfa_offset 8
 135              		.cfi_offset 7, -8
 136              		.cfi_offset 14, -4
 137 0002 00AF     		add	r7, sp, #0
 138              		.cfi_def_cfa_register 7
  99:.\Generated_Source\PSoC4/Agnd.c ****     return (uint8)((Agnd_PS & Agnd_MASK) >> Agnd_SHIFT);
 139              		.loc 1 99 0
 140 0004 044B     		ldr	r3, .L9
 141 0006 1B68     		ldr	r3, [r3]
 142 0008 DBB2     		uxtb	r3, r3
 143 000a 0122     		mov	r2, #1
 144 000c 1340     		and	r3, r2
 145 000e DBB2     		uxtb	r3, r3
 100:.\Generated_Source\PSoC4/Agnd.c **** }
 146              		.loc 1 100 0
 147 0010 181C     		mov	r0, r3
 148 0012 BD46     		mov	sp, r7
 149              		@ sp needed
 150 0014 80BD     		pop	{r7, pc}
 151              	.L10:
 152 0016 C046     		.align	2
 153              	.L9:
 154 0018 04010440 		.word	1074004228
 155              		.cfi_endproc
 156              	.LFE2:
 157              		.size	Agnd_Read, .-Agnd_Read
 158              		.section	.text.Agnd_ReadDataReg,"ax",%progbits
 159              		.align	2
 160              		.global	Agnd_ReadDataReg
 161              		.code	16
 162              		.thumb_func
 163              		.type	Agnd_ReadDataReg, %function
 164              	Agnd_ReadDataReg:
 165              	.LFB3:
 101:.\Generated_Source\PSoC4/Agnd.c **** 
 102:.\Generated_Source\PSoC4/Agnd.c **** 
 103:.\Generated_Source\PSoC4/Agnd.c **** /*******************************************************************************
 104:.\Generated_Source\PSoC4/Agnd.c **** * Function Name: Agnd_ReadDataReg
 105:.\Generated_Source\PSoC4/Agnd.c **** ********************************************************************************
 106:.\Generated_Source\PSoC4/Agnd.c **** *
 107:.\Generated_Source\PSoC4/Agnd.c **** * Summary:
 108:.\Generated_Source\PSoC4/Agnd.c **** *  Read the current value assigned to a Digital Port's data output register
 109:.\Generated_Source\PSoC4/Agnd.c **** *
 110:.\Generated_Source\PSoC4/Agnd.c **** * Parameters:  
 111:.\Generated_Source\PSoC4/Agnd.c **** *  None 
 112:.\Generated_Source\PSoC4/Agnd.c **** *
 113:.\Generated_Source\PSoC4/Agnd.c **** * Return: 
 114:.\Generated_Source\PSoC4/Agnd.c **** *  Returns the current value assigned to the Digital Port's data output register
 115:.\Generated_Source\PSoC4/Agnd.c **** *  
 116:.\Generated_Source\PSoC4/Agnd.c **** *******************************************************************************/
 117:.\Generated_Source\PSoC4/Agnd.c **** uint8 Agnd_ReadDataReg(void) 
 118:.\Generated_Source\PSoC4/Agnd.c **** {
 166              		.loc 1 118 0
 167              		.cfi_startproc
ARM GAS  C:\Users\Chuck\AppData\Local\Temp\ccMFWgi6.s 			page 6


 168 0000 80B5     		push	{r7, lr}
 169              		.cfi_def_cfa_offset 8
 170              		.cfi_offset 7, -8
 171              		.cfi_offset 14, -4
 172 0002 00AF     		add	r7, sp, #0
 173              		.cfi_def_cfa_register 7
 119:.\Generated_Source\PSoC4/Agnd.c ****     return (uint8)((Agnd_DR & Agnd_MASK) >> Agnd_SHIFT);
 174              		.loc 1 119 0
 175 0004 044B     		ldr	r3, .L13
 176 0006 1B68     		ldr	r3, [r3]
 177 0008 DBB2     		uxtb	r3, r3
 178 000a 0122     		mov	r2, #1
 179 000c 1340     		and	r3, r2
 180 000e DBB2     		uxtb	r3, r3
 120:.\Generated_Source\PSoC4/Agnd.c **** }
 181              		.loc 1 120 0
 182 0010 181C     		mov	r0, r3
 183 0012 BD46     		mov	sp, r7
 184              		@ sp needed
 185 0014 80BD     		pop	{r7, pc}
 186              	.L14:
 187 0016 C046     		.align	2
 188              	.L13:
 189 0018 00010440 		.word	1074004224
 190              		.cfi_endproc
 191              	.LFE3:
 192              		.size	Agnd_ReadDataReg, .-Agnd_ReadDataReg
 193              		.section	.text.Agnd_ClearInterrupt,"ax",%progbits
 194              		.align	2
 195              		.global	Agnd_ClearInterrupt
 196              		.code	16
 197              		.thumb_func
 198              		.type	Agnd_ClearInterrupt, %function
 199              	Agnd_ClearInterrupt:
 200              	.LFB4:
 121:.\Generated_Source\PSoC4/Agnd.c **** 
 122:.\Generated_Source\PSoC4/Agnd.c **** 
 123:.\Generated_Source\PSoC4/Agnd.c **** /* If Interrupts Are Enabled for this Pins component */ 
 124:.\Generated_Source\PSoC4/Agnd.c **** #if defined(Agnd_INTSTAT) 
 125:.\Generated_Source\PSoC4/Agnd.c **** 
 126:.\Generated_Source\PSoC4/Agnd.c ****     /*******************************************************************************
 127:.\Generated_Source\PSoC4/Agnd.c ****     * Function Name: Agnd_ClearInterrupt
 128:.\Generated_Source\PSoC4/Agnd.c ****     ********************************************************************************
 129:.\Generated_Source\PSoC4/Agnd.c ****     *
 130:.\Generated_Source\PSoC4/Agnd.c ****     * Summary:
 131:.\Generated_Source\PSoC4/Agnd.c ****     *  Clears any active interrupts attached to port and returns the value of the 
 132:.\Generated_Source\PSoC4/Agnd.c ****     *  interrupt status register.
 133:.\Generated_Source\PSoC4/Agnd.c ****     *
 134:.\Generated_Source\PSoC4/Agnd.c ****     * Parameters:  
 135:.\Generated_Source\PSoC4/Agnd.c ****     *  None 
 136:.\Generated_Source\PSoC4/Agnd.c ****     *
 137:.\Generated_Source\PSoC4/Agnd.c ****     * Return: 
 138:.\Generated_Source\PSoC4/Agnd.c ****     *  Returns the value of the interrupt status register
 139:.\Generated_Source\PSoC4/Agnd.c ****     *  
 140:.\Generated_Source\PSoC4/Agnd.c ****     *******************************************************************************/
 141:.\Generated_Source\PSoC4/Agnd.c ****     uint8 Agnd_ClearInterrupt(void) 
 142:.\Generated_Source\PSoC4/Agnd.c ****     {
ARM GAS  C:\Users\Chuck\AppData\Local\Temp\ccMFWgi6.s 			page 7


 201              		.loc 1 142 0
 202              		.cfi_startproc
 203 0000 80B5     		push	{r7, lr}
 204              		.cfi_def_cfa_offset 8
 205              		.cfi_offset 7, -8
 206              		.cfi_offset 14, -4
 207 0002 82B0     		sub	sp, sp, #8
 208              		.cfi_def_cfa_offset 16
 209 0004 00AF     		add	r7, sp, #0
 210              		.cfi_def_cfa_register 7
 143:.\Generated_Source\PSoC4/Agnd.c **** 		uint8 maskedStatus = (uint8)(Agnd_INTSTAT & Agnd_MASK);
 211              		.loc 1 143 0
 212 0006 084B     		ldr	r3, .L17
 213 0008 1B68     		ldr	r3, [r3]
 214 000a DAB2     		uxtb	r2, r3
 215 000c FB1D     		add	r3, r7, #7
 216 000e 0121     		mov	r1, #1
 217 0010 0A40     		and	r2, r1
 218 0012 1A70     		strb	r2, [r3]
 144:.\Generated_Source\PSoC4/Agnd.c **** 		Agnd_INTSTAT = maskedStatus;
 219              		.loc 1 144 0
 220 0014 044B     		ldr	r3, .L17
 221 0016 FA1D     		add	r2, r7, #7
 222 0018 1278     		ldrb	r2, [r2]
 223 001a 1A60     		str	r2, [r3]
 145:.\Generated_Source\PSoC4/Agnd.c ****         return maskedStatus >> Agnd_SHIFT;
 224              		.loc 1 145 0
 225 001c FB1D     		add	r3, r7, #7
 226 001e 1B78     		ldrb	r3, [r3]
 146:.\Generated_Source\PSoC4/Agnd.c ****     }
 227              		.loc 1 146 0
 228 0020 181C     		mov	r0, r3
 229 0022 BD46     		mov	sp, r7
 230 0024 02B0     		add	sp, sp, #8
 231              		@ sp needed
 232 0026 80BD     		pop	{r7, pc}
 233              	.L18:
 234              		.align	2
 235              	.L17:
 236 0028 10010440 		.word	1074004240
 237              		.cfi_endproc
 238              	.LFE4:
 239              		.size	Agnd_ClearInterrupt, .-Agnd_ClearInterrupt
 240              		.text
 241              	.Letext0:
 242              		.file 2 ".\\Generated_Source\\PSoC4\\cytypes.h"
 243              		.section	.debug_info,"",%progbits
 244              	.Ldebug_info0:
 245 0000 47010000 		.4byte	0x147
 246 0004 0400     		.2byte	0x4
 247 0006 00000000 		.4byte	.Ldebug_abbrev0
 248 000a 04       		.byte	0x4
 249 000b 01       		.uleb128 0x1
 250 000c A7000000 		.4byte	.LASF24
 251 0010 01       		.byte	0x1
 252 0011 14020000 		.4byte	.LASF25
 253 0015 19000000 		.4byte	.LASF26
ARM GAS  C:\Users\Chuck\AppData\Local\Temp\ccMFWgi6.s 			page 8


 254 0019 00000000 		.4byte	.Ldebug_ranges0+0
 255 001d 00000000 		.4byte	0
 256 0021 00000000 		.4byte	.Ldebug_line0
 257 0025 02       		.uleb128 0x2
 258 0026 01       		.byte	0x1
 259 0027 06       		.byte	0x6
 260 0028 F7010000 		.4byte	.LASF0
 261 002c 02       		.uleb128 0x2
 262 002d 01       		.byte	0x1
 263 002e 08       		.byte	0x8
 264 002f 50000000 		.4byte	.LASF1
 265 0033 02       		.uleb128 0x2
 266 0034 02       		.byte	0x2
 267 0035 05       		.byte	0x5
 268 0036 DE010000 		.4byte	.LASF2
 269 003a 02       		.uleb128 0x2
 270 003b 02       		.byte	0x2
 271 003c 07       		.byte	0x7
 272 003d 76000000 		.4byte	.LASF3
 273 0041 02       		.uleb128 0x2
 274 0042 04       		.byte	0x4
 275 0043 05       		.byte	0x5
 276 0044 EE010000 		.4byte	.LASF4
 277 0048 02       		.uleb128 0x2
 278 0049 04       		.byte	0x4
 279 004a 07       		.byte	0x7
 280 004b 64000000 		.4byte	.LASF5
 281 004f 02       		.uleb128 0x2
 282 0050 08       		.byte	0x8
 283 0051 05       		.byte	0x5
 284 0052 B9010000 		.4byte	.LASF6
 285 0056 02       		.uleb128 0x2
 286 0057 08       		.byte	0x8
 287 0058 07       		.byte	0x7
 288 0059 9D010000 		.4byte	.LASF7
 289 005d 03       		.uleb128 0x3
 290 005e 04       		.byte	0x4
 291 005f 05       		.byte	0x5
 292 0060 696E7400 		.ascii	"int\000"
 293 0064 02       		.uleb128 0x2
 294 0065 04       		.byte	0x4
 295 0066 07       		.byte	0x7
 296 0067 90010000 		.4byte	.LASF8
 297 006b 04       		.uleb128 0x4
 298 006c E8010000 		.4byte	.LASF9
 299 0070 02       		.byte	0x2
 300 0071 5B       		.byte	0x5b
 301 0072 2C000000 		.4byte	0x2c
 302 0076 04       		.uleb128 0x4
 303 0077 89010000 		.4byte	.LASF10
 304 007b 02       		.byte	0x2
 305 007c 5D       		.byte	0x5d
 306 007d 48000000 		.4byte	0x48
 307 0081 02       		.uleb128 0x2
 308 0082 04       		.byte	0x4
 309 0083 04       		.byte	0x4
 310 0084 4A000000 		.4byte	.LASF11
ARM GAS  C:\Users\Chuck\AppData\Local\Temp\ccMFWgi6.s 			page 9


 311 0088 02       		.uleb128 0x2
 312 0089 08       		.byte	0x8
 313 008a 04       		.byte	0x4
 314 008b 82010000 		.4byte	.LASF12
 315 008f 02       		.uleb128 0x2
 316 0090 01       		.byte	0x1
 317 0091 08       		.byte	0x8
 318 0092 D9010000 		.4byte	.LASF13
 319 0096 04       		.uleb128 0x4
 320 0097 00000000 		.4byte	.LASF14
 321 009b 02       		.byte	0x2
 322 009c F2       		.byte	0xf2
 323 009d A1000000 		.4byte	0xa1
 324 00a1 05       		.uleb128 0x5
 325 00a2 76000000 		.4byte	0x76
 326 00a6 06       		.uleb128 0x6
 327 00a7 3F000000 		.4byte	.LASF15
 328 00ab 01       		.byte	0x1
 329 00ac 2A       		.byte	0x2a
 330 00ad 00000000 		.4byte	.LFB0
 331 00b1 48000000 		.4byte	.LFE0-.LFB0
 332 00b5 01       		.uleb128 0x1
 333 00b6 9C       		.byte	0x9c
 334 00b7 D8000000 		.4byte	0xd8
 335 00bb 07       		.uleb128 0x7
 336 00bc 13000000 		.4byte	.LASF17
 337 00c0 01       		.byte	0x1
 338 00c1 2A       		.byte	0x2a
 339 00c2 6B000000 		.4byte	0x6b
 340 00c6 02       		.uleb128 0x2
 341 00c7 91       		.byte	0x91
 342 00c8 6F       		.sleb128 -17
 343 00c9 08       		.uleb128 0x8
 344 00ca 5E000000 		.4byte	.LASF22
 345 00ce 01       		.byte	0x1
 346 00cf 2C       		.byte	0x2c
 347 00d0 6B000000 		.4byte	0x6b
 348 00d4 02       		.uleb128 0x2
 349 00d5 91       		.byte	0x91
 350 00d6 77       		.sleb128 -9
 351 00d7 00       		.byte	0
 352 00d8 06       		.uleb128 0x6
 353 00d9 C7010000 		.4byte	.LASF16
 354 00dd 01       		.byte	0x1
 355 00de 49       		.byte	0x49
 356 00df 00000000 		.4byte	.LFB1
 357 00e3 2C000000 		.4byte	.LFE1-.LFB1
 358 00e7 01       		.uleb128 0x1
 359 00e8 9C       		.byte	0x9c
 360 00e9 FC000000 		.4byte	0xfc
 361 00ed 07       		.uleb128 0x7
 362 00ee B4010000 		.4byte	.LASF18
 363 00f2 01       		.byte	0x1
 364 00f3 49       		.byte	0x49
 365 00f4 6B000000 		.4byte	0x6b
 366 00f8 02       		.uleb128 0x2
 367 00f9 91       		.byte	0x91
ARM GAS  C:\Users\Chuck\AppData\Local\Temp\ccMFWgi6.s 			page 10


 368 00fa 77       		.sleb128 -9
 369 00fb 00       		.byte	0
 370 00fc 09       		.uleb128 0x9
 371 00fd 89000000 		.4byte	.LASF19
 372 0101 01       		.byte	0x1
 373 0102 61       		.byte	0x61
 374 0103 6B000000 		.4byte	0x6b
 375 0107 00000000 		.4byte	.LFB2
 376 010b 1C000000 		.4byte	.LFE2-.LFB2
 377 010f 01       		.uleb128 0x1
 378 0110 9C       		.byte	0x9c
 379 0111 09       		.uleb128 0x9
 380 0112 03020000 		.4byte	.LASF20
 381 0116 01       		.byte	0x1
 382 0117 75       		.byte	0x75
 383 0118 6B000000 		.4byte	0x6b
 384 011c 00000000 		.4byte	.LFB3
 385 0120 1C000000 		.4byte	.LFE3-.LFB3
 386 0124 01       		.uleb128 0x1
 387 0125 9C       		.byte	0x9c
 388 0126 0A       		.uleb128 0xa
 389 0127 93000000 		.4byte	.LASF21
 390 012b 01       		.byte	0x1
 391 012c 8D       		.byte	0x8d
 392 012d 6B000000 		.4byte	0x6b
 393 0131 00000000 		.4byte	.LFB4
 394 0135 2C000000 		.4byte	.LFE4-.LFB4
 395 0139 01       		.uleb128 0x1
 396 013a 9C       		.byte	0x9c
 397 013b 08       		.uleb128 0x8
 398 013c 06000000 		.4byte	.LASF23
 399 0140 01       		.byte	0x1
 400 0141 8F       		.byte	0x8f
 401 0142 6B000000 		.4byte	0x6b
 402 0146 02       		.uleb128 0x2
 403 0147 91       		.byte	0x91
 404 0148 77       		.sleb128 -9
 405 0149 00       		.byte	0
 406 014a 00       		.byte	0
 407              		.section	.debug_abbrev,"",%progbits
 408              	.Ldebug_abbrev0:
 409 0000 01       		.uleb128 0x1
 410 0001 11       		.uleb128 0x11
 411 0002 01       		.byte	0x1
 412 0003 25       		.uleb128 0x25
 413 0004 0E       		.uleb128 0xe
 414 0005 13       		.uleb128 0x13
 415 0006 0B       		.uleb128 0xb
 416 0007 03       		.uleb128 0x3
 417 0008 0E       		.uleb128 0xe
 418 0009 1B       		.uleb128 0x1b
 419 000a 0E       		.uleb128 0xe
 420 000b 55       		.uleb128 0x55
 421 000c 17       		.uleb128 0x17
 422 000d 11       		.uleb128 0x11
 423 000e 01       		.uleb128 0x1
 424 000f 10       		.uleb128 0x10
ARM GAS  C:\Users\Chuck\AppData\Local\Temp\ccMFWgi6.s 			page 11


 425 0010 17       		.uleb128 0x17
 426 0011 00       		.byte	0
 427 0012 00       		.byte	0
 428 0013 02       		.uleb128 0x2
 429 0014 24       		.uleb128 0x24
 430 0015 00       		.byte	0
 431 0016 0B       		.uleb128 0xb
 432 0017 0B       		.uleb128 0xb
 433 0018 3E       		.uleb128 0x3e
 434 0019 0B       		.uleb128 0xb
 435 001a 03       		.uleb128 0x3
 436 001b 0E       		.uleb128 0xe
 437 001c 00       		.byte	0
 438 001d 00       		.byte	0
 439 001e 03       		.uleb128 0x3
 440 001f 24       		.uleb128 0x24
 441 0020 00       		.byte	0
 442 0021 0B       		.uleb128 0xb
 443 0022 0B       		.uleb128 0xb
 444 0023 3E       		.uleb128 0x3e
 445 0024 0B       		.uleb128 0xb
 446 0025 03       		.uleb128 0x3
 447 0026 08       		.uleb128 0x8
 448 0027 00       		.byte	0
 449 0028 00       		.byte	0
 450 0029 04       		.uleb128 0x4
 451 002a 16       		.uleb128 0x16
 452 002b 00       		.byte	0
 453 002c 03       		.uleb128 0x3
 454 002d 0E       		.uleb128 0xe
 455 002e 3A       		.uleb128 0x3a
 456 002f 0B       		.uleb128 0xb
 457 0030 3B       		.uleb128 0x3b
 458 0031 0B       		.uleb128 0xb
 459 0032 49       		.uleb128 0x49
 460 0033 13       		.uleb128 0x13
 461 0034 00       		.byte	0
 462 0035 00       		.byte	0
 463 0036 05       		.uleb128 0x5
 464 0037 35       		.uleb128 0x35
 465 0038 00       		.byte	0
 466 0039 49       		.uleb128 0x49
 467 003a 13       		.uleb128 0x13
 468 003b 00       		.byte	0
 469 003c 00       		.byte	0
 470 003d 06       		.uleb128 0x6
 471 003e 2E       		.uleb128 0x2e
 472 003f 01       		.byte	0x1
 473 0040 3F       		.uleb128 0x3f
 474 0041 19       		.uleb128 0x19
 475 0042 03       		.uleb128 0x3
 476 0043 0E       		.uleb128 0xe
 477 0044 3A       		.uleb128 0x3a
 478 0045 0B       		.uleb128 0xb
 479 0046 3B       		.uleb128 0x3b
 480 0047 0B       		.uleb128 0xb
 481 0048 27       		.uleb128 0x27
ARM GAS  C:\Users\Chuck\AppData\Local\Temp\ccMFWgi6.s 			page 12


 482 0049 19       		.uleb128 0x19
 483 004a 11       		.uleb128 0x11
 484 004b 01       		.uleb128 0x1
 485 004c 12       		.uleb128 0x12
 486 004d 06       		.uleb128 0x6
 487 004e 40       		.uleb128 0x40
 488 004f 18       		.uleb128 0x18
 489 0050 9742     		.uleb128 0x2117
 490 0052 19       		.uleb128 0x19
 491 0053 01       		.uleb128 0x1
 492 0054 13       		.uleb128 0x13
 493 0055 00       		.byte	0
 494 0056 00       		.byte	0
 495 0057 07       		.uleb128 0x7
 496 0058 05       		.uleb128 0x5
 497 0059 00       		.byte	0
 498 005a 03       		.uleb128 0x3
 499 005b 0E       		.uleb128 0xe
 500 005c 3A       		.uleb128 0x3a
 501 005d 0B       		.uleb128 0xb
 502 005e 3B       		.uleb128 0x3b
 503 005f 0B       		.uleb128 0xb
 504 0060 49       		.uleb128 0x49
 505 0061 13       		.uleb128 0x13
 506 0062 02       		.uleb128 0x2
 507 0063 18       		.uleb128 0x18
 508 0064 00       		.byte	0
 509 0065 00       		.byte	0
 510 0066 08       		.uleb128 0x8
 511 0067 34       		.uleb128 0x34
 512 0068 00       		.byte	0
 513 0069 03       		.uleb128 0x3
 514 006a 0E       		.uleb128 0xe
 515 006b 3A       		.uleb128 0x3a
 516 006c 0B       		.uleb128 0xb
 517 006d 3B       		.uleb128 0x3b
 518 006e 0B       		.uleb128 0xb
 519 006f 49       		.uleb128 0x49
 520 0070 13       		.uleb128 0x13
 521 0071 02       		.uleb128 0x2
 522 0072 18       		.uleb128 0x18
 523 0073 00       		.byte	0
 524 0074 00       		.byte	0
 525 0075 09       		.uleb128 0x9
 526 0076 2E       		.uleb128 0x2e
 527 0077 00       		.byte	0
 528 0078 3F       		.uleb128 0x3f
 529 0079 19       		.uleb128 0x19
 530 007a 03       		.uleb128 0x3
 531 007b 0E       		.uleb128 0xe
 532 007c 3A       		.uleb128 0x3a
 533 007d 0B       		.uleb128 0xb
 534 007e 3B       		.uleb128 0x3b
 535 007f 0B       		.uleb128 0xb
 536 0080 27       		.uleb128 0x27
 537 0081 19       		.uleb128 0x19
 538 0082 49       		.uleb128 0x49
ARM GAS  C:\Users\Chuck\AppData\Local\Temp\ccMFWgi6.s 			page 13


 539 0083 13       		.uleb128 0x13
 540 0084 11       		.uleb128 0x11
 541 0085 01       		.uleb128 0x1
 542 0086 12       		.uleb128 0x12
 543 0087 06       		.uleb128 0x6
 544 0088 40       		.uleb128 0x40
 545 0089 18       		.uleb128 0x18
 546 008a 9742     		.uleb128 0x2117
 547 008c 19       		.uleb128 0x19
 548 008d 00       		.byte	0
 549 008e 00       		.byte	0
 550 008f 0A       		.uleb128 0xa
 551 0090 2E       		.uleb128 0x2e
 552 0091 01       		.byte	0x1
 553 0092 3F       		.uleb128 0x3f
 554 0093 19       		.uleb128 0x19
 555 0094 03       		.uleb128 0x3
 556 0095 0E       		.uleb128 0xe
 557 0096 3A       		.uleb128 0x3a
 558 0097 0B       		.uleb128 0xb
 559 0098 3B       		.uleb128 0x3b
 560 0099 0B       		.uleb128 0xb
 561 009a 27       		.uleb128 0x27
 562 009b 19       		.uleb128 0x19
 563 009c 49       		.uleb128 0x49
 564 009d 13       		.uleb128 0x13
 565 009e 11       		.uleb128 0x11
 566 009f 01       		.uleb128 0x1
 567 00a0 12       		.uleb128 0x12
 568 00a1 06       		.uleb128 0x6
 569 00a2 40       		.uleb128 0x40
 570 00a3 18       		.uleb128 0x18
 571 00a4 9742     		.uleb128 0x2117
 572 00a6 19       		.uleb128 0x19
 573 00a7 00       		.byte	0
 574 00a8 00       		.byte	0
 575 00a9 00       		.byte	0
 576              		.section	.debug_aranges,"",%progbits
 577 0000 3C000000 		.4byte	0x3c
 578 0004 0200     		.2byte	0x2
 579 0006 00000000 		.4byte	.Ldebug_info0
 580 000a 04       		.byte	0x4
 581 000b 00       		.byte	0
 582 000c 0000     		.2byte	0
 583 000e 0000     		.2byte	0
 584 0010 00000000 		.4byte	.LFB0
 585 0014 48000000 		.4byte	.LFE0-.LFB0
 586 0018 00000000 		.4byte	.LFB1
 587 001c 2C000000 		.4byte	.LFE1-.LFB1
 588 0020 00000000 		.4byte	.LFB2
 589 0024 1C000000 		.4byte	.LFE2-.LFB2
 590 0028 00000000 		.4byte	.LFB3
 591 002c 1C000000 		.4byte	.LFE3-.LFB3
 592 0030 00000000 		.4byte	.LFB4
 593 0034 2C000000 		.4byte	.LFE4-.LFB4
 594 0038 00000000 		.4byte	0
 595 003c 00000000 		.4byte	0
ARM GAS  C:\Users\Chuck\AppData\Local\Temp\ccMFWgi6.s 			page 14


 596              		.section	.debug_ranges,"",%progbits
 597              	.Ldebug_ranges0:
 598 0000 00000000 		.4byte	.LFB0
 599 0004 48000000 		.4byte	.LFE0
 600 0008 00000000 		.4byte	.LFB1
 601 000c 2C000000 		.4byte	.LFE1
 602 0010 00000000 		.4byte	.LFB2
 603 0014 1C000000 		.4byte	.LFE2
 604 0018 00000000 		.4byte	.LFB3
 605 001c 1C000000 		.4byte	.LFE3
 606 0020 00000000 		.4byte	.LFB4
 607 0024 2C000000 		.4byte	.LFE4
 608 0028 00000000 		.4byte	0
 609 002c 00000000 		.4byte	0
 610              		.section	.debug_line,"",%progbits
 611              	.Ldebug_line0:
 612 0000 A6000000 		.section	.debug_str,"MS",%progbits,1
 612      02004300 
 612      00000201 
 612      FB0E0D00 
 612      01010101 
 613              	.LASF14:
 614 0000 72656733 		.ascii	"reg32\000"
 614      3200
 615              	.LASF23:
 616 0006 6D61736B 		.ascii	"maskedStatus\000"
 616      65645374 
 616      61747573 
 616      00
 617              	.LASF17:
 618 0013 76616C75 		.ascii	"value\000"
 618      6500
 619              	.LASF26:
 620 0019 453A5C50 		.ascii	"E:\\PSoC\\RosOnAStick\\RosOnAStick.cydsn\000"
 620      536F435C 
 620      526F734F 
 620      6E415374 
 620      69636B5C 
 621              	.LASF15:
 622 003f 41676E64 		.ascii	"Agnd_Write\000"
 622      5F577269 
 622      746500
 623              	.LASF11:
 624 004a 666C6F61 		.ascii	"float\000"
 624      7400
 625              	.LASF1:
 626 0050 756E7369 		.ascii	"unsigned char\000"
 626      676E6564 
 626      20636861 
 626      7200
 627              	.LASF22:
 628 005e 64725661 		.ascii	"drVal\000"
 628      6C00
 629              	.LASF5:
 630 0064 6C6F6E67 		.ascii	"long unsigned int\000"
 630      20756E73 
 630      69676E65 
ARM GAS  C:\Users\Chuck\AppData\Local\Temp\ccMFWgi6.s 			page 15


 630      6420696E 
 630      7400
 631              	.LASF3:
 632 0076 73686F72 		.ascii	"short unsigned int\000"
 632      7420756E 
 632      7369676E 
 632      65642069 
 632      6E7400
 633              	.LASF19:
 634 0089 41676E64 		.ascii	"Agnd_Read\000"
 634      5F526561 
 634      6400
 635              	.LASF21:
 636 0093 41676E64 		.ascii	"Agnd_ClearInterrupt\000"
 636      5F436C65 
 636      6172496E 
 636      74657272 
 636      75707400 
 637              	.LASF24:
 638 00a7 474E5520 		.ascii	"GNU C 4.9.3 20150303 (release) [ARM/embedded-4_9-br"
 638      4320342E 
 638      392E3320 
 638      32303135 
 638      30333033 
 639 00da 616E6368 		.ascii	"anch revision 221220] -mcpu=cortex-m0 -mthumb -g -O"
 639      20726576 
 639      6973696F 
 639      6E203232 
 639      31323230 
 640 010d 30202D66 		.ascii	"0 -ffunction-sections -ffat-lto-objects -fno-rtti -"
 640      66756E63 
 640      74696F6E 
 640      2D736563 
 640      74696F6E 
 641 0140 666E6F2D 		.ascii	"fno-exceptions -funsigned-char -funsigned-bitfields"
 641      65786365 
 641      7074696F 
 641      6E73202D 
 641      66756E73 
 642 0173 202D6673 		.ascii	" -fshort-enums\000"
 642      686F7274 
 642      2D656E75 
 642      6D7300
 643              	.LASF12:
 644 0182 646F7562 		.ascii	"double\000"
 644      6C6500
 645              	.LASF10:
 646 0189 75696E74 		.ascii	"uint32\000"
 646      333200
 647              	.LASF8:
 648 0190 756E7369 		.ascii	"unsigned int\000"
 648      676E6564 
 648      20696E74 
 648      00
 649              	.LASF7:
 650 019d 6C6F6E67 		.ascii	"long long unsigned int\000"
 650      206C6F6E 
ARM GAS  C:\Users\Chuck\AppData\Local\Temp\ccMFWgi6.s 			page 16


 650      6720756E 
 650      7369676E 
 650      65642069 
 651              	.LASF18:
 652 01b4 6D6F6465 		.ascii	"mode\000"
 652      00
 653              	.LASF6:
 654 01b9 6C6F6E67 		.ascii	"long long int\000"
 654      206C6F6E 
 654      6720696E 
 654      7400
 655              	.LASF16:
 656 01c7 41676E64 		.ascii	"Agnd_SetDriveMode\000"
 656      5F536574 
 656      44726976 
 656      654D6F64 
 656      6500
 657              	.LASF13:
 658 01d9 63686172 		.ascii	"char\000"
 658      00
 659              	.LASF2:
 660 01de 73686F72 		.ascii	"short int\000"
 660      7420696E 
 660      7400
 661              	.LASF9:
 662 01e8 75696E74 		.ascii	"uint8\000"
 662      3800
 663              	.LASF4:
 664 01ee 6C6F6E67 		.ascii	"long int\000"
 664      20696E74 
 664      00
 665              	.LASF0:
 666 01f7 7369676E 		.ascii	"signed char\000"
 666      65642063 
 666      68617200 
 667              	.LASF20:
 668 0203 41676E64 		.ascii	"Agnd_ReadDataReg\000"
 668      5F526561 
 668      64446174 
 668      61526567 
 668      00
 669              	.LASF25:
 670 0214 2E5C4765 		.ascii	".\\Generated_Source\\PSoC4\\Agnd.c\000"
 670      6E657261 
 670      7465645F 
 670      536F7572 
 670      63655C50 
 671              		.ident	"GCC: (GNU Tools for ARM Embedded Processors) 4.9.3 20150303 (release) [ARM/embedded-4_9-br
