ARM GAS  C:\Users\Chuck\AppData\Local\Temp\ccn5rPlv.s 			page 1


   1              		.cpu cortex-m0
   2              		.fpu softvfp
   3              		.eabi_attribute 20, 1
   4              		.eabi_attribute 21, 1
   5              		.eabi_attribute 23, 3
   6              		.eabi_attribute 24, 1
   7              		.eabi_attribute 25, 1
   8              		.eabi_attribute 26, 1
   9              		.eabi_attribute 30, 6
  10              		.eabi_attribute 34, 0
  11              		.eabi_attribute 18, 4
  12              		.code	16
  13              		.file	"duration.cpp"
  14              		.text
  15              	.Ltext0:
  16              		.cfi_sections	.debug_frame
  17              		.section	.text._ZN3ros22normalizeSecNSecSignedERlS0_,"ax",%progbits
  18              		.align	2
  19              		.global	_ZN3ros22normalizeSecNSecSignedERlS0_
  20              		.code	16
  21              		.thumb_func
  22              		.type	_ZN3ros22normalizeSecNSecSignedERlS0_, %function
  23              	_ZN3ros22normalizeSecNSecSignedERlS0_:
  24              	.LFB8:
  25              		.file 1 ".\\ros_lib\\duration.cpp"
   1:.\ros_lib/duration.cpp **** /* 
   2:.\ros_lib/duration.cpp ****  * Software License Agreement (BSD License)
   3:.\ros_lib/duration.cpp ****  *
   4:.\ros_lib/duration.cpp ****  * Copyright (c) 2011, Willow Garage, Inc.
   5:.\ros_lib/duration.cpp ****  * All rights reserved.
   6:.\ros_lib/duration.cpp ****  *
   7:.\ros_lib/duration.cpp ****  * Redistribution and use in source and binary forms, with or without
   8:.\ros_lib/duration.cpp ****  * modification, are permitted provided that the following conditions
   9:.\ros_lib/duration.cpp ****  * are met:
  10:.\ros_lib/duration.cpp ****  *
  11:.\ros_lib/duration.cpp ****  *  * Redistributions of source code must retain the above copyright
  12:.\ros_lib/duration.cpp ****  *    notice, this list of conditions and the following disclaimer.
  13:.\ros_lib/duration.cpp ****  *  * Redistributions in binary form must reproduce the above
  14:.\ros_lib/duration.cpp ****  *    copyright notice, this list of conditions and the following
  15:.\ros_lib/duration.cpp ****  *    disclaimer in the documentation and/or other materials provided
  16:.\ros_lib/duration.cpp ****  *    with the distribution.
  17:.\ros_lib/duration.cpp ****  *  * Neither the name of Willow Garage, Inc. nor the names of its
  18:.\ros_lib/duration.cpp ****  *    contributors may be used to endorse or promote prducts derived
  19:.\ros_lib/duration.cpp ****  *    from this software without specific prior written permission.
  20:.\ros_lib/duration.cpp ****  *
  21:.\ros_lib/duration.cpp ****  * THIS SOFTWARE IS PROVIDED BY THE COPYRIGHT HOLDERS AND CONTRIBUTORS
  22:.\ros_lib/duration.cpp ****  * "AS IS" AND ANY EXPRESS OR IMPLIED WARRANTIES, INCLUDING, BUT NOT
  23:.\ros_lib/duration.cpp ****  * LIMITED TO, THE IMPLIED WARRANTIES OF MERCHANTABILITY AND FITNESS
  24:.\ros_lib/duration.cpp ****  * FOR A PARTICULAR PURPOSE ARE DISCLAIMED. IN NO EVENT SHALL THE
  25:.\ros_lib/duration.cpp ****  * COPYRIGHT OWNER OR CONTRIBUTORS BE LIABLE FOR ANY DIRECT, INDIRECT,
  26:.\ros_lib/duration.cpp ****  * INCIDENTAL, SPECIAL, EXEMPLARY, OR CONSEQUENTIAL DAMAGES (INCLUDING,
  27:.\ros_lib/duration.cpp ****  * BUT NOT LIMITED TO, PROCUREMENT OF SUBSTITUTE GOODS OR SERVICES;
  28:.\ros_lib/duration.cpp ****  * LOSS OF USE, DATA, OR PROFITS; OR BUSINESS INTERRUPTION) HOWEVER
  29:.\ros_lib/duration.cpp ****  * CAUSED AND ON ANY THEORY OF LIABILITY, WHETHER IN CONTRACT, STRICT
  30:.\ros_lib/duration.cpp ****  * LIABILITY, OR TORT (INCLUDING NEGLIGENCE OR OTHERWISE) ARISING IN
  31:.\ros_lib/duration.cpp ****  * ANY WAY OUT OF THE USE OF THIS SOFTWARE, EVEN IF ADVISED OF THE
  32:.\ros_lib/duration.cpp ****  * POSSIBILITY OF SUCH DAMAGE.
ARM GAS  C:\Users\Chuck\AppData\Local\Temp\ccn5rPlv.s 			page 2


  33:.\ros_lib/duration.cpp ****  */
  34:.\ros_lib/duration.cpp **** 
  35:.\ros_lib/duration.cpp **** #include <math.h>
  36:.\ros_lib/duration.cpp **** #include "ros/duration.h"
  37:.\ros_lib/duration.cpp **** 
  38:.\ros_lib/duration.cpp **** namespace ros
  39:.\ros_lib/duration.cpp **** {
  40:.\ros_lib/duration.cpp ****   void normalizeSecNSecSigned(long &sec, long &nsec)
  41:.\ros_lib/duration.cpp ****   {
  26              		.loc 1 41 0
  27              		.cfi_startproc
  28 0000 80B5     		push	{r7, lr}
  29              		.cfi_def_cfa_offset 8
  30              		.cfi_offset 7, -8
  31              		.cfi_offset 14, -4
  32 0002 84B0     		sub	sp, sp, #16
  33              		.cfi_def_cfa_offset 24
  34 0004 00AF     		add	r7, sp, #0
  35              		.cfi_def_cfa_register 7
  36 0006 7860     		str	r0, [r7, #4]
  37 0008 3960     		str	r1, [r7]
  38              	.LBB2:
  42:.\ros_lib/duration.cpp ****     long nsec_part = nsec;
  39              		.loc 1 42 0
  40 000a 3B68     		ldr	r3, [r7]
  41 000c 1B68     		ldr	r3, [r3]
  42 000e FB60     		str	r3, [r7, #12]
  43:.\ros_lib/duration.cpp ****     long sec_part = sec;
  43              		.loc 1 43 0
  44 0010 7B68     		ldr	r3, [r7, #4]
  45 0012 1B68     		ldr	r3, [r3]
  46 0014 BB60     		str	r3, [r7, #8]
  44:.\ros_lib/duration.cpp ****      
  45:.\ros_lib/duration.cpp ****     while (nsec_part > 1000000000L)
  47              		.loc 1 45 0
  48 0016 07E0     		b	.L2
  49              	.L3:
  46:.\ros_lib/duration.cpp ****     {
  47:.\ros_lib/duration.cpp ****       nsec_part -= 1000000000L;
  50              		.loc 1 47 0
  51 0018 FB68     		ldr	r3, [r7, #12]
  52 001a 104A     		ldr	r2, .L6
  53 001c 9446     		mov	ip, r2
  54 001e 6344     		add	r3, r3, ip
  55 0020 FB60     		str	r3, [r7, #12]
  48:.\ros_lib/duration.cpp ****       ++sec_part;
  56              		.loc 1 48 0
  57 0022 BB68     		ldr	r3, [r7, #8]
  58 0024 0133     		add	r3, r3, #1
  59 0026 BB60     		str	r3, [r7, #8]
  60              	.L2:
  45:.\ros_lib/duration.cpp ****     {
  61              		.loc 1 45 0
  62 0028 FB68     		ldr	r3, [r7, #12]
  63 002a 0D4A     		ldr	r2, .L6+4
  64 002c 9342     		cmp	r3, r2
  65 002e F3DC     		bgt	.L3
ARM GAS  C:\Users\Chuck\AppData\Local\Temp\ccn5rPlv.s 			page 3


  49:.\ros_lib/duration.cpp ****     }
  50:.\ros_lib/duration.cpp ****     while (nsec_part < 0)
  66              		.loc 1 50 0
  67 0030 07E0     		b	.L4
  68              	.L5:
  51:.\ros_lib/duration.cpp ****     {
  52:.\ros_lib/duration.cpp ****       nsec_part += 1000000000L;
  69              		.loc 1 52 0
  70 0032 FB68     		ldr	r3, [r7, #12]
  71 0034 0A4A     		ldr	r2, .L6+4
  72 0036 9446     		mov	ip, r2
  73 0038 6344     		add	r3, r3, ip
  74 003a FB60     		str	r3, [r7, #12]
  53:.\ros_lib/duration.cpp ****       --sec_part;
  75              		.loc 1 53 0
  76 003c BB68     		ldr	r3, [r7, #8]
  77 003e 013B     		sub	r3, r3, #1
  78 0040 BB60     		str	r3, [r7, #8]
  79              	.L4:
  50:.\ros_lib/duration.cpp ****     {
  80              		.loc 1 50 0
  81 0042 FB68     		ldr	r3, [r7, #12]
  82 0044 002B     		cmp	r3, #0
  83 0046 F4DB     		blt	.L5
  54:.\ros_lib/duration.cpp ****     }
  55:.\ros_lib/duration.cpp ****     sec = sec_part;
  84              		.loc 1 55 0
  85 0048 7B68     		ldr	r3, [r7, #4]
  86 004a BA68     		ldr	r2, [r7, #8]
  87 004c 1A60     		str	r2, [r3]
  56:.\ros_lib/duration.cpp ****     nsec = nsec_part;
  88              		.loc 1 56 0
  89 004e 3B68     		ldr	r3, [r7]
  90 0050 FA68     		ldr	r2, [r7, #12]
  91 0052 1A60     		str	r2, [r3]
  92              	.LBE2:
  57:.\ros_lib/duration.cpp ****   }
  93              		.loc 1 57 0
  94 0054 BD46     		mov	sp, r7
  95 0056 04B0     		add	sp, sp, #16
  96              		@ sp needed
  97 0058 80BD     		pop	{r7, pc}
  98              	.L7:
  99 005a C046     		.align	2
 100              	.L6:
 101 005c 003665C4 		.word	-1000000000
 102 0060 00CA9A3B 		.word	1000000000
 103              		.cfi_endproc
 104              	.LFE8:
 105              		.size	_ZN3ros22normalizeSecNSecSignedERlS0_, .-_ZN3ros22normalizeSecNSecSignedERlS0_
 106              		.section	.text._ZN3ros8DurationpLERKS0_,"ax",%progbits
 107              		.align	2
 108              		.global	_ZN3ros8DurationpLERKS0_
 109              		.code	16
 110              		.thumb_func
 111              		.type	_ZN3ros8DurationpLERKS0_, %function
 112              	_ZN3ros8DurationpLERKS0_:
ARM GAS  C:\Users\Chuck\AppData\Local\Temp\ccn5rPlv.s 			page 4


 113              	.LFB9:
  58:.\ros_lib/duration.cpp **** 
  59:.\ros_lib/duration.cpp ****   Duration& Duration::operator+=(const Duration &rhs)
  60:.\ros_lib/duration.cpp ****   {
 114              		.loc 1 60 0
 115              		.cfi_startproc
 116 0000 80B5     		push	{r7, lr}
 117              		.cfi_def_cfa_offset 8
 118              		.cfi_offset 7, -8
 119              		.cfi_offset 14, -4
 120 0002 82B0     		sub	sp, sp, #8
 121              		.cfi_def_cfa_offset 16
 122 0004 00AF     		add	r7, sp, #0
 123              		.cfi_def_cfa_register 7
 124 0006 7860     		str	r0, [r7, #4]
 125 0008 3960     		str	r1, [r7]
  61:.\ros_lib/duration.cpp ****     sec += rhs.sec;
 126              		.loc 1 61 0
 127 000a 7B68     		ldr	r3, [r7, #4]
 128 000c 1A68     		ldr	r2, [r3]
 129 000e 3B68     		ldr	r3, [r7]
 130 0010 1B68     		ldr	r3, [r3]
 131 0012 D218     		add	r2, r2, r3
 132 0014 7B68     		ldr	r3, [r7, #4]
 133 0016 1A60     		str	r2, [r3]
  62:.\ros_lib/duration.cpp ****     nsec += rhs.nsec;
 134              		.loc 1 62 0
 135 0018 7B68     		ldr	r3, [r7, #4]
 136 001a 5A68     		ldr	r2, [r3, #4]
 137 001c 3B68     		ldr	r3, [r7]
 138 001e 5B68     		ldr	r3, [r3, #4]
 139 0020 D218     		add	r2, r2, r3
 140 0022 7B68     		ldr	r3, [r7, #4]
 141 0024 5A60     		str	r2, [r3, #4]
  63:.\ros_lib/duration.cpp ****     normalizeSecNSecSigned(sec, nsec);
 142              		.loc 1 63 0
 143 0026 7A68     		ldr	r2, [r7, #4]
 144 0028 7B68     		ldr	r3, [r7, #4]
 145 002a 0433     		add	r3, r3, #4
 146 002c 101C     		mov	r0, r2
 147 002e 191C     		mov	r1, r3
 148 0030 FFF7FEFF 		bl	_ZN3ros22normalizeSecNSecSignedERlS0_
  64:.\ros_lib/duration.cpp ****     return *this;
 149              		.loc 1 64 0
 150 0034 7B68     		ldr	r3, [r7, #4]
  65:.\ros_lib/duration.cpp ****   }
 151              		.loc 1 65 0
 152 0036 181C     		mov	r0, r3
 153 0038 BD46     		mov	sp, r7
 154 003a 02B0     		add	sp, sp, #8
 155              		@ sp needed
 156 003c 80BD     		pop	{r7, pc}
 157              		.cfi_endproc
 158              	.LFE9:
 159              		.size	_ZN3ros8DurationpLERKS0_, .-_ZN3ros8DurationpLERKS0_
 160 003e C046     		.section	.text._ZN3ros8DurationmIERKS0_,"ax",%progbits
 161              		.align	2
ARM GAS  C:\Users\Chuck\AppData\Local\Temp\ccn5rPlv.s 			page 5


 162              		.global	_ZN3ros8DurationmIERKS0_
 163              		.code	16
 164              		.thumb_func
 165              		.type	_ZN3ros8DurationmIERKS0_, %function
 166              	_ZN3ros8DurationmIERKS0_:
 167              	.LFB10:
  66:.\ros_lib/duration.cpp **** 
  67:.\ros_lib/duration.cpp ****   Duration& Duration::operator-=(const Duration &rhs){
 168              		.loc 1 67 0
 169              		.cfi_startproc
 170 0000 80B5     		push	{r7, lr}
 171              		.cfi_def_cfa_offset 8
 172              		.cfi_offset 7, -8
 173              		.cfi_offset 14, -4
 174 0002 82B0     		sub	sp, sp, #8
 175              		.cfi_def_cfa_offset 16
 176 0004 00AF     		add	r7, sp, #0
 177              		.cfi_def_cfa_register 7
 178 0006 7860     		str	r0, [r7, #4]
 179 0008 3960     		str	r1, [r7]
  68:.\ros_lib/duration.cpp ****     sec += -rhs.sec;
 180              		.loc 1 68 0
 181 000a 7B68     		ldr	r3, [r7, #4]
 182 000c 1A68     		ldr	r2, [r3]
 183 000e 3B68     		ldr	r3, [r7]
 184 0010 1B68     		ldr	r3, [r3]
 185 0012 D21A     		sub	r2, r2, r3
 186 0014 7B68     		ldr	r3, [r7, #4]
 187 0016 1A60     		str	r2, [r3]
  69:.\ros_lib/duration.cpp ****     nsec += -rhs.nsec;
 188              		.loc 1 69 0
 189 0018 7B68     		ldr	r3, [r7, #4]
 190 001a 5A68     		ldr	r2, [r3, #4]
 191 001c 3B68     		ldr	r3, [r7]
 192 001e 5B68     		ldr	r3, [r3, #4]
 193 0020 D21A     		sub	r2, r2, r3
 194 0022 7B68     		ldr	r3, [r7, #4]
 195 0024 5A60     		str	r2, [r3, #4]
  70:.\ros_lib/duration.cpp ****     normalizeSecNSecSigned(sec, nsec);
 196              		.loc 1 70 0
 197 0026 7A68     		ldr	r2, [r7, #4]
 198 0028 7B68     		ldr	r3, [r7, #4]
 199 002a 0433     		add	r3, r3, #4
 200 002c 101C     		mov	r0, r2
 201 002e 191C     		mov	r1, r3
 202 0030 FFF7FEFF 		bl	_ZN3ros22normalizeSecNSecSignedERlS0_
  71:.\ros_lib/duration.cpp ****     return *this;
 203              		.loc 1 71 0
 204 0034 7B68     		ldr	r3, [r7, #4]
  72:.\ros_lib/duration.cpp ****   }
 205              		.loc 1 72 0
 206 0036 181C     		mov	r0, r3
 207 0038 BD46     		mov	sp, r7
 208 003a 02B0     		add	sp, sp, #8
 209              		@ sp needed
 210 003c 80BD     		pop	{r7, pc}
 211              		.cfi_endproc
ARM GAS  C:\Users\Chuck\AppData\Local\Temp\ccn5rPlv.s 			page 6


 212              	.LFE10:
 213              		.size	_ZN3ros8DurationmIERKS0_, .-_ZN3ros8DurationmIERKS0_
 214              		.global	__aeabi_i2d
 215              		.global	__aeabi_dmul
 216              		.global	__aeabi_d2iz
 217 003e C046     		.section	.text._ZN3ros8DurationmLEd,"ax",%progbits
 218              		.align	2
 219              		.global	_ZN3ros8DurationmLEd
 220              		.code	16
 221              		.thumb_func
 222              		.type	_ZN3ros8DurationmLEd, %function
 223              	_ZN3ros8DurationmLEd:
 224              	.LFB11:
  73:.\ros_lib/duration.cpp ****   #ifndef ROS_NO_FLOATS
  74:.\ros_lib/duration.cpp ****   Duration& Duration::operator*=(double scale){
 225              		.loc 1 74 0
 226              		.cfi_startproc
 227 0000 90B5     		push	{r4, r7, lr}
 228              		.cfi_def_cfa_offset 12
 229              		.cfi_offset 4, -12
 230              		.cfi_offset 7, -8
 231              		.cfi_offset 14, -4
 232 0002 85B0     		sub	sp, sp, #20
 233              		.cfi_def_cfa_offset 32
 234 0004 00AF     		add	r7, sp, #0
 235              		.cfi_def_cfa_register 7
 236 0006 F860     		str	r0, [r7, #12]
 237 0008 3A60     		str	r2, [r7]
 238 000a 7B60     		str	r3, [r7, #4]
  75:.\ros_lib/duration.cpp ****     sec *= scale;
 239              		.loc 1 75 0
 240 000c FB68     		ldr	r3, [r7, #12]
 241 000e 1B68     		ldr	r3, [r3]
 242 0010 181C     		mov	r0, r3
 243 0012 FFF7FEFF 		bl	__aeabi_i2d
 244 0016 031C     		mov	r3, r0
 245 0018 0C1C     		mov	r4, r1
 246 001a 181C     		mov	r0, r3
 247 001c 211C     		mov	r1, r4
 248 001e 3A68     		ldr	r2, [r7]
 249 0020 7B68     		ldr	r3, [r7, #4]
 250 0022 FFF7FEFF 		bl	__aeabi_dmul
 251 0026 031C     		mov	r3, r0
 252 0028 0C1C     		mov	r4, r1
 253 002a 181C     		mov	r0, r3
 254 002c 211C     		mov	r1, r4
 255 002e FFF7FEFF 		bl	__aeabi_d2iz
 256 0032 021C     		mov	r2, r0
 257 0034 FB68     		ldr	r3, [r7, #12]
 258 0036 1A60     		str	r2, [r3]
  76:.\ros_lib/duration.cpp ****     nsec *= scale;
 259              		.loc 1 76 0
 260 0038 FB68     		ldr	r3, [r7, #12]
 261 003a 5B68     		ldr	r3, [r3, #4]
 262 003c 181C     		mov	r0, r3
 263 003e FFF7FEFF 		bl	__aeabi_i2d
 264 0042 031C     		mov	r3, r0
ARM GAS  C:\Users\Chuck\AppData\Local\Temp\ccn5rPlv.s 			page 7


 265 0044 0C1C     		mov	r4, r1
 266 0046 181C     		mov	r0, r3
 267 0048 211C     		mov	r1, r4
 268 004a 3A68     		ldr	r2, [r7]
 269 004c 7B68     		ldr	r3, [r7, #4]
 270 004e FFF7FEFF 		bl	__aeabi_dmul
 271 0052 031C     		mov	r3, r0
 272 0054 0C1C     		mov	r4, r1
 273 0056 181C     		mov	r0, r3
 274 0058 211C     		mov	r1, r4
 275 005a FFF7FEFF 		bl	__aeabi_d2iz
 276 005e 021C     		mov	r2, r0
 277 0060 FB68     		ldr	r3, [r7, #12]
 278 0062 5A60     		str	r2, [r3, #4]
  77:.\ros_lib/duration.cpp ****     normalizeSecNSecSigned(sec, nsec);
 279              		.loc 1 77 0
 280 0064 FA68     		ldr	r2, [r7, #12]
 281 0066 FB68     		ldr	r3, [r7, #12]
 282 0068 0433     		add	r3, r3, #4
 283 006a 101C     		mov	r0, r2
 284 006c 191C     		mov	r1, r3
 285 006e FFF7FEFF 		bl	_ZN3ros22normalizeSecNSecSignedERlS0_
  78:.\ros_lib/duration.cpp ****     return *this;
 286              		.loc 1 78 0
 287 0072 FB68     		ldr	r3, [r7, #12]
  79:.\ros_lib/duration.cpp ****   }
 288              		.loc 1 79 0
 289 0074 181C     		mov	r0, r3
 290 0076 BD46     		mov	sp, r7
 291 0078 05B0     		add	sp, sp, #20
 292              		@ sp needed
 293 007a 90BD     		pop	{r4, r7, pc}
 294              		.cfi_endproc
 295              	.LFE11:
 296              		.size	_ZN3ros8DurationmLEd, .-_ZN3ros8DurationmLEd
 297              		.text
 298              	.Letext0:
 299              		.file 2 ".\\ros_lib\\ros/duration.h"
 300              		.section	.debug_info,"",%progbits
 301              	.Ldebug_info0:
 302 0000 DD020000 		.4byte	0x2dd
 303 0004 0400     		.2byte	0x4
 304 0006 00000000 		.4byte	.Ldebug_abbrev0
 305 000a 04       		.byte	0x4
 306 000b 01       		.uleb128 0x1
 307 000c B5000000 		.4byte	.LASF30
 308 0010 04       		.byte	0x4
 309 0011 82020000 		.4byte	.LASF31
 310 0015 4D000000 		.4byte	.LASF32
 311 0019 00000000 		.4byte	.Ldebug_ranges0+0
 312 001d 00000000 		.4byte	0
 313 0021 00000000 		.4byte	.Ldebug_line0
 314 0025 02       		.uleb128 0x2
 315 0026 04       		.byte	0x4
 316 0027 05       		.byte	0x5
 317 0028 696E7400 		.ascii	"int\000"
 318 002c 03       		.uleb128 0x3
ARM GAS  C:\Users\Chuck\AppData\Local\Temp\ccn5rPlv.s 			page 8


 319 002d 04       		.byte	0x4
 320 002e 07       		.byte	0x7
 321 002f C6010000 		.4byte	.LASF0
 322 0033 03       		.uleb128 0x3
 323 0034 01       		.byte	0x1
 324 0035 06       		.byte	0x6
 325 0036 76020000 		.4byte	.LASF1
 326 003a 03       		.uleb128 0x3
 327 003b 01       		.byte	0x1
 328 003c 08       		.byte	0x8
 329 003d B8010000 		.4byte	.LASF2
 330 0041 03       		.uleb128 0x3
 331 0042 02       		.byte	0x2
 332 0043 05       		.byte	0x5
 333 0044 33020000 		.4byte	.LASF3
 334 0048 03       		.uleb128 0x3
 335 0049 02       		.byte	0x2
 336 004a 07       		.byte	0x7
 337 004b 98000000 		.4byte	.LASF4
 338 004f 03       		.uleb128 0x3
 339 0050 04       		.byte	0x4
 340 0051 05       		.byte	0x5
 341 0052 56020000 		.4byte	.LASF5
 342 0056 03       		.uleb128 0x3
 343 0057 04       		.byte	0x4
 344 0058 07       		.byte	0x7
 345 0059 86000000 		.4byte	.LASF6
 346 005d 03       		.uleb128 0x3
 347 005e 08       		.byte	0x8
 348 005f 05       		.byte	0x5
 349 0060 20020000 		.4byte	.LASF7
 350 0064 03       		.uleb128 0x3
 351 0065 08       		.byte	0x8
 352 0066 07       		.byte	0x7
 353 0067 EA010000 		.4byte	.LASF8
 354 006b 03       		.uleb128 0x3
 355 006c 04       		.byte	0x4
 356 006d 07       		.byte	0x7
 357 006e 17020000 		.4byte	.LASF9
 358 0072 03       		.uleb128 0x3
 359 0073 01       		.byte	0x1
 360 0074 08       		.byte	0x8
 361 0075 5F020000 		.4byte	.LASF10
 362 0079 03       		.uleb128 0x3
 363 007a 08       		.byte	0x8
 364 007b 04       		.byte	0x4
 365 007c 92010000 		.4byte	.LASF11
 366 0080 03       		.uleb128 0x3
 367 0081 04       		.byte	0x4
 368 0082 04       		.byte	0x4
 369 0083 70020000 		.4byte	.LASF12
 370 0087 03       		.uleb128 0x3
 371 0088 08       		.byte	0x8
 372 0089 04       		.byte	0x4
 373 008a 64020000 		.4byte	.LASF13
 374 008e 04       		.uleb128 0x4
 375 008f 726F7300 		.ascii	"ros\000"
ARM GAS  C:\Users\Chuck\AppData\Local\Temp\ccn5rPlv.s 			page 9


 376 0093 02       		.byte	0x2
 377 0094 28       		.byte	0x28
 378 0095 BC010000 		.4byte	0x1bc
 379 0099 05       		.uleb128 0x5
 380 009a 15000000 		.4byte	.LASF15
 381 009e 08       		.byte	0x8
 382 009f 02       		.byte	0x2
 383 00a0 2C       		.byte	0x2c
 384 00a1 A0010000 		.4byte	0x1a0
 385 00a5 06       		.uleb128 0x6
 386 00a6 73656300 		.ascii	"sec\000"
 387 00aa 02       		.byte	0x2
 388 00ab 2F       		.byte	0x2f
 389 00ac 4F000000 		.4byte	0x4f
 390 00b0 00       		.byte	0
 391 00b1 01       		.byte	0x1
 392 00b2 07       		.uleb128 0x7
 393 00b3 2E020000 		.4byte	.LASF14
 394 00b7 02       		.byte	0x2
 395 00b8 2F       		.byte	0x2f
 396 00b9 4F000000 		.4byte	0x4f
 397 00bd 04       		.byte	0x4
 398 00be 01       		.byte	0x1
 399 00bf 08       		.uleb128 0x8
 400 00c0 15000000 		.4byte	.LASF15
 401 00c4 02       		.byte	0x2
 402 00c5 31       		.byte	0x31
 403 00c6 BC010000 		.4byte	0x1bc
 404 00ca 01       		.byte	0x1
 405 00cb D3000000 		.4byte	0xd3
 406 00cf D9000000 		.4byte	0xd9
 407 00d3 09       		.uleb128 0x9
 408 00d4 BC010000 		.4byte	0x1bc
 409 00d8 00       		.byte	0
 410 00d9 08       		.uleb128 0x8
 411 00da 15000000 		.4byte	.LASF15
 412 00de 02       		.byte	0x2
 413 00df 32       		.byte	0x32
 414 00e0 BC010000 		.4byte	0x1bc
 415 00e4 01       		.byte	0x1
 416 00e5 ED000000 		.4byte	0xed
 417 00e9 FD000000 		.4byte	0xfd
 418 00ed 09       		.uleb128 0x9
 419 00ee BC010000 		.4byte	0x1bc
 420 00f2 0A       		.uleb128 0xa
 421 00f3 4F000000 		.4byte	0x4f
 422 00f7 0A       		.uleb128 0xa
 423 00f8 4F000000 		.4byte	0x4f
 424 00fc 00       		.byte	0
 425 00fd 0B       		.uleb128 0xb
 426 00fe 99010000 		.4byte	.LASF17
 427 0102 02       		.byte	0x2
 428 0103 37       		.byte	0x37
 429 0104 BF020000 		.4byte	.LASF19
 430 0108 79000000 		.4byte	0x79
 431 010c 01       		.byte	0x1
 432 010d 15010000 		.4byte	0x115
ARM GAS  C:\Users\Chuck\AppData\Local\Temp\ccn5rPlv.s 			page 10


 433 0111 1B010000 		.4byte	0x11b
 434 0115 09       		.uleb128 0x9
 435 0116 C2010000 		.4byte	0x1c2
 436 011a 00       		.byte	0
 437 011b 0C       		.uleb128 0xc
 438 011c 79000000 		.4byte	.LASF16
 439 0120 02       		.byte	0x2
 440 0121 38       		.byte	0x38
 441 0122 32000000 		.4byte	.LASF24
 442 0126 01       		.byte	0x1
 443 0127 2F010000 		.4byte	0x12f
 444 012b 3A010000 		.4byte	0x13a
 445 012f 09       		.uleb128 0x9
 446 0130 BC010000 		.4byte	0x1bc
 447 0134 0A       		.uleb128 0xa
 448 0135 79000000 		.4byte	0x79
 449 0139 00       		.byte	0
 450 013a 0B       		.uleb128 0xb
 451 013b 01020000 		.4byte	.LASF18
 452 013f 02       		.byte	0x2
 453 0140 3B       		.byte	0x3b
 454 0141 9F010000 		.4byte	.LASF20
 455 0145 C8010000 		.4byte	0x1c8
 456 0149 01       		.byte	0x1
 457 014a 52010000 		.4byte	0x152
 458 014e 5D010000 		.4byte	0x15d
 459 0152 09       		.uleb128 0x9
 460 0153 BC010000 		.4byte	0x1bc
 461 0157 0A       		.uleb128 0xa
 462 0158 CE010000 		.4byte	0x1ce
 463 015c 00       		.byte	0
 464 015d 0B       		.uleb128 0xb
 465 015e 0C020000 		.4byte	.LASF21
 466 0162 02       		.byte	0x2
 467 0163 3C       		.byte	0x3c
 468 0164 3D020000 		.4byte	.LASF22
 469 0168 C8010000 		.4byte	0x1c8
 470 016c 01       		.byte	0x1
 471 016d 75010000 		.4byte	0x175
 472 0171 80010000 		.4byte	0x180
 473 0175 09       		.uleb128 0x9
 474 0176 BC010000 		.4byte	0x1bc
 475 017a 0A       		.uleb128 0xa
 476 017b CE010000 		.4byte	0x1ce
 477 017f 00       		.byte	0
 478 0180 0D       		.uleb128 0xd
 479 0181 27000000 		.4byte	.LASF23
 480 0185 02       		.byte	0x2
 481 0186 3E       		.byte	0x3e
 482 0187 00000000 		.4byte	.LASF25
 483 018b C8010000 		.4byte	0x1c8
 484 018f 01       		.byte	0x1
 485 0190 94010000 		.4byte	0x194
 486 0194 09       		.uleb128 0x9
 487 0195 BC010000 		.4byte	0x1bc
 488 0199 0A       		.uleb128 0xa
 489 019a 79000000 		.4byte	0x79
ARM GAS  C:\Users\Chuck\AppData\Local\Temp\ccn5rPlv.s 			page 11


 490 019e 00       		.byte	0
 491 019f 00       		.byte	0
 492 01a0 0E       		.uleb128 0xe
 493 01a1 99000000 		.4byte	0x99
 494 01a5 0F       		.uleb128 0xf
 495 01a6 D3010000 		.4byte	.LASF33
 496 01aa 01       		.byte	0x1
 497 01ab 28       		.byte	0x28
 498 01ac 99020000 		.4byte	.LASF34
 499 01b0 0A       		.uleb128 0xa
 500 01b1 D4010000 		.4byte	0x1d4
 501 01b5 0A       		.uleb128 0xa
 502 01b6 D4010000 		.4byte	0x1d4
 503 01ba 00       		.byte	0
 504 01bb 00       		.byte	0
 505 01bc 10       		.uleb128 0x10
 506 01bd 04       		.byte	0x4
 507 01be 99000000 		.4byte	0x99
 508 01c2 10       		.uleb128 0x10
 509 01c3 04       		.byte	0x4
 510 01c4 A0010000 		.4byte	0x1a0
 511 01c8 11       		.uleb128 0x11
 512 01c9 04       		.byte	0x4
 513 01ca 99000000 		.4byte	0x99
 514 01ce 11       		.uleb128 0x11
 515 01cf 04       		.byte	0x4
 516 01d0 A0010000 		.4byte	0x1a0
 517 01d4 11       		.uleb128 0x11
 518 01d5 04       		.byte	0x4
 519 01d6 4F000000 		.4byte	0x4f
 520 01da 12       		.uleb128 0x12
 521 01db A5010000 		.4byte	0x1a5
 522 01df 00000000 		.4byte	.LFB8
 523 01e3 64000000 		.4byte	.LFE8-.LFB8
 524 01e7 01       		.uleb128 0x1
 525 01e8 9C       		.byte	0x9c
 526 01e9 30020000 		.4byte	0x230
 527 01ed 13       		.uleb128 0x13
 528 01ee 73656300 		.ascii	"sec\000"
 529 01f2 01       		.byte	0x1
 530 01f3 28       		.byte	0x28
 531 01f4 30020000 		.4byte	0x230
 532 01f8 02       		.uleb128 0x2
 533 01f9 91       		.byte	0x91
 534 01fa 6C       		.sleb128 -20
 535 01fb 14       		.uleb128 0x14
 536 01fc 2E020000 		.4byte	.LASF14
 537 0200 01       		.byte	0x1
 538 0201 28       		.byte	0x28
 539 0202 35020000 		.4byte	0x235
 540 0206 02       		.uleb128 0x2
 541 0207 91       		.byte	0x91
 542 0208 68       		.sleb128 -24
 543 0209 15       		.uleb128 0x15
 544 020a 0A000000 		.4byte	.LBB2
 545 020e 4A000000 		.4byte	.LBE2-.LBB2
 546 0212 16       		.uleb128 0x16
ARM GAS  C:\Users\Chuck\AppData\Local\Temp\ccn5rPlv.s 			page 12


 547 0213 AB000000 		.4byte	.LASF26
 548 0217 01       		.byte	0x1
 549 0218 2A       		.byte	0x2a
 550 0219 4F000000 		.4byte	0x4f
 551 021d 02       		.uleb128 0x2
 552 021e 91       		.byte	0x91
 553 021f 74       		.sleb128 -12
 554 0220 16       		.uleb128 0x16
 555 0221 1E000000 		.4byte	.LASF27
 556 0225 01       		.byte	0x1
 557 0226 2B       		.byte	0x2b
 558 0227 4F000000 		.4byte	0x4f
 559 022b 02       		.uleb128 0x2
 560 022c 91       		.byte	0x91
 561 022d 70       		.sleb128 -16
 562 022e 00       		.byte	0
 563 022f 00       		.byte	0
 564 0230 0E       		.uleb128 0xe
 565 0231 D4010000 		.4byte	0x1d4
 566 0235 0E       		.uleb128 0xe
 567 0236 D4010000 		.4byte	0x1d4
 568 023a 17       		.uleb128 0x17
 569 023b 3A010000 		.4byte	0x13a
 570 023f 01       		.byte	0x1
 571 0240 00000000 		.4byte	.LFB9
 572 0244 3E000000 		.4byte	.LFE9-.LFB9
 573 0248 01       		.uleb128 0x1
 574 0249 9C       		.byte	0x9c
 575 024a 52020000 		.4byte	0x252
 576 024e 6D020000 		.4byte	0x26d
 577 0252 18       		.uleb128 0x18
 578 0253 81000000 		.4byte	.LASF28
 579 0257 6D020000 		.4byte	0x26d
 580 025b 02       		.uleb128 0x2
 581 025c 91       		.byte	0x91
 582 025d 74       		.sleb128 -12
 583 025e 13       		.uleb128 0x13
 584 025f 72687300 		.ascii	"rhs\000"
 585 0263 01       		.byte	0x1
 586 0264 3B       		.byte	0x3b
 587 0265 72020000 		.4byte	0x272
 588 0269 02       		.uleb128 0x2
 589 026a 91       		.byte	0x91
 590 026b 70       		.sleb128 -16
 591 026c 00       		.byte	0
 592 026d 0E       		.uleb128 0xe
 593 026e BC010000 		.4byte	0x1bc
 594 0272 0E       		.uleb128 0xe
 595 0273 CE010000 		.4byte	0x1ce
 596 0277 19       		.uleb128 0x19
 597 0278 5D010000 		.4byte	0x15d
 598 027c 01       		.byte	0x1
 599 027d 43       		.byte	0x43
 600 027e 00000000 		.4byte	.LFB10
 601 0282 3E000000 		.4byte	.LFE10-.LFB10
 602 0286 01       		.uleb128 0x1
 603 0287 9C       		.byte	0x9c
ARM GAS  C:\Users\Chuck\AppData\Local\Temp\ccn5rPlv.s 			page 13


 604 0288 90020000 		.4byte	0x290
 605 028c AB020000 		.4byte	0x2ab
 606 0290 18       		.uleb128 0x18
 607 0291 81000000 		.4byte	.LASF28
 608 0295 6D020000 		.4byte	0x26d
 609 0299 02       		.uleb128 0x2
 610 029a 91       		.byte	0x91
 611 029b 74       		.sleb128 -12
 612 029c 13       		.uleb128 0x13
 613 029d 72687300 		.ascii	"rhs\000"
 614 02a1 01       		.byte	0x1
 615 02a2 43       		.byte	0x43
 616 02a3 AB020000 		.4byte	0x2ab
 617 02a7 02       		.uleb128 0x2
 618 02a8 91       		.byte	0x91
 619 02a9 70       		.sleb128 -16
 620 02aa 00       		.byte	0
 621 02ab 0E       		.uleb128 0xe
 622 02ac CE010000 		.4byte	0x1ce
 623 02b0 1A       		.uleb128 0x1a
 624 02b1 80010000 		.4byte	0x180
 625 02b5 01       		.byte	0x1
 626 02b6 4A       		.byte	0x4a
 627 02b7 00000000 		.4byte	.LFB11
 628 02bb 7C000000 		.4byte	.LFE11-.LFB11
 629 02bf 01       		.uleb128 0x1
 630 02c0 9C       		.byte	0x9c
 631 02c1 C5020000 		.4byte	0x2c5
 632 02c5 18       		.uleb128 0x18
 633 02c6 81000000 		.4byte	.LASF28
 634 02ca 6D020000 		.4byte	0x26d
 635 02ce 02       		.uleb128 0x2
 636 02cf 91       		.byte	0x91
 637 02d0 6C       		.sleb128 -20
 638 02d1 14       		.uleb128 0x14
 639 02d2 73000000 		.4byte	.LASF29
 640 02d6 01       		.byte	0x1
 641 02d7 4A       		.byte	0x4a
 642 02d8 79000000 		.4byte	0x79
 643 02dc 02       		.uleb128 0x2
 644 02dd 91       		.byte	0x91
 645 02de 60       		.sleb128 -32
 646 02df 00       		.byte	0
 647 02e0 00       		.byte	0
 648              		.section	.debug_abbrev,"",%progbits
 649              	.Ldebug_abbrev0:
 650 0000 01       		.uleb128 0x1
 651 0001 11       		.uleb128 0x11
 652 0002 01       		.byte	0x1
 653 0003 25       		.uleb128 0x25
 654 0004 0E       		.uleb128 0xe
 655 0005 13       		.uleb128 0x13
 656 0006 0B       		.uleb128 0xb
 657 0007 03       		.uleb128 0x3
 658 0008 0E       		.uleb128 0xe
 659 0009 1B       		.uleb128 0x1b
 660 000a 0E       		.uleb128 0xe
ARM GAS  C:\Users\Chuck\AppData\Local\Temp\ccn5rPlv.s 			page 14


 661 000b 55       		.uleb128 0x55
 662 000c 17       		.uleb128 0x17
 663 000d 11       		.uleb128 0x11
 664 000e 01       		.uleb128 0x1
 665 000f 10       		.uleb128 0x10
 666 0010 17       		.uleb128 0x17
 667 0011 00       		.byte	0
 668 0012 00       		.byte	0
 669 0013 02       		.uleb128 0x2
 670 0014 24       		.uleb128 0x24
 671 0015 00       		.byte	0
 672 0016 0B       		.uleb128 0xb
 673 0017 0B       		.uleb128 0xb
 674 0018 3E       		.uleb128 0x3e
 675 0019 0B       		.uleb128 0xb
 676 001a 03       		.uleb128 0x3
 677 001b 08       		.uleb128 0x8
 678 001c 00       		.byte	0
 679 001d 00       		.byte	0
 680 001e 03       		.uleb128 0x3
 681 001f 24       		.uleb128 0x24
 682 0020 00       		.byte	0
 683 0021 0B       		.uleb128 0xb
 684 0022 0B       		.uleb128 0xb
 685 0023 3E       		.uleb128 0x3e
 686 0024 0B       		.uleb128 0xb
 687 0025 03       		.uleb128 0x3
 688 0026 0E       		.uleb128 0xe
 689 0027 00       		.byte	0
 690 0028 00       		.byte	0
 691 0029 04       		.uleb128 0x4
 692 002a 39       		.uleb128 0x39
 693 002b 01       		.byte	0x1
 694 002c 03       		.uleb128 0x3
 695 002d 08       		.uleb128 0x8
 696 002e 3A       		.uleb128 0x3a
 697 002f 0B       		.uleb128 0xb
 698 0030 3B       		.uleb128 0x3b
 699 0031 0B       		.uleb128 0xb
 700 0032 01       		.uleb128 0x1
 701 0033 13       		.uleb128 0x13
 702 0034 00       		.byte	0
 703 0035 00       		.byte	0
 704 0036 05       		.uleb128 0x5
 705 0037 02       		.uleb128 0x2
 706 0038 01       		.byte	0x1
 707 0039 03       		.uleb128 0x3
 708 003a 0E       		.uleb128 0xe
 709 003b 0B       		.uleb128 0xb
 710 003c 0B       		.uleb128 0xb
 711 003d 3A       		.uleb128 0x3a
 712 003e 0B       		.uleb128 0xb
 713 003f 3B       		.uleb128 0x3b
 714 0040 0B       		.uleb128 0xb
 715 0041 01       		.uleb128 0x1
 716 0042 13       		.uleb128 0x13
 717 0043 00       		.byte	0
ARM GAS  C:\Users\Chuck\AppData\Local\Temp\ccn5rPlv.s 			page 15


 718 0044 00       		.byte	0
 719 0045 06       		.uleb128 0x6
 720 0046 0D       		.uleb128 0xd
 721 0047 00       		.byte	0
 722 0048 03       		.uleb128 0x3
 723 0049 08       		.uleb128 0x8
 724 004a 3A       		.uleb128 0x3a
 725 004b 0B       		.uleb128 0xb
 726 004c 3B       		.uleb128 0x3b
 727 004d 0B       		.uleb128 0xb
 728 004e 49       		.uleb128 0x49
 729 004f 13       		.uleb128 0x13
 730 0050 38       		.uleb128 0x38
 731 0051 0B       		.uleb128 0xb
 732 0052 32       		.uleb128 0x32
 733 0053 0B       		.uleb128 0xb
 734 0054 00       		.byte	0
 735 0055 00       		.byte	0
 736 0056 07       		.uleb128 0x7
 737 0057 0D       		.uleb128 0xd
 738 0058 00       		.byte	0
 739 0059 03       		.uleb128 0x3
 740 005a 0E       		.uleb128 0xe
 741 005b 3A       		.uleb128 0x3a
 742 005c 0B       		.uleb128 0xb
 743 005d 3B       		.uleb128 0x3b
 744 005e 0B       		.uleb128 0xb
 745 005f 49       		.uleb128 0x49
 746 0060 13       		.uleb128 0x13
 747 0061 38       		.uleb128 0x38
 748 0062 0B       		.uleb128 0xb
 749 0063 32       		.uleb128 0x32
 750 0064 0B       		.uleb128 0xb
 751 0065 00       		.byte	0
 752 0066 00       		.byte	0
 753 0067 08       		.uleb128 0x8
 754 0068 2E       		.uleb128 0x2e
 755 0069 01       		.byte	0x1
 756 006a 3F       		.uleb128 0x3f
 757 006b 19       		.uleb128 0x19
 758 006c 03       		.uleb128 0x3
 759 006d 0E       		.uleb128 0xe
 760 006e 3A       		.uleb128 0x3a
 761 006f 0B       		.uleb128 0xb
 762 0070 3B       		.uleb128 0x3b
 763 0071 0B       		.uleb128 0xb
 764 0072 49       		.uleb128 0x49
 765 0073 13       		.uleb128 0x13
 766 0074 32       		.uleb128 0x32
 767 0075 0B       		.uleb128 0xb
 768 0076 3C       		.uleb128 0x3c
 769 0077 19       		.uleb128 0x19
 770 0078 64       		.uleb128 0x64
 771 0079 13       		.uleb128 0x13
 772 007a 01       		.uleb128 0x1
 773 007b 13       		.uleb128 0x13
 774 007c 00       		.byte	0
ARM GAS  C:\Users\Chuck\AppData\Local\Temp\ccn5rPlv.s 			page 16


 775 007d 00       		.byte	0
 776 007e 09       		.uleb128 0x9
 777 007f 05       		.uleb128 0x5
 778 0080 00       		.byte	0
 779 0081 49       		.uleb128 0x49
 780 0082 13       		.uleb128 0x13
 781 0083 34       		.uleb128 0x34
 782 0084 19       		.uleb128 0x19
 783 0085 00       		.byte	0
 784 0086 00       		.byte	0
 785 0087 0A       		.uleb128 0xa
 786 0088 05       		.uleb128 0x5
 787 0089 00       		.byte	0
 788 008a 49       		.uleb128 0x49
 789 008b 13       		.uleb128 0x13
 790 008c 00       		.byte	0
 791 008d 00       		.byte	0
 792 008e 0B       		.uleb128 0xb
 793 008f 2E       		.uleb128 0x2e
 794 0090 01       		.byte	0x1
 795 0091 3F       		.uleb128 0x3f
 796 0092 19       		.uleb128 0x19
 797 0093 03       		.uleb128 0x3
 798 0094 0E       		.uleb128 0xe
 799 0095 3A       		.uleb128 0x3a
 800 0096 0B       		.uleb128 0xb
 801 0097 3B       		.uleb128 0x3b
 802 0098 0B       		.uleb128 0xb
 803 0099 6E       		.uleb128 0x6e
 804 009a 0E       		.uleb128 0xe
 805 009b 49       		.uleb128 0x49
 806 009c 13       		.uleb128 0x13
 807 009d 32       		.uleb128 0x32
 808 009e 0B       		.uleb128 0xb
 809 009f 3C       		.uleb128 0x3c
 810 00a0 19       		.uleb128 0x19
 811 00a1 64       		.uleb128 0x64
 812 00a2 13       		.uleb128 0x13
 813 00a3 01       		.uleb128 0x1
 814 00a4 13       		.uleb128 0x13
 815 00a5 00       		.byte	0
 816 00a6 00       		.byte	0
 817 00a7 0C       		.uleb128 0xc
 818 00a8 2E       		.uleb128 0x2e
 819 00a9 01       		.byte	0x1
 820 00aa 3F       		.uleb128 0x3f
 821 00ab 19       		.uleb128 0x19
 822 00ac 03       		.uleb128 0x3
 823 00ad 0E       		.uleb128 0xe
 824 00ae 3A       		.uleb128 0x3a
 825 00af 0B       		.uleb128 0xb
 826 00b0 3B       		.uleb128 0x3b
 827 00b1 0B       		.uleb128 0xb
 828 00b2 6E       		.uleb128 0x6e
 829 00b3 0E       		.uleb128 0xe
 830 00b4 32       		.uleb128 0x32
 831 00b5 0B       		.uleb128 0xb
ARM GAS  C:\Users\Chuck\AppData\Local\Temp\ccn5rPlv.s 			page 17


 832 00b6 3C       		.uleb128 0x3c
 833 00b7 19       		.uleb128 0x19
 834 00b8 64       		.uleb128 0x64
 835 00b9 13       		.uleb128 0x13
 836 00ba 01       		.uleb128 0x1
 837 00bb 13       		.uleb128 0x13
 838 00bc 00       		.byte	0
 839 00bd 00       		.byte	0
 840 00be 0D       		.uleb128 0xd
 841 00bf 2E       		.uleb128 0x2e
 842 00c0 01       		.byte	0x1
 843 00c1 3F       		.uleb128 0x3f
 844 00c2 19       		.uleb128 0x19
 845 00c3 03       		.uleb128 0x3
 846 00c4 0E       		.uleb128 0xe
 847 00c5 3A       		.uleb128 0x3a
 848 00c6 0B       		.uleb128 0xb
 849 00c7 3B       		.uleb128 0x3b
 850 00c8 0B       		.uleb128 0xb
 851 00c9 6E       		.uleb128 0x6e
 852 00ca 0E       		.uleb128 0xe
 853 00cb 49       		.uleb128 0x49
 854 00cc 13       		.uleb128 0x13
 855 00cd 32       		.uleb128 0x32
 856 00ce 0B       		.uleb128 0xb
 857 00cf 3C       		.uleb128 0x3c
 858 00d0 19       		.uleb128 0x19
 859 00d1 64       		.uleb128 0x64
 860 00d2 13       		.uleb128 0x13
 861 00d3 00       		.byte	0
 862 00d4 00       		.byte	0
 863 00d5 0E       		.uleb128 0xe
 864 00d6 26       		.uleb128 0x26
 865 00d7 00       		.byte	0
 866 00d8 49       		.uleb128 0x49
 867 00d9 13       		.uleb128 0x13
 868 00da 00       		.byte	0
 869 00db 00       		.byte	0
 870 00dc 0F       		.uleb128 0xf
 871 00dd 2E       		.uleb128 0x2e
 872 00de 01       		.byte	0x1
 873 00df 3F       		.uleb128 0x3f
 874 00e0 19       		.uleb128 0x19
 875 00e1 03       		.uleb128 0x3
 876 00e2 0E       		.uleb128 0xe
 877 00e3 3A       		.uleb128 0x3a
 878 00e4 0B       		.uleb128 0xb
 879 00e5 3B       		.uleb128 0x3b
 880 00e6 0B       		.uleb128 0xb
 881 00e7 6E       		.uleb128 0x6e
 882 00e8 0E       		.uleb128 0xe
 883 00e9 3C       		.uleb128 0x3c
 884 00ea 19       		.uleb128 0x19
 885 00eb 00       		.byte	0
 886 00ec 00       		.byte	0
 887 00ed 10       		.uleb128 0x10
 888 00ee 0F       		.uleb128 0xf
ARM GAS  C:\Users\Chuck\AppData\Local\Temp\ccn5rPlv.s 			page 18


 889 00ef 00       		.byte	0
 890 00f0 0B       		.uleb128 0xb
 891 00f1 0B       		.uleb128 0xb
 892 00f2 49       		.uleb128 0x49
 893 00f3 13       		.uleb128 0x13
 894 00f4 00       		.byte	0
 895 00f5 00       		.byte	0
 896 00f6 11       		.uleb128 0x11
 897 00f7 10       		.uleb128 0x10
 898 00f8 00       		.byte	0
 899 00f9 0B       		.uleb128 0xb
 900 00fa 0B       		.uleb128 0xb
 901 00fb 49       		.uleb128 0x49
 902 00fc 13       		.uleb128 0x13
 903 00fd 00       		.byte	0
 904 00fe 00       		.byte	0
 905 00ff 12       		.uleb128 0x12
 906 0100 2E       		.uleb128 0x2e
 907 0101 01       		.byte	0x1
 908 0102 47       		.uleb128 0x47
 909 0103 13       		.uleb128 0x13
 910 0104 11       		.uleb128 0x11
 911 0105 01       		.uleb128 0x1
 912 0106 12       		.uleb128 0x12
 913 0107 06       		.uleb128 0x6
 914 0108 40       		.uleb128 0x40
 915 0109 18       		.uleb128 0x18
 916 010a 9742     		.uleb128 0x2117
 917 010c 19       		.uleb128 0x19
 918 010d 01       		.uleb128 0x1
 919 010e 13       		.uleb128 0x13
 920 010f 00       		.byte	0
 921 0110 00       		.byte	0
 922 0111 13       		.uleb128 0x13
 923 0112 05       		.uleb128 0x5
 924 0113 00       		.byte	0
 925 0114 03       		.uleb128 0x3
 926 0115 08       		.uleb128 0x8
 927 0116 3A       		.uleb128 0x3a
 928 0117 0B       		.uleb128 0xb
 929 0118 3B       		.uleb128 0x3b
 930 0119 0B       		.uleb128 0xb
 931 011a 49       		.uleb128 0x49
 932 011b 13       		.uleb128 0x13
 933 011c 02       		.uleb128 0x2
 934 011d 18       		.uleb128 0x18
 935 011e 00       		.byte	0
 936 011f 00       		.byte	0
 937 0120 14       		.uleb128 0x14
 938 0121 05       		.uleb128 0x5
 939 0122 00       		.byte	0
 940 0123 03       		.uleb128 0x3
 941 0124 0E       		.uleb128 0xe
 942 0125 3A       		.uleb128 0x3a
 943 0126 0B       		.uleb128 0xb
 944 0127 3B       		.uleb128 0x3b
 945 0128 0B       		.uleb128 0xb
ARM GAS  C:\Users\Chuck\AppData\Local\Temp\ccn5rPlv.s 			page 19


 946 0129 49       		.uleb128 0x49
 947 012a 13       		.uleb128 0x13
 948 012b 02       		.uleb128 0x2
 949 012c 18       		.uleb128 0x18
 950 012d 00       		.byte	0
 951 012e 00       		.byte	0
 952 012f 15       		.uleb128 0x15
 953 0130 0B       		.uleb128 0xb
 954 0131 01       		.byte	0x1
 955 0132 11       		.uleb128 0x11
 956 0133 01       		.uleb128 0x1
 957 0134 12       		.uleb128 0x12
 958 0135 06       		.uleb128 0x6
 959 0136 00       		.byte	0
 960 0137 00       		.byte	0
 961 0138 16       		.uleb128 0x16
 962 0139 34       		.uleb128 0x34
 963 013a 00       		.byte	0
 964 013b 03       		.uleb128 0x3
 965 013c 0E       		.uleb128 0xe
 966 013d 3A       		.uleb128 0x3a
 967 013e 0B       		.uleb128 0xb
 968 013f 3B       		.uleb128 0x3b
 969 0140 0B       		.uleb128 0xb
 970 0141 49       		.uleb128 0x49
 971 0142 13       		.uleb128 0x13
 972 0143 02       		.uleb128 0x2
 973 0144 18       		.uleb128 0x18
 974 0145 00       		.byte	0
 975 0146 00       		.byte	0
 976 0147 17       		.uleb128 0x17
 977 0148 2E       		.uleb128 0x2e
 978 0149 01       		.byte	0x1
 979 014a 47       		.uleb128 0x47
 980 014b 13       		.uleb128 0x13
 981 014c 3A       		.uleb128 0x3a
 982 014d 0B       		.uleb128 0xb
 983 014e 11       		.uleb128 0x11
 984 014f 01       		.uleb128 0x1
 985 0150 12       		.uleb128 0x12
 986 0151 06       		.uleb128 0x6
 987 0152 40       		.uleb128 0x40
 988 0153 18       		.uleb128 0x18
 989 0154 64       		.uleb128 0x64
 990 0155 13       		.uleb128 0x13
 991 0156 9642     		.uleb128 0x2116
 992 0158 19       		.uleb128 0x19
 993 0159 01       		.uleb128 0x1
 994 015a 13       		.uleb128 0x13
 995 015b 00       		.byte	0
 996 015c 00       		.byte	0
 997 015d 18       		.uleb128 0x18
 998 015e 05       		.uleb128 0x5
 999 015f 00       		.byte	0
 1000 0160 03       		.uleb128 0x3
 1001 0161 0E       		.uleb128 0xe
 1002 0162 49       		.uleb128 0x49
ARM GAS  C:\Users\Chuck\AppData\Local\Temp\ccn5rPlv.s 			page 20


 1003 0163 13       		.uleb128 0x13
 1004 0164 34       		.uleb128 0x34
 1005 0165 19       		.uleb128 0x19
 1006 0166 02       		.uleb128 0x2
 1007 0167 18       		.uleb128 0x18
 1008 0168 00       		.byte	0
 1009 0169 00       		.byte	0
 1010 016a 19       		.uleb128 0x19
 1011 016b 2E       		.uleb128 0x2e
 1012 016c 01       		.byte	0x1
 1013 016d 47       		.uleb128 0x47
 1014 016e 13       		.uleb128 0x13
 1015 016f 3A       		.uleb128 0x3a
 1016 0170 0B       		.uleb128 0xb
 1017 0171 3B       		.uleb128 0x3b
 1018 0172 0B       		.uleb128 0xb
 1019 0173 11       		.uleb128 0x11
 1020 0174 01       		.uleb128 0x1
 1021 0175 12       		.uleb128 0x12
 1022 0176 06       		.uleb128 0x6
 1023 0177 40       		.uleb128 0x40
 1024 0178 18       		.uleb128 0x18
 1025 0179 64       		.uleb128 0x64
 1026 017a 13       		.uleb128 0x13
 1027 017b 9642     		.uleb128 0x2116
 1028 017d 19       		.uleb128 0x19
 1029 017e 01       		.uleb128 0x1
 1030 017f 13       		.uleb128 0x13
 1031 0180 00       		.byte	0
 1032 0181 00       		.byte	0
 1033 0182 1A       		.uleb128 0x1a
 1034 0183 2E       		.uleb128 0x2e
 1035 0184 01       		.byte	0x1
 1036 0185 47       		.uleb128 0x47
 1037 0186 13       		.uleb128 0x13
 1038 0187 3A       		.uleb128 0x3a
 1039 0188 0B       		.uleb128 0xb
 1040 0189 3B       		.uleb128 0x3b
 1041 018a 0B       		.uleb128 0xb
 1042 018b 11       		.uleb128 0x11
 1043 018c 01       		.uleb128 0x1
 1044 018d 12       		.uleb128 0x12
 1045 018e 06       		.uleb128 0x6
 1046 018f 40       		.uleb128 0x40
 1047 0190 18       		.uleb128 0x18
 1048 0191 64       		.uleb128 0x64
 1049 0192 13       		.uleb128 0x13
 1050 0193 9642     		.uleb128 0x2116
 1051 0195 19       		.uleb128 0x19
 1052 0196 00       		.byte	0
 1053 0197 00       		.byte	0
 1054 0198 00       		.byte	0
 1055              		.section	.debug_aranges,"",%progbits
 1056 0000 34000000 		.4byte	0x34
 1057 0004 0200     		.2byte	0x2
 1058 0006 00000000 		.4byte	.Ldebug_info0
 1059 000a 04       		.byte	0x4
ARM GAS  C:\Users\Chuck\AppData\Local\Temp\ccn5rPlv.s 			page 21


 1060 000b 00       		.byte	0
 1061 000c 0000     		.2byte	0
 1062 000e 0000     		.2byte	0
 1063 0010 00000000 		.4byte	.LFB8
 1064 0014 64000000 		.4byte	.LFE8-.LFB8
 1065 0018 00000000 		.4byte	.LFB9
 1066 001c 3E000000 		.4byte	.LFE9-.LFB9
 1067 0020 00000000 		.4byte	.LFB10
 1068 0024 3E000000 		.4byte	.LFE10-.LFB10
 1069 0028 00000000 		.4byte	.LFB11
 1070 002c 7C000000 		.4byte	.LFE11-.LFB11
 1071 0030 00000000 		.4byte	0
 1072 0034 00000000 		.4byte	0
 1073              		.section	.debug_ranges,"",%progbits
 1074              	.Ldebug_ranges0:
 1075 0000 00000000 		.4byte	.LFB8
 1076 0004 64000000 		.4byte	.LFE8
 1077 0008 00000000 		.4byte	.LFB9
 1078 000c 3E000000 		.4byte	.LFE9
 1079 0010 00000000 		.4byte	.LFB10
 1080 0014 3E000000 		.4byte	.LFE10
 1081 0018 00000000 		.4byte	.LFB11
 1082 001c 7C000000 		.4byte	.LFE11
 1083 0020 00000000 		.4byte	0
 1084 0024 00000000 		.4byte	0
 1085              		.section	.debug_line,"",%progbits
 1086              	.Ldebug_line0:
 1087 0000 AB000000 		.section	.debug_str,"MS",%progbits,1
 1087      02004900 
 1087      00000201 
 1087      FB0E0D00 
 1087      01010101 
 1088              	.LASF25:
 1089 0000 5F5A4E33 		.ascii	"_ZN3ros8DurationmLEd\000"
 1089      726F7338 
 1089      44757261 
 1089      74696F6E 
 1089      6D4C4564 
 1090              	.LASF15:
 1091 0015 44757261 		.ascii	"Duration\000"
 1091      74696F6E 
 1091      00
 1092              	.LASF27:
 1093 001e 7365635F 		.ascii	"sec_part\000"
 1093      70617274 
 1093      00
 1094              	.LASF23:
 1095 0027 6F706572 		.ascii	"operator*=\000"
 1095      61746F72 
 1095      2A3D00
 1096              	.LASF24:
 1097 0032 5F5A4E33 		.ascii	"_ZN3ros8Duration7fromSecEd\000"
 1097      726F7338 
 1097      44757261 
 1097      74696F6E 
 1097      3766726F 
 1098              	.LASF32:
ARM GAS  C:\Users\Chuck\AppData\Local\Temp\ccn5rPlv.s 			page 22


 1099 004d 453A5C50 		.ascii	"E:\\PSoC\\RosOnAStick\\RosOnAStick.cydsn\000"
 1099      536F435C 
 1099      526F734F 
 1099      6E415374 
 1099      69636B5C 
 1100              	.LASF29:
 1101 0073 7363616C 		.ascii	"scale\000"
 1101      6500
 1102              	.LASF16:
 1103 0079 66726F6D 		.ascii	"fromSec\000"
 1103      53656300 
 1104              	.LASF28:
 1105 0081 74686973 		.ascii	"this\000"
 1105      00
 1106              	.LASF6:
 1107 0086 6C6F6E67 		.ascii	"long unsigned int\000"
 1107      20756E73 
 1107      69676E65 
 1107      6420696E 
 1107      7400
 1108              	.LASF4:
 1109 0098 73686F72 		.ascii	"short unsigned int\000"
 1109      7420756E 
 1109      7369676E 
 1109      65642069 
 1109      6E7400
 1110              	.LASF26:
 1111 00ab 6E736563 		.ascii	"nsec_part\000"
 1111      5F706172 
 1111      7400
 1112              	.LASF30:
 1113 00b5 474E5520 		.ascii	"GNU C++ 4.9.3 20150303 (release) [ARM/embedded-4_9-"
 1113      432B2B20 
 1113      342E392E 
 1113      33203230 
 1113      31353033 
 1114 00e8 6272616E 		.ascii	"branch revision 221220] -mcpu=cortex-m0 -mthumb -g "
 1114      63682072 
 1114      65766973 
 1114      696F6E20 
 1114      32323132 
 1115 011b 2D4F3020 		.ascii	"-O0 -ffunction-sections -ffat-lto-objects -fno-rtti"
 1115      2D666675 
 1115      6E637469 
 1115      6F6E2D73 
 1115      65637469 
 1116 014e 202D666E 		.ascii	" -fno-exceptions -funsigned-char -funsigned-bitfiel"
 1116      6F2D6578 
 1116      63657074 
 1116      696F6E73 
 1116      202D6675 
 1117 0181 6473202D 		.ascii	"ds -fshort-enums\000"
 1117      6673686F 
 1117      72742D65 
 1117      6E756D73 
 1117      00
 1118              	.LASF11:
ARM GAS  C:\Users\Chuck\AppData\Local\Temp\ccn5rPlv.s 			page 23


 1119 0192 646F7562 		.ascii	"double\000"
 1119      6C6500
 1120              	.LASF17:
 1121 0199 746F5365 		.ascii	"toSec\000"
 1121      6300
 1122              	.LASF20:
 1123 019f 5F5A4E33 		.ascii	"_ZN3ros8DurationpLERKS0_\000"
 1123      726F7338 
 1123      44757261 
 1123      74696F6E 
 1123      704C4552 
 1124              	.LASF2:
 1125 01b8 756E7369 		.ascii	"unsigned char\000"
 1125      676E6564 
 1125      20636861 
 1125      7200
 1126              	.LASF0:
 1127 01c6 756E7369 		.ascii	"unsigned int\000"
 1127      676E6564 
 1127      20696E74 
 1127      00
 1128              	.LASF33:
 1129 01d3 6E6F726D 		.ascii	"normalizeSecNSecSigned\000"
 1129      616C697A 
 1129      65536563 
 1129      4E536563 
 1129      5369676E 
 1130              	.LASF8:
 1131 01ea 6C6F6E67 		.ascii	"long long unsigned int\000"
 1131      206C6F6E 
 1131      6720756E 
 1131      7369676E 
 1131      65642069 
 1132              	.LASF18:
 1133 0201 6F706572 		.ascii	"operator+=\000"
 1133      61746F72 
 1133      2B3D00
 1134              	.LASF21:
 1135 020c 6F706572 		.ascii	"operator-=\000"
 1135      61746F72 
 1135      2D3D00
 1136              	.LASF9:
 1137 0217 73697A65 		.ascii	"sizetype\000"
 1137      74797065 
 1137      00
 1138              	.LASF7:
 1139 0220 6C6F6E67 		.ascii	"long long int\000"
 1139      206C6F6E 
 1139      6720696E 
 1139      7400
 1140              	.LASF14:
 1141 022e 6E736563 		.ascii	"nsec\000"
 1141      00
 1142              	.LASF3:
 1143 0233 73686F72 		.ascii	"short int\000"
 1143      7420696E 
 1143      7400
ARM GAS  C:\Users\Chuck\AppData\Local\Temp\ccn5rPlv.s 			page 24


 1144              	.LASF22:
 1145 023d 5F5A4E33 		.ascii	"_ZN3ros8DurationmIERKS0_\000"
 1145      726F7338 
 1145      44757261 
 1145      74696F6E 
 1145      6D494552 
 1146              	.LASF5:
 1147 0256 6C6F6E67 		.ascii	"long int\000"
 1147      20696E74 
 1147      00
 1148              	.LASF10:
 1149 025f 63686172 		.ascii	"char\000"
 1149      00
 1150              	.LASF13:
 1151 0264 6C6F6E67 		.ascii	"long double\000"
 1151      20646F75 
 1151      626C6500 
 1152              	.LASF12:
 1153 0270 666C6F61 		.ascii	"float\000"
 1153      7400
 1154              	.LASF1:
 1155 0276 7369676E 		.ascii	"signed char\000"
 1155      65642063 
 1155      68617200 
 1156              	.LASF31:
 1157 0282 2E5C726F 		.ascii	".\\ros_lib\\duration.cpp\000"
 1157      735F6C69 
 1157      625C6475 
 1157      72617469 
 1157      6F6E2E63 
 1158              	.LASF34:
 1159 0299 5F5A4E33 		.ascii	"_ZN3ros22normalizeSecNSecSignedERlS0_\000"
 1159      726F7332 
 1159      326E6F72 
 1159      6D616C69 
 1159      7A655365 
 1160              	.LASF19:
 1161 02bf 5F5A4E4B 		.ascii	"_ZNK3ros8Duration5toSecEv\000"
 1161      33726F73 
 1161      38447572 
 1161      6174696F 
 1161      6E35746F 
 1162              		.ident	"GCC: (GNU Tools for ARM Embedded Processors) 4.9.3 20150303 (release) [ARM/embedded-4_9-br
