ARM GAS  C:\Users\Chuck\AppData\Local\Temp\ccxeNeWc.s 			page 1


   1              		.cpu cortex-m0
   2              		.fpu softvfp
   3              		.eabi_attribute 20, 1
   4              		.eabi_attribute 21, 1
   5              		.eabi_attribute 23, 3
   6              		.eabi_attribute 24, 1
   7              		.eabi_attribute 25, 1
   8              		.eabi_attribute 26, 1
   9              		.eabi_attribute 30, 6
  10              		.eabi_attribute 34, 0
  11              		.eabi_attribute 18, 4
  12              		.code	16
  13              		.file	"I2CMaster_I2C_SLAVE.c"
  14              		.text
  15              	.Ltext0:
  16              		.cfi_sections	.debug_frame
  17              		.comm	I2CMaster_slStatus,1,1
  18              		.comm	I2CMaster_slWrBufPtr,4,4
  19              		.comm	I2CMaster_slWrBufSize,4,4
  20              		.comm	I2CMaster_slWrBufIndex,4,4
  21              		.comm	I2CMaster_slRdBufPtr,4,4
  22              		.comm	I2CMaster_slRdBufSize,4,4
  23              		.comm	I2CMaster_slRdBufIndex,4,4
  24              		.comm	I2CMaster_slRdBufIndexTmp,4,4
  25              		.comm	I2CMaster_slOverFlowCount,1,1
  26              		.section	.text.I2CMaster_I2CSlaveStatus,"ax",%progbits
  27              		.align	2
  28              		.global	I2CMaster_I2CSlaveStatus
  29              		.code	16
  30              		.thumb_func
  31              		.type	I2CMaster_I2CSlaveStatus, %function
  32              	I2CMaster_I2CSlaveStatus:
  33              	.LFB0:
  34              		.file 1 ".\\Generated_Source\\PSoC4\\I2CMaster_I2C_SLAVE.c"
   1:.\Generated_Source\PSoC4/I2CMaster_I2C_SLAVE.c **** /***************************************************************************//**
   2:.\Generated_Source\PSoC4/I2CMaster_I2C_SLAVE.c **** * \file I2CMaster_I2C_SLAVE.c
   3:.\Generated_Source\PSoC4/I2CMaster_I2C_SLAVE.c **** * \version 3.20
   4:.\Generated_Source\PSoC4/I2CMaster_I2C_SLAVE.c **** *
   5:.\Generated_Source\PSoC4/I2CMaster_I2C_SLAVE.c **** * \brief
   6:.\Generated_Source\PSoC4/I2CMaster_I2C_SLAVE.c **** *  This file provides the source code to the API for the SCB Component in
   7:.\Generated_Source\PSoC4/I2CMaster_I2C_SLAVE.c **** *  I2C Slave mode.
   8:.\Generated_Source\PSoC4/I2CMaster_I2C_SLAVE.c **** *
   9:.\Generated_Source\PSoC4/I2CMaster_I2C_SLAVE.c **** * Note:
  10:.\Generated_Source\PSoC4/I2CMaster_I2C_SLAVE.c **** *
  11:.\Generated_Source\PSoC4/I2CMaster_I2C_SLAVE.c **** *******************************************************************************
  12:.\Generated_Source\PSoC4/I2CMaster_I2C_SLAVE.c **** * \copyright
  13:.\Generated_Source\PSoC4/I2CMaster_I2C_SLAVE.c **** * Copyright 2013-2016, Cypress Semiconductor Corporation.  All rights reserved.
  14:.\Generated_Source\PSoC4/I2CMaster_I2C_SLAVE.c **** * You may use this file only in accordance with the license, terms, conditions,
  15:.\Generated_Source\PSoC4/I2CMaster_I2C_SLAVE.c **** * disclaimers, and limitations in the end user license agreement accompanying
  16:.\Generated_Source\PSoC4/I2CMaster_I2C_SLAVE.c **** * the software package with which this file was provided.
  17:.\Generated_Source\PSoC4/I2CMaster_I2C_SLAVE.c **** *******************************************************************************/
  18:.\Generated_Source\PSoC4/I2CMaster_I2C_SLAVE.c **** 
  19:.\Generated_Source\PSoC4/I2CMaster_I2C_SLAVE.c **** #include "I2CMaster_I2C_PVT.h"
  20:.\Generated_Source\PSoC4/I2CMaster_I2C_SLAVE.c **** 
  21:.\Generated_Source\PSoC4/I2CMaster_I2C_SLAVE.c **** #if(I2CMaster_I2C_SLAVE_CONST)
  22:.\Generated_Source\PSoC4/I2CMaster_I2C_SLAVE.c **** 
  23:.\Generated_Source\PSoC4/I2CMaster_I2C_SLAVE.c **** /***************************************
ARM GAS  C:\Users\Chuck\AppData\Local\Temp\ccxeNeWc.s 			page 2


  24:.\Generated_Source\PSoC4/I2CMaster_I2C_SLAVE.c **** *      I2C Slave Private Vars
  25:.\Generated_Source\PSoC4/I2CMaster_I2C_SLAVE.c **** ***************************************/
  26:.\Generated_Source\PSoC4/I2CMaster_I2C_SLAVE.c **** 
  27:.\Generated_Source\PSoC4/I2CMaster_I2C_SLAVE.c **** volatile uint8 I2CMaster_slStatus;          /* Slave Status */
  28:.\Generated_Source\PSoC4/I2CMaster_I2C_SLAVE.c **** 
  29:.\Generated_Source\PSoC4/I2CMaster_I2C_SLAVE.c **** /* Receive buffer variables */
  30:.\Generated_Source\PSoC4/I2CMaster_I2C_SLAVE.c **** volatile uint8 * I2CMaster_slWrBufPtr;      /* Pointer to Receive buffer  */
  31:.\Generated_Source\PSoC4/I2CMaster_I2C_SLAVE.c **** volatile uint32  I2CMaster_slWrBufSize;     /* Slave Receive buffer size  */
  32:.\Generated_Source\PSoC4/I2CMaster_I2C_SLAVE.c **** volatile uint32  I2CMaster_slWrBufIndex;    /* Slave Receive buffer Index */
  33:.\Generated_Source\PSoC4/I2CMaster_I2C_SLAVE.c **** 
  34:.\Generated_Source\PSoC4/I2CMaster_I2C_SLAVE.c **** /* Transmit buffer variables */
  35:.\Generated_Source\PSoC4/I2CMaster_I2C_SLAVE.c **** volatile uint8 * I2CMaster_slRdBufPtr;      /* Pointer to Transmit buffer  */
  36:.\Generated_Source\PSoC4/I2CMaster_I2C_SLAVE.c **** volatile uint32  I2CMaster_slRdBufSize;     /* Slave Transmit buffer size  */
  37:.\Generated_Source\PSoC4/I2CMaster_I2C_SLAVE.c **** volatile uint32  I2CMaster_slRdBufIndex;    /* Slave Transmit buffer Index */
  38:.\Generated_Source\PSoC4/I2CMaster_I2C_SLAVE.c **** volatile uint32  I2CMaster_slRdBufIndexTmp; /* Slave Transmit buffer Index Tmp */
  39:.\Generated_Source\PSoC4/I2CMaster_I2C_SLAVE.c **** volatile uint8   I2CMaster_slOverFlowCount; /* Slave Transmit Overflow counter */
  40:.\Generated_Source\PSoC4/I2CMaster_I2C_SLAVE.c **** 
  41:.\Generated_Source\PSoC4/I2CMaster_I2C_SLAVE.c **** #if (I2CMaster_I2C_CUSTOM_ADDRESS_HANDLER_CONST)
  42:.\Generated_Source\PSoC4/I2CMaster_I2C_SLAVE.c **** 
  43:.\Generated_Source\PSoC4/I2CMaster_I2C_SLAVE.c ****     uint32 (*I2CMaster_customAddressHandler)(void) = NULL;
  44:.\Generated_Source\PSoC4/I2CMaster_I2C_SLAVE.c **** 
  45:.\Generated_Source\PSoC4/I2CMaster_I2C_SLAVE.c ****     /*******************************************************************************
  46:.\Generated_Source\PSoC4/I2CMaster_I2C_SLAVE.c ****     * Function Name: I2CMaster_SetI2cAddressCustomInterruptHandler
  47:.\Generated_Source\PSoC4/I2CMaster_I2C_SLAVE.c ****     ****************************************************************************//**
  48:.\Generated_Source\PSoC4/I2CMaster_I2C_SLAVE.c ****     *
  49:.\Generated_Source\PSoC4/I2CMaster_I2C_SLAVE.c ****     *  Registers a function to be called by the I2C slave interrupt handler during
  50:.\Generated_Source\PSoC4/I2CMaster_I2C_SLAVE.c ****     *  the I2C interrupt address processing. This function should be used when
  51:.\Generated_Source\PSoC4/I2CMaster_I2C_SLAVE.c ****     *  multiple I2C addresses need to be decoded or general call address supported.
  52:.\Generated_Source\PSoC4/I2CMaster_I2C_SLAVE.c ****     *  The registered function must return decision whether to ACK or NACK address.
  53:.\Generated_Source\PSoC4/I2CMaster_I2C_SLAVE.c ****     *  Only one I2C address handler is supported, which is the function provided
  54:.\Generated_Source\PSoC4/I2CMaster_I2C_SLAVE.c ****     *  by the most recent call.
  55:.\Generated_Source\PSoC4/I2CMaster_I2C_SLAVE.c ****     *  At initialization time no I2C address handler is registered.
  56:.\Generated_Source\PSoC4/I2CMaster_I2C_SLAVE.c ****     *
  57:.\Generated_Source\PSoC4/I2CMaster_I2C_SLAVE.c ****     *  \param func: Pointer to the function to register.
  58:.\Generated_Source\PSoC4/I2CMaster_I2C_SLAVE.c ****     *   The value NULL indicates to remove the current custom interrupt
  59:.\Generated_Source\PSoC4/I2CMaster_I2C_SLAVE.c ****     *   handler.
  60:.\Generated_Source\PSoC4/I2CMaster_I2C_SLAVE.c ****     *   The registered function must return decision whether to ACK or NACK 
  61:.\Generated_Source\PSoC4/I2CMaster_I2C_SLAVE.c ****     *   accepted address: 0 – ACK, other values – NACK. The registered 
  62:.\Generated_Source\PSoC4/I2CMaster_I2C_SLAVE.c ****     *   callback function does not perform the ACK/NACK, this operation is 
  63:.\Generated_Source\PSoC4/I2CMaster_I2C_SLAVE.c ****     *   performed in the I2C ISR.
  64:.\Generated_Source\PSoC4/I2CMaster_I2C_SLAVE.c ****     *
  65:.\Generated_Source\PSoC4/I2CMaster_I2C_SLAVE.c ****     *******************************************************************************/
  66:.\Generated_Source\PSoC4/I2CMaster_I2C_SLAVE.c ****     void I2CMaster_SetI2cAddressCustomInterruptHandler(uint32 (*func) (void))
  67:.\Generated_Source\PSoC4/I2CMaster_I2C_SLAVE.c ****     {
  68:.\Generated_Source\PSoC4/I2CMaster_I2C_SLAVE.c ****         /* Register custom address handler */
  69:.\Generated_Source\PSoC4/I2CMaster_I2C_SLAVE.c ****         I2CMaster_customAddressHandler = func;
  70:.\Generated_Source\PSoC4/I2CMaster_I2C_SLAVE.c ****     }
  71:.\Generated_Source\PSoC4/I2CMaster_I2C_SLAVE.c **** #endif /* (I2CMaster_I2C_CUSTOM_ADDRESS_HANDLER_CONST) */
  72:.\Generated_Source\PSoC4/I2CMaster_I2C_SLAVE.c **** 
  73:.\Generated_Source\PSoC4/I2CMaster_I2C_SLAVE.c **** 
  74:.\Generated_Source\PSoC4/I2CMaster_I2C_SLAVE.c **** /*******************************************************************************
  75:.\Generated_Source\PSoC4/I2CMaster_I2C_SLAVE.c **** * Function Name: I2CMaster_I2CSlaveStatus
  76:.\Generated_Source\PSoC4/I2CMaster_I2C_SLAVE.c **** ****************************************************************************//**
  77:.\Generated_Source\PSoC4/I2CMaster_I2C_SLAVE.c **** *
  78:.\Generated_Source\PSoC4/I2CMaster_I2C_SLAVE.c **** *  Returns the I2C slave's communication status.
  79:.\Generated_Source\PSoC4/I2CMaster_I2C_SLAVE.c **** *
  80:.\Generated_Source\PSoC4/I2CMaster_I2C_SLAVE.c **** * \return
ARM GAS  C:\Users\Chuck\AppData\Local\Temp\ccxeNeWc.s 			page 3


  81:.\Generated_Source\PSoC4/I2CMaster_I2C_SLAVE.c **** *  Current status of I2C slave.
  82:.\Generated_Source\PSoC4/I2CMaster_I2C_SLAVE.c **** *  This status incorporates read and write status constants. 
  83:.\Generated_Source\PSoC4/I2CMaster_I2C_SLAVE.c **** *  Each constant is a bit field value. The value returned may have multiple 
  84:.\Generated_Source\PSoC4/I2CMaster_I2C_SLAVE.c **** *  bits set to indicate the status of the read or write transfer.
  85:.\Generated_Source\PSoC4/I2CMaster_I2C_SLAVE.c **** *   - I2CMaster_I2C_SSTAT_RD_CMPLT - Slave read transfer complete. 
  86:.\Generated_Source\PSoC4/I2CMaster_I2C_SLAVE.c **** *     Set when master indicates it is done reading by sending a NAK.
  87:.\Generated_Source\PSoC4/I2CMaster_I2C_SLAVE.c **** *     The read error condition status bit must be checked to ensure that 
  88:.\Generated_Source\PSoC4/I2CMaster_I2C_SLAVE.c **** *     the read transfer was completed successfully.
  89:.\Generated_Source\PSoC4/I2CMaster_I2C_SLAVE.c **** *   - I2CMaster_I2C_SSTAT_RD_BUSY - Slave read transfer is in progress. 
  90:.\Generated_Source\PSoC4/I2CMaster_I2C_SLAVE.c **** *     Set when master addresses slave with a read, cleared when 
  91:.\Generated_Source\PSoC4/I2CMaster_I2C_SLAVE.c **** *    I2CMaster_I2C_SSTAT_RD_CMPLT is set.
  92:.\Generated_Source\PSoC4/I2CMaster_I2C_SLAVE.c **** *   - I2CMaster_I2C_SSTAT_RD_OVFL - Master attempted to read more bytes
  93:.\Generated_Source\PSoC4/I2CMaster_I2C_SLAVE.c **** *     than are in buffer. Slave continually returns 0xFF byte in this case.
  94:.\Generated_Source\PSoC4/I2CMaster_I2C_SLAVE.c **** *   - I2CMaster_I2C_SSTAT_RD_ERR - Slave captured error on the bus during 
  95:.\Generated_Source\PSoC4/I2CMaster_I2C_SLAVE.c **** *     a read transfer. The sources of error are: misplaced Start or Stop 
  96:.\Generated_Source\PSoC4/I2CMaster_I2C_SLAVE.c **** *     condition or lost arbitration while slave drives SDA.
  97:.\Generated_Source\PSoC4/I2CMaster_I2C_SLAVE.c **** *   - I2CMaster_I2C_SSTAT_WR_CMPLT - Slave write transfer complete. 
  98:.\Generated_Source\PSoC4/I2CMaster_I2C_SLAVE.c **** *     Set at reception of a Stop or ReStart condition. The write error condition
  99:.\Generated_Source\PSoC4/I2CMaster_I2C_SLAVE.c **** *     status bit must be checked to ensure that write transfer was completed
 100:.\Generated_Source\PSoC4/I2CMaster_I2C_SLAVE.c **** *     successfully.
 101:.\Generated_Source\PSoC4/I2CMaster_I2C_SLAVE.c **** *   - I2CMaster_I2C_SSTAT_WR_BUSY - Slave write transfer is in progress. 
 102:.\Generated_Source\PSoC4/I2CMaster_I2C_SLAVE.c **** *     Set when the master addresses the slave with a write, cleared when 
 103:.\Generated_Source\PSoC4/I2CMaster_I2C_SLAVE.c **** *    I2CMaster_I2C_SSTAT_WR_CMPLT is set.
 104:.\Generated_Source\PSoC4/I2CMaster_I2C_SLAVE.c **** *   - I2CMaster_I2C_SSTAT_WR_OVFL - Master attempted to write past end of 
 105:.\Generated_Source\PSoC4/I2CMaster_I2C_SLAVE.c **** *     buffer. Further bytes are ignored.
 106:.\Generated_Source\PSoC4/I2CMaster_I2C_SLAVE.c **** *   - I2CMaster_I2C_SSTAT_WR_ERR - Slave captured error on the bus during
 107:.\Generated_Source\PSoC4/I2CMaster_I2C_SLAVE.c **** *     write transfer. The sources of error are: misplaced Start or Stop condition
 108:.\Generated_Source\PSoC4/I2CMaster_I2C_SLAVE.c **** *     or lost arbitration while slave drives SDA.
 109:.\Generated_Source\PSoC4/I2CMaster_I2C_SLAVE.c **** *     The write buffer may contain invalid bytes or part of the data transfer when 
 110:.\Generated_Source\PSoC4/I2CMaster_I2C_SLAVE.c **** *     I2CMaster_I2C_SSTAT_WR_ERR is set. It is recommended to discard write 
 111:.\Generated_Source\PSoC4/I2CMaster_I2C_SLAVE.c **** *     buffer content in this case.
 112:.\Generated_Source\PSoC4/I2CMaster_I2C_SLAVE.c **** *
 113:.\Generated_Source\PSoC4/I2CMaster_I2C_SLAVE.c **** * \globalvars
 114:.\Generated_Source\PSoC4/I2CMaster_I2C_SLAVE.c **** *  I2CMaster_slStatus  - used to store current status of I2C slave.
 115:.\Generated_Source\PSoC4/I2CMaster_I2C_SLAVE.c **** *
 116:.\Generated_Source\PSoC4/I2CMaster_I2C_SLAVE.c **** *******************************************************************************/
 117:.\Generated_Source\PSoC4/I2CMaster_I2C_SLAVE.c **** uint32 I2CMaster_I2CSlaveStatus(void)
 118:.\Generated_Source\PSoC4/I2CMaster_I2C_SLAVE.c **** {
  35              		.loc 1 118 0
  36              		.cfi_startproc
  37 0000 80B5     		push	{r7, lr}
  38              		.cfi_def_cfa_offset 8
  39              		.cfi_offset 7, -8
  40              		.cfi_offset 14, -4
  41 0002 00AF     		add	r7, sp, #0
  42              		.cfi_def_cfa_register 7
 119:.\Generated_Source\PSoC4/I2CMaster_I2C_SLAVE.c ****     return((uint32) I2CMaster_slStatus);
  43              		.loc 1 119 0
  44 0004 024B     		ldr	r3, .L3
  45 0006 1B78     		ldrb	r3, [r3]
  46 0008 DBB2     		uxtb	r3, r3
 120:.\Generated_Source\PSoC4/I2CMaster_I2C_SLAVE.c **** }
  47              		.loc 1 120 0
  48 000a 181C     		mov	r0, r3
  49 000c BD46     		mov	sp, r7
  50              		@ sp needed
  51 000e 80BD     		pop	{r7, pc}
ARM GAS  C:\Users\Chuck\AppData\Local\Temp\ccxeNeWc.s 			page 4


  52              	.L4:
  53              		.align	2
  54              	.L3:
  55 0010 00000000 		.word	I2CMaster_slStatus
  56              		.cfi_endproc
  57              	.LFE0:
  58              		.size	I2CMaster_I2CSlaveStatus, .-I2CMaster_I2CSlaveStatus
  59              		.section	.text.I2CMaster_I2CSlaveClearReadStatus,"ax",%progbits
  60              		.align	2
  61              		.global	I2CMaster_I2CSlaveClearReadStatus
  62              		.code	16
  63              		.thumb_func
  64              		.type	I2CMaster_I2CSlaveClearReadStatus, %function
  65              	I2CMaster_I2CSlaveClearReadStatus:
  66              	.LFB1:
 121:.\Generated_Source\PSoC4/I2CMaster_I2C_SLAVE.c **** 
 122:.\Generated_Source\PSoC4/I2CMaster_I2C_SLAVE.c **** 
 123:.\Generated_Source\PSoC4/I2CMaster_I2C_SLAVE.c **** /*******************************************************************************
 124:.\Generated_Source\PSoC4/I2CMaster_I2C_SLAVE.c **** * Function Name: I2CMaster_I2CSlaveClearReadStatus
 125:.\Generated_Source\PSoC4/I2CMaster_I2C_SLAVE.c **** ****************************************************************************//**
 126:.\Generated_Source\PSoC4/I2CMaster_I2C_SLAVE.c **** *
 127:.\Generated_Source\PSoC4/I2CMaster_I2C_SLAVE.c **** *  Clears the read status flags and returns their values. No other status flags
 128:.\Generated_Source\PSoC4/I2CMaster_I2C_SLAVE.c **** *  are affected.
 129:.\Generated_Source\PSoC4/I2CMaster_I2C_SLAVE.c **** *
 130:.\Generated_Source\PSoC4/I2CMaster_I2C_SLAVE.c **** * \return
 131:.\Generated_Source\PSoC4/I2CMaster_I2C_SLAVE.c **** *  Current read status of slave. See the SCB_I2CSlaveStatus() function for 
 132:.\Generated_Source\PSoC4/I2CMaster_I2C_SLAVE.c **** *  constants.
 133:.\Generated_Source\PSoC4/I2CMaster_I2C_SLAVE.c **** *
 134:.\Generated_Source\PSoC4/I2CMaster_I2C_SLAVE.c **** * \sideeffect
 135:.\Generated_Source\PSoC4/I2CMaster_I2C_SLAVE.c **** *  This function does not clear I2CMaster_I2C_SSTAT_RD_BUSY.
 136:.\Generated_Source\PSoC4/I2CMaster_I2C_SLAVE.c **** *
 137:.\Generated_Source\PSoC4/I2CMaster_I2C_SLAVE.c **** * \globalvars
 138:.\Generated_Source\PSoC4/I2CMaster_I2C_SLAVE.c **** *  I2CMaster_slStatus  - used to store current status of I2C slave.
 139:.\Generated_Source\PSoC4/I2CMaster_I2C_SLAVE.c **** *
 140:.\Generated_Source\PSoC4/I2CMaster_I2C_SLAVE.c **** *******************************************************************************/
 141:.\Generated_Source\PSoC4/I2CMaster_I2C_SLAVE.c **** uint32 I2CMaster_I2CSlaveClearReadStatus(void)
 142:.\Generated_Source\PSoC4/I2CMaster_I2C_SLAVE.c **** {
  67              		.loc 1 142 0
  68              		.cfi_startproc
  69 0000 80B5     		push	{r7, lr}
  70              		.cfi_def_cfa_offset 8
  71              		.cfi_offset 7, -8
  72              		.cfi_offset 14, -4
  73 0002 82B0     		sub	sp, sp, #8
  74              		.cfi_def_cfa_offset 16
  75 0004 00AF     		add	r7, sp, #0
  76              		.cfi_def_cfa_register 7
 143:.\Generated_Source\PSoC4/I2CMaster_I2C_SLAVE.c ****     uint32 status;
 144:.\Generated_Source\PSoC4/I2CMaster_I2C_SLAVE.c **** 
 145:.\Generated_Source\PSoC4/I2CMaster_I2C_SLAVE.c ****     I2CMaster_DisableInt();  /* Lock from interruption */
  77              		.loc 1 145 0
  78 0006 0B20     		mov	r0, #11
  79 0008 FFF7FEFF 		bl	CyIntDisable
 146:.\Generated_Source\PSoC4/I2CMaster_I2C_SLAVE.c **** 
 147:.\Generated_Source\PSoC4/I2CMaster_I2C_SLAVE.c ****     /* Mask of transfer complete flag and error status */
 148:.\Generated_Source\PSoC4/I2CMaster_I2C_SLAVE.c ****     status = ((uint32) I2CMaster_slStatus & I2CMaster_I2C_SSTAT_RD_MASK);
  80              		.loc 1 148 0
ARM GAS  C:\Users\Chuck\AppData\Local\Temp\ccxeNeWc.s 			page 5


  81 000c 0B4B     		ldr	r3, .L7
  82 000e 1B78     		ldrb	r3, [r3]
  83 0010 DBB2     		uxtb	r3, r3
  84 0012 1A1C     		mov	r2, r3
  85 0014 0F23     		mov	r3, #15
  86 0016 1340     		and	r3, r2
  87 0018 7B60     		str	r3, [r7, #4]
 149:.\Generated_Source\PSoC4/I2CMaster_I2C_SLAVE.c ****     I2CMaster_slStatus &= (uint8) ~I2CMaster_I2C_SSTAT_RD_CLEAR;
  88              		.loc 1 149 0
  89 001a 084B     		ldr	r3, .L7
  90 001c 1B78     		ldrb	r3, [r3]
  91 001e DBB2     		uxtb	r3, r3
  92 0020 0D22     		mov	r2, #13
  93 0022 9343     		bic	r3, r2
  94 0024 DAB2     		uxtb	r2, r3
  95 0026 054B     		ldr	r3, .L7
  96 0028 1A70     		strb	r2, [r3]
 150:.\Generated_Source\PSoC4/I2CMaster_I2C_SLAVE.c **** 
 151:.\Generated_Source\PSoC4/I2CMaster_I2C_SLAVE.c ****     I2CMaster_EnableInt();   /* Release lock */
  97              		.loc 1 151 0
  98 002a 0B20     		mov	r0, #11
  99 002c FFF7FEFF 		bl	CyIntEnable
 152:.\Generated_Source\PSoC4/I2CMaster_I2C_SLAVE.c **** 
 153:.\Generated_Source\PSoC4/I2CMaster_I2C_SLAVE.c ****     return(status);
 100              		.loc 1 153 0
 101 0030 7B68     		ldr	r3, [r7, #4]
 154:.\Generated_Source\PSoC4/I2CMaster_I2C_SLAVE.c **** }
 102              		.loc 1 154 0
 103 0032 181C     		mov	r0, r3
 104 0034 BD46     		mov	sp, r7
 105 0036 02B0     		add	sp, sp, #8
 106              		@ sp needed
 107 0038 80BD     		pop	{r7, pc}
 108              	.L8:
 109 003a C046     		.align	2
 110              	.L7:
 111 003c 00000000 		.word	I2CMaster_slStatus
 112              		.cfi_endproc
 113              	.LFE1:
 114              		.size	I2CMaster_I2CSlaveClearReadStatus, .-I2CMaster_I2CSlaveClearReadStatus
 115              		.section	.text.I2CMaster_I2CSlaveClearWriteStatus,"ax",%progbits
 116              		.align	2
 117              		.global	I2CMaster_I2CSlaveClearWriteStatus
 118              		.code	16
 119              		.thumb_func
 120              		.type	I2CMaster_I2CSlaveClearWriteStatus, %function
 121              	I2CMaster_I2CSlaveClearWriteStatus:
 122              	.LFB2:
 155:.\Generated_Source\PSoC4/I2CMaster_I2C_SLAVE.c **** 
 156:.\Generated_Source\PSoC4/I2CMaster_I2C_SLAVE.c **** 
 157:.\Generated_Source\PSoC4/I2CMaster_I2C_SLAVE.c **** /*******************************************************************************
 158:.\Generated_Source\PSoC4/I2CMaster_I2C_SLAVE.c **** * Function Name: I2CMaster_I2CSlaveClearWriteStatus
 159:.\Generated_Source\PSoC4/I2CMaster_I2C_SLAVE.c **** ****************************************************************************//**
 160:.\Generated_Source\PSoC4/I2CMaster_I2C_SLAVE.c **** *
 161:.\Generated_Source\PSoC4/I2CMaster_I2C_SLAVE.c **** *  Clears the write status flags and returns their values. No other status flags
 162:.\Generated_Source\PSoC4/I2CMaster_I2C_SLAVE.c **** *  are affected.
 163:.\Generated_Source\PSoC4/I2CMaster_I2C_SLAVE.c **** *
ARM GAS  C:\Users\Chuck\AppData\Local\Temp\ccxeNeWc.s 			page 6


 164:.\Generated_Source\PSoC4/I2CMaster_I2C_SLAVE.c **** * \return
 165:.\Generated_Source\PSoC4/I2CMaster_I2C_SLAVE.c **** *  Current write status of slave. See the SCB_I2CSlaveStatus() function 
 166:.\Generated_Source\PSoC4/I2CMaster_I2C_SLAVE.c **** *  for constants.
 167:.\Generated_Source\PSoC4/I2CMaster_I2C_SLAVE.c **** *
 168:.\Generated_Source\PSoC4/I2CMaster_I2C_SLAVE.c **** * \sideeffect
 169:.\Generated_Source\PSoC4/I2CMaster_I2C_SLAVE.c **** *  This function does not clear I2CMaster_I2C_SSTAT_WR_BUSY.*
 170:.\Generated_Source\PSoC4/I2CMaster_I2C_SLAVE.c **** *
 171:.\Generated_Source\PSoC4/I2CMaster_I2C_SLAVE.c **** * \globalvars
 172:.\Generated_Source\PSoC4/I2CMaster_I2C_SLAVE.c **** *  I2CMaster_slStatus  - used to store current status of I2C slave.
 173:.\Generated_Source\PSoC4/I2CMaster_I2C_SLAVE.c **** *
 174:.\Generated_Source\PSoC4/I2CMaster_I2C_SLAVE.c **** *******************************************************************************/
 175:.\Generated_Source\PSoC4/I2CMaster_I2C_SLAVE.c **** uint32 I2CMaster_I2CSlaveClearWriteStatus(void)
 176:.\Generated_Source\PSoC4/I2CMaster_I2C_SLAVE.c **** {
 123              		.loc 1 176 0
 124              		.cfi_startproc
 125 0000 80B5     		push	{r7, lr}
 126              		.cfi_def_cfa_offset 8
 127              		.cfi_offset 7, -8
 128              		.cfi_offset 14, -4
 129 0002 82B0     		sub	sp, sp, #8
 130              		.cfi_def_cfa_offset 16
 131 0004 00AF     		add	r7, sp, #0
 132              		.cfi_def_cfa_register 7
 177:.\Generated_Source\PSoC4/I2CMaster_I2C_SLAVE.c ****     uint32 status;
 178:.\Generated_Source\PSoC4/I2CMaster_I2C_SLAVE.c **** 
 179:.\Generated_Source\PSoC4/I2CMaster_I2C_SLAVE.c ****     I2CMaster_DisableInt();  /* Lock from interruption */
 133              		.loc 1 179 0
 134 0006 0B20     		mov	r0, #11
 135 0008 FFF7FEFF 		bl	CyIntDisable
 180:.\Generated_Source\PSoC4/I2CMaster_I2C_SLAVE.c **** 
 181:.\Generated_Source\PSoC4/I2CMaster_I2C_SLAVE.c ****     /* Mask of transfer complete flag and Error status */
 182:.\Generated_Source\PSoC4/I2CMaster_I2C_SLAVE.c ****     status = ((uint32) I2CMaster_slStatus & I2CMaster_I2C_SSTAT_WR_MASK);
 136              		.loc 1 182 0
 137 000c 0B4B     		ldr	r3, .L11
 138 000e 1B78     		ldrb	r3, [r3]
 139 0010 DBB2     		uxtb	r3, r3
 140 0012 1A1C     		mov	r2, r3
 141 0014 F023     		mov	r3, #240
 142 0016 1340     		and	r3, r2
 143 0018 7B60     		str	r3, [r7, #4]
 183:.\Generated_Source\PSoC4/I2CMaster_I2C_SLAVE.c ****     I2CMaster_slStatus &= (uint8) ~I2CMaster_I2C_SSTAT_WR_CLEAR;
 144              		.loc 1 183 0
 145 001a 084B     		ldr	r3, .L11
 146 001c 1B78     		ldrb	r3, [r3]
 147 001e DBB2     		uxtb	r3, r3
 148 0020 2F22     		mov	r2, #47
 149 0022 1340     		and	r3, r2
 150 0024 DAB2     		uxtb	r2, r3
 151 0026 054B     		ldr	r3, .L11
 152 0028 1A70     		strb	r2, [r3]
 184:.\Generated_Source\PSoC4/I2CMaster_I2C_SLAVE.c **** 
 185:.\Generated_Source\PSoC4/I2CMaster_I2C_SLAVE.c ****     I2CMaster_EnableInt();   /* Release lock */
 153              		.loc 1 185 0
 154 002a 0B20     		mov	r0, #11
 155 002c FFF7FEFF 		bl	CyIntEnable
 186:.\Generated_Source\PSoC4/I2CMaster_I2C_SLAVE.c **** 
 187:.\Generated_Source\PSoC4/I2CMaster_I2C_SLAVE.c ****     return(status);
ARM GAS  C:\Users\Chuck\AppData\Local\Temp\ccxeNeWc.s 			page 7


 156              		.loc 1 187 0
 157 0030 7B68     		ldr	r3, [r7, #4]
 188:.\Generated_Source\PSoC4/I2CMaster_I2C_SLAVE.c **** }
 158              		.loc 1 188 0
 159 0032 181C     		mov	r0, r3
 160 0034 BD46     		mov	sp, r7
 161 0036 02B0     		add	sp, sp, #8
 162              		@ sp needed
 163 0038 80BD     		pop	{r7, pc}
 164              	.L12:
 165 003a C046     		.align	2
 166              	.L11:
 167 003c 00000000 		.word	I2CMaster_slStatus
 168              		.cfi_endproc
 169              	.LFE2:
 170              		.size	I2CMaster_I2CSlaveClearWriteStatus, .-I2CMaster_I2CSlaveClearWriteStatus
 171              		.section	.text.I2CMaster_I2CSlaveSetAddress,"ax",%progbits
 172              		.align	2
 173              		.global	I2CMaster_I2CSlaveSetAddress
 174              		.code	16
 175              		.thumb_func
 176              		.type	I2CMaster_I2CSlaveSetAddress, %function
 177              	I2CMaster_I2CSlaveSetAddress:
 178              	.LFB3:
 189:.\Generated_Source\PSoC4/I2CMaster_I2C_SLAVE.c **** 
 190:.\Generated_Source\PSoC4/I2CMaster_I2C_SLAVE.c **** 
 191:.\Generated_Source\PSoC4/I2CMaster_I2C_SLAVE.c **** /*******************************************************************************
 192:.\Generated_Source\PSoC4/I2CMaster_I2C_SLAVE.c **** * Function Name: I2CMaster_I2CSlaveSetAddress
 193:.\Generated_Source\PSoC4/I2CMaster_I2C_SLAVE.c **** ****************************************************************************//**
 194:.\Generated_Source\PSoC4/I2CMaster_I2C_SLAVE.c **** *
 195:.\Generated_Source\PSoC4/I2CMaster_I2C_SLAVE.c **** * Sets the I2C slave address.
 196:.\Generated_Source\PSoC4/I2CMaster_I2C_SLAVE.c **** *
 197:.\Generated_Source\PSoC4/I2CMaster_I2C_SLAVE.c **** * \param address: I2C slave address for the primary device.
 198:.\Generated_Source\PSoC4/I2CMaster_I2C_SLAVE.c **** *  This address is the 7-bit right-justified slave address and does not 
 199:.\Generated_Source\PSoC4/I2CMaster_I2C_SLAVE.c **** *  include the R/W bit.
 200:.\Generated_Source\PSoC4/I2CMaster_I2C_SLAVE.c **** *  The address value is not checked to see if it violates the I2C spec. 
 201:.\Generated_Source\PSoC4/I2CMaster_I2C_SLAVE.c **** *  The preferred addresses are between 8 and 120 (0x08 to 0x78).
 202:.\Generated_Source\PSoC4/I2CMaster_I2C_SLAVE.c **** *
 203:.\Generated_Source\PSoC4/I2CMaster_I2C_SLAVE.c **** *******************************************************************************/
 204:.\Generated_Source\PSoC4/I2CMaster_I2C_SLAVE.c **** void I2CMaster_I2CSlaveSetAddress(uint32 address)
 205:.\Generated_Source\PSoC4/I2CMaster_I2C_SLAVE.c **** {
 179              		.loc 1 205 0
 180              		.cfi_startproc
 181 0000 80B5     		push	{r7, lr}
 182              		.cfi_def_cfa_offset 8
 183              		.cfi_offset 7, -8
 184              		.cfi_offset 14, -4
 185 0002 84B0     		sub	sp, sp, #16
 186              		.cfi_def_cfa_offset 24
 187 0004 00AF     		add	r7, sp, #0
 188              		.cfi_def_cfa_register 7
 189 0006 7860     		str	r0, [r7, #4]
 206:.\Generated_Source\PSoC4/I2CMaster_I2C_SLAVE.c ****     uint32 matchReg;
 207:.\Generated_Source\PSoC4/I2CMaster_I2C_SLAVE.c **** 
 208:.\Generated_Source\PSoC4/I2CMaster_I2C_SLAVE.c ****     matchReg = I2CMaster_RX_MATCH_REG;
 190              		.loc 1 208 0
 191 0008 094B     		ldr	r3, .L14
ARM GAS  C:\Users\Chuck\AppData\Local\Temp\ccxeNeWc.s 			page 8


 192 000a 1B68     		ldr	r3, [r3]
 193 000c FB60     		str	r3, [r7, #12]
 209:.\Generated_Source\PSoC4/I2CMaster_I2C_SLAVE.c **** 
 210:.\Generated_Source\PSoC4/I2CMaster_I2C_SLAVE.c ****     matchReg &= ((uint32) ~I2CMaster_RX_MATCH_ADDR_MASK); /* Clear address bits */
 194              		.loc 1 210 0
 195 000e FB68     		ldr	r3, [r7, #12]
 196 0010 FF22     		mov	r2, #255
 197 0012 9343     		bic	r3, r2
 198 0014 FB60     		str	r3, [r7, #12]
 211:.\Generated_Source\PSoC4/I2CMaster_I2C_SLAVE.c ****     matchReg |= ((uint32)  I2CMaster_GET_I2C_8BIT_ADDRESS(address));
 199              		.loc 1 211 0
 200 0016 7B68     		ldr	r3, [r7, #4]
 201 0018 5B00     		lsl	r3, r3, #1
 202 001a FF22     		mov	r2, #255
 203 001c 1340     		and	r3, r2
 204 001e FA68     		ldr	r2, [r7, #12]
 205 0020 1343     		orr	r3, r2
 206 0022 FB60     		str	r3, [r7, #12]
 212:.\Generated_Source\PSoC4/I2CMaster_I2C_SLAVE.c **** 
 213:.\Generated_Source\PSoC4/I2CMaster_I2C_SLAVE.c ****     I2CMaster_RX_MATCH_REG = matchReg;
 207              		.loc 1 213 0
 208 0024 024B     		ldr	r3, .L14
 209 0026 FA68     		ldr	r2, [r7, #12]
 210 0028 1A60     		str	r2, [r3]
 214:.\Generated_Source\PSoC4/I2CMaster_I2C_SLAVE.c **** }
 211              		.loc 1 214 0
 212 002a BD46     		mov	sp, r7
 213 002c 04B0     		add	sp, sp, #16
 214              		@ sp needed
 215 002e 80BD     		pop	{r7, pc}
 216              	.L15:
 217              		.align	2
 218              	.L14:
 219 0030 10030740 		.word	1074201360
 220              		.cfi_endproc
 221              	.LFE3:
 222              		.size	I2CMaster_I2CSlaveSetAddress, .-I2CMaster_I2CSlaveSetAddress
 223              		.section	.text.I2CMaster_I2CSlaveSetAddressMask,"ax",%progbits
 224              		.align	2
 225              		.global	I2CMaster_I2CSlaveSetAddressMask
 226              		.code	16
 227              		.thumb_func
 228              		.type	I2CMaster_I2CSlaveSetAddressMask, %function
 229              	I2CMaster_I2CSlaveSetAddressMask:
 230              	.LFB4:
 215:.\Generated_Source\PSoC4/I2CMaster_I2C_SLAVE.c **** 
 216:.\Generated_Source\PSoC4/I2CMaster_I2C_SLAVE.c **** 
 217:.\Generated_Source\PSoC4/I2CMaster_I2C_SLAVE.c **** /*******************************************************************************
 218:.\Generated_Source\PSoC4/I2CMaster_I2C_SLAVE.c **** * Function Name: I2CMaster_I2CSlaveSetAddressMask
 219:.\Generated_Source\PSoC4/I2CMaster_I2C_SLAVE.c **** ****************************************************************************//**
 220:.\Generated_Source\PSoC4/I2CMaster_I2C_SLAVE.c **** *
 221:.\Generated_Source\PSoC4/I2CMaster_I2C_SLAVE.c **** *  Sets the I2C slave address mask.
 222:.\Generated_Source\PSoC4/I2CMaster_I2C_SLAVE.c **** *
 223:.\Generated_Source\PSoC4/I2CMaster_I2C_SLAVE.c **** * \param addressMask: I2C slave address mask.
 224:.\Generated_Source\PSoC4/I2CMaster_I2C_SLAVE.c **** *  - Bit value 0 – excludes bit from address comparison.
 225:.\Generated_Source\PSoC4/I2CMaster_I2C_SLAVE.c **** *  - Bit value 1 – the bit needs to match with the corresponding bit of the 
 226:.\Generated_Source\PSoC4/I2CMaster_I2C_SLAVE.c **** *  I2C slave address.
ARM GAS  C:\Users\Chuck\AppData\Local\Temp\ccxeNeWc.s 			page 9


 227:.\Generated_Source\PSoC4/I2CMaster_I2C_SLAVE.c **** *
 228:.\Generated_Source\PSoC4/I2CMaster_I2C_SLAVE.c **** *  The range of valid values is between 0 and 254 (0x00 to 0xFE). 
 229:.\Generated_Source\PSoC4/I2CMaster_I2C_SLAVE.c **** *  The LSB of the address mask must be 0 because it corresponds to R/W bit 
 230:.\Generated_Source\PSoC4/I2CMaster_I2C_SLAVE.c **** *  within I2C slave address byte.
 231:.\Generated_Source\PSoC4/I2CMaster_I2C_SLAVE.c **** *
 232:.\Generated_Source\PSoC4/I2CMaster_I2C_SLAVE.c **** *******************************************************************************/
 233:.\Generated_Source\PSoC4/I2CMaster_I2C_SLAVE.c **** void I2CMaster_I2CSlaveSetAddressMask(uint32 addressMask)
 234:.\Generated_Source\PSoC4/I2CMaster_I2C_SLAVE.c **** {
 231              		.loc 1 234 0
 232              		.cfi_startproc
 233 0000 80B5     		push	{r7, lr}
 234              		.cfi_def_cfa_offset 8
 235              		.cfi_offset 7, -8
 236              		.cfi_offset 14, -4
 237 0002 84B0     		sub	sp, sp, #16
 238              		.cfi_def_cfa_offset 24
 239 0004 00AF     		add	r7, sp, #0
 240              		.cfi_def_cfa_register 7
 241 0006 7860     		str	r0, [r7, #4]
 235:.\Generated_Source\PSoC4/I2CMaster_I2C_SLAVE.c ****     uint32 matchReg;
 236:.\Generated_Source\PSoC4/I2CMaster_I2C_SLAVE.c **** 
 237:.\Generated_Source\PSoC4/I2CMaster_I2C_SLAVE.c ****     matchReg = I2CMaster_RX_MATCH_REG;
 242              		.loc 1 237 0
 243 0008 084B     		ldr	r3, .L17
 244 000a 1B68     		ldr	r3, [r3]
 245 000c FB60     		str	r3, [r7, #12]
 238:.\Generated_Source\PSoC4/I2CMaster_I2C_SLAVE.c **** 
 239:.\Generated_Source\PSoC4/I2CMaster_I2C_SLAVE.c ****     matchReg &= ((uint32) ~I2CMaster_RX_MATCH_MASK_MASK);
 246              		.loc 1 239 0
 247 000e FB68     		ldr	r3, [r7, #12]
 248 0010 074A     		ldr	r2, .L17+4
 249 0012 1340     		and	r3, r2
 250 0014 FB60     		str	r3, [r7, #12]
 240:.\Generated_Source\PSoC4/I2CMaster_I2C_SLAVE.c ****     matchReg |= ((uint32) (addressMask << I2CMaster_RX_MATCH_MASK_POS));
 251              		.loc 1 240 0
 252 0016 7B68     		ldr	r3, [r7, #4]
 253 0018 1B04     		lsl	r3, r3, #16
 254 001a FA68     		ldr	r2, [r7, #12]
 255 001c 1343     		orr	r3, r2
 256 001e FB60     		str	r3, [r7, #12]
 241:.\Generated_Source\PSoC4/I2CMaster_I2C_SLAVE.c **** 
 242:.\Generated_Source\PSoC4/I2CMaster_I2C_SLAVE.c ****     I2CMaster_RX_MATCH_REG = matchReg;
 257              		.loc 1 242 0
 258 0020 024B     		ldr	r3, .L17
 259 0022 FA68     		ldr	r2, [r7, #12]
 260 0024 1A60     		str	r2, [r3]
 243:.\Generated_Source\PSoC4/I2CMaster_I2C_SLAVE.c **** }
 261              		.loc 1 243 0
 262 0026 BD46     		mov	sp, r7
 263 0028 04B0     		add	sp, sp, #16
 264              		@ sp needed
 265 002a 80BD     		pop	{r7, pc}
 266              	.L18:
 267              		.align	2
 268              	.L17:
 269 002c 10030740 		.word	1074201360
 270 0030 FFFF00FF 		.word	-16711681
ARM GAS  C:\Users\Chuck\AppData\Local\Temp\ccxeNeWc.s 			page 10


 271              		.cfi_endproc
 272              	.LFE4:
 273              		.size	I2CMaster_I2CSlaveSetAddressMask, .-I2CMaster_I2CSlaveSetAddressMask
 274              		.section	.text.I2CMaster_I2CSlaveInitReadBuf,"ax",%progbits
 275              		.align	2
 276              		.global	I2CMaster_I2CSlaveInitReadBuf
 277              		.code	16
 278              		.thumb_func
 279              		.type	I2CMaster_I2CSlaveInitReadBuf, %function
 280              	I2CMaster_I2CSlaveInitReadBuf:
 281              	.LFB5:
 244:.\Generated_Source\PSoC4/I2CMaster_I2C_SLAVE.c **** 
 245:.\Generated_Source\PSoC4/I2CMaster_I2C_SLAVE.c **** 
 246:.\Generated_Source\PSoC4/I2CMaster_I2C_SLAVE.c **** /*******************************************************************************
 247:.\Generated_Source\PSoC4/I2CMaster_I2C_SLAVE.c **** * Function Name: I2CMaster_I2CSlaveInitReadBuf
 248:.\Generated_Source\PSoC4/I2CMaster_I2C_SLAVE.c **** ****************************************************************************//**
 249:.\Generated_Source\PSoC4/I2CMaster_I2C_SLAVE.c **** *
 250:.\Generated_Source\PSoC4/I2CMaster_I2C_SLAVE.c **** *  Sets the buffer pointer and size of the read buffer. This function also
 251:.\Generated_Source\PSoC4/I2CMaster_I2C_SLAVE.c **** *  resets the transfer count returned with the 
 252:.\Generated_Source\PSoC4/I2CMaster_I2C_SLAVE.c **** *  I2CMaster_SlaveGetReadBufSize() function.
 253:.\Generated_Source\PSoC4/I2CMaster_I2C_SLAVE.c **** *
 254:.\Generated_Source\PSoC4/I2CMaster_I2C_SLAVE.c **** * \param readBuf: Pointer to the data buffer to be read by the master.
 255:.\Generated_Source\PSoC4/I2CMaster_I2C_SLAVE.c **** * \param bufSize: Size of the read buffer exposed to the I2C master.
 256:.\Generated_Source\PSoC4/I2CMaster_I2C_SLAVE.c **** *
 257:.\Generated_Source\PSoC4/I2CMaster_I2C_SLAVE.c **** * \sideeffect
 258:.\Generated_Source\PSoC4/I2CMaster_I2C_SLAVE.c **** *  If this function is called during a bus transaction, data from the previous
 259:.\Generated_Source\PSoC4/I2CMaster_I2C_SLAVE.c **** *  buffer location and the beginning of current buffer may be transmitted.
 260:.\Generated_Source\PSoC4/I2CMaster_I2C_SLAVE.c **** *
 261:.\Generated_Source\PSoC4/I2CMaster_I2C_SLAVE.c **** * \globalvars
 262:.\Generated_Source\PSoC4/I2CMaster_I2C_SLAVE.c **** *  I2CMaster_slRdBufPtr   - used to store pointer to slave read buffer.
 263:.\Generated_Source\PSoC4/I2CMaster_I2C_SLAVE.c **** *  I2CMaster_slRdBufSize  - used to store salve read buffer size.
 264:.\Generated_Source\PSoC4/I2CMaster_I2C_SLAVE.c **** *  I2CMaster_slRdBufIndex - used to store current index within slave
 265:.\Generated_Source\PSoC4/I2CMaster_I2C_SLAVE.c **** *  read buffer.
 266:.\Generated_Source\PSoC4/I2CMaster_I2C_SLAVE.c **** *
 267:.\Generated_Source\PSoC4/I2CMaster_I2C_SLAVE.c **** *******************************************************************************/
 268:.\Generated_Source\PSoC4/I2CMaster_I2C_SLAVE.c **** void I2CMaster_I2CSlaveInitReadBuf(uint8 * rdBuf, uint32 bufSize)
 269:.\Generated_Source\PSoC4/I2CMaster_I2C_SLAVE.c **** {
 282              		.loc 1 269 0
 283              		.cfi_startproc
 284 0000 80B5     		push	{r7, lr}
 285              		.cfi_def_cfa_offset 8
 286              		.cfi_offset 7, -8
 287              		.cfi_offset 14, -4
 288 0002 82B0     		sub	sp, sp, #8
 289              		.cfi_def_cfa_offset 16
 290 0004 00AF     		add	r7, sp, #0
 291              		.cfi_def_cfa_register 7
 292 0006 7860     		str	r0, [r7, #4]
 293 0008 3960     		str	r1, [r7]
 270:.\Generated_Source\PSoC4/I2CMaster_I2C_SLAVE.c ****     /* Check for proper buffer */
 271:.\Generated_Source\PSoC4/I2CMaster_I2C_SLAVE.c ****     if(NULL != rdBuf)
 294              		.loc 1 271 0
 295 000a 7B68     		ldr	r3, [r7, #4]
 296 000c 002B     		cmp	r3, #0
 297 000e 11D0     		beq	.L19
 272:.\Generated_Source\PSoC4/I2CMaster_I2C_SLAVE.c ****     {
 273:.\Generated_Source\PSoC4/I2CMaster_I2C_SLAVE.c ****         I2CMaster_DisableInt();  /* Lock from interruption */
ARM GAS  C:\Users\Chuck\AppData\Local\Temp\ccxeNeWc.s 			page 11


 298              		.loc 1 273 0
 299 0010 0B20     		mov	r0, #11
 300 0012 FFF7FEFF 		bl	CyIntDisable
 274:.\Generated_Source\PSoC4/I2CMaster_I2C_SLAVE.c **** 
 275:.\Generated_Source\PSoC4/I2CMaster_I2C_SLAVE.c ****         I2CMaster_slRdBufPtr      = (volatile uint8 *) rdBuf; /* Set buffer pointer  */
 301              		.loc 1 275 0
 302 0016 094B     		ldr	r3, .L21
 303 0018 7A68     		ldr	r2, [r7, #4]
 304 001a 1A60     		str	r2, [r3]
 276:.\Generated_Source\PSoC4/I2CMaster_I2C_SLAVE.c ****         I2CMaster_slRdBufSize     = bufSize;                  /* Set buffer size     */
 305              		.loc 1 276 0
 306 001c 084B     		ldr	r3, .L21+4
 307 001e 3A68     		ldr	r2, [r7]
 308 0020 1A60     		str	r2, [r3]
 277:.\Generated_Source\PSoC4/I2CMaster_I2C_SLAVE.c ****         I2CMaster_slRdBufIndex    = 0u;                       /* Clear buffer index  */
 309              		.loc 1 277 0
 310 0022 084B     		ldr	r3, .L21+8
 311 0024 0022     		mov	r2, #0
 312 0026 1A60     		str	r2, [r3]
 278:.\Generated_Source\PSoC4/I2CMaster_I2C_SLAVE.c ****         I2CMaster_slRdBufIndexTmp = 0u;                       /* Clear buffer index  */
 313              		.loc 1 278 0
 314 0028 074B     		ldr	r3, .L21+12
 315 002a 0022     		mov	r2, #0
 316 002c 1A60     		str	r2, [r3]
 279:.\Generated_Source\PSoC4/I2CMaster_I2C_SLAVE.c **** 
 280:.\Generated_Source\PSoC4/I2CMaster_I2C_SLAVE.c ****         I2CMaster_EnableInt();   /* Release lock */
 317              		.loc 1 280 0
 318 002e 0B20     		mov	r0, #11
 319 0030 FFF7FEFF 		bl	CyIntEnable
 320              	.L19:
 281:.\Generated_Source\PSoC4/I2CMaster_I2C_SLAVE.c ****     }
 282:.\Generated_Source\PSoC4/I2CMaster_I2C_SLAVE.c **** }
 321              		.loc 1 282 0
 322 0034 BD46     		mov	sp, r7
 323 0036 02B0     		add	sp, sp, #8
 324              		@ sp needed
 325 0038 80BD     		pop	{r7, pc}
 326              	.L22:
 327 003a C046     		.align	2
 328              	.L21:
 329 003c 00000000 		.word	I2CMaster_slRdBufPtr
 330 0040 00000000 		.word	I2CMaster_slRdBufSize
 331 0044 00000000 		.word	I2CMaster_slRdBufIndex
 332 0048 00000000 		.word	I2CMaster_slRdBufIndexTmp
 333              		.cfi_endproc
 334              	.LFE5:
 335              		.size	I2CMaster_I2CSlaveInitReadBuf, .-I2CMaster_I2CSlaveInitReadBuf
 336              		.section	.text.I2CMaster_I2CSlaveInitWriteBuf,"ax",%progbits
 337              		.align	2
 338              		.global	I2CMaster_I2CSlaveInitWriteBuf
 339              		.code	16
 340              		.thumb_func
 341              		.type	I2CMaster_I2CSlaveInitWriteBuf, %function
 342              	I2CMaster_I2CSlaveInitWriteBuf:
 343              	.LFB6:
 283:.\Generated_Source\PSoC4/I2CMaster_I2C_SLAVE.c **** 
 284:.\Generated_Source\PSoC4/I2CMaster_I2C_SLAVE.c **** 
ARM GAS  C:\Users\Chuck\AppData\Local\Temp\ccxeNeWc.s 			page 12


 285:.\Generated_Source\PSoC4/I2CMaster_I2C_SLAVE.c **** /*******************************************************************************
 286:.\Generated_Source\PSoC4/I2CMaster_I2C_SLAVE.c **** * Function Name: I2CMaster_I2CSlaveInitWriteBuf
 287:.\Generated_Source\PSoC4/I2CMaster_I2C_SLAVE.c **** ****************************************************************************//**
 288:.\Generated_Source\PSoC4/I2CMaster_I2C_SLAVE.c **** *
 289:.\Generated_Source\PSoC4/I2CMaster_I2C_SLAVE.c **** *  Sets the buffer pointer and size of the write buffer. This function also 
 290:.\Generated_Source\PSoC4/I2CMaster_I2C_SLAVE.c **** *  resets the transfer count returned with the 
 291:.\Generated_Source\PSoC4/I2CMaster_I2C_SLAVE.c **** *  I2CMaster_I2CSlaveGetWriteBufSize() function.
 292:.\Generated_Source\PSoC4/I2CMaster_I2C_SLAVE.c **** *
 293:.\Generated_Source\PSoC4/I2CMaster_I2C_SLAVE.c **** * \param writeBuf: Pointer to the data buffer to be written by the master.
 294:.\Generated_Source\PSoC4/I2CMaster_I2C_SLAVE.c **** * \param bufSize:  Size of the write buffer exposed to the I2C master.
 295:.\Generated_Source\PSoC4/I2CMaster_I2C_SLAVE.c **** *
 296:.\Generated_Source\PSoC4/I2CMaster_I2C_SLAVE.c **** * \sideeffect
 297:.\Generated_Source\PSoC4/I2CMaster_I2C_SLAVE.c **** *  If this function is called during a bus transaction, data may be received in 
 298:.\Generated_Source\PSoC4/I2CMaster_I2C_SLAVE.c **** *  the previous buffer and the current buffer location.
 299:.\Generated_Source\PSoC4/I2CMaster_I2C_SLAVE.c **** *
 300:.\Generated_Source\PSoC4/I2CMaster_I2C_SLAVE.c **** * \globalvars
 301:.\Generated_Source\PSoC4/I2CMaster_I2C_SLAVE.c **** *  I2CMaster_slWrBufPtr   - used to store pointer to slave write buffer.
 302:.\Generated_Source\PSoC4/I2CMaster_I2C_SLAVE.c **** *  I2CMaster_slWrBufSize  - used to store salve write buffer size.
 303:.\Generated_Source\PSoC4/I2CMaster_I2C_SLAVE.c **** *  I2CMaster_slWrBufIndex - used to store current index within slave
 304:.\Generated_Source\PSoC4/I2CMaster_I2C_SLAVE.c **** *   write buffer.
 305:.\Generated_Source\PSoC4/I2CMaster_I2C_SLAVE.c **** *
 306:.\Generated_Source\PSoC4/I2CMaster_I2C_SLAVE.c **** *******************************************************************************/
 307:.\Generated_Source\PSoC4/I2CMaster_I2C_SLAVE.c **** void I2CMaster_I2CSlaveInitWriteBuf(uint8 * wrBuf, uint32 bufSize)
 308:.\Generated_Source\PSoC4/I2CMaster_I2C_SLAVE.c **** {
 344              		.loc 1 308 0
 345              		.cfi_startproc
 346 0000 80B5     		push	{r7, lr}
 347              		.cfi_def_cfa_offset 8
 348              		.cfi_offset 7, -8
 349              		.cfi_offset 14, -4
 350 0002 82B0     		sub	sp, sp, #8
 351              		.cfi_def_cfa_offset 16
 352 0004 00AF     		add	r7, sp, #0
 353              		.cfi_def_cfa_register 7
 354 0006 7860     		str	r0, [r7, #4]
 355 0008 3960     		str	r1, [r7]
 309:.\Generated_Source\PSoC4/I2CMaster_I2C_SLAVE.c ****     /* Check buffer pointer */
 310:.\Generated_Source\PSoC4/I2CMaster_I2C_SLAVE.c ****     if(NULL != wrBuf)
 356              		.loc 1 310 0
 357 000a 7B68     		ldr	r3, [r7, #4]
 358 000c 002B     		cmp	r3, #0
 359 000e 0ED0     		beq	.L23
 311:.\Generated_Source\PSoC4/I2CMaster_I2C_SLAVE.c ****     {
 312:.\Generated_Source\PSoC4/I2CMaster_I2C_SLAVE.c ****         I2CMaster_DisableInt();  /* Lock from interruption */
 360              		.loc 1 312 0
 361 0010 0B20     		mov	r0, #11
 362 0012 FFF7FEFF 		bl	CyIntDisable
 313:.\Generated_Source\PSoC4/I2CMaster_I2C_SLAVE.c **** 
 314:.\Generated_Source\PSoC4/I2CMaster_I2C_SLAVE.c ****         I2CMaster_slWrBufPtr   = (volatile uint8 *) wrBuf; /* Set buffer pointer  */
 363              		.loc 1 314 0
 364 0016 074B     		ldr	r3, .L25
 365 0018 7A68     		ldr	r2, [r7, #4]
 366 001a 1A60     		str	r2, [r3]
 315:.\Generated_Source\PSoC4/I2CMaster_I2C_SLAVE.c ****         I2CMaster_slWrBufSize  = bufSize;                  /* Set buffer size     */
 367              		.loc 1 315 0
 368 001c 064B     		ldr	r3, .L25+4
 369 001e 3A68     		ldr	r2, [r7]
ARM GAS  C:\Users\Chuck\AppData\Local\Temp\ccxeNeWc.s 			page 13


 370 0020 1A60     		str	r2, [r3]
 316:.\Generated_Source\PSoC4/I2CMaster_I2C_SLAVE.c ****         I2CMaster_slWrBufIndex = 0u;                       /* Clear buffer index  */
 371              		.loc 1 316 0
 372 0022 064B     		ldr	r3, .L25+8
 373 0024 0022     		mov	r2, #0
 374 0026 1A60     		str	r2, [r3]
 317:.\Generated_Source\PSoC4/I2CMaster_I2C_SLAVE.c **** 
 318:.\Generated_Source\PSoC4/I2CMaster_I2C_SLAVE.c ****         I2CMaster_EnableInt();   /* Release lock */
 375              		.loc 1 318 0
 376 0028 0B20     		mov	r0, #11
 377 002a FFF7FEFF 		bl	CyIntEnable
 378              	.L23:
 319:.\Generated_Source\PSoC4/I2CMaster_I2C_SLAVE.c ****     }
 320:.\Generated_Source\PSoC4/I2CMaster_I2C_SLAVE.c **** }
 379              		.loc 1 320 0
 380 002e BD46     		mov	sp, r7
 381 0030 02B0     		add	sp, sp, #8
 382              		@ sp needed
 383 0032 80BD     		pop	{r7, pc}
 384              	.L26:
 385              		.align	2
 386              	.L25:
 387 0034 00000000 		.word	I2CMaster_slWrBufPtr
 388 0038 00000000 		.word	I2CMaster_slWrBufSize
 389 003c 00000000 		.word	I2CMaster_slWrBufIndex
 390              		.cfi_endproc
 391              	.LFE6:
 392              		.size	I2CMaster_I2CSlaveInitWriteBuf, .-I2CMaster_I2CSlaveInitWriteBuf
 393              		.section	.text.I2CMaster_I2CSlaveGetReadBufSize,"ax",%progbits
 394              		.align	2
 395              		.global	I2CMaster_I2CSlaveGetReadBufSize
 396              		.code	16
 397              		.thumb_func
 398              		.type	I2CMaster_I2CSlaveGetReadBufSize, %function
 399              	I2CMaster_I2CSlaveGetReadBufSize:
 400              	.LFB7:
 321:.\Generated_Source\PSoC4/I2CMaster_I2C_SLAVE.c **** 
 322:.\Generated_Source\PSoC4/I2CMaster_I2C_SLAVE.c **** 
 323:.\Generated_Source\PSoC4/I2CMaster_I2C_SLAVE.c **** /*******************************************************************************
 324:.\Generated_Source\PSoC4/I2CMaster_I2C_SLAVE.c **** * Function Name: I2CMaster_I2CSlaveGetReadBufSize
 325:.\Generated_Source\PSoC4/I2CMaster_I2C_SLAVE.c **** ****************************************************************************//**
 326:.\Generated_Source\PSoC4/I2CMaster_I2C_SLAVE.c **** *
 327:.\Generated_Source\PSoC4/I2CMaster_I2C_SLAVE.c **** *  Returns the number of bytes read by the I2C master since an
 328:.\Generated_Source\PSoC4/I2CMaster_I2C_SLAVE.c **** *  I2CMaster_I2CSlaveInitReadBuf() or 
 329:.\Generated_Source\PSoC4/I2CMaster_I2C_SLAVE.c **** *  I2CMaster_I2CSlaveClearReadBuf() function was executed.
 330:.\Generated_Source\PSoC4/I2CMaster_I2C_SLAVE.c **** *  The maximum return value is the size of the read buffer.
 331:.\Generated_Source\PSoC4/I2CMaster_I2C_SLAVE.c **** *
 332:.\Generated_Source\PSoC4/I2CMaster_I2C_SLAVE.c **** * \return
 333:.\Generated_Source\PSoC4/I2CMaster_I2C_SLAVE.c **** *  Bytes read by master. If the transfer is not yet complete, it returns 
 334:.\Generated_Source\PSoC4/I2CMaster_I2C_SLAVE.c **** *  zero until transfer completion.
 335:.\Generated_Source\PSoC4/I2CMaster_I2C_SLAVE.c **** *
 336:.\Generated_Source\PSoC4/I2CMaster_I2C_SLAVE.c **** * \sideeffect
 337:.\Generated_Source\PSoC4/I2CMaster_I2C_SLAVE.c **** *  The returned value is not valid if I2CMaster_I2C_SSTAT_RD_ERR was 
 338:.\Generated_Source\PSoC4/I2CMaster_I2C_SLAVE.c **** *  captured by the slave.
 339:.\Generated_Source\PSoC4/I2CMaster_I2C_SLAVE.c **** *
 340:.\Generated_Source\PSoC4/I2CMaster_I2C_SLAVE.c **** * \globalvars
 341:.\Generated_Source\PSoC4/I2CMaster_I2C_SLAVE.c **** *  I2CMaster_slRdBufIndex - used to store current index within slave
ARM GAS  C:\Users\Chuck\AppData\Local\Temp\ccxeNeWc.s 			page 14


 342:.\Generated_Source\PSoC4/I2CMaster_I2C_SLAVE.c **** *  read buffer.
 343:.\Generated_Source\PSoC4/I2CMaster_I2C_SLAVE.c **** *
 344:.\Generated_Source\PSoC4/I2CMaster_I2C_SLAVE.c **** *******************************************************************************/
 345:.\Generated_Source\PSoC4/I2CMaster_I2C_SLAVE.c **** uint32 I2CMaster_I2CSlaveGetReadBufSize(void)
 346:.\Generated_Source\PSoC4/I2CMaster_I2C_SLAVE.c **** {
 401              		.loc 1 346 0
 402              		.cfi_startproc
 403 0000 80B5     		push	{r7, lr}
 404              		.cfi_def_cfa_offset 8
 405              		.cfi_offset 7, -8
 406              		.cfi_offset 14, -4
 407 0002 00AF     		add	r7, sp, #0
 408              		.cfi_def_cfa_register 7
 347:.\Generated_Source\PSoC4/I2CMaster_I2C_SLAVE.c ****     return(I2CMaster_slRdBufIndex);
 409              		.loc 1 347 0
 410 0004 024B     		ldr	r3, .L29
 411 0006 1B68     		ldr	r3, [r3]
 348:.\Generated_Source\PSoC4/I2CMaster_I2C_SLAVE.c **** }
 412              		.loc 1 348 0
 413 0008 181C     		mov	r0, r3
 414 000a BD46     		mov	sp, r7
 415              		@ sp needed
 416 000c 80BD     		pop	{r7, pc}
 417              	.L30:
 418 000e C046     		.align	2
 419              	.L29:
 420 0010 00000000 		.word	I2CMaster_slRdBufIndex
 421              		.cfi_endproc
 422              	.LFE7:
 423              		.size	I2CMaster_I2CSlaveGetReadBufSize, .-I2CMaster_I2CSlaveGetReadBufSize
 424              		.section	.text.I2CMaster_I2CSlaveGetWriteBufSize,"ax",%progbits
 425              		.align	2
 426              		.global	I2CMaster_I2CSlaveGetWriteBufSize
 427              		.code	16
 428              		.thumb_func
 429              		.type	I2CMaster_I2CSlaveGetWriteBufSize, %function
 430              	I2CMaster_I2CSlaveGetWriteBufSize:
 431              	.LFB8:
 349:.\Generated_Source\PSoC4/I2CMaster_I2C_SLAVE.c **** 
 350:.\Generated_Source\PSoC4/I2CMaster_I2C_SLAVE.c **** 
 351:.\Generated_Source\PSoC4/I2CMaster_I2C_SLAVE.c **** /*******************************************************************************
 352:.\Generated_Source\PSoC4/I2CMaster_I2C_SLAVE.c **** * Function Name: I2CMaster_I2CSlaveGetWriteBufSize
 353:.\Generated_Source\PSoC4/I2CMaster_I2C_SLAVE.c **** ****************************************************************************//**
 354:.\Generated_Source\PSoC4/I2CMaster_I2C_SLAVE.c **** *
 355:.\Generated_Source\PSoC4/I2CMaster_I2C_SLAVE.c **** *  Returns the number of bytes written by the I2C master since an
 356:.\Generated_Source\PSoC4/I2CMaster_I2C_SLAVE.c **** *  I2CMaster_I2CSlaveInitWriteBuf() or 
 357:.\Generated_Source\PSoC4/I2CMaster_I2C_SLAVE.c **** *  I2CMaster_I2CSlaveClearWriteBuf() function was executed.
 358:.\Generated_Source\PSoC4/I2CMaster_I2C_SLAVE.c **** *  The maximum return value is the size of the write buffer.
 359:.\Generated_Source\PSoC4/I2CMaster_I2C_SLAVE.c **** *
 360:.\Generated_Source\PSoC4/I2CMaster_I2C_SLAVE.c **** * \return
 361:.\Generated_Source\PSoC4/I2CMaster_I2C_SLAVE.c **** *  Bytes written by master.
 362:.\Generated_Source\PSoC4/I2CMaster_I2C_SLAVE.c **** *
 363:.\Generated_Source\PSoC4/I2CMaster_I2C_SLAVE.c **** * \sideeffect
 364:.\Generated_Source\PSoC4/I2CMaster_I2C_SLAVE.c **** *  The returned value is not valid if I2CMaster_I2C_SSTAT_WR_ERR was 
 365:.\Generated_Source\PSoC4/I2CMaster_I2C_SLAVE.c **** *  captured by the slave.
 366:.\Generated_Source\PSoC4/I2CMaster_I2C_SLAVE.c **** *
 367:.\Generated_Source\PSoC4/I2CMaster_I2C_SLAVE.c **** * \globalvars
ARM GAS  C:\Users\Chuck\AppData\Local\Temp\ccxeNeWc.s 			page 15


 368:.\Generated_Source\PSoC4/I2CMaster_I2C_SLAVE.c **** *  I2CMaster_slWrBufIndex - used to store current index within slave
 369:.\Generated_Source\PSoC4/I2CMaster_I2C_SLAVE.c **** *   write buffer.
 370:.\Generated_Source\PSoC4/I2CMaster_I2C_SLAVE.c **** *
 371:.\Generated_Source\PSoC4/I2CMaster_I2C_SLAVE.c **** *******************************************************************************/
 372:.\Generated_Source\PSoC4/I2CMaster_I2C_SLAVE.c **** uint32 I2CMaster_I2CSlaveGetWriteBufSize(void)
 373:.\Generated_Source\PSoC4/I2CMaster_I2C_SLAVE.c **** {
 432              		.loc 1 373 0
 433              		.cfi_startproc
 434 0000 80B5     		push	{r7, lr}
 435              		.cfi_def_cfa_offset 8
 436              		.cfi_offset 7, -8
 437              		.cfi_offset 14, -4
 438 0002 00AF     		add	r7, sp, #0
 439              		.cfi_def_cfa_register 7
 374:.\Generated_Source\PSoC4/I2CMaster_I2C_SLAVE.c ****     return(I2CMaster_slWrBufIndex);
 440              		.loc 1 374 0
 441 0004 024B     		ldr	r3, .L33
 442 0006 1B68     		ldr	r3, [r3]
 375:.\Generated_Source\PSoC4/I2CMaster_I2C_SLAVE.c **** }
 443              		.loc 1 375 0
 444 0008 181C     		mov	r0, r3
 445 000a BD46     		mov	sp, r7
 446              		@ sp needed
 447 000c 80BD     		pop	{r7, pc}
 448              	.L34:
 449 000e C046     		.align	2
 450              	.L33:
 451 0010 00000000 		.word	I2CMaster_slWrBufIndex
 452              		.cfi_endproc
 453              	.LFE8:
 454              		.size	I2CMaster_I2CSlaveGetWriteBufSize, .-I2CMaster_I2CSlaveGetWriteBufSize
 455              		.section	.text.I2CMaster_I2CSlaveClearReadBuf,"ax",%progbits
 456              		.align	2
 457              		.global	I2CMaster_I2CSlaveClearReadBuf
 458              		.code	16
 459              		.thumb_func
 460              		.type	I2CMaster_I2CSlaveClearReadBuf, %function
 461              	I2CMaster_I2CSlaveClearReadBuf:
 462              	.LFB9:
 376:.\Generated_Source\PSoC4/I2CMaster_I2C_SLAVE.c **** 
 377:.\Generated_Source\PSoC4/I2CMaster_I2C_SLAVE.c **** 
 378:.\Generated_Source\PSoC4/I2CMaster_I2C_SLAVE.c **** /*******************************************************************************
 379:.\Generated_Source\PSoC4/I2CMaster_I2C_SLAVE.c **** * Function Name: I2CMaster_I2CSlaveClearReadBuf
 380:.\Generated_Source\PSoC4/I2CMaster_I2C_SLAVE.c **** ****************************************************************************//**
 381:.\Generated_Source\PSoC4/I2CMaster_I2C_SLAVE.c **** *
 382:.\Generated_Source\PSoC4/I2CMaster_I2C_SLAVE.c **** *  Resets the read pointer to the first byte in the read buffer. The next byte
 383:.\Generated_Source\PSoC4/I2CMaster_I2C_SLAVE.c **** *  read by the master will be the first byte in the read buffer.
 384:.\Generated_Source\PSoC4/I2CMaster_I2C_SLAVE.c **** *
 385:.\Generated_Source\PSoC4/I2CMaster_I2C_SLAVE.c **** * \globalvars
 386:.\Generated_Source\PSoC4/I2CMaster_I2C_SLAVE.c **** *  I2CMaster_slRdBufIndex - used to store current index within slave
 387:.\Generated_Source\PSoC4/I2CMaster_I2C_SLAVE.c **** *  read buffer.
 388:.\Generated_Source\PSoC4/I2CMaster_I2C_SLAVE.c **** *
 389:.\Generated_Source\PSoC4/I2CMaster_I2C_SLAVE.c **** *******************************************************************************/
 390:.\Generated_Source\PSoC4/I2CMaster_I2C_SLAVE.c **** void I2CMaster_I2CSlaveClearReadBuf(void)
 391:.\Generated_Source\PSoC4/I2CMaster_I2C_SLAVE.c **** {
 463              		.loc 1 391 0
 464              		.cfi_startproc
ARM GAS  C:\Users\Chuck\AppData\Local\Temp\ccxeNeWc.s 			page 16


 465 0000 80B5     		push	{r7, lr}
 466              		.cfi_def_cfa_offset 8
 467              		.cfi_offset 7, -8
 468              		.cfi_offset 14, -4
 469 0002 00AF     		add	r7, sp, #0
 470              		.cfi_def_cfa_register 7
 392:.\Generated_Source\PSoC4/I2CMaster_I2C_SLAVE.c ****     I2CMaster_slRdBufIndex = 0u;
 471              		.loc 1 392 0
 472 0004 024B     		ldr	r3, .L36
 473 0006 0022     		mov	r2, #0
 474 0008 1A60     		str	r2, [r3]
 393:.\Generated_Source\PSoC4/I2CMaster_I2C_SLAVE.c **** }
 475              		.loc 1 393 0
 476 000a BD46     		mov	sp, r7
 477              		@ sp needed
 478 000c 80BD     		pop	{r7, pc}
 479              	.L37:
 480 000e C046     		.align	2
 481              	.L36:
 482 0010 00000000 		.word	I2CMaster_slRdBufIndex
 483              		.cfi_endproc
 484              	.LFE9:
 485              		.size	I2CMaster_I2CSlaveClearReadBuf, .-I2CMaster_I2CSlaveClearReadBuf
 486              		.section	.text.I2CMaster_I2CSlaveClearWriteBuf,"ax",%progbits
 487              		.align	2
 488              		.global	I2CMaster_I2CSlaveClearWriteBuf
 489              		.code	16
 490              		.thumb_func
 491              		.type	I2CMaster_I2CSlaveClearWriteBuf, %function
 492              	I2CMaster_I2CSlaveClearWriteBuf:
 493              	.LFB10:
 394:.\Generated_Source\PSoC4/I2CMaster_I2C_SLAVE.c **** 
 395:.\Generated_Source\PSoC4/I2CMaster_I2C_SLAVE.c **** 
 396:.\Generated_Source\PSoC4/I2CMaster_I2C_SLAVE.c **** /*******************************************************************************
 397:.\Generated_Source\PSoC4/I2CMaster_I2C_SLAVE.c **** * Function Name: I2CMaster_I2CSlaveClearWriteBuf
 398:.\Generated_Source\PSoC4/I2CMaster_I2C_SLAVE.c **** ****************************************************************************//**
 399:.\Generated_Source\PSoC4/I2CMaster_I2C_SLAVE.c **** *
 400:.\Generated_Source\PSoC4/I2CMaster_I2C_SLAVE.c **** *  Resets the write pointer to the first byte in the write buffer. The next byte
 401:.\Generated_Source\PSoC4/I2CMaster_I2C_SLAVE.c **** *  written by the master will be the first byte in the write buffer.
 402:.\Generated_Source\PSoC4/I2CMaster_I2C_SLAVE.c **** *
 403:.\Generated_Source\PSoC4/I2CMaster_I2C_SLAVE.c **** * \globalvars
 404:.\Generated_Source\PSoC4/I2CMaster_I2C_SLAVE.c **** *  I2CMaster_slWrBufIndex - used to store current index within slave
 405:.\Generated_Source\PSoC4/I2CMaster_I2C_SLAVE.c **** *  write buffer.
 406:.\Generated_Source\PSoC4/I2CMaster_I2C_SLAVE.c **** *
 407:.\Generated_Source\PSoC4/I2CMaster_I2C_SLAVE.c **** *******************************************************************************/
 408:.\Generated_Source\PSoC4/I2CMaster_I2C_SLAVE.c **** void I2CMaster_I2CSlaveClearWriteBuf(void)
 409:.\Generated_Source\PSoC4/I2CMaster_I2C_SLAVE.c **** {
 494              		.loc 1 409 0
 495              		.cfi_startproc
 496 0000 80B5     		push	{r7, lr}
 497              		.cfi_def_cfa_offset 8
 498              		.cfi_offset 7, -8
 499              		.cfi_offset 14, -4
 500 0002 00AF     		add	r7, sp, #0
 501              		.cfi_def_cfa_register 7
 410:.\Generated_Source\PSoC4/I2CMaster_I2C_SLAVE.c ****     I2CMaster_slWrBufIndex = 0u;
 502              		.loc 1 410 0
ARM GAS  C:\Users\Chuck\AppData\Local\Temp\ccxeNeWc.s 			page 17


 503 0004 024B     		ldr	r3, .L39
 504 0006 0022     		mov	r2, #0
 505 0008 1A60     		str	r2, [r3]
 411:.\Generated_Source\PSoC4/I2CMaster_I2C_SLAVE.c **** }
 506              		.loc 1 411 0
 507 000a BD46     		mov	sp, r7
 508              		@ sp needed
 509 000c 80BD     		pop	{r7, pc}
 510              	.L40:
 511 000e C046     		.align	2
 512              	.L39:
 513 0010 00000000 		.word	I2CMaster_slWrBufIndex
 514              		.cfi_endproc
 515              	.LFE10:
 516              		.size	I2CMaster_I2CSlaveClearWriteBuf, .-I2CMaster_I2CSlaveClearWriteBuf
 517              		.text
 518              	.Letext0:
 519              		.file 2 "Generated_Source\\PSoC4/cytypes.h"
 520              		.section	.debug_info,"",%progbits
 521              	.Ldebug_info0:
 522 0000 D7020000 		.4byte	0x2d7
 523 0004 0400     		.2byte	0x4
 524 0006 00000000 		.4byte	.Ldebug_abbrev0
 525 000a 04       		.byte	0x4
 526 000b 01       		.uleb128 0x1
 527 000c 95010000 		.4byte	.LASF43
 528 0010 01       		.byte	0x1
 529 0011 FC000000 		.4byte	.LASF44
 530 0015 C9000000 		.4byte	.LASF45
 531 0019 00000000 		.4byte	.Ldebug_ranges0+0
 532 001d 00000000 		.4byte	0
 533 0021 00000000 		.4byte	.Ldebug_line0
 534 0025 02       		.uleb128 0x2
 535 0026 01       		.byte	0x1
 536 0027 06       		.byte	0x6
 537 0028 1F040000 		.4byte	.LASF0
 538 002c 02       		.uleb128 0x2
 539 002d 01       		.byte	0x1
 540 002e 08       		.byte	0x8
 541 002f 46010000 		.4byte	.LASF1
 542 0033 02       		.uleb128 0x2
 543 0034 02       		.byte	0x2
 544 0035 05       		.byte	0x5
 545 0036 F5030000 		.4byte	.LASF2
 546 003a 02       		.uleb128 0x2
 547 003b 02       		.byte	0x2
 548 003c 07       		.byte	0x7
 549 003d B6000000 		.4byte	.LASF3
 550 0041 02       		.uleb128 0x2
 551 0042 04       		.byte	0x4
 552 0043 05       		.byte	0x5
 553 0044 07040000 		.4byte	.LASF4
 554 0048 02       		.uleb128 0x2
 555 0049 04       		.byte	0x4
 556 004a 07       		.byte	0x7
 557 004b 57030000 		.4byte	.LASF5
 558 004f 02       		.uleb128 0x2
ARM GAS  C:\Users\Chuck\AppData\Local\Temp\ccxeNeWc.s 			page 18


 559 0050 08       		.byte	0x8
 560 0051 05       		.byte	0x5
 561 0052 93030000 		.4byte	.LASF6
 562 0056 02       		.uleb128 0x2
 563 0057 08       		.byte	0x8
 564 0058 07       		.byte	0x7
 565 0059 1D030000 		.4byte	.LASF7
 566 005d 03       		.uleb128 0x3
 567 005e 04       		.byte	0x4
 568 005f 05       		.byte	0x5
 569 0060 696E7400 		.ascii	"int\000"
 570 0064 02       		.uleb128 0x2
 571 0065 04       		.byte	0x4
 572 0066 07       		.byte	0x7
 573 0067 08030000 		.4byte	.LASF8
 574 006b 04       		.uleb128 0x4
 575 006c 6E010000 		.4byte	.LASF9
 576 0070 02       		.byte	0x2
 577 0071 5B       		.byte	0x5b
 578 0072 2C000000 		.4byte	0x2c
 579 0076 04       		.uleb128 0x4
 580 0077 DF020000 		.4byte	.LASF10
 581 007b 02       		.byte	0x2
 582 007c 5D       		.byte	0x5d
 583 007d 48000000 		.4byte	0x48
 584 0081 02       		.uleb128 0x2
 585 0082 04       		.byte	0x4
 586 0083 04       		.byte	0x4
 587 0084 2B010000 		.4byte	.LASF11
 588 0088 02       		.uleb128 0x2
 589 0089 08       		.byte	0x8
 590 008a 04       		.byte	0x4
 591 008b 70020000 		.4byte	.LASF12
 592 008f 02       		.uleb128 0x2
 593 0090 01       		.byte	0x1
 594 0091 08       		.byte	0x8
 595 0092 A1030000 		.4byte	.LASF13
 596 0096 05       		.uleb128 0x5
 597 0097 6B000000 		.4byte	0x6b
 598 009b 04       		.uleb128 0x4
 599 009c 10040000 		.4byte	.LASF14
 600 00a0 02       		.byte	0x2
 601 00a1 F2       		.byte	0xf2
 602 00a2 A6000000 		.4byte	0xa6
 603 00a6 05       		.uleb128 0x5
 604 00a7 76000000 		.4byte	0x76
 605 00ab 02       		.uleb128 0x2
 606 00ac 04       		.byte	0x4
 607 00ad 07       		.byte	0x7
 608 00ae 8A030000 		.4byte	.LASF15
 609 00b2 06       		.uleb128 0x6
 610 00b3 7F000000 		.4byte	.LASF29
 611 00b7 01       		.byte	0x1
 612 00b8 75       		.byte	0x75
 613 00b9 76000000 		.4byte	0x76
 614 00bd 00000000 		.4byte	.LFB0
 615 00c1 14000000 		.4byte	.LFE0-.LFB0
ARM GAS  C:\Users\Chuck\AppData\Local\Temp\ccxeNeWc.s 			page 19


 616 00c5 01       		.uleb128 0x1
 617 00c6 9C       		.byte	0x9c
 618 00c7 07       		.uleb128 0x7
 619 00c8 E6020000 		.4byte	.LASF16
 620 00cc 01       		.byte	0x1
 621 00cd 8D       		.byte	0x8d
 622 00ce 76000000 		.4byte	0x76
 623 00d2 00000000 		.4byte	.LFB1
 624 00d6 40000000 		.4byte	.LFE1-.LFB1
 625 00da 01       		.uleb128 0x1
 626 00db 9C       		.byte	0x9c
 627 00dc EF000000 		.4byte	0xef
 628 00e0 08       		.uleb128 0x8
 629 00e1 EF000000 		.4byte	.LASF18
 630 00e5 01       		.byte	0x1
 631 00e6 8F       		.byte	0x8f
 632 00e7 76000000 		.4byte	0x76
 633 00eb 02       		.uleb128 0x2
 634 00ec 91       		.byte	0x91
 635 00ed 74       		.sleb128 -12
 636 00ee 00       		.byte	0
 637 00ef 07       		.uleb128 0x7
 638 00f0 B6020000 		.4byte	.LASF17
 639 00f4 01       		.byte	0x1
 640 00f5 AF       		.byte	0xaf
 641 00f6 76000000 		.4byte	0x76
 642 00fa 00000000 		.4byte	.LFB2
 643 00fe 40000000 		.4byte	.LFE2-.LFB2
 644 0102 01       		.uleb128 0x1
 645 0103 9C       		.byte	0x9c
 646 0104 17010000 		.4byte	0x117
 647 0108 08       		.uleb128 0x8
 648 0109 EF000000 		.4byte	.LASF18
 649 010d 01       		.byte	0x1
 650 010e B1       		.byte	0xb1
 651 010f 76000000 		.4byte	0x76
 652 0113 02       		.uleb128 0x2
 653 0114 91       		.byte	0x91
 654 0115 74       		.sleb128 -12
 655 0116 00       		.byte	0
 656 0117 09       		.uleb128 0x9
 657 0118 2A000000 		.4byte	.LASF20
 658 011c 01       		.byte	0x1
 659 011d CC       		.byte	0xcc
 660 011e 00000000 		.4byte	.LFB3
 661 0122 34000000 		.4byte	.LFE3-.LFB3
 662 0126 01       		.uleb128 0x1
 663 0127 9C       		.byte	0x9c
 664 0128 49010000 		.4byte	0x149
 665 012c 0A       		.uleb128 0xa
 666 012d 15030000 		.4byte	.LASF22
 667 0131 01       		.byte	0x1
 668 0132 CC       		.byte	0xcc
 669 0133 76000000 		.4byte	0x76
 670 0137 02       		.uleb128 0x2
 671 0138 91       		.byte	0x91
 672 0139 6C       		.sleb128 -20
ARM GAS  C:\Users\Chuck\AppData\Local\Temp\ccxeNeWc.s 			page 20


 673 013a 08       		.uleb128 0x8
 674 013b 16040000 		.4byte	.LASF19
 675 013f 01       		.byte	0x1
 676 0140 CE       		.byte	0xce
 677 0141 76000000 		.4byte	0x76
 678 0145 02       		.uleb128 0x2
 679 0146 91       		.byte	0x91
 680 0147 74       		.sleb128 -12
 681 0148 00       		.byte	0
 682 0149 09       		.uleb128 0x9
 683 014a 69030000 		.4byte	.LASF21
 684 014e 01       		.byte	0x1
 685 014f E9       		.byte	0xe9
 686 0150 00000000 		.4byte	.LFB4
 687 0154 34000000 		.4byte	.LFE4-.LFB4
 688 0158 01       		.uleb128 0x1
 689 0159 9C       		.byte	0x9c
 690 015a 7B010000 		.4byte	0x17b
 691 015e 0A       		.uleb128 0xa
 692 015f 34030000 		.4byte	.LASF23
 693 0163 01       		.byte	0x1
 694 0164 E9       		.byte	0xe9
 695 0165 76000000 		.4byte	0x76
 696 0169 02       		.uleb128 0x2
 697 016a 91       		.byte	0x91
 698 016b 6C       		.sleb128 -20
 699 016c 08       		.uleb128 0x8
 700 016d 16040000 		.4byte	.LASF19
 701 0171 01       		.byte	0x1
 702 0172 EB       		.byte	0xeb
 703 0173 76000000 		.4byte	0x76
 704 0177 02       		.uleb128 0x2
 705 0178 91       		.byte	0x91
 706 0179 74       		.sleb128 -12
 707 017a 00       		.byte	0
 708 017b 0B       		.uleb128 0xb
 709 017c 98000000 		.4byte	.LASF24
 710 0180 01       		.byte	0x1
 711 0181 0C01     		.2byte	0x10c
 712 0183 00000000 		.4byte	.LFB5
 713 0187 4C000000 		.4byte	.LFE5-.LFB5
 714 018b 01       		.uleb128 0x1
 715 018c 9C       		.byte	0x9c
 716 018d B0010000 		.4byte	0x1b0
 717 0191 0C       		.uleb128 0xc
 718 0192 F6000000 		.4byte	.LASF25
 719 0196 01       		.byte	0x1
 720 0197 0C01     		.2byte	0x10c
 721 0199 B0010000 		.4byte	0x1b0
 722 019d 02       		.uleb128 0x2
 723 019e 91       		.byte	0x91
 724 019f 74       		.sleb128 -12
 725 01a0 0C       		.uleb128 0xc
 726 01a1 FF030000 		.4byte	.LASF26
 727 01a5 01       		.byte	0x1
 728 01a6 0C01     		.2byte	0x10c
 729 01a8 76000000 		.4byte	0x76
ARM GAS  C:\Users\Chuck\AppData\Local\Temp\ccxeNeWc.s 			page 21


 730 01ac 02       		.uleb128 0x2
 731 01ad 91       		.byte	0x91
 732 01ae 70       		.sleb128 -16
 733 01af 00       		.byte	0
 734 01b0 0D       		.uleb128 0xd
 735 01b1 04       		.byte	0x4
 736 01b2 6B000000 		.4byte	0x6b
 737 01b6 0B       		.uleb128 0xb
 738 01b7 97020000 		.4byte	.LASF27
 739 01bb 01       		.byte	0x1
 740 01bc 3301     		.2byte	0x133
 741 01be 00000000 		.4byte	.LFB6
 742 01c2 40000000 		.4byte	.LFE6-.LFB6
 743 01c6 01       		.uleb128 0x1
 744 01c7 9C       		.byte	0x9c
 745 01c8 EB010000 		.4byte	0x1eb
 746 01cc 0C       		.uleb128 0xc
 747 01cd D9020000 		.4byte	.LASF28
 748 01d1 01       		.byte	0x1
 749 01d2 3301     		.2byte	0x133
 750 01d4 B0010000 		.4byte	0x1b0
 751 01d8 02       		.uleb128 0x2
 752 01d9 91       		.byte	0x91
 753 01da 74       		.sleb128 -12
 754 01db 0C       		.uleb128 0xc
 755 01dc FF030000 		.4byte	.LASF26
 756 01e0 01       		.byte	0x1
 757 01e1 3301     		.2byte	0x133
 758 01e3 76000000 		.4byte	0x76
 759 01e7 02       		.uleb128 0x2
 760 01e8 91       		.byte	0x91
 761 01e9 70       		.sleb128 -16
 762 01ea 00       		.byte	0
 763 01eb 0E       		.uleb128 0xe
 764 01ec 74010000 		.4byte	.LASF30
 765 01f0 01       		.byte	0x1
 766 01f1 5901     		.2byte	0x159
 767 01f3 76000000 		.4byte	0x76
 768 01f7 00000000 		.4byte	.LFB7
 769 01fb 14000000 		.4byte	.LFE7-.LFB7
 770 01ff 01       		.uleb128 0x1
 771 0200 9C       		.byte	0x9c
 772 0201 0E       		.uleb128 0xe
 773 0202 5D000000 		.4byte	.LASF31
 774 0206 01       		.byte	0x1
 775 0207 7401     		.2byte	0x174
 776 0209 76000000 		.4byte	0x76
 777 020d 00000000 		.4byte	.LFB8
 778 0211 14000000 		.4byte	.LFE8-.LFB8
 779 0215 01       		.uleb128 0x1
 780 0216 9C       		.byte	0x9c
 781 0217 0F       		.uleb128 0xf
 782 0218 C0030000 		.4byte	.LASF32
 783 021c 01       		.byte	0x1
 784 021d 8601     		.2byte	0x186
 785 021f 00000000 		.4byte	.LFB9
 786 0223 14000000 		.4byte	.LFE9-.LFB9
ARM GAS  C:\Users\Chuck\AppData\Local\Temp\ccxeNeWc.s 			page 22


 787 0227 01       		.uleb128 0x1
 788 0228 9C       		.byte	0x9c
 789 0229 0F       		.uleb128 0xf
 790 022a 77020000 		.4byte	.LASF33
 791 022e 01       		.byte	0x1
 792 022f 9801     		.2byte	0x198
 793 0231 00000000 		.4byte	.LFB10
 794 0235 14000000 		.4byte	.LFE10-.LFB10
 795 0239 01       		.uleb128 0x1
 796 023a 9C       		.byte	0x9c
 797 023b 10       		.uleb128 0x10
 798 023c 17000000 		.4byte	.LASF34
 799 0240 01       		.byte	0x1
 800 0241 1B       		.byte	0x1b
 801 0242 96000000 		.4byte	0x96
 802 0246 05       		.uleb128 0x5
 803 0247 03       		.byte	0x3
 804 0248 00000000 		.4byte	I2CMaster_slStatus
 805 024c 10       		.uleb128 0x10
 806 024d 2B040000 		.4byte	.LASF35
 807 0251 01       		.byte	0x1
 808 0252 1E       		.byte	0x1e
 809 0253 5D020000 		.4byte	0x25d
 810 0257 05       		.uleb128 0x5
 811 0258 03       		.byte	0x3
 812 0259 00000000 		.4byte	I2CMaster_slWrBufPtr
 813 025d 0D       		.uleb128 0xd
 814 025e 04       		.byte	0x4
 815 025f 96000000 		.4byte	0x96
 816 0263 10       		.uleb128 0x10
 817 0264 47000000 		.4byte	.LASF36
 818 0268 01       		.byte	0x1
 819 0269 1F       		.byte	0x1f
 820 026a A6000000 		.4byte	0xa6
 821 026e 05       		.uleb128 0x5
 822 026f 03       		.byte	0x3
 823 0270 00000000 		.4byte	I2CMaster_slWrBufSize
 824 0274 10       		.uleb128 0x10
 825 0275 40030000 		.4byte	.LASF37
 826 0279 01       		.byte	0x1
 827 027a 20       		.byte	0x20
 828 027b A6000000 		.4byte	0xa6
 829 027f 05       		.uleb128 0x5
 830 0280 03       		.byte	0x3
 831 0281 00000000 		.4byte	I2CMaster_slWrBufIndex
 832 0285 10       		.uleb128 0x10
 833 0286 31010000 		.4byte	.LASF38
 834 028a 01       		.byte	0x1
 835 028b 23       		.byte	0x23
 836 028c 5D020000 		.4byte	0x25d
 837 0290 05       		.uleb128 0x5
 838 0291 03       		.byte	0x3
 839 0292 00000000 		.4byte	I2CMaster_slRdBufPtr
 840 0296 10       		.uleb128 0x10
 841 0297 DF030000 		.4byte	.LASF39
 842 029b 01       		.byte	0x1
 843 029c 24       		.byte	0x24
ARM GAS  C:\Users\Chuck\AppData\Local\Temp\ccxeNeWc.s 			page 23


 844 029d A6000000 		.4byte	0xa6
 845 02a1 05       		.uleb128 0x5
 846 02a2 03       		.byte	0x3
 847 02a3 00000000 		.4byte	I2CMaster_slRdBufSize
 848 02a7 10       		.uleb128 0x10
 849 02a8 00000000 		.4byte	.LASF40
 850 02ac 01       		.byte	0x1
 851 02ad 25       		.byte	0x25
 852 02ae A6000000 		.4byte	0xa6
 853 02b2 05       		.uleb128 0x5
 854 02b3 03       		.byte	0x3
 855 02b4 00000000 		.4byte	I2CMaster_slRdBufIndex
 856 02b8 10       		.uleb128 0x10
 857 02b9 A6030000 		.4byte	.LASF41
 858 02bd 01       		.byte	0x1
 859 02be 26       		.byte	0x26
 860 02bf A6000000 		.4byte	0xa6
 861 02c3 05       		.uleb128 0x5
 862 02c4 03       		.byte	0x3
 863 02c5 00000000 		.4byte	I2CMaster_slRdBufIndexTmp
 864 02c9 10       		.uleb128 0x10
 865 02ca 54010000 		.4byte	.LASF42
 866 02ce 01       		.byte	0x1
 867 02cf 27       		.byte	0x27
 868 02d0 96000000 		.4byte	0x96
 869 02d4 05       		.uleb128 0x5
 870 02d5 03       		.byte	0x3
 871 02d6 00000000 		.4byte	I2CMaster_slOverFlowCount
 872 02da 00       		.byte	0
 873              		.section	.debug_abbrev,"",%progbits
 874              	.Ldebug_abbrev0:
 875 0000 01       		.uleb128 0x1
 876 0001 11       		.uleb128 0x11
 877 0002 01       		.byte	0x1
 878 0003 25       		.uleb128 0x25
 879 0004 0E       		.uleb128 0xe
 880 0005 13       		.uleb128 0x13
 881 0006 0B       		.uleb128 0xb
 882 0007 03       		.uleb128 0x3
 883 0008 0E       		.uleb128 0xe
 884 0009 1B       		.uleb128 0x1b
 885 000a 0E       		.uleb128 0xe
 886 000b 55       		.uleb128 0x55
 887 000c 17       		.uleb128 0x17
 888 000d 11       		.uleb128 0x11
 889 000e 01       		.uleb128 0x1
 890 000f 10       		.uleb128 0x10
 891 0010 17       		.uleb128 0x17
 892 0011 00       		.byte	0
 893 0012 00       		.byte	0
 894 0013 02       		.uleb128 0x2
 895 0014 24       		.uleb128 0x24
 896 0015 00       		.byte	0
 897 0016 0B       		.uleb128 0xb
 898 0017 0B       		.uleb128 0xb
 899 0018 3E       		.uleb128 0x3e
 900 0019 0B       		.uleb128 0xb
ARM GAS  C:\Users\Chuck\AppData\Local\Temp\ccxeNeWc.s 			page 24


 901 001a 03       		.uleb128 0x3
 902 001b 0E       		.uleb128 0xe
 903 001c 00       		.byte	0
 904 001d 00       		.byte	0
 905 001e 03       		.uleb128 0x3
 906 001f 24       		.uleb128 0x24
 907 0020 00       		.byte	0
 908 0021 0B       		.uleb128 0xb
 909 0022 0B       		.uleb128 0xb
 910 0023 3E       		.uleb128 0x3e
 911 0024 0B       		.uleb128 0xb
 912 0025 03       		.uleb128 0x3
 913 0026 08       		.uleb128 0x8
 914 0027 00       		.byte	0
 915 0028 00       		.byte	0
 916 0029 04       		.uleb128 0x4
 917 002a 16       		.uleb128 0x16
 918 002b 00       		.byte	0
 919 002c 03       		.uleb128 0x3
 920 002d 0E       		.uleb128 0xe
 921 002e 3A       		.uleb128 0x3a
 922 002f 0B       		.uleb128 0xb
 923 0030 3B       		.uleb128 0x3b
 924 0031 0B       		.uleb128 0xb
 925 0032 49       		.uleb128 0x49
 926 0033 13       		.uleb128 0x13
 927 0034 00       		.byte	0
 928 0035 00       		.byte	0
 929 0036 05       		.uleb128 0x5
 930 0037 35       		.uleb128 0x35
 931 0038 00       		.byte	0
 932 0039 49       		.uleb128 0x49
 933 003a 13       		.uleb128 0x13
 934 003b 00       		.byte	0
 935 003c 00       		.byte	0
 936 003d 06       		.uleb128 0x6
 937 003e 2E       		.uleb128 0x2e
 938 003f 00       		.byte	0
 939 0040 3F       		.uleb128 0x3f
 940 0041 19       		.uleb128 0x19
 941 0042 03       		.uleb128 0x3
 942 0043 0E       		.uleb128 0xe
 943 0044 3A       		.uleb128 0x3a
 944 0045 0B       		.uleb128 0xb
 945 0046 3B       		.uleb128 0x3b
 946 0047 0B       		.uleb128 0xb
 947 0048 27       		.uleb128 0x27
 948 0049 19       		.uleb128 0x19
 949 004a 49       		.uleb128 0x49
 950 004b 13       		.uleb128 0x13
 951 004c 11       		.uleb128 0x11
 952 004d 01       		.uleb128 0x1
 953 004e 12       		.uleb128 0x12
 954 004f 06       		.uleb128 0x6
 955 0050 40       		.uleb128 0x40
 956 0051 18       		.uleb128 0x18
 957 0052 9742     		.uleb128 0x2117
ARM GAS  C:\Users\Chuck\AppData\Local\Temp\ccxeNeWc.s 			page 25


 958 0054 19       		.uleb128 0x19
 959 0055 00       		.byte	0
 960 0056 00       		.byte	0
 961 0057 07       		.uleb128 0x7
 962 0058 2E       		.uleb128 0x2e
 963 0059 01       		.byte	0x1
 964 005a 3F       		.uleb128 0x3f
 965 005b 19       		.uleb128 0x19
 966 005c 03       		.uleb128 0x3
 967 005d 0E       		.uleb128 0xe
 968 005e 3A       		.uleb128 0x3a
 969 005f 0B       		.uleb128 0xb
 970 0060 3B       		.uleb128 0x3b
 971 0061 0B       		.uleb128 0xb
 972 0062 27       		.uleb128 0x27
 973 0063 19       		.uleb128 0x19
 974 0064 49       		.uleb128 0x49
 975 0065 13       		.uleb128 0x13
 976 0066 11       		.uleb128 0x11
 977 0067 01       		.uleb128 0x1
 978 0068 12       		.uleb128 0x12
 979 0069 06       		.uleb128 0x6
 980 006a 40       		.uleb128 0x40
 981 006b 18       		.uleb128 0x18
 982 006c 9642     		.uleb128 0x2116
 983 006e 19       		.uleb128 0x19
 984 006f 01       		.uleb128 0x1
 985 0070 13       		.uleb128 0x13
 986 0071 00       		.byte	0
 987 0072 00       		.byte	0
 988 0073 08       		.uleb128 0x8
 989 0074 34       		.uleb128 0x34
 990 0075 00       		.byte	0
 991 0076 03       		.uleb128 0x3
 992 0077 0E       		.uleb128 0xe
 993 0078 3A       		.uleb128 0x3a
 994 0079 0B       		.uleb128 0xb
 995 007a 3B       		.uleb128 0x3b
 996 007b 0B       		.uleb128 0xb
 997 007c 49       		.uleb128 0x49
 998 007d 13       		.uleb128 0x13
 999 007e 02       		.uleb128 0x2
 1000 007f 18       		.uleb128 0x18
 1001 0080 00       		.byte	0
 1002 0081 00       		.byte	0
 1003 0082 09       		.uleb128 0x9
 1004 0083 2E       		.uleb128 0x2e
 1005 0084 01       		.byte	0x1
 1006 0085 3F       		.uleb128 0x3f
 1007 0086 19       		.uleb128 0x19
 1008 0087 03       		.uleb128 0x3
 1009 0088 0E       		.uleb128 0xe
 1010 0089 3A       		.uleb128 0x3a
 1011 008a 0B       		.uleb128 0xb
 1012 008b 3B       		.uleb128 0x3b
 1013 008c 0B       		.uleb128 0xb
 1014 008d 27       		.uleb128 0x27
ARM GAS  C:\Users\Chuck\AppData\Local\Temp\ccxeNeWc.s 			page 26


 1015 008e 19       		.uleb128 0x19
 1016 008f 11       		.uleb128 0x11
 1017 0090 01       		.uleb128 0x1
 1018 0091 12       		.uleb128 0x12
 1019 0092 06       		.uleb128 0x6
 1020 0093 40       		.uleb128 0x40
 1021 0094 18       		.uleb128 0x18
 1022 0095 9742     		.uleb128 0x2117
 1023 0097 19       		.uleb128 0x19
 1024 0098 01       		.uleb128 0x1
 1025 0099 13       		.uleb128 0x13
 1026 009a 00       		.byte	0
 1027 009b 00       		.byte	0
 1028 009c 0A       		.uleb128 0xa
 1029 009d 05       		.uleb128 0x5
 1030 009e 00       		.byte	0
 1031 009f 03       		.uleb128 0x3
 1032 00a0 0E       		.uleb128 0xe
 1033 00a1 3A       		.uleb128 0x3a
 1034 00a2 0B       		.uleb128 0xb
 1035 00a3 3B       		.uleb128 0x3b
 1036 00a4 0B       		.uleb128 0xb
 1037 00a5 49       		.uleb128 0x49
 1038 00a6 13       		.uleb128 0x13
 1039 00a7 02       		.uleb128 0x2
 1040 00a8 18       		.uleb128 0x18
 1041 00a9 00       		.byte	0
 1042 00aa 00       		.byte	0
 1043 00ab 0B       		.uleb128 0xb
 1044 00ac 2E       		.uleb128 0x2e
 1045 00ad 01       		.byte	0x1
 1046 00ae 3F       		.uleb128 0x3f
 1047 00af 19       		.uleb128 0x19
 1048 00b0 03       		.uleb128 0x3
 1049 00b1 0E       		.uleb128 0xe
 1050 00b2 3A       		.uleb128 0x3a
 1051 00b3 0B       		.uleb128 0xb
 1052 00b4 3B       		.uleb128 0x3b
 1053 00b5 05       		.uleb128 0x5
 1054 00b6 27       		.uleb128 0x27
 1055 00b7 19       		.uleb128 0x19
 1056 00b8 11       		.uleb128 0x11
 1057 00b9 01       		.uleb128 0x1
 1058 00ba 12       		.uleb128 0x12
 1059 00bb 06       		.uleb128 0x6
 1060 00bc 40       		.uleb128 0x40
 1061 00bd 18       		.uleb128 0x18
 1062 00be 9642     		.uleb128 0x2116
 1063 00c0 19       		.uleb128 0x19
 1064 00c1 01       		.uleb128 0x1
 1065 00c2 13       		.uleb128 0x13
 1066 00c3 00       		.byte	0
 1067 00c4 00       		.byte	0
 1068 00c5 0C       		.uleb128 0xc
 1069 00c6 05       		.uleb128 0x5
 1070 00c7 00       		.byte	0
 1071 00c8 03       		.uleb128 0x3
ARM GAS  C:\Users\Chuck\AppData\Local\Temp\ccxeNeWc.s 			page 27


 1072 00c9 0E       		.uleb128 0xe
 1073 00ca 3A       		.uleb128 0x3a
 1074 00cb 0B       		.uleb128 0xb
 1075 00cc 3B       		.uleb128 0x3b
 1076 00cd 05       		.uleb128 0x5
 1077 00ce 49       		.uleb128 0x49
 1078 00cf 13       		.uleb128 0x13
 1079 00d0 02       		.uleb128 0x2
 1080 00d1 18       		.uleb128 0x18
 1081 00d2 00       		.byte	0
 1082 00d3 00       		.byte	0
 1083 00d4 0D       		.uleb128 0xd
 1084 00d5 0F       		.uleb128 0xf
 1085 00d6 00       		.byte	0
 1086 00d7 0B       		.uleb128 0xb
 1087 00d8 0B       		.uleb128 0xb
 1088 00d9 49       		.uleb128 0x49
 1089 00da 13       		.uleb128 0x13
 1090 00db 00       		.byte	0
 1091 00dc 00       		.byte	0
 1092 00dd 0E       		.uleb128 0xe
 1093 00de 2E       		.uleb128 0x2e
 1094 00df 00       		.byte	0
 1095 00e0 3F       		.uleb128 0x3f
 1096 00e1 19       		.uleb128 0x19
 1097 00e2 03       		.uleb128 0x3
 1098 00e3 0E       		.uleb128 0xe
 1099 00e4 3A       		.uleb128 0x3a
 1100 00e5 0B       		.uleb128 0xb
 1101 00e6 3B       		.uleb128 0x3b
 1102 00e7 05       		.uleb128 0x5
 1103 00e8 27       		.uleb128 0x27
 1104 00e9 19       		.uleb128 0x19
 1105 00ea 49       		.uleb128 0x49
 1106 00eb 13       		.uleb128 0x13
 1107 00ec 11       		.uleb128 0x11
 1108 00ed 01       		.uleb128 0x1
 1109 00ee 12       		.uleb128 0x12
 1110 00ef 06       		.uleb128 0x6
 1111 00f0 40       		.uleb128 0x40
 1112 00f1 18       		.uleb128 0x18
 1113 00f2 9742     		.uleb128 0x2117
 1114 00f4 19       		.uleb128 0x19
 1115 00f5 00       		.byte	0
 1116 00f6 00       		.byte	0
 1117 00f7 0F       		.uleb128 0xf
 1118 00f8 2E       		.uleb128 0x2e
 1119 00f9 00       		.byte	0
 1120 00fa 3F       		.uleb128 0x3f
 1121 00fb 19       		.uleb128 0x19
 1122 00fc 03       		.uleb128 0x3
 1123 00fd 0E       		.uleb128 0xe
 1124 00fe 3A       		.uleb128 0x3a
 1125 00ff 0B       		.uleb128 0xb
 1126 0100 3B       		.uleb128 0x3b
 1127 0101 05       		.uleb128 0x5
 1128 0102 27       		.uleb128 0x27
ARM GAS  C:\Users\Chuck\AppData\Local\Temp\ccxeNeWc.s 			page 28


 1129 0103 19       		.uleb128 0x19
 1130 0104 11       		.uleb128 0x11
 1131 0105 01       		.uleb128 0x1
 1132 0106 12       		.uleb128 0x12
 1133 0107 06       		.uleb128 0x6
 1134 0108 40       		.uleb128 0x40
 1135 0109 18       		.uleb128 0x18
 1136 010a 9742     		.uleb128 0x2117
 1137 010c 19       		.uleb128 0x19
 1138 010d 00       		.byte	0
 1139 010e 00       		.byte	0
 1140 010f 10       		.uleb128 0x10
 1141 0110 34       		.uleb128 0x34
 1142 0111 00       		.byte	0
 1143 0112 03       		.uleb128 0x3
 1144 0113 0E       		.uleb128 0xe
 1145 0114 3A       		.uleb128 0x3a
 1146 0115 0B       		.uleb128 0xb
 1147 0116 3B       		.uleb128 0x3b
 1148 0117 0B       		.uleb128 0xb
 1149 0118 49       		.uleb128 0x49
 1150 0119 13       		.uleb128 0x13
 1151 011a 3F       		.uleb128 0x3f
 1152 011b 19       		.uleb128 0x19
 1153 011c 02       		.uleb128 0x2
 1154 011d 18       		.uleb128 0x18
 1155 011e 00       		.byte	0
 1156 011f 00       		.byte	0
 1157 0120 00       		.byte	0
 1158              		.section	.debug_aranges,"",%progbits
 1159 0000 6C000000 		.4byte	0x6c
 1160 0004 0200     		.2byte	0x2
 1161 0006 00000000 		.4byte	.Ldebug_info0
 1162 000a 04       		.byte	0x4
 1163 000b 00       		.byte	0
 1164 000c 0000     		.2byte	0
 1165 000e 0000     		.2byte	0
 1166 0010 00000000 		.4byte	.LFB0
 1167 0014 14000000 		.4byte	.LFE0-.LFB0
 1168 0018 00000000 		.4byte	.LFB1
 1169 001c 40000000 		.4byte	.LFE1-.LFB1
 1170 0020 00000000 		.4byte	.LFB2
 1171 0024 40000000 		.4byte	.LFE2-.LFB2
 1172 0028 00000000 		.4byte	.LFB3
 1173 002c 34000000 		.4byte	.LFE3-.LFB3
 1174 0030 00000000 		.4byte	.LFB4
 1175 0034 34000000 		.4byte	.LFE4-.LFB4
 1176 0038 00000000 		.4byte	.LFB5
 1177 003c 4C000000 		.4byte	.LFE5-.LFB5
 1178 0040 00000000 		.4byte	.LFB6
 1179 0044 40000000 		.4byte	.LFE6-.LFB6
 1180 0048 00000000 		.4byte	.LFB7
 1181 004c 14000000 		.4byte	.LFE7-.LFB7
 1182 0050 00000000 		.4byte	.LFB8
 1183 0054 14000000 		.4byte	.LFE8-.LFB8
 1184 0058 00000000 		.4byte	.LFB9
 1185 005c 14000000 		.4byte	.LFE9-.LFB9
ARM GAS  C:\Users\Chuck\AppData\Local\Temp\ccxeNeWc.s 			page 29


 1186 0060 00000000 		.4byte	.LFB10
 1187 0064 14000000 		.4byte	.LFE10-.LFB10
 1188 0068 00000000 		.4byte	0
 1189 006c 00000000 		.4byte	0
 1190              		.section	.debug_ranges,"",%progbits
 1191              	.Ldebug_ranges0:
 1192 0000 00000000 		.4byte	.LFB0
 1193 0004 14000000 		.4byte	.LFE0
 1194 0008 00000000 		.4byte	.LFB1
 1195 000c 40000000 		.4byte	.LFE1
 1196 0010 00000000 		.4byte	.LFB2
 1197 0014 40000000 		.4byte	.LFE2
 1198 0018 00000000 		.4byte	.LFB3
 1199 001c 34000000 		.4byte	.LFE3
 1200 0020 00000000 		.4byte	.LFB4
 1201 0024 34000000 		.4byte	.LFE4
 1202 0028 00000000 		.4byte	.LFB5
 1203 002c 4C000000 		.4byte	.LFE5
 1204 0030 00000000 		.4byte	.LFB6
 1205 0034 40000000 		.4byte	.LFE6
 1206 0038 00000000 		.4byte	.LFB7
 1207 003c 14000000 		.4byte	.LFE7
 1208 0040 00000000 		.4byte	.LFB8
 1209 0044 14000000 		.4byte	.LFE8
 1210 0048 00000000 		.4byte	.LFB9
 1211 004c 14000000 		.4byte	.LFE9
 1212 0050 00000000 		.4byte	.LFB10
 1213 0054 14000000 		.4byte	.LFE10
 1214 0058 00000000 		.4byte	0
 1215 005c 00000000 		.4byte	0
 1216              		.section	.debug_line,"",%progbits
 1217              	.Ldebug_line0:
 1218 0000 4E010000 		.section	.debug_str,"MS",%progbits,1
 1218      02006900 
 1218      00000201 
 1218      FB0E0D00 
 1218      01010101 
 1219              	.LASF40:
 1220 0000 4932434D 		.ascii	"I2CMaster_slRdBufIndex\000"
 1220      61737465 
 1220      725F736C 
 1220      52644275 
 1220      66496E64 
 1221              	.LASF34:
 1222 0017 4932434D 		.ascii	"I2CMaster_slStatus\000"
 1222      61737465 
 1222      725F736C 
 1222      53746174 
 1222      757300
 1223              	.LASF20:
 1224 002a 4932434D 		.ascii	"I2CMaster_I2CSlaveSetAddress\000"
 1224      61737465 
 1224      725F4932 
 1224      43536C61 
 1224      76655365 
 1225              	.LASF36:
 1226 0047 4932434D 		.ascii	"I2CMaster_slWrBufSize\000"
ARM GAS  C:\Users\Chuck\AppData\Local\Temp\ccxeNeWc.s 			page 30


 1226      61737465 
 1226      725F736C 
 1226      57724275 
 1226      6653697A 
 1227              	.LASF31:
 1228 005d 4932434D 		.ascii	"I2CMaster_I2CSlaveGetWriteBufSize\000"
 1228      61737465 
 1228      725F4932 
 1228      43536C61 
 1228      76654765 
 1229              	.LASF29:
 1230 007f 4932434D 		.ascii	"I2CMaster_I2CSlaveStatus\000"
 1230      61737465 
 1230      725F4932 
 1230      43536C61 
 1230      76655374 
 1231              	.LASF24:
 1232 0098 4932434D 		.ascii	"I2CMaster_I2CSlaveInitReadBuf\000"
 1232      61737465 
 1232      725F4932 
 1232      43536C61 
 1232      7665496E 
 1233              	.LASF3:
 1234 00b6 73686F72 		.ascii	"short unsigned int\000"
 1234      7420756E 
 1234      7369676E 
 1234      65642069 
 1234      6E7400
 1235              	.LASF45:
 1236 00c9 453A5C50 		.ascii	"E:\\PSoC\\RosOnAStick\\RosOnAStick.cydsn\000"
 1236      536F435C 
 1236      526F734F 
 1236      6E415374 
 1236      69636B5C 
 1237              	.LASF18:
 1238 00ef 73746174 		.ascii	"status\000"
 1238      757300
 1239              	.LASF25:
 1240 00f6 72644275 		.ascii	"rdBuf\000"
 1240      6600
 1241              	.LASF44:
 1242 00fc 2E5C4765 		.ascii	".\\Generated_Source\\PSoC4\\I2CMaster_I2C_SLAVE.c\000"
 1242      6E657261 
 1242      7465645F 
 1242      536F7572 
 1242      63655C50 
 1243              	.LASF11:
 1244 012b 666C6F61 		.ascii	"float\000"
 1244      7400
 1245              	.LASF38:
 1246 0131 4932434D 		.ascii	"I2CMaster_slRdBufPtr\000"
 1246      61737465 
 1246      725F736C 
 1246      52644275 
 1246      66507472 
 1247              	.LASF1:
 1248 0146 756E7369 		.ascii	"unsigned char\000"
ARM GAS  C:\Users\Chuck\AppData\Local\Temp\ccxeNeWc.s 			page 31


 1248      676E6564 
 1248      20636861 
 1248      7200
 1249              	.LASF42:
 1250 0154 4932434D 		.ascii	"I2CMaster_slOverFlowCount\000"
 1250      61737465 
 1250      725F736C 
 1250      4F766572 
 1250      466C6F77 
 1251              	.LASF9:
 1252 016e 75696E74 		.ascii	"uint8\000"
 1252      3800
 1253              	.LASF30:
 1254 0174 4932434D 		.ascii	"I2CMaster_I2CSlaveGetReadBufSize\000"
 1254      61737465 
 1254      725F4932 
 1254      43536C61 
 1254      76654765 
 1255              	.LASF43:
 1256 0195 474E5520 		.ascii	"GNU C 4.9.3 20150303 (release) [ARM/embedded-4_9-br"
 1256      4320342E 
 1256      392E3320 
 1256      32303135 
 1256      30333033 
 1257 01c8 616E6368 		.ascii	"anch revision 221220] -mcpu=cortex-m0 -mthumb -g -O"
 1257      20726576 
 1257      6973696F 
 1257      6E203232 
 1257      31323230 
 1258 01fb 30202D66 		.ascii	"0 -ffunction-sections -ffat-lto-objects -fno-rtti -"
 1258      66756E63 
 1258      74696F6E 
 1258      2D736563 
 1258      74696F6E 
 1259 022e 666E6F2D 		.ascii	"fno-exceptions -funsigned-char -funsigned-bitfields"
 1259      65786365 
 1259      7074696F 
 1259      6E73202D 
 1259      66756E73 
 1260 0261 202D6673 		.ascii	" -fshort-enums\000"
 1260      686F7274 
 1260      2D656E75 
 1260      6D7300
 1261              	.LASF12:
 1262 0270 646F7562 		.ascii	"double\000"
 1262      6C6500
 1263              	.LASF33:
 1264 0277 4932434D 		.ascii	"I2CMaster_I2CSlaveClearWriteBuf\000"
 1264      61737465 
 1264      725F4932 
 1264      43536C61 
 1264      7665436C 
 1265              	.LASF27:
 1266 0297 4932434D 		.ascii	"I2CMaster_I2CSlaveInitWriteBuf\000"
 1266      61737465 
 1266      725F4932 
 1266      43536C61 
ARM GAS  C:\Users\Chuck\AppData\Local\Temp\ccxeNeWc.s 			page 32


 1266      7665496E 
 1267              	.LASF17:
 1268 02b6 4932434D 		.ascii	"I2CMaster_I2CSlaveClearWriteStatus\000"
 1268      61737465 
 1268      725F4932 
 1268      43536C61 
 1268      7665436C 
 1269              	.LASF28:
 1270 02d9 77724275 		.ascii	"wrBuf\000"
 1270      6600
 1271              	.LASF10:
 1272 02df 75696E74 		.ascii	"uint32\000"
 1272      333200
 1273              	.LASF16:
 1274 02e6 4932434D 		.ascii	"I2CMaster_I2CSlaveClearReadStatus\000"
 1274      61737465 
 1274      725F4932 
 1274      43536C61 
 1274      7665436C 
 1275              	.LASF8:
 1276 0308 756E7369 		.ascii	"unsigned int\000"
 1276      676E6564 
 1276      20696E74 
 1276      00
 1277              	.LASF22:
 1278 0315 61646472 		.ascii	"address\000"
 1278      65737300 
 1279              	.LASF7:
 1280 031d 6C6F6E67 		.ascii	"long long unsigned int\000"
 1280      206C6F6E 
 1280      6720756E 
 1280      7369676E 
 1280      65642069 
 1281              	.LASF23:
 1282 0334 61646472 		.ascii	"addressMask\000"
 1282      6573734D 
 1282      61736B00 
 1283              	.LASF37:
 1284 0340 4932434D 		.ascii	"I2CMaster_slWrBufIndex\000"
 1284      61737465 
 1284      725F736C 
 1284      57724275 
 1284      66496E64 
 1285              	.LASF5:
 1286 0357 6C6F6E67 		.ascii	"long unsigned int\000"
 1286      20756E73 
 1286      69676E65 
 1286      6420696E 
 1286      7400
 1287              	.LASF21:
 1288 0369 4932434D 		.ascii	"I2CMaster_I2CSlaveSetAddressMask\000"
 1288      61737465 
 1288      725F4932 
 1288      43536C61 
 1288      76655365 
 1289              	.LASF15:
 1290 038a 73697A65 		.ascii	"sizetype\000"
ARM GAS  C:\Users\Chuck\AppData\Local\Temp\ccxeNeWc.s 			page 33


 1290      74797065 
 1290      00
 1291              	.LASF6:
 1292 0393 6C6F6E67 		.ascii	"long long int\000"
 1292      206C6F6E 
 1292      6720696E 
 1292      7400
 1293              	.LASF13:
 1294 03a1 63686172 		.ascii	"char\000"
 1294      00
 1295              	.LASF41:
 1296 03a6 4932434D 		.ascii	"I2CMaster_slRdBufIndexTmp\000"
 1296      61737465 
 1296      725F736C 
 1296      52644275 
 1296      66496E64 
 1297              	.LASF32:
 1298 03c0 4932434D 		.ascii	"I2CMaster_I2CSlaveClearReadBuf\000"
 1298      61737465 
 1298      725F4932 
 1298      43536C61 
 1298      7665436C 
 1299              	.LASF39:
 1300 03df 4932434D 		.ascii	"I2CMaster_slRdBufSize\000"
 1300      61737465 
 1300      725F736C 
 1300      52644275 
 1300      6653697A 
 1301              	.LASF2:
 1302 03f5 73686F72 		.ascii	"short int\000"
 1302      7420696E 
 1302      7400
 1303              	.LASF26:
 1304 03ff 62756653 		.ascii	"bufSize\000"
 1304      697A6500 
 1305              	.LASF4:
 1306 0407 6C6F6E67 		.ascii	"long int\000"
 1306      20696E74 
 1306      00
 1307              	.LASF14:
 1308 0410 72656733 		.ascii	"reg32\000"
 1308      3200
 1309              	.LASF19:
 1310 0416 6D617463 		.ascii	"matchReg\000"
 1310      68526567 
 1310      00
 1311              	.LASF0:
 1312 041f 7369676E 		.ascii	"signed char\000"
 1312      65642063 
 1312      68617200 
 1313              	.LASF35:
 1314 042b 4932434D 		.ascii	"I2CMaster_slWrBufPtr\000"
 1314      61737465 
 1314      725F736C 
 1314      57724275 
 1314      66507472 
 1315              		.ident	"GCC: (GNU Tools for ARM Embedded Processors) 4.9.3 20150303 (release) [ARM/embedded-4_9-br
ARM GAS  C:\Users\Chuck\AppData\Local\Temp\ccxeNeWc.s 			page 34


