ARM GAS  C:\Users\Chuck\AppData\Local\Temp\ccgr4r1z.s 			page 1


   1              		.cpu cortex-m0
   2              		.fpu softvfp
   3              		.eabi_attribute 20, 1
   4              		.eabi_attribute 21, 1
   5              		.eabi_attribute 23, 3
   6              		.eabi_attribute 24, 1
   7              		.eabi_attribute 25, 1
   8              		.eabi_attribute 26, 1
   9              		.eabi_attribute 30, 6
  10              		.eabi_attribute 34, 0
  11              		.eabi_attribute 18, 4
  12              		.code	16
  13              		.file	"isnprintf.cpp"
  14              		.text
  15              	.Ltext0:
  16              		.cfi_sections	.debug_frame
  17              		.section	.text._ZL8add_charPPcPiic,"ax",%progbits
  18              		.align	2
  19              		.code	16
  20              		.thumb_func
  21              		.type	_ZL8add_charPPcPiic, %function
  22              	_ZL8add_charPPcPiic:
  23              	.LFB0:
  24              		.file 1 ".\\ros_lib\\isnprintf.cpp"
   1:.\ros_lib/isnprintf.cpp **** /******************************************************************************
   2:.\ros_lib/isnprintf.cpp **** * derived from http://www.cypress.com/?id=4&rID=81086, license terms unknown
   3:.\ros_lib/isnprintf.cpp **** * modifications (c) C. Harrison CC BY 3.0 http://creativecommons.org/licenses/by/3.0/
   4:.\ros_lib/isnprintf.cpp **** *This file is for isnprintf()
   5:.\ros_lib/isnprintf.cpp **** *The isnprintf() is a simple snprintf() and only can print string with %s,%d,%c,%x.
   6:.\ros_lib/isnprintf.cpp **** *******************************************************************************/
   7:.\ros_lib/isnprintf.cpp **** #include "isnprintf.h"
   8:.\ros_lib/isnprintf.cpp **** 
   9:.\ros_lib/isnprintf.cpp **** static void add_char(char **ps, int* pchars_generated, int buf_len, char ch)
  10:.\ros_lib/isnprintf.cpp **** {
  25              		.loc 1 10 0
  26              		.cfi_startproc
  27 0000 80B5     		push	{r7, lr}
  28              		.cfi_def_cfa_offset 8
  29              		.cfi_offset 7, -8
  30              		.cfi_offset 14, -4
  31 0002 84B0     		sub	sp, sp, #16
  32              		.cfi_def_cfa_offset 24
  33 0004 00AF     		add	r7, sp, #0
  34              		.cfi_def_cfa_register 7
  35 0006 F860     		str	r0, [r7, #12]
  36 0008 B960     		str	r1, [r7, #8]
  37 000a 7A60     		str	r2, [r7, #4]
  38 000c 1A1C     		mov	r2, r3
  39 000e FB1C     		add	r3, r7, #3
  40 0010 1A70     		strb	r2, [r3]
  11:.\ros_lib/isnprintf.cpp ****    if((*pchars_generated)++ < buf_len)
  41              		.loc 1 11 0
  42 0012 BB68     		ldr	r3, [r7, #8]
  43 0014 1B68     		ldr	r3, [r3]
  44 0016 591C     		add	r1, r3, #1
  45 0018 BA68     		ldr	r2, [r7, #8]
  46 001a 1160     		str	r1, [r2]
ARM GAS  C:\Users\Chuck\AppData\Local\Temp\ccgr4r1z.s 			page 2


  47 001c 0122     		mov	r2, #1
  48 001e 111C     		add	r1, r2, #0
  49 0020 7A68     		ldr	r2, [r7, #4]
  50 0022 9342     		cmp	r3, r2
  51 0024 01DB     		blt	.L2
  52 0026 0023     		mov	r3, #0
  53 0028 191C     		add	r1, r3, #0
  54              	.L2:
  55 002a CBB2     		uxtb	r3, r1
  56 002c 002B     		cmp	r3, #0
  57 002e 07D0     		beq	.L3
  12:.\ros_lib/isnprintf.cpp ****    {
  13:.\ros_lib/isnprintf.cpp ****        *(*ps)++ = ch;
  58              		.loc 1 13 0
  59 0030 FB68     		ldr	r3, [r7, #12]
  60 0032 1B68     		ldr	r3, [r3]
  61 0034 591C     		add	r1, r3, #1
  62 0036 FA68     		ldr	r2, [r7, #12]
  63 0038 1160     		str	r1, [r2]
  64 003a FA1C     		add	r2, r7, #3
  65 003c 1278     		ldrb	r2, [r2]
  66 003e 1A70     		strb	r2, [r3]
  67              	.L3:
  14:.\ros_lib/isnprintf.cpp ****    }
  15:.\ros_lib/isnprintf.cpp ****    if (*pchars_generated == buf_len)
  68              		.loc 1 15 0
  69 0040 BB68     		ldr	r3, [r7, #8]
  70 0042 1A68     		ldr	r2, [r3]
  71 0044 7B68     		ldr	r3, [r7, #4]
  72 0046 9A42     		cmp	r2, r3
  73 0048 04D1     		bne	.L1
  16:.\ros_lib/isnprintf.cpp ****    {
  17:.\ros_lib/isnprintf.cpp ****        *(*ps-1) = 0;
  74              		.loc 1 17 0
  75 004a FB68     		ldr	r3, [r7, #12]
  76 004c 1B68     		ldr	r3, [r3]
  77 004e 013B     		sub	r3, r3, #1
  78 0050 0022     		mov	r2, #0
  79 0052 1A70     		strb	r2, [r3]
  80              	.L1:
  18:.\ros_lib/isnprintf.cpp ****    }
  19:.\ros_lib/isnprintf.cpp **** }
  81              		.loc 1 19 0
  82 0054 BD46     		mov	sp, r7
  83 0056 04B0     		add	sp, sp, #16
  84              		@ sp needed
  85 0058 80BD     		pop	{r7, pc}
  86              		.cfi_endproc
  87              	.LFE0:
  88              		.size	_ZL8add_charPPcPiic, .-_ZL8add_charPPcPiic
  89 005a C046     		.section	.rodata
  90              		.align	2
  91              	.LC0:
  92 0000 30313233 		.ascii	"0123456789abcdef\000"
  92      34353637 
  92      38396162 
  92      63646566 
ARM GAS  C:\Users\Chuck\AppData\Local\Temp\ccgr4r1z.s 			page 3


  92      00
  93 0011 000000   		.section	.text._ZL6changeh,"ax",%progbits
  94              		.align	2
  95              		.code	16
  96              		.thumb_func
  97              		.type	_ZL6changeh, %function
  98              	_ZL6changeh:
  99              	.LFB1:
  20:.\ros_lib/isnprintf.cpp **** 
  21:.\ros_lib/isnprintf.cpp ****       
  22:.\ros_lib/isnprintf.cpp **** static char* change(uint8_t Index)
  23:.\ros_lib/isnprintf.cpp **** {
 100              		.loc 1 23 0
 101              		.cfi_startproc
 102 0000 80B5     		push	{r7, lr}
 103              		.cfi_def_cfa_offset 8
 104              		.cfi_offset 7, -8
 105              		.cfi_offset 14, -4
 106 0002 82B0     		sub	sp, sp, #8
 107              		.cfi_def_cfa_offset 16
 108 0004 00AF     		add	r7, sp, #0
 109              		.cfi_def_cfa_register 7
 110 0006 021C     		mov	r2, r0
 111 0008 FB1D     		add	r3, r7, #7
 112 000a 1A70     		strb	r2, [r3]
  24:.\ros_lib/isnprintf.cpp ****     return (char*)("0123456789abcdef"+Index);
 113              		.loc 1 24 0
 114 000c FB1D     		add	r3, r7, #7
 115 000e 1A78     		ldrb	r2, [r3]
 116 0010 024B     		ldr	r3, .L7
 117 0012 D318     		add	r3, r2, r3
  25:.\ros_lib/isnprintf.cpp **** }
 118              		.loc 1 25 0
 119 0014 181C     		mov	r0, r3
 120 0016 BD46     		mov	sp, r7
 121 0018 02B0     		add	sp, sp, #8
 122              		@ sp needed
 123 001a 80BD     		pop	{r7, pc}
 124              	.L8:
 125              		.align	2
 126              	.L7:
 127 001c 00000000 		.word	.LC0
 128              		.cfi_endproc
 129              	.LFE1:
 130              		.size	_ZL6changeh, .-_ZL6changeh
 131              		.global	__aeabi_uidivmod
 132              		.global	__aeabi_uidiv
 133              		.section	.text._Z9isnprintfPciPKcz,"ax",%progbits
 134              		.align	2
 135              		.global	_Z9isnprintfPciPKcz
 136              		.code	16
 137              		.thumb_func
 138              		.type	_Z9isnprintfPciPKcz, %function
 139              	_Z9isnprintfPciPKcz:
 140              	.LFB2:
  26:.\ros_lib/isnprintf.cpp **** 
  27:.\ros_lib/isnprintf.cpp **** 
ARM GAS  C:\Users\Chuck\AppData\Local\Temp\ccgr4r1z.s 			page 4


  28:.\ros_lib/isnprintf.cpp **** int isnprintf(char *s, int buf_len, const char *pszFmt,...)
  29:.\ros_lib/isnprintf.cpp **** {
 141              		.loc 1 29 0
 142              		.cfi_startproc
 143 0000 0CB4     		push	{r2, r3}
 144              		.cfi_def_cfa_offset 8
 145 0002 90B5     		push	{r4, r7, lr}
 146              		.cfi_def_cfa_offset 20
 147              		.cfi_offset 4, -20
 148              		.cfi_offset 7, -16
 149              		.cfi_offset 14, -12
 150 0004 8FB0     		sub	sp, sp, #60
 151              		.cfi_def_cfa_offset 80
 152 0006 00AF     		add	r7, sp, #0
 153              		.cfi_def_cfa_register 7
 154 0008 7860     		str	r0, [r7, #4]
 155 000a 3960     		str	r1, [r7]
 156              	.LBB2:
  30:.\ros_lib/isnprintf.cpp ****     int chars_generated=0;
 157              		.loc 1 30 0
 158 000c 0023     		mov	r3, #0
 159 000e BB61     		str	r3, [r7, #24]
  31:.\ros_lib/isnprintf.cpp ****     char *pszVal;
  32:.\ros_lib/isnprintf.cpp ****     uint32_t iVal, xVal, i = 0, index = 1;
 160              		.loc 1 32 0
 161 0010 0023     		mov	r3, #0
 162 0012 BB62     		str	r3, [r7, #40]
 163 0014 0123     		mov	r3, #1
 164 0016 7B62     		str	r3, [r7, #36]
  33:.\ros_lib/isnprintf.cpp ****     uint8_t buffer[12];
  34:.\ros_lib/isnprintf.cpp ****     char cVal;
  35:.\ros_lib/isnprintf.cpp ****     uint32_t *pArg;
  36:.\ros_lib/isnprintf.cpp ****     pArg =(uint32_t *)&pszFmt;
 165              		.loc 1 36 0
 166 0018 4823     		mov	r3, #72
 167 001a FB18     		add	r3, r7, r3
 168 001c 3B62     		str	r3, [r7, #32]
  37:.\ros_lib/isnprintf.cpp **** 
  38:.\ros_lib/isnprintf.cpp ****     while(*pszFmt)
 169              		.loc 1 38 0
 170 001e F2E0     		b	.L10
 171              	.L28:
  39:.\ros_lib/isnprintf.cpp ****     {
  40:.\ros_lib/isnprintf.cpp ****         if('%' != *pszFmt)
 172              		.loc 1 40 0
 173 0020 BB6C     		ldr	r3, [r7, #72]
 174 0022 1B78     		ldrb	r3, [r3]
 175 0024 252B     		cmp	r3, #37
 176 0026 0BD0     		beq	.L11
  41:.\ros_lib/isnprintf.cpp ****         {
  42:.\ros_lib/isnprintf.cpp ****             add_char(&s, &chars_generated, buf_len, *pszFmt);
 177              		.loc 1 42 0
 178 0028 BB6C     		ldr	r3, [r7, #72]
 179 002a 1B78     		ldrb	r3, [r3]
 180 002c 381D     		add	r0, r7, #4
 181 002e 1822     		mov	r2, #24
 182 0030 B918     		add	r1, r7, r2
ARM GAS  C:\Users\Chuck\AppData\Local\Temp\ccgr4r1z.s 			page 5


 183 0032 3A68     		ldr	r2, [r7]
 184 0034 FFF7FEFF 		bl	_ZL8add_charPPcPiic
  43:.\ros_lib/isnprintf.cpp ****             pszFmt++;
 185              		.loc 1 43 0
 186 0038 BB6C     		ldr	r3, [r7, #72]
 187 003a 0133     		add	r3, r3, #1
 188 003c BB64     		str	r3, [r7, #72]
  44:.\ros_lib/isnprintf.cpp ****             continue;
 189              		.loc 1 44 0
 190 003e E2E0     		b	.L10
 191              	.L11:
  45:.\ros_lib/isnprintf.cpp ****         }
  46:.\ros_lib/isnprintf.cpp ****         pszFmt++;
 192              		.loc 1 46 0
 193 0040 BB6C     		ldr	r3, [r7, #72]
 194 0042 0133     		add	r3, r3, #1
 195 0044 BB64     		str	r3, [r7, #72]
  47:.\ros_lib/isnprintf.cpp **** 
  48:.\ros_lib/isnprintf.cpp ****         if(*pszFmt == 's')
 196              		.loc 1 48 0
 197 0046 BB6C     		ldr	r3, [r7, #72]
 198 0048 1B78     		ldrb	r3, [r3]
 199 004a 732B     		cmp	r3, #115
 200 004c 1BD1     		bne	.L12
  49:.\ros_lib/isnprintf.cpp ****         {
  50:.\ros_lib/isnprintf.cpp ****             pszVal = (char*)pArg[index++];
 201              		.loc 1 50 0
 202 004e 7B6A     		ldr	r3, [r7, #36]
 203 0050 5A1C     		add	r2, r3, #1
 204 0052 7A62     		str	r2, [r7, #36]
 205 0054 9B00     		lsl	r3, r3, #2
 206 0056 3A6A     		ldr	r2, [r7, #32]
 207 0058 D318     		add	r3, r2, r3
 208 005a 1B68     		ldr	r3, [r3]
 209 005c 7B63     		str	r3, [r7, #52]
  51:.\ros_lib/isnprintf.cpp ****             for(; *pszVal != '\0'; pszVal++)
 210              		.loc 1 51 0
 211 005e 0AE0     		b	.L13
 212              	.L14:
  52:.\ros_lib/isnprintf.cpp ****                 add_char(&s, &chars_generated, buf_len, *pszVal);
 213              		.loc 1 52 0 discriminator 2
 214 0060 7B6B     		ldr	r3, [r7, #52]
 215 0062 1B78     		ldrb	r3, [r3]
 216 0064 381D     		add	r0, r7, #4
 217 0066 1822     		mov	r2, #24
 218 0068 B918     		add	r1, r7, r2
 219 006a 3A68     		ldr	r2, [r7]
 220 006c FFF7FEFF 		bl	_ZL8add_charPPcPiic
  51:.\ros_lib/isnprintf.cpp ****             for(; *pszVal != '\0'; pszVal++)
 221              		.loc 1 51 0 discriminator 2
 222 0070 7B6B     		ldr	r3, [r7, #52]
 223 0072 0133     		add	r3, r3, #1
 224 0074 7B63     		str	r3, [r7, #52]
 225              	.L13:
  51:.\ros_lib/isnprintf.cpp ****             for(; *pszVal != '\0'; pszVal++)
 226              		.loc 1 51 0 is_stmt 0 discriminator 1
 227 0076 7B6B     		ldr	r3, [r7, #52]
ARM GAS  C:\Users\Chuck\AppData\Local\Temp\ccgr4r1z.s 			page 6


 228 0078 1B78     		ldrb	r3, [r3]
 229 007a 002B     		cmp	r3, #0
 230 007c F0D1     		bne	.L14
  53:.\ros_lib/isnprintf.cpp ****             pszFmt++;
 231              		.loc 1 53 0 is_stmt 1
 232 007e BB6C     		ldr	r3, [r7, #72]
 233 0080 0133     		add	r3, r3, #1
 234 0082 BB64     		str	r3, [r7, #72]
  54:.\ros_lib/isnprintf.cpp ****             continue;
 235              		.loc 1 54 0
 236 0084 BFE0     		b	.L10
 237              	.L12:
  55:.\ros_lib/isnprintf.cpp ****         }
  56:.\ros_lib/isnprintf.cpp ****         if(*pszFmt == 'd')
 238              		.loc 1 56 0
 239 0086 BB6C     		ldr	r3, [r7, #72]
 240 0088 1B78     		ldrb	r3, [r3]
 241 008a 642B     		cmp	r3, #100
 242 008c 4DD1     		bne	.L15
  57:.\ros_lib/isnprintf.cpp ****         {
  58:.\ros_lib/isnprintf.cpp ****             iVal = pArg[index++];
 243              		.loc 1 58 0
 244 008e 7B6A     		ldr	r3, [r7, #36]
 245 0090 5A1C     		add	r2, r3, #1
 246 0092 7A62     		str	r2, [r7, #36]
 247 0094 9B00     		lsl	r3, r3, #2
 248 0096 3A6A     		ldr	r2, [r7, #32]
 249 0098 D318     		add	r3, r2, r3
 250 009a 1B68     		ldr	r3, [r3]
 251 009c 3B63     		str	r3, [r7, #48]
  59:.\ros_lib/isnprintf.cpp ****             // handle negative sign
  60:.\ros_lib/isnprintf.cpp ****             if (iVal & 0x8000) {
 252              		.loc 1 60 0
 253 009e 3A6B     		ldr	r2, [r7, #48]
 254 00a0 8023     		mov	r3, #128
 255 00a2 1B02     		lsl	r3, r3, #8
 256 00a4 1340     		and	r3, r2
 257 00a6 0CD0     		beq	.L16
  61:.\ros_lib/isnprintf.cpp ****               iVal = ~iVal + 1;
 258              		.loc 1 61 0
 259 00a8 3B6B     		ldr	r3, [r7, #48]
 260 00aa 5B42     		neg	r3, r3
 261 00ac 3B63     		str	r3, [r7, #48]
  62:.\ros_lib/isnprintf.cpp ****               add_char(&s, &chars_generated, buf_len, '-');
 262              		.loc 1 62 0
 263 00ae 391D     		add	r1, r7, #4
 264 00b0 1823     		mov	r3, #24
 265 00b2 FA18     		add	r2, r7, r3
 266 00b4 3B68     		ldr	r3, [r7]
 267 00b6 081C     		mov	r0, r1
 268 00b8 111C     		mov	r1, r2
 269 00ba 1A1C     		mov	r2, r3
 270 00bc 2D23     		mov	r3, #45
 271 00be FFF7FEFF 		bl	_ZL8add_charPPcPiic
 272              	.L16:
  63:.\ros_lib/isnprintf.cpp ****             }
  64:.\ros_lib/isnprintf.cpp ****             i = 0;
ARM GAS  C:\Users\Chuck\AppData\Local\Temp\ccgr4r1z.s 			page 7


 273              		.loc 1 64 0
 274 00c2 0023     		mov	r3, #0
 275 00c4 BB62     		str	r3, [r7, #40]
 276              	.L17:
  65:.\ros_lib/isnprintf.cpp ****             do{
  66:.\ros_lib/isnprintf.cpp ****                 buffer[i++] = iVal % 10;
 277              		.loc 1 66 0 discriminator 1
 278 00c6 BC6A     		ldr	r4, [r7, #40]
 279 00c8 631C     		add	r3, r4, #1
 280 00ca BB62     		str	r3, [r7, #40]
 281 00cc 3B6B     		ldr	r3, [r7, #48]
 282 00ce 181C     		mov	r0, r3
 283 00d0 0A21     		mov	r1, #10
 284 00d2 FFF7FEFF 		bl	__aeabi_uidivmod
 285 00d6 0B1C     		mov	r3, r1
 286 00d8 DAB2     		uxtb	r2, r3
 287 00da 0C23     		mov	r3, #12
 288 00dc FB18     		add	r3, r7, r3
 289 00de 1A55     		strb	r2, [r3, r4]
  67:.\ros_lib/isnprintf.cpp ****                 iVal /= 10;
 290              		.loc 1 67 0 discriminator 1
 291 00e0 3B6B     		ldr	r3, [r7, #48]
 292 00e2 181C     		mov	r0, r3
 293 00e4 0A21     		mov	r1, #10
 294 00e6 FFF7FEFF 		bl	__aeabi_uidiv
 295 00ea 031C     		mov	r3, r0
 296 00ec 3B63     		str	r3, [r7, #48]
  65:.\ros_lib/isnprintf.cpp ****             do{
 297              		.loc 1 65 0 discriminator 1
 298 00ee 3B6B     		ldr	r3, [r7, #48]
 299 00f0 002B     		cmp	r3, #0
 300 00f2 E8D1     		bne	.L17
  68:.\ros_lib/isnprintf.cpp ****             }while(iVal);
  69:.\ros_lib/isnprintf.cpp ****             while(i > 0)
 301              		.loc 1 69 0
 302 00f4 12E0     		b	.L18
 303              	.L19:
  70:.\ros_lib/isnprintf.cpp ****             {
  71:.\ros_lib/isnprintf.cpp ****                 i--;
 304              		.loc 1 71 0
 305 00f6 BB6A     		ldr	r3, [r7, #40]
 306 00f8 013B     		sub	r3, r3, #1
 307 00fa BB62     		str	r3, [r7, #40]
  72:.\ros_lib/isnprintf.cpp ****                 add_char(&s, &chars_generated, buf_len, *change(buffer[i]));
 308              		.loc 1 72 0
 309 00fc 0C23     		mov	r3, #12
 310 00fe FA18     		add	r2, r7, r3
 311 0100 BB6A     		ldr	r3, [r7, #40]
 312 0102 D318     		add	r3, r2, r3
 313 0104 1B78     		ldrb	r3, [r3]
 314 0106 181C     		mov	r0, r3
 315 0108 FFF7FEFF 		bl	_ZL6changeh
 316 010c 031C     		mov	r3, r0
 317 010e 1B78     		ldrb	r3, [r3]
 318 0110 381D     		add	r0, r7, #4
 319 0112 1822     		mov	r2, #24
 320 0114 B918     		add	r1, r7, r2
ARM GAS  C:\Users\Chuck\AppData\Local\Temp\ccgr4r1z.s 			page 8


 321 0116 3A68     		ldr	r2, [r7]
 322 0118 FFF7FEFF 		bl	_ZL8add_charPPcPiic
 323              	.L18:
  69:.\ros_lib/isnprintf.cpp ****             {
 324              		.loc 1 69 0
 325 011c BB6A     		ldr	r3, [r7, #40]
 326 011e 002B     		cmp	r3, #0
 327 0120 E9D1     		bne	.L19
  73:.\ros_lib/isnprintf.cpp ****             }
  74:.\ros_lib/isnprintf.cpp ****             pszFmt++;
 328              		.loc 1 74 0
 329 0122 BB6C     		ldr	r3, [r7, #72]
 330 0124 0133     		add	r3, r3, #1
 331 0126 BB64     		str	r3, [r7, #72]
  75:.\ros_lib/isnprintf.cpp ****             continue;
 332              		.loc 1 75 0
 333 0128 6DE0     		b	.L10
 334              	.L15:
  76:.\ros_lib/isnprintf.cpp ****         }
  77:.\ros_lib/isnprintf.cpp ****         if(*pszFmt == 'c')
 335              		.loc 1 77 0
 336 012a BB6C     		ldr	r3, [r7, #72]
 337 012c 1B78     		ldrb	r3, [r3]
 338 012e 632B     		cmp	r3, #99
 339 0130 16D1     		bne	.L20
  78:.\ros_lib/isnprintf.cpp ****         {
  79:.\ros_lib/isnprintf.cpp ****             cVal = (char)pArg[index++];
 340              		.loc 1 79 0
 341 0132 7B6A     		ldr	r3, [r7, #36]
 342 0134 5A1C     		add	r2, r3, #1
 343 0136 7A62     		str	r2, [r7, #36]
 344 0138 9B00     		lsl	r3, r3, #2
 345 013a 3A6A     		ldr	r2, [r7, #32]
 346 013c D318     		add	r3, r2, r3
 347 013e 1A68     		ldr	r2, [r3]
 348 0140 1F23     		mov	r3, #31
 349 0142 FB18     		add	r3, r7, r3
 350 0144 1A70     		strb	r2, [r3]
  80:.\ros_lib/isnprintf.cpp ****             add_char(&s, &chars_generated, buf_len, cVal);
 351              		.loc 1 80 0
 352 0146 381D     		add	r0, r7, #4
 353 0148 1823     		mov	r3, #24
 354 014a F918     		add	r1, r7, r3
 355 014c 3A68     		ldr	r2, [r7]
 356 014e 1F23     		mov	r3, #31
 357 0150 FB18     		add	r3, r7, r3
 358 0152 1B78     		ldrb	r3, [r3]
 359 0154 FFF7FEFF 		bl	_ZL8add_charPPcPiic
  81:.\ros_lib/isnprintf.cpp ****             pszFmt++;
 360              		.loc 1 81 0
 361 0158 BB6C     		ldr	r3, [r7, #72]
 362 015a 0133     		add	r3, r3, #1
 363 015c BB64     		str	r3, [r7, #72]
  82:.\ros_lib/isnprintf.cpp ****             continue;
 364              		.loc 1 82 0
 365 015e 52E0     		b	.L10
 366              	.L20:
ARM GAS  C:\Users\Chuck\AppData\Local\Temp\ccgr4r1z.s 			page 9


  83:.\ros_lib/isnprintf.cpp ****         }
  84:.\ros_lib/isnprintf.cpp ****         if(*pszFmt == 'x')
 367              		.loc 1 84 0
 368 0160 BB6C     		ldr	r3, [r7, #72]
 369 0162 1B78     		ldrb	r3, [r3]
 370 0164 782B     		cmp	r3, #120
 371 0166 4AD1     		bne	.L21
  85:.\ros_lib/isnprintf.cpp ****         {
  86:.\ros_lib/isnprintf.cpp ****             xVal = pArg[index++];
 372              		.loc 1 86 0
 373 0168 7B6A     		ldr	r3, [r7, #36]
 374 016a 5A1C     		add	r2, r3, #1
 375 016c 7A62     		str	r2, [r7, #36]
 376 016e 9B00     		lsl	r3, r3, #2
 377 0170 3A6A     		ldr	r2, [r7, #32]
 378 0172 D318     		add	r3, r2, r3
 379 0174 1B68     		ldr	r3, [r3]
 380 0176 FB62     		str	r3, [r7, #44]
  87:.\ros_lib/isnprintf.cpp ****             i = 0;
 381              		.loc 1 87 0
 382 0178 0023     		mov	r3, #0
 383 017a BB62     		str	r3, [r7, #40]
 384              	.L22:
  88:.\ros_lib/isnprintf.cpp ****             do{
  89:.\ros_lib/isnprintf.cpp ****                 buffer[i++] = xVal % 16;
 385              		.loc 1 89 0 discriminator 1
 386 017c BB6A     		ldr	r3, [r7, #40]
 387 017e 5A1C     		add	r2, r3, #1
 388 0180 BA62     		str	r2, [r7, #40]
 389 0182 FA6A     		ldr	r2, [r7, #44]
 390 0184 D2B2     		uxtb	r2, r2
 391 0186 0F21     		mov	r1, #15
 392 0188 0A40     		and	r2, r1
 393 018a D1B2     		uxtb	r1, r2
 394 018c 0C22     		mov	r2, #12
 395 018e BA18     		add	r2, r7, r2
 396 0190 D154     		strb	r1, [r2, r3]
  90:.\ros_lib/isnprintf.cpp ****                 xVal /= 16;
 397              		.loc 1 90 0 discriminator 1
 398 0192 FB6A     		ldr	r3, [r7, #44]
 399 0194 1B09     		lsr	r3, r3, #4
 400 0196 FB62     		str	r3, [r7, #44]
  88:.\ros_lib/isnprintf.cpp ****             do{
 401              		.loc 1 88 0 discriminator 1
 402 0198 FB6A     		ldr	r3, [r7, #44]
 403 019a 002B     		cmp	r3, #0
 404 019c EED1     		bne	.L22
  91:.\ros_lib/isnprintf.cpp ****             }while(xVal);
  92:.\ros_lib/isnprintf.cpp ****             if(i%2!=0)
 405              		.loc 1 92 0
 406 019e BB6A     		ldr	r3, [r7, #40]
 407 01a0 0122     		mov	r2, #1
 408 01a2 1340     		and	r3, r2
 409 01a4 06D0     		beq	.L23
  93:.\ros_lib/isnprintf.cpp ****                 buffer[i++]=0;
 410              		.loc 1 93 0
 411 01a6 BB6A     		ldr	r3, [r7, #40]
ARM GAS  C:\Users\Chuck\AppData\Local\Temp\ccgr4r1z.s 			page 10


 412 01a8 5A1C     		add	r2, r3, #1
 413 01aa BA62     		str	r2, [r7, #40]
 414 01ac 0C22     		mov	r2, #12
 415 01ae BA18     		add	r2, r7, r2
 416 01b0 0021     		mov	r1, #0
 417 01b2 D154     		strb	r1, [r2, r3]
 418              	.L23:
  94:.\ros_lib/isnprintf.cpp ****             if(i<2)
 419              		.loc 1 94 0
 420 01b4 BB6A     		ldr	r3, [r7, #40]
 421 01b6 012B     		cmp	r3, #1
 422 01b8 06D8     		bhi	.L24
  95:.\ros_lib/isnprintf.cpp ****                 buffer[i++]=0;
 423              		.loc 1 95 0
 424 01ba BB6A     		ldr	r3, [r7, #40]
 425 01bc 5A1C     		add	r2, r3, #1
 426 01be BA62     		str	r2, [r7, #40]
 427 01c0 0C22     		mov	r2, #12
 428 01c2 BA18     		add	r2, r7, r2
 429 01c4 0021     		mov	r1, #0
 430 01c6 D154     		strb	r1, [r2, r3]
 431              	.L24:
  96:.\ros_lib/isnprintf.cpp **** 
  97:.\ros_lib/isnprintf.cpp ****             while(i > 0)
 432              		.loc 1 97 0
 433 01c8 12E0     		b	.L25
 434              	.L26:
  98:.\ros_lib/isnprintf.cpp ****             {
  99:.\ros_lib/isnprintf.cpp ****                 i--;
 435              		.loc 1 99 0
 436 01ca BB6A     		ldr	r3, [r7, #40]
 437 01cc 013B     		sub	r3, r3, #1
 438 01ce BB62     		str	r3, [r7, #40]
 100:.\ros_lib/isnprintf.cpp ****                 add_char(&s, &chars_generated, buf_len, *change(buffer[i]));
 439              		.loc 1 100 0
 440 01d0 0C23     		mov	r3, #12
 441 01d2 FA18     		add	r2, r7, r3
 442 01d4 BB6A     		ldr	r3, [r7, #40]
 443 01d6 D318     		add	r3, r2, r3
 444 01d8 1B78     		ldrb	r3, [r3]
 445 01da 181C     		mov	r0, r3
 446 01dc FFF7FEFF 		bl	_ZL6changeh
 447 01e0 031C     		mov	r3, r0
 448 01e2 1B78     		ldrb	r3, [r3]
 449 01e4 381D     		add	r0, r7, #4
 450 01e6 1822     		mov	r2, #24
 451 01e8 B918     		add	r1, r7, r2
 452 01ea 3A68     		ldr	r2, [r7]
 453 01ec FFF7FEFF 		bl	_ZL8add_charPPcPiic
 454              	.L25:
  97:.\ros_lib/isnprintf.cpp ****             {
 455              		.loc 1 97 0
 456 01f0 BB6A     		ldr	r3, [r7, #40]
 457 01f2 002B     		cmp	r3, #0
 458 01f4 E9D1     		bne	.L26
 101:.\ros_lib/isnprintf.cpp ****             }
 102:.\ros_lib/isnprintf.cpp ****             pszFmt++;
ARM GAS  C:\Users\Chuck\AppData\Local\Temp\ccgr4r1z.s 			page 11


 459              		.loc 1 102 0
 460 01f6 BB6C     		ldr	r3, [r7, #72]
 461 01f8 0133     		add	r3, r3, #1
 462 01fa BB64     		str	r3, [r7, #72]
 103:.\ros_lib/isnprintf.cpp ****             continue;
 463              		.loc 1 103 0
 464 01fc 03E0     		b	.L10
 465              	.L21:
 104:.\ros_lib/isnprintf.cpp ****         }
 105:.\ros_lib/isnprintf.cpp ****         if(pszFmt == '\0')
 466              		.loc 1 105 0
 467 01fe BB6C     		ldr	r3, [r7, #72]
 468 0200 002B     		cmp	r3, #0
 469 0202 00D1     		bne	.L10
 106:.\ros_lib/isnprintf.cpp ****         {
 107:.\ros_lib/isnprintf.cpp ****             break;
 470              		.loc 1 107 0
 471 0204 04E0     		b	.L27
 472              	.L10:
  38:.\ros_lib/isnprintf.cpp ****     {
 473              		.loc 1 38 0
 474 0206 BB6C     		ldr	r3, [r7, #72]
 475 0208 1B78     		ldrb	r3, [r3]
 476 020a 002B     		cmp	r3, #0
 477 020c 00D0     		beq	.LCB416
 478 020e 07E7     		b	.L28	@long jump
 479              	.LCB416:
 480              	.L27:
 108:.\ros_lib/isnprintf.cpp ****         }
 109:.\ros_lib/isnprintf.cpp ****     }
 110:.\ros_lib/isnprintf.cpp ****     if (chars_generated < buf_len)
 481              		.loc 1 110 0
 482 0210 BA69     		ldr	r2, [r7, #24]
 483 0212 3B68     		ldr	r3, [r7]
 484 0214 9A42     		cmp	r2, r3
 485 0216 02DA     		bge	.L29
 111:.\ros_lib/isnprintf.cpp ****     {
 112:.\ros_lib/isnprintf.cpp ****         *s = '\0';
 486              		.loc 1 112 0
 487 0218 7B68     		ldr	r3, [r7, #4]
 488 021a 0022     		mov	r2, #0
 489 021c 1A70     		strb	r2, [r3]
 490              	.L29:
 113:.\ros_lib/isnprintf.cpp ****     }
 114:.\ros_lib/isnprintf.cpp ****     return chars_generated;
 491              		.loc 1 114 0
 492 021e BB69     		ldr	r3, [r7, #24]
 493              	.LBE2:
 115:.\ros_lib/isnprintf.cpp **** }
 494              		.loc 1 115 0
 495 0220 181C     		mov	r0, r3
 496 0222 BD46     		mov	sp, r7
 497 0224 0FB0     		add	sp, sp, #60
 498              		@ sp needed
 499 0226 90BC     		pop	{r4, r7}
 500 0228 08BC     		pop	{r3}
 501 022a 02B0     		add	sp, sp, #8
ARM GAS  C:\Users\Chuck\AppData\Local\Temp\ccgr4r1z.s 			page 12


 502 022c 1847     		bx	r3
 503              		.cfi_endproc
 504              	.LFE2:
 505              		.size	_Z9isnprintfPciPKcz, .-_Z9isnprintfPciPKcz
 506              		.text
 507              	.Letext0:
 508              		.file 2 "c:\\program files (x86)\\cypress\\psoc creator\\3.3\\psoc creator\\import\\gnu\\arm\\4.9.
 509              		.file 3 "c:\\program files (x86)\\cypress\\psoc creator\\3.3\\psoc creator\\import\\gnu\\arm\\4.9.
 510              		.section	.debug_info,"",%progbits
 511              	.Ldebug_info0:
 512 0000 19020000 		.4byte	0x219
 513 0004 0400     		.2byte	0x4
 514 0006 00000000 		.4byte	.Ldebug_abbrev0
 515 000a 04       		.byte	0x4
 516 000b 01       		.uleb128 0x1
 517 000c 99000000 		.4byte	.LASF27
 518 0010 04       		.byte	0x4
 519 0011 47020000 		.4byte	.LASF28
 520 0015 14000000 		.4byte	.LASF29
 521 0019 00000000 		.4byte	.Ldebug_ranges0+0
 522 001d 00000000 		.4byte	0
 523 0021 00000000 		.4byte	.Ldebug_line0
 524 0025 02       		.uleb128 0x2
 525 0026 01       		.byte	0x1
 526 0027 06       		.byte	0x6
 527 0028 35020000 		.4byte	.LASF0
 528 002c 03       		.uleb128 0x3
 529 002d 00000000 		.4byte	.LASF5
 530 0031 02       		.byte	0x2
 531 0032 1D       		.byte	0x1d
 532 0033 37000000 		.4byte	0x37
 533 0037 02       		.uleb128 0x2
 534 0038 01       		.byte	0x1
 535 0039 08       		.byte	0x8
 536 003a 52000000 		.4byte	.LASF1
 537 003e 02       		.uleb128 0x2
 538 003f 02       		.byte	0x2
 539 0040 05       		.byte	0x5
 540 0041 F5010000 		.4byte	.LASF2
 541 0045 02       		.uleb128 0x2
 542 0046 02       		.byte	0x2
 543 0047 07       		.byte	0x7
 544 0048 7E000000 		.4byte	.LASF3
 545 004c 02       		.uleb128 0x2
 546 004d 04       		.byte	0x4
 547 004e 05       		.byte	0x5
 548 004f 23020000 		.4byte	.LASF4
 549 0053 03       		.uleb128 0x3
 550 0054 76010000 		.4byte	.LASF6
 551 0058 02       		.byte	0x2
 552 0059 41       		.byte	0x41
 553 005a 5E000000 		.4byte	0x5e
 554 005e 02       		.uleb128 0x2
 555 005f 04       		.byte	0x4
 556 0060 07       		.byte	0x7
 557 0061 6C000000 		.4byte	.LASF7
 558 0065 02       		.uleb128 0x2
ARM GAS  C:\Users\Chuck\AppData\Local\Temp\ccgr4r1z.s 			page 13


 559 0066 08       		.byte	0x8
 560 0067 05       		.byte	0x5
 561 0068 D7010000 		.4byte	.LASF8
 562 006c 02       		.uleb128 0x2
 563 006d 08       		.byte	0x8
 564 006e 07       		.byte	0x7
 565 006f A3010000 		.4byte	.LASF9
 566 0073 04       		.uleb128 0x4
 567 0074 04       		.byte	0x4
 568 0075 05       		.byte	0x5
 569 0076 696E7400 		.ascii	"int\000"
 570 007a 02       		.uleb128 0x2
 571 007b 04       		.byte	0x4
 572 007c 07       		.byte	0x7
 573 007d 91010000 		.4byte	.LASF10
 574 0081 03       		.uleb128 0x3
 575 0082 BA010000 		.4byte	.LASF11
 576 0086 03       		.byte	0x3
 577 0087 15       		.byte	0x15
 578 0088 2C000000 		.4byte	0x2c
 579 008c 03       		.uleb128 0x3
 580 008d 1A020000 		.4byte	.LASF12
 581 0091 03       		.byte	0x3
 582 0092 2D       		.byte	0x2d
 583 0093 53000000 		.4byte	0x53
 584 0097 05       		.uleb128 0x5
 585 0098 2C020000 		.4byte	.LASF30
 586 009c 01       		.byte	0x1
 587 009d 09       		.byte	0x9
 588 009e 00000000 		.4byte	.LFB0
 589 00a2 5A000000 		.4byte	.LFE0-.LFB0
 590 00a6 01       		.uleb128 0x1
 591 00a7 9C       		.byte	0x9c
 592 00a8 E3000000 		.4byte	0xe3
 593 00ac 06       		.uleb128 0x6
 594 00ad 707300   		.ascii	"ps\000"
 595 00b0 01       		.byte	0x1
 596 00b1 09       		.byte	0x9
 597 00b2 E3000000 		.4byte	0xe3
 598 00b6 02       		.uleb128 0x2
 599 00b7 91       		.byte	0x91
 600 00b8 74       		.sleb128 -12
 601 00b9 07       		.uleb128 0x7
 602 00ba 3A000000 		.4byte	.LASF13
 603 00be 01       		.byte	0x1
 604 00bf 09       		.byte	0x9
 605 00c0 F6000000 		.4byte	0xf6
 606 00c4 02       		.uleb128 0x2
 607 00c5 91       		.byte	0x91
 608 00c6 70       		.sleb128 -16
 609 00c7 07       		.uleb128 0x7
 610 00c8 91000000 		.4byte	.LASF14
 611 00cc 01       		.byte	0x1
 612 00cd 09       		.byte	0x9
 613 00ce 73000000 		.4byte	0x73
 614 00d2 02       		.uleb128 0x2
 615 00d3 91       		.byte	0x91
ARM GAS  C:\Users\Chuck\AppData\Local\Temp\ccgr4r1z.s 			page 14


 616 00d4 6C       		.sleb128 -20
 617 00d5 06       		.uleb128 0x6
 618 00d6 636800   		.ascii	"ch\000"
 619 00d9 01       		.byte	0x1
 620 00da 09       		.byte	0x9
 621 00db EF000000 		.4byte	0xef
 622 00df 02       		.uleb128 0x2
 623 00e0 91       		.byte	0x91
 624 00e1 6B       		.sleb128 -21
 625 00e2 00       		.byte	0
 626 00e3 08       		.uleb128 0x8
 627 00e4 04       		.byte	0x4
 628 00e5 E9000000 		.4byte	0xe9
 629 00e9 08       		.uleb128 0x8
 630 00ea 04       		.byte	0x4
 631 00eb EF000000 		.4byte	0xef
 632 00ef 02       		.uleb128 0x2
 633 00f0 01       		.byte	0x1
 634 00f1 08       		.byte	0x8
 635 00f2 EA010000 		.4byte	.LASF15
 636 00f6 08       		.uleb128 0x8
 637 00f7 04       		.byte	0x4
 638 00f8 73000000 		.4byte	0x73
 639 00fc 09       		.uleb128 0x9
 640 00fd C7010000 		.4byte	.LASF31
 641 0101 01       		.byte	0x1
 642 0102 16       		.byte	0x16
 643 0103 E9000000 		.4byte	0xe9
 644 0107 00000000 		.4byte	.LFB1
 645 010b 20000000 		.4byte	.LFE1-.LFB1
 646 010f 01       		.uleb128 0x1
 647 0110 9C       		.byte	0x9c
 648 0111 24010000 		.4byte	0x124
 649 0115 07       		.uleb128 0x7
 650 0116 41020000 		.4byte	.LASF16
 651 011a 01       		.byte	0x1
 652 011b 16       		.byte	0x16
 653 011c 81000000 		.4byte	0x81
 654 0120 02       		.uleb128 0x2
 655 0121 91       		.byte	0x91
 656 0122 77       		.sleb128 -9
 657 0123 00       		.byte	0
 658 0124 0A       		.uleb128 0xa
 659 0125 0A000000 		.4byte	.LASF32
 660 0129 01       		.byte	0x1
 661 012a 1C       		.byte	0x1c
 662 012b 06020000 		.4byte	.LASF33
 663 012f 73000000 		.4byte	0x73
 664 0133 00000000 		.4byte	.LFB2
 665 0137 2E020000 		.4byte	.LFE2-.LFB2
 666 013b 01       		.uleb128 0x1
 667 013c 9C       		.byte	0x9c
 668 013d F4010000 		.4byte	0x1f4
 669 0141 06       		.uleb128 0x6
 670 0142 7300     		.ascii	"s\000"
 671 0144 01       		.byte	0x1
 672 0145 1C       		.byte	0x1c
ARM GAS  C:\Users\Chuck\AppData\Local\Temp\ccgr4r1z.s 			page 15


 673 0146 E9000000 		.4byte	0xe9
 674 014a 03       		.uleb128 0x3
 675 014b 91       		.byte	0x91
 676 014c B47F     		.sleb128 -76
 677 014e 07       		.uleb128 0x7
 678 014f 91000000 		.4byte	.LASF14
 679 0153 01       		.byte	0x1
 680 0154 1C       		.byte	0x1c
 681 0155 73000000 		.4byte	0x73
 682 0159 03       		.uleb128 0x3
 683 015a 91       		.byte	0x91
 684 015b B07F     		.sleb128 -80
 685 015d 07       		.uleb128 0x7
 686 015e 4B000000 		.4byte	.LASF17
 687 0162 01       		.byte	0x1
 688 0163 1C       		.byte	0x1c
 689 0164 F4010000 		.4byte	0x1f4
 690 0168 02       		.uleb128 0x2
 691 0169 91       		.byte	0x91
 692 016a 78       		.sleb128 -8
 693 016b 0B       		.uleb128 0xb
 694 016c 0C       		.uleb128 0xc
 695 016d 0C000000 		.4byte	.LBB2
 696 0171 14020000 		.4byte	.LBE2-.LBB2
 697 0175 0D       		.uleb128 0xd
 698 0176 81010000 		.4byte	.LASF18
 699 017a 01       		.byte	0x1
 700 017b 1E       		.byte	0x1e
 701 017c 73000000 		.4byte	0x73
 702 0180 02       		.uleb128 0x2
 703 0181 91       		.byte	0x91
 704 0182 48       		.sleb128 -56
 705 0183 0D       		.uleb128 0xd
 706 0184 65000000 		.4byte	.LASF19
 707 0188 01       		.byte	0x1
 708 0189 1F       		.byte	0x1f
 709 018a E9000000 		.4byte	0xe9
 710 018e 02       		.uleb128 0x2
 711 018f 91       		.byte	0x91
 712 0190 64       		.sleb128 -28
 713 0191 0D       		.uleb128 0xd
 714 0192 9E010000 		.4byte	.LASF20
 715 0196 01       		.byte	0x1
 716 0197 20       		.byte	0x20
 717 0198 8C000000 		.4byte	0x8c
 718 019c 02       		.uleb128 0x2
 719 019d 91       		.byte	0x91
 720 019e 60       		.sleb128 -32
 721 019f 0D       		.uleb128 0xd
 722 01a0 C2010000 		.4byte	.LASF21
 723 01a4 01       		.byte	0x1
 724 01a5 20       		.byte	0x20
 725 01a6 8C000000 		.4byte	0x8c
 726 01aa 02       		.uleb128 0x2
 727 01ab 91       		.byte	0x91
 728 01ac 5C       		.sleb128 -36
 729 01ad 0E       		.uleb128 0xe
ARM GAS  C:\Users\Chuck\AppData\Local\Temp\ccgr4r1z.s 			page 16


 730 01ae 6900     		.ascii	"i\000"
 731 01b0 01       		.byte	0x1
 732 01b1 20       		.byte	0x20
 733 01b2 8C000000 		.4byte	0x8c
 734 01b6 02       		.uleb128 0x2
 735 01b7 91       		.byte	0x91
 736 01b8 58       		.sleb128 -40
 737 01b9 0D       		.uleb128 0xd
 738 01ba EF010000 		.4byte	.LASF22
 739 01be 01       		.byte	0x1
 740 01bf 20       		.byte	0x20
 741 01c0 8C000000 		.4byte	0x8c
 742 01c4 02       		.uleb128 0x2
 743 01c5 91       		.byte	0x91
 744 01c6 54       		.sleb128 -44
 745 01c7 0D       		.uleb128 0xd
 746 01c8 FF010000 		.4byte	.LASF23
 747 01cc 01       		.byte	0x1
 748 01cd 21       		.byte	0x21
 749 01ce FF010000 		.4byte	0x1ff
 750 01d2 03       		.uleb128 0x3
 751 01d3 91       		.byte	0x91
 752 01d4 BC7F     		.sleb128 -68
 753 01d6 0D       		.uleb128 0xd
 754 01d7 60000000 		.4byte	.LASF24
 755 01db 01       		.byte	0x1
 756 01dc 22       		.byte	0x22
 757 01dd EF000000 		.4byte	0xef
 758 01e1 02       		.uleb128 0x2
 759 01e2 91       		.byte	0x91
 760 01e3 4F       		.sleb128 -49
 761 01e4 0D       		.uleb128 0xd
 762 01e5 E5010000 		.4byte	.LASF25
 763 01e9 01       		.byte	0x1
 764 01ea 23       		.byte	0x23
 765 01eb 16020000 		.4byte	0x216
 766 01ef 02       		.uleb128 0x2
 767 01f0 91       		.byte	0x91
 768 01f1 50       		.sleb128 -48
 769 01f2 00       		.byte	0
 770 01f3 00       		.byte	0
 771 01f4 08       		.uleb128 0x8
 772 01f5 04       		.byte	0x4
 773 01f6 FA010000 		.4byte	0x1fa
 774 01fa 0F       		.uleb128 0xf
 775 01fb EF000000 		.4byte	0xef
 776 01ff 10       		.uleb128 0x10
 777 0200 37000000 		.4byte	0x37
 778 0204 0F020000 		.4byte	0x20f
 779 0208 11       		.uleb128 0x11
 780 0209 0F020000 		.4byte	0x20f
 781 020d 0B       		.byte	0xb
 782 020e 00       		.byte	0
 783 020f 02       		.uleb128 0x2
 784 0210 04       		.byte	0x4
 785 0211 07       		.byte	0x7
 786 0212 CE010000 		.4byte	.LASF26
ARM GAS  C:\Users\Chuck\AppData\Local\Temp\ccgr4r1z.s 			page 17


 787 0216 08       		.uleb128 0x8
 788 0217 04       		.byte	0x4
 789 0218 8C000000 		.4byte	0x8c
 790 021c 00       		.byte	0
 791              		.section	.debug_abbrev,"",%progbits
 792              	.Ldebug_abbrev0:
 793 0000 01       		.uleb128 0x1
 794 0001 11       		.uleb128 0x11
 795 0002 01       		.byte	0x1
 796 0003 25       		.uleb128 0x25
 797 0004 0E       		.uleb128 0xe
 798 0005 13       		.uleb128 0x13
 799 0006 0B       		.uleb128 0xb
 800 0007 03       		.uleb128 0x3
 801 0008 0E       		.uleb128 0xe
 802 0009 1B       		.uleb128 0x1b
 803 000a 0E       		.uleb128 0xe
 804 000b 55       		.uleb128 0x55
 805 000c 17       		.uleb128 0x17
 806 000d 11       		.uleb128 0x11
 807 000e 01       		.uleb128 0x1
 808 000f 10       		.uleb128 0x10
 809 0010 17       		.uleb128 0x17
 810 0011 00       		.byte	0
 811 0012 00       		.byte	0
 812 0013 02       		.uleb128 0x2
 813 0014 24       		.uleb128 0x24
 814 0015 00       		.byte	0
 815 0016 0B       		.uleb128 0xb
 816 0017 0B       		.uleb128 0xb
 817 0018 3E       		.uleb128 0x3e
 818 0019 0B       		.uleb128 0xb
 819 001a 03       		.uleb128 0x3
 820 001b 0E       		.uleb128 0xe
 821 001c 00       		.byte	0
 822 001d 00       		.byte	0
 823 001e 03       		.uleb128 0x3
 824 001f 16       		.uleb128 0x16
 825 0020 00       		.byte	0
 826 0021 03       		.uleb128 0x3
 827 0022 0E       		.uleb128 0xe
 828 0023 3A       		.uleb128 0x3a
 829 0024 0B       		.uleb128 0xb
 830 0025 3B       		.uleb128 0x3b
 831 0026 0B       		.uleb128 0xb
 832 0027 49       		.uleb128 0x49
 833 0028 13       		.uleb128 0x13
 834 0029 00       		.byte	0
 835 002a 00       		.byte	0
 836 002b 04       		.uleb128 0x4
 837 002c 24       		.uleb128 0x24
 838 002d 00       		.byte	0
 839 002e 0B       		.uleb128 0xb
 840 002f 0B       		.uleb128 0xb
 841 0030 3E       		.uleb128 0x3e
 842 0031 0B       		.uleb128 0xb
 843 0032 03       		.uleb128 0x3
ARM GAS  C:\Users\Chuck\AppData\Local\Temp\ccgr4r1z.s 			page 18


 844 0033 08       		.uleb128 0x8
 845 0034 00       		.byte	0
 846 0035 00       		.byte	0
 847 0036 05       		.uleb128 0x5
 848 0037 2E       		.uleb128 0x2e
 849 0038 01       		.byte	0x1
 850 0039 03       		.uleb128 0x3
 851 003a 0E       		.uleb128 0xe
 852 003b 3A       		.uleb128 0x3a
 853 003c 0B       		.uleb128 0xb
 854 003d 3B       		.uleb128 0x3b
 855 003e 0B       		.uleb128 0xb
 856 003f 11       		.uleb128 0x11
 857 0040 01       		.uleb128 0x1
 858 0041 12       		.uleb128 0x12
 859 0042 06       		.uleb128 0x6
 860 0043 40       		.uleb128 0x40
 861 0044 18       		.uleb128 0x18
 862 0045 9742     		.uleb128 0x2117
 863 0047 19       		.uleb128 0x19
 864 0048 01       		.uleb128 0x1
 865 0049 13       		.uleb128 0x13
 866 004a 00       		.byte	0
 867 004b 00       		.byte	0
 868 004c 06       		.uleb128 0x6
 869 004d 05       		.uleb128 0x5
 870 004e 00       		.byte	0
 871 004f 03       		.uleb128 0x3
 872 0050 08       		.uleb128 0x8
 873 0051 3A       		.uleb128 0x3a
 874 0052 0B       		.uleb128 0xb
 875 0053 3B       		.uleb128 0x3b
 876 0054 0B       		.uleb128 0xb
 877 0055 49       		.uleb128 0x49
 878 0056 13       		.uleb128 0x13
 879 0057 02       		.uleb128 0x2
 880 0058 18       		.uleb128 0x18
 881 0059 00       		.byte	0
 882 005a 00       		.byte	0
 883 005b 07       		.uleb128 0x7
 884 005c 05       		.uleb128 0x5
 885 005d 00       		.byte	0
 886 005e 03       		.uleb128 0x3
 887 005f 0E       		.uleb128 0xe
 888 0060 3A       		.uleb128 0x3a
 889 0061 0B       		.uleb128 0xb
 890 0062 3B       		.uleb128 0x3b
 891 0063 0B       		.uleb128 0xb
 892 0064 49       		.uleb128 0x49
 893 0065 13       		.uleb128 0x13
 894 0066 02       		.uleb128 0x2
 895 0067 18       		.uleb128 0x18
 896 0068 00       		.byte	0
 897 0069 00       		.byte	0
 898 006a 08       		.uleb128 0x8
 899 006b 0F       		.uleb128 0xf
 900 006c 00       		.byte	0
ARM GAS  C:\Users\Chuck\AppData\Local\Temp\ccgr4r1z.s 			page 19


 901 006d 0B       		.uleb128 0xb
 902 006e 0B       		.uleb128 0xb
 903 006f 49       		.uleb128 0x49
 904 0070 13       		.uleb128 0x13
 905 0071 00       		.byte	0
 906 0072 00       		.byte	0
 907 0073 09       		.uleb128 0x9
 908 0074 2E       		.uleb128 0x2e
 909 0075 01       		.byte	0x1
 910 0076 03       		.uleb128 0x3
 911 0077 0E       		.uleb128 0xe
 912 0078 3A       		.uleb128 0x3a
 913 0079 0B       		.uleb128 0xb
 914 007a 3B       		.uleb128 0x3b
 915 007b 0B       		.uleb128 0xb
 916 007c 49       		.uleb128 0x49
 917 007d 13       		.uleb128 0x13
 918 007e 11       		.uleb128 0x11
 919 007f 01       		.uleb128 0x1
 920 0080 12       		.uleb128 0x12
 921 0081 06       		.uleb128 0x6
 922 0082 40       		.uleb128 0x40
 923 0083 18       		.uleb128 0x18
 924 0084 9742     		.uleb128 0x2117
 925 0086 19       		.uleb128 0x19
 926 0087 01       		.uleb128 0x1
 927 0088 13       		.uleb128 0x13
 928 0089 00       		.byte	0
 929 008a 00       		.byte	0
 930 008b 0A       		.uleb128 0xa
 931 008c 2E       		.uleb128 0x2e
 932 008d 01       		.byte	0x1
 933 008e 3F       		.uleb128 0x3f
 934 008f 19       		.uleb128 0x19
 935 0090 03       		.uleb128 0x3
 936 0091 0E       		.uleb128 0xe
 937 0092 3A       		.uleb128 0x3a
 938 0093 0B       		.uleb128 0xb
 939 0094 3B       		.uleb128 0x3b
 940 0095 0B       		.uleb128 0xb
 941 0096 6E       		.uleb128 0x6e
 942 0097 0E       		.uleb128 0xe
 943 0098 49       		.uleb128 0x49
 944 0099 13       		.uleb128 0x13
 945 009a 11       		.uleb128 0x11
 946 009b 01       		.uleb128 0x1
 947 009c 12       		.uleb128 0x12
 948 009d 06       		.uleb128 0x6
 949 009e 40       		.uleb128 0x40
 950 009f 18       		.uleb128 0x18
 951 00a0 9642     		.uleb128 0x2116
 952 00a2 19       		.uleb128 0x19
 953 00a3 01       		.uleb128 0x1
 954 00a4 13       		.uleb128 0x13
 955 00a5 00       		.byte	0
 956 00a6 00       		.byte	0
 957 00a7 0B       		.uleb128 0xb
ARM GAS  C:\Users\Chuck\AppData\Local\Temp\ccgr4r1z.s 			page 20


 958 00a8 18       		.uleb128 0x18
 959 00a9 00       		.byte	0
 960 00aa 00       		.byte	0
 961 00ab 00       		.byte	0
 962 00ac 0C       		.uleb128 0xc
 963 00ad 0B       		.uleb128 0xb
 964 00ae 01       		.byte	0x1
 965 00af 11       		.uleb128 0x11
 966 00b0 01       		.uleb128 0x1
 967 00b1 12       		.uleb128 0x12
 968 00b2 06       		.uleb128 0x6
 969 00b3 00       		.byte	0
 970 00b4 00       		.byte	0
 971 00b5 0D       		.uleb128 0xd
 972 00b6 34       		.uleb128 0x34
 973 00b7 00       		.byte	0
 974 00b8 03       		.uleb128 0x3
 975 00b9 0E       		.uleb128 0xe
 976 00ba 3A       		.uleb128 0x3a
 977 00bb 0B       		.uleb128 0xb
 978 00bc 3B       		.uleb128 0x3b
 979 00bd 0B       		.uleb128 0xb
 980 00be 49       		.uleb128 0x49
 981 00bf 13       		.uleb128 0x13
 982 00c0 02       		.uleb128 0x2
 983 00c1 18       		.uleb128 0x18
 984 00c2 00       		.byte	0
 985 00c3 00       		.byte	0
 986 00c4 0E       		.uleb128 0xe
 987 00c5 34       		.uleb128 0x34
 988 00c6 00       		.byte	0
 989 00c7 03       		.uleb128 0x3
 990 00c8 08       		.uleb128 0x8
 991 00c9 3A       		.uleb128 0x3a
 992 00ca 0B       		.uleb128 0xb
 993 00cb 3B       		.uleb128 0x3b
 994 00cc 0B       		.uleb128 0xb
 995 00cd 49       		.uleb128 0x49
 996 00ce 13       		.uleb128 0x13
 997 00cf 02       		.uleb128 0x2
 998 00d0 18       		.uleb128 0x18
 999 00d1 00       		.byte	0
 1000 00d2 00       		.byte	0
 1001 00d3 0F       		.uleb128 0xf
 1002 00d4 26       		.uleb128 0x26
 1003 00d5 00       		.byte	0
 1004 00d6 49       		.uleb128 0x49
 1005 00d7 13       		.uleb128 0x13
 1006 00d8 00       		.byte	0
 1007 00d9 00       		.byte	0
 1008 00da 10       		.uleb128 0x10
 1009 00db 01       		.uleb128 0x1
 1010 00dc 01       		.byte	0x1
 1011 00dd 49       		.uleb128 0x49
 1012 00de 13       		.uleb128 0x13
 1013 00df 01       		.uleb128 0x1
 1014 00e0 13       		.uleb128 0x13
ARM GAS  C:\Users\Chuck\AppData\Local\Temp\ccgr4r1z.s 			page 21


 1015 00e1 00       		.byte	0
 1016 00e2 00       		.byte	0
 1017 00e3 11       		.uleb128 0x11
 1018 00e4 21       		.uleb128 0x21
 1019 00e5 00       		.byte	0
 1020 00e6 49       		.uleb128 0x49
 1021 00e7 13       		.uleb128 0x13
 1022 00e8 2F       		.uleb128 0x2f
 1023 00e9 0B       		.uleb128 0xb
 1024 00ea 00       		.byte	0
 1025 00eb 00       		.byte	0
 1026 00ec 00       		.byte	0
 1027              		.section	.debug_aranges,"",%progbits
 1028 0000 2C000000 		.4byte	0x2c
 1029 0004 0200     		.2byte	0x2
 1030 0006 00000000 		.4byte	.Ldebug_info0
 1031 000a 04       		.byte	0x4
 1032 000b 00       		.byte	0
 1033 000c 0000     		.2byte	0
 1034 000e 0000     		.2byte	0
 1035 0010 00000000 		.4byte	.LFB0
 1036 0014 5A000000 		.4byte	.LFE0-.LFB0
 1037 0018 00000000 		.4byte	.LFB1
 1038 001c 20000000 		.4byte	.LFE1-.LFB1
 1039 0020 00000000 		.4byte	.LFB2
 1040 0024 2E020000 		.4byte	.LFE2-.LFB2
 1041 0028 00000000 		.4byte	0
 1042 002c 00000000 		.4byte	0
 1043              		.section	.debug_ranges,"",%progbits
 1044              	.Ldebug_ranges0:
 1045 0000 00000000 		.4byte	.LFB0
 1046 0004 5A000000 		.4byte	.LFE0
 1047 0008 00000000 		.4byte	.LFB1
 1048 000c 20000000 		.4byte	.LFE1
 1049 0010 00000000 		.4byte	.LFB2
 1050 0014 2E020000 		.4byte	.LFE2
 1051 0018 00000000 		.4byte	0
 1052 001c 00000000 		.4byte	0
 1053              		.section	.debug_line,"",%progbits
 1054              	.Ldebug_line0:
 1055 0000 C8010000 		.section	.debug_str,"MS",%progbits,1
 1055      02002601 
 1055      00000201 
 1055      FB0E0D00 
 1055      01010101 
 1056              	.LASF5:
 1057 0000 5F5F7569 		.ascii	"__uint8_t\000"
 1057      6E74385F 
 1057      7400
 1058              	.LASF32:
 1059 000a 69736E70 		.ascii	"isnprintf\000"
 1059      72696E74 
 1059      6600
 1060              	.LASF29:
 1061 0014 453A5C50 		.ascii	"E:\\PSoC\\RosOnAStick\\RosOnAStick.cydsn\000"
 1061      536F435C 
 1061      526F734F 
ARM GAS  C:\Users\Chuck\AppData\Local\Temp\ccgr4r1z.s 			page 22


 1061      6E415374 
 1061      69636B5C 
 1062              	.LASF13:
 1063 003a 70636861 		.ascii	"pchars_generated\000"
 1063      72735F67 
 1063      656E6572 
 1063      61746564 
 1063      00
 1064              	.LASF17:
 1065 004b 70737A46 		.ascii	"pszFmt\000"
 1065      6D7400
 1066              	.LASF1:
 1067 0052 756E7369 		.ascii	"unsigned char\000"
 1067      676E6564 
 1067      20636861 
 1067      7200
 1068              	.LASF24:
 1069 0060 6356616C 		.ascii	"cVal\000"
 1069      00
 1070              	.LASF19:
 1071 0065 70737A56 		.ascii	"pszVal\000"
 1071      616C00
 1072              	.LASF7:
 1073 006c 6C6F6E67 		.ascii	"long unsigned int\000"
 1073      20756E73 
 1073      69676E65 
 1073      6420696E 
 1073      7400
 1074              	.LASF3:
 1075 007e 73686F72 		.ascii	"short unsigned int\000"
 1075      7420756E 
 1075      7369676E 
 1075      65642069 
 1075      6E7400
 1076              	.LASF14:
 1077 0091 6275665F 		.ascii	"buf_len\000"
 1077      6C656E00 
 1078              	.LASF27:
 1079 0099 474E5520 		.ascii	"GNU C++ 4.9.3 20150303 (release) [ARM/embedded-4_9-"
 1079      432B2B20 
 1079      342E392E 
 1079      33203230 
 1079      31353033 
 1080 00cc 6272616E 		.ascii	"branch revision 221220] -mcpu=cortex-m0 -mthumb -g "
 1080      63682072 
 1080      65766973 
 1080      696F6E20 
 1080      32323132 
 1081 00ff 2D4F3020 		.ascii	"-O0 -ffunction-sections -ffat-lto-objects -fno-rtti"
 1081      2D666675 
 1081      6E637469 
 1081      6F6E2D73 
 1081      65637469 
 1082 0132 202D666E 		.ascii	" -fno-exceptions -funsigned-char -funsigned-bitfiel"
 1082      6F2D6578 
 1082      63657074 
 1082      696F6E73 
ARM GAS  C:\Users\Chuck\AppData\Local\Temp\ccgr4r1z.s 			page 23


 1082      202D6675 
 1083 0165 6473202D 		.ascii	"ds -fshort-enums\000"
 1083      6673686F 
 1083      72742D65 
 1083      6E756D73 
 1083      00
 1084              	.LASF6:
 1085 0176 5F5F7569 		.ascii	"__uint32_t\000"
 1085      6E743332 
 1085      5F7400
 1086              	.LASF18:
 1087 0181 63686172 		.ascii	"chars_generated\000"
 1087      735F6765 
 1087      6E657261 
 1087      74656400 
 1088              	.LASF10:
 1089 0191 756E7369 		.ascii	"unsigned int\000"
 1089      676E6564 
 1089      20696E74 
 1089      00
 1090              	.LASF20:
 1091 019e 6956616C 		.ascii	"iVal\000"
 1091      00
 1092              	.LASF9:
 1093 01a3 6C6F6E67 		.ascii	"long long unsigned int\000"
 1093      206C6F6E 
 1093      6720756E 
 1093      7369676E 
 1093      65642069 
 1094              	.LASF11:
 1095 01ba 75696E74 		.ascii	"uint8_t\000"
 1095      385F7400 
 1096              	.LASF21:
 1097 01c2 7856616C 		.ascii	"xVal\000"
 1097      00
 1098              	.LASF31:
 1099 01c7 6368616E 		.ascii	"change\000"
 1099      676500
 1100              	.LASF26:
 1101 01ce 73697A65 		.ascii	"sizetype\000"
 1101      74797065 
 1101      00
 1102              	.LASF8:
 1103 01d7 6C6F6E67 		.ascii	"long long int\000"
 1103      206C6F6E 
 1103      6720696E 
 1103      7400
 1104              	.LASF25:
 1105 01e5 70417267 		.ascii	"pArg\000"
 1105      00
 1106              	.LASF15:
 1107 01ea 63686172 		.ascii	"char\000"
 1107      00
 1108              	.LASF22:
 1109 01ef 696E6465 		.ascii	"index\000"
 1109      7800
 1110              	.LASF2:
ARM GAS  C:\Users\Chuck\AppData\Local\Temp\ccgr4r1z.s 			page 24


 1111 01f5 73686F72 		.ascii	"short int\000"
 1111      7420696E 
 1111      7400
 1112              	.LASF23:
 1113 01ff 62756666 		.ascii	"buffer\000"
 1113      657200
 1114              	.LASF33:
 1115 0206 5F5A3969 		.ascii	"_Z9isnprintfPciPKcz\000"
 1115      736E7072 
 1115      696E7466 
 1115      50636950 
 1115      4B637A00 
 1116              	.LASF12:
 1117 021a 75696E74 		.ascii	"uint32_t\000"
 1117      33325F74 
 1117      00
 1118              	.LASF4:
 1119 0223 6C6F6E67 		.ascii	"long int\000"
 1119      20696E74 
 1119      00
 1120              	.LASF30:
 1121 022c 6164645F 		.ascii	"add_char\000"
 1121      63686172 
 1121      00
 1122              	.LASF0:
 1123 0235 7369676E 		.ascii	"signed char\000"
 1123      65642063 
 1123      68617200 
 1124              	.LASF16:
 1125 0241 496E6465 		.ascii	"Index\000"
 1125      7800
 1126              	.LASF28:
 1127 0247 2E5C726F 		.ascii	".\\ros_lib\\isnprintf.cpp\000"
 1127      735F6C69 
 1127      625C6973 
 1127      6E707269 
 1127      6E74662E 
 1128              		.ident	"GCC: (GNU Tools for ARM Embedded Processors) 4.9.3 20150303 (release) [ARM/embedded-4_9-br
