ARM GAS  C:\Users\Chuck\AppData\Local\Temp\ccg5BWdr.s 			page 1


   1              		.cpu cortex-m0
   2              		.fpu softvfp
   3              		.eabi_attribute 20, 1
   4              		.eabi_attribute 21, 1
   5              		.eabi_attribute 23, 3
   6              		.eabi_attribute 24, 1
   7              		.eabi_attribute 25, 1
   8              		.eabi_attribute 26, 1
   9              		.eabi_attribute 30, 6
  10              		.eabi_attribute 34, 0
  11              		.eabi_attribute 18, 4
  12              		.code	16
  13              		.file	"ROSSerial_UART.c"
  14              		.text
  15              	.Ltext0:
  16              		.cfi_sections	.debug_frame
  17              		.global	ROSSerial_UART_initVar
  18              		.bss
  19              		.type	ROSSerial_UART_initVar, %object
  20              		.size	ROSSerial_UART_initVar, 1
  21              	ROSSerial_UART_initVar:
  22 0000 00       		.space	1
  23              		.global	ROSSerial_UART_customIntrHandler
  24 0001 000000   		.align	2
  25              		.type	ROSSerial_UART_customIntrHandler, %object
  26              		.size	ROSSerial_UART_customIntrHandler, 4
  27              	ROSSerial_UART_customIntrHandler:
  28 0004 00000000 		.space	4
  29              		.section	.text.ROSSerial_UART_Init,"ax",%progbits
  30              		.align	2
  31              		.global	ROSSerial_UART_Init
  32              		.code	16
  33              		.thumb_func
  34              		.type	ROSSerial_UART_Init, %function
  35              	ROSSerial_UART_Init:
  36              	.LFB0:
  37              		.file 1 ".\\Generated_Source\\PSoC4\\ROSSerial_UART.c"
   1:.\Generated_Source\PSoC4/ROSSerial_UART.c **** /*******************************************************************************
   2:.\Generated_Source\PSoC4/ROSSerial_UART.c **** * File Name: ROSSerial_UART.c
   3:.\Generated_Source\PSoC4/ROSSerial_UART.c **** * Version 1.20
   4:.\Generated_Source\PSoC4/ROSSerial_UART.c **** *
   5:.\Generated_Source\PSoC4/ROSSerial_UART.c **** * Description:
   6:.\Generated_Source\PSoC4/ROSSerial_UART.c **** *  This file provides the source code to the API for the SCB Component.
   7:.\Generated_Source\PSoC4/ROSSerial_UART.c **** *
   8:.\Generated_Source\PSoC4/ROSSerial_UART.c **** * Note:
   9:.\Generated_Source\PSoC4/ROSSerial_UART.c **** *
  10:.\Generated_Source\PSoC4/ROSSerial_UART.c **** *******************************************************************************
  11:.\Generated_Source\PSoC4/ROSSerial_UART.c **** * Copyright 2013-2014, Cypress Semiconductor Corporation.  All rights reserved.
  12:.\Generated_Source\PSoC4/ROSSerial_UART.c **** * You may use this file only in accordance with the license, terms, conditions,
  13:.\Generated_Source\PSoC4/ROSSerial_UART.c **** * disclaimers, and limitations in the end user license agreement accompanying
  14:.\Generated_Source\PSoC4/ROSSerial_UART.c **** * the software package with which this file was provided.
  15:.\Generated_Source\PSoC4/ROSSerial_UART.c **** *******************************************************************************/
  16:.\Generated_Source\PSoC4/ROSSerial_UART.c **** 
  17:.\Generated_Source\PSoC4/ROSSerial_UART.c **** #include "ROSSerial_UART_PVT.h"
  18:.\Generated_Source\PSoC4/ROSSerial_UART.c **** 
  19:.\Generated_Source\PSoC4/ROSSerial_UART.c **** #if(ROSSerial_UART_SCB_MODE_I2C_INC)
  20:.\Generated_Source\PSoC4/ROSSerial_UART.c ****     #include "ROSSerial_UART_I2C_PVT.h"
ARM GAS  C:\Users\Chuck\AppData\Local\Temp\ccg5BWdr.s 			page 2


  21:.\Generated_Source\PSoC4/ROSSerial_UART.c **** #endif /* (ROSSerial_UART_SCB_MODE_I2C_INC) */
  22:.\Generated_Source\PSoC4/ROSSerial_UART.c **** 
  23:.\Generated_Source\PSoC4/ROSSerial_UART.c **** #if(ROSSerial_UART_SCB_MODE_EZI2C_INC)
  24:.\Generated_Source\PSoC4/ROSSerial_UART.c ****     #include "ROSSerial_UART_EZI2C_PVT.h"
  25:.\Generated_Source\PSoC4/ROSSerial_UART.c **** #endif /* (ROSSerial_UART_SCB_MODE_EZI2C_INC) */
  26:.\Generated_Source\PSoC4/ROSSerial_UART.c **** 
  27:.\Generated_Source\PSoC4/ROSSerial_UART.c **** #if(ROSSerial_UART_SCB_MODE_SPI_INC || ROSSerial_UART_SCB_MODE_UART_INC)
  28:.\Generated_Source\PSoC4/ROSSerial_UART.c ****     #include "ROSSerial_UART_SPI_UART_PVT.h"
  29:.\Generated_Source\PSoC4/ROSSerial_UART.c **** #endif /* (ROSSerial_UART_SCB_MODE_SPI_INC || ROSSerial_UART_SCB_MODE_UART_INC) */
  30:.\Generated_Source\PSoC4/ROSSerial_UART.c **** 
  31:.\Generated_Source\PSoC4/ROSSerial_UART.c **** 
  32:.\Generated_Source\PSoC4/ROSSerial_UART.c **** /***************************************
  33:.\Generated_Source\PSoC4/ROSSerial_UART.c **** *    Run Time Configuration Vars
  34:.\Generated_Source\PSoC4/ROSSerial_UART.c **** ***************************************/
  35:.\Generated_Source\PSoC4/ROSSerial_UART.c **** 
  36:.\Generated_Source\PSoC4/ROSSerial_UART.c **** /* Stores internal component configuration for unconfigured mode */
  37:.\Generated_Source\PSoC4/ROSSerial_UART.c **** #if(ROSSerial_UART_SCB_MODE_UNCONFIG_CONST_CFG)
  38:.\Generated_Source\PSoC4/ROSSerial_UART.c ****     /* Common config vars */
  39:.\Generated_Source\PSoC4/ROSSerial_UART.c ****     uint8 ROSSerial_UART_scbMode = ROSSerial_UART_SCB_MODE_UNCONFIG;
  40:.\Generated_Source\PSoC4/ROSSerial_UART.c ****     uint8 ROSSerial_UART_scbEnableWake;
  41:.\Generated_Source\PSoC4/ROSSerial_UART.c ****     uint8 ROSSerial_UART_scbEnableIntr;
  42:.\Generated_Source\PSoC4/ROSSerial_UART.c **** 
  43:.\Generated_Source\PSoC4/ROSSerial_UART.c ****     /* I2C config vars */
  44:.\Generated_Source\PSoC4/ROSSerial_UART.c ****     uint8 ROSSerial_UART_mode;
  45:.\Generated_Source\PSoC4/ROSSerial_UART.c ****     uint8 ROSSerial_UART_acceptAddr;
  46:.\Generated_Source\PSoC4/ROSSerial_UART.c **** 
  47:.\Generated_Source\PSoC4/ROSSerial_UART.c ****     /* SPI/UART config vars */
  48:.\Generated_Source\PSoC4/ROSSerial_UART.c ****     volatile uint8 * ROSSerial_UART_rxBuffer;
  49:.\Generated_Source\PSoC4/ROSSerial_UART.c ****     uint8  ROSSerial_UART_rxDataBits;
  50:.\Generated_Source\PSoC4/ROSSerial_UART.c ****     uint32 ROSSerial_UART_rxBufferSize;
  51:.\Generated_Source\PSoC4/ROSSerial_UART.c **** 
  52:.\Generated_Source\PSoC4/ROSSerial_UART.c ****     volatile uint8 * ROSSerial_UART_txBuffer;
  53:.\Generated_Source\PSoC4/ROSSerial_UART.c ****     uint8  ROSSerial_UART_txDataBits;
  54:.\Generated_Source\PSoC4/ROSSerial_UART.c ****     uint32 ROSSerial_UART_txBufferSize;
  55:.\Generated_Source\PSoC4/ROSSerial_UART.c **** 
  56:.\Generated_Source\PSoC4/ROSSerial_UART.c ****     /* EZI2C config vars */
  57:.\Generated_Source\PSoC4/ROSSerial_UART.c ****     uint8 ROSSerial_UART_numberOfAddr;
  58:.\Generated_Source\PSoC4/ROSSerial_UART.c ****     uint8 ROSSerial_UART_subAddrSize;
  59:.\Generated_Source\PSoC4/ROSSerial_UART.c **** #endif /* (ROSSerial_UART_SCB_MODE_UNCONFIG_CONST_CFG) */
  60:.\Generated_Source\PSoC4/ROSSerial_UART.c **** 
  61:.\Generated_Source\PSoC4/ROSSerial_UART.c **** 
  62:.\Generated_Source\PSoC4/ROSSerial_UART.c **** /***************************************
  63:.\Generated_Source\PSoC4/ROSSerial_UART.c **** *     Common SCB Vars
  64:.\Generated_Source\PSoC4/ROSSerial_UART.c **** ***************************************/
  65:.\Generated_Source\PSoC4/ROSSerial_UART.c **** 
  66:.\Generated_Source\PSoC4/ROSSerial_UART.c **** uint8 ROSSerial_UART_initVar = 0u;
  67:.\Generated_Source\PSoC4/ROSSerial_UART.c **** 
  68:.\Generated_Source\PSoC4/ROSSerial_UART.c **** #if !defined (CY_REMOVE_ROSSerial_UART_CUSTOM_INTR_HANDLER)
  69:.\Generated_Source\PSoC4/ROSSerial_UART.c ****     cyisraddress ROSSerial_UART_customIntrHandler = NULL;
  70:.\Generated_Source\PSoC4/ROSSerial_UART.c **** #endif /* !defined (CY_REMOVE_ROSSerial_UART_CUSTOM_INTR_HANDLER) */
  71:.\Generated_Source\PSoC4/ROSSerial_UART.c **** 
  72:.\Generated_Source\PSoC4/ROSSerial_UART.c **** 
  73:.\Generated_Source\PSoC4/ROSSerial_UART.c **** /***************************************
  74:.\Generated_Source\PSoC4/ROSSerial_UART.c **** *    Private Function Prototypes
  75:.\Generated_Source\PSoC4/ROSSerial_UART.c **** ***************************************/
  76:.\Generated_Source\PSoC4/ROSSerial_UART.c **** 
  77:.\Generated_Source\PSoC4/ROSSerial_UART.c **** static void ROSSerial_UART_ScbEnableIntr(void);
ARM GAS  C:\Users\Chuck\AppData\Local\Temp\ccg5BWdr.s 			page 3


  78:.\Generated_Source\PSoC4/ROSSerial_UART.c **** static void ROSSerial_UART_ScbModeStop(void);
  79:.\Generated_Source\PSoC4/ROSSerial_UART.c **** 
  80:.\Generated_Source\PSoC4/ROSSerial_UART.c **** 
  81:.\Generated_Source\PSoC4/ROSSerial_UART.c **** /*******************************************************************************
  82:.\Generated_Source\PSoC4/ROSSerial_UART.c **** * Function Name: ROSSerial_UART_Init
  83:.\Generated_Source\PSoC4/ROSSerial_UART.c **** ********************************************************************************
  84:.\Generated_Source\PSoC4/ROSSerial_UART.c **** *
  85:.\Generated_Source\PSoC4/ROSSerial_UART.c **** * Summary:
  86:.\Generated_Source\PSoC4/ROSSerial_UART.c **** *  Initializes the SCB component to operate in one of the selected configurations:
  87:.\Generated_Source\PSoC4/ROSSerial_UART.c **** *  I2C, SPI, UART or EZ I2C.
  88:.\Generated_Source\PSoC4/ROSSerial_UART.c **** *  When the configuration is set to “Unconfigured SCB”, this function does
  89:.\Generated_Source\PSoC4/ROSSerial_UART.c **** *  not do any initialization. Use mode-specific initialization APIs instead:
  90:.\Generated_Source\PSoC4/ROSSerial_UART.c **** *  SCB_I2CInit, SCB_SpiInit, SCB_UartInit or SCB_EzI2CInit.
  91:.\Generated_Source\PSoC4/ROSSerial_UART.c **** *
  92:.\Generated_Source\PSoC4/ROSSerial_UART.c **** * Parameters:
  93:.\Generated_Source\PSoC4/ROSSerial_UART.c **** *  None
  94:.\Generated_Source\PSoC4/ROSSerial_UART.c **** *
  95:.\Generated_Source\PSoC4/ROSSerial_UART.c **** * Return:
  96:.\Generated_Source\PSoC4/ROSSerial_UART.c **** *  None
  97:.\Generated_Source\PSoC4/ROSSerial_UART.c **** *
  98:.\Generated_Source\PSoC4/ROSSerial_UART.c **** *******************************************************************************/
  99:.\Generated_Source\PSoC4/ROSSerial_UART.c **** void ROSSerial_UART_Init(void)
 100:.\Generated_Source\PSoC4/ROSSerial_UART.c **** {
  38              		.loc 1 100 0
  39              		.cfi_startproc
  40 0000 80B5     		push	{r7, lr}
  41              		.cfi_def_cfa_offset 8
  42              		.cfi_offset 7, -8
  43              		.cfi_offset 14, -4
  44 0002 00AF     		add	r7, sp, #0
  45              		.cfi_def_cfa_register 7
 101:.\Generated_Source\PSoC4/ROSSerial_UART.c **** #if(ROSSerial_UART_SCB_MODE_UNCONFIG_CONST_CFG)
 102:.\Generated_Source\PSoC4/ROSSerial_UART.c ****     if(ROSSerial_UART_SCB_MODE_UNCONFIG_RUNTM_CFG)
 103:.\Generated_Source\PSoC4/ROSSerial_UART.c ****     {
 104:.\Generated_Source\PSoC4/ROSSerial_UART.c ****         ROSSerial_UART_initVar = 0u; /* Clear init var */
 105:.\Generated_Source\PSoC4/ROSSerial_UART.c ****     }
 106:.\Generated_Source\PSoC4/ROSSerial_UART.c ****     else
 107:.\Generated_Source\PSoC4/ROSSerial_UART.c ****     {
 108:.\Generated_Source\PSoC4/ROSSerial_UART.c ****         /* Initialization was done before call */
 109:.\Generated_Source\PSoC4/ROSSerial_UART.c ****     }
 110:.\Generated_Source\PSoC4/ROSSerial_UART.c **** 
 111:.\Generated_Source\PSoC4/ROSSerial_UART.c **** #elif(ROSSerial_UART_SCB_MODE_I2C_CONST_CFG)
 112:.\Generated_Source\PSoC4/ROSSerial_UART.c ****     ROSSerial_UART_I2CInit();
 113:.\Generated_Source\PSoC4/ROSSerial_UART.c **** 
 114:.\Generated_Source\PSoC4/ROSSerial_UART.c **** #elif(ROSSerial_UART_SCB_MODE_SPI_CONST_CFG)
 115:.\Generated_Source\PSoC4/ROSSerial_UART.c ****     ROSSerial_UART_SpiInit();
 116:.\Generated_Source\PSoC4/ROSSerial_UART.c **** 
 117:.\Generated_Source\PSoC4/ROSSerial_UART.c **** #elif(ROSSerial_UART_SCB_MODE_UART_CONST_CFG)
 118:.\Generated_Source\PSoC4/ROSSerial_UART.c ****     ROSSerial_UART_UartInit();
  46              		.loc 1 118 0
  47 0004 FFF7FEFF 		bl	ROSSerial_UART_UartInit
 119:.\Generated_Source\PSoC4/ROSSerial_UART.c **** 
 120:.\Generated_Source\PSoC4/ROSSerial_UART.c **** #elif(ROSSerial_UART_SCB_MODE_EZI2C_CONST_CFG)
 121:.\Generated_Source\PSoC4/ROSSerial_UART.c ****     ROSSerial_UART_EzI2CInit();
 122:.\Generated_Source\PSoC4/ROSSerial_UART.c **** 
 123:.\Generated_Source\PSoC4/ROSSerial_UART.c **** #endif /* (ROSSerial_UART_SCB_MODE_UNCONFIG_CONST_CFG) */
 124:.\Generated_Source\PSoC4/ROSSerial_UART.c **** }
ARM GAS  C:\Users\Chuck\AppData\Local\Temp\ccg5BWdr.s 			page 4


  48              		.loc 1 124 0
  49 0008 BD46     		mov	sp, r7
  50              		@ sp needed
  51 000a 80BD     		pop	{r7, pc}
  52              		.cfi_endproc
  53              	.LFE0:
  54              		.size	ROSSerial_UART_Init, .-ROSSerial_UART_Init
  55              		.section	.text.ROSSerial_UART_Enable,"ax",%progbits
  56              		.align	2
  57              		.global	ROSSerial_UART_Enable
  58              		.code	16
  59              		.thumb_func
  60              		.type	ROSSerial_UART_Enable, %function
  61              	ROSSerial_UART_Enable:
  62              	.LFB1:
 125:.\Generated_Source\PSoC4/ROSSerial_UART.c **** 
 126:.\Generated_Source\PSoC4/ROSSerial_UART.c **** 
 127:.\Generated_Source\PSoC4/ROSSerial_UART.c **** /*******************************************************************************
 128:.\Generated_Source\PSoC4/ROSSerial_UART.c **** * Function Name: ROSSerial_UART_Enable
 129:.\Generated_Source\PSoC4/ROSSerial_UART.c **** ********************************************************************************
 130:.\Generated_Source\PSoC4/ROSSerial_UART.c **** *
 131:.\Generated_Source\PSoC4/ROSSerial_UART.c **** * Summary:
 132:.\Generated_Source\PSoC4/ROSSerial_UART.c **** *  Enables the SCB component operation.
 133:.\Generated_Source\PSoC4/ROSSerial_UART.c **** *  The SCB configuration should be not changed when the component is enabled.
 134:.\Generated_Source\PSoC4/ROSSerial_UART.c **** *  Any configuration changes should be made after disabling the component.
 135:.\Generated_Source\PSoC4/ROSSerial_UART.c **** *
 136:.\Generated_Source\PSoC4/ROSSerial_UART.c **** * Parameters:
 137:.\Generated_Source\PSoC4/ROSSerial_UART.c **** *  None
 138:.\Generated_Source\PSoC4/ROSSerial_UART.c **** *
 139:.\Generated_Source\PSoC4/ROSSerial_UART.c **** * Return:
 140:.\Generated_Source\PSoC4/ROSSerial_UART.c **** *  None
 141:.\Generated_Source\PSoC4/ROSSerial_UART.c **** *
 142:.\Generated_Source\PSoC4/ROSSerial_UART.c **** *******************************************************************************/
 143:.\Generated_Source\PSoC4/ROSSerial_UART.c **** void ROSSerial_UART_Enable(void)
 144:.\Generated_Source\PSoC4/ROSSerial_UART.c **** {
  63              		.loc 1 144 0
  64              		.cfi_startproc
  65 0000 80B5     		push	{r7, lr}
  66              		.cfi_def_cfa_offset 8
  67              		.cfi_offset 7, -8
  68              		.cfi_offset 14, -4
  69 0002 00AF     		add	r7, sp, #0
  70              		.cfi_def_cfa_register 7
 145:.\Generated_Source\PSoC4/ROSSerial_UART.c **** #if(ROSSerial_UART_SCB_MODE_UNCONFIG_CONST_CFG)
 146:.\Generated_Source\PSoC4/ROSSerial_UART.c ****     /* Enable SCB block, only if it is already configured */
 147:.\Generated_Source\PSoC4/ROSSerial_UART.c ****     if(!ROSSerial_UART_SCB_MODE_UNCONFIG_RUNTM_CFG)
 148:.\Generated_Source\PSoC4/ROSSerial_UART.c ****     {
 149:.\Generated_Source\PSoC4/ROSSerial_UART.c ****         ROSSerial_UART_CTRL_REG |= ROSSerial_UART_CTRL_ENABLED;
 150:.\Generated_Source\PSoC4/ROSSerial_UART.c **** 
 151:.\Generated_Source\PSoC4/ROSSerial_UART.c ****         ROSSerial_UART_ScbEnableIntr();
 152:.\Generated_Source\PSoC4/ROSSerial_UART.c ****     }
 153:.\Generated_Source\PSoC4/ROSSerial_UART.c **** #else
 154:.\Generated_Source\PSoC4/ROSSerial_UART.c ****     ROSSerial_UART_CTRL_REG |= ROSSerial_UART_CTRL_ENABLED;
  71              		.loc 1 154 0
  72 0004 054B     		ldr	r3, .L3
  73 0006 054A     		ldr	r2, .L3
  74 0008 1268     		ldr	r2, [r2]
ARM GAS  C:\Users\Chuck\AppData\Local\Temp\ccg5BWdr.s 			page 5


  75 000a 8021     		mov	r1, #128
  76 000c 0906     		lsl	r1, r1, #24
  77 000e 0A43     		orr	r2, r1
  78 0010 1A60     		str	r2, [r3]
 155:.\Generated_Source\PSoC4/ROSSerial_UART.c **** 
 156:.\Generated_Source\PSoC4/ROSSerial_UART.c ****     ROSSerial_UART_ScbEnableIntr();
  79              		.loc 1 156 0
  80 0012 FFF7FEFF 		bl	ROSSerial_UART_ScbEnableIntr
 157:.\Generated_Source\PSoC4/ROSSerial_UART.c **** #endif /* (ROSSerial_UART_SCB_MODE_UNCONFIG_CONST_CFG) */
 158:.\Generated_Source\PSoC4/ROSSerial_UART.c **** }
  81              		.loc 1 158 0
  82 0016 BD46     		mov	sp, r7
  83              		@ sp needed
  84 0018 80BD     		pop	{r7, pc}
  85              	.L4:
  86 001a C046     		.align	2
  87              	.L3:
  88 001c 00000640 		.word	1074135040
  89              		.cfi_endproc
  90              	.LFE1:
  91              		.size	ROSSerial_UART_Enable, .-ROSSerial_UART_Enable
  92              		.section	.text.ROSSerial_UART_Start,"ax",%progbits
  93              		.align	2
  94              		.global	ROSSerial_UART_Start
  95              		.code	16
  96              		.thumb_func
  97              		.type	ROSSerial_UART_Start, %function
  98              	ROSSerial_UART_Start:
  99              	.LFB2:
 159:.\Generated_Source\PSoC4/ROSSerial_UART.c **** 
 160:.\Generated_Source\PSoC4/ROSSerial_UART.c **** 
 161:.\Generated_Source\PSoC4/ROSSerial_UART.c **** /*******************************************************************************
 162:.\Generated_Source\PSoC4/ROSSerial_UART.c **** * Function Name: ROSSerial_UART_Start
 163:.\Generated_Source\PSoC4/ROSSerial_UART.c **** ********************************************************************************
 164:.\Generated_Source\PSoC4/ROSSerial_UART.c **** *
 165:.\Generated_Source\PSoC4/ROSSerial_UART.c **** * Summary:
 166:.\Generated_Source\PSoC4/ROSSerial_UART.c **** *  Invokes SCB_Init() and SCB_Enable().
 167:.\Generated_Source\PSoC4/ROSSerial_UART.c **** *  After this function call, the component is enabled and ready for operation.
 168:.\Generated_Source\PSoC4/ROSSerial_UART.c **** *  When configuration is set to “Unconfigured SCB”, the component must first be
 169:.\Generated_Source\PSoC4/ROSSerial_UART.c **** *  initialized to operate in one of the following configurations: I2C, SPI, UART
 170:.\Generated_Source\PSoC4/ROSSerial_UART.c **** *  or EZ I2C. Otherwise this function does not enable the component.
 171:.\Generated_Source\PSoC4/ROSSerial_UART.c **** *
 172:.\Generated_Source\PSoC4/ROSSerial_UART.c **** * Parameters:
 173:.\Generated_Source\PSoC4/ROSSerial_UART.c **** *  None
 174:.\Generated_Source\PSoC4/ROSSerial_UART.c **** *
 175:.\Generated_Source\PSoC4/ROSSerial_UART.c **** * Return:
 176:.\Generated_Source\PSoC4/ROSSerial_UART.c **** *  None
 177:.\Generated_Source\PSoC4/ROSSerial_UART.c **** *
 178:.\Generated_Source\PSoC4/ROSSerial_UART.c **** * Global variables:
 179:.\Generated_Source\PSoC4/ROSSerial_UART.c **** *  ROSSerial_UART_initVar - used to check initial configuration, modified
 180:.\Generated_Source\PSoC4/ROSSerial_UART.c **** *  on first function call.
 181:.\Generated_Source\PSoC4/ROSSerial_UART.c **** *
 182:.\Generated_Source\PSoC4/ROSSerial_UART.c **** *******************************************************************************/
 183:.\Generated_Source\PSoC4/ROSSerial_UART.c **** void ROSSerial_UART_Start(void)
 184:.\Generated_Source\PSoC4/ROSSerial_UART.c **** {
 100              		.loc 1 184 0
 101              		.cfi_startproc
ARM GAS  C:\Users\Chuck\AppData\Local\Temp\ccg5BWdr.s 			page 6


 102 0000 80B5     		push	{r7, lr}
 103              		.cfi_def_cfa_offset 8
 104              		.cfi_offset 7, -8
 105              		.cfi_offset 14, -4
 106 0002 00AF     		add	r7, sp, #0
 107              		.cfi_def_cfa_register 7
 185:.\Generated_Source\PSoC4/ROSSerial_UART.c ****     if(0u == ROSSerial_UART_initVar)
 108              		.loc 1 185 0
 109 0004 064B     		ldr	r3, .L7
 110 0006 1B78     		ldrb	r3, [r3]
 111 0008 002B     		cmp	r3, #0
 112 000a 04D1     		bne	.L6
 186:.\Generated_Source\PSoC4/ROSSerial_UART.c ****     {
 187:.\Generated_Source\PSoC4/ROSSerial_UART.c ****         ROSSerial_UART_Init();
 113              		.loc 1 187 0
 114 000c FFF7FEFF 		bl	ROSSerial_UART_Init
 188:.\Generated_Source\PSoC4/ROSSerial_UART.c ****         ROSSerial_UART_initVar = 1u; /* Component was initialized */
 115              		.loc 1 188 0
 116 0010 034B     		ldr	r3, .L7
 117 0012 0122     		mov	r2, #1
 118 0014 1A70     		strb	r2, [r3]
 119              	.L6:
 189:.\Generated_Source\PSoC4/ROSSerial_UART.c ****     }
 190:.\Generated_Source\PSoC4/ROSSerial_UART.c **** 
 191:.\Generated_Source\PSoC4/ROSSerial_UART.c ****     ROSSerial_UART_Enable();
 120              		.loc 1 191 0
 121 0016 FFF7FEFF 		bl	ROSSerial_UART_Enable
 192:.\Generated_Source\PSoC4/ROSSerial_UART.c **** }
 122              		.loc 1 192 0
 123 001a BD46     		mov	sp, r7
 124              		@ sp needed
 125 001c 80BD     		pop	{r7, pc}
 126              	.L8:
 127 001e C046     		.align	2
 128              	.L7:
 129 0020 00000000 		.word	ROSSerial_UART_initVar
 130              		.cfi_endproc
 131              	.LFE2:
 132              		.size	ROSSerial_UART_Start, .-ROSSerial_UART_Start
 133              		.section	.text.ROSSerial_UART_Stop,"ax",%progbits
 134              		.align	2
 135              		.global	ROSSerial_UART_Stop
 136              		.code	16
 137              		.thumb_func
 138              		.type	ROSSerial_UART_Stop, %function
 139              	ROSSerial_UART_Stop:
 140              	.LFB3:
 193:.\Generated_Source\PSoC4/ROSSerial_UART.c **** 
 194:.\Generated_Source\PSoC4/ROSSerial_UART.c **** 
 195:.\Generated_Source\PSoC4/ROSSerial_UART.c **** /*******************************************************************************
 196:.\Generated_Source\PSoC4/ROSSerial_UART.c **** * Function Name: ROSSerial_UART_Stop
 197:.\Generated_Source\PSoC4/ROSSerial_UART.c **** ********************************************************************************
 198:.\Generated_Source\PSoC4/ROSSerial_UART.c **** *
 199:.\Generated_Source\PSoC4/ROSSerial_UART.c **** * Summary:
 200:.\Generated_Source\PSoC4/ROSSerial_UART.c **** *  Disables the SCB component and its interrupt.
 201:.\Generated_Source\PSoC4/ROSSerial_UART.c **** *
 202:.\Generated_Source\PSoC4/ROSSerial_UART.c **** * Parameters:
ARM GAS  C:\Users\Chuck\AppData\Local\Temp\ccg5BWdr.s 			page 7


 203:.\Generated_Source\PSoC4/ROSSerial_UART.c **** *  None
 204:.\Generated_Source\PSoC4/ROSSerial_UART.c **** *
 205:.\Generated_Source\PSoC4/ROSSerial_UART.c **** * Return:
 206:.\Generated_Source\PSoC4/ROSSerial_UART.c **** *  None
 207:.\Generated_Source\PSoC4/ROSSerial_UART.c **** *
 208:.\Generated_Source\PSoC4/ROSSerial_UART.c **** *******************************************************************************/
 209:.\Generated_Source\PSoC4/ROSSerial_UART.c **** void ROSSerial_UART_Stop(void)
 210:.\Generated_Source\PSoC4/ROSSerial_UART.c **** {
 141              		.loc 1 210 0
 142              		.cfi_startproc
 143 0000 80B5     		push	{r7, lr}
 144              		.cfi_def_cfa_offset 8
 145              		.cfi_offset 7, -8
 146              		.cfi_offset 14, -4
 147 0002 00AF     		add	r7, sp, #0
 148              		.cfi_def_cfa_register 7
 211:.\Generated_Source\PSoC4/ROSSerial_UART.c **** #if(ROSSerial_UART_SCB_IRQ_INTERNAL)
 212:.\Generated_Source\PSoC4/ROSSerial_UART.c ****     ROSSerial_UART_DisableInt();
 149              		.loc 1 212 0
 150 0004 0A20     		mov	r0, #10
 151 0006 FFF7FEFF 		bl	CyIntDisable
 213:.\Generated_Source\PSoC4/ROSSerial_UART.c **** #endif /* (ROSSerial_UART_SCB_IRQ_INTERNAL) */
 214:.\Generated_Source\PSoC4/ROSSerial_UART.c **** 
 215:.\Generated_Source\PSoC4/ROSSerial_UART.c ****     ROSSerial_UART_CTRL_REG &= (uint32) ~ROSSerial_UART_CTRL_ENABLED;  /* Disable SCB block */
 152              		.loc 1 215 0
 153 000a 064B     		ldr	r3, .L10
 154 000c 054A     		ldr	r2, .L10
 155 000e 1268     		ldr	r2, [r2]
 156 0010 5200     		lsl	r2, r2, #1
 157 0012 5208     		lsr	r2, r2, #1
 158 0014 1A60     		str	r2, [r3]
 216:.\Generated_Source\PSoC4/ROSSerial_UART.c **** 
 217:.\Generated_Source\PSoC4/ROSSerial_UART.c **** #if(ROSSerial_UART_SCB_IRQ_INTERNAL)
 218:.\Generated_Source\PSoC4/ROSSerial_UART.c ****     ROSSerial_UART_ClearPendingInt();
 159              		.loc 1 218 0
 160 0016 0A20     		mov	r0, #10
 161 0018 FFF7FEFF 		bl	CyIntClearPending
 219:.\Generated_Source\PSoC4/ROSSerial_UART.c **** #endif /* (ROSSerial_UART_SCB_IRQ_INTERNAL) */
 220:.\Generated_Source\PSoC4/ROSSerial_UART.c **** 
 221:.\Generated_Source\PSoC4/ROSSerial_UART.c ****     ROSSerial_UART_ScbModeStop(); /* Calls scbMode specific Stop function */
 162              		.loc 1 221 0
 163 001c FFF7FEFF 		bl	ROSSerial_UART_ScbModeStop
 222:.\Generated_Source\PSoC4/ROSSerial_UART.c **** }
 164              		.loc 1 222 0
 165 0020 BD46     		mov	sp, r7
 166              		@ sp needed
 167 0022 80BD     		pop	{r7, pc}
 168              	.L11:
 169              		.align	2
 170              	.L10:
 171 0024 00000640 		.word	1074135040
 172              		.cfi_endproc
 173              	.LFE3:
 174              		.size	ROSSerial_UART_Stop, .-ROSSerial_UART_Stop
 175              		.section	.text.ROSSerial_UART_SetCustomInterruptHandler,"ax",%progbits
 176              		.align	2
 177              		.global	ROSSerial_UART_SetCustomInterruptHandler
ARM GAS  C:\Users\Chuck\AppData\Local\Temp\ccg5BWdr.s 			page 8


 178              		.code	16
 179              		.thumb_func
 180              		.type	ROSSerial_UART_SetCustomInterruptHandler, %function
 181              	ROSSerial_UART_SetCustomInterruptHandler:
 182              	.LFB4:
 223:.\Generated_Source\PSoC4/ROSSerial_UART.c **** 
 224:.\Generated_Source\PSoC4/ROSSerial_UART.c **** 
 225:.\Generated_Source\PSoC4/ROSSerial_UART.c **** /*******************************************************************************
 226:.\Generated_Source\PSoC4/ROSSerial_UART.c **** * Function Name: ROSSerial_UART_SetCustomInterruptHandler
 227:.\Generated_Source\PSoC4/ROSSerial_UART.c **** ********************************************************************************
 228:.\Generated_Source\PSoC4/ROSSerial_UART.c **** *
 229:.\Generated_Source\PSoC4/ROSSerial_UART.c **** * Summary:
 230:.\Generated_Source\PSoC4/ROSSerial_UART.c **** *  Registers a function to be called by the internal interrupt handler.
 231:.\Generated_Source\PSoC4/ROSSerial_UART.c **** *  First the function that is registered is called, then the internal interrupt
 232:.\Generated_Source\PSoC4/ROSSerial_UART.c **** *  handler performs any operations such as software buffer management functions
 233:.\Generated_Source\PSoC4/ROSSerial_UART.c **** *  before the interrupt returns.  It is the user's responsibility not to break the
 234:.\Generated_Source\PSoC4/ROSSerial_UART.c **** *  software buffer operations. Only one custom handler is supported, which is
 235:.\Generated_Source\PSoC4/ROSSerial_UART.c **** *  the function provided by the most recent call.
 236:.\Generated_Source\PSoC4/ROSSerial_UART.c **** *  At initialization time no custom handler is registered.
 237:.\Generated_Source\PSoC4/ROSSerial_UART.c **** *
 238:.\Generated_Source\PSoC4/ROSSerial_UART.c **** * Parameters:
 239:.\Generated_Source\PSoC4/ROSSerial_UART.c **** *  func: Pointer to the function to register.
 240:.\Generated_Source\PSoC4/ROSSerial_UART.c **** *        The value NULL indicates to remove the current custom interrupt
 241:.\Generated_Source\PSoC4/ROSSerial_UART.c **** *        handler.
 242:.\Generated_Source\PSoC4/ROSSerial_UART.c **** *
 243:.\Generated_Source\PSoC4/ROSSerial_UART.c **** * Return:
 244:.\Generated_Source\PSoC4/ROSSerial_UART.c **** *  None
 245:.\Generated_Source\PSoC4/ROSSerial_UART.c **** *
 246:.\Generated_Source\PSoC4/ROSSerial_UART.c **** *******************************************************************************/
 247:.\Generated_Source\PSoC4/ROSSerial_UART.c **** void ROSSerial_UART_SetCustomInterruptHandler(cyisraddress func)
 248:.\Generated_Source\PSoC4/ROSSerial_UART.c **** {
 183              		.loc 1 248 0
 184              		.cfi_startproc
 185 0000 80B5     		push	{r7, lr}
 186              		.cfi_def_cfa_offset 8
 187              		.cfi_offset 7, -8
 188              		.cfi_offset 14, -4
 189 0002 82B0     		sub	sp, sp, #8
 190              		.cfi_def_cfa_offset 16
 191 0004 00AF     		add	r7, sp, #0
 192              		.cfi_def_cfa_register 7
 193 0006 7860     		str	r0, [r7, #4]
 249:.\Generated_Source\PSoC4/ROSSerial_UART.c **** #if !defined (CY_REMOVE_ROSSerial_UART_CUSTOM_INTR_HANDLER)
 250:.\Generated_Source\PSoC4/ROSSerial_UART.c ****     ROSSerial_UART_customIntrHandler = func; /* Register interrupt handler */
 194              		.loc 1 250 0
 195 0008 024B     		ldr	r3, .L13
 196 000a 7A68     		ldr	r2, [r7, #4]
 197 000c 1A60     		str	r2, [r3]
 251:.\Generated_Source\PSoC4/ROSSerial_UART.c **** #else
 252:.\Generated_Source\PSoC4/ROSSerial_UART.c ****     if(NULL != func)
 253:.\Generated_Source\PSoC4/ROSSerial_UART.c ****     {
 254:.\Generated_Source\PSoC4/ROSSerial_UART.c ****         /* Suppress compiler warning */
 255:.\Generated_Source\PSoC4/ROSSerial_UART.c ****     }
 256:.\Generated_Source\PSoC4/ROSSerial_UART.c **** #endif /* !defined (CY_REMOVE_ROSSerial_UART_CUSTOM_INTR_HANDLER) */
 257:.\Generated_Source\PSoC4/ROSSerial_UART.c **** }
 198              		.loc 1 257 0
 199 000e BD46     		mov	sp, r7
ARM GAS  C:\Users\Chuck\AppData\Local\Temp\ccg5BWdr.s 			page 9


 200 0010 02B0     		add	sp, sp, #8
 201              		@ sp needed
 202 0012 80BD     		pop	{r7, pc}
 203              	.L14:
 204              		.align	2
 205              	.L13:
 206 0014 00000000 		.word	ROSSerial_UART_customIntrHandler
 207              		.cfi_endproc
 208              	.LFE4:
 209              		.size	ROSSerial_UART_SetCustomInterruptHandler, .-ROSSerial_UART_SetCustomInterruptHandler
 210              		.section	.text.ROSSerial_UART_ScbEnableIntr,"ax",%progbits
 211              		.align	2
 212              		.code	16
 213              		.thumb_func
 214              		.type	ROSSerial_UART_ScbEnableIntr, %function
 215              	ROSSerial_UART_ScbEnableIntr:
 216              	.LFB5:
 258:.\Generated_Source\PSoC4/ROSSerial_UART.c **** 
 259:.\Generated_Source\PSoC4/ROSSerial_UART.c **** 
 260:.\Generated_Source\PSoC4/ROSSerial_UART.c **** /*******************************************************************************
 261:.\Generated_Source\PSoC4/ROSSerial_UART.c **** * Function Name: ROSSerial_UART_ScbModeEnableIntr
 262:.\Generated_Source\PSoC4/ROSSerial_UART.c **** ********************************************************************************
 263:.\Generated_Source\PSoC4/ROSSerial_UART.c **** *
 264:.\Generated_Source\PSoC4/ROSSerial_UART.c **** * Summary:
 265:.\Generated_Source\PSoC4/ROSSerial_UART.c **** *  Enables an interrupt for a specific mode.
 266:.\Generated_Source\PSoC4/ROSSerial_UART.c **** *
 267:.\Generated_Source\PSoC4/ROSSerial_UART.c **** * Parameters:
 268:.\Generated_Source\PSoC4/ROSSerial_UART.c **** *  None
 269:.\Generated_Source\PSoC4/ROSSerial_UART.c **** *
 270:.\Generated_Source\PSoC4/ROSSerial_UART.c **** * Return:
 271:.\Generated_Source\PSoC4/ROSSerial_UART.c **** *  None
 272:.\Generated_Source\PSoC4/ROSSerial_UART.c **** *
 273:.\Generated_Source\PSoC4/ROSSerial_UART.c **** *******************************************************************************/
 274:.\Generated_Source\PSoC4/ROSSerial_UART.c **** static void ROSSerial_UART_ScbEnableIntr(void)
 275:.\Generated_Source\PSoC4/ROSSerial_UART.c **** {
 217              		.loc 1 275 0
 218              		.cfi_startproc
 219 0000 80B5     		push	{r7, lr}
 220              		.cfi_def_cfa_offset 8
 221              		.cfi_offset 7, -8
 222              		.cfi_offset 14, -4
 223 0002 00AF     		add	r7, sp, #0
 224              		.cfi_def_cfa_register 7
 276:.\Generated_Source\PSoC4/ROSSerial_UART.c **** #if(ROSSerial_UART_SCB_IRQ_INTERNAL)
 277:.\Generated_Source\PSoC4/ROSSerial_UART.c ****     #if(ROSSerial_UART_SCB_MODE_UNCONFIG_CONST_CFG)
 278:.\Generated_Source\PSoC4/ROSSerial_UART.c ****         /* Enable interrupt in the NVIC */
 279:.\Generated_Source\PSoC4/ROSSerial_UART.c ****         if(0u != ROSSerial_UART_scbEnableIntr)
 280:.\Generated_Source\PSoC4/ROSSerial_UART.c ****         {
 281:.\Generated_Source\PSoC4/ROSSerial_UART.c ****             ROSSerial_UART_EnableInt();
 282:.\Generated_Source\PSoC4/ROSSerial_UART.c ****         }
 283:.\Generated_Source\PSoC4/ROSSerial_UART.c ****     #else
 284:.\Generated_Source\PSoC4/ROSSerial_UART.c ****         ROSSerial_UART_EnableInt();
 225              		.loc 1 284 0
 226 0004 0A20     		mov	r0, #10
 227 0006 FFF7FEFF 		bl	CyIntEnable
 285:.\Generated_Source\PSoC4/ROSSerial_UART.c **** 
 286:.\Generated_Source\PSoC4/ROSSerial_UART.c ****     #endif /* (ROSSerial_UART_SCB_MODE_UNCONFIG_CONST_CFG) */
ARM GAS  C:\Users\Chuck\AppData\Local\Temp\ccg5BWdr.s 			page 10


 287:.\Generated_Source\PSoC4/ROSSerial_UART.c **** #endif /* (ROSSerial_UART_SCB_IRQ_INTERNAL) */
 288:.\Generated_Source\PSoC4/ROSSerial_UART.c **** }
 228              		.loc 1 288 0
 229 000a BD46     		mov	sp, r7
 230              		@ sp needed
 231 000c 80BD     		pop	{r7, pc}
 232              		.cfi_endproc
 233              	.LFE5:
 234              		.size	ROSSerial_UART_ScbEnableIntr, .-ROSSerial_UART_ScbEnableIntr
 235              		.section	.text.ROSSerial_UART_ScbModeStop,"ax",%progbits
 236              		.align	2
 237              		.code	16
 238              		.thumb_func
 239              		.type	ROSSerial_UART_ScbModeStop, %function
 240              	ROSSerial_UART_ScbModeStop:
 241              	.LFB6:
 289:.\Generated_Source\PSoC4/ROSSerial_UART.c **** 
 290:.\Generated_Source\PSoC4/ROSSerial_UART.c **** 
 291:.\Generated_Source\PSoC4/ROSSerial_UART.c **** /*******************************************************************************
 292:.\Generated_Source\PSoC4/ROSSerial_UART.c **** * Function Name: ROSSerial_UART_ScbModeStop
 293:.\Generated_Source\PSoC4/ROSSerial_UART.c **** ********************************************************************************
 294:.\Generated_Source\PSoC4/ROSSerial_UART.c **** *
 295:.\Generated_Source\PSoC4/ROSSerial_UART.c **** * Summary:
 296:.\Generated_Source\PSoC4/ROSSerial_UART.c **** *  Calls the Stop function for a specific operation mode.
 297:.\Generated_Source\PSoC4/ROSSerial_UART.c **** *
 298:.\Generated_Source\PSoC4/ROSSerial_UART.c **** * Parameters:
 299:.\Generated_Source\PSoC4/ROSSerial_UART.c **** *  None
 300:.\Generated_Source\PSoC4/ROSSerial_UART.c **** *
 301:.\Generated_Source\PSoC4/ROSSerial_UART.c **** * Return:
 302:.\Generated_Source\PSoC4/ROSSerial_UART.c **** *  None
 303:.\Generated_Source\PSoC4/ROSSerial_UART.c **** *
 304:.\Generated_Source\PSoC4/ROSSerial_UART.c **** *******************************************************************************/
 305:.\Generated_Source\PSoC4/ROSSerial_UART.c **** static void ROSSerial_UART_ScbModeStop(void)
 306:.\Generated_Source\PSoC4/ROSSerial_UART.c **** {
 242              		.loc 1 306 0
 243              		.cfi_startproc
 244 0000 80B5     		push	{r7, lr}
 245              		.cfi_def_cfa_offset 8
 246              		.cfi_offset 7, -8
 247              		.cfi_offset 14, -4
 248 0002 00AF     		add	r7, sp, #0
 249              		.cfi_def_cfa_register 7
 307:.\Generated_Source\PSoC4/ROSSerial_UART.c **** #if(ROSSerial_UART_SCB_MODE_UNCONFIG_CONST_CFG)
 308:.\Generated_Source\PSoC4/ROSSerial_UART.c ****     if(ROSSerial_UART_SCB_MODE_I2C_RUNTM_CFG)
 309:.\Generated_Source\PSoC4/ROSSerial_UART.c ****     {
 310:.\Generated_Source\PSoC4/ROSSerial_UART.c ****         ROSSerial_UART_I2CStop();
 311:.\Generated_Source\PSoC4/ROSSerial_UART.c ****     }
 312:.\Generated_Source\PSoC4/ROSSerial_UART.c ****     else if(ROSSerial_UART_SCB_MODE_EZI2C_RUNTM_CFG)
 313:.\Generated_Source\PSoC4/ROSSerial_UART.c ****     {
 314:.\Generated_Source\PSoC4/ROSSerial_UART.c ****         ROSSerial_UART_EzI2CStop();
 315:.\Generated_Source\PSoC4/ROSSerial_UART.c ****     }
 316:.\Generated_Source\PSoC4/ROSSerial_UART.c ****     else
 317:.\Generated_Source\PSoC4/ROSSerial_UART.c ****     {
 318:.\Generated_Source\PSoC4/ROSSerial_UART.c ****         /* Do nohing for other modes */
 319:.\Generated_Source\PSoC4/ROSSerial_UART.c ****     }
 320:.\Generated_Source\PSoC4/ROSSerial_UART.c **** #elif(ROSSerial_UART_SCB_MODE_I2C_CONST_CFG)
 321:.\Generated_Source\PSoC4/ROSSerial_UART.c ****     ROSSerial_UART_I2CStop();
ARM GAS  C:\Users\Chuck\AppData\Local\Temp\ccg5BWdr.s 			page 11


 322:.\Generated_Source\PSoC4/ROSSerial_UART.c **** 
 323:.\Generated_Source\PSoC4/ROSSerial_UART.c **** #elif(ROSSerial_UART_SCB_MODE_EZI2C_CONST_CFG)
 324:.\Generated_Source\PSoC4/ROSSerial_UART.c ****     ROSSerial_UART_EzI2CStop();
 325:.\Generated_Source\PSoC4/ROSSerial_UART.c **** 
 326:.\Generated_Source\PSoC4/ROSSerial_UART.c **** #endif /* (ROSSerial_UART_SCB_MODE_UNCONFIG_CONST_CFG) */
 327:.\Generated_Source\PSoC4/ROSSerial_UART.c **** }
 250              		.loc 1 327 0
 251 0004 BD46     		mov	sp, r7
 252              		@ sp needed
 253 0006 80BD     		pop	{r7, pc}
 254              		.cfi_endproc
 255              	.LFE6:
 256              		.size	ROSSerial_UART_ScbModeStop, .-ROSSerial_UART_ScbModeStop
 257              		.text
 258              	.Letext0:
 259              		.file 2 "Generated_Source\\PSoC4/cytypes.h"
 260              		.section	.debug_info,"",%progbits
 261              	.Ldebug_info0:
 262 0000 6B010000 		.4byte	0x16b
 263 0004 0400     		.2byte	0x4
 264 0006 00000000 		.4byte	.Ldebug_abbrev0
 265 000a 04       		.byte	0x4
 266 000b 01       		.uleb128 0x1
 267 000c 1D010000 		.4byte	.LASF25
 268 0010 01       		.byte	0x1
 269 0011 F3000000 		.4byte	.LASF26
 270 0015 2F000000 		.4byte	.LASF27
 271 0019 00000000 		.4byte	.Ldebug_ranges0+0
 272 001d 00000000 		.4byte	0
 273 0021 00000000 		.4byte	.Ldebug_line0
 274 0025 02       		.uleb128 0x2
 275 0026 01       		.byte	0x1
 276 0027 06       		.byte	0x6
 277 0028 CF020000 		.4byte	.LASF0
 278 002c 02       		.uleb128 0x2
 279 002d 01       		.byte	0x1
 280 002e 08       		.byte	0x8
 281 002f B0000000 		.4byte	.LASF1
 282 0033 02       		.uleb128 0x2
 283 0034 02       		.byte	0x2
 284 0035 05       		.byte	0x5
 285 0036 A8020000 		.4byte	.LASF2
 286 003a 02       		.uleb128 0x2
 287 003b 02       		.byte	0x2
 288 003c 07       		.byte	0x7
 289 003d 1C000000 		.4byte	.LASF3
 290 0041 02       		.uleb128 0x2
 291 0042 04       		.byte	0x4
 292 0043 05       		.byte	0x5
 293 0044 B2020000 		.4byte	.LASF4
 294 0048 02       		.uleb128 0x2
 295 0049 04       		.byte	0x4
 296 004a 07       		.byte	0x7
 297 004b DB000000 		.4byte	.LASF5
 298 004f 02       		.uleb128 0x2
 299 0050 08       		.byte	0x8
 300 0051 05       		.byte	0x5
ARM GAS  C:\Users\Chuck\AppData\Local\Temp\ccg5BWdr.s 			page 12


 301 0052 7A020000 		.4byte	.LASF6
 302 0056 02       		.uleb128 0x2
 303 0057 08       		.byte	0x8
 304 0058 07       		.byte	0x7
 305 0059 4D020000 		.4byte	.LASF7
 306 005d 03       		.uleb128 0x3
 307 005e 04       		.byte	0x4
 308 005f 05       		.byte	0x5
 309 0060 696E7400 		.ascii	"int\000"
 310 0064 02       		.uleb128 0x2
 311 0065 04       		.byte	0x4
 312 0066 07       		.byte	0x7
 313 0067 40020000 		.4byte	.LASF8
 314 006b 04       		.uleb128 0x4
 315 006c ED000000 		.4byte	.LASF9
 316 0070 02       		.byte	0x2
 317 0071 5B       		.byte	0x5b
 318 0072 2C000000 		.4byte	0x2c
 319 0076 04       		.uleb128 0x4
 320 0077 25020000 		.4byte	.LASF10
 321 007b 02       		.byte	0x2
 322 007c 5D       		.byte	0x5d
 323 007d 48000000 		.4byte	0x48
 324 0081 02       		.uleb128 0x2
 325 0082 04       		.byte	0x4
 326 0083 04       		.byte	0x4
 327 0084 81000000 		.4byte	.LASF11
 328 0088 02       		.uleb128 0x2
 329 0089 08       		.byte	0x8
 330 008a 04       		.byte	0x4
 331 008b 19020000 		.4byte	.LASF12
 332 008f 02       		.uleb128 0x2
 333 0090 01       		.byte	0x1
 334 0091 08       		.byte	0x8
 335 0092 88020000 		.4byte	.LASF13
 336 0096 04       		.uleb128 0x4
 337 0097 16000000 		.4byte	.LASF14
 338 009b 02       		.byte	0x2
 339 009c F2       		.byte	0xf2
 340 009d A1000000 		.4byte	0xa1
 341 00a1 05       		.uleb128 0x5
 342 00a2 76000000 		.4byte	0x76
 343 00a6 06       		.uleb128 0x6
 344 00a7 64020000 		.4byte	.LASF15
 345 00ab 02       		.byte	0x2
 346 00ac 0201     		.2byte	0x102
 347 00ae B2000000 		.4byte	0xb2
 348 00b2 07       		.uleb128 0x7
 349 00b3 04       		.byte	0x4
 350 00b4 B8000000 		.4byte	0xb8
 351 00b8 08       		.uleb128 0x8
 352 00b9 02       		.uleb128 0x2
 353 00ba 04       		.byte	0x4
 354 00bb 07       		.byte	0x7
 355 00bc 71020000 		.4byte	.LASF16
 356 00c0 09       		.uleb128 0x9
 357 00c1 2C020000 		.4byte	.LASF17
ARM GAS  C:\Users\Chuck\AppData\Local\Temp\ccg5BWdr.s 			page 13


 358 00c5 01       		.byte	0x1
 359 00c6 63       		.byte	0x63
 360 00c7 00000000 		.4byte	.LFB0
 361 00cb 0C000000 		.4byte	.LFE0-.LFB0
 362 00cf 01       		.uleb128 0x1
 363 00d0 9C       		.byte	0x9c
 364 00d1 09       		.uleb128 0x9
 365 00d2 00000000 		.4byte	.LASF18
 366 00d6 01       		.byte	0x1
 367 00d7 8F       		.byte	0x8f
 368 00d8 00000000 		.4byte	.LFB1
 369 00dc 20000000 		.4byte	.LFE1-.LFB1
 370 00e0 01       		.uleb128 0x1
 371 00e1 9C       		.byte	0x9c
 372 00e2 09       		.uleb128 0x9
 373 00e3 55000000 		.4byte	.LASF19
 374 00e7 01       		.byte	0x1
 375 00e8 B7       		.byte	0xb7
 376 00e9 00000000 		.4byte	.LFB2
 377 00ed 24000000 		.4byte	.LFE2-.LFB2
 378 00f1 01       		.uleb128 0x1
 379 00f2 9C       		.byte	0x9c
 380 00f3 09       		.uleb128 0x9
 381 00f4 BB020000 		.4byte	.LASF20
 382 00f8 01       		.byte	0x1
 383 00f9 D1       		.byte	0xd1
 384 00fa 00000000 		.4byte	.LFB3
 385 00fe 28000000 		.4byte	.LFE3-.LFB3
 386 0102 01       		.uleb128 0x1
 387 0103 9C       		.byte	0x9c
 388 0104 0A       		.uleb128 0xa
 389 0105 87000000 		.4byte	.LASF28
 390 0109 01       		.byte	0x1
 391 010a F7       		.byte	0xf7
 392 010b 00000000 		.4byte	.LFB4
 393 010f 18000000 		.4byte	.LFE4-.LFB4
 394 0113 01       		.uleb128 0x1
 395 0114 9C       		.byte	0x9c
 396 0115 28010000 		.4byte	0x128
 397 0119 0B       		.uleb128 0xb
 398 011a 20020000 		.4byte	.LASF29
 399 011e 01       		.byte	0x1
 400 011f F7       		.byte	0xf7
 401 0120 A6000000 		.4byte	0xa6
 402 0124 02       		.uleb128 0x2
 403 0125 91       		.byte	0x91
 404 0126 74       		.sleb128 -12
 405 0127 00       		.byte	0
 406 0128 0C       		.uleb128 0xc
 407 0129 BE000000 		.4byte	.LASF21
 408 012d 01       		.byte	0x1
 409 012e 1201     		.2byte	0x112
 410 0130 00000000 		.4byte	.LFB5
 411 0134 0E000000 		.4byte	.LFE5-.LFB5
 412 0138 01       		.uleb128 0x1
 413 0139 9C       		.byte	0x9c
 414 013a 0D       		.uleb128 0xd
ARM GAS  C:\Users\Chuck\AppData\Local\Temp\ccg5BWdr.s 			page 14


 415 013b 8D020000 		.4byte	.LASF22
 416 013f 01       		.byte	0x1
 417 0140 3101     		.2byte	0x131
 418 0142 00000000 		.4byte	.LFB6
 419 0146 08000000 		.4byte	.LFE6-.LFB6
 420 014a 01       		.uleb128 0x1
 421 014b 9C       		.byte	0x9c
 422 014c 0E       		.uleb128 0xe
 423 014d 6A000000 		.4byte	.LASF23
 424 0151 01       		.byte	0x1
 425 0152 42       		.byte	0x42
 426 0153 6B000000 		.4byte	0x6b
 427 0157 05       		.uleb128 0x5
 428 0158 03       		.byte	0x3
 429 0159 00000000 		.4byte	ROSSerial_UART_initVar
 430 015d 0E       		.uleb128 0xe
 431 015e F8010000 		.4byte	.LASF24
 432 0162 01       		.byte	0x1
 433 0163 45       		.byte	0x45
 434 0164 A6000000 		.4byte	0xa6
 435 0168 05       		.uleb128 0x5
 436 0169 03       		.byte	0x3
 437 016a 00000000 		.4byte	ROSSerial_UART_customIntrHandler
 438 016e 00       		.byte	0
 439              		.section	.debug_abbrev,"",%progbits
 440              	.Ldebug_abbrev0:
 441 0000 01       		.uleb128 0x1
 442 0001 11       		.uleb128 0x11
 443 0002 01       		.byte	0x1
 444 0003 25       		.uleb128 0x25
 445 0004 0E       		.uleb128 0xe
 446 0005 13       		.uleb128 0x13
 447 0006 0B       		.uleb128 0xb
 448 0007 03       		.uleb128 0x3
 449 0008 0E       		.uleb128 0xe
 450 0009 1B       		.uleb128 0x1b
 451 000a 0E       		.uleb128 0xe
 452 000b 55       		.uleb128 0x55
 453 000c 17       		.uleb128 0x17
 454 000d 11       		.uleb128 0x11
 455 000e 01       		.uleb128 0x1
 456 000f 10       		.uleb128 0x10
 457 0010 17       		.uleb128 0x17
 458 0011 00       		.byte	0
 459 0012 00       		.byte	0
 460 0013 02       		.uleb128 0x2
 461 0014 24       		.uleb128 0x24
 462 0015 00       		.byte	0
 463 0016 0B       		.uleb128 0xb
 464 0017 0B       		.uleb128 0xb
 465 0018 3E       		.uleb128 0x3e
 466 0019 0B       		.uleb128 0xb
 467 001a 03       		.uleb128 0x3
 468 001b 0E       		.uleb128 0xe
 469 001c 00       		.byte	0
 470 001d 00       		.byte	0
 471 001e 03       		.uleb128 0x3
ARM GAS  C:\Users\Chuck\AppData\Local\Temp\ccg5BWdr.s 			page 15


 472 001f 24       		.uleb128 0x24
 473 0020 00       		.byte	0
 474 0021 0B       		.uleb128 0xb
 475 0022 0B       		.uleb128 0xb
 476 0023 3E       		.uleb128 0x3e
 477 0024 0B       		.uleb128 0xb
 478 0025 03       		.uleb128 0x3
 479 0026 08       		.uleb128 0x8
 480 0027 00       		.byte	0
 481 0028 00       		.byte	0
 482 0029 04       		.uleb128 0x4
 483 002a 16       		.uleb128 0x16
 484 002b 00       		.byte	0
 485 002c 03       		.uleb128 0x3
 486 002d 0E       		.uleb128 0xe
 487 002e 3A       		.uleb128 0x3a
 488 002f 0B       		.uleb128 0xb
 489 0030 3B       		.uleb128 0x3b
 490 0031 0B       		.uleb128 0xb
 491 0032 49       		.uleb128 0x49
 492 0033 13       		.uleb128 0x13
 493 0034 00       		.byte	0
 494 0035 00       		.byte	0
 495 0036 05       		.uleb128 0x5
 496 0037 35       		.uleb128 0x35
 497 0038 00       		.byte	0
 498 0039 49       		.uleb128 0x49
 499 003a 13       		.uleb128 0x13
 500 003b 00       		.byte	0
 501 003c 00       		.byte	0
 502 003d 06       		.uleb128 0x6
 503 003e 16       		.uleb128 0x16
 504 003f 00       		.byte	0
 505 0040 03       		.uleb128 0x3
 506 0041 0E       		.uleb128 0xe
 507 0042 3A       		.uleb128 0x3a
 508 0043 0B       		.uleb128 0xb
 509 0044 3B       		.uleb128 0x3b
 510 0045 05       		.uleb128 0x5
 511 0046 49       		.uleb128 0x49
 512 0047 13       		.uleb128 0x13
 513 0048 00       		.byte	0
 514 0049 00       		.byte	0
 515 004a 07       		.uleb128 0x7
 516 004b 0F       		.uleb128 0xf
 517 004c 00       		.byte	0
 518 004d 0B       		.uleb128 0xb
 519 004e 0B       		.uleb128 0xb
 520 004f 49       		.uleb128 0x49
 521 0050 13       		.uleb128 0x13
 522 0051 00       		.byte	0
 523 0052 00       		.byte	0
 524 0053 08       		.uleb128 0x8
 525 0054 15       		.uleb128 0x15
 526 0055 00       		.byte	0
 527 0056 27       		.uleb128 0x27
 528 0057 19       		.uleb128 0x19
ARM GAS  C:\Users\Chuck\AppData\Local\Temp\ccg5BWdr.s 			page 16


 529 0058 00       		.byte	0
 530 0059 00       		.byte	0
 531 005a 09       		.uleb128 0x9
 532 005b 2E       		.uleb128 0x2e
 533 005c 00       		.byte	0
 534 005d 3F       		.uleb128 0x3f
 535 005e 19       		.uleb128 0x19
 536 005f 03       		.uleb128 0x3
 537 0060 0E       		.uleb128 0xe
 538 0061 3A       		.uleb128 0x3a
 539 0062 0B       		.uleb128 0xb
 540 0063 3B       		.uleb128 0x3b
 541 0064 0B       		.uleb128 0xb
 542 0065 27       		.uleb128 0x27
 543 0066 19       		.uleb128 0x19
 544 0067 11       		.uleb128 0x11
 545 0068 01       		.uleb128 0x1
 546 0069 12       		.uleb128 0x12
 547 006a 06       		.uleb128 0x6
 548 006b 40       		.uleb128 0x40
 549 006c 18       		.uleb128 0x18
 550 006d 9642     		.uleb128 0x2116
 551 006f 19       		.uleb128 0x19
 552 0070 00       		.byte	0
 553 0071 00       		.byte	0
 554 0072 0A       		.uleb128 0xa
 555 0073 2E       		.uleb128 0x2e
 556 0074 01       		.byte	0x1
 557 0075 3F       		.uleb128 0x3f
 558 0076 19       		.uleb128 0x19
 559 0077 03       		.uleb128 0x3
 560 0078 0E       		.uleb128 0xe
 561 0079 3A       		.uleb128 0x3a
 562 007a 0B       		.uleb128 0xb
 563 007b 3B       		.uleb128 0x3b
 564 007c 0B       		.uleb128 0xb
 565 007d 27       		.uleb128 0x27
 566 007e 19       		.uleb128 0x19
 567 007f 11       		.uleb128 0x11
 568 0080 01       		.uleb128 0x1
 569 0081 12       		.uleb128 0x12
 570 0082 06       		.uleb128 0x6
 571 0083 40       		.uleb128 0x40
 572 0084 18       		.uleb128 0x18
 573 0085 9742     		.uleb128 0x2117
 574 0087 19       		.uleb128 0x19
 575 0088 01       		.uleb128 0x1
 576 0089 13       		.uleb128 0x13
 577 008a 00       		.byte	0
 578 008b 00       		.byte	0
 579 008c 0B       		.uleb128 0xb
 580 008d 05       		.uleb128 0x5
 581 008e 00       		.byte	0
 582 008f 03       		.uleb128 0x3
 583 0090 0E       		.uleb128 0xe
 584 0091 3A       		.uleb128 0x3a
 585 0092 0B       		.uleb128 0xb
ARM GAS  C:\Users\Chuck\AppData\Local\Temp\ccg5BWdr.s 			page 17


 586 0093 3B       		.uleb128 0x3b
 587 0094 0B       		.uleb128 0xb
 588 0095 49       		.uleb128 0x49
 589 0096 13       		.uleb128 0x13
 590 0097 02       		.uleb128 0x2
 591 0098 18       		.uleb128 0x18
 592 0099 00       		.byte	0
 593 009a 00       		.byte	0
 594 009b 0C       		.uleb128 0xc
 595 009c 2E       		.uleb128 0x2e
 596 009d 00       		.byte	0
 597 009e 03       		.uleb128 0x3
 598 009f 0E       		.uleb128 0xe
 599 00a0 3A       		.uleb128 0x3a
 600 00a1 0B       		.uleb128 0xb
 601 00a2 3B       		.uleb128 0x3b
 602 00a3 05       		.uleb128 0x5
 603 00a4 27       		.uleb128 0x27
 604 00a5 19       		.uleb128 0x19
 605 00a6 11       		.uleb128 0x11
 606 00a7 01       		.uleb128 0x1
 607 00a8 12       		.uleb128 0x12
 608 00a9 06       		.uleb128 0x6
 609 00aa 40       		.uleb128 0x40
 610 00ab 18       		.uleb128 0x18
 611 00ac 9642     		.uleb128 0x2116
 612 00ae 19       		.uleb128 0x19
 613 00af 00       		.byte	0
 614 00b0 00       		.byte	0
 615 00b1 0D       		.uleb128 0xd
 616 00b2 2E       		.uleb128 0x2e
 617 00b3 00       		.byte	0
 618 00b4 03       		.uleb128 0x3
 619 00b5 0E       		.uleb128 0xe
 620 00b6 3A       		.uleb128 0x3a
 621 00b7 0B       		.uleb128 0xb
 622 00b8 3B       		.uleb128 0x3b
 623 00b9 05       		.uleb128 0x5
 624 00ba 27       		.uleb128 0x27
 625 00bb 19       		.uleb128 0x19
 626 00bc 11       		.uleb128 0x11
 627 00bd 01       		.uleb128 0x1
 628 00be 12       		.uleb128 0x12
 629 00bf 06       		.uleb128 0x6
 630 00c0 40       		.uleb128 0x40
 631 00c1 18       		.uleb128 0x18
 632 00c2 9742     		.uleb128 0x2117
 633 00c4 19       		.uleb128 0x19
 634 00c5 00       		.byte	0
 635 00c6 00       		.byte	0
 636 00c7 0E       		.uleb128 0xe
 637 00c8 34       		.uleb128 0x34
 638 00c9 00       		.byte	0
 639 00ca 03       		.uleb128 0x3
 640 00cb 0E       		.uleb128 0xe
 641 00cc 3A       		.uleb128 0x3a
 642 00cd 0B       		.uleb128 0xb
ARM GAS  C:\Users\Chuck\AppData\Local\Temp\ccg5BWdr.s 			page 18


 643 00ce 3B       		.uleb128 0x3b
 644 00cf 0B       		.uleb128 0xb
 645 00d0 49       		.uleb128 0x49
 646 00d1 13       		.uleb128 0x13
 647 00d2 3F       		.uleb128 0x3f
 648 00d3 19       		.uleb128 0x19
 649 00d4 02       		.uleb128 0x2
 650 00d5 18       		.uleb128 0x18
 651 00d6 00       		.byte	0
 652 00d7 00       		.byte	0
 653 00d8 00       		.byte	0
 654              		.section	.debug_aranges,"",%progbits
 655 0000 4C000000 		.4byte	0x4c
 656 0004 0200     		.2byte	0x2
 657 0006 00000000 		.4byte	.Ldebug_info0
 658 000a 04       		.byte	0x4
 659 000b 00       		.byte	0
 660 000c 0000     		.2byte	0
 661 000e 0000     		.2byte	0
 662 0010 00000000 		.4byte	.LFB0
 663 0014 0C000000 		.4byte	.LFE0-.LFB0
 664 0018 00000000 		.4byte	.LFB1
 665 001c 20000000 		.4byte	.LFE1-.LFB1
 666 0020 00000000 		.4byte	.LFB2
 667 0024 24000000 		.4byte	.LFE2-.LFB2
 668 0028 00000000 		.4byte	.LFB3
 669 002c 28000000 		.4byte	.LFE3-.LFB3
 670 0030 00000000 		.4byte	.LFB4
 671 0034 18000000 		.4byte	.LFE4-.LFB4
 672 0038 00000000 		.4byte	.LFB5
 673 003c 0E000000 		.4byte	.LFE5-.LFB5
 674 0040 00000000 		.4byte	.LFB6
 675 0044 08000000 		.4byte	.LFE6-.LFB6
 676 0048 00000000 		.4byte	0
 677 004c 00000000 		.4byte	0
 678              		.section	.debug_ranges,"",%progbits
 679              	.Ldebug_ranges0:
 680 0000 00000000 		.4byte	.LFB0
 681 0004 0C000000 		.4byte	.LFE0
 682 0008 00000000 		.4byte	.LFB1
 683 000c 20000000 		.4byte	.LFE1
 684 0010 00000000 		.4byte	.LFB2
 685 0014 24000000 		.4byte	.LFE2
 686 0018 00000000 		.4byte	.LFB3
 687 001c 28000000 		.4byte	.LFE3
 688 0020 00000000 		.4byte	.LFB4
 689 0024 18000000 		.4byte	.LFE4
 690 0028 00000000 		.4byte	.LFB5
 691 002c 0E000000 		.4byte	.LFE5
 692 0030 00000000 		.4byte	.LFB6
 693 0034 08000000 		.4byte	.LFE6
 694 0038 00000000 		.4byte	0
 695 003c 00000000 		.4byte	0
 696              		.section	.debug_line,"",%progbits
 697              	.Ldebug_line0:
 698 0000 F6000000 		.section	.debug_str,"MS",%progbits,1
 698      02006400 
ARM GAS  C:\Users\Chuck\AppData\Local\Temp\ccg5BWdr.s 			page 19


 698      00000201 
 698      FB0E0D00 
 698      01010101 
 699              	.LASF18:
 700 0000 524F5353 		.ascii	"ROSSerial_UART_Enable\000"
 700      65726961 
 700      6C5F5541 
 700      52545F45 
 700      6E61626C 
 701              	.LASF14:
 702 0016 72656733 		.ascii	"reg32\000"
 702      3200
 703              	.LASF3:
 704 001c 73686F72 		.ascii	"short unsigned int\000"
 704      7420756E 
 704      7369676E 
 704      65642069 
 704      6E7400
 705              	.LASF27:
 706 002f 453A5C50 		.ascii	"E:\\PSoC\\RosOnAStick\\RosOnAStick.cydsn\000"
 706      536F435C 
 706      526F734F 
 706      6E415374 
 706      69636B5C 
 707              	.LASF19:
 708 0055 524F5353 		.ascii	"ROSSerial_UART_Start\000"
 708      65726961 
 708      6C5F5541 
 708      52545F53 
 708      74617274 
 709              	.LASF23:
 710 006a 524F5353 		.ascii	"ROSSerial_UART_initVar\000"
 710      65726961 
 710      6C5F5541 
 710      52545F69 
 710      6E697456 
 711              	.LASF11:
 712 0081 666C6F61 		.ascii	"float\000"
 712      7400
 713              	.LASF28:
 714 0087 524F5353 		.ascii	"ROSSerial_UART_SetCustomInterruptHandler\000"
 714      65726961 
 714      6C5F5541 
 714      52545F53 
 714      65744375 
 715              	.LASF1:
 716 00b0 756E7369 		.ascii	"unsigned char\000"
 716      676E6564 
 716      20636861 
 716      7200
 717              	.LASF21:
 718 00be 524F5353 		.ascii	"ROSSerial_UART_ScbEnableIntr\000"
 718      65726961 
 718      6C5F5541 
 718      52545F53 
 718      6362456E 
 719              	.LASF5:
ARM GAS  C:\Users\Chuck\AppData\Local\Temp\ccg5BWdr.s 			page 20


 720 00db 6C6F6E67 		.ascii	"long unsigned int\000"
 720      20756E73 
 720      69676E65 
 720      6420696E 
 720      7400
 721              	.LASF9:
 722 00ed 75696E74 		.ascii	"uint8\000"
 722      3800
 723              	.LASF26:
 724 00f3 2E5C4765 		.ascii	".\\Generated_Source\\PSoC4\\ROSSerial_UART.c\000"
 724      6E657261 
 724      7465645F 
 724      536F7572 
 724      63655C50 
 725              	.LASF25:
 726 011d 474E5520 		.ascii	"GNU C 4.9.3 20150303 (release) [ARM/embedded-4_9-br"
 726      4320342E 
 726      392E3320 
 726      32303135 
 726      30333033 
 727 0150 616E6368 		.ascii	"anch revision 221220] -mcpu=cortex-m0 -mthumb -g -O"
 727      20726576 
 727      6973696F 
 727      6E203232 
 727      31323230 
 728 0183 30202D66 		.ascii	"0 -ffunction-sections -ffat-lto-objects -fno-rtti -"
 728      66756E63 
 728      74696F6E 
 728      2D736563 
 728      74696F6E 
 729 01b6 666E6F2D 		.ascii	"fno-exceptions -funsigned-char -funsigned-bitfields"
 729      65786365 
 729      7074696F 
 729      6E73202D 
 729      66756E73 
 730 01e9 202D6673 		.ascii	" -fshort-enums\000"
 730      686F7274 
 730      2D656E75 
 730      6D7300
 731              	.LASF24:
 732 01f8 524F5353 		.ascii	"ROSSerial_UART_customIntrHandler\000"
 732      65726961 
 732      6C5F5541 
 732      52545F63 
 732      7573746F 
 733              	.LASF12:
 734 0219 646F7562 		.ascii	"double\000"
 734      6C6500
 735              	.LASF29:
 736 0220 66756E63 		.ascii	"func\000"
 736      00
 737              	.LASF10:
 738 0225 75696E74 		.ascii	"uint32\000"
 738      333200
 739              	.LASF17:
 740 022c 524F5353 		.ascii	"ROSSerial_UART_Init\000"
 740      65726961 
ARM GAS  C:\Users\Chuck\AppData\Local\Temp\ccg5BWdr.s 			page 21


 740      6C5F5541 
 740      52545F49 
 740      6E697400 
 741              	.LASF8:
 742 0240 756E7369 		.ascii	"unsigned int\000"
 742      676E6564 
 742      20696E74 
 742      00
 743              	.LASF7:
 744 024d 6C6F6E67 		.ascii	"long long unsigned int\000"
 744      206C6F6E 
 744      6720756E 
 744      7369676E 
 744      65642069 
 745              	.LASF15:
 746 0264 63796973 		.ascii	"cyisraddress\000"
 746      72616464 
 746      72657373 
 746      00
 747              	.LASF16:
 748 0271 73697A65 		.ascii	"sizetype\000"
 748      74797065 
 748      00
 749              	.LASF6:
 750 027a 6C6F6E67 		.ascii	"long long int\000"
 750      206C6F6E 
 750      6720696E 
 750      7400
 751              	.LASF13:
 752 0288 63686172 		.ascii	"char\000"
 752      00
 753              	.LASF22:
 754 028d 524F5353 		.ascii	"ROSSerial_UART_ScbModeStop\000"
 754      65726961 
 754      6C5F5541 
 754      52545F53 
 754      63624D6F 
 755              	.LASF2:
 756 02a8 73686F72 		.ascii	"short int\000"
 756      7420696E 
 756      7400
 757              	.LASF4:
 758 02b2 6C6F6E67 		.ascii	"long int\000"
 758      20696E74 
 758      00
 759              	.LASF20:
 760 02bb 524F5353 		.ascii	"ROSSerial_UART_Stop\000"
 760      65726961 
 760      6C5F5541 
 760      52545F53 
 760      746F7000 
 761              	.LASF0:
 762 02cf 7369676E 		.ascii	"signed char\000"
 762      65642063 
 762      68617200 
 763              		.ident	"GCC: (GNU Tools for ARM Embedded Processors) 4.9.3 20150303 (release) [ARM/embedded-4_9-br
