ARM GAS  C:\Users\Chuck\AppData\Local\Temp\ccBl8Smk.s 			page 1


   1              		.cpu cortex-m0
   2              		.fpu softvfp
   3              		.eabi_attribute 20, 1
   4              		.eabi_attribute 21, 1
   5              		.eabi_attribute 23, 3
   6              		.eabi_attribute 24, 1
   7              		.eabi_attribute 25, 1
   8              		.eabi_attribute 26, 1
   9              		.eabi_attribute 30, 6
  10              		.eabi_attribute 34, 0
  11              		.eabi_attribute 18, 4
  12              		.code	16
  13              		.file	"ROSSerial_UART_SPI_UART_INT.c"
  14              		.text
  15              	.Ltext0:
  16              		.cfi_sections	.debug_frame
  17              		.section	.text.ROSSerial_UART_SPI_UART_ISR,"ax",%progbits
  18              		.align	2
  19              		.global	ROSSerial_UART_SPI_UART_ISR
  20              		.code	16
  21              		.thumb_func
  22              		.type	ROSSerial_UART_SPI_UART_ISR, %function
  23              	ROSSerial_UART_SPI_UART_ISR:
  24              	.LFB0:
  25              		.file 1 ".\\Generated_Source\\PSoC4\\ROSSerial_UART_SPI_UART_INT.c"
   1:.\Generated_Source\PSoC4/ROSSerial_UART_SPI_UART_INT.c **** /*******************************************************************************
   2:.\Generated_Source\PSoC4/ROSSerial_UART_SPI_UART_INT.c **** * File Name: ROSSerial_UART_SPI_UART_INT.c
   3:.\Generated_Source\PSoC4/ROSSerial_UART_SPI_UART_INT.c **** * Version 1.20
   4:.\Generated_Source\PSoC4/ROSSerial_UART_SPI_UART_INT.c **** *
   5:.\Generated_Source\PSoC4/ROSSerial_UART_SPI_UART_INT.c **** * Description:
   6:.\Generated_Source\PSoC4/ROSSerial_UART_SPI_UART_INT.c **** *  This file provides the source code to the Interrupt Service Routine for
   7:.\Generated_Source\PSoC4/ROSSerial_UART_SPI_UART_INT.c **** *  the SCB Component in SPI and UART modes.
   8:.\Generated_Source\PSoC4/ROSSerial_UART_SPI_UART_INT.c **** *
   9:.\Generated_Source\PSoC4/ROSSerial_UART_SPI_UART_INT.c **** * Note:
  10:.\Generated_Source\PSoC4/ROSSerial_UART_SPI_UART_INT.c **** *
  11:.\Generated_Source\PSoC4/ROSSerial_UART_SPI_UART_INT.c **** ********************************************************************************
  12:.\Generated_Source\PSoC4/ROSSerial_UART_SPI_UART_INT.c **** * Copyright 2013-2014, Cypress Semiconductor Corporation.  All rights reserved.
  13:.\Generated_Source\PSoC4/ROSSerial_UART_SPI_UART_INT.c **** * You may use this file only in accordance with the license, terms, conditions,
  14:.\Generated_Source\PSoC4/ROSSerial_UART_SPI_UART_INT.c **** * disclaimers, and limitations in the end user license agreement accompanying
  15:.\Generated_Source\PSoC4/ROSSerial_UART_SPI_UART_INT.c **** * the software package with which this file was provided.
  16:.\Generated_Source\PSoC4/ROSSerial_UART_SPI_UART_INT.c **** *******************************************************************************/
  17:.\Generated_Source\PSoC4/ROSSerial_UART_SPI_UART_INT.c **** 
  18:.\Generated_Source\PSoC4/ROSSerial_UART_SPI_UART_INT.c **** #include "ROSSerial_UART_PVT.h"
  19:.\Generated_Source\PSoC4/ROSSerial_UART_SPI_UART_INT.c **** #include "ROSSerial_UART_SPI_UART_PVT.h"
  20:.\Generated_Source\PSoC4/ROSSerial_UART_SPI_UART_INT.c **** 
  21:.\Generated_Source\PSoC4/ROSSerial_UART_SPI_UART_INT.c **** 
  22:.\Generated_Source\PSoC4/ROSSerial_UART_SPI_UART_INT.c **** /*******************************************************************************
  23:.\Generated_Source\PSoC4/ROSSerial_UART_SPI_UART_INT.c **** * Function Name: ROSSerial_UART_SPI_UART_ISR
  24:.\Generated_Source\PSoC4/ROSSerial_UART_SPI_UART_INT.c **** ********************************************************************************
  25:.\Generated_Source\PSoC4/ROSSerial_UART_SPI_UART_INT.c **** *
  26:.\Generated_Source\PSoC4/ROSSerial_UART_SPI_UART_INT.c **** * Summary:
  27:.\Generated_Source\PSoC4/ROSSerial_UART_SPI_UART_INT.c **** *  Handles the Interrupt Service Routine for the SCB SPI or UART modes.
  28:.\Generated_Source\PSoC4/ROSSerial_UART_SPI_UART_INT.c **** *
  29:.\Generated_Source\PSoC4/ROSSerial_UART_SPI_UART_INT.c **** * Parameters:
  30:.\Generated_Source\PSoC4/ROSSerial_UART_SPI_UART_INT.c **** *  None
  31:.\Generated_Source\PSoC4/ROSSerial_UART_SPI_UART_INT.c **** *
  32:.\Generated_Source\PSoC4/ROSSerial_UART_SPI_UART_INT.c **** * Return:
ARM GAS  C:\Users\Chuck\AppData\Local\Temp\ccBl8Smk.s 			page 2


  33:.\Generated_Source\PSoC4/ROSSerial_UART_SPI_UART_INT.c **** *  None
  34:.\Generated_Source\PSoC4/ROSSerial_UART_SPI_UART_INT.c **** *
  35:.\Generated_Source\PSoC4/ROSSerial_UART_SPI_UART_INT.c **** *******************************************************************************/
  36:.\Generated_Source\PSoC4/ROSSerial_UART_SPI_UART_INT.c **** CY_ISR(ROSSerial_UART_SPI_UART_ISR)
  37:.\Generated_Source\PSoC4/ROSSerial_UART_SPI_UART_INT.c **** {
  26              		.loc 1 37 0
  27              		.cfi_startproc
  28 0000 80B5     		push	{r7, lr}
  29              		.cfi_def_cfa_offset 8
  30              		.cfi_offset 7, -8
  31              		.cfi_offset 14, -4
  32 0002 84B0     		sub	sp, sp, #16
  33              		.cfi_def_cfa_offset 24
  34 0004 00AF     		add	r7, sp, #0
  35              		.cfi_def_cfa_register 7
  38:.\Generated_Source\PSoC4/ROSSerial_UART_SPI_UART_INT.c **** #if(ROSSerial_UART_INTERNAL_RX_SW_BUFFER_CONST)
  39:.\Generated_Source\PSoC4/ROSSerial_UART_SPI_UART_INT.c ****     uint32 locHead;
  40:.\Generated_Source\PSoC4/ROSSerial_UART_SPI_UART_INT.c ****     uint32 dataRx;
  41:.\Generated_Source\PSoC4/ROSSerial_UART_SPI_UART_INT.c **** #endif /* (ROSSerial_UART_INTERNAL_RX_SW_BUFFER_CONST) */
  42:.\Generated_Source\PSoC4/ROSSerial_UART_SPI_UART_INT.c **** 
  43:.\Generated_Source\PSoC4/ROSSerial_UART_SPI_UART_INT.c **** #if(ROSSerial_UART_INTERNAL_TX_SW_BUFFER_CONST)
  44:.\Generated_Source\PSoC4/ROSSerial_UART_SPI_UART_INT.c ****     uint32 locTail;
  45:.\Generated_Source\PSoC4/ROSSerial_UART_SPI_UART_INT.c **** #endif /* (ROSSerial_UART_INTERNAL_TX_SW_BUFFER_CONST) */
  46:.\Generated_Source\PSoC4/ROSSerial_UART_SPI_UART_INT.c **** 
  47:.\Generated_Source\PSoC4/ROSSerial_UART_SPI_UART_INT.c ****     if(NULL != ROSSerial_UART_customIntrHandler)
  36              		.loc 1 47 0
  37 0006 334B     		ldr	r3, .L14
  38 0008 1B68     		ldr	r3, [r3]
  39 000a 002B     		cmp	r3, #0
  40 000c 02D0     		beq	.L2
  48:.\Generated_Source\PSoC4/ROSSerial_UART_SPI_UART_INT.c ****     {
  49:.\Generated_Source\PSoC4/ROSSerial_UART_SPI_UART_INT.c ****         ROSSerial_UART_customIntrHandler();
  41              		.loc 1 49 0
  42 000e 314B     		ldr	r3, .L14
  43 0010 1B68     		ldr	r3, [r3]
  44 0012 9847     		blx	r3
  45              	.L2:
  50:.\Generated_Source\PSoC4/ROSSerial_UART_SPI_UART_INT.c ****     }
  51:.\Generated_Source\PSoC4/ROSSerial_UART_SPI_UART_INT.c **** 
  52:.\Generated_Source\PSoC4/ROSSerial_UART_SPI_UART_INT.c ****     #if(ROSSerial_UART_CHECK_SPI_WAKE_ENABLE)
  53:.\Generated_Source\PSoC4/ROSSerial_UART_SPI_UART_INT.c ****     {
  54:.\Generated_Source\PSoC4/ROSSerial_UART_SPI_UART_INT.c ****         /* Clear SPI wakeup source */
  55:.\Generated_Source\PSoC4/ROSSerial_UART_SPI_UART_INT.c ****         ROSSerial_UART_ClearSpiExtClkInterruptSource(ROSSerial_UART_INTR_SPI_EC_WAKE_UP);
  56:.\Generated_Source\PSoC4/ROSSerial_UART_SPI_UART_INT.c ****     }
  57:.\Generated_Source\PSoC4/ROSSerial_UART_SPI_UART_INT.c ****     #endif
  58:.\Generated_Source\PSoC4/ROSSerial_UART_SPI_UART_INT.c **** 
  59:.\Generated_Source\PSoC4/ROSSerial_UART_SPI_UART_INT.c ****     #if(ROSSerial_UART_CHECK_RX_SW_BUFFER)
  60:.\Generated_Source\PSoC4/ROSSerial_UART_SPI_UART_INT.c ****     {
  61:.\Generated_Source\PSoC4/ROSSerial_UART_SPI_UART_INT.c ****         if(ROSSerial_UART_CHECK_INTR_RX_MASKED(ROSSerial_UART_INTR_RX_NOT_EMPTY))
  46              		.loc 1 61 0
  47 0014 304B     		ldr	r3, .L14+4
  48 0016 1B68     		ldr	r3, [r3]
  49 0018 0422     		mov	r2, #4
  50 001a 1340     		and	r3, r2
  51 001c 27D0     		beq	.L3
  62:.\Generated_Source\PSoC4/ROSSerial_UART_SPI_UART_INT.c ****         {
  63:.\Generated_Source\PSoC4/ROSSerial_UART_SPI_UART_INT.c ****             while(0u != ROSSerial_UART_GET_RX_FIFO_ENTRIES)
ARM GAS  C:\Users\Chuck\AppData\Local\Temp\ccBl8Smk.s 			page 3


  52              		.loc 1 63 0
  53 001e 1EE0     		b	.L4
  54              	.L7:
  64:.\Generated_Source\PSoC4/ROSSerial_UART_SPI_UART_INT.c ****             {
  65:.\Generated_Source\PSoC4/ROSSerial_UART_SPI_UART_INT.c ****                 /* Get data from RX FIFO */
  66:.\Generated_Source\PSoC4/ROSSerial_UART_SPI_UART_INT.c ****                 dataRx = ROSSerial_UART_RX_FIFO_RD_REG;
  55              		.loc 1 66 0
  56 0020 2E4B     		ldr	r3, .L14+8
  57 0022 1B68     		ldr	r3, [r3]
  58 0024 7B60     		str	r3, [r7, #4]
  67:.\Generated_Source\PSoC4/ROSSerial_UART_SPI_UART_INT.c **** 
  68:.\Generated_Source\PSoC4/ROSSerial_UART_SPI_UART_INT.c ****                 /* Move local head index */
  69:.\Generated_Source\PSoC4/ROSSerial_UART_SPI_UART_INT.c ****                 locHead = (ROSSerial_UART_rxBufferHead + 1u);
  59              		.loc 1 69 0
  60 0026 2E4B     		ldr	r3, .L14+12
  61 0028 1B68     		ldr	r3, [r3]
  62 002a 0133     		add	r3, r3, #1
  63 002c FB60     		str	r3, [r7, #12]
  70:.\Generated_Source\PSoC4/ROSSerial_UART_SPI_UART_INT.c **** 
  71:.\Generated_Source\PSoC4/ROSSerial_UART_SPI_UART_INT.c ****                 /* Adjust local head index */
  72:.\Generated_Source\PSoC4/ROSSerial_UART_SPI_UART_INT.c ****                 if(ROSSerial_UART_RX_BUFFER_SIZE == locHead)
  64              		.loc 1 72 0
  65 002e FB68     		ldr	r3, [r7, #12]
  66 0030 412B     		cmp	r3, #65
  67 0032 01D1     		bne	.L5
  73:.\Generated_Source\PSoC4/ROSSerial_UART_SPI_UART_INT.c ****                 {
  74:.\Generated_Source\PSoC4/ROSSerial_UART_SPI_UART_INT.c ****                     locHead = 0u;
  68              		.loc 1 74 0
  69 0034 0023     		mov	r3, #0
  70 0036 FB60     		str	r3, [r7, #12]
  71              	.L5:
  75:.\Generated_Source\PSoC4/ROSSerial_UART_SPI_UART_INT.c ****                 }
  76:.\Generated_Source\PSoC4/ROSSerial_UART_SPI_UART_INT.c **** 
  77:.\Generated_Source\PSoC4/ROSSerial_UART_SPI_UART_INT.c ****                 if(locHead == ROSSerial_UART_rxBufferTail)
  72              		.loc 1 77 0
  73 0038 2A4B     		ldr	r3, .L14+16
  74 003a 1B68     		ldr	r3, [r3]
  75 003c FA68     		ldr	r2, [r7, #12]
  76 003e 9A42     		cmp	r2, r3
  77 0040 03D1     		bne	.L6
  78:.\Generated_Source\PSoC4/ROSSerial_UART_SPI_UART_INT.c ****                 {
  79:.\Generated_Source\PSoC4/ROSSerial_UART_SPI_UART_INT.c ****                     /* Overflow: through away new data */
  80:.\Generated_Source\PSoC4/ROSSerial_UART_SPI_UART_INT.c ****                     ROSSerial_UART_rxBufferOverflow = (uint8) ROSSerial_UART_INTR_RX_OVERFLOW;
  78              		.loc 1 80 0
  79 0042 294B     		ldr	r3, .L14+20
  80 0044 2022     		mov	r2, #32
  81 0046 1A70     		strb	r2, [r3]
  82 0048 09E0     		b	.L4
  83              	.L6:
  81:.\Generated_Source\PSoC4/ROSSerial_UART_SPI_UART_INT.c ****                 }
  82:.\Generated_Source\PSoC4/ROSSerial_UART_SPI_UART_INT.c ****                 else
  83:.\Generated_Source\PSoC4/ROSSerial_UART_SPI_UART_INT.c ****                 {
  84:.\Generated_Source\PSoC4/ROSSerial_UART_SPI_UART_INT.c ****                     /* Store received data */
  85:.\Generated_Source\PSoC4/ROSSerial_UART_SPI_UART_INT.c ****                     ROSSerial_UART_PutWordInRxBuffer(locHead, dataRx);
  84              		.loc 1 85 0
  85 004a 7B68     		ldr	r3, [r7, #4]
  86 004c D9B2     		uxtb	r1, r3
ARM GAS  C:\Users\Chuck\AppData\Local\Temp\ccBl8Smk.s 			page 4


  87 004e 274A     		ldr	r2, .L14+24
  88 0050 FB68     		ldr	r3, [r7, #12]
  89 0052 D318     		add	r3, r2, r3
  90 0054 0A1C     		add	r2, r1, #0
  91 0056 1A70     		strb	r2, [r3]
  86:.\Generated_Source\PSoC4/ROSSerial_UART_SPI_UART_INT.c **** 
  87:.\Generated_Source\PSoC4/ROSSerial_UART_SPI_UART_INT.c ****                     /* Move head index */
  88:.\Generated_Source\PSoC4/ROSSerial_UART_SPI_UART_INT.c ****                     ROSSerial_UART_rxBufferHead = locHead;
  92              		.loc 1 88 0
  93 0058 214B     		ldr	r3, .L14+12
  94 005a FA68     		ldr	r2, [r7, #12]
  95 005c 1A60     		str	r2, [r3]
  96              	.L4:
  63:.\Generated_Source\PSoC4/ROSSerial_UART_SPI_UART_INT.c ****             {
  97              		.loc 1 63 0
  98 005e 244B     		ldr	r3, .L14+28
  99 0060 1B68     		ldr	r3, [r3]
 100 0062 0F22     		mov	r2, #15
 101 0064 1340     		and	r3, r2
 102 0066 DBD1     		bne	.L7
  89:.\Generated_Source\PSoC4/ROSSerial_UART_SPI_UART_INT.c ****                 }
  90:.\Generated_Source\PSoC4/ROSSerial_UART_SPI_UART_INT.c ****             }
  91:.\Generated_Source\PSoC4/ROSSerial_UART_SPI_UART_INT.c **** 
  92:.\Generated_Source\PSoC4/ROSSerial_UART_SPI_UART_INT.c ****             ROSSerial_UART_ClearRxInterruptSource(ROSSerial_UART_INTR_RX_NOT_EMPTY);
 103              		.loc 1 92 0
 104 0068 224B     		ldr	r3, .L14+32
 105 006a 0422     		mov	r2, #4
 106 006c 1A60     		str	r2, [r3]
 107              	.L3:
  93:.\Generated_Source\PSoC4/ROSSerial_UART_SPI_UART_INT.c ****         }
  94:.\Generated_Source\PSoC4/ROSSerial_UART_SPI_UART_INT.c ****     }
  95:.\Generated_Source\PSoC4/ROSSerial_UART_SPI_UART_INT.c ****     #endif
  96:.\Generated_Source\PSoC4/ROSSerial_UART_SPI_UART_INT.c **** 
  97:.\Generated_Source\PSoC4/ROSSerial_UART_SPI_UART_INT.c **** 
  98:.\Generated_Source\PSoC4/ROSSerial_UART_SPI_UART_INT.c ****     #if(ROSSerial_UART_CHECK_TX_SW_BUFFER)
  99:.\Generated_Source\PSoC4/ROSSerial_UART_SPI_UART_INT.c ****     {
 100:.\Generated_Source\PSoC4/ROSSerial_UART_SPI_UART_INT.c ****         if(ROSSerial_UART_CHECK_INTR_TX_MASKED(ROSSerial_UART_INTR_TX_NOT_FULL))
 108              		.loc 1 100 0
 109 006e 224B     		ldr	r3, .L14+36
 110 0070 1B68     		ldr	r3, [r3]
 111 0072 0222     		mov	r2, #2
 112 0074 1340     		and	r3, r2
 113 0076 2AD0     		beq	.L1
 101:.\Generated_Source\PSoC4/ROSSerial_UART_SPI_UART_INT.c ****         {
 102:.\Generated_Source\PSoC4/ROSSerial_UART_SPI_UART_INT.c ****             /* Put data into TX FIFO */
 103:.\Generated_Source\PSoC4/ROSSerial_UART_SPI_UART_INT.c ****             while(ROSSerial_UART_FIFO_SIZE != ROSSerial_UART_GET_TX_FIFO_ENTRIES)
 114              		.loc 1 103 0
 115 0078 20E0     		b	.L9
 116              	.L13:
 104:.\Generated_Source\PSoC4/ROSSerial_UART_SPI_UART_INT.c ****             {
 105:.\Generated_Source\PSoC4/ROSSerial_UART_SPI_UART_INT.c ****                 /* Check for a room in TX software buffer */
 106:.\Generated_Source\PSoC4/ROSSerial_UART_SPI_UART_INT.c ****                 if(ROSSerial_UART_txBufferHead != ROSSerial_UART_txBufferTail)
 117              		.loc 1 106 0
 118 007a 204B     		ldr	r3, .L14+40
 119 007c 1A68     		ldr	r2, [r3]
 120 007e 204B     		ldr	r3, .L14+44
 121 0080 1B68     		ldr	r3, [r3]
ARM GAS  C:\Users\Chuck\AppData\Local\Temp\ccBl8Smk.s 			page 5


 122 0082 9A42     		cmp	r2, r3
 123 0084 13D0     		beq	.L10
 107:.\Generated_Source\PSoC4/ROSSerial_UART_SPI_UART_INT.c ****                 {
 108:.\Generated_Source\PSoC4/ROSSerial_UART_SPI_UART_INT.c ****                     /* Move local tail index */
 109:.\Generated_Source\PSoC4/ROSSerial_UART_SPI_UART_INT.c ****                     locTail = (ROSSerial_UART_txBufferTail + 1u);
 124              		.loc 1 109 0
 125 0086 1E4B     		ldr	r3, .L14+44
 126 0088 1B68     		ldr	r3, [r3]
 127 008a 0133     		add	r3, r3, #1
 128 008c BB60     		str	r3, [r7, #8]
 110:.\Generated_Source\PSoC4/ROSSerial_UART_SPI_UART_INT.c **** 
 111:.\Generated_Source\PSoC4/ROSSerial_UART_SPI_UART_INT.c ****                     /* Adjust local tail index */
 112:.\Generated_Source\PSoC4/ROSSerial_UART_SPI_UART_INT.c ****                     if(ROSSerial_UART_TX_BUFFER_SIZE == locTail)
 129              		.loc 1 112 0
 130 008e BB68     		ldr	r3, [r7, #8]
 131 0090 802B     		cmp	r3, #128
 132 0092 01D1     		bne	.L11
 113:.\Generated_Source\PSoC4/ROSSerial_UART_SPI_UART_INT.c ****                     {
 114:.\Generated_Source\PSoC4/ROSSerial_UART_SPI_UART_INT.c ****                         locTail = 0u;
 133              		.loc 1 114 0
 134 0094 0023     		mov	r3, #0
 135 0096 BB60     		str	r3, [r7, #8]
 136              	.L11:
 115:.\Generated_Source\PSoC4/ROSSerial_UART_SPI_UART_INT.c ****                     }
 116:.\Generated_Source\PSoC4/ROSSerial_UART_SPI_UART_INT.c **** 
 117:.\Generated_Source\PSoC4/ROSSerial_UART_SPI_UART_INT.c ****                     /* Put data into TX FIFO */
 118:.\Generated_Source\PSoC4/ROSSerial_UART_SPI_UART_INT.c ****                     ROSSerial_UART_TX_FIFO_WR_REG = ROSSerial_UART_GetWordFromTxBuffer(locTail);
 137              		.loc 1 118 0
 138 0098 1A4B     		ldr	r3, .L14+48
 139 009a 1B49     		ldr	r1, .L14+52
 140 009c BA68     		ldr	r2, [r7, #8]
 141 009e 8A18     		add	r2, r1, r2
 142 00a0 1278     		ldrb	r2, [r2]
 143 00a2 D2B2     		uxtb	r2, r2
 144 00a4 1A60     		str	r2, [r3]
 119:.\Generated_Source\PSoC4/ROSSerial_UART_SPI_UART_INT.c **** 
 120:.\Generated_Source\PSoC4/ROSSerial_UART_SPI_UART_INT.c ****                     /* Move tail index */
 121:.\Generated_Source\PSoC4/ROSSerial_UART_SPI_UART_INT.c ****                     ROSSerial_UART_txBufferTail = locTail;
 145              		.loc 1 121 0
 146 00a6 164B     		ldr	r3, .L14+44
 147 00a8 BA68     		ldr	r2, [r7, #8]
 148 00aa 1A60     		str	r2, [r3]
 149 00ac 06E0     		b	.L9
 150              	.L10:
 122:.\Generated_Source\PSoC4/ROSSerial_UART_SPI_UART_INT.c ****                 }
 123:.\Generated_Source\PSoC4/ROSSerial_UART_SPI_UART_INT.c ****                 else
 124:.\Generated_Source\PSoC4/ROSSerial_UART_SPI_UART_INT.c ****                 {
 125:.\Generated_Source\PSoC4/ROSSerial_UART_SPI_UART_INT.c ****                     /* TX software buffer is empty: complete transmition */
 126:.\Generated_Source\PSoC4/ROSSerial_UART_SPI_UART_INT.c ****                     ROSSerial_UART_DISABLE_INTR_TX(ROSSerial_UART_INTR_TX_NOT_FULL);
 151              		.loc 1 126 0
 152 00ae 174B     		ldr	r3, .L14+56
 153 00b0 164A     		ldr	r2, .L14+56
 154 00b2 1268     		ldr	r2, [r2]
 155 00b4 0221     		mov	r1, #2
 156 00b6 8A43     		bic	r2, r1
 157 00b8 1A60     		str	r2, [r3]
 127:.\Generated_Source\PSoC4/ROSSerial_UART_SPI_UART_INT.c ****                     break;
ARM GAS  C:\Users\Chuck\AppData\Local\Temp\ccBl8Smk.s 			page 6


 158              		.loc 1 127 0
 159 00ba 05E0     		b	.L12
 160              	.L9:
 103:.\Generated_Source\PSoC4/ROSSerial_UART_SPI_UART_INT.c ****             {
 161              		.loc 1 103 0
 162 00bc 144B     		ldr	r3, .L14+60
 163 00be 1B68     		ldr	r3, [r3]
 164 00c0 0F22     		mov	r2, #15
 165 00c2 1340     		and	r3, r2
 166 00c4 082B     		cmp	r3, #8
 167 00c6 D8D1     		bne	.L13
 168              	.L12:
 128:.\Generated_Source\PSoC4/ROSSerial_UART_SPI_UART_INT.c ****                 }
 129:.\Generated_Source\PSoC4/ROSSerial_UART_SPI_UART_INT.c ****             }
 130:.\Generated_Source\PSoC4/ROSSerial_UART_SPI_UART_INT.c **** 
 131:.\Generated_Source\PSoC4/ROSSerial_UART_SPI_UART_INT.c ****             ROSSerial_UART_ClearTxInterruptSource(ROSSerial_UART_INTR_TX_NOT_FULL);
 169              		.loc 1 131 0
 170 00c8 124B     		ldr	r3, .L14+64
 171 00ca 0222     		mov	r2, #2
 172 00cc 1A60     		str	r2, [r3]
 173              	.L1:
 132:.\Generated_Source\PSoC4/ROSSerial_UART_SPI_UART_INT.c ****         }
 133:.\Generated_Source\PSoC4/ROSSerial_UART_SPI_UART_INT.c ****     }
 134:.\Generated_Source\PSoC4/ROSSerial_UART_SPI_UART_INT.c ****     #endif
 135:.\Generated_Source\PSoC4/ROSSerial_UART_SPI_UART_INT.c **** }
 174              		.loc 1 135 0
 175 00ce BD46     		mov	sp, r7
 176 00d0 04B0     		add	sp, sp, #16
 177              		@ sp needed
 178 00d2 80BD     		pop	{r7, pc}
 179              	.L15:
 180              		.align	2
 181              	.L14:
 182 00d4 00000000 		.word	ROSSerial_UART_customIntrHandler
 183 00d8 CC0F0640 		.word	1074139084
 184 00dc 40030640 		.word	1074135872
 185 00e0 00000000 		.word	ROSSerial_UART_rxBufferHead
 186 00e4 00000000 		.word	ROSSerial_UART_rxBufferTail
 187 00e8 00000000 		.word	ROSSerial_UART_rxBufferOverflow
 188 00ec 00000000 		.word	ROSSerial_UART_rxBufferInternal
 189 00f0 08030640 		.word	1074135816
 190 00f4 C00F0640 		.word	1074139072
 191 00f8 8C0F0640 		.word	1074139020
 192 00fc 00000000 		.word	ROSSerial_UART_txBufferHead
 193 0100 00000000 		.word	ROSSerial_UART_txBufferTail
 194 0104 40020640 		.word	1074135616
 195 0108 00000000 		.word	ROSSerial_UART_txBufferInternal
 196 010c 880F0640 		.word	1074139016
 197 0110 08020640 		.word	1074135560
 198 0114 800F0640 		.word	1074139008
 199              		.cfi_endproc
 200              	.LFE0:
 201              		.size	ROSSerial_UART_SPI_UART_ISR, .-ROSSerial_UART_SPI_UART_ISR
 202              		.text
 203              	.Letext0:
 204              		.file 2 "Generated_Source\\PSoC4/cytypes.h"
 205              		.file 3 ".\\Generated_Source\\PSoC4\\ROSSerial_UART_PVT.h"
ARM GAS  C:\Users\Chuck\AppData\Local\Temp\ccBl8Smk.s 			page 7


 206              		.file 4 ".\\Generated_Source\\PSoC4\\ROSSerial_UART_SPI_UART_PVT.h"
 207              		.section	.debug_info,"",%progbits
 208              	.Ldebug_info0:
 209 0000 84010000 		.4byte	0x184
 210 0004 0400     		.2byte	0x4
 211 0006 00000000 		.4byte	.Ldebug_abbrev0
 212 000a 04       		.byte	0x4
 213 000b 01       		.uleb128 0x1
 214 000c CF000000 		.4byte	.LASF28
 215 0010 01       		.byte	0x1
 216 0011 CB010000 		.4byte	.LASF29
 217 0015 87020000 		.4byte	.LASF30
 218 0019 00000000 		.4byte	.Ldebug_ranges0+0
 219 001d 00000000 		.4byte	0
 220 0021 00000000 		.4byte	.Ldebug_line0
 221 0025 02       		.uleb128 0x2
 222 0026 01       		.byte	0x1
 223 0027 06       		.byte	0x6
 224 0028 0F030000 		.4byte	.LASF0
 225 002c 02       		.uleb128 0x2
 226 002d 01       		.byte	0x1
 227 002e 08       		.byte	0x8
 228 002f 89000000 		.4byte	.LASF1
 229 0033 02       		.uleb128 0x2
 230 0034 02       		.byte	0x2
 231 0035 05       		.byte	0x5
 232 0036 DC020000 		.4byte	.LASF2
 233 003a 02       		.uleb128 0x2
 234 003b 02       		.byte	0x2
 235 003c 07       		.byte	0x7
 236 003d 22000000 		.4byte	.LASF3
 237 0041 02       		.uleb128 0x2
 238 0042 04       		.byte	0x4
 239 0043 05       		.byte	0x5
 240 0044 06030000 		.4byte	.LASF4
 241 0048 02       		.uleb128 0x2
 242 0049 04       		.byte	0x4
 243 004a 07       		.byte	0x7
 244 004b 97000000 		.4byte	.LASF5
 245 004f 02       		.uleb128 0x2
 246 0050 08       		.byte	0x8
 247 0051 05       		.byte	0x5
 248 0052 AD020000 		.4byte	.LASF6
 249 0056 02       		.uleb128 0x2
 250 0057 08       		.byte	0x8
 251 0058 07       		.byte	0x7
 252 0059 52020000 		.4byte	.LASF7
 253 005d 03       		.uleb128 0x3
 254 005e 04       		.byte	0x4
 255 005f 05       		.byte	0x5
 256 0060 696E7400 		.ascii	"int\000"
 257 0064 02       		.uleb128 0x2
 258 0065 04       		.byte	0x4
 259 0066 07       		.byte	0x7
 260 0067 29020000 		.4byte	.LASF8
 261 006b 04       		.uleb128 0x4
 262 006c C9000000 		.4byte	.LASF9
ARM GAS  C:\Users\Chuck\AppData\Local\Temp\ccBl8Smk.s 			page 8


 263 0070 02       		.byte	0x2
 264 0071 5B       		.byte	0x5b
 265 0072 2C000000 		.4byte	0x2c
 266 0076 04       		.uleb128 0x4
 267 0077 02020000 		.4byte	.LASF10
 268 007b 02       		.byte	0x2
 269 007c 5D       		.byte	0x5d
 270 007d 48000000 		.4byte	0x48
 271 0081 02       		.uleb128 0x2
 272 0082 04       		.byte	0x4
 273 0083 04       		.byte	0x4
 274 0084 7C000000 		.4byte	.LASF11
 275 0088 02       		.uleb128 0x2
 276 0089 08       		.byte	0x8
 277 008a 04       		.byte	0x4
 278 008b 51000000 		.4byte	.LASF12
 279 008f 02       		.uleb128 0x2
 280 0090 01       		.byte	0x1
 281 0091 08       		.byte	0x8
 282 0092 BB020000 		.4byte	.LASF13
 283 0096 05       		.uleb128 0x5
 284 0097 6B000000 		.4byte	0x6b
 285 009b 04       		.uleb128 0x4
 286 009c 00000000 		.4byte	.LASF14
 287 00a0 02       		.byte	0x2
 288 00a1 F2       		.byte	0xf2
 289 00a2 A6000000 		.4byte	0xa6
 290 00a6 05       		.uleb128 0x5
 291 00a7 76000000 		.4byte	0x76
 292 00ab 06       		.uleb128 0x6
 293 00ac 69020000 		.4byte	.LASF15
 294 00b0 02       		.byte	0x2
 295 00b1 0201     		.2byte	0x102
 296 00b3 B7000000 		.4byte	0xb7
 297 00b7 07       		.uleb128 0x7
 298 00b8 04       		.byte	0x4
 299 00b9 BD000000 		.4byte	0xbd
 300 00bd 08       		.uleb128 0x8
 301 00be 02       		.uleb128 0x2
 302 00bf 04       		.byte	0x4
 303 00c0 07       		.byte	0x7
 304 00c1 7E020000 		.4byte	.LASF16
 305 00c5 09       		.uleb128 0x9
 306 00c6 35000000 		.4byte	.LASF31
 307 00ca 01       		.byte	0x1
 308 00cb 24       		.byte	0x24
 309 00cc 00000000 		.4byte	.LFB0
 310 00d0 18010000 		.4byte	.LFE0-.LFB0
 311 00d4 01       		.uleb128 0x1
 312 00d5 9C       		.byte	0x9c
 313 00d6 05010000 		.4byte	0x105
 314 00da 0A       		.uleb128 0xa
 315 00db 74000000 		.4byte	.LASF17
 316 00df 01       		.byte	0x1
 317 00e0 27       		.byte	0x27
 318 00e1 76000000 		.4byte	0x76
 319 00e5 02       		.uleb128 0x2
ARM GAS  C:\Users\Chuck\AppData\Local\Temp\ccBl8Smk.s 			page 9


 320 00e6 91       		.byte	0x91
 321 00e7 74       		.sleb128 -12
 322 00e8 0A       		.uleb128 0xa
 323 00e9 82000000 		.4byte	.LASF18
 324 00ed 01       		.byte	0x1
 325 00ee 28       		.byte	0x28
 326 00ef 76000000 		.4byte	0x76
 327 00f3 02       		.uleb128 0x2
 328 00f4 91       		.byte	0x91
 329 00f5 6C       		.sleb128 -20
 330 00f6 0A       		.uleb128 0xa
 331 00f7 76020000 		.4byte	.LASF19
 332 00fb 01       		.byte	0x1
 333 00fc 2C       		.byte	0x2c
 334 00fd 76000000 		.4byte	0x76
 335 0101 02       		.uleb128 0x2
 336 0102 91       		.byte	0x91
 337 0103 70       		.sleb128 -16
 338 0104 00       		.byte	0
 339 0105 0B       		.uleb128 0xb
 340 0106 AA010000 		.4byte	.LASF20
 341 010a 03       		.byte	0x3
 342 010b 37       		.byte	0x37
 343 010c AB000000 		.4byte	0xab
 344 0110 0B       		.uleb128 0xb
 345 0111 C0020000 		.4byte	.LASF21
 346 0115 04       		.byte	0x4
 347 0116 1E       		.byte	0x1e
 348 0117 A6000000 		.4byte	0xa6
 349 011b 0B       		.uleb128 0xb
 350 011c 58000000 		.4byte	.LASF22
 351 0120 04       		.byte	0x4
 352 0121 1F       		.byte	0x1f
 353 0122 A6000000 		.4byte	0xa6
 354 0126 0B       		.uleb128 0xb
 355 0127 09020000 		.4byte	.LASF23
 356 012b 04       		.byte	0x4
 357 012c 20       		.byte	0x20
 358 012d 96000000 		.4byte	0x96
 359 0131 0B       		.uleb128 0xb
 360 0132 36020000 		.4byte	.LASF24
 361 0136 04       		.byte	0x4
 362 0137 24       		.byte	0x24
 363 0138 A6000000 		.4byte	0xa6
 364 013c 0B       		.uleb128 0xb
 365 013d 06000000 		.4byte	.LASF25
 366 0141 04       		.byte	0x4
 367 0142 25       		.byte	0x25
 368 0143 A6000000 		.4byte	0xa6
 369 0147 0C       		.uleb128 0xc
 370 0148 6B000000 		.4byte	0x6b
 371 014c 57010000 		.4byte	0x157
 372 0150 0D       		.uleb128 0xd
 373 0151 BE000000 		.4byte	0xbe
 374 0155 40       		.byte	0x40
 375 0156 00       		.byte	0
 376 0157 0B       		.uleb128 0xb
ARM GAS  C:\Users\Chuck\AppData\Local\Temp\ccBl8Smk.s 			page 10


 377 0158 A9000000 		.4byte	.LASF26
 378 015c 04       		.byte	0x4
 379 015d 29       		.byte	0x29
 380 015e 62010000 		.4byte	0x162
 381 0162 05       		.uleb128 0x5
 382 0163 47010000 		.4byte	0x147
 383 0167 0C       		.uleb128 0xc
 384 0168 6B000000 		.4byte	0x6b
 385 016c 77010000 		.4byte	0x177
 386 0170 0D       		.uleb128 0xd
 387 0171 BE000000 		.4byte	0xbe
 388 0175 7F       		.byte	0x7f
 389 0176 00       		.byte	0
 390 0177 0B       		.uleb128 0xb
 391 0178 E6020000 		.4byte	.LASF27
 392 017c 04       		.byte	0x4
 393 017d 2D       		.byte	0x2d
 394 017e 82010000 		.4byte	0x182
 395 0182 05       		.uleb128 0x5
 396 0183 67010000 		.4byte	0x167
 397 0187 00       		.byte	0
 398              		.section	.debug_abbrev,"",%progbits
 399              	.Ldebug_abbrev0:
 400 0000 01       		.uleb128 0x1
 401 0001 11       		.uleb128 0x11
 402 0002 01       		.byte	0x1
 403 0003 25       		.uleb128 0x25
 404 0004 0E       		.uleb128 0xe
 405 0005 13       		.uleb128 0x13
 406 0006 0B       		.uleb128 0xb
 407 0007 03       		.uleb128 0x3
 408 0008 0E       		.uleb128 0xe
 409 0009 1B       		.uleb128 0x1b
 410 000a 0E       		.uleb128 0xe
 411 000b 55       		.uleb128 0x55
 412 000c 17       		.uleb128 0x17
 413 000d 11       		.uleb128 0x11
 414 000e 01       		.uleb128 0x1
 415 000f 10       		.uleb128 0x10
 416 0010 17       		.uleb128 0x17
 417 0011 00       		.byte	0
 418 0012 00       		.byte	0
 419 0013 02       		.uleb128 0x2
 420 0014 24       		.uleb128 0x24
 421 0015 00       		.byte	0
 422 0016 0B       		.uleb128 0xb
 423 0017 0B       		.uleb128 0xb
 424 0018 3E       		.uleb128 0x3e
 425 0019 0B       		.uleb128 0xb
 426 001a 03       		.uleb128 0x3
 427 001b 0E       		.uleb128 0xe
 428 001c 00       		.byte	0
 429 001d 00       		.byte	0
 430 001e 03       		.uleb128 0x3
 431 001f 24       		.uleb128 0x24
 432 0020 00       		.byte	0
 433 0021 0B       		.uleb128 0xb
ARM GAS  C:\Users\Chuck\AppData\Local\Temp\ccBl8Smk.s 			page 11


 434 0022 0B       		.uleb128 0xb
 435 0023 3E       		.uleb128 0x3e
 436 0024 0B       		.uleb128 0xb
 437 0025 03       		.uleb128 0x3
 438 0026 08       		.uleb128 0x8
 439 0027 00       		.byte	0
 440 0028 00       		.byte	0
 441 0029 04       		.uleb128 0x4
 442 002a 16       		.uleb128 0x16
 443 002b 00       		.byte	0
 444 002c 03       		.uleb128 0x3
 445 002d 0E       		.uleb128 0xe
 446 002e 3A       		.uleb128 0x3a
 447 002f 0B       		.uleb128 0xb
 448 0030 3B       		.uleb128 0x3b
 449 0031 0B       		.uleb128 0xb
 450 0032 49       		.uleb128 0x49
 451 0033 13       		.uleb128 0x13
 452 0034 00       		.byte	0
 453 0035 00       		.byte	0
 454 0036 05       		.uleb128 0x5
 455 0037 35       		.uleb128 0x35
 456 0038 00       		.byte	0
 457 0039 49       		.uleb128 0x49
 458 003a 13       		.uleb128 0x13
 459 003b 00       		.byte	0
 460 003c 00       		.byte	0
 461 003d 06       		.uleb128 0x6
 462 003e 16       		.uleb128 0x16
 463 003f 00       		.byte	0
 464 0040 03       		.uleb128 0x3
 465 0041 0E       		.uleb128 0xe
 466 0042 3A       		.uleb128 0x3a
 467 0043 0B       		.uleb128 0xb
 468 0044 3B       		.uleb128 0x3b
 469 0045 05       		.uleb128 0x5
 470 0046 49       		.uleb128 0x49
 471 0047 13       		.uleb128 0x13
 472 0048 00       		.byte	0
 473 0049 00       		.byte	0
 474 004a 07       		.uleb128 0x7
 475 004b 0F       		.uleb128 0xf
 476 004c 00       		.byte	0
 477 004d 0B       		.uleb128 0xb
 478 004e 0B       		.uleb128 0xb
 479 004f 49       		.uleb128 0x49
 480 0050 13       		.uleb128 0x13
 481 0051 00       		.byte	0
 482 0052 00       		.byte	0
 483 0053 08       		.uleb128 0x8
 484 0054 15       		.uleb128 0x15
 485 0055 00       		.byte	0
 486 0056 27       		.uleb128 0x27
 487 0057 19       		.uleb128 0x19
 488 0058 00       		.byte	0
 489 0059 00       		.byte	0
 490 005a 09       		.uleb128 0x9
ARM GAS  C:\Users\Chuck\AppData\Local\Temp\ccBl8Smk.s 			page 12


 491 005b 2E       		.uleb128 0x2e
 492 005c 01       		.byte	0x1
 493 005d 3F       		.uleb128 0x3f
 494 005e 19       		.uleb128 0x19
 495 005f 03       		.uleb128 0x3
 496 0060 0E       		.uleb128 0xe
 497 0061 3A       		.uleb128 0x3a
 498 0062 0B       		.uleb128 0xb
 499 0063 3B       		.uleb128 0x3b
 500 0064 0B       		.uleb128 0xb
 501 0065 27       		.uleb128 0x27
 502 0066 19       		.uleb128 0x19
 503 0067 11       		.uleb128 0x11
 504 0068 01       		.uleb128 0x1
 505 0069 12       		.uleb128 0x12
 506 006a 06       		.uleb128 0x6
 507 006b 40       		.uleb128 0x40
 508 006c 18       		.uleb128 0x18
 509 006d 9642     		.uleb128 0x2116
 510 006f 19       		.uleb128 0x19
 511 0070 01       		.uleb128 0x1
 512 0071 13       		.uleb128 0x13
 513 0072 00       		.byte	0
 514 0073 00       		.byte	0
 515 0074 0A       		.uleb128 0xa
 516 0075 34       		.uleb128 0x34
 517 0076 00       		.byte	0
 518 0077 03       		.uleb128 0x3
 519 0078 0E       		.uleb128 0xe
 520 0079 3A       		.uleb128 0x3a
 521 007a 0B       		.uleb128 0xb
 522 007b 3B       		.uleb128 0x3b
 523 007c 0B       		.uleb128 0xb
 524 007d 49       		.uleb128 0x49
 525 007e 13       		.uleb128 0x13
 526 007f 02       		.uleb128 0x2
 527 0080 18       		.uleb128 0x18
 528 0081 00       		.byte	0
 529 0082 00       		.byte	0
 530 0083 0B       		.uleb128 0xb
 531 0084 34       		.uleb128 0x34
 532 0085 00       		.byte	0
 533 0086 03       		.uleb128 0x3
 534 0087 0E       		.uleb128 0xe
 535 0088 3A       		.uleb128 0x3a
 536 0089 0B       		.uleb128 0xb
 537 008a 3B       		.uleb128 0x3b
 538 008b 0B       		.uleb128 0xb
 539 008c 49       		.uleb128 0x49
 540 008d 13       		.uleb128 0x13
 541 008e 3F       		.uleb128 0x3f
 542 008f 19       		.uleb128 0x19
 543 0090 3C       		.uleb128 0x3c
 544 0091 19       		.uleb128 0x19
 545 0092 00       		.byte	0
 546 0093 00       		.byte	0
 547 0094 0C       		.uleb128 0xc
ARM GAS  C:\Users\Chuck\AppData\Local\Temp\ccBl8Smk.s 			page 13


 548 0095 01       		.uleb128 0x1
 549 0096 01       		.byte	0x1
 550 0097 49       		.uleb128 0x49
 551 0098 13       		.uleb128 0x13
 552 0099 01       		.uleb128 0x1
 553 009a 13       		.uleb128 0x13
 554 009b 00       		.byte	0
 555 009c 00       		.byte	0
 556 009d 0D       		.uleb128 0xd
 557 009e 21       		.uleb128 0x21
 558 009f 00       		.byte	0
 559 00a0 49       		.uleb128 0x49
 560 00a1 13       		.uleb128 0x13
 561 00a2 2F       		.uleb128 0x2f
 562 00a3 0B       		.uleb128 0xb
 563 00a4 00       		.byte	0
 564 00a5 00       		.byte	0
 565 00a6 00       		.byte	0
 566              		.section	.debug_aranges,"",%progbits
 567 0000 1C000000 		.4byte	0x1c
 568 0004 0200     		.2byte	0x2
 569 0006 00000000 		.4byte	.Ldebug_info0
 570 000a 04       		.byte	0x4
 571 000b 00       		.byte	0
 572 000c 0000     		.2byte	0
 573 000e 0000     		.2byte	0
 574 0010 00000000 		.4byte	.LFB0
 575 0014 18010000 		.4byte	.LFE0-.LFB0
 576 0018 00000000 		.4byte	0
 577 001c 00000000 		.4byte	0
 578              		.section	.debug_ranges,"",%progbits
 579              	.Ldebug_ranges0:
 580 0000 00000000 		.4byte	.LFB0
 581 0004 18010000 		.4byte	.LFE0
 582 0008 00000000 		.4byte	0
 583 000c 00000000 		.4byte	0
 584              		.section	.debug_line,"",%progbits
 585              	.Ldebug_line0:
 586 0000 E6000000 		.section	.debug_str,"MS",%progbits,1
 586      0200AA00 
 586      00000201 
 586      FB0E0D00 
 586      01010101 
 587              	.LASF14:
 588 0000 72656733 		.ascii	"reg32\000"
 588      3200
 589              	.LASF25:
 590 0006 524F5353 		.ascii	"ROSSerial_UART_txBufferTail\000"
 590      65726961 
 590      6C5F5541 
 590      52545F74 
 590      78427566 
 591              	.LASF3:
 592 0022 73686F72 		.ascii	"short unsigned int\000"
 592      7420756E 
 592      7369676E 
 592      65642069 
ARM GAS  C:\Users\Chuck\AppData\Local\Temp\ccBl8Smk.s 			page 14


 592      6E7400
 593              	.LASF31:
 594 0035 524F5353 		.ascii	"ROSSerial_UART_SPI_UART_ISR\000"
 594      65726961 
 594      6C5F5541 
 594      52545F53 
 594      50495F55 
 595              	.LASF12:
 596 0051 646F7562 		.ascii	"double\000"
 596      6C6500
 597              	.LASF22:
 598 0058 524F5353 		.ascii	"ROSSerial_UART_rxBufferTail\000"
 598      65726961 
 598      6C5F5541 
 598      52545F72 
 598      78427566 
 599              	.LASF17:
 600 0074 6C6F6348 		.ascii	"locHead\000"
 600      65616400 
 601              	.LASF11:
 602 007c 666C6F61 		.ascii	"float\000"
 602      7400
 603              	.LASF18:
 604 0082 64617461 		.ascii	"dataRx\000"
 604      527800
 605              	.LASF1:
 606 0089 756E7369 		.ascii	"unsigned char\000"
 606      676E6564 
 606      20636861 
 606      7200
 607              	.LASF5:
 608 0097 6C6F6E67 		.ascii	"long unsigned int\000"
 608      20756E73 
 608      69676E65 
 608      6420696E 
 608      7400
 609              	.LASF26:
 610 00a9 524F5353 		.ascii	"ROSSerial_UART_rxBufferInternal\000"
 610      65726961 
 610      6C5F5541 
 610      52545F72 
 610      78427566 
 611              	.LASF9:
 612 00c9 75696E74 		.ascii	"uint8\000"
 612      3800
 613              	.LASF28:
 614 00cf 474E5520 		.ascii	"GNU C 4.9.3 20150303 (release) [ARM/embedded-4_9-br"
 614      4320342E 
 614      392E3320 
 614      32303135 
 614      30333033 
 615 0102 616E6368 		.ascii	"anch revision 221220] -mcpu=cortex-m0 -mthumb -g -O"
 615      20726576 
 615      6973696F 
 615      6E203232 
 615      31323230 
 616 0135 30202D66 		.ascii	"0 -ffunction-sections -ffat-lto-objects -fno-rtti -"
ARM GAS  C:\Users\Chuck\AppData\Local\Temp\ccBl8Smk.s 			page 15


 616      66756E63 
 616      74696F6E 
 616      2D736563 
 616      74696F6E 
 617 0168 666E6F2D 		.ascii	"fno-exceptions -funsigned-char -funsigned-bitfields"
 617      65786365 
 617      7074696F 
 617      6E73202D 
 617      66756E73 
 618 019b 202D6673 		.ascii	" -fshort-enums\000"
 618      686F7274 
 618      2D656E75 
 618      6D7300
 619              	.LASF20:
 620 01aa 524F5353 		.ascii	"ROSSerial_UART_customIntrHandler\000"
 620      65726961 
 620      6C5F5541 
 620      52545F63 
 620      7573746F 
 621              	.LASF29:
 622 01cb 2E5C4765 		.ascii	".\\Generated_Source\\PSoC4\\ROSSerial_UART_SPI_UART"
 622      6E657261 
 622      7465645F 
 622      536F7572 
 622      63655C50 
 623 01fb 5F494E54 		.ascii	"_INT.c\000"
 623      2E6300
 624              	.LASF10:
 625 0202 75696E74 		.ascii	"uint32\000"
 625      333200
 626              	.LASF23:
 627 0209 524F5353 		.ascii	"ROSSerial_UART_rxBufferOverflow\000"
 627      65726961 
 627      6C5F5541 
 627      52545F72 
 627      78427566 
 628              	.LASF8:
 629 0229 756E7369 		.ascii	"unsigned int\000"
 629      676E6564 
 629      20696E74 
 629      00
 630              	.LASF24:
 631 0236 524F5353 		.ascii	"ROSSerial_UART_txBufferHead\000"
 631      65726961 
 631      6C5F5541 
 631      52545F74 
 631      78427566 
 632              	.LASF7:
 633 0252 6C6F6E67 		.ascii	"long long unsigned int\000"
 633      206C6F6E 
 633      6720756E 
 633      7369676E 
 633      65642069 
 634              	.LASF15:
 635 0269 63796973 		.ascii	"cyisraddress\000"
 635      72616464 
 635      72657373 
ARM GAS  C:\Users\Chuck\AppData\Local\Temp\ccBl8Smk.s 			page 16


 635      00
 636              	.LASF19:
 637 0276 6C6F6354 		.ascii	"locTail\000"
 637      61696C00 
 638              	.LASF16:
 639 027e 73697A65 		.ascii	"sizetype\000"
 639      74797065 
 639      00
 640              	.LASF30:
 641 0287 453A5C50 		.ascii	"E:\\PSoC\\RosOnAStick\\RosOnAStick.cydsn\000"
 641      536F435C 
 641      526F734F 
 641      6E415374 
 641      69636B5C 
 642              	.LASF6:
 643 02ad 6C6F6E67 		.ascii	"long long int\000"
 643      206C6F6E 
 643      6720696E 
 643      7400
 644              	.LASF13:
 645 02bb 63686172 		.ascii	"char\000"
 645      00
 646              	.LASF21:
 647 02c0 524F5353 		.ascii	"ROSSerial_UART_rxBufferHead\000"
 647      65726961 
 647      6C5F5541 
 647      52545F72 
 647      78427566 
 648              	.LASF2:
 649 02dc 73686F72 		.ascii	"short int\000"
 649      7420696E 
 649      7400
 650              	.LASF27:
 651 02e6 524F5353 		.ascii	"ROSSerial_UART_txBufferInternal\000"
 651      65726961 
 651      6C5F5541 
 651      52545F74 
 651      78427566 
 652              	.LASF4:
 653 0306 6C6F6E67 		.ascii	"long int\000"
 653      20696E74 
 653      00
 654              	.LASF0:
 655 030f 7369676E 		.ascii	"signed char\000"
 655      65642063 
 655      68617200 
 656              		.ident	"GCC: (GNU Tools for ARM Embedded Processors) 4.9.3 20150303 (release) [ARM/embedded-4_9-br
