ARM GAS  C:\Users\Chuck\AppData\Local\Temp\ccOvMs4z.s 			page 1


   1              		.cpu cortex-m0
   2              		.fpu softvfp
   3              		.eabi_attribute 20, 1
   4              		.eabi_attribute 21, 1
   5              		.eabi_attribute 23, 3
   6              		.eabi_attribute 24, 1
   7              		.eabi_attribute 25, 1
   8              		.eabi_attribute 26, 1
   9              		.eabi_attribute 30, 6
  10              		.eabi_attribute 34, 0
  11              		.eabi_attribute 18, 4
  12              		.code	16
  13              		.file	"Stepper_Control.c"
  14              		.text
  15              	.Ltext0:
  16              		.cfi_sections	.debug_frame
  17              		.section	.text.Stepper_Control_Write,"ax",%progbits
  18              		.align	2
  19              		.global	Stepper_Control_Write
  20              		.code	16
  21              		.thumb_func
  22              		.type	Stepper_Control_Write, %function
  23              	Stepper_Control_Write:
  24              	.LFB0:
  25              		.file 1 ".\\Generated_Source\\PSoC4\\Stepper_Control.c"
   1:.\Generated_Source\PSoC4/Stepper_Control.c **** /*******************************************************************************
   2:.\Generated_Source\PSoC4/Stepper_Control.c **** * File Name: Stepper_Control.c  
   3:.\Generated_Source\PSoC4/Stepper_Control.c **** * Version 1.70
   4:.\Generated_Source\PSoC4/Stepper_Control.c **** *
   5:.\Generated_Source\PSoC4/Stepper_Control.c **** * Description:
   6:.\Generated_Source\PSoC4/Stepper_Control.c **** *  This file contains API to enable firmware control of a Control Register.
   7:.\Generated_Source\PSoC4/Stepper_Control.c **** *
   8:.\Generated_Source\PSoC4/Stepper_Control.c **** * Note:
   9:.\Generated_Source\PSoC4/Stepper_Control.c **** *
  10:.\Generated_Source\PSoC4/Stepper_Control.c **** ********************************************************************************
  11:.\Generated_Source\PSoC4/Stepper_Control.c **** * Copyright 2008-2012, Cypress Semiconductor Corporation.  All rights reserved.
  12:.\Generated_Source\PSoC4/Stepper_Control.c **** * You may use this file only in accordance with the license, terms, conditions, 
  13:.\Generated_Source\PSoC4/Stepper_Control.c **** * disclaimers, and limitations in the end user license agreement accompanying 
  14:.\Generated_Source\PSoC4/Stepper_Control.c **** * the software package with which this file was provided.
  15:.\Generated_Source\PSoC4/Stepper_Control.c **** *******************************************************************************/
  16:.\Generated_Source\PSoC4/Stepper_Control.c **** 
  17:.\Generated_Source\PSoC4/Stepper_Control.c **** #include "Stepper_Control.h"
  18:.\Generated_Source\PSoC4/Stepper_Control.c **** 
  19:.\Generated_Source\PSoC4/Stepper_Control.c **** #if !defined(Stepper_Control_Sync_ctrl_reg__REMOVED) /* Check for removal by optimization */
  20:.\Generated_Source\PSoC4/Stepper_Control.c **** 
  21:.\Generated_Source\PSoC4/Stepper_Control.c **** /*******************************************************************************
  22:.\Generated_Source\PSoC4/Stepper_Control.c **** * Function Name: Stepper_Control_Write
  23:.\Generated_Source\PSoC4/Stepper_Control.c **** ********************************************************************************
  24:.\Generated_Source\PSoC4/Stepper_Control.c **** *
  25:.\Generated_Source\PSoC4/Stepper_Control.c **** * Summary:
  26:.\Generated_Source\PSoC4/Stepper_Control.c **** *  Write a byte to the Control Register.
  27:.\Generated_Source\PSoC4/Stepper_Control.c **** *
  28:.\Generated_Source\PSoC4/Stepper_Control.c **** * Parameters:
  29:.\Generated_Source\PSoC4/Stepper_Control.c **** *  control:  The value to be assigned to the Control Register.
  30:.\Generated_Source\PSoC4/Stepper_Control.c **** *
  31:.\Generated_Source\PSoC4/Stepper_Control.c **** * Return:
  32:.\Generated_Source\PSoC4/Stepper_Control.c **** *  None.
ARM GAS  C:\Users\Chuck\AppData\Local\Temp\ccOvMs4z.s 			page 2


  33:.\Generated_Source\PSoC4/Stepper_Control.c **** *
  34:.\Generated_Source\PSoC4/Stepper_Control.c **** *******************************************************************************/
  35:.\Generated_Source\PSoC4/Stepper_Control.c **** void Stepper_Control_Write(uint8 control) 
  36:.\Generated_Source\PSoC4/Stepper_Control.c **** {
  26              		.loc 1 36 0
  27              		.cfi_startproc
  28 0000 80B5     		push	{r7, lr}
  29              		.cfi_def_cfa_offset 8
  30              		.cfi_offset 7, -8
  31              		.cfi_offset 14, -4
  32 0002 82B0     		sub	sp, sp, #8
  33              		.cfi_def_cfa_offset 16
  34 0004 00AF     		add	r7, sp, #0
  35              		.cfi_def_cfa_register 7
  36 0006 021C     		mov	r2, r0
  37 0008 FB1D     		add	r3, r7, #7
  38 000a 1A70     		strb	r2, [r3]
  37:.\Generated_Source\PSoC4/Stepper_Control.c ****     Stepper_Control_Control = control;
  39              		.loc 1 37 0
  40 000c 034A     		ldr	r2, .L2
  41 000e FB1D     		add	r3, r7, #7
  42 0010 1B78     		ldrb	r3, [r3]
  43 0012 1370     		strb	r3, [r2]
  38:.\Generated_Source\PSoC4/Stepper_Control.c **** }
  44              		.loc 1 38 0
  45 0014 BD46     		mov	sp, r7
  46 0016 02B0     		add	sp, sp, #8
  47              		@ sp needed
  48 0018 80BD     		pop	{r7, pc}
  49              	.L3:
  50 001a C046     		.align	2
  51              	.L2:
  52 001c 72000F40 		.word	1074724978
  53              		.cfi_endproc
  54              	.LFE0:
  55              		.size	Stepper_Control_Write, .-Stepper_Control_Write
  56              		.section	.text.Stepper_Control_Read,"ax",%progbits
  57              		.align	2
  58              		.global	Stepper_Control_Read
  59              		.code	16
  60              		.thumb_func
  61              		.type	Stepper_Control_Read, %function
  62              	Stepper_Control_Read:
  63              	.LFB1:
  39:.\Generated_Source\PSoC4/Stepper_Control.c **** 
  40:.\Generated_Source\PSoC4/Stepper_Control.c **** 
  41:.\Generated_Source\PSoC4/Stepper_Control.c **** /*******************************************************************************
  42:.\Generated_Source\PSoC4/Stepper_Control.c **** * Function Name: Stepper_Control_Read
  43:.\Generated_Source\PSoC4/Stepper_Control.c **** ********************************************************************************
  44:.\Generated_Source\PSoC4/Stepper_Control.c **** *
  45:.\Generated_Source\PSoC4/Stepper_Control.c **** * Summary:
  46:.\Generated_Source\PSoC4/Stepper_Control.c **** *  Reads the current value assigned to the Control Register.
  47:.\Generated_Source\PSoC4/Stepper_Control.c **** *
  48:.\Generated_Source\PSoC4/Stepper_Control.c **** * Parameters:
  49:.\Generated_Source\PSoC4/Stepper_Control.c **** *  None.
  50:.\Generated_Source\PSoC4/Stepper_Control.c **** *
  51:.\Generated_Source\PSoC4/Stepper_Control.c **** * Return:
ARM GAS  C:\Users\Chuck\AppData\Local\Temp\ccOvMs4z.s 			page 3


  52:.\Generated_Source\PSoC4/Stepper_Control.c **** *  Returns the current value in the Control Register.
  53:.\Generated_Source\PSoC4/Stepper_Control.c **** *
  54:.\Generated_Source\PSoC4/Stepper_Control.c **** *******************************************************************************/
  55:.\Generated_Source\PSoC4/Stepper_Control.c **** uint8 Stepper_Control_Read(void) 
  56:.\Generated_Source\PSoC4/Stepper_Control.c **** {
  64              		.loc 1 56 0
  65              		.cfi_startproc
  66 0000 80B5     		push	{r7, lr}
  67              		.cfi_def_cfa_offset 8
  68              		.cfi_offset 7, -8
  69              		.cfi_offset 14, -4
  70 0002 00AF     		add	r7, sp, #0
  71              		.cfi_def_cfa_register 7
  57:.\Generated_Source\PSoC4/Stepper_Control.c ****     return Stepper_Control_Control;
  72              		.loc 1 57 0
  73 0004 024B     		ldr	r3, .L6
  74 0006 1B78     		ldrb	r3, [r3]
  75 0008 DBB2     		uxtb	r3, r3
  58:.\Generated_Source\PSoC4/Stepper_Control.c **** }
  76              		.loc 1 58 0
  77 000a 181C     		mov	r0, r3
  78 000c BD46     		mov	sp, r7
  79              		@ sp needed
  80 000e 80BD     		pop	{r7, pc}
  81              	.L7:
  82              		.align	2
  83              	.L6:
  84 0010 72000F40 		.word	1074724978
  85              		.cfi_endproc
  86              	.LFE1:
  87              		.size	Stepper_Control_Read, .-Stepper_Control_Read
  88              		.text
  89              	.Letext0:
  90              		.file 2 ".\\Generated_Source\\PSoC4\\cytypes.h"
  91              		.section	.debug_info,"",%progbits
  92              	.Ldebug_info0:
  93 0000 D1000000 		.4byte	0xd1
  94 0004 0400     		.2byte	0x4
  95 0006 00000000 		.4byte	.Ldebug_abbrev0
  96 000a 04       		.byte	0x4
  97 000b 01       		.uleb128 0x1
  98 000c 6C000000 		.4byte	.LASF14
  99 0010 01       		.byte	0x1
 100 0011 D5010000 		.4byte	.LASF15
 101 0015 00000000 		.4byte	.LASF16
 102 0019 00000000 		.4byte	.Ldebug_ranges0+0
 103 001d 00000000 		.4byte	0
 104 0021 00000000 		.4byte	.Ldebug_line0
 105 0025 02       		.uleb128 0x2
 106 0026 01       		.byte	0x1
 107 0027 06       		.byte	0x6
 108 0028 C9010000 		.4byte	.LASF0
 109 002c 02       		.uleb128 0x2
 110 002d 01       		.byte	0x1
 111 002e 08       		.byte	0x8
 112 002f 2C000000 		.4byte	.LASF1
 113 0033 02       		.uleb128 0x2
ARM GAS  C:\Users\Chuck\AppData\Local\Temp\ccOvMs4z.s 			page 4


 114 0034 02       		.byte	0x2
 115 0035 05       		.byte	0x5
 116 0036 B0010000 		.4byte	.LASF2
 117 003a 02       		.uleb128 0x2
 118 003b 02       		.byte	0x2
 119 003c 07       		.byte	0x7
 120 003d 51000000 		.4byte	.LASF3
 121 0041 02       		.uleb128 0x2
 122 0042 04       		.byte	0x4
 123 0043 05       		.byte	0x5
 124 0044 C0010000 		.4byte	.LASF4
 125 0048 02       		.uleb128 0x2
 126 0049 04       		.byte	0x4
 127 004a 07       		.byte	0x7
 128 004b 3F000000 		.4byte	.LASF5
 129 004f 02       		.uleb128 0x2
 130 0050 08       		.byte	0x8
 131 0051 05       		.byte	0x5
 132 0052 9D010000 		.4byte	.LASF6
 133 0056 02       		.uleb128 0x2
 134 0057 08       		.byte	0x8
 135 0058 07       		.byte	0x7
 136 0059 71010000 		.4byte	.LASF7
 137 005d 03       		.uleb128 0x3
 138 005e 04       		.byte	0x4
 139 005f 05       		.byte	0x5
 140 0060 696E7400 		.ascii	"int\000"
 141 0064 02       		.uleb128 0x2
 142 0065 04       		.byte	0x4
 143 0066 07       		.byte	0x7
 144 0067 64010000 		.4byte	.LASF8
 145 006b 04       		.uleb128 0x4
 146 006c BA010000 		.4byte	.LASF12
 147 0070 02       		.byte	0x2
 148 0071 5B       		.byte	0x5b
 149 0072 2C000000 		.4byte	0x2c
 150 0076 02       		.uleb128 0x2
 151 0077 04       		.byte	0x4
 152 0078 04       		.byte	0x4
 153 0079 26000000 		.4byte	.LASF9
 154 007d 02       		.uleb128 0x2
 155 007e 08       		.byte	0x8
 156 007f 04       		.byte	0x4
 157 0080 47010000 		.4byte	.LASF10
 158 0084 02       		.uleb128 0x2
 159 0085 01       		.byte	0x1
 160 0086 08       		.byte	0x8
 161 0087 AB010000 		.4byte	.LASF11
 162 008b 04       		.uleb128 0x4
 163 008c 3A000000 		.4byte	.LASF13
 164 0090 02       		.byte	0x2
 165 0091 F0       		.byte	0xf0
 166 0092 96000000 		.4byte	0x96
 167 0096 05       		.uleb128 0x5
 168 0097 6B000000 		.4byte	0x6b
 169 009b 06       		.uleb128 0x6
 170 009c 4E010000 		.4byte	.LASF17
ARM GAS  C:\Users\Chuck\AppData\Local\Temp\ccOvMs4z.s 			page 5


 171 00a0 01       		.byte	0x1
 172 00a1 23       		.byte	0x23
 173 00a2 00000000 		.4byte	.LFB0
 174 00a6 20000000 		.4byte	.LFE0-.LFB0
 175 00aa 01       		.uleb128 0x1
 176 00ab 9C       		.byte	0x9c
 177 00ac BF000000 		.4byte	0xbf
 178 00b0 07       		.uleb128 0x7
 179 00b1 64000000 		.4byte	.LASF18
 180 00b5 01       		.byte	0x1
 181 00b6 23       		.byte	0x23
 182 00b7 6B000000 		.4byte	0x6b
 183 00bb 02       		.uleb128 0x2
 184 00bc 91       		.byte	0x91
 185 00bd 77       		.sleb128 -9
 186 00be 00       		.byte	0
 187 00bf 08       		.uleb128 0x8
 188 00c0 88010000 		.4byte	.LASF19
 189 00c4 01       		.byte	0x1
 190 00c5 37       		.byte	0x37
 191 00c6 6B000000 		.4byte	0x6b
 192 00ca 00000000 		.4byte	.LFB1
 193 00ce 14000000 		.4byte	.LFE1-.LFB1
 194 00d2 01       		.uleb128 0x1
 195 00d3 9C       		.byte	0x9c
 196 00d4 00       		.byte	0
 197              		.section	.debug_abbrev,"",%progbits
 198              	.Ldebug_abbrev0:
 199 0000 01       		.uleb128 0x1
 200 0001 11       		.uleb128 0x11
 201 0002 01       		.byte	0x1
 202 0003 25       		.uleb128 0x25
 203 0004 0E       		.uleb128 0xe
 204 0005 13       		.uleb128 0x13
 205 0006 0B       		.uleb128 0xb
 206 0007 03       		.uleb128 0x3
 207 0008 0E       		.uleb128 0xe
 208 0009 1B       		.uleb128 0x1b
 209 000a 0E       		.uleb128 0xe
 210 000b 55       		.uleb128 0x55
 211 000c 17       		.uleb128 0x17
 212 000d 11       		.uleb128 0x11
 213 000e 01       		.uleb128 0x1
 214 000f 10       		.uleb128 0x10
 215 0010 17       		.uleb128 0x17
 216 0011 00       		.byte	0
 217 0012 00       		.byte	0
 218 0013 02       		.uleb128 0x2
 219 0014 24       		.uleb128 0x24
 220 0015 00       		.byte	0
 221 0016 0B       		.uleb128 0xb
 222 0017 0B       		.uleb128 0xb
 223 0018 3E       		.uleb128 0x3e
 224 0019 0B       		.uleb128 0xb
 225 001a 03       		.uleb128 0x3
 226 001b 0E       		.uleb128 0xe
 227 001c 00       		.byte	0
ARM GAS  C:\Users\Chuck\AppData\Local\Temp\ccOvMs4z.s 			page 6


 228 001d 00       		.byte	0
 229 001e 03       		.uleb128 0x3
 230 001f 24       		.uleb128 0x24
 231 0020 00       		.byte	0
 232 0021 0B       		.uleb128 0xb
 233 0022 0B       		.uleb128 0xb
 234 0023 3E       		.uleb128 0x3e
 235 0024 0B       		.uleb128 0xb
 236 0025 03       		.uleb128 0x3
 237 0026 08       		.uleb128 0x8
 238 0027 00       		.byte	0
 239 0028 00       		.byte	0
 240 0029 04       		.uleb128 0x4
 241 002a 16       		.uleb128 0x16
 242 002b 00       		.byte	0
 243 002c 03       		.uleb128 0x3
 244 002d 0E       		.uleb128 0xe
 245 002e 3A       		.uleb128 0x3a
 246 002f 0B       		.uleb128 0xb
 247 0030 3B       		.uleb128 0x3b
 248 0031 0B       		.uleb128 0xb
 249 0032 49       		.uleb128 0x49
 250 0033 13       		.uleb128 0x13
 251 0034 00       		.byte	0
 252 0035 00       		.byte	0
 253 0036 05       		.uleb128 0x5
 254 0037 35       		.uleb128 0x35
 255 0038 00       		.byte	0
 256 0039 49       		.uleb128 0x49
 257 003a 13       		.uleb128 0x13
 258 003b 00       		.byte	0
 259 003c 00       		.byte	0
 260 003d 06       		.uleb128 0x6
 261 003e 2E       		.uleb128 0x2e
 262 003f 01       		.byte	0x1
 263 0040 3F       		.uleb128 0x3f
 264 0041 19       		.uleb128 0x19
 265 0042 03       		.uleb128 0x3
 266 0043 0E       		.uleb128 0xe
 267 0044 3A       		.uleb128 0x3a
 268 0045 0B       		.uleb128 0xb
 269 0046 3B       		.uleb128 0x3b
 270 0047 0B       		.uleb128 0xb
 271 0048 27       		.uleb128 0x27
 272 0049 19       		.uleb128 0x19
 273 004a 11       		.uleb128 0x11
 274 004b 01       		.uleb128 0x1
 275 004c 12       		.uleb128 0x12
 276 004d 06       		.uleb128 0x6
 277 004e 40       		.uleb128 0x40
 278 004f 18       		.uleb128 0x18
 279 0050 9742     		.uleb128 0x2117
 280 0052 19       		.uleb128 0x19
 281 0053 01       		.uleb128 0x1
 282 0054 13       		.uleb128 0x13
 283 0055 00       		.byte	0
 284 0056 00       		.byte	0
ARM GAS  C:\Users\Chuck\AppData\Local\Temp\ccOvMs4z.s 			page 7


 285 0057 07       		.uleb128 0x7
 286 0058 05       		.uleb128 0x5
 287 0059 00       		.byte	0
 288 005a 03       		.uleb128 0x3
 289 005b 0E       		.uleb128 0xe
 290 005c 3A       		.uleb128 0x3a
 291 005d 0B       		.uleb128 0xb
 292 005e 3B       		.uleb128 0x3b
 293 005f 0B       		.uleb128 0xb
 294 0060 49       		.uleb128 0x49
 295 0061 13       		.uleb128 0x13
 296 0062 02       		.uleb128 0x2
 297 0063 18       		.uleb128 0x18
 298 0064 00       		.byte	0
 299 0065 00       		.byte	0
 300 0066 08       		.uleb128 0x8
 301 0067 2E       		.uleb128 0x2e
 302 0068 00       		.byte	0
 303 0069 3F       		.uleb128 0x3f
 304 006a 19       		.uleb128 0x19
 305 006b 03       		.uleb128 0x3
 306 006c 0E       		.uleb128 0xe
 307 006d 3A       		.uleb128 0x3a
 308 006e 0B       		.uleb128 0xb
 309 006f 3B       		.uleb128 0x3b
 310 0070 0B       		.uleb128 0xb
 311 0071 27       		.uleb128 0x27
 312 0072 19       		.uleb128 0x19
 313 0073 49       		.uleb128 0x49
 314 0074 13       		.uleb128 0x13
 315 0075 11       		.uleb128 0x11
 316 0076 01       		.uleb128 0x1
 317 0077 12       		.uleb128 0x12
 318 0078 06       		.uleb128 0x6
 319 0079 40       		.uleb128 0x40
 320 007a 18       		.uleb128 0x18
 321 007b 9742     		.uleb128 0x2117
 322 007d 19       		.uleb128 0x19
 323 007e 00       		.byte	0
 324 007f 00       		.byte	0
 325 0080 00       		.byte	0
 326              		.section	.debug_aranges,"",%progbits
 327 0000 24000000 		.4byte	0x24
 328 0004 0200     		.2byte	0x2
 329 0006 00000000 		.4byte	.Ldebug_info0
 330 000a 04       		.byte	0x4
 331 000b 00       		.byte	0
 332 000c 0000     		.2byte	0
 333 000e 0000     		.2byte	0
 334 0010 00000000 		.4byte	.LFB0
 335 0014 20000000 		.4byte	.LFE0-.LFB0
 336 0018 00000000 		.4byte	.LFB1
 337 001c 14000000 		.4byte	.LFE1-.LFB1
 338 0020 00000000 		.4byte	0
 339 0024 00000000 		.4byte	0
 340              		.section	.debug_ranges,"",%progbits
 341              	.Ldebug_ranges0:
ARM GAS  C:\Users\Chuck\AppData\Local\Temp\ccOvMs4z.s 			page 8


 342 0000 00000000 		.4byte	.LFB0
 343 0004 20000000 		.4byte	.LFE0
 344 0008 00000000 		.4byte	.LFB1
 345 000c 14000000 		.4byte	.LFE1
 346 0010 00000000 		.4byte	0
 347 0014 00000000 		.4byte	0
 348              		.section	.debug_line,"",%progbits
 349              	.Ldebug_line0:
 350 0000 76000000 		.section	.debug_str,"MS",%progbits,1
 350      02004E00 
 350      00000201 
 350      FB0E0D00 
 350      01010101 
 351              	.LASF16:
 352 0000 453A5C50 		.ascii	"E:\\PSoC\\RosOnAStick\\RosOnAStick.cydsn\000"
 352      536F435C 
 352      526F734F 
 352      6E415374 
 352      69636B5C 
 353              	.LASF9:
 354 0026 666C6F61 		.ascii	"float\000"
 354      7400
 355              	.LASF1:
 356 002c 756E7369 		.ascii	"unsigned char\000"
 356      676E6564 
 356      20636861 
 356      7200
 357              	.LASF13:
 358 003a 72656738 		.ascii	"reg8\000"
 358      00
 359              	.LASF5:
 360 003f 6C6F6E67 		.ascii	"long unsigned int\000"
 360      20756E73 
 360      69676E65 
 360      6420696E 
 360      7400
 361              	.LASF3:
 362 0051 73686F72 		.ascii	"short unsigned int\000"
 362      7420756E 
 362      7369676E 
 362      65642069 
 362      6E7400
 363              	.LASF18:
 364 0064 636F6E74 		.ascii	"control\000"
 364      726F6C00 
 365              	.LASF14:
 366 006c 474E5520 		.ascii	"GNU C 4.9.3 20150303 (release) [ARM/embedded-4_9-br"
 366      4320342E 
 366      392E3320 
 366      32303135 
 366      30333033 
 367 009f 616E6368 		.ascii	"anch revision 221220] -mcpu=cortex-m0 -mthumb -g -O"
 367      20726576 
 367      6973696F 
 367      6E203232 
 367      31323230 
 368 00d2 30202D66 		.ascii	"0 -ffunction-sections -ffat-lto-objects -fno-rtti -"
ARM GAS  C:\Users\Chuck\AppData\Local\Temp\ccOvMs4z.s 			page 9


 368      66756E63 
 368      74696F6E 
 368      2D736563 
 368      74696F6E 
 369 0105 666E6F2D 		.ascii	"fno-exceptions -funsigned-char -funsigned-bitfields"
 369      65786365 
 369      7074696F 
 369      6E73202D 
 369      66756E73 
 370 0138 202D6673 		.ascii	" -fshort-enums\000"
 370      686F7274 
 370      2D656E75 
 370      6D7300
 371              	.LASF10:
 372 0147 646F7562 		.ascii	"double\000"
 372      6C6500
 373              	.LASF17:
 374 014e 53746570 		.ascii	"Stepper_Control_Write\000"
 374      7065725F 
 374      436F6E74 
 374      726F6C5F 
 374      57726974 
 375              	.LASF8:
 376 0164 756E7369 		.ascii	"unsigned int\000"
 376      676E6564 
 376      20696E74 
 376      00
 377              	.LASF7:
 378 0171 6C6F6E67 		.ascii	"long long unsigned int\000"
 378      206C6F6E 
 378      6720756E 
 378      7369676E 
 378      65642069 
 379              	.LASF19:
 380 0188 53746570 		.ascii	"Stepper_Control_Read\000"
 380      7065725F 
 380      436F6E74 
 380      726F6C5F 
 380      52656164 
 381              	.LASF6:
 382 019d 6C6F6E67 		.ascii	"long long int\000"
 382      206C6F6E 
 382      6720696E 
 382      7400
 383              	.LASF11:
 384 01ab 63686172 		.ascii	"char\000"
 384      00
 385              	.LASF2:
 386 01b0 73686F72 		.ascii	"short int\000"
 386      7420696E 
 386      7400
 387              	.LASF12:
 388 01ba 75696E74 		.ascii	"uint8\000"
 388      3800
 389              	.LASF4:
 390 01c0 6C6F6E67 		.ascii	"long int\000"
 390      20696E74 
ARM GAS  C:\Users\Chuck\AppData\Local\Temp\ccOvMs4z.s 			page 10


 390      00
 391              	.LASF0:
 392 01c9 7369676E 		.ascii	"signed char\000"
 392      65642063 
 392      68617200 
 393              	.LASF15:
 394 01d5 2E5C4765 		.ascii	".\\Generated_Source\\PSoC4\\Stepper_Control.c\000"
 394      6E657261 
 394      7465645F 
 394      536F7572 
 394      63655C50 
 395              		.ident	"GCC: (GNU Tools for ARM Embedded Processors) 4.9.3 20150303 (release) [ARM/embedded-4_9-br
