ARM GAS  C:\Users\Chuck\AppData\Local\Temp\ccGS6mi1.s 			page 1


   1              		.cpu cortex-m0
   2              		.fpu softvfp
   3              		.eabi_attribute 20, 1
   4              		.eabi_attribute 21, 1
   5              		.eabi_attribute 23, 3
   6              		.eabi_attribute 24, 1
   7              		.eabi_attribute 25, 1
   8              		.eabi_attribute 26, 1
   9              		.eabi_attribute 30, 6
  10              		.eabi_attribute 34, 0
  11              		.eabi_attribute 18, 4
  12              		.code	16
  13              		.file	"SysTimer.cpp"
  14              		.text
  15              	.Ltext0:
  16              		.cfi_sections	.debug_frame
  17              		.global	_ZN8SysTimer7millis_E
  18              		.bss
  19              		.align	2
  20              		.type	_ZN8SysTimer7millis_E, %object
  21              		.size	_ZN8SysTimer7millis_E, 4
  22              	_ZN8SysTimer7millis_E:
  23 0000 00000000 		.space	4
  24              		.section	.text._Z11SysTick_ISRv,"ax",%progbits
  25              		.align	2
  26              		.global	_Z11SysTick_ISRv
  27              		.code	16
  28              		.thumb_func
  29              		.type	_Z11SysTick_ISRv, %function
  30              	_Z11SysTick_ISRv:
  31              	.LFB125:
  32              		.file 1 ".\\ros_lib\\SysTimer.cpp"
   1:.\ros_lib/SysTimer.cpp **** /* ========================================
   2:.\ros_lib/SysTimer.cpp ****  *
   3:.\ros_lib/SysTimer.cpp ****  * The following firmware was developed by Chuck Harrison
   4:.\ros_lib/SysTimer.cpp ****  * This work is licensed under a Creative Commons Attribution 3.0 Unported License.
   5:.\ros_lib/SysTimer.cpp ****  * 
   6:.\ros_lib/SysTimer.cpp ****  * http://creativecommons.org/licenses/by/3.0/deed.en_US
   7:.\ros_lib/SysTimer.cpp ****  * 
   8:.\ros_lib/SysTimer.cpp ****  * You are free to:
   9:.\ros_lib/SysTimer.cpp ****  * -To Share — to copy, distribute and transmit the work 
  10:.\ros_lib/SysTimer.cpp ****  * -To Remix — to adapt the work 
  11:.\ros_lib/SysTimer.cpp ****  * -To make commercial use of the work
  12:.\ros_lib/SysTimer.cpp ****  *
  13:.\ros_lib/SysTimer.cpp ****  * ========================================
  14:.\ros_lib/SysTimer.cpp ****  */
  15:.\ros_lib/SysTimer.cpp **** 
  16:.\ros_lib/SysTimer.cpp **** #include "ros.h"
  17:.\ros_lib/SysTimer.cpp **** #include "SysTimer.h"
  18:.\ros_lib/SysTimer.cpp **** 
  19:.\ros_lib/SysTimer.cpp **** uint32_t SysTimer::millis_;
  20:.\ros_lib/SysTimer.cpp **** 
  21:.\ros_lib/SysTimer.cpp **** CY_ISR(SysTick_ISR)
  22:.\ros_lib/SysTimer.cpp **** {
  33              		.loc 1 22 0
  34              		.cfi_startproc
  35 0000 80B5     		push	{r7, lr}
ARM GAS  C:\Users\Chuck\AppData\Local\Temp\ccGS6mi1.s 			page 2


  36              		.cfi_def_cfa_offset 8
  37              		.cfi_offset 7, -8
  38              		.cfi_offset 14, -4
  39 0002 00AF     		add	r7, sp, #0
  40              		.cfi_def_cfa_register 7
  23:.\ros_lib/SysTimer.cpp ****     ++SysTimer::millis_;
  41              		.loc 1 23 0
  42 0004 034B     		ldr	r3, .L2
  43 0006 1B68     		ldr	r3, [r3]
  44 0008 5A1C     		add	r2, r3, #1
  45 000a 024B     		ldr	r3, .L2
  46 000c 1A60     		str	r2, [r3]
  24:.\ros_lib/SysTimer.cpp **** } ;
  47              		.loc 1 24 0
  48 000e BD46     		mov	sp, r7
  49              		@ sp needed
  50 0010 80BD     		pop	{r7, pc}
  51              	.L3:
  52 0012 C046     		.align	2
  53              	.L2:
  54 0014 00000000 		.word	_ZN8SysTimer7millis_E
  55              		.cfi_endproc
  56              	.LFE125:
  57              		.size	_Z11SysTick_ISRv, .-_Z11SysTick_ISRv
  58              		.section	.rodata
  59              		.align	2
  60              		.type	_ZN14rosserial_msgsL12REQUESTPARAME, %object
  61              		.size	_ZN14rosserial_msgsL12REQUESTPARAME, 28
  62              	_ZN14rosserial_msgsL12REQUESTPARAME:
  63 0000 726F7373 		.ascii	"rosserial_msgs/RequestParam\000"
  63      65726961 
  63      6C5F6D73 
  63      67732F52 
  63      65717565 
  64              		.text
  65              	.Letext0:
  66              		.file 2 "c:\\program files (x86)\\cypress\\psoc creator\\3.3\\psoc creator\\import\\gnu\\arm\\4.9.
  67              		.file 3 "c:\\program files (x86)\\cypress\\psoc creator\\3.3\\psoc creator\\import\\gnu\\arm\\4.9.
  68              		.file 4 "./ros_lib/ros/msg.h"
  69              		.file 5 "./ros_lib/rosserial_msgs/TopicInfo.h"
  70              		.file 6 "./ros_lib/rosserial_msgs/RequestParam.h"
  71              		.file 7 ".\\ros_lib\\Uarts.h"
  72              		.file 8 ".\\ros_lib\\ros/node_handle.h"
  73              		.file 9 ".\\ros_lib\\SysTimer.h"
  74              		.file 10 "./ros_lib/std_msgs/Time.h"
  75              		.section	.debug_info,"",%progbits
  76              	.Ldebug_info0:
  77 0000 66040000 		.4byte	0x466
  78 0004 0400     		.2byte	0x4
  79 0006 00000000 		.4byte	.Ldebug_abbrev0
  80 000a 04       		.byte	0x4
  81 000b 01       		.uleb128 0x1
  82 000c 65020000 		.4byte	.LASF46
  83 0010 04       		.byte	0x4
  84 0011 D3000000 		.4byte	.LASF47
  85 0015 AE010000 		.4byte	.LASF48
  86 0019 00000000 		.4byte	.Ldebug_ranges0+0
ARM GAS  C:\Users\Chuck\AppData\Local\Temp\ccGS6mi1.s 			page 3


  87 001d 00000000 		.4byte	0
  88 0021 00000000 		.4byte	.Ldebug_line0
  89 0025 02       		.uleb128 0x2
  90 0026 01       		.byte	0x1
  91 0027 06       		.byte	0x6
  92 0028 87000000 		.4byte	.LASF0
  93 002c 03       		.uleb128 0x3
  94 002d 15000000 		.4byte	.LASF3
  95 0031 02       		.byte	0x2
  96 0032 1D       		.byte	0x1d
  97 0033 37000000 		.4byte	0x37
  98 0037 02       		.uleb128 0x2
  99 0038 01       		.byte	0x1
 100 0039 08       		.byte	0x8
 101 003a BB030000 		.4byte	.LASF1
 102 003e 02       		.uleb128 0x2
 103 003f 02       		.byte	0x2
 104 0040 05       		.byte	0x5
 105 0041 C9030000 		.4byte	.LASF2
 106 0045 03       		.uleb128 0x3
 107 0046 50040000 		.4byte	.LASF4
 108 004a 02       		.byte	0x2
 109 004b 2B       		.byte	0x2b
 110 004c 50000000 		.4byte	0x50
 111 0050 02       		.uleb128 0x2
 112 0051 02       		.byte	0x2
 113 0052 07       		.byte	0x7
 114 0053 45010000 		.4byte	.LASF5
 115 0057 03       		.uleb128 0x3
 116 0058 5B040000 		.4byte	.LASF6
 117 005c 02       		.byte	0x2
 118 005d 3F       		.byte	0x3f
 119 005e 62000000 		.4byte	0x62
 120 0062 02       		.uleb128 0x2
 121 0063 04       		.byte	0x4
 122 0064 05       		.byte	0x5
 123 0065 A8000000 		.4byte	.LASF7
 124 0069 03       		.uleb128 0x3
 125 006a C1000000 		.4byte	.LASF8
 126 006e 02       		.byte	0x2
 127 006f 41       		.byte	0x41
 128 0070 74000000 		.4byte	0x74
 129 0074 02       		.uleb128 0x2
 130 0075 04       		.byte	0x4
 131 0076 07       		.byte	0x7
 132 0077 21010000 		.4byte	.LASF9
 133 007b 02       		.uleb128 0x2
 134 007c 08       		.byte	0x8
 135 007d 05       		.byte	0x5
 136 007e 79000000 		.4byte	.LASF10
 137 0082 02       		.uleb128 0x2
 138 0083 08       		.byte	0x8
 139 0084 07       		.byte	0x7
 140 0085 40000000 		.4byte	.LASF11
 141 0089 04       		.uleb128 0x4
 142 008a 04       		.byte	0x4
 143 008b 05       		.byte	0x5
ARM GAS  C:\Users\Chuck\AppData\Local\Temp\ccGS6mi1.s 			page 4


 144 008c 696E7400 		.ascii	"int\000"
 145 0090 02       		.uleb128 0x2
 146 0091 04       		.byte	0x4
 147 0092 07       		.byte	0x7
 148 0093 14010000 		.4byte	.LASF12
 149 0097 03       		.uleb128 0x3
 150 0098 AE040000 		.4byte	.LASF13
 151 009c 03       		.byte	0x3
 152 009d 15       		.byte	0x15
 153 009e 2C000000 		.4byte	0x2c
 154 00a2 03       		.uleb128 0x3
 155 00a3 B1000000 		.4byte	.LASF14
 156 00a7 03       		.byte	0x3
 157 00a8 21       		.byte	0x21
 158 00a9 45000000 		.4byte	0x45
 159 00ad 03       		.uleb128 0x3
 160 00ae B3030000 		.4byte	.LASF15
 161 00b2 03       		.byte	0x3
 162 00b3 2C       		.byte	0x2c
 163 00b4 57000000 		.4byte	0x57
 164 00b8 03       		.uleb128 0x3
 165 00b9 10040000 		.4byte	.LASF16
 166 00bd 03       		.byte	0x3
 167 00be 2D       		.byte	0x2d
 168 00bf 69000000 		.4byte	0x69
 169 00c3 02       		.uleb128 0x2
 170 00c4 04       		.byte	0x4
 171 00c5 07       		.byte	0x7
 172 00c6 D4010000 		.4byte	.LASF17
 173 00ca 05       		.uleb128 0x5
 174 00cb 04       		.byte	0x4
 175 00cc 37000000 		.4byte	0x37
 176 00d0 02       		.uleb128 0x2
 177 00d1 01       		.byte	0x1
 178 00d2 08       		.byte	0x8
 179 00d3 4B040000 		.4byte	.LASF18
 180 00d7 05       		.uleb128 0x5
 181 00d8 04       		.byte	0x4
 182 00d9 DD000000 		.4byte	0xdd
 183 00dd 06       		.uleb128 0x6
 184 00de D0000000 		.4byte	0xd0
 185 00e2 02       		.uleb128 0x2
 186 00e3 08       		.byte	0x8
 187 00e4 04       		.byte	0x4
 188 00e5 BA000000 		.4byte	.LASF19
 189 00e9 02       		.uleb128 0x2
 190 00ea 04       		.byte	0x4
 191 00eb 04       		.byte	0x4
 192 00ec 42030000 		.4byte	.LASF20
 193 00f0 02       		.uleb128 0x2
 194 00f1 08       		.byte	0x8
 195 00f2 04       		.byte	0x4
 196 00f3 F9010000 		.4byte	.LASF21
 197 00f7 07       		.uleb128 0x7
 198 00f8 726F7300 		.ascii	"ros\000"
 199 00fc 04       		.byte	0x4
 200 00fd 28       		.byte	0x28
ARM GAS  C:\Users\Chuck\AppData\Local\Temp\ccGS6mi1.s 			page 5


 201 00fe 3C020000 		.4byte	0x23c
 202 0102 08       		.uleb128 0x8
 203 0103 4D736700 		.ascii	"Msg\000"
 204 0107 04       		.byte	0x4
 205 0108 04       		.byte	0x4
 206 0109 2B       		.byte	0x2b
 207 010a 02010000 		.4byte	0x102
 208 010e 2F020000 		.4byte	0x22f
 209 0112 09       		.uleb128 0x9
 210 0113 FB030000 		.4byte	.LASF49
 211 0117 F8030000 		.4byte	0x3f8
 212 011b 00       		.byte	0
 213 011c 01       		.byte	0x1
 214 011d 0A       		.uleb128 0xa
 215 011e 4D736700 		.ascii	"Msg\000"
 216 0122 8D030000 		.4byte	0x38d
 217 0126 01       		.byte	0x1
 218 0127 2F010000 		.4byte	0x12f
 219 012b 3A010000 		.4byte	0x13a
 220 012f 0B       		.uleb128 0xb
 221 0130 8D030000 		.4byte	0x38d
 222 0134 0C       		.uleb128 0xc
 223 0135 99030000 		.4byte	0x399
 224 0139 00       		.byte	0
 225 013a 0A       		.uleb128 0xa
 226 013b 4D736700 		.ascii	"Msg\000"
 227 013f 8D030000 		.4byte	0x38d
 228 0143 01       		.byte	0x1
 229 0144 4C010000 		.4byte	0x14c
 230 0148 52010000 		.4byte	0x152
 231 014c 0B       		.uleb128 0xb
 232 014d 8D030000 		.4byte	0x38d
 233 0151 00       		.byte	0
 234 0152 0D       		.uleb128 0xd
 235 0153 3B010000 		.4byte	.LASF22
 236 0157 04       		.byte	0x4
 237 0158 2E       		.byte	0x2e
 238 0159 57000000 		.4byte	.LASF24
 239 015d 89000000 		.4byte	0x89
 240 0161 01       		.byte	0x1
 241 0162 02       		.uleb128 0x2
 242 0163 10       		.byte	0x10
 243 0164 00       		.uleb128 0
 244 0165 02010000 		.4byte	0x102
 245 0169 01       		.byte	0x1
 246 016a 72010000 		.4byte	0x172
 247 016e 7D010000 		.4byte	0x17d
 248 0172 0B       		.uleb128 0xb
 249 0173 93030000 		.4byte	0x393
 250 0177 0C       		.uleb128 0xc
 251 0178 CA000000 		.4byte	0xca
 252 017c 00       		.byte	0
 253 017d 0D       		.uleb128 0xd
 254 017e 59020000 		.4byte	.LASF23
 255 0182 04       		.byte	0x4
 256 0183 2F       		.byte	0x2f
 257 0184 DD010000 		.4byte	.LASF25
ARM GAS  C:\Users\Chuck\AppData\Local\Temp\ccGS6mi1.s 			page 6


 258 0188 89000000 		.4byte	0x89
 259 018c 01       		.byte	0x1
 260 018d 02       		.uleb128 0x2
 261 018e 10       		.byte	0x10
 262 018f 01       		.uleb128 0x1
 263 0190 02010000 		.4byte	0x102
 264 0194 01       		.byte	0x1
 265 0195 9D010000 		.4byte	0x19d
 266 0199 A8010000 		.4byte	0x1a8
 267 019d 0B       		.uleb128 0xb
 268 019e 8D030000 		.4byte	0x38d
 269 01a2 0C       		.uleb128 0xc
 270 01a3 CA000000 		.4byte	0xca
 271 01a7 00       		.byte	0
 272 01a8 0D       		.uleb128 0xd
 273 01a9 33010000 		.4byte	.LASF26
 274 01ad 04       		.byte	0x4
 275 01ae 30       		.byte	0x30
 276 01af B6040000 		.4byte	.LASF27
 277 01b3 D7000000 		.4byte	0xd7
 278 01b7 01       		.byte	0x1
 279 01b8 02       		.uleb128 0x2
 280 01b9 10       		.byte	0x10
 281 01ba 02       		.uleb128 0x2
 282 01bb 02010000 		.4byte	0x102
 283 01bf 01       		.byte	0x1
 284 01c0 C8010000 		.4byte	0x1c8
 285 01c4 CE010000 		.4byte	0x1ce
 286 01c8 0B       		.uleb128 0xb
 287 01c9 8D030000 		.4byte	0x38d
 288 01cd 00       		.byte	0
 289 01ce 0D       		.uleb128 0xd
 290 01cf 93000000 		.4byte	.LASF28
 291 01d3 04       		.byte	0x4
 292 01d4 31       		.byte	0x31
 293 01d5 00000000 		.4byte	.LASF29
 294 01d9 D7000000 		.4byte	0xd7
 295 01dd 01       		.byte	0x1
 296 01de 02       		.uleb128 0x2
 297 01df 10       		.byte	0x10
 298 01e0 03       		.uleb128 0x3
 299 01e1 02010000 		.4byte	0x102
 300 01e5 01       		.byte	0x1
 301 01e6 EE010000 		.4byte	0x1ee
 302 01ea F4010000 		.4byte	0x1f4
 303 01ee 0B       		.uleb128 0xb
 304 01ef 8D030000 		.4byte	0x38d
 305 01f3 00       		.byte	0
 306 01f4 0E       		.uleb128 0xe
 307 01f5 3B020000 		.4byte	.LASF40
 308 01f9 04       		.byte	0x4
 309 01fa 3E       		.byte	0x3e
 310 01fb 19040000 		.4byte	.LASF50
 311 01ff 89000000 		.4byte	0x89
 312 0203 01       		.byte	0x1
 313 0204 13020000 		.4byte	0x213
 314 0208 0C       		.uleb128 0xc
ARM GAS  C:\Users\Chuck\AppData\Local\Temp\ccGS6mi1.s 			page 7


 315 0209 CA000000 		.4byte	0xca
 316 020d 0C       		.uleb128 0xc
 317 020e E9000000 		.4byte	0xe9
 318 0212 00       		.byte	0
 319 0213 0F       		.uleb128 0xf
 320 0214 84010000 		.4byte	.LASF30
 321 0218 04       		.byte	0x4
 322 0219 64       		.byte	0x64
 323 021a 6A040000 		.4byte	.LASF51
 324 021e 89000000 		.4byte	0x89
 325 0222 01       		.byte	0x1
 326 0223 0C       		.uleb128 0xc
 327 0224 08040000 		.4byte	0x408
 328 0228 0C       		.uleb128 0xc
 329 0229 D4030000 		.4byte	0x3d4
 330 022d 00       		.byte	0
 331 022e 00       		.byte	0
 332 022f 06       		.uleb128 0x6
 333 0230 02010000 		.4byte	0x102
 334 0234 10       		.uleb128 0x10
 335 0235 08       		.byte	0x8
 336 0236 5E       		.byte	0x5e
 337 0237 47020000 		.4byte	0x247
 338 023b 00       		.byte	0
 339 023c 11       		.uleb128 0x11
 340 023d 9F040000 		.4byte	.LASF31
 341 0241 05       		.byte	0x5
 342 0242 0A       		.byte	0xa
 343 0243 8D030000 		.4byte	0x38d
 344 0247 12       		.uleb128 0x12
 345 0248 4F020000 		.4byte	.LASF32
 346 024c 18       		.byte	0x18
 347 024d 05       		.byte	0x5
 348 024e 0C       		.byte	0xc
 349 024f 02010000 		.4byte	0x102
 350 0253 78030000 		.4byte	0x378
 351 0257 13       		.uleb128 0x13
 352 0258 01       		.byte	0x1
 353 0259 05       		.byte	0x5
 354 025a 14       		.byte	0x14
 355 025b 01       		.byte	0x1
 356 025c 67020000 		.4byte	0x267
 357 0260 14       		.uleb128 0x14
 358 0261 3E040000 		.4byte	.LASF33
 359 0265 00       		.sleb128 0
 360 0266 00       		.byte	0
 361 0267 13       		.uleb128 0x13
 362 0268 01       		.byte	0x1
 363 0269 05       		.byte	0x5
 364 026a 15       		.byte	0x15
 365 026b 01       		.byte	0x1
 366 026c 77020000 		.4byte	0x277
 367 0270 14       		.uleb128 0x14
 368 0271 9A000000 		.4byte	.LASF34
 369 0275 01       		.sleb128 1
 370 0276 00       		.byte	0
 371 0277 15       		.uleb128 0x15
ARM GAS  C:\Users\Chuck\AppData\Local\Temp\ccGS6mi1.s 			page 8


 372 0278 02010000 		.4byte	0x102
 373 027c 00       		.byte	0
 374 027d 01       		.byte	0x1
 375 027e 16       		.uleb128 0x16
 376 027f 0B010000 		.4byte	.LASF35
 377 0283 05       		.byte	0x5
 378 0284 0F       		.byte	0xf
 379 0285 A2000000 		.4byte	0xa2
 380 0289 04       		.byte	0x4
 381 028a 01       		.byte	0x1
 382 028b 16       		.uleb128 0x16
 383 028c 05040000 		.4byte	.LASF36
 384 0290 05       		.byte	0x5
 385 0291 10       		.byte	0x10
 386 0292 D7000000 		.4byte	0xd7
 387 0296 08       		.byte	0x8
 388 0297 01       		.byte	0x1
 389 0298 16       		.uleb128 0x16
 390 0299 9A010000 		.4byte	.LASF37
 391 029d 05       		.byte	0x5
 392 029e 11       		.byte	0x11
 393 029f D7000000 		.4byte	0xd7
 394 02a3 0C       		.byte	0xc
 395 02a4 01       		.byte	0x1
 396 02a5 16       		.uleb128 0x16
 397 02a6 A7010000 		.4byte	.LASF38
 398 02aa 05       		.byte	0x5
 399 02ab 12       		.byte	0x12
 400 02ac D7000000 		.4byte	0xd7
 401 02b0 10       		.byte	0x10
 402 02b1 01       		.byte	0x1
 403 02b2 16       		.uleb128 0x16
 404 02b3 93040000 		.4byte	.LASF39
 405 02b7 05       		.byte	0x5
 406 02b8 13       		.byte	0x13
 407 02b9 AD000000 		.4byte	0xad
 408 02bd 14       		.byte	0x14
 409 02be 01       		.byte	0x1
 410 02bf 17       		.uleb128 0x17
 411 02c0 4F020000 		.4byte	.LASF32
 412 02c4 05       		.byte	0x5
 413 02c5 1D       		.byte	0x1d
 414 02c6 DA030000 		.4byte	0x3da
 415 02ca 01       		.byte	0x1
 416 02cb D3020000 		.4byte	0x2d3
 417 02cf D9020000 		.4byte	0x2d9
 418 02d3 0B       		.uleb128 0xb
 419 02d4 DA030000 		.4byte	0x3da
 420 02d8 00       		.byte	0
 421 02d9 0D       		.uleb128 0xd
 422 02da 3B010000 		.4byte	.LASF22
 423 02de 05       		.byte	0x5
 424 02df 26       		.byte	0x26
 425 02e0 58010000 		.4byte	.LASF41
 426 02e4 89000000 		.4byte	0x89
 427 02e8 01       		.byte	0x1
 428 02e9 02       		.uleb128 0x2
ARM GAS  C:\Users\Chuck\AppData\Local\Temp\ccGS6mi1.s 			page 9


 429 02ea 10       		.byte	0x10
 430 02eb 00       		.uleb128 0
 431 02ec 47020000 		.4byte	0x247
 432 02f0 01       		.byte	0x1
 433 02f1 F9020000 		.4byte	0x2f9
 434 02f5 04030000 		.4byte	0x304
 435 02f9 0B       		.uleb128 0xb
 436 02fa E0030000 		.4byte	0x3e0
 437 02fe 0C       		.uleb128 0xc
 438 02ff CA000000 		.4byte	0xca
 439 0303 00       		.byte	0
 440 0304 0D       		.uleb128 0xd
 441 0305 59020000 		.4byte	.LASF23
 442 0309 05       		.byte	0x5
 443 030a 4A       		.byte	0x4a
 444 030b 5E030000 		.4byte	.LASF42
 445 030f 89000000 		.4byte	0x89
 446 0313 01       		.byte	0x1
 447 0314 02       		.uleb128 0x2
 448 0315 10       		.byte	0x10
 449 0316 01       		.uleb128 0x1
 450 0317 47020000 		.4byte	0x247
 451 031b 01       		.byte	0x1
 452 031c 24030000 		.4byte	0x324
 453 0320 2F030000 		.4byte	0x32f
 454 0324 0B       		.uleb128 0xb
 455 0325 DA030000 		.4byte	0x3da
 456 0329 0C       		.uleb128 0xc
 457 032a CA000000 		.4byte	0xca
 458 032e 00       		.byte	0
 459 032f 0D       		.uleb128 0xd
 460 0330 33010000 		.4byte	.LASF26
 461 0334 05       		.byte	0x5
 462 0335 7B       		.byte	0x7b
 463 0336 D3030000 		.4byte	.LASF43
 464 033a D7000000 		.4byte	0xd7
 465 033e 01       		.byte	0x1
 466 033f 02       		.uleb128 0x2
 467 0340 10       		.byte	0x10
 468 0341 02       		.uleb128 0x2
 469 0342 47020000 		.4byte	0x247
 470 0346 01       		.byte	0x1
 471 0347 4F030000 		.4byte	0x34f
 472 034b 55030000 		.4byte	0x355
 473 034f 0B       		.uleb128 0xb
 474 0350 DA030000 		.4byte	0x3da
 475 0354 00       		.byte	0
 476 0355 18       		.uleb128 0x18
 477 0356 93000000 		.4byte	.LASF28
 478 035a 05       		.byte	0x5
 479 035b 7C       		.byte	0x7c
 480 035c 8C030000 		.4byte	.LASF52
 481 0360 D7000000 		.4byte	0xd7
 482 0364 01       		.byte	0x1
 483 0365 02       		.uleb128 0x2
 484 0366 10       		.byte	0x10
 485 0367 03       		.uleb128 0x3
ARM GAS  C:\Users\Chuck\AppData\Local\Temp\ccGS6mi1.s 			page 10


 486 0368 47020000 		.4byte	0x247
 487 036c 01       		.byte	0x1
 488 036d 71030000 		.4byte	0x371
 489 0371 0B       		.uleb128 0xb
 490 0372 DA030000 		.4byte	0x3da
 491 0376 00       		.byte	0
 492 0377 00       		.byte	0
 493 0378 06       		.uleb128 0x6
 494 0379 47020000 		.4byte	0x247
 495 037d 19       		.uleb128 0x19
 496 037e 51030000 		.4byte	.LASF44
 497 0382 06       		.byte	0x6
 498 0383 0B       		.byte	0xb
 499 0384 48040000 		.4byte	0x448
 500 0388 1F000000 		.4byte	.LASF53
 501 038c 00       		.byte	0
 502 038d 05       		.uleb128 0x5
 503 038e 04       		.byte	0x4
 504 038f 02010000 		.4byte	0x102
 505 0393 05       		.uleb128 0x5
 506 0394 04       		.byte	0x4
 507 0395 2F020000 		.4byte	0x22f
 508 0399 1A       		.uleb128 0x1a
 509 039a 04       		.byte	0x4
 510 039b 2F020000 		.4byte	0x22f
 511 039f 1B       		.uleb128 0x1b
 512 03a0 D2040000 		.4byte	.LASF54
 513 03a4 01       		.byte	0x1
 514 03a5 09       		.byte	0x9
 515 03a6 23       		.byte	0x23
 516 03a7 D4030000 		.4byte	0x3d4
 517 03ab 1C       		.uleb128 0x1c
 518 03ac 71000000 		.4byte	.LASF55
 519 03b0 09       		.byte	0x9
 520 03b1 2F       		.byte	0x2f
 521 03b2 B8000000 		.4byte	0xb8
 522 03b6 01       		.byte	0x1
 523 03b7 1D       		.uleb128 0x1d
 524 03b8 3B000000 		.4byte	.LASF56
 525 03bc 09       		.byte	0x9
 526 03bd 26       		.byte	0x26
 527 03be 27020000 		.4byte	.LASF57
 528 03c2 01       		.byte	0x1
 529 03c3 1E       		.uleb128 0x1e
 530 03c4 CC000000 		.4byte	.LASF58
 531 03c8 09       		.byte	0x9
 532 03c9 2D       		.byte	0x2d
 533 03ca 05020000 		.4byte	.LASF59
 534 03ce B8000000 		.4byte	0xb8
 535 03d2 01       		.byte	0x1
 536 03d3 00       		.byte	0
 537 03d4 05       		.uleb128 0x5
 538 03d5 04       		.byte	0x4
 539 03d6 E9000000 		.4byte	0xe9
 540 03da 05       		.uleb128 0x5
 541 03db 04       		.byte	0x4
 542 03dc 47020000 		.4byte	0x247
ARM GAS  C:\Users\Chuck\AppData\Local\Temp\ccGS6mi1.s 			page 11


 543 03e0 05       		.uleb128 0x5
 544 03e1 04       		.byte	0x4
 545 03e2 78030000 		.4byte	0x378
 546 03e6 1F       		.uleb128 0x1f
 547 03e7 48030000 		.4byte	.LASF60
 548 03eb 0A       		.byte	0xa
 549 03ec 0B       		.byte	0xb
 550 03ed 20       		.uleb128 0x20
 551 03ee 89000000 		.4byte	0x89
 552 03f2 F8030000 		.4byte	0x3f8
 553 03f6 21       		.uleb128 0x21
 554 03f7 00       		.byte	0
 555 03f8 05       		.uleb128 0x5
 556 03f9 04       		.byte	0x4
 557 03fa FE030000 		.4byte	0x3fe
 558 03fe 22       		.uleb128 0x22
 559 03ff 04       		.byte	0x4
 560 0400 FB000000 		.4byte	.LASF61
 561 0404 ED030000 		.4byte	0x3ed
 562 0408 05       		.uleb128 0x5
 563 0409 04       		.byte	0x4
 564 040a 0E040000 		.4byte	0x40e
 565 040e 06       		.uleb128 0x6
 566 040f 37000000 		.4byte	0x37
 567 0413 23       		.uleb128 0x23
 568 0414 1B020000 		.4byte	.LASF62
 569 0418 01       		.byte	0x1
 570 0419 15       		.byte	0x15
 571 041a EA000000 		.4byte	.LASF63
 572 041e 00000000 		.4byte	.LFB125
 573 0422 18000000 		.4byte	.LFE125-.LFB125
 574 0426 01       		.uleb128 0x1
 575 0427 9C       		.byte	0x9c
 576 0428 24       		.uleb128 0x24
 577 0429 65040000 		.4byte	.LASF64
 578 042d 25       		.uleb128 0x25
 579 042e CC040000 		.4byte	.LASF45
 580 0432 07       		.byte	0x7
 581 0433 1D       		.byte	0x1d
 582 0434 28040000 		.4byte	0x428
 583 0438 26       		.uleb128 0x26
 584 0439 D0000000 		.4byte	0xd0
 585 043d 48040000 		.4byte	0x448
 586 0441 27       		.uleb128 0x27
 587 0442 C3000000 		.4byte	0xc3
 588 0446 1B       		.byte	0x1b
 589 0447 00       		.byte	0
 590 0448 06       		.uleb128 0x6
 591 0449 38040000 		.4byte	0x438
 592 044d 28       		.uleb128 0x28
 593 044e 7D030000 		.4byte	0x37d
 594 0452 05       		.uleb128 0x5
 595 0453 03       		.byte	0x3
 596 0454 00000000 		.4byte	_ZN14rosserial_msgsL12REQUESTPARAME
 597 0458 29       		.uleb128 0x29
 598 0459 AB030000 		.4byte	0x3ab
 599 045d 01       		.byte	0x1
ARM GAS  C:\Users\Chuck\AppData\Local\Temp\ccGS6mi1.s 			page 12


 600 045e 13       		.byte	0x13
 601 045f DB040000 		.4byte	.LASF65
 602 0463 05       		.uleb128 0x5
 603 0464 03       		.byte	0x3
 604 0465 00000000 		.4byte	_ZN8SysTimer7millis_E
 605 0469 00       		.byte	0
 606              		.section	.debug_abbrev,"",%progbits
 607              	.Ldebug_abbrev0:
 608 0000 01       		.uleb128 0x1
 609 0001 11       		.uleb128 0x11
 610 0002 01       		.byte	0x1
 611 0003 25       		.uleb128 0x25
 612 0004 0E       		.uleb128 0xe
 613 0005 13       		.uleb128 0x13
 614 0006 0B       		.uleb128 0xb
 615 0007 03       		.uleb128 0x3
 616 0008 0E       		.uleb128 0xe
 617 0009 1B       		.uleb128 0x1b
 618 000a 0E       		.uleb128 0xe
 619 000b 55       		.uleb128 0x55
 620 000c 17       		.uleb128 0x17
 621 000d 11       		.uleb128 0x11
 622 000e 01       		.uleb128 0x1
 623 000f 10       		.uleb128 0x10
 624 0010 17       		.uleb128 0x17
 625 0011 00       		.byte	0
 626 0012 00       		.byte	0
 627 0013 02       		.uleb128 0x2
 628 0014 24       		.uleb128 0x24
 629 0015 00       		.byte	0
 630 0016 0B       		.uleb128 0xb
 631 0017 0B       		.uleb128 0xb
 632 0018 3E       		.uleb128 0x3e
 633 0019 0B       		.uleb128 0xb
 634 001a 03       		.uleb128 0x3
 635 001b 0E       		.uleb128 0xe
 636 001c 00       		.byte	0
 637 001d 00       		.byte	0
 638 001e 03       		.uleb128 0x3
 639 001f 16       		.uleb128 0x16
 640 0020 00       		.byte	0
 641 0021 03       		.uleb128 0x3
 642 0022 0E       		.uleb128 0xe
 643 0023 3A       		.uleb128 0x3a
 644 0024 0B       		.uleb128 0xb
 645 0025 3B       		.uleb128 0x3b
 646 0026 0B       		.uleb128 0xb
 647 0027 49       		.uleb128 0x49
 648 0028 13       		.uleb128 0x13
 649 0029 00       		.byte	0
 650 002a 00       		.byte	0
 651 002b 04       		.uleb128 0x4
 652 002c 24       		.uleb128 0x24
 653 002d 00       		.byte	0
 654 002e 0B       		.uleb128 0xb
 655 002f 0B       		.uleb128 0xb
 656 0030 3E       		.uleb128 0x3e
ARM GAS  C:\Users\Chuck\AppData\Local\Temp\ccGS6mi1.s 			page 13


 657 0031 0B       		.uleb128 0xb
 658 0032 03       		.uleb128 0x3
 659 0033 08       		.uleb128 0x8
 660 0034 00       		.byte	0
 661 0035 00       		.byte	0
 662 0036 05       		.uleb128 0x5
 663 0037 0F       		.uleb128 0xf
 664 0038 00       		.byte	0
 665 0039 0B       		.uleb128 0xb
 666 003a 0B       		.uleb128 0xb
 667 003b 49       		.uleb128 0x49
 668 003c 13       		.uleb128 0x13
 669 003d 00       		.byte	0
 670 003e 00       		.byte	0
 671 003f 06       		.uleb128 0x6
 672 0040 26       		.uleb128 0x26
 673 0041 00       		.byte	0
 674 0042 49       		.uleb128 0x49
 675 0043 13       		.uleb128 0x13
 676 0044 00       		.byte	0
 677 0045 00       		.byte	0
 678 0046 07       		.uleb128 0x7
 679 0047 39       		.uleb128 0x39
 680 0048 01       		.byte	0x1
 681 0049 03       		.uleb128 0x3
 682 004a 08       		.uleb128 0x8
 683 004b 3A       		.uleb128 0x3a
 684 004c 0B       		.uleb128 0xb
 685 004d 3B       		.uleb128 0x3b
 686 004e 0B       		.uleb128 0xb
 687 004f 01       		.uleb128 0x1
 688 0050 13       		.uleb128 0x13
 689 0051 00       		.byte	0
 690 0052 00       		.byte	0
 691 0053 08       		.uleb128 0x8
 692 0054 02       		.uleb128 0x2
 693 0055 01       		.byte	0x1
 694 0056 03       		.uleb128 0x3
 695 0057 08       		.uleb128 0x8
 696 0058 0B       		.uleb128 0xb
 697 0059 0B       		.uleb128 0xb
 698 005a 3A       		.uleb128 0x3a
 699 005b 0B       		.uleb128 0xb
 700 005c 3B       		.uleb128 0x3b
 701 005d 0B       		.uleb128 0xb
 702 005e 1D       		.uleb128 0x1d
 703 005f 13       		.uleb128 0x13
 704 0060 01       		.uleb128 0x1
 705 0061 13       		.uleb128 0x13
 706 0062 00       		.byte	0
 707 0063 00       		.byte	0
 708 0064 09       		.uleb128 0x9
 709 0065 0D       		.uleb128 0xd
 710 0066 00       		.byte	0
 711 0067 03       		.uleb128 0x3
 712 0068 0E       		.uleb128 0xe
 713 0069 49       		.uleb128 0x49
ARM GAS  C:\Users\Chuck\AppData\Local\Temp\ccGS6mi1.s 			page 14


 714 006a 13       		.uleb128 0x13
 715 006b 38       		.uleb128 0x38
 716 006c 0B       		.uleb128 0xb
 717 006d 34       		.uleb128 0x34
 718 006e 19       		.uleb128 0x19
 719 006f 32       		.uleb128 0x32
 720 0070 0B       		.uleb128 0xb
 721 0071 00       		.byte	0
 722 0072 00       		.byte	0
 723 0073 0A       		.uleb128 0xa
 724 0074 2E       		.uleb128 0x2e
 725 0075 01       		.byte	0x1
 726 0076 3F       		.uleb128 0x3f
 727 0077 19       		.uleb128 0x19
 728 0078 03       		.uleb128 0x3
 729 0079 08       		.uleb128 0x8
 730 007a 49       		.uleb128 0x49
 731 007b 13       		.uleb128 0x13
 732 007c 34       		.uleb128 0x34
 733 007d 19       		.uleb128 0x19
 734 007e 32       		.uleb128 0x32
 735 007f 0B       		.uleb128 0xb
 736 0080 3C       		.uleb128 0x3c
 737 0081 19       		.uleb128 0x19
 738 0082 64       		.uleb128 0x64
 739 0083 13       		.uleb128 0x13
 740 0084 01       		.uleb128 0x1
 741 0085 13       		.uleb128 0x13
 742 0086 00       		.byte	0
 743 0087 00       		.byte	0
 744 0088 0B       		.uleb128 0xb
 745 0089 05       		.uleb128 0x5
 746 008a 00       		.byte	0
 747 008b 49       		.uleb128 0x49
 748 008c 13       		.uleb128 0x13
 749 008d 34       		.uleb128 0x34
 750 008e 19       		.uleb128 0x19
 751 008f 00       		.byte	0
 752 0090 00       		.byte	0
 753 0091 0C       		.uleb128 0xc
 754 0092 05       		.uleb128 0x5
 755 0093 00       		.byte	0
 756 0094 49       		.uleb128 0x49
 757 0095 13       		.uleb128 0x13
 758 0096 00       		.byte	0
 759 0097 00       		.byte	0
 760 0098 0D       		.uleb128 0xd
 761 0099 2E       		.uleb128 0x2e
 762 009a 01       		.byte	0x1
 763 009b 3F       		.uleb128 0x3f
 764 009c 19       		.uleb128 0x19
 765 009d 03       		.uleb128 0x3
 766 009e 0E       		.uleb128 0xe
 767 009f 3A       		.uleb128 0x3a
 768 00a0 0B       		.uleb128 0xb
 769 00a1 3B       		.uleb128 0x3b
 770 00a2 0B       		.uleb128 0xb
ARM GAS  C:\Users\Chuck\AppData\Local\Temp\ccGS6mi1.s 			page 15


 771 00a3 6E       		.uleb128 0x6e
 772 00a4 0E       		.uleb128 0xe
 773 00a5 49       		.uleb128 0x49
 774 00a6 13       		.uleb128 0x13
 775 00a7 4C       		.uleb128 0x4c
 776 00a8 0B       		.uleb128 0xb
 777 00a9 4D       		.uleb128 0x4d
 778 00aa 18       		.uleb128 0x18
 779 00ab 1D       		.uleb128 0x1d
 780 00ac 13       		.uleb128 0x13
 781 00ad 32       		.uleb128 0x32
 782 00ae 0B       		.uleb128 0xb
 783 00af 3C       		.uleb128 0x3c
 784 00b0 19       		.uleb128 0x19
 785 00b1 64       		.uleb128 0x64
 786 00b2 13       		.uleb128 0x13
 787 00b3 01       		.uleb128 0x1
 788 00b4 13       		.uleb128 0x13
 789 00b5 00       		.byte	0
 790 00b6 00       		.byte	0
 791 00b7 0E       		.uleb128 0xe
 792 00b8 2E       		.uleb128 0x2e
 793 00b9 01       		.byte	0x1
 794 00ba 3F       		.uleb128 0x3f
 795 00bb 19       		.uleb128 0x19
 796 00bc 03       		.uleb128 0x3
 797 00bd 0E       		.uleb128 0xe
 798 00be 3A       		.uleb128 0x3a
 799 00bf 0B       		.uleb128 0xb
 800 00c0 3B       		.uleb128 0x3b
 801 00c1 0B       		.uleb128 0xb
 802 00c2 6E       		.uleb128 0x6e
 803 00c3 0E       		.uleb128 0xe
 804 00c4 49       		.uleb128 0x49
 805 00c5 13       		.uleb128 0x13
 806 00c6 32       		.uleb128 0x32
 807 00c7 0B       		.uleb128 0xb
 808 00c8 3C       		.uleb128 0x3c
 809 00c9 19       		.uleb128 0x19
 810 00ca 01       		.uleb128 0x1
 811 00cb 13       		.uleb128 0x13
 812 00cc 00       		.byte	0
 813 00cd 00       		.byte	0
 814 00ce 0F       		.uleb128 0xf
 815 00cf 2E       		.uleb128 0x2e
 816 00d0 01       		.byte	0x1
 817 00d1 3F       		.uleb128 0x3f
 818 00d2 19       		.uleb128 0x19
 819 00d3 03       		.uleb128 0x3
 820 00d4 0E       		.uleb128 0xe
 821 00d5 3A       		.uleb128 0x3a
 822 00d6 0B       		.uleb128 0xb
 823 00d7 3B       		.uleb128 0x3b
 824 00d8 0B       		.uleb128 0xb
 825 00d9 6E       		.uleb128 0x6e
 826 00da 0E       		.uleb128 0xe
 827 00db 49       		.uleb128 0x49
ARM GAS  C:\Users\Chuck\AppData\Local\Temp\ccGS6mi1.s 			page 16


 828 00dc 13       		.uleb128 0x13
 829 00dd 32       		.uleb128 0x32
 830 00de 0B       		.uleb128 0xb
 831 00df 3C       		.uleb128 0x3c
 832 00e0 19       		.uleb128 0x19
 833 00e1 00       		.byte	0
 834 00e2 00       		.byte	0
 835 00e3 10       		.uleb128 0x10
 836 00e4 08       		.uleb128 0x8
 837 00e5 00       		.byte	0
 838 00e6 3A       		.uleb128 0x3a
 839 00e7 0B       		.uleb128 0xb
 840 00e8 3B       		.uleb128 0x3b
 841 00e9 0B       		.uleb128 0xb
 842 00ea 18       		.uleb128 0x18
 843 00eb 13       		.uleb128 0x13
 844 00ec 00       		.byte	0
 845 00ed 00       		.byte	0
 846 00ee 11       		.uleb128 0x11
 847 00ef 39       		.uleb128 0x39
 848 00f0 01       		.byte	0x1
 849 00f1 03       		.uleb128 0x3
 850 00f2 0E       		.uleb128 0xe
 851 00f3 3A       		.uleb128 0x3a
 852 00f4 0B       		.uleb128 0xb
 853 00f5 3B       		.uleb128 0x3b
 854 00f6 0B       		.uleb128 0xb
 855 00f7 01       		.uleb128 0x1
 856 00f8 13       		.uleb128 0x13
 857 00f9 00       		.byte	0
 858 00fa 00       		.byte	0
 859 00fb 12       		.uleb128 0x12
 860 00fc 02       		.uleb128 0x2
 861 00fd 01       		.byte	0x1
 862 00fe 03       		.uleb128 0x3
 863 00ff 0E       		.uleb128 0xe
 864 0100 0B       		.uleb128 0xb
 865 0101 0B       		.uleb128 0xb
 866 0102 3A       		.uleb128 0x3a
 867 0103 0B       		.uleb128 0xb
 868 0104 3B       		.uleb128 0x3b
 869 0105 0B       		.uleb128 0xb
 870 0106 1D       		.uleb128 0x1d
 871 0107 13       		.uleb128 0x13
 872 0108 01       		.uleb128 0x1
 873 0109 13       		.uleb128 0x13
 874 010a 00       		.byte	0
 875 010b 00       		.byte	0
 876 010c 13       		.uleb128 0x13
 877 010d 04       		.uleb128 0x4
 878 010e 01       		.byte	0x1
 879 010f 0B       		.uleb128 0xb
 880 0110 0B       		.uleb128 0xb
 881 0111 3A       		.uleb128 0x3a
 882 0112 0B       		.uleb128 0xb
 883 0113 3B       		.uleb128 0x3b
 884 0114 0B       		.uleb128 0xb
ARM GAS  C:\Users\Chuck\AppData\Local\Temp\ccGS6mi1.s 			page 17


 885 0115 32       		.uleb128 0x32
 886 0116 0B       		.uleb128 0xb
 887 0117 01       		.uleb128 0x1
 888 0118 13       		.uleb128 0x13
 889 0119 00       		.byte	0
 890 011a 00       		.byte	0
 891 011b 14       		.uleb128 0x14
 892 011c 28       		.uleb128 0x28
 893 011d 00       		.byte	0
 894 011e 03       		.uleb128 0x3
 895 011f 0E       		.uleb128 0xe
 896 0120 1C       		.uleb128 0x1c
 897 0121 0D       		.uleb128 0xd
 898 0122 00       		.byte	0
 899 0123 00       		.byte	0
 900 0124 15       		.uleb128 0x15
 901 0125 1C       		.uleb128 0x1c
 902 0126 00       		.byte	0
 903 0127 49       		.uleb128 0x49
 904 0128 13       		.uleb128 0x13
 905 0129 38       		.uleb128 0x38
 906 012a 0B       		.uleb128 0xb
 907 012b 32       		.uleb128 0x32
 908 012c 0B       		.uleb128 0xb
 909 012d 00       		.byte	0
 910 012e 00       		.byte	0
 911 012f 16       		.uleb128 0x16
 912 0130 0D       		.uleb128 0xd
 913 0131 00       		.byte	0
 914 0132 03       		.uleb128 0x3
 915 0133 0E       		.uleb128 0xe
 916 0134 3A       		.uleb128 0x3a
 917 0135 0B       		.uleb128 0xb
 918 0136 3B       		.uleb128 0x3b
 919 0137 0B       		.uleb128 0xb
 920 0138 49       		.uleb128 0x49
 921 0139 13       		.uleb128 0x13
 922 013a 38       		.uleb128 0x38
 923 013b 0B       		.uleb128 0xb
 924 013c 32       		.uleb128 0x32
 925 013d 0B       		.uleb128 0xb
 926 013e 00       		.byte	0
 927 013f 00       		.byte	0
 928 0140 17       		.uleb128 0x17
 929 0141 2E       		.uleb128 0x2e
 930 0142 01       		.byte	0x1
 931 0143 3F       		.uleb128 0x3f
 932 0144 19       		.uleb128 0x19
 933 0145 03       		.uleb128 0x3
 934 0146 0E       		.uleb128 0xe
 935 0147 3A       		.uleb128 0x3a
 936 0148 0B       		.uleb128 0xb
 937 0149 3B       		.uleb128 0x3b
 938 014a 0B       		.uleb128 0xb
 939 014b 49       		.uleb128 0x49
 940 014c 13       		.uleb128 0x13
 941 014d 32       		.uleb128 0x32
ARM GAS  C:\Users\Chuck\AppData\Local\Temp\ccGS6mi1.s 			page 18


 942 014e 0B       		.uleb128 0xb
 943 014f 3C       		.uleb128 0x3c
 944 0150 19       		.uleb128 0x19
 945 0151 64       		.uleb128 0x64
 946 0152 13       		.uleb128 0x13
 947 0153 01       		.uleb128 0x1
 948 0154 13       		.uleb128 0x13
 949 0155 00       		.byte	0
 950 0156 00       		.byte	0
 951 0157 18       		.uleb128 0x18
 952 0158 2E       		.uleb128 0x2e
 953 0159 01       		.byte	0x1
 954 015a 3F       		.uleb128 0x3f
 955 015b 19       		.uleb128 0x19
 956 015c 03       		.uleb128 0x3
 957 015d 0E       		.uleb128 0xe
 958 015e 3A       		.uleb128 0x3a
 959 015f 0B       		.uleb128 0xb
 960 0160 3B       		.uleb128 0x3b
 961 0161 0B       		.uleb128 0xb
 962 0162 6E       		.uleb128 0x6e
 963 0163 0E       		.uleb128 0xe
 964 0164 49       		.uleb128 0x49
 965 0165 13       		.uleb128 0x13
 966 0166 4C       		.uleb128 0x4c
 967 0167 0B       		.uleb128 0xb
 968 0168 4D       		.uleb128 0x4d
 969 0169 18       		.uleb128 0x18
 970 016a 1D       		.uleb128 0x1d
 971 016b 13       		.uleb128 0x13
 972 016c 32       		.uleb128 0x32
 973 016d 0B       		.uleb128 0xb
 974 016e 3C       		.uleb128 0x3c
 975 016f 19       		.uleb128 0x19
 976 0170 64       		.uleb128 0x64
 977 0171 13       		.uleb128 0x13
 978 0172 00       		.byte	0
 979 0173 00       		.byte	0
 980 0174 19       		.uleb128 0x19
 981 0175 34       		.uleb128 0x34
 982 0176 00       		.byte	0
 983 0177 03       		.uleb128 0x3
 984 0178 0E       		.uleb128 0xe
 985 0179 3A       		.uleb128 0x3a
 986 017a 0B       		.uleb128 0xb
 987 017b 3B       		.uleb128 0x3b
 988 017c 0B       		.uleb128 0xb
 989 017d 49       		.uleb128 0x49
 990 017e 13       		.uleb128 0x13
 991 017f 3C       		.uleb128 0x3c
 992 0180 19       		.uleb128 0x19
 993 0181 1C       		.uleb128 0x1c
 994 0182 0E       		.uleb128 0xe
 995 0183 00       		.byte	0
 996 0184 00       		.byte	0
 997 0185 1A       		.uleb128 0x1a
 998 0186 10       		.uleb128 0x10
ARM GAS  C:\Users\Chuck\AppData\Local\Temp\ccGS6mi1.s 			page 19


 999 0187 00       		.byte	0
 1000 0188 0B       		.uleb128 0xb
 1001 0189 0B       		.uleb128 0xb
 1002 018a 49       		.uleb128 0x49
 1003 018b 13       		.uleb128 0x13
 1004 018c 00       		.byte	0
 1005 018d 00       		.byte	0
 1006 018e 1B       		.uleb128 0x1b
 1007 018f 02       		.uleb128 0x2
 1008 0190 01       		.byte	0x1
 1009 0191 03       		.uleb128 0x3
 1010 0192 0E       		.uleb128 0xe
 1011 0193 0B       		.uleb128 0xb
 1012 0194 0B       		.uleb128 0xb
 1013 0195 3A       		.uleb128 0x3a
 1014 0196 0B       		.uleb128 0xb
 1015 0197 3B       		.uleb128 0x3b
 1016 0198 0B       		.uleb128 0xb
 1017 0199 01       		.uleb128 0x1
 1018 019a 13       		.uleb128 0x13
 1019 019b 00       		.byte	0
 1020 019c 00       		.byte	0
 1021 019d 1C       		.uleb128 0x1c
 1022 019e 0D       		.uleb128 0xd
 1023 019f 00       		.byte	0
 1024 01a0 03       		.uleb128 0x3
 1025 01a1 0E       		.uleb128 0xe
 1026 01a2 3A       		.uleb128 0x3a
 1027 01a3 0B       		.uleb128 0xb
 1028 01a4 3B       		.uleb128 0x3b
 1029 01a5 0B       		.uleb128 0xb
 1030 01a6 49       		.uleb128 0x49
 1031 01a7 13       		.uleb128 0x13
 1032 01a8 3F       		.uleb128 0x3f
 1033 01a9 19       		.uleb128 0x19
 1034 01aa 32       		.uleb128 0x32
 1035 01ab 0B       		.uleb128 0xb
 1036 01ac 3C       		.uleb128 0x3c
 1037 01ad 19       		.uleb128 0x19
 1038 01ae 00       		.byte	0
 1039 01af 00       		.byte	0
 1040 01b0 1D       		.uleb128 0x1d
 1041 01b1 2E       		.uleb128 0x2e
 1042 01b2 00       		.byte	0
 1043 01b3 3F       		.uleb128 0x3f
 1044 01b4 19       		.uleb128 0x19
 1045 01b5 03       		.uleb128 0x3
 1046 01b6 0E       		.uleb128 0xe
 1047 01b7 3A       		.uleb128 0x3a
 1048 01b8 0B       		.uleb128 0xb
 1049 01b9 3B       		.uleb128 0x3b
 1050 01ba 0B       		.uleb128 0xb
 1051 01bb 6E       		.uleb128 0x6e
 1052 01bc 0E       		.uleb128 0xe
 1053 01bd 32       		.uleb128 0x32
 1054 01be 0B       		.uleb128 0xb
 1055 01bf 3C       		.uleb128 0x3c
ARM GAS  C:\Users\Chuck\AppData\Local\Temp\ccGS6mi1.s 			page 20


 1056 01c0 19       		.uleb128 0x19
 1057 01c1 00       		.byte	0
 1058 01c2 00       		.byte	0
 1059 01c3 1E       		.uleb128 0x1e
 1060 01c4 2E       		.uleb128 0x2e
 1061 01c5 00       		.byte	0
 1062 01c6 3F       		.uleb128 0x3f
 1063 01c7 19       		.uleb128 0x19
 1064 01c8 03       		.uleb128 0x3
 1065 01c9 0E       		.uleb128 0xe
 1066 01ca 3A       		.uleb128 0x3a
 1067 01cb 0B       		.uleb128 0xb
 1068 01cc 3B       		.uleb128 0x3b
 1069 01cd 0B       		.uleb128 0xb
 1070 01ce 6E       		.uleb128 0x6e
 1071 01cf 0E       		.uleb128 0xe
 1072 01d0 49       		.uleb128 0x49
 1073 01d1 13       		.uleb128 0x13
 1074 01d2 32       		.uleb128 0x32
 1075 01d3 0B       		.uleb128 0xb
 1076 01d4 3C       		.uleb128 0x3c
 1077 01d5 19       		.uleb128 0x19
 1078 01d6 00       		.byte	0
 1079 01d7 00       		.byte	0
 1080 01d8 1F       		.uleb128 0x1f
 1081 01d9 39       		.uleb128 0x39
 1082 01da 00       		.byte	0
 1083 01db 03       		.uleb128 0x3
 1084 01dc 0E       		.uleb128 0xe
 1085 01dd 3A       		.uleb128 0x3a
 1086 01de 0B       		.uleb128 0xb
 1087 01df 3B       		.uleb128 0x3b
 1088 01e0 0B       		.uleb128 0xb
 1089 01e1 00       		.byte	0
 1090 01e2 00       		.byte	0
 1091 01e3 20       		.uleb128 0x20
 1092 01e4 15       		.uleb128 0x15
 1093 01e5 01       		.byte	0x1
 1094 01e6 49       		.uleb128 0x49
 1095 01e7 13       		.uleb128 0x13
 1096 01e8 01       		.uleb128 0x1
 1097 01e9 13       		.uleb128 0x13
 1098 01ea 00       		.byte	0
 1099 01eb 00       		.byte	0
 1100 01ec 21       		.uleb128 0x21
 1101 01ed 18       		.uleb128 0x18
 1102 01ee 00       		.byte	0
 1103 01ef 00       		.byte	0
 1104 01f0 00       		.byte	0
 1105 01f1 22       		.uleb128 0x22
 1106 01f2 0F       		.uleb128 0xf
 1107 01f3 00       		.byte	0
 1108 01f4 0B       		.uleb128 0xb
 1109 01f5 0B       		.uleb128 0xb
 1110 01f6 03       		.uleb128 0x3
 1111 01f7 0E       		.uleb128 0xe
 1112 01f8 49       		.uleb128 0x49
ARM GAS  C:\Users\Chuck\AppData\Local\Temp\ccGS6mi1.s 			page 21


 1113 01f9 13       		.uleb128 0x13
 1114 01fa 00       		.byte	0
 1115 01fb 00       		.byte	0
 1116 01fc 23       		.uleb128 0x23
 1117 01fd 2E       		.uleb128 0x2e
 1118 01fe 00       		.byte	0
 1119 01ff 3F       		.uleb128 0x3f
 1120 0200 19       		.uleb128 0x19
 1121 0201 03       		.uleb128 0x3
 1122 0202 0E       		.uleb128 0xe
 1123 0203 3A       		.uleb128 0x3a
 1124 0204 0B       		.uleb128 0xb
 1125 0205 3B       		.uleb128 0x3b
 1126 0206 0B       		.uleb128 0xb
 1127 0207 6E       		.uleb128 0x6e
 1128 0208 0E       		.uleb128 0xe
 1129 0209 11       		.uleb128 0x11
 1130 020a 01       		.uleb128 0x1
 1131 020b 12       		.uleb128 0x12
 1132 020c 06       		.uleb128 0x6
 1133 020d 40       		.uleb128 0x40
 1134 020e 18       		.uleb128 0x18
 1135 020f 9742     		.uleb128 0x2117
 1136 0211 19       		.uleb128 0x19
 1137 0212 00       		.byte	0
 1138 0213 00       		.byte	0
 1139 0214 24       		.uleb128 0x24
 1140 0215 02       		.uleb128 0x2
 1141 0216 00       		.byte	0
 1142 0217 03       		.uleb128 0x3
 1143 0218 0E       		.uleb128 0xe
 1144 0219 3C       		.uleb128 0x3c
 1145 021a 19       		.uleb128 0x19
 1146 021b 00       		.byte	0
 1147 021c 00       		.byte	0
 1148 021d 25       		.uleb128 0x25
 1149 021e 34       		.uleb128 0x34
 1150 021f 00       		.byte	0
 1151 0220 03       		.uleb128 0x3
 1152 0221 0E       		.uleb128 0xe
 1153 0222 3A       		.uleb128 0x3a
 1154 0223 0B       		.uleb128 0xb
 1155 0224 3B       		.uleb128 0x3b
 1156 0225 0B       		.uleb128 0xb
 1157 0226 49       		.uleb128 0x49
 1158 0227 13       		.uleb128 0x13
 1159 0228 3F       		.uleb128 0x3f
 1160 0229 19       		.uleb128 0x19
 1161 022a 3C       		.uleb128 0x3c
 1162 022b 19       		.uleb128 0x19
 1163 022c 00       		.byte	0
 1164 022d 00       		.byte	0
 1165 022e 26       		.uleb128 0x26
 1166 022f 01       		.uleb128 0x1
 1167 0230 01       		.byte	0x1
 1168 0231 49       		.uleb128 0x49
 1169 0232 13       		.uleb128 0x13
ARM GAS  C:\Users\Chuck\AppData\Local\Temp\ccGS6mi1.s 			page 22


 1170 0233 01       		.uleb128 0x1
 1171 0234 13       		.uleb128 0x13
 1172 0235 00       		.byte	0
 1173 0236 00       		.byte	0
 1174 0237 27       		.uleb128 0x27
 1175 0238 21       		.uleb128 0x21
 1176 0239 00       		.byte	0
 1177 023a 49       		.uleb128 0x49
 1178 023b 13       		.uleb128 0x13
 1179 023c 2F       		.uleb128 0x2f
 1180 023d 0B       		.uleb128 0xb
 1181 023e 00       		.byte	0
 1182 023f 00       		.byte	0
 1183 0240 28       		.uleb128 0x28
 1184 0241 34       		.uleb128 0x34
 1185 0242 00       		.byte	0
 1186 0243 47       		.uleb128 0x47
 1187 0244 13       		.uleb128 0x13
 1188 0245 02       		.uleb128 0x2
 1189 0246 18       		.uleb128 0x18
 1190 0247 00       		.byte	0
 1191 0248 00       		.byte	0
 1192 0249 29       		.uleb128 0x29
 1193 024a 34       		.uleb128 0x34
 1194 024b 00       		.byte	0
 1195 024c 47       		.uleb128 0x47
 1196 024d 13       		.uleb128 0x13
 1197 024e 3A       		.uleb128 0x3a
 1198 024f 0B       		.uleb128 0xb
 1199 0250 3B       		.uleb128 0x3b
 1200 0251 0B       		.uleb128 0xb
 1201 0252 6E       		.uleb128 0x6e
 1202 0253 0E       		.uleb128 0xe
 1203 0254 02       		.uleb128 0x2
 1204 0255 18       		.uleb128 0x18
 1205 0256 00       		.byte	0
 1206 0257 00       		.byte	0
 1207 0258 00       		.byte	0
 1208              		.section	.debug_aranges,"",%progbits
 1209 0000 1C000000 		.4byte	0x1c
 1210 0004 0200     		.2byte	0x2
 1211 0006 00000000 		.4byte	.Ldebug_info0
 1212 000a 04       		.byte	0x4
 1213 000b 00       		.byte	0
 1214 000c 0000     		.2byte	0
 1215 000e 0000     		.2byte	0
 1216 0010 00000000 		.4byte	.LFB125
 1217 0014 18000000 		.4byte	.LFE125-.LFB125
 1218 0018 00000000 		.4byte	0
 1219 001c 00000000 		.4byte	0
 1220              		.section	.debug_ranges,"",%progbits
 1221              	.Ldebug_ranges0:
 1222 0000 00000000 		.4byte	.LFB125
 1223 0004 18000000 		.4byte	.LFE125
 1224 0008 00000000 		.4byte	0
 1225 000c 00000000 		.4byte	0
 1226              		.section	.debug_line,"",%progbits
ARM GAS  C:\Users\Chuck\AppData\Local\Temp\ccGS6mi1.s 			page 23


 1227              	.Ldebug_line0:
 1228 0000 D4010000 		.section	.debug_str,"MS",%progbits,1
 1228      0200BD01 
 1228      00000201 
 1228      FB0E0D00 
 1228      01010101 
 1229              	.LASF29:
 1230 0000 5F5A4E33 		.ascii	"_ZN3ros3Msg6getMD5Ev\000"
 1230      726F7333 
 1230      4D736736 
 1230      6765744D 
 1230      44354576 
 1231              	.LASF3:
 1232 0015 5F5F7569 		.ascii	"__uint8_t\000"
 1232      6E74385F 
 1232      7400
 1233              	.LASF53:
 1234 001f 726F7373 		.ascii	"rosserial_msgs/RequestParam\000"
 1234      65726961 
 1234      6C5F6D73 
 1234      67732F52 
 1234      65717565 
 1235              	.LASF56:
 1236 003b 696E6974 		.ascii	"init\000"
 1236      00
 1237              	.LASF11:
 1238 0040 6C6F6E67 		.ascii	"long long unsigned int\000"
 1238      206C6F6E 
 1238      6720756E 
 1238      7369676E 
 1238      65642069 
 1239              	.LASF24:
 1240 0057 5F5A4E4B 		.ascii	"_ZNK3ros3Msg9serializeEPh\000"
 1240      33726F73 
 1240      334D7367 
 1240      39736572 
 1240      69616C69 
 1241              	.LASF55:
 1242 0071 6D696C6C 		.ascii	"millis_\000"
 1242      69735F00 
 1243              	.LASF10:
 1244 0079 6C6F6E67 		.ascii	"long long int\000"
 1244      206C6F6E 
 1244      6720696E 
 1244      7400
 1245              	.LASF0:
 1246 0087 7369676E 		.ascii	"signed char\000"
 1246      65642063 
 1246      68617200 
 1247              	.LASF28:
 1248 0093 6765744D 		.ascii	"getMD5\000"
 1248      443500
 1249              	.LASF34:
 1250 009a 49445F53 		.ascii	"ID_SUBSCRIBER\000"
 1250      55425343 
 1250      52494245 
 1250      5200
ARM GAS  C:\Users\Chuck\AppData\Local\Temp\ccGS6mi1.s 			page 24


 1251              	.LASF7:
 1252 00a8 6C6F6E67 		.ascii	"long int\000"
 1252      20696E74 
 1252      00
 1253              	.LASF14:
 1254 00b1 75696E74 		.ascii	"uint16_t\000"
 1254      31365F74 
 1254      00
 1255              	.LASF19:
 1256 00ba 646F7562 		.ascii	"double\000"
 1256      6C6500
 1257              	.LASF8:
 1258 00c1 5F5F7569 		.ascii	"__uint32_t\000"
 1258      6E743332 
 1258      5F7400
 1259              	.LASF58:
 1260 00cc 6D696C6C 		.ascii	"millis\000"
 1260      697300
 1261              	.LASF47:
 1262 00d3 2E5C726F 		.ascii	".\\ros_lib\\SysTimer.cpp\000"
 1262      735F6C69 
 1262      625C5379 
 1262      7354696D 
 1262      65722E63 
 1263              	.LASF63:
 1264 00ea 5F5A3131 		.ascii	"_Z11SysTick_ISRv\000"
 1264      53797354 
 1264      69636B5F 
 1264      49535276 
 1264      00
 1265              	.LASF61:
 1266 00fb 5F5F7674 		.ascii	"__vtbl_ptr_type\000"
 1266      626C5F70 
 1266      74725F74 
 1266      79706500 
 1267              	.LASF35:
 1268 010b 746F7069 		.ascii	"topic_id\000"
 1268      635F6964 
 1268      00
 1269              	.LASF12:
 1270 0114 756E7369 		.ascii	"unsigned int\000"
 1270      676E6564 
 1270      20696E74 
 1270      00
 1271              	.LASF9:
 1272 0121 6C6F6E67 		.ascii	"long unsigned int\000"
 1272      20756E73 
 1272      69676E65 
 1272      6420696E 
 1272      7400
 1273              	.LASF26:
 1274 0133 67657454 		.ascii	"getType\000"
 1274      79706500 
 1275              	.LASF22:
 1276 013b 73657269 		.ascii	"serialize\000"
 1276      616C697A 
 1276      6500
ARM GAS  C:\Users\Chuck\AppData\Local\Temp\ccGS6mi1.s 			page 25


 1277              	.LASF5:
 1278 0145 73686F72 		.ascii	"short unsigned int\000"
 1278      7420756E 
 1278      7369676E 
 1278      65642069 
 1278      6E7400
 1279              	.LASF41:
 1280 0158 5F5A4E4B 		.ascii	"_ZNK14rosserial_msgs9TopicInfo9serializeEPh\000"
 1280      3134726F 
 1280      73736572 
 1280      69616C5F 
 1280      6D736773 
 1281              	.LASF30:
 1282 0184 64657365 		.ascii	"deserializeAvrFloat64\000"
 1282      7269616C 
 1282      697A6541 
 1282      7672466C 
 1282      6F617436 
 1283              	.LASF37:
 1284 019a 6D657373 		.ascii	"message_type\000"
 1284      6167655F 
 1284      74797065 
 1284      00
 1285              	.LASF38:
 1286 01a7 6D643573 		.ascii	"md5sum\000"
 1286      756D00
 1287              	.LASF48:
 1288 01ae 453A5C50 		.ascii	"E:\\PSoC\\RosOnAStick\\RosOnAStick.cydsn\000"
 1288      536F435C 
 1288      526F734F 
 1288      6E415374 
 1288      69636B5C 
 1289              	.LASF17:
 1290 01d4 73697A65 		.ascii	"sizetype\000"
 1290      74797065 
 1290      00
 1291              	.LASF25:
 1292 01dd 5F5A4E33 		.ascii	"_ZN3ros3Msg11deserializeEPh\000"
 1292      726F7333 
 1292      4D736731 
 1292      31646573 
 1292      65726961 
 1293              	.LASF21:
 1294 01f9 6C6F6E67 		.ascii	"long double\000"
 1294      20646F75 
 1294      626C6500 
 1295              	.LASF59:
 1296 0205 5F5A4E38 		.ascii	"_ZN8SysTimer6millisEv\000"
 1296      53797354 
 1296      696D6572 
 1296      366D696C 
 1296      6C697345 
 1297              	.LASF62:
 1298 021b 53797354 		.ascii	"SysTick_ISR\000"
 1298      69636B5F 
 1298      49535200 
 1299              	.LASF57:
ARM GAS  C:\Users\Chuck\AppData\Local\Temp\ccGS6mi1.s 			page 26


 1300 0227 5F5A4E38 		.ascii	"_ZN8SysTimer4initEv\000"
 1300      53797354 
 1300      696D6572 
 1300      34696E69 
 1300      74457600 
 1301              	.LASF40:
 1302 023b 73657269 		.ascii	"serializeAvrFloat64\000"
 1302      616C697A 
 1302      65417672 
 1302      466C6F61 
 1302      74363400 
 1303              	.LASF32:
 1304 024f 546F7069 		.ascii	"TopicInfo\000"
 1304      63496E66 
 1304      6F00
 1305              	.LASF23:
 1306 0259 64657365 		.ascii	"deserialize\000"
 1306      7269616C 
 1306      697A6500 
 1307              	.LASF46:
 1308 0265 474E5520 		.ascii	"GNU C++ 4.9.3 20150303 (release) [ARM/embedded-4_9-"
 1308      432B2B20 
 1308      342E392E 
 1308      33203230 
 1308      31353033 
 1309 0298 6272616E 		.ascii	"branch revision 221220] -mcpu=cortex-m0 -mthumb -g "
 1309      63682072 
 1309      65766973 
 1309      696F6E20 
 1309      32323132 
 1310 02cb 2D4F3020 		.ascii	"-O0 -ffunction-sections -ffat-lto-objects -fno-rtti"
 1310      2D666675 
 1310      6E637469 
 1310      6F6E2D73 
 1310      65637469 
 1311 02fe 202D666E 		.ascii	" -fno-exceptions -funsigned-char -funsigned-bitfiel"
 1311      6F2D6578 
 1311      63657074 
 1311      696F6E73 
 1311      202D6675 
 1312 0331 6473202D 		.ascii	"ds -fshort-enums\000"
 1312      6673686F 
 1312      72742D65 
 1312      6E756D73 
 1312      00
 1313              	.LASF20:
 1314 0342 666C6F61 		.ascii	"float\000"
 1314      7400
 1315              	.LASF60:
 1316 0348 7374645F 		.ascii	"std_msgs\000"
 1316      6D736773 
 1316      00
 1317              	.LASF44:
 1318 0351 52455155 		.ascii	"REQUESTPARAM\000"
 1318      45535450 
 1318      4152414D 
 1318      00
ARM GAS  C:\Users\Chuck\AppData\Local\Temp\ccGS6mi1.s 			page 27


 1319              	.LASF42:
 1320 035e 5F5A4E31 		.ascii	"_ZN14rosserial_msgs9TopicInfo11deserializeEPh\000"
 1320      34726F73 
 1320      73657269 
 1320      616C5F6D 
 1320      73677339 
 1321              	.LASF52:
 1322 038c 5F5A4E31 		.ascii	"_ZN14rosserial_msgs9TopicInfo6getMD5Ev\000"
 1322      34726F73 
 1322      73657269 
 1322      616C5F6D 
 1322      73677339 
 1323              	.LASF15:
 1324 03b3 696E7433 		.ascii	"int32_t\000"
 1324      325F7400 
 1325              	.LASF1:
 1326 03bb 756E7369 		.ascii	"unsigned char\000"
 1326      676E6564 
 1326      20636861 
 1326      7200
 1327              	.LASF2:
 1328 03c9 73686F72 		.ascii	"short int\000"
 1328      7420696E 
 1328      7400
 1329              	.LASF43:
 1330 03d3 5F5A4E31 		.ascii	"_ZN14rosserial_msgs9TopicInfo7getTypeEv\000"
 1330      34726F73 
 1330      73657269 
 1330      616C5F6D 
 1330      73677339 
 1331              	.LASF49:
 1332 03fb 5F767074 		.ascii	"_vptr.Msg\000"
 1332      722E4D73 
 1332      6700
 1333              	.LASF36:
 1334 0405 746F7069 		.ascii	"topic_name\000"
 1334      635F6E61 
 1334      6D6500
 1335              	.LASF16:
 1336 0410 75696E74 		.ascii	"uint32_t\000"
 1336      33325F74 
 1336      00
 1337              	.LASF50:
 1338 0419 5F5A4E33 		.ascii	"_ZN3ros3Msg19serializeAvrFloat64EPhf\000"
 1338      726F7333 
 1338      4D736731 
 1338      39736572 
 1338      69616C69 
 1339              	.LASF33:
 1340 043e 49445F50 		.ascii	"ID_PUBLISHER\000"
 1340      55424C49 
 1340      53484552 
 1340      00
 1341              	.LASF18:
 1342 044b 63686172 		.ascii	"char\000"
 1342      00
 1343              	.LASF4:
ARM GAS  C:\Users\Chuck\AppData\Local\Temp\ccGS6mi1.s 			page 28


 1344 0450 5F5F7569 		.ascii	"__uint16_t\000"
 1344      6E743136 
 1344      5F7400
 1345              	.LASF6:
 1346 045b 5F5F696E 		.ascii	"__int32_t\000"
 1346      7433325F 
 1346      7400
 1347              	.LASF64:
 1348 0465 55617274 		.ascii	"Uart\000"
 1348      00
 1349              	.LASF51:
 1350 046a 5F5A4E33 		.ascii	"_ZN3ros3Msg21deserializeAvrFloat64EPKhPf\000"
 1350      726F7333 
 1350      4D736732 
 1350      31646573 
 1350      65726961 
 1351              	.LASF39:
 1352 0493 62756666 		.ascii	"buffer_size\000"
 1352      65725F73 
 1352      697A6500 
 1353              	.LASF31:
 1354 049f 726F7373 		.ascii	"rosserial_msgs\000"
 1354      65726961 
 1354      6C5F6D73 
 1354      677300
 1355              	.LASF13:
 1356 04ae 75696E74 		.ascii	"uint8_t\000"
 1356      385F7400 
 1357              	.LASF27:
 1358 04b6 5F5A4E33 		.ascii	"_ZN3ros3Msg7getTypeEv\000"
 1358      726F7333 
 1358      4D736737 
 1358      67657454 
 1358      79706545 
 1359              	.LASF45:
 1360 04cc 55617274 		.ascii	"Uart0\000"
 1360      3000
 1361              	.LASF54:
 1362 04d2 53797354 		.ascii	"SysTimer\000"
 1362      696D6572 
 1362      00
 1363              	.LASF65:
 1364 04db 5F5A4E38 		.ascii	"_ZN8SysTimer7millis_E\000"
 1364      53797354 
 1364      696D6572 
 1364      376D696C 
 1364      6C69735F 
 1365              		.ident	"GCC: (GNU Tools for ARM Embedded Processors) 4.9.3 20150303 (release) [ARM/embedded-4_9-br
