ARM GAS  C:\Users\Chuck\AppData\Local\Temp\ccSziqGQ.s 			page 1


   1              		.cpu cortex-m0
   2              		.fpu softvfp
   3              		.eabi_attribute 20, 1
   4              		.eabi_attribute 21, 1
   5              		.eabi_attribute 23, 3
   6              		.eabi_attribute 24, 1
   7              		.eabi_attribute 25, 1
   8              		.eabi_attribute 26, 1
   9              		.eabi_attribute 30, 6
  10              		.eabi_attribute 34, 0
  11              		.eabi_attribute 18, 4
  12              		.code	16
  13              		.file	"Uarts.cpp"
  14              		.text
  15              	.Ltext0:
  16              		.cfi_sections	.debug_frame
  17              		.global	__aeabi_uidiv
  18              		.section	.text._ZN4Uart5beginEm,"ax",%progbits
  19              		.align	2
  20              		.global	_ZN4Uart5beginEm
  21              		.code	16
  22              		.thumb_func
  23              		.type	_ZN4Uart5beginEm, %function
  24              	_ZN4Uart5beginEm:
  25              	.LFB158:
  26              		.file 1 ".\\ros_lib\\Uarts.cpp"
   1:.\ros_lib/Uarts.cpp **** /* ========================================
   2:.\ros_lib/Uarts.cpp ****  * PSoc4 "ROSOnAStick" Uart
   3:.\ros_lib/Uarts.cpp ****  *
   4:.\ros_lib/Uarts.cpp ****  * Copyright C. Harrison
   5:.\ros_lib/Uarts.cpp ****  * BSD 2-clause license http://opensource.org/licenses/BSD-2-Clause
   6:.\ros_lib/Uarts.cpp ****  *
   7:.\ros_lib/Uarts.cpp ****  * ========================================
   8:.\ros_lib/Uarts.cpp ****  */
   9:.\ros_lib/Uarts.cpp **** 
  10:.\ros_lib/Uarts.cpp **** #include "ros.h"
  11:.\ros_lib/Uarts.cpp **** 
  12:.\ros_lib/Uarts.cpp **** #include "Uarts.h"
  13:.\ros_lib/Uarts.cpp **** extern "C" {
  14:.\ros_lib/Uarts.cpp ****   #include "project.h"
  15:.\ros_lib/Uarts.cpp **** }
  16:.\ros_lib/Uarts.cpp **** 
  17:.\ros_lib/Uarts.cpp **** void Uart::begin(unsigned long baud) {
  27              		.loc 1 17 0
  28              		.cfi_startproc
  29 0000 80B5     		push	{r7, lr}
  30              		.cfi_def_cfa_offset 8
  31              		.cfi_offset 7, -8
  32              		.cfi_offset 14, -4
  33 0002 84B0     		sub	sp, sp, #16
  34              		.cfi_def_cfa_offset 24
  35 0004 00AF     		add	r7, sp, #0
  36              		.cfi_def_cfa_register 7
  37 0006 7860     		str	r0, [r7, #4]
  38 0008 3960     		str	r1, [r7]
  39              	.LBB2:
  18:.\ros_lib/Uarts.cpp ****   // compute clock divider D = HFCLK/(baud * oversampling_factor)
ARM GAS  C:\Users\Chuck\AppData\Local\Temp\ccSziqGQ.s 			page 2


  19:.\ros_lib/Uarts.cpp ****   uint32_t denom = baud * ROSSerial_UART_UART_OVS_FACTOR;
  40              		.loc 1 19 0
  41 000a 3B68     		ldr	r3, [r7]
  42 000c 1B01     		lsl	r3, r3, #4
  43 000e FB60     		str	r3, [r7, #12]
  20:.\ros_lib/Uarts.cpp ****   uint16_t divider = (CYDEV_BCLK__HFCLK__HZ + (denom/2))/denom;
  44              		.loc 1 20 0
  45 0010 FB68     		ldr	r3, [r7, #12]
  46 0012 5B08     		lsr	r3, r3, #1
  47 0014 0B4A     		ldr	r2, .L2
  48 0016 9446     		mov	ip, r2
  49 0018 6344     		add	r3, r3, ip
  50 001a 181C     		mov	r0, r3
  51 001c F968     		ldr	r1, [r7, #12]
  52 001e FFF7FEFF 		bl	__aeabi_uidiv
  53 0022 031C     		mov	r3, r0
  54 0024 1A1C     		mov	r2, r3
  55 0026 0A23     		mov	r3, #10
  56 0028 FB18     		add	r3, r7, r3
  57 002a 1A80     		strh	r2, [r3]
  21:.\ros_lib/Uarts.cpp ****   ROSSerial_UART_Clock_SetFractionalDividerRegister(divider, 0);
  58              		.loc 1 21 0
  59 002c 0A23     		mov	r3, #10
  60 002e FB18     		add	r3, r7, r3
  61 0030 1B88     		ldrh	r3, [r3]
  62 0032 181C     		mov	r0, r3
  63 0034 0021     		mov	r1, #0
  64 0036 FFF7FEFF 		bl	ROSSerial_UART_Clock_SetFractionalDividerRegister
  22:.\ros_lib/Uarts.cpp ****   ROSSerial_UART_Start();
  65              		.loc 1 22 0
  66 003a FFF7FEFF 		bl	ROSSerial_UART_Start
  67              	.LBE2:
  23:.\ros_lib/Uarts.cpp **** };
  68              		.loc 1 23 0
  69 003e BD46     		mov	sp, r7
  70 0040 04B0     		add	sp, sp, #16
  71              		@ sp needed
  72 0042 80BD     		pop	{r7, pc}
  73              	.L3:
  74              		.align	2
  75              	.L2:
  76 0044 00366E01 		.word	24000000
  77              		.cfi_endproc
  78              	.LFE158:
  79              		.size	_ZN4Uart5beginEm, .-_ZN4Uart5beginEm
  80              		.section	.text._ZN4Uart4readEv,"ax",%progbits
  81              		.align	2
  82              		.global	_ZN4Uart4readEv
  83              		.code	16
  84              		.thumb_func
  85              		.type	_ZN4Uart4readEv, %function
  86              	_ZN4Uart4readEv:
  87              	.LFB159:
  24:.\ros_lib/Uarts.cpp **** 
  25:.\ros_lib/Uarts.cpp **** int Uart::read(void) {
  88              		.loc 1 25 0
  89              		.cfi_startproc
ARM GAS  C:\Users\Chuck\AppData\Local\Temp\ccSziqGQ.s 			page 3


  90 0000 80B5     		push	{r7, lr}
  91              		.cfi_def_cfa_offset 8
  92              		.cfi_offset 7, -8
  93              		.cfi_offset 14, -4
  94 0002 84B0     		sub	sp, sp, #16
  95              		.cfi_def_cfa_offset 24
  96 0004 00AF     		add	r7, sp, #0
  97              		.cfi_def_cfa_register 7
  98 0006 7860     		str	r0, [r7, #4]
  99              	.LBB3:
  26:.\ros_lib/Uarts.cpp ****   int32_t data = -1;
 100              		.loc 1 26 0
 101 0008 0123     		mov	r3, #1
 102 000a 5B42     		neg	r3, r3
 103 000c FB60     		str	r3, [r7, #12]
  27:.\ros_lib/Uarts.cpp ****   if (ROSSerial_UART_SpiUartGetRxBufferSize() != 0) {
 104              		.loc 1 27 0
 105 000e FFF7FEFF 		bl	ROSSerial_UART_SpiUartGetRxBufferSize
 106 0012 031C     		mov	r3, r0
 107 0014 5A1E     		sub	r2, r3, #1
 108 0016 9341     		sbc	r3, r3, r2
 109 0018 DBB2     		uxtb	r3, r3
 110 001a 002B     		cmp	r3, #0
 111 001c 03D0     		beq	.L5
  28:.\ros_lib/Uarts.cpp ****     // data is ready
  29:.\ros_lib/Uarts.cpp ****     data = (int32_t)ROSSerial_UART_SpiUartReadRxData();
 112              		.loc 1 29 0
 113 001e FFF7FEFF 		bl	ROSSerial_UART_SpiUartReadRxData
 114 0022 031C     		mov	r3, r0
 115 0024 FB60     		str	r3, [r7, #12]
 116              	.L5:
  30:.\ros_lib/Uarts.cpp ****   }
  31:.\ros_lib/Uarts.cpp ****   // clear error flags
  32:.\ros_lib/Uarts.cpp ****   if (ROSSerial_UART_CHECK_INTR_RX(ROSSerial_UART_INTR_RX_ERR)) {
 117              		.loc 1 32 0
 118 0026 094B     		ldr	r3, .L8
 119 0028 1A68     		ldr	r2, [r3]
 120 002a D823     		mov	r3, #216
 121 002c 9B00     		lsl	r3, r3, #2
 122 002e 1340     		and	r3, r2
 123 0030 5A1E     		sub	r2, r3, #1
 124 0032 9341     		sbc	r3, r3, r2
 125 0034 DBB2     		uxtb	r3, r3
 126 0036 002B     		cmp	r3, #0
 127 0038 03D0     		beq	.L6
  33:.\ros_lib/Uarts.cpp ****     // TODO: test for meaningful error (i.e. not Buffer empty) & return -1
  34:.\ros_lib/Uarts.cpp ****     ROSSerial_UART_ClearRxInterruptSource(ROSSerial_UART_INTR_RX_ERR);
 128              		.loc 1 34 0
 129 003a 044B     		ldr	r3, .L8
 130 003c D822     		mov	r2, #216
 131 003e 9200     		lsl	r2, r2, #2
 132 0040 1A60     		str	r2, [r3]
 133              	.L6:
  35:.\ros_lib/Uarts.cpp ****   }
  36:.\ros_lib/Uarts.cpp ****   return data;
 134              		.loc 1 36 0
 135 0042 FB68     		ldr	r3, [r7, #12]
ARM GAS  C:\Users\Chuck\AppData\Local\Temp\ccSziqGQ.s 			page 4


 136              	.LBE3:
  37:.\ros_lib/Uarts.cpp **** };
 137              		.loc 1 37 0
 138 0044 181C     		mov	r0, r3
 139 0046 BD46     		mov	sp, r7
 140 0048 04B0     		add	sp, sp, #16
 141              		@ sp needed
 142 004a 80BD     		pop	{r7, pc}
 143              	.L9:
 144              		.align	2
 145              	.L8:
 146 004c C00F0640 		.word	1074139072
 147              		.cfi_endproc
 148              	.LFE159:
 149              		.size	_ZN4Uart4readEv, .-_ZN4Uart4readEv
 150              		.section	.text._ZN4Uart5writeEh,"ax",%progbits
 151              		.align	2
 152              		.global	_ZN4Uart5writeEh
 153              		.code	16
 154              		.thumb_func
 155              		.type	_ZN4Uart5writeEh, %function
 156              	_ZN4Uart5writeEh:
 157              	.LFB160:
  38:.\ros_lib/Uarts.cpp **** 
  39:.\ros_lib/Uarts.cpp **** size_t Uart::write(uint8_t data) {
 158              		.loc 1 39 0
 159              		.cfi_startproc
 160 0000 80B5     		push	{r7, lr}
 161              		.cfi_def_cfa_offset 8
 162              		.cfi_offset 7, -8
 163              		.cfi_offset 14, -4
 164 0002 82B0     		sub	sp, sp, #8
 165              		.cfi_def_cfa_offset 16
 166 0004 00AF     		add	r7, sp, #0
 167              		.cfi_def_cfa_register 7
 168 0006 7860     		str	r0, [r7, #4]
 169 0008 0A1C     		mov	r2, r1
 170 000a FB1C     		add	r3, r7, #3
 171 000c 1A70     		strb	r2, [r3]
  40:.\ros_lib/Uarts.cpp ****   ROSSerial_UART_SpiUartWriteTxData((uint32_t)data);
 172              		.loc 1 40 0
 173 000e FB1C     		add	r3, r7, #3
 174 0010 1B78     		ldrb	r3, [r3]
 175 0012 181C     		mov	r0, r3
 176 0014 FFF7FEFF 		bl	ROSSerial_UART_SpiUartWriteTxData
  41:.\ros_lib/Uarts.cpp ****   return 1;
 177              		.loc 1 41 0
 178 0018 0123     		mov	r3, #1
  42:.\ros_lib/Uarts.cpp **** };
 179              		.loc 1 42 0
 180 001a 181C     		mov	r0, r3
 181 001c BD46     		mov	sp, r7
 182 001e 02B0     		add	sp, sp, #8
 183              		@ sp needed
 184 0020 80BD     		pop	{r7, pc}
 185              		.cfi_endproc
 186              	.LFE160:
ARM GAS  C:\Users\Chuck\AppData\Local\Temp\ccSziqGQ.s 			page 5


 187              		.size	_ZN4Uart5writeEh, .-_ZN4Uart5writeEh
 188 0022 C046     		.section	.text._ZN14HardwareSerialC2Ev,"axG",%progbits,_ZN14HardwareSerialC5Ev,comdat
 189              		.align	2
 190              		.weak	_ZN14HardwareSerialC2Ev
 191              		.code	16
 192              		.thumb_func
 193              		.type	_ZN14HardwareSerialC2Ev, %function
 194              	_ZN14HardwareSerialC2Ev:
 195              	.LFB163:
 196              		.file 2 ".\\ros_lib\\HardwareSerial.h"
   1:.\ros_lib/HardwareSerial.h **** /*
   2:.\ros_lib/HardwareSerial.h ****   Copyright (c) 2011 Arduino.  All right reserved.
   3:.\ros_lib/HardwareSerial.h **** 
   4:.\ros_lib/HardwareSerial.h ****   This library is free software; you can redistribute it and/or
   5:.\ros_lib/HardwareSerial.h ****   modify it under the terms of the GNU Lesser General Public
   6:.\ros_lib/HardwareSerial.h ****   License as published by the Free Software Foundation; either
   7:.\ros_lib/HardwareSerial.h ****   version 2.1 of the License, or (at your option) any later version.
   8:.\ros_lib/HardwareSerial.h **** 
   9:.\ros_lib/HardwareSerial.h ****   This library is distributed in the hope that it will be useful,
  10:.\ros_lib/HardwareSerial.h ****   but WITHOUT ANY WARRANTY; without even the implied warranty of
  11:.\ros_lib/HardwareSerial.h ****   MERCHANTABILITY or FITNESS FOR A PARTICULAR PURPOSE. 
  12:.\ros_lib/HardwareSerial.h ****   See the GNU Lesser General Public License for more details.
  13:.\ros_lib/HardwareSerial.h **** 
  14:.\ros_lib/HardwareSerial.h ****   You should have received a copy of the GNU Lesser General Public
  15:.\ros_lib/HardwareSerial.h ****   License along with this library; if not, write to the Free Software
  16:.\ros_lib/HardwareSerial.h ****   Foundation, Inc., 51 Franklin St, Fifth Floor, Boston, MA  02110-1301  USA
  17:.\ros_lib/HardwareSerial.h **** */
  18:.\ros_lib/HardwareSerial.h **** 
  19:.\ros_lib/HardwareSerial.h **** #ifndef HardwareSerial_h
  20:.\ros_lib/HardwareSerial.h **** #define HardwareSerial_h
  21:.\ros_lib/HardwareSerial.h **** 
  22:.\ros_lib/HardwareSerial.h **** #include <inttypes.h>
  23:.\ros_lib/HardwareSerial.h **** #include <cstddef>
  24:.\ros_lib/HardwareSerial.h **** 
  25:.\ros_lib/HardwareSerial.h **** /* functions exposed by embedded_linux_comms
  26:.\ros_lib/HardwareSerial.h **** extern "C" int elCommInit(char *portName, int baud);
  27:.\ros_lib/HardwareSerial.h **** extern "C" int elCommRead(int fd);
  28:.\ros_lib/HardwareSerial.h **** extern "C" elCommWrite(int fd, uint8_t* data, int length);
  29:.\ros_lib/HardwareSerial.h **** */
  30:.\ros_lib/HardwareSerial.h **** 
  31:.\ros_lib/HardwareSerial.h **** class HardwareSerial
 197              		.loc 2 31 0
 198              		.cfi_startproc
 199 0000 80B5     		push	{r7, lr}
 200              		.cfi_def_cfa_offset 8
 201              		.cfi_offset 7, -8
 202              		.cfi_offset 14, -4
 203 0002 82B0     		sub	sp, sp, #8
 204              		.cfi_def_cfa_offset 16
 205 0004 00AF     		add	r7, sp, #0
 206              		.cfi_def_cfa_register 7
 207 0006 7860     		str	r0, [r7, #4]
 208              	.LBB4:
 209              		.loc 2 31 0
 210 0008 7B68     		ldr	r3, [r7, #4]
 211 000a 034A     		ldr	r2, .L15
 212 000c 1A60     		str	r2, [r3]
ARM GAS  C:\Users\Chuck\AppData\Local\Temp\ccSziqGQ.s 			page 6


 213              	.LBE4:
 214 000e 7B68     		ldr	r3, [r7, #4]
 215 0010 181C     		mov	r0, r3
 216 0012 BD46     		mov	sp, r7
 217 0014 02B0     		add	sp, sp, #8
 218              		@ sp needed
 219 0016 80BD     		pop	{r7, pc}
 220              	.L16:
 221              		.align	2
 222              	.L15:
 223 0018 08000000 		.word	_ZTV14HardwareSerial+8
 224              		.cfi_endproc
 225              	.LFE163:
 226              		.size	_ZN14HardwareSerialC2Ev, .-_ZN14HardwareSerialC2Ev
 227              		.weak	_ZN14HardwareSerialC1Ev
 228              		.thumb_set _ZN14HardwareSerialC1Ev,_ZN14HardwareSerialC2Ev
 229              		.section	.text._ZN4UartC2Ev,"axG",%progbits,_ZN4UartC5Ev,comdat
 230              		.align	2
 231              		.weak	_ZN4UartC2Ev
 232              		.code	16
 233              		.thumb_func
 234              		.type	_ZN4UartC2Ev, %function
 235              	_ZN4UartC2Ev:
 236              	.LFB165:
 237              		.file 3 ".\\ros_lib\\Uarts.h"
   1:.\ros_lib/Uarts.h **** /* ========================================
   2:.\ros_lib/Uarts.h ****  *
   3:.\ros_lib/Uarts.h ****  * The following firmware was developed by Chuck Harrison
   4:.\ros_lib/Uarts.h ****  * This work is licensed under a Creative Commons Attribution 3.0 Unported License.
   5:.\ros_lib/Uarts.h ****  * 
   6:.\ros_lib/Uarts.h ****  * http://creativecommons.org/licenses/by/3.0/deed.en_US
   7:.\ros_lib/Uarts.h ****  * 
   8:.\ros_lib/Uarts.h ****  * You are free to:
   9:.\ros_lib/Uarts.h ****  * -To Share — to copy, distribute and transmit the work 
  10:.\ros_lib/Uarts.h ****  * -To Remix — to adapt the work 
  11:.\ros_lib/Uarts.h ****  * -To make commercial use of the work
  12:.\ros_lib/Uarts.h ****  *
  13:.\ros_lib/Uarts.h ****  * ========================================
  14:.\ros_lib/Uarts.h ****  */
  15:.\ros_lib/Uarts.h **** 
  16:.\ros_lib/Uarts.h **** #ifndef ROS_UARTS_H_
  17:.\ros_lib/Uarts.h **** #define ROS_UARTS_H_
  18:.\ros_lib/Uarts.h **** 
  19:.\ros_lib/Uarts.h **** #include "HardwareSerial.h"
  20:.\ros_lib/Uarts.h **** 
  21:.\ros_lib/Uarts.h **** class Uart : public HardwareSerial
 238              		.loc 3 21 0
 239              		.cfi_startproc
 240 0000 80B5     		push	{r7, lr}
 241              		.cfi_def_cfa_offset 8
 242              		.cfi_offset 7, -8
 243              		.cfi_offset 14, -4
 244 0002 82B0     		sub	sp, sp, #8
 245              		.cfi_def_cfa_offset 16
 246 0004 00AF     		add	r7, sp, #0
 247              		.cfi_def_cfa_register 7
 248 0006 7860     		str	r0, [r7, #4]
ARM GAS  C:\Users\Chuck\AppData\Local\Temp\ccSziqGQ.s 			page 7


 249              	.LBB5:
 250              		.loc 3 21 0
 251 0008 7B68     		ldr	r3, [r7, #4]
 252 000a 181C     		mov	r0, r3
 253 000c FFF7FEFF 		bl	_ZN14HardwareSerialC2Ev
 254 0010 7B68     		ldr	r3, [r7, #4]
 255 0012 034A     		ldr	r2, .L20
 256 0014 1A60     		str	r2, [r3]
 257              	.LBE5:
 258 0016 7B68     		ldr	r3, [r7, #4]
 259 0018 181C     		mov	r0, r3
 260 001a BD46     		mov	sp, r7
 261 001c 02B0     		add	sp, sp, #8
 262              		@ sp needed
 263 001e 80BD     		pop	{r7, pc}
 264              	.L21:
 265              		.align	2
 266              	.L20:
 267 0020 08000000 		.word	_ZTV4Uart+8
 268              		.cfi_endproc
 269              	.LFE165:
 270              		.size	_ZN4UartC2Ev, .-_ZN4UartC2Ev
 271              		.weak	_ZN4UartC1Ev
 272              		.thumb_set _ZN4UartC1Ev,_ZN4UartC2Ev
 273              		.global	Uart0
 274              		.bss
 275              		.align	2
 276              		.type	Uart0, %object
 277              		.size	Uart0, 4
 278              	Uart0:
 279 0000 00000000 		.space	4
 280              		.global	_ZTV4Uart
 281              		.section	.rodata
 282              		.align	3
 283              		.type	_ZTV4Uart, %object
 284              		.size	_ZTV4Uart, 20
 285              	_ZTV4Uart:
 286 0000 00000000 		.word	0
 287 0004 00000000 		.word	0
 288 0008 00000000 		.word	_ZN4Uart5beginEm
 289 000c 00000000 		.word	_ZN4Uart4readEv
 290 0010 00000000 		.word	_ZN4Uart5writeEh
 291              		.weak	_ZTV14HardwareSerial
 292              		.section	.rodata._ZTV14HardwareSerial,"aG",%progbits,_ZTV14HardwareSerial,comdat
 293              		.align	3
 294              		.type	_ZTV14HardwareSerial, %object
 295              		.size	_ZTV14HardwareSerial, 20
 296              	_ZTV14HardwareSerial:
 297 0000 00000000 		.word	0
 298 0004 00000000 		.word	0
 299 0008 00000000 		.word	__cxa_pure_virtual
 300 000c 00000000 		.word	__cxa_pure_virtual
 301 0010 00000000 		.word	__cxa_pure_virtual
 302 0014 00000000 		.section	.text._Z41__static_initialization_and_destruction_0ii,"ax",%progbits
 303              		.align	2
 304              		.code	16
 305              		.thumb_func
ARM GAS  C:\Users\Chuck\AppData\Local\Temp\ccSziqGQ.s 			page 8


 306              		.type	_Z41__static_initialization_and_destruction_0ii, %function
 307              	_Z41__static_initialization_and_destruction_0ii:
 308              	.LFB167:
  43:.\ros_lib/Uarts.cpp **** 
  44:.\ros_lib/Uarts.cpp **** Uart Uart0;
 309              		.loc 1 44 0
 310              		.cfi_startproc
 311 0000 80B5     		push	{r7, lr}
 312              		.cfi_def_cfa_offset 8
 313              		.cfi_offset 7, -8
 314              		.cfi_offset 14, -4
 315 0002 82B0     		sub	sp, sp, #8
 316              		.cfi_def_cfa_offset 16
 317 0004 00AF     		add	r7, sp, #0
 318              		.cfi_def_cfa_register 7
 319 0006 7860     		str	r0, [r7, #4]
 320 0008 3960     		str	r1, [r7]
 321              		.loc 1 44 0
 322 000a 7B68     		ldr	r3, [r7, #4]
 323 000c 012B     		cmp	r3, #1
 324 000e 07D1     		bne	.L22
 325              		.loc 1 44 0 is_stmt 0 discriminator 1
 326 0010 3B68     		ldr	r3, [r7]
 327 0012 054A     		ldr	r2, .L24
 328 0014 9342     		cmp	r3, r2
 329 0016 03D1     		bne	.L22
 330              		.loc 1 44 0 discriminator 3
 331 0018 044B     		ldr	r3, .L24+4
 332 001a 181C     		mov	r0, r3
 333 001c FFF7FEFF 		bl	_ZN4UartC1Ev
 334              	.L22:
 335              		.loc 1 44 0
 336 0020 BD46     		mov	sp, r7
 337 0022 02B0     		add	sp, sp, #8
 338              		@ sp needed
 339 0024 80BD     		pop	{r7, pc}
 340              	.L25:
 341 0026 C046     		.align	2
 342              	.L24:
 343 0028 FFFF0000 		.word	65535
 344 002c 00000000 		.word	Uart0
 345              		.cfi_endproc
 346              	.LFE167:
 347              		.size	_Z41__static_initialization_and_destruction_0ii, .-_Z41__static_initialization_and_destructi
 348              		.section	.rodata
 349              		.align	2
 350              		.type	_ZN14rosserial_msgsL12REQUESTPARAME, %object
 351              		.size	_ZN14rosserial_msgsL12REQUESTPARAME, 28
 352              	_ZN14rosserial_msgsL12REQUESTPARAME:
 353 0014 726F7373 		.ascii	"rosserial_msgs/RequestParam\000"
 353      65726961 
 353      6C5F6D73 
 353      67732F52 
 353      65717565 
 354              		.section	.text._GLOBAL__sub_I__ZN4Uart5beginEm,"ax",%progbits
 355              		.align	2
 356              		.code	16
ARM GAS  C:\Users\Chuck\AppData\Local\Temp\ccSziqGQ.s 			page 9


 357              		.thumb_func
 358              		.type	_GLOBAL__sub_I__ZN4Uart5beginEm, %function
 359              	_GLOBAL__sub_I__ZN4Uart5beginEm:
 360              	.LFB168:
 361              		.loc 1 44 0 is_stmt 1
 362              		.cfi_startproc
 363 0000 80B5     		push	{r7, lr}
 364              		.cfi_def_cfa_offset 8
 365              		.cfi_offset 7, -8
 366              		.cfi_offset 14, -4
 367 0002 00AF     		add	r7, sp, #0
 368              		.cfi_def_cfa_register 7
 369              		.loc 1 44 0
 370 0004 034B     		ldr	r3, .L27
 371 0006 0120     		mov	r0, #1
 372 0008 191C     		mov	r1, r3
 373 000a FFF7FEFF 		bl	_Z41__static_initialization_and_destruction_0ii
 374 000e BD46     		mov	sp, r7
 375              		@ sp needed
 376 0010 80BD     		pop	{r7, pc}
 377              	.L28:
 378 0012 C046     		.align	2
 379              	.L27:
 380 0014 FFFF0000 		.word	65535
 381              		.cfi_endproc
 382              	.LFE168:
 383              		.size	_GLOBAL__sub_I__ZN4Uart5beginEm, .-_GLOBAL__sub_I__ZN4Uart5beginEm
 384              		.section	.init_array,"aw",%init_array
 385              		.align	2
 386 0000 00000000 		.word	_GLOBAL__sub_I__ZN4Uart5beginEm(target1)
 387              		.text
 388              	.Letext0:
 389              		.file 4 "c:\\program files (x86)\\cypress\\psoc creator\\3.3\\psoc creator\\import\\gnu\\arm\\4.9.
 390              		.file 5 "c:\\program files (x86)\\cypress\\psoc creator\\3.3\\psoc creator\\import\\gnu\\arm\\4.9.
 391              		.file 6 "c:\\program files (x86)\\cypress\\psoc creator\\3.3\\psoc creator\\import\\gnu\\arm\\4.9.
 392              		.file 7 "./ros_lib/ros/msg.h"
 393              		.file 8 "./ros_lib/rosserial_msgs/TopicInfo.h"
 394              		.file 9 "Generated_Source\\PSoC4/cytypes.h"
 395              		.file 10 "./ros_lib/rosserial_msgs/RequestParam.h"
 396              		.file 11 ".\\ros_lib\\ros/node_handle.h"
 397              		.file 12 "./ros_lib/std_msgs/Time.h"
 398              		.section	.debug_info,"",%progbits
 399              	.Ldebug_info0:
 400 0000 64070000 		.4byte	0x764
 401 0004 0400     		.2byte	0x4
 402 0006 00000000 		.4byte	.Ldebug_abbrev0
 403 000a 04       		.byte	0x4
 404 000b 01       		.uleb128 0x1
 405 000c 6E010000 		.4byte	.LASF71
 406 0010 04       		.byte	0x4
 407 0011 88000000 		.4byte	.LASF72
 408 0015 83050000 		.4byte	.LASF73
 409 0019 00000000 		.4byte	.Ldebug_ranges0+0
 410 001d 00000000 		.4byte	0
 411 0021 00000000 		.4byte	.Ldebug_line0
 412 0025 02       		.uleb128 0x2
 413 0026 01       		.byte	0x1
ARM GAS  C:\Users\Chuck\AppData\Local\Temp\ccSziqGQ.s 			page 10


 414 0027 06       		.byte	0x6
 415 0028 30030000 		.4byte	.LASF0
 416 002c 03       		.uleb128 0x3
 417 002d 9E020000 		.4byte	.LASF3
 418 0031 04       		.byte	0x4
 419 0032 1D       		.byte	0x1d
 420 0033 37000000 		.4byte	0x37
 421 0037 02       		.uleb128 0x2
 422 0038 01       		.byte	0x1
 423 0039 08       		.byte	0x8
 424 003a F4020000 		.4byte	.LASF1
 425 003e 02       		.uleb128 0x2
 426 003f 02       		.byte	0x2
 427 0040 05       		.byte	0x5
 428 0041 18000000 		.4byte	.LASF2
 429 0045 03       		.uleb128 0x3
 430 0046 9C000000 		.4byte	.LASF4
 431 004a 04       		.byte	0x4
 432 004b 2B       		.byte	0x2b
 433 004c 50000000 		.4byte	0x50
 434 0050 02       		.uleb128 0x2
 435 0051 02       		.byte	0x2
 436 0052 07       		.byte	0x7
 437 0053 B0030000 		.4byte	.LASF5
 438 0057 03       		.uleb128 0x3
 439 0058 0E050000 		.4byte	.LASF6
 440 005c 04       		.byte	0x4
 441 005d 3F       		.byte	0x3f
 442 005e 62000000 		.4byte	0x62
 443 0062 02       		.uleb128 0x2
 444 0063 04       		.byte	0x4
 445 0064 05       		.byte	0x5
 446 0065 FD030000 		.4byte	.LASF7
 447 0069 03       		.uleb128 0x3
 448 006a DA040000 		.4byte	.LASF8
 449 006e 04       		.byte	0x4
 450 006f 41       		.byte	0x41
 451 0070 74000000 		.4byte	0x74
 452 0074 02       		.uleb128 0x2
 453 0075 04       		.byte	0x4
 454 0076 07       		.byte	0x7
 455 0077 98030000 		.4byte	.LASF9
 456 007b 02       		.uleb128 0x2
 457 007c 08       		.byte	0x8
 458 007d 05       		.byte	0x5
 459 007e 50010000 		.4byte	.LASF10
 460 0082 02       		.uleb128 0x2
 461 0083 08       		.byte	0x8
 462 0084 07       		.byte	0x7
 463 0085 3C030000 		.4byte	.LASF11
 464 0089 04       		.uleb128 0x4
 465 008a 04       		.byte	0x4
 466 008b 05       		.byte	0x5
 467 008c 696E7400 		.ascii	"int\000"
 468 0090 02       		.uleb128 0x2
 469 0091 04       		.byte	0x4
 470 0092 07       		.byte	0x7
ARM GAS  C:\Users\Chuck\AppData\Local\Temp\ccSziqGQ.s 			page 11


 471 0093 71030000 		.4byte	.LASF12
 472 0097 03       		.uleb128 0x3
 473 0098 DE000000 		.4byte	.LASF13
 474 009c 05       		.byte	0x5
 475 009d 15       		.byte	0x15
 476 009e 2C000000 		.4byte	0x2c
 477 00a2 03       		.uleb128 0x3
 478 00a3 8F030000 		.4byte	.LASF14
 479 00a7 05       		.byte	0x5
 480 00a8 21       		.byte	0x21
 481 00a9 45000000 		.4byte	0x45
 482 00ad 03       		.uleb128 0x3
 483 00ae 06040000 		.4byte	.LASF15
 484 00b2 05       		.byte	0x5
 485 00b3 2C       		.byte	0x2c
 486 00b4 57000000 		.4byte	0x57
 487 00b8 03       		.uleb128 0x3
 488 00b9 68030000 		.4byte	.LASF16
 489 00bd 05       		.byte	0x5
 490 00be 2D       		.byte	0x2d
 491 00bf 69000000 		.4byte	0x69
 492 00c3 03       		.uleb128 0x3
 493 00c4 22000000 		.4byte	.LASF17
 494 00c8 06       		.byte	0x6
 495 00c9 D4       		.byte	0xd4
 496 00ca 90000000 		.4byte	0x90
 497 00ce 02       		.uleb128 0x2
 498 00cf 04       		.byte	0x4
 499 00d0 07       		.byte	0x7
 500 00d1 41000000 		.4byte	.LASF18
 501 00d5 05       		.uleb128 0x5
 502 00d6 04       		.byte	0x4
 503 00d7 06       		.uleb128 0x6
 504 00d8 04       		.byte	0x4
 505 00d9 37000000 		.4byte	0x37
 506 00dd 02       		.uleb128 0x2
 507 00de 01       		.byte	0x1
 508 00df 08       		.byte	0x8
 509 00e0 F8030000 		.4byte	.LASF19
 510 00e4 06       		.uleb128 0x6
 511 00e5 04       		.byte	0x4
 512 00e6 EA000000 		.4byte	0xea
 513 00ea 07       		.uleb128 0x7
 514 00eb DD000000 		.4byte	0xdd
 515 00ef 02       		.uleb128 0x2
 516 00f0 08       		.byte	0x8
 517 00f1 04       		.byte	0x4
 518 00f2 51050000 		.4byte	.LASF20
 519 00f6 02       		.uleb128 0x2
 520 00f7 04       		.byte	0x4
 521 00f8 04       		.byte	0x4
 522 00f9 45010000 		.4byte	.LASF21
 523 00fd 02       		.uleb128 0x2
 524 00fe 08       		.byte	0x8
 525 00ff 04       		.byte	0x4
 526 0100 E3020000 		.4byte	.LASF22
 527 0104 08       		.uleb128 0x8
ARM GAS  C:\Users\Chuck\AppData\Local\Temp\ccSziqGQ.s 			page 12


 528 0105 726F7300 		.ascii	"ros\000"
 529 0109 07       		.byte	0x7
 530 010a 28       		.byte	0x28
 531 010b 49020000 		.4byte	0x249
 532 010f 09       		.uleb128 0x9
 533 0110 4D736700 		.ascii	"Msg\000"
 534 0114 04       		.byte	0x4
 535 0115 07       		.byte	0x7
 536 0116 2B       		.byte	0x2b
 537 0117 0F010000 		.4byte	0x10f
 538 011b 3C020000 		.4byte	0x23c
 539 011f 0A       		.uleb128 0xa
 540 0120 D0040000 		.4byte	.LASF44
 541 0124 6C050000 		.4byte	0x56c
 542 0128 00       		.byte	0
 543 0129 01       		.byte	0x1
 544 012a 0B       		.uleb128 0xb
 545 012b 4D736700 		.ascii	"Msg\000"
 546 012f 7A030000 		.4byte	0x37a
 547 0133 01       		.byte	0x1
 548 0134 3C010000 		.4byte	0x13c
 549 0138 47010000 		.4byte	0x147
 550 013c 0C       		.uleb128 0xc
 551 013d 7A030000 		.4byte	0x37a
 552 0141 0D       		.uleb128 0xd
 553 0142 86030000 		.4byte	0x386
 554 0146 00       		.byte	0
 555 0147 0B       		.uleb128 0xb
 556 0148 4D736700 		.ascii	"Msg\000"
 557 014c 7A030000 		.4byte	0x37a
 558 0150 01       		.byte	0x1
 559 0151 59010000 		.4byte	0x159
 560 0155 5F010000 		.4byte	0x15f
 561 0159 0C       		.uleb128 0xc
 562 015a 7A030000 		.4byte	0x37a
 563 015e 00       		.byte	0
 564 015f 0E       		.uleb128 0xe
 565 0160 58050000 		.4byte	.LASF23
 566 0164 07       		.byte	0x7
 567 0165 2E       		.byte	0x2e
 568 0166 C3030000 		.4byte	.LASF25
 569 016a 89000000 		.4byte	0x89
 570 016e 01       		.byte	0x1
 571 016f 02       		.uleb128 0x2
 572 0170 10       		.byte	0x10
 573 0171 00       		.uleb128 0
 574 0172 0F010000 		.4byte	0x10f
 575 0176 01       		.byte	0x1
 576 0177 7F010000 		.4byte	0x17f
 577 017b 8A010000 		.4byte	0x18a
 578 017f 0C       		.uleb128 0xc
 579 0180 80030000 		.4byte	0x380
 580 0184 0D       		.uleb128 0xd
 581 0185 D7000000 		.4byte	0xd7
 582 0189 00       		.byte	0
 583 018a 0E       		.uleb128 0xe
 584 018b 31050000 		.4byte	.LASF24
ARM GAS  C:\Users\Chuck\AppData\Local\Temp\ccSziqGQ.s 			page 13


 585 018f 07       		.byte	0x7
 586 0190 2F       		.byte	0x2f
 587 0191 0E040000 		.4byte	.LASF26
 588 0195 89000000 		.4byte	0x89
 589 0199 01       		.byte	0x1
 590 019a 02       		.uleb128 0x2
 591 019b 10       		.byte	0x10
 592 019c 01       		.uleb128 0x1
 593 019d 0F010000 		.4byte	0x10f
 594 01a1 01       		.byte	0x1
 595 01a2 AA010000 		.4byte	0x1aa
 596 01a6 B5010000 		.4byte	0x1b5
 597 01aa 0C       		.uleb128 0xc
 598 01ab 7A030000 		.4byte	0x37a
 599 01af 0D       		.uleb128 0xd
 600 01b0 D7000000 		.4byte	0xd7
 601 01b4 00       		.byte	0
 602 01b5 0E       		.uleb128 0xe
 603 01b6 DB020000 		.4byte	.LASF27
 604 01ba 07       		.byte	0x7
 605 01bb 30       		.byte	0x30
 606 01bc 7D040000 		.4byte	.LASF28
 607 01c0 E4000000 		.4byte	0xe4
 608 01c4 01       		.byte	0x1
 609 01c5 02       		.uleb128 0x2
 610 01c6 10       		.byte	0x10
 611 01c7 02       		.uleb128 0x2
 612 01c8 0F010000 		.4byte	0x10f
 613 01cc 01       		.byte	0x1
 614 01cd D5010000 		.4byte	0x1d5
 615 01d1 DB010000 		.4byte	0x1db
 616 01d5 0C       		.uleb128 0xc
 617 01d6 7A030000 		.4byte	0x37a
 618 01da 00       		.byte	0
 619 01db 0E       		.uleb128 0xe
 620 01dc B2000000 		.4byte	.LASF29
 621 01e0 07       		.byte	0x7
 622 01e1 31       		.byte	0x31
 623 01e2 53030000 		.4byte	.LASF30
 624 01e6 E4000000 		.4byte	0xe4
 625 01ea 01       		.byte	0x1
 626 01eb 02       		.uleb128 0x2
 627 01ec 10       		.byte	0x10
 628 01ed 03       		.uleb128 0x3
 629 01ee 0F010000 		.4byte	0x10f
 630 01f2 01       		.byte	0x1
 631 01f3 FB010000 		.4byte	0x1fb
 632 01f7 01020000 		.4byte	0x201
 633 01fb 0C       		.uleb128 0xc
 634 01fc 7A030000 		.4byte	0x37a
 635 0200 00       		.byte	0
 636 0201 0F       		.uleb128 0xf
 637 0202 3D050000 		.4byte	.LASF39
 638 0206 07       		.byte	0x7
 639 0207 3E       		.byte	0x3e
 640 0208 B9000000 		.4byte	.LASF74
 641 020c 89000000 		.4byte	0x89
ARM GAS  C:\Users\Chuck\AppData\Local\Temp\ccSziqGQ.s 			page 14


 642 0210 01       		.byte	0x1
 643 0211 20020000 		.4byte	0x220
 644 0215 0D       		.uleb128 0xd
 645 0216 D7000000 		.4byte	0xd7
 646 021a 0D       		.uleb128 0xd
 647 021b F6000000 		.4byte	0xf6
 648 021f 00       		.byte	0
 649 0220 10       		.uleb128 0x10
 650 0221 73020000 		.4byte	.LASF31
 651 0225 07       		.byte	0x7
 652 0226 64       		.byte	0x64
 653 0227 E5040000 		.4byte	.LASF75
 654 022b 89000000 		.4byte	0x89
 655 022f 01       		.byte	0x1
 656 0230 0D       		.uleb128 0xd
 657 0231 A0050000 		.4byte	0x5a0
 658 0235 0D       		.uleb128 0xd
 659 0236 87050000 		.4byte	0x587
 660 023a 00       		.byte	0
 661 023b 00       		.byte	0
 662 023c 07       		.uleb128 0x7
 663 023d 0F010000 		.4byte	0x10f
 664 0241 11       		.uleb128 0x11
 665 0242 0B       		.byte	0xb
 666 0243 5E       		.byte	0x5e
 667 0244 54020000 		.4byte	0x254
 668 0248 00       		.byte	0
 669 0249 12       		.uleb128 0x12
 670 024a 02010000 		.4byte	.LASF32
 671 024e 08       		.byte	0x8
 672 024f 0A       		.byte	0xa
 673 0250 7A030000 		.4byte	0x37a
 674 0254 13       		.uleb128 0x13
 675 0255 B1020000 		.4byte	.LASF33
 676 0259 18       		.byte	0x18
 677 025a 08       		.byte	0x8
 678 025b 0C       		.byte	0xc
 679 025c 0F010000 		.4byte	0x10f
 680 0260 65030000 		.4byte	0x365
 681 0264 14       		.uleb128 0x14
 682 0265 0F010000 		.4byte	0x10f
 683 0269 00       		.byte	0
 684 026a 01       		.byte	0x1
 685 026b 15       		.uleb128 0x15
 686 026c A8020000 		.4byte	.LASF34
 687 0270 08       		.byte	0x8
 688 0271 0F       		.byte	0xf
 689 0272 A2000000 		.4byte	0xa2
 690 0276 04       		.byte	0x4
 691 0277 01       		.byte	0x1
 692 0278 15       		.uleb128 0x15
 693 0279 A7000000 		.4byte	.LASF35
 694 027d 08       		.byte	0x8
 695 027e 10       		.byte	0x10
 696 027f E4000000 		.4byte	0xe4
 697 0283 08       		.byte	0x8
 698 0284 01       		.byte	0x1
ARM GAS  C:\Users\Chuck\AppData\Local\Temp\ccSziqGQ.s 			page 15


 699 0285 15       		.uleb128 0x15
 700 0286 11010000 		.4byte	.LASF36
 701 028a 08       		.byte	0x8
 702 028b 11       		.byte	0x11
 703 028c E4000000 		.4byte	0xe4
 704 0290 0C       		.byte	0xc
 705 0291 01       		.byte	0x1
 706 0292 15       		.uleb128 0x15
 707 0293 1E050000 		.4byte	.LASF37
 708 0297 08       		.byte	0x8
 709 0298 12       		.byte	0x12
 710 0299 E4000000 		.4byte	0xe4
 711 029d 10       		.byte	0x10
 712 029e 01       		.byte	0x1
 713 029f 15       		.uleb128 0x15
 714 02a0 25050000 		.4byte	.LASF38
 715 02a4 08       		.byte	0x8
 716 02a5 13       		.byte	0x13
 717 02a6 AD000000 		.4byte	0xad
 718 02aa 14       		.byte	0x14
 719 02ab 01       		.byte	0x1
 720 02ac 16       		.uleb128 0x16
 721 02ad B1020000 		.4byte	.LASF33
 722 02b1 08       		.byte	0x8
 723 02b2 1D       		.byte	0x1d
 724 02b3 8D050000 		.4byte	0x58d
 725 02b7 01       		.byte	0x1
 726 02b8 C0020000 		.4byte	0x2c0
 727 02bc C6020000 		.4byte	0x2c6
 728 02c0 0C       		.uleb128 0xc
 729 02c1 8D050000 		.4byte	0x58d
 730 02c5 00       		.byte	0
 731 02c6 0E       		.uleb128 0xe
 732 02c7 58050000 		.4byte	.LASF23
 733 02cb 08       		.byte	0x8
 734 02cc 26       		.byte	0x26
 735 02cd A9050000 		.4byte	.LASF40
 736 02d1 89000000 		.4byte	0x89
 737 02d5 01       		.byte	0x1
 738 02d6 02       		.uleb128 0x2
 739 02d7 10       		.byte	0x10
 740 02d8 00       		.uleb128 0
 741 02d9 54020000 		.4byte	0x254
 742 02dd 01       		.byte	0x1
 743 02de E6020000 		.4byte	0x2e6
 744 02e2 F1020000 		.4byte	0x2f1
 745 02e6 0C       		.uleb128 0xc
 746 02e7 93050000 		.4byte	0x593
 747 02eb 0D       		.uleb128 0xd
 748 02ec D7000000 		.4byte	0xd7
 749 02f0 00       		.byte	0
 750 02f1 0E       		.uleb128 0xe
 751 02f2 31050000 		.4byte	.LASF24
 752 02f6 08       		.byte	0x8
 753 02f7 4A       		.byte	0x4a
 754 02f8 02030000 		.4byte	.LASF41
 755 02fc 89000000 		.4byte	0x89
ARM GAS  C:\Users\Chuck\AppData\Local\Temp\ccSziqGQ.s 			page 16


 756 0300 01       		.byte	0x1
 757 0301 02       		.uleb128 0x2
 758 0302 10       		.byte	0x10
 759 0303 01       		.uleb128 0x1
 760 0304 54020000 		.4byte	0x254
 761 0308 01       		.byte	0x1
 762 0309 11030000 		.4byte	0x311
 763 030d 1C030000 		.4byte	0x31c
 764 0311 0C       		.uleb128 0xc
 765 0312 8D050000 		.4byte	0x58d
 766 0316 0D       		.uleb128 0xd
 767 0317 D7000000 		.4byte	0xd7
 768 031b 00       		.byte	0
 769 031c 0E       		.uleb128 0xe
 770 031d DB020000 		.4byte	.LASF27
 771 0321 08       		.byte	0x8
 772 0322 7B       		.byte	0x7b
 773 0323 4B020000 		.4byte	.LASF42
 774 0327 E4000000 		.4byte	0xe4
 775 032b 01       		.byte	0x1
 776 032c 02       		.uleb128 0x2
 777 032d 10       		.byte	0x10
 778 032e 02       		.uleb128 0x2
 779 032f 54020000 		.4byte	0x254
 780 0333 01       		.byte	0x1
 781 0334 3C030000 		.4byte	0x33c
 782 0338 42030000 		.4byte	0x342
 783 033c 0C       		.uleb128 0xc
 784 033d 8D050000 		.4byte	0x58d
 785 0341 00       		.byte	0
 786 0342 17       		.uleb128 0x17
 787 0343 B2000000 		.4byte	.LASF29
 788 0347 08       		.byte	0x8
 789 0348 7C       		.byte	0x7c
 790 0349 1E010000 		.4byte	.LASF48
 791 034d E4000000 		.4byte	0xe4
 792 0351 01       		.byte	0x1
 793 0352 02       		.uleb128 0x2
 794 0353 10       		.byte	0x10
 795 0354 03       		.uleb128 0x3
 796 0355 54020000 		.4byte	0x254
 797 0359 01       		.byte	0x1
 798 035a 5E030000 		.4byte	0x35e
 799 035e 0C       		.uleb128 0xc
 800 035f 8D050000 		.4byte	0x58d
 801 0363 00       		.byte	0
 802 0364 00       		.byte	0
 803 0365 07       		.uleb128 0x7
 804 0366 54020000 		.4byte	0x254
 805 036a 18       		.uleb128 0x18
 806 036b C3040000 		.4byte	.LASF69
 807 036f 0A       		.byte	0xa
 808 0370 0B       		.byte	0xb
 809 0371 57070000 		.4byte	0x757
 810 0375 4A000000 		.4byte	.LASF76
 811 0379 00       		.byte	0
 812 037a 06       		.uleb128 0x6
ARM GAS  C:\Users\Chuck\AppData\Local\Temp\ccSziqGQ.s 			page 17


 813 037b 04       		.byte	0x4
 814 037c 0F010000 		.4byte	0x10f
 815 0380 06       		.uleb128 0x6
 816 0381 04       		.byte	0x4
 817 0382 3C020000 		.4byte	0x23c
 818 0386 19       		.uleb128 0x19
 819 0387 04       		.byte	0x4
 820 0388 3C020000 		.4byte	0x23c
 821 038c 13       		.uleb128 0x13
 822 038d 09000000 		.4byte	.LASF43
 823 0391 04       		.byte	0x4
 824 0392 02       		.byte	0x2
 825 0393 1F       		.byte	0x1f
 826 0394 8C030000 		.4byte	0x38c
 827 0398 6E040000 		.4byte	0x46e
 828 039c 0A       		.uleb128 0xa
 829 039d E3030000 		.4byte	.LASF45
 830 03a1 6C050000 		.4byte	0x56c
 831 03a5 00       		.byte	0
 832 03a6 01       		.byte	0x1
 833 03a7 1A       		.uleb128 0x1a
 834 03a8 89020000 		.4byte	.LASF46
 835 03ac D5000000 		.4byte	0xd5
 836 03b0 01       		.byte	0x1
 837 03b1 B9030000 		.4byte	0x3b9
 838 03b5 C4030000 		.4byte	0x3c4
 839 03b9 0C       		.uleb128 0xc
 840 03ba 6E040000 		.4byte	0x46e
 841 03be 0C       		.uleb128 0xc
 842 03bf 89000000 		.4byte	0x89
 843 03c3 00       		.byte	0
 844 03c4 1A       		.uleb128 0x1a
 845 03c5 09000000 		.4byte	.LASF43
 846 03c9 6E040000 		.4byte	0x46e
 847 03cd 01       		.byte	0x1
 848 03ce D6030000 		.4byte	0x3d6
 849 03d2 E1030000 		.4byte	0x3e1
 850 03d6 0C       		.uleb128 0xc
 851 03d7 6E040000 		.4byte	0x46e
 852 03db 0D       		.uleb128 0xd
 853 03dc 7C050000 		.4byte	0x57c
 854 03e0 00       		.byte	0
 855 03e1 1A       		.uleb128 0x1a
 856 03e2 09000000 		.4byte	.LASF43
 857 03e6 6E040000 		.4byte	0x46e
 858 03ea 01       		.byte	0x1
 859 03eb F3030000 		.4byte	0x3f3
 860 03ef F9030000 		.4byte	0x3f9
 861 03f3 0C       		.uleb128 0xc
 862 03f4 6E040000 		.4byte	0x46e
 863 03f8 00       		.byte	0
 864 03f9 1B       		.uleb128 0x1b
 865 03fa 66000000 		.4byte	.LASF47
 866 03fe 02       		.byte	0x2
 867 03ff 22       		.byte	0x22
 868 0400 E6000000 		.4byte	.LASF49
 869 0404 01       		.byte	0x1
ARM GAS  C:\Users\Chuck\AppData\Local\Temp\ccSziqGQ.s 			page 18


 870 0405 02       		.uleb128 0x2
 871 0406 10       		.byte	0x10
 872 0407 00       		.uleb128 0
 873 0408 8C030000 		.4byte	0x38c
 874 040c 01       		.byte	0x1
 875 040d 15040000 		.4byte	0x415
 876 0411 20040000 		.4byte	0x420
 877 0415 0C       		.uleb128 0xc
 878 0416 6E040000 		.4byte	0x46e
 879 041a 0D       		.uleb128 0xd
 880 041b 74000000 		.4byte	0x74
 881 041f 00       		.byte	0
 882 0420 0E       		.uleb128 0xe
 883 0421 4B010000 		.4byte	.LASF50
 884 0425 02       		.byte	0x2
 885 0426 23       		.byte	0x23
 886 0427 62050000 		.4byte	.LASF51
 887 042b 89000000 		.4byte	0x89
 888 042f 01       		.byte	0x1
 889 0430 02       		.uleb128 0x2
 890 0431 10       		.byte	0x10
 891 0432 01       		.uleb128 0x1
 892 0433 8C030000 		.4byte	0x38c
 893 0437 01       		.byte	0x1
 894 0438 40040000 		.4byte	0x440
 895 043c 46040000 		.4byte	0x446
 896 0440 0C       		.uleb128 0xc
 897 0441 6E040000 		.4byte	0x46e
 898 0445 00       		.byte	0
 899 0446 17       		.uleb128 0x17
 900 0447 18050000 		.4byte	.LASF52
 901 044b 02       		.byte	0x2
 902 044c 24       		.byte	0x24
 903 044d 6C000000 		.4byte	.LASF53
 904 0451 C3000000 		.4byte	0xc3
 905 0455 01       		.byte	0x1
 906 0456 02       		.uleb128 0x2
 907 0457 10       		.byte	0x10
 908 0458 02       		.uleb128 0x2
 909 0459 8C030000 		.4byte	0x38c
 910 045d 01       		.byte	0x1
 911 045e 62040000 		.4byte	0x462
 912 0462 0C       		.uleb128 0xc
 913 0463 6E040000 		.4byte	0x46e
 914 0467 0D       		.uleb128 0xd
 915 0468 97000000 		.4byte	0x97
 916 046c 00       		.byte	0
 917 046d 00       		.byte	0
 918 046e 06       		.uleb128 0x6
 919 046f 04       		.byte	0x4
 920 0470 8C030000 		.4byte	0x38c
 921 0474 03       		.uleb128 0x3
 922 0475 69040000 		.4byte	.LASF54
 923 0479 09       		.byte	0x9
 924 047a 5D       		.byte	0x5d
 925 047b 74000000 		.4byte	0x74
 926 047f 03       		.uleb128 0x3
ARM GAS  C:\Users\Chuck\AppData\Local\Temp\ccSziqGQ.s 			page 19


 927 0480 AA030000 		.4byte	.LASF55
 928 0484 09       		.byte	0x9
 929 0485 F2       		.byte	0xf2
 930 0486 8A040000 		.4byte	0x48a
 931 048a 1C       		.uleb128 0x1c
 932 048b 74040000 		.4byte	0x474
 933 048f 13       		.uleb128 0x13
 934 0490 99020000 		.4byte	.LASF56
 935 0494 04       		.byte	0x4
 936 0495 03       		.byte	0x3
 937 0496 15       		.byte	0x15
 938 0497 8C030000 		.4byte	0x38c
 939 049b 50050000 		.4byte	0x550
 940 049f 14       		.uleb128 0x14
 941 04a0 8C030000 		.4byte	0x38c
 942 04a4 00       		.byte	0
 943 04a5 01       		.byte	0x1
 944 04a6 1A       		.uleb128 0x1a
 945 04a7 99020000 		.4byte	.LASF56
 946 04ab 50050000 		.4byte	0x550
 947 04af 01       		.byte	0x1
 948 04b0 B8040000 		.4byte	0x4b8
 949 04b4 C3040000 		.4byte	0x4c3
 950 04b8 0C       		.uleb128 0xc
 951 04b9 50050000 		.4byte	0x550
 952 04bd 0D       		.uleb128 0xd
 953 04be 56050000 		.4byte	0x556
 954 04c2 00       		.byte	0
 955 04c3 1A       		.uleb128 0x1a
 956 04c4 99020000 		.4byte	.LASF56
 957 04c8 50050000 		.4byte	0x550
 958 04cc 01       		.byte	0x1
 959 04cd D5040000 		.4byte	0x4d5
 960 04d1 DB040000 		.4byte	0x4db
 961 04d5 0C       		.uleb128 0xc
 962 04d6 50050000 		.4byte	0x550
 963 04da 00       		.byte	0
 964 04db 1B       		.uleb128 0x1b
 965 04dc 66000000 		.4byte	.LASF47
 966 04e0 01       		.byte	0x1
 967 04e1 11       		.byte	0x11
 968 04e2 CA020000 		.4byte	.LASF57
 969 04e6 01       		.byte	0x1
 970 04e7 02       		.uleb128 0x2
 971 04e8 10       		.byte	0x10
 972 04e9 00       		.uleb128 0
 973 04ea 8F040000 		.4byte	0x48f
 974 04ee 01       		.byte	0x1
 975 04ef F7040000 		.4byte	0x4f7
 976 04f3 02050000 		.4byte	0x502
 977 04f7 0C       		.uleb128 0xc
 978 04f8 50050000 		.4byte	0x550
 979 04fc 0D       		.uleb128 0xd
 980 04fd 74000000 		.4byte	0x74
 981 0501 00       		.byte	0
 982 0502 0E       		.uleb128 0xe
 983 0503 4B010000 		.4byte	.LASF50
ARM GAS  C:\Users\Chuck\AppData\Local\Temp\ccSziqGQ.s 			page 20


 984 0507 01       		.byte	0x1
 985 0508 19       		.byte	0x19
 986 0509 5E010000 		.4byte	.LASF58
 987 050d 89000000 		.4byte	0x89
 988 0511 01       		.byte	0x1
 989 0512 02       		.uleb128 0x2
 990 0513 10       		.byte	0x10
 991 0514 01       		.uleb128 0x1
 992 0515 8F040000 		.4byte	0x48f
 993 0519 01       		.byte	0x1
 994 051a 22050000 		.4byte	0x522
 995 051e 28050000 		.4byte	0x528
 996 0522 0C       		.uleb128 0xc
 997 0523 50050000 		.4byte	0x550
 998 0527 00       		.byte	0
 999 0528 17       		.uleb128 0x17
 1000 0529 18050000 		.4byte	.LASF52
 1001 052d 01       		.byte	0x1
 1002 052e 27       		.byte	0x27
 1003 052f 7E030000 		.4byte	.LASF59
 1004 0533 C3000000 		.4byte	0xc3
 1005 0537 01       		.byte	0x1
 1006 0538 02       		.uleb128 0x2
 1007 0539 10       		.byte	0x10
 1008 053a 02       		.uleb128 0x2
 1009 053b 8F040000 		.4byte	0x48f
 1010 053f 01       		.byte	0x1
 1011 0540 44050000 		.4byte	0x544
 1012 0544 0C       		.uleb128 0xc
 1013 0545 50050000 		.4byte	0x550
 1014 0549 0D       		.uleb128 0xd
 1015 054a 97000000 		.4byte	0x97
 1016 054e 00       		.byte	0
 1017 054f 00       		.byte	0
 1018 0550 06       		.uleb128 0x6
 1019 0551 04       		.byte	0x4
 1020 0552 8F040000 		.4byte	0x48f
 1021 0556 19       		.uleb128 0x19
 1022 0557 04       		.byte	0x4
 1023 0558 5C050000 		.4byte	0x55c
 1024 055c 07       		.uleb128 0x7
 1025 055d 8F040000 		.4byte	0x48f
 1026 0561 1D       		.uleb128 0x1d
 1027 0562 89000000 		.4byte	0x89
 1028 0566 6C050000 		.4byte	0x56c
 1029 056a 1E       		.uleb128 0x1e
 1030 056b 00       		.byte	0
 1031 056c 06       		.uleb128 0x6
 1032 056d 04       		.byte	0x4
 1033 056e 72050000 		.4byte	0x572
 1034 0572 1F       		.uleb128 0x1f
 1035 0573 04       		.byte	0x4
 1036 0574 93040000 		.4byte	.LASF77
 1037 0578 61050000 		.4byte	0x561
 1038 057c 19       		.uleb128 0x19
 1039 057d 04       		.byte	0x4
 1040 057e 82050000 		.4byte	0x582
ARM GAS  C:\Users\Chuck\AppData\Local\Temp\ccSziqGQ.s 			page 21


 1041 0582 07       		.uleb128 0x7
 1042 0583 8C030000 		.4byte	0x38c
 1043 0587 06       		.uleb128 0x6
 1044 0588 04       		.byte	0x4
 1045 0589 F6000000 		.4byte	0xf6
 1046 058d 06       		.uleb128 0x6
 1047 058e 04       		.byte	0x4
 1048 058f 54020000 		.4byte	0x254
 1049 0593 06       		.uleb128 0x6
 1050 0594 04       		.byte	0x4
 1051 0595 65030000 		.4byte	0x365
 1052 0599 20       		.uleb128 0x20
 1053 059a 00000000 		.4byte	.LASF78
 1054 059e 0C       		.byte	0xc
 1055 059f 0B       		.byte	0xb
 1056 05a0 06       		.uleb128 0x6
 1057 05a1 04       		.byte	0x4
 1058 05a2 A6050000 		.4byte	0x5a6
 1059 05a6 07       		.uleb128 0x7
 1060 05a7 37000000 		.4byte	0x37
 1061 05ab 21       		.uleb128 0x21
 1062 05ac DB040000 		.4byte	0x4db
 1063 05b0 00000000 		.4byte	.LFB158
 1064 05b4 48000000 		.4byte	.LFE158-.LFB158
 1065 05b8 01       		.uleb128 0x1
 1066 05b9 9C       		.byte	0x9c
 1067 05ba C2050000 		.4byte	0x5c2
 1068 05be 03060000 		.4byte	0x603
 1069 05c2 22       		.uleb128 0x22
 1070 05c3 5F040000 		.4byte	.LASF62
 1071 05c7 03060000 		.4byte	0x603
 1072 05cb 02       		.uleb128 0x2
 1073 05cc 91       		.byte	0x91
 1074 05cd 6C       		.sleb128 -20
 1075 05ce 23       		.uleb128 0x23
 1076 05cf EF020000 		.4byte	.LASF64
 1077 05d3 01       		.byte	0x1
 1078 05d4 11       		.byte	0x11
 1079 05d5 74000000 		.4byte	0x74
 1080 05d9 02       		.uleb128 0x2
 1081 05da 91       		.byte	0x91
 1082 05db 68       		.sleb128 -24
 1083 05dc 24       		.uleb128 0x24
 1084 05dd 0A000000 		.4byte	.LBB2
 1085 05e1 34000000 		.4byte	.LBE2-.LBB2
 1086 05e5 25       		.uleb128 0x25
 1087 05e6 DD030000 		.4byte	.LASF60
 1088 05ea 01       		.byte	0x1
 1089 05eb 13       		.byte	0x13
 1090 05ec B8000000 		.4byte	0xb8
 1091 05f0 02       		.uleb128 0x2
 1092 05f1 91       		.byte	0x91
 1093 05f2 74       		.sleb128 -12
 1094 05f3 25       		.uleb128 0x25
 1095 05f4 D5050000 		.4byte	.LASF61
 1096 05f8 01       		.byte	0x1
 1097 05f9 14       		.byte	0x14
ARM GAS  C:\Users\Chuck\AppData\Local\Temp\ccSziqGQ.s 			page 22


 1098 05fa A2000000 		.4byte	0xa2
 1099 05fe 02       		.uleb128 0x2
 1100 05ff 91       		.byte	0x91
 1101 0600 72       		.sleb128 -14
 1102 0601 00       		.byte	0
 1103 0602 00       		.byte	0
 1104 0603 07       		.uleb128 0x7
 1105 0604 50050000 		.4byte	0x550
 1106 0608 21       		.uleb128 0x21
 1107 0609 02050000 		.4byte	0x502
 1108 060d 00000000 		.4byte	.LFB159
 1109 0611 50000000 		.4byte	.LFE159-.LFB159
 1110 0615 01       		.uleb128 0x1
 1111 0616 9C       		.byte	0x9c
 1112 0617 1F060000 		.4byte	0x61f
 1113 061b 44060000 		.4byte	0x644
 1114 061f 22       		.uleb128 0x22
 1115 0620 5F040000 		.4byte	.LASF62
 1116 0624 03060000 		.4byte	0x603
 1117 0628 02       		.uleb128 0x2
 1118 0629 91       		.byte	0x91
 1119 062a 6C       		.sleb128 -20
 1120 062b 24       		.uleb128 0x24
 1121 062c 08000000 		.4byte	.LBB3
 1122 0630 3C000000 		.4byte	.LBE3-.LBB3
 1123 0634 25       		.uleb128 0x25
 1124 0635 64040000 		.4byte	.LASF63
 1125 0639 01       		.byte	0x1
 1126 063a 1A       		.byte	0x1a
 1127 063b AD000000 		.4byte	0xad
 1128 063f 02       		.uleb128 0x2
 1129 0640 91       		.byte	0x91
 1130 0641 74       		.sleb128 -12
 1131 0642 00       		.byte	0
 1132 0643 00       		.byte	0
 1133 0644 21       		.uleb128 0x21
 1134 0645 28050000 		.4byte	0x528
 1135 0649 00000000 		.4byte	.LFB160
 1136 064d 22000000 		.4byte	.LFE160-.LFB160
 1137 0651 01       		.uleb128 0x1
 1138 0652 9C       		.byte	0x9c
 1139 0653 5B060000 		.4byte	0x65b
 1140 0657 76060000 		.4byte	0x676
 1141 065b 22       		.uleb128 0x22
 1142 065c 5F040000 		.4byte	.LASF62
 1143 0660 03060000 		.4byte	0x603
 1144 0664 02       		.uleb128 0x2
 1145 0665 91       		.byte	0x91
 1146 0666 74       		.sleb128 -12
 1147 0667 23       		.uleb128 0x23
 1148 0668 64040000 		.4byte	.LASF63
 1149 066c 01       		.byte	0x1
 1150 066d 27       		.byte	0x27
 1151 066e 97000000 		.4byte	0x97
 1152 0672 02       		.uleb128 0x2
 1153 0673 91       		.byte	0x91
 1154 0674 73       		.sleb128 -13
ARM GAS  C:\Users\Chuck\AppData\Local\Temp\ccSziqGQ.s 			page 23


 1155 0675 00       		.byte	0
 1156 0676 26       		.uleb128 0x26
 1157 0677 E1030000 		.4byte	0x3e1
 1158 067b 02       		.byte	0x2
 1159 067c 1F       		.byte	0x1f
 1160 067d 02       		.byte	0x2
 1161 067e 86060000 		.4byte	0x686
 1162 0682 90060000 		.4byte	0x690
 1163 0686 27       		.uleb128 0x27
 1164 0687 5F040000 		.4byte	.LASF62
 1165 068b 90060000 		.4byte	0x690
 1166 068f 00       		.byte	0
 1167 0690 07       		.uleb128 0x7
 1168 0691 6E040000 		.4byte	0x46e
 1169 0695 28       		.uleb128 0x28
 1170 0696 76060000 		.4byte	0x676
 1171 069a 29000000 		.4byte	.LASF65
 1172 069e 00000000 		.4byte	.LFB163
 1173 06a2 1C000000 		.4byte	.LFE163-.LFB163
 1174 06a6 01       		.uleb128 0x1
 1175 06a7 9C       		.byte	0x9c
 1176 06a8 B0060000 		.4byte	0x6b0
 1177 06ac B9060000 		.4byte	0x6b9
 1178 06b0 29       		.uleb128 0x29
 1179 06b1 86060000 		.4byte	0x686
 1180 06b5 02       		.uleb128 0x2
 1181 06b6 91       		.byte	0x91
 1182 06b7 74       		.sleb128 -12
 1183 06b8 00       		.byte	0
 1184 06b9 26       		.uleb128 0x26
 1185 06ba C3040000 		.4byte	0x4c3
 1186 06be 03       		.byte	0x3
 1187 06bf 15       		.byte	0x15
 1188 06c0 02       		.byte	0x2
 1189 06c1 C9060000 		.4byte	0x6c9
 1190 06c5 D3060000 		.4byte	0x6d3
 1191 06c9 27       		.uleb128 0x27
 1192 06ca 5F040000 		.4byte	.LASF62
 1193 06ce 03060000 		.4byte	0x603
 1194 06d2 00       		.byte	0
 1195 06d3 2A       		.uleb128 0x2a
 1196 06d4 B9060000 		.4byte	0x6b9
 1197 06d8 70040000 		.4byte	.LASF66
 1198 06dc 00000000 		.4byte	.LFB165
 1199 06e0 24000000 		.4byte	.LFE165-.LFB165
 1200 06e4 01       		.uleb128 0x1
 1201 06e5 9C       		.byte	0x9c
 1202 06e6 EE060000 		.4byte	0x6ee
 1203 06ea F7060000 		.4byte	0x6f7
 1204 06ee 29       		.uleb128 0x29
 1205 06ef C9060000 		.4byte	0x6c9
 1206 06f3 02       		.uleb128 0x2
 1207 06f4 91       		.byte	0x91
 1208 06f5 74       		.sleb128 -12
 1209 06f6 00       		.byte	0
 1210 06f7 2B       		.uleb128 0x2b
 1211 06f8 2A040000 		.4byte	.LASF79
ARM GAS  C:\Users\Chuck\AppData\Local\Temp\ccSziqGQ.s 			page 24


 1212 06fc 00000000 		.4byte	.LFB167
 1213 0700 30000000 		.4byte	.LFE167-.LFB167
 1214 0704 01       		.uleb128 0x1
 1215 0705 9C       		.byte	0x9c
 1216 0706 27070000 		.4byte	0x727
 1217 070a 23       		.uleb128 0x23
 1218 070b BB020000 		.4byte	.LASF67
 1219 070f 01       		.byte	0x1
 1220 0710 2C       		.byte	0x2c
 1221 0711 89000000 		.4byte	0x89
 1222 0715 02       		.uleb128 0x2
 1223 0716 91       		.byte	0x91
 1224 0717 74       		.sleb128 -12
 1225 0718 23       		.uleb128 0x23
 1226 0719 54040000 		.4byte	.LASF68
 1227 071d 01       		.byte	0x1
 1228 071e 2C       		.byte	0x2c
 1229 071f 89000000 		.4byte	0x89
 1230 0723 02       		.uleb128 0x2
 1231 0724 91       		.byte	0x91
 1232 0725 70       		.sleb128 -16
 1233 0726 00       		.byte	0
 1234 0727 2C       		.uleb128 0x2c
 1235 0728 A3040000 		.4byte	.LASF80
 1236 072c 00000000 		.4byte	.LFB168
 1237 0730 18000000 		.4byte	.LFE168-.LFB168
 1238 0734 01       		.uleb128 0x1
 1239 0735 9C       		.byte	0x9c
 1240 0736 2D       		.uleb128 0x2d
 1241 0737 7D050000 		.4byte	.LASF70
 1242 073b 01       		.byte	0x1
 1243 073c 2C       		.byte	0x2c
 1244 073d 8F040000 		.4byte	0x48f
 1245 0741 05       		.uleb128 0x5
 1246 0742 03       		.byte	0x3
 1247 0743 00000000 		.4byte	Uart0
 1248 0747 2E       		.uleb128 0x2e
 1249 0748 DD000000 		.4byte	0xdd
 1250 074c 57070000 		.4byte	0x757
 1251 0750 2F       		.uleb128 0x2f
 1252 0751 CE000000 		.4byte	0xce
 1253 0755 1B       		.byte	0x1b
 1254 0756 00       		.byte	0
 1255 0757 07       		.uleb128 0x7
 1256 0758 47070000 		.4byte	0x747
 1257 075c 30       		.uleb128 0x30
 1258 075d 6A030000 		.4byte	0x36a
 1259 0761 05       		.uleb128 0x5
 1260 0762 03       		.byte	0x3
 1261 0763 14000000 		.4byte	_ZN14rosserial_msgsL12REQUESTPARAME
 1262 0767 00       		.byte	0
 1263              		.section	.debug_abbrev,"",%progbits
 1264              	.Ldebug_abbrev0:
 1265 0000 01       		.uleb128 0x1
 1266 0001 11       		.uleb128 0x11
 1267 0002 01       		.byte	0x1
 1268 0003 25       		.uleb128 0x25
ARM GAS  C:\Users\Chuck\AppData\Local\Temp\ccSziqGQ.s 			page 25


 1269 0004 0E       		.uleb128 0xe
 1270 0005 13       		.uleb128 0x13
 1271 0006 0B       		.uleb128 0xb
 1272 0007 03       		.uleb128 0x3
 1273 0008 0E       		.uleb128 0xe
 1274 0009 1B       		.uleb128 0x1b
 1275 000a 0E       		.uleb128 0xe
 1276 000b 55       		.uleb128 0x55
 1277 000c 17       		.uleb128 0x17
 1278 000d 11       		.uleb128 0x11
 1279 000e 01       		.uleb128 0x1
 1280 000f 10       		.uleb128 0x10
 1281 0010 17       		.uleb128 0x17
 1282 0011 00       		.byte	0
 1283 0012 00       		.byte	0
 1284 0013 02       		.uleb128 0x2
 1285 0014 24       		.uleb128 0x24
 1286 0015 00       		.byte	0
 1287 0016 0B       		.uleb128 0xb
 1288 0017 0B       		.uleb128 0xb
 1289 0018 3E       		.uleb128 0x3e
 1290 0019 0B       		.uleb128 0xb
 1291 001a 03       		.uleb128 0x3
 1292 001b 0E       		.uleb128 0xe
 1293 001c 00       		.byte	0
 1294 001d 00       		.byte	0
 1295 001e 03       		.uleb128 0x3
 1296 001f 16       		.uleb128 0x16
 1297 0020 00       		.byte	0
 1298 0021 03       		.uleb128 0x3
 1299 0022 0E       		.uleb128 0xe
 1300 0023 3A       		.uleb128 0x3a
 1301 0024 0B       		.uleb128 0xb
 1302 0025 3B       		.uleb128 0x3b
 1303 0026 0B       		.uleb128 0xb
 1304 0027 49       		.uleb128 0x49
 1305 0028 13       		.uleb128 0x13
 1306 0029 00       		.byte	0
 1307 002a 00       		.byte	0
 1308 002b 04       		.uleb128 0x4
 1309 002c 24       		.uleb128 0x24
 1310 002d 00       		.byte	0
 1311 002e 0B       		.uleb128 0xb
 1312 002f 0B       		.uleb128 0xb
 1313 0030 3E       		.uleb128 0x3e
 1314 0031 0B       		.uleb128 0xb
 1315 0032 03       		.uleb128 0x3
 1316 0033 08       		.uleb128 0x8
 1317 0034 00       		.byte	0
 1318 0035 00       		.byte	0
 1319 0036 05       		.uleb128 0x5
 1320 0037 0F       		.uleb128 0xf
 1321 0038 00       		.byte	0
 1322 0039 0B       		.uleb128 0xb
 1323 003a 0B       		.uleb128 0xb
 1324 003b 00       		.byte	0
 1325 003c 00       		.byte	0
ARM GAS  C:\Users\Chuck\AppData\Local\Temp\ccSziqGQ.s 			page 26


 1326 003d 06       		.uleb128 0x6
 1327 003e 0F       		.uleb128 0xf
 1328 003f 00       		.byte	0
 1329 0040 0B       		.uleb128 0xb
 1330 0041 0B       		.uleb128 0xb
 1331 0042 49       		.uleb128 0x49
 1332 0043 13       		.uleb128 0x13
 1333 0044 00       		.byte	0
 1334 0045 00       		.byte	0
 1335 0046 07       		.uleb128 0x7
 1336 0047 26       		.uleb128 0x26
 1337 0048 00       		.byte	0
 1338 0049 49       		.uleb128 0x49
 1339 004a 13       		.uleb128 0x13
 1340 004b 00       		.byte	0
 1341 004c 00       		.byte	0
 1342 004d 08       		.uleb128 0x8
 1343 004e 39       		.uleb128 0x39
 1344 004f 01       		.byte	0x1
 1345 0050 03       		.uleb128 0x3
 1346 0051 08       		.uleb128 0x8
 1347 0052 3A       		.uleb128 0x3a
 1348 0053 0B       		.uleb128 0xb
 1349 0054 3B       		.uleb128 0x3b
 1350 0055 0B       		.uleb128 0xb
 1351 0056 01       		.uleb128 0x1
 1352 0057 13       		.uleb128 0x13
 1353 0058 00       		.byte	0
 1354 0059 00       		.byte	0
 1355 005a 09       		.uleb128 0x9
 1356 005b 02       		.uleb128 0x2
 1357 005c 01       		.byte	0x1
 1358 005d 03       		.uleb128 0x3
 1359 005e 08       		.uleb128 0x8
 1360 005f 0B       		.uleb128 0xb
 1361 0060 0B       		.uleb128 0xb
 1362 0061 3A       		.uleb128 0x3a
 1363 0062 0B       		.uleb128 0xb
 1364 0063 3B       		.uleb128 0x3b
 1365 0064 0B       		.uleb128 0xb
 1366 0065 1D       		.uleb128 0x1d
 1367 0066 13       		.uleb128 0x13
 1368 0067 01       		.uleb128 0x1
 1369 0068 13       		.uleb128 0x13
 1370 0069 00       		.byte	0
 1371 006a 00       		.byte	0
 1372 006b 0A       		.uleb128 0xa
 1373 006c 0D       		.uleb128 0xd
 1374 006d 00       		.byte	0
 1375 006e 03       		.uleb128 0x3
 1376 006f 0E       		.uleb128 0xe
 1377 0070 49       		.uleb128 0x49
 1378 0071 13       		.uleb128 0x13
 1379 0072 38       		.uleb128 0x38
 1380 0073 0B       		.uleb128 0xb
 1381 0074 34       		.uleb128 0x34
 1382 0075 19       		.uleb128 0x19
ARM GAS  C:\Users\Chuck\AppData\Local\Temp\ccSziqGQ.s 			page 27


 1383 0076 32       		.uleb128 0x32
 1384 0077 0B       		.uleb128 0xb
 1385 0078 00       		.byte	0
 1386 0079 00       		.byte	0
 1387 007a 0B       		.uleb128 0xb
 1388 007b 2E       		.uleb128 0x2e
 1389 007c 01       		.byte	0x1
 1390 007d 3F       		.uleb128 0x3f
 1391 007e 19       		.uleb128 0x19
 1392 007f 03       		.uleb128 0x3
 1393 0080 08       		.uleb128 0x8
 1394 0081 49       		.uleb128 0x49
 1395 0082 13       		.uleb128 0x13
 1396 0083 34       		.uleb128 0x34
 1397 0084 19       		.uleb128 0x19
 1398 0085 32       		.uleb128 0x32
 1399 0086 0B       		.uleb128 0xb
 1400 0087 3C       		.uleb128 0x3c
 1401 0088 19       		.uleb128 0x19
 1402 0089 64       		.uleb128 0x64
 1403 008a 13       		.uleb128 0x13
 1404 008b 01       		.uleb128 0x1
 1405 008c 13       		.uleb128 0x13
 1406 008d 00       		.byte	0
 1407 008e 00       		.byte	0
 1408 008f 0C       		.uleb128 0xc
 1409 0090 05       		.uleb128 0x5
 1410 0091 00       		.byte	0
 1411 0092 49       		.uleb128 0x49
 1412 0093 13       		.uleb128 0x13
 1413 0094 34       		.uleb128 0x34
 1414 0095 19       		.uleb128 0x19
 1415 0096 00       		.byte	0
 1416 0097 00       		.byte	0
 1417 0098 0D       		.uleb128 0xd
 1418 0099 05       		.uleb128 0x5
 1419 009a 00       		.byte	0
 1420 009b 49       		.uleb128 0x49
 1421 009c 13       		.uleb128 0x13
 1422 009d 00       		.byte	0
 1423 009e 00       		.byte	0
 1424 009f 0E       		.uleb128 0xe
 1425 00a0 2E       		.uleb128 0x2e
 1426 00a1 01       		.byte	0x1
 1427 00a2 3F       		.uleb128 0x3f
 1428 00a3 19       		.uleb128 0x19
 1429 00a4 03       		.uleb128 0x3
 1430 00a5 0E       		.uleb128 0xe
 1431 00a6 3A       		.uleb128 0x3a
 1432 00a7 0B       		.uleb128 0xb
 1433 00a8 3B       		.uleb128 0x3b
 1434 00a9 0B       		.uleb128 0xb
 1435 00aa 6E       		.uleb128 0x6e
 1436 00ab 0E       		.uleb128 0xe
 1437 00ac 49       		.uleb128 0x49
 1438 00ad 13       		.uleb128 0x13
 1439 00ae 4C       		.uleb128 0x4c
ARM GAS  C:\Users\Chuck\AppData\Local\Temp\ccSziqGQ.s 			page 28


 1440 00af 0B       		.uleb128 0xb
 1441 00b0 4D       		.uleb128 0x4d
 1442 00b1 18       		.uleb128 0x18
 1443 00b2 1D       		.uleb128 0x1d
 1444 00b3 13       		.uleb128 0x13
 1445 00b4 32       		.uleb128 0x32
 1446 00b5 0B       		.uleb128 0xb
 1447 00b6 3C       		.uleb128 0x3c
 1448 00b7 19       		.uleb128 0x19
 1449 00b8 64       		.uleb128 0x64
 1450 00b9 13       		.uleb128 0x13
 1451 00ba 01       		.uleb128 0x1
 1452 00bb 13       		.uleb128 0x13
 1453 00bc 00       		.byte	0
 1454 00bd 00       		.byte	0
 1455 00be 0F       		.uleb128 0xf
 1456 00bf 2E       		.uleb128 0x2e
 1457 00c0 01       		.byte	0x1
 1458 00c1 3F       		.uleb128 0x3f
 1459 00c2 19       		.uleb128 0x19
 1460 00c3 03       		.uleb128 0x3
 1461 00c4 0E       		.uleb128 0xe
 1462 00c5 3A       		.uleb128 0x3a
 1463 00c6 0B       		.uleb128 0xb
 1464 00c7 3B       		.uleb128 0x3b
 1465 00c8 0B       		.uleb128 0xb
 1466 00c9 6E       		.uleb128 0x6e
 1467 00ca 0E       		.uleb128 0xe
 1468 00cb 49       		.uleb128 0x49
 1469 00cc 13       		.uleb128 0x13
 1470 00cd 32       		.uleb128 0x32
 1471 00ce 0B       		.uleb128 0xb
 1472 00cf 3C       		.uleb128 0x3c
 1473 00d0 19       		.uleb128 0x19
 1474 00d1 01       		.uleb128 0x1
 1475 00d2 13       		.uleb128 0x13
 1476 00d3 00       		.byte	0
 1477 00d4 00       		.byte	0
 1478 00d5 10       		.uleb128 0x10
 1479 00d6 2E       		.uleb128 0x2e
 1480 00d7 01       		.byte	0x1
 1481 00d8 3F       		.uleb128 0x3f
 1482 00d9 19       		.uleb128 0x19
 1483 00da 03       		.uleb128 0x3
 1484 00db 0E       		.uleb128 0xe
 1485 00dc 3A       		.uleb128 0x3a
 1486 00dd 0B       		.uleb128 0xb
 1487 00de 3B       		.uleb128 0x3b
 1488 00df 0B       		.uleb128 0xb
 1489 00e0 6E       		.uleb128 0x6e
 1490 00e1 0E       		.uleb128 0xe
 1491 00e2 49       		.uleb128 0x49
 1492 00e3 13       		.uleb128 0x13
 1493 00e4 32       		.uleb128 0x32
 1494 00e5 0B       		.uleb128 0xb
 1495 00e6 3C       		.uleb128 0x3c
 1496 00e7 19       		.uleb128 0x19
ARM GAS  C:\Users\Chuck\AppData\Local\Temp\ccSziqGQ.s 			page 29


 1497 00e8 00       		.byte	0
 1498 00e9 00       		.byte	0
 1499 00ea 11       		.uleb128 0x11
 1500 00eb 08       		.uleb128 0x8
 1501 00ec 00       		.byte	0
 1502 00ed 3A       		.uleb128 0x3a
 1503 00ee 0B       		.uleb128 0xb
 1504 00ef 3B       		.uleb128 0x3b
 1505 00f0 0B       		.uleb128 0xb
 1506 00f1 18       		.uleb128 0x18
 1507 00f2 13       		.uleb128 0x13
 1508 00f3 00       		.byte	0
 1509 00f4 00       		.byte	0
 1510 00f5 12       		.uleb128 0x12
 1511 00f6 39       		.uleb128 0x39
 1512 00f7 01       		.byte	0x1
 1513 00f8 03       		.uleb128 0x3
 1514 00f9 0E       		.uleb128 0xe
 1515 00fa 3A       		.uleb128 0x3a
 1516 00fb 0B       		.uleb128 0xb
 1517 00fc 3B       		.uleb128 0x3b
 1518 00fd 0B       		.uleb128 0xb
 1519 00fe 01       		.uleb128 0x1
 1520 00ff 13       		.uleb128 0x13
 1521 0100 00       		.byte	0
 1522 0101 00       		.byte	0
 1523 0102 13       		.uleb128 0x13
 1524 0103 02       		.uleb128 0x2
 1525 0104 01       		.byte	0x1
 1526 0105 03       		.uleb128 0x3
 1527 0106 0E       		.uleb128 0xe
 1528 0107 0B       		.uleb128 0xb
 1529 0108 0B       		.uleb128 0xb
 1530 0109 3A       		.uleb128 0x3a
 1531 010a 0B       		.uleb128 0xb
 1532 010b 3B       		.uleb128 0x3b
 1533 010c 0B       		.uleb128 0xb
 1534 010d 1D       		.uleb128 0x1d
 1535 010e 13       		.uleb128 0x13
 1536 010f 01       		.uleb128 0x1
 1537 0110 13       		.uleb128 0x13
 1538 0111 00       		.byte	0
 1539 0112 00       		.byte	0
 1540 0113 14       		.uleb128 0x14
 1541 0114 1C       		.uleb128 0x1c
 1542 0115 00       		.byte	0
 1543 0116 49       		.uleb128 0x49
 1544 0117 13       		.uleb128 0x13
 1545 0118 38       		.uleb128 0x38
 1546 0119 0B       		.uleb128 0xb
 1547 011a 32       		.uleb128 0x32
 1548 011b 0B       		.uleb128 0xb
 1549 011c 00       		.byte	0
 1550 011d 00       		.byte	0
 1551 011e 15       		.uleb128 0x15
 1552 011f 0D       		.uleb128 0xd
 1553 0120 00       		.byte	0
ARM GAS  C:\Users\Chuck\AppData\Local\Temp\ccSziqGQ.s 			page 30


 1554 0121 03       		.uleb128 0x3
 1555 0122 0E       		.uleb128 0xe
 1556 0123 3A       		.uleb128 0x3a
 1557 0124 0B       		.uleb128 0xb
 1558 0125 3B       		.uleb128 0x3b
 1559 0126 0B       		.uleb128 0xb
 1560 0127 49       		.uleb128 0x49
 1561 0128 13       		.uleb128 0x13
 1562 0129 38       		.uleb128 0x38
 1563 012a 0B       		.uleb128 0xb
 1564 012b 32       		.uleb128 0x32
 1565 012c 0B       		.uleb128 0xb
 1566 012d 00       		.byte	0
 1567 012e 00       		.byte	0
 1568 012f 16       		.uleb128 0x16
 1569 0130 2E       		.uleb128 0x2e
 1570 0131 01       		.byte	0x1
 1571 0132 3F       		.uleb128 0x3f
 1572 0133 19       		.uleb128 0x19
 1573 0134 03       		.uleb128 0x3
 1574 0135 0E       		.uleb128 0xe
 1575 0136 3A       		.uleb128 0x3a
 1576 0137 0B       		.uleb128 0xb
 1577 0138 3B       		.uleb128 0x3b
 1578 0139 0B       		.uleb128 0xb
 1579 013a 49       		.uleb128 0x49
 1580 013b 13       		.uleb128 0x13
 1581 013c 32       		.uleb128 0x32
 1582 013d 0B       		.uleb128 0xb
 1583 013e 3C       		.uleb128 0x3c
 1584 013f 19       		.uleb128 0x19
 1585 0140 64       		.uleb128 0x64
 1586 0141 13       		.uleb128 0x13
 1587 0142 01       		.uleb128 0x1
 1588 0143 13       		.uleb128 0x13
 1589 0144 00       		.byte	0
 1590 0145 00       		.byte	0
 1591 0146 17       		.uleb128 0x17
 1592 0147 2E       		.uleb128 0x2e
 1593 0148 01       		.byte	0x1
 1594 0149 3F       		.uleb128 0x3f
 1595 014a 19       		.uleb128 0x19
 1596 014b 03       		.uleb128 0x3
 1597 014c 0E       		.uleb128 0xe
 1598 014d 3A       		.uleb128 0x3a
 1599 014e 0B       		.uleb128 0xb
 1600 014f 3B       		.uleb128 0x3b
 1601 0150 0B       		.uleb128 0xb
 1602 0151 6E       		.uleb128 0x6e
 1603 0152 0E       		.uleb128 0xe
 1604 0153 49       		.uleb128 0x49
 1605 0154 13       		.uleb128 0x13
 1606 0155 4C       		.uleb128 0x4c
 1607 0156 0B       		.uleb128 0xb
 1608 0157 4D       		.uleb128 0x4d
 1609 0158 18       		.uleb128 0x18
 1610 0159 1D       		.uleb128 0x1d
ARM GAS  C:\Users\Chuck\AppData\Local\Temp\ccSziqGQ.s 			page 31


 1611 015a 13       		.uleb128 0x13
 1612 015b 32       		.uleb128 0x32
 1613 015c 0B       		.uleb128 0xb
 1614 015d 3C       		.uleb128 0x3c
 1615 015e 19       		.uleb128 0x19
 1616 015f 64       		.uleb128 0x64
 1617 0160 13       		.uleb128 0x13
 1618 0161 00       		.byte	0
 1619 0162 00       		.byte	0
 1620 0163 18       		.uleb128 0x18
 1621 0164 34       		.uleb128 0x34
 1622 0165 00       		.byte	0
 1623 0166 03       		.uleb128 0x3
 1624 0167 0E       		.uleb128 0xe
 1625 0168 3A       		.uleb128 0x3a
 1626 0169 0B       		.uleb128 0xb
 1627 016a 3B       		.uleb128 0x3b
 1628 016b 0B       		.uleb128 0xb
 1629 016c 49       		.uleb128 0x49
 1630 016d 13       		.uleb128 0x13
 1631 016e 3C       		.uleb128 0x3c
 1632 016f 19       		.uleb128 0x19
 1633 0170 1C       		.uleb128 0x1c
 1634 0171 0E       		.uleb128 0xe
 1635 0172 00       		.byte	0
 1636 0173 00       		.byte	0
 1637 0174 19       		.uleb128 0x19
 1638 0175 10       		.uleb128 0x10
 1639 0176 00       		.byte	0
 1640 0177 0B       		.uleb128 0xb
 1641 0178 0B       		.uleb128 0xb
 1642 0179 49       		.uleb128 0x49
 1643 017a 13       		.uleb128 0x13
 1644 017b 00       		.byte	0
 1645 017c 00       		.byte	0
 1646 017d 1A       		.uleb128 0x1a
 1647 017e 2E       		.uleb128 0x2e
 1648 017f 01       		.byte	0x1
 1649 0180 3F       		.uleb128 0x3f
 1650 0181 19       		.uleb128 0x19
 1651 0182 03       		.uleb128 0x3
 1652 0183 0E       		.uleb128 0xe
 1653 0184 49       		.uleb128 0x49
 1654 0185 13       		.uleb128 0x13
 1655 0186 34       		.uleb128 0x34
 1656 0187 19       		.uleb128 0x19
 1657 0188 32       		.uleb128 0x32
 1658 0189 0B       		.uleb128 0xb
 1659 018a 3C       		.uleb128 0x3c
 1660 018b 19       		.uleb128 0x19
 1661 018c 64       		.uleb128 0x64
 1662 018d 13       		.uleb128 0x13
 1663 018e 01       		.uleb128 0x1
 1664 018f 13       		.uleb128 0x13
 1665 0190 00       		.byte	0
 1666 0191 00       		.byte	0
 1667 0192 1B       		.uleb128 0x1b
ARM GAS  C:\Users\Chuck\AppData\Local\Temp\ccSziqGQ.s 			page 32


 1668 0193 2E       		.uleb128 0x2e
 1669 0194 01       		.byte	0x1
 1670 0195 3F       		.uleb128 0x3f
 1671 0196 19       		.uleb128 0x19
 1672 0197 03       		.uleb128 0x3
 1673 0198 0E       		.uleb128 0xe
 1674 0199 3A       		.uleb128 0x3a
 1675 019a 0B       		.uleb128 0xb
 1676 019b 3B       		.uleb128 0x3b
 1677 019c 0B       		.uleb128 0xb
 1678 019d 6E       		.uleb128 0x6e
 1679 019e 0E       		.uleb128 0xe
 1680 019f 4C       		.uleb128 0x4c
 1681 01a0 0B       		.uleb128 0xb
 1682 01a1 4D       		.uleb128 0x4d
 1683 01a2 18       		.uleb128 0x18
 1684 01a3 1D       		.uleb128 0x1d
 1685 01a4 13       		.uleb128 0x13
 1686 01a5 32       		.uleb128 0x32
 1687 01a6 0B       		.uleb128 0xb
 1688 01a7 3C       		.uleb128 0x3c
 1689 01a8 19       		.uleb128 0x19
 1690 01a9 64       		.uleb128 0x64
 1691 01aa 13       		.uleb128 0x13
 1692 01ab 01       		.uleb128 0x1
 1693 01ac 13       		.uleb128 0x13
 1694 01ad 00       		.byte	0
 1695 01ae 00       		.byte	0
 1696 01af 1C       		.uleb128 0x1c
 1697 01b0 35       		.uleb128 0x35
 1698 01b1 00       		.byte	0
 1699 01b2 49       		.uleb128 0x49
 1700 01b3 13       		.uleb128 0x13
 1701 01b4 00       		.byte	0
 1702 01b5 00       		.byte	0
 1703 01b6 1D       		.uleb128 0x1d
 1704 01b7 15       		.uleb128 0x15
 1705 01b8 01       		.byte	0x1
 1706 01b9 49       		.uleb128 0x49
 1707 01ba 13       		.uleb128 0x13
 1708 01bb 01       		.uleb128 0x1
 1709 01bc 13       		.uleb128 0x13
 1710 01bd 00       		.byte	0
 1711 01be 00       		.byte	0
 1712 01bf 1E       		.uleb128 0x1e
 1713 01c0 18       		.uleb128 0x18
 1714 01c1 00       		.byte	0
 1715 01c2 00       		.byte	0
 1716 01c3 00       		.byte	0
 1717 01c4 1F       		.uleb128 0x1f
 1718 01c5 0F       		.uleb128 0xf
 1719 01c6 00       		.byte	0
 1720 01c7 0B       		.uleb128 0xb
 1721 01c8 0B       		.uleb128 0xb
 1722 01c9 03       		.uleb128 0x3
 1723 01ca 0E       		.uleb128 0xe
 1724 01cb 49       		.uleb128 0x49
ARM GAS  C:\Users\Chuck\AppData\Local\Temp\ccSziqGQ.s 			page 33


 1725 01cc 13       		.uleb128 0x13
 1726 01cd 00       		.byte	0
 1727 01ce 00       		.byte	0
 1728 01cf 20       		.uleb128 0x20
 1729 01d0 39       		.uleb128 0x39
 1730 01d1 00       		.byte	0
 1731 01d2 03       		.uleb128 0x3
 1732 01d3 0E       		.uleb128 0xe
 1733 01d4 3A       		.uleb128 0x3a
 1734 01d5 0B       		.uleb128 0xb
 1735 01d6 3B       		.uleb128 0x3b
 1736 01d7 0B       		.uleb128 0xb
 1737 01d8 00       		.byte	0
 1738 01d9 00       		.byte	0
 1739 01da 21       		.uleb128 0x21
 1740 01db 2E       		.uleb128 0x2e
 1741 01dc 01       		.byte	0x1
 1742 01dd 47       		.uleb128 0x47
 1743 01de 13       		.uleb128 0x13
 1744 01df 11       		.uleb128 0x11
 1745 01e0 01       		.uleb128 0x1
 1746 01e1 12       		.uleb128 0x12
 1747 01e2 06       		.uleb128 0x6
 1748 01e3 40       		.uleb128 0x40
 1749 01e4 18       		.uleb128 0x18
 1750 01e5 64       		.uleb128 0x64
 1751 01e6 13       		.uleb128 0x13
 1752 01e7 9642     		.uleb128 0x2116
 1753 01e9 19       		.uleb128 0x19
 1754 01ea 01       		.uleb128 0x1
 1755 01eb 13       		.uleb128 0x13
 1756 01ec 00       		.byte	0
 1757 01ed 00       		.byte	0
 1758 01ee 22       		.uleb128 0x22
 1759 01ef 05       		.uleb128 0x5
 1760 01f0 00       		.byte	0
 1761 01f1 03       		.uleb128 0x3
 1762 01f2 0E       		.uleb128 0xe
 1763 01f3 49       		.uleb128 0x49
 1764 01f4 13       		.uleb128 0x13
 1765 01f5 34       		.uleb128 0x34
 1766 01f6 19       		.uleb128 0x19
 1767 01f7 02       		.uleb128 0x2
 1768 01f8 18       		.uleb128 0x18
 1769 01f9 00       		.byte	0
 1770 01fa 00       		.byte	0
 1771 01fb 23       		.uleb128 0x23
 1772 01fc 05       		.uleb128 0x5
 1773 01fd 00       		.byte	0
 1774 01fe 03       		.uleb128 0x3
 1775 01ff 0E       		.uleb128 0xe
 1776 0200 3A       		.uleb128 0x3a
 1777 0201 0B       		.uleb128 0xb
 1778 0202 3B       		.uleb128 0x3b
 1779 0203 0B       		.uleb128 0xb
 1780 0204 49       		.uleb128 0x49
 1781 0205 13       		.uleb128 0x13
ARM GAS  C:\Users\Chuck\AppData\Local\Temp\ccSziqGQ.s 			page 34


 1782 0206 02       		.uleb128 0x2
 1783 0207 18       		.uleb128 0x18
 1784 0208 00       		.byte	0
 1785 0209 00       		.byte	0
 1786 020a 24       		.uleb128 0x24
 1787 020b 0B       		.uleb128 0xb
 1788 020c 01       		.byte	0x1
 1789 020d 11       		.uleb128 0x11
 1790 020e 01       		.uleb128 0x1
 1791 020f 12       		.uleb128 0x12
 1792 0210 06       		.uleb128 0x6
 1793 0211 00       		.byte	0
 1794 0212 00       		.byte	0
 1795 0213 25       		.uleb128 0x25
 1796 0214 34       		.uleb128 0x34
 1797 0215 00       		.byte	0
 1798 0216 03       		.uleb128 0x3
 1799 0217 0E       		.uleb128 0xe
 1800 0218 3A       		.uleb128 0x3a
 1801 0219 0B       		.uleb128 0xb
 1802 021a 3B       		.uleb128 0x3b
 1803 021b 0B       		.uleb128 0xb
 1804 021c 49       		.uleb128 0x49
 1805 021d 13       		.uleb128 0x13
 1806 021e 02       		.uleb128 0x2
 1807 021f 18       		.uleb128 0x18
 1808 0220 00       		.byte	0
 1809 0221 00       		.byte	0
 1810 0222 26       		.uleb128 0x26
 1811 0223 2E       		.uleb128 0x2e
 1812 0224 01       		.byte	0x1
 1813 0225 47       		.uleb128 0x47
 1814 0226 13       		.uleb128 0x13
 1815 0227 3A       		.uleb128 0x3a
 1816 0228 0B       		.uleb128 0xb
 1817 0229 3B       		.uleb128 0x3b
 1818 022a 0B       		.uleb128 0xb
 1819 022b 20       		.uleb128 0x20
 1820 022c 0B       		.uleb128 0xb
 1821 022d 64       		.uleb128 0x64
 1822 022e 13       		.uleb128 0x13
 1823 022f 01       		.uleb128 0x1
 1824 0230 13       		.uleb128 0x13
 1825 0231 00       		.byte	0
 1826 0232 00       		.byte	0
 1827 0233 27       		.uleb128 0x27
 1828 0234 05       		.uleb128 0x5
 1829 0235 00       		.byte	0
 1830 0236 03       		.uleb128 0x3
 1831 0237 0E       		.uleb128 0xe
 1832 0238 49       		.uleb128 0x49
 1833 0239 13       		.uleb128 0x13
 1834 023a 34       		.uleb128 0x34
 1835 023b 19       		.uleb128 0x19
 1836 023c 00       		.byte	0
 1837 023d 00       		.byte	0
 1838 023e 28       		.uleb128 0x28
ARM GAS  C:\Users\Chuck\AppData\Local\Temp\ccSziqGQ.s 			page 35


 1839 023f 2E       		.uleb128 0x2e
 1840 0240 01       		.byte	0x1
 1841 0241 31       		.uleb128 0x31
 1842 0242 13       		.uleb128 0x13
 1843 0243 6E       		.uleb128 0x6e
 1844 0244 0E       		.uleb128 0xe
 1845 0245 11       		.uleb128 0x11
 1846 0246 01       		.uleb128 0x1
 1847 0247 12       		.uleb128 0x12
 1848 0248 06       		.uleb128 0x6
 1849 0249 40       		.uleb128 0x40
 1850 024a 18       		.uleb128 0x18
 1851 024b 64       		.uleb128 0x64
 1852 024c 13       		.uleb128 0x13
 1853 024d 9742     		.uleb128 0x2117
 1854 024f 19       		.uleb128 0x19
 1855 0250 01       		.uleb128 0x1
 1856 0251 13       		.uleb128 0x13
 1857 0252 00       		.byte	0
 1858 0253 00       		.byte	0
 1859 0254 29       		.uleb128 0x29
 1860 0255 05       		.uleb128 0x5
 1861 0256 00       		.byte	0
 1862 0257 31       		.uleb128 0x31
 1863 0258 13       		.uleb128 0x13
 1864 0259 02       		.uleb128 0x2
 1865 025a 18       		.uleb128 0x18
 1866 025b 00       		.byte	0
 1867 025c 00       		.byte	0
 1868 025d 2A       		.uleb128 0x2a
 1869 025e 2E       		.uleb128 0x2e
 1870 025f 01       		.byte	0x1
 1871 0260 31       		.uleb128 0x31
 1872 0261 13       		.uleb128 0x13
 1873 0262 6E       		.uleb128 0x6e
 1874 0263 0E       		.uleb128 0xe
 1875 0264 11       		.uleb128 0x11
 1876 0265 01       		.uleb128 0x1
 1877 0266 12       		.uleb128 0x12
 1878 0267 06       		.uleb128 0x6
 1879 0268 40       		.uleb128 0x40
 1880 0269 18       		.uleb128 0x18
 1881 026a 64       		.uleb128 0x64
 1882 026b 13       		.uleb128 0x13
 1883 026c 9642     		.uleb128 0x2116
 1884 026e 19       		.uleb128 0x19
 1885 026f 01       		.uleb128 0x1
 1886 0270 13       		.uleb128 0x13
 1887 0271 00       		.byte	0
 1888 0272 00       		.byte	0
 1889 0273 2B       		.uleb128 0x2b
 1890 0274 2E       		.uleb128 0x2e
 1891 0275 01       		.byte	0x1
 1892 0276 03       		.uleb128 0x3
 1893 0277 0E       		.uleb128 0xe
 1894 0278 34       		.uleb128 0x34
 1895 0279 19       		.uleb128 0x19
ARM GAS  C:\Users\Chuck\AppData\Local\Temp\ccSziqGQ.s 			page 36


 1896 027a 11       		.uleb128 0x11
 1897 027b 01       		.uleb128 0x1
 1898 027c 12       		.uleb128 0x12
 1899 027d 06       		.uleb128 0x6
 1900 027e 40       		.uleb128 0x40
 1901 027f 18       		.uleb128 0x18
 1902 0280 9642     		.uleb128 0x2116
 1903 0282 19       		.uleb128 0x19
 1904 0283 01       		.uleb128 0x1
 1905 0284 13       		.uleb128 0x13
 1906 0285 00       		.byte	0
 1907 0286 00       		.byte	0
 1908 0287 2C       		.uleb128 0x2c
 1909 0288 2E       		.uleb128 0x2e
 1910 0289 00       		.byte	0
 1911 028a 03       		.uleb128 0x3
 1912 028b 0E       		.uleb128 0xe
 1913 028c 34       		.uleb128 0x34
 1914 028d 19       		.uleb128 0x19
 1915 028e 11       		.uleb128 0x11
 1916 028f 01       		.uleb128 0x1
 1917 0290 12       		.uleb128 0x12
 1918 0291 06       		.uleb128 0x6
 1919 0292 40       		.uleb128 0x40
 1920 0293 18       		.uleb128 0x18
 1921 0294 9642     		.uleb128 0x2116
 1922 0296 19       		.uleb128 0x19
 1923 0297 00       		.byte	0
 1924 0298 00       		.byte	0
 1925 0299 2D       		.uleb128 0x2d
 1926 029a 34       		.uleb128 0x34
 1927 029b 00       		.byte	0
 1928 029c 03       		.uleb128 0x3
 1929 029d 0E       		.uleb128 0xe
 1930 029e 3A       		.uleb128 0x3a
 1931 029f 0B       		.uleb128 0xb
 1932 02a0 3B       		.uleb128 0x3b
 1933 02a1 0B       		.uleb128 0xb
 1934 02a2 49       		.uleb128 0x49
 1935 02a3 13       		.uleb128 0x13
 1936 02a4 3F       		.uleb128 0x3f
 1937 02a5 19       		.uleb128 0x19
 1938 02a6 02       		.uleb128 0x2
 1939 02a7 18       		.uleb128 0x18
 1940 02a8 00       		.byte	0
 1941 02a9 00       		.byte	0
 1942 02aa 2E       		.uleb128 0x2e
 1943 02ab 01       		.uleb128 0x1
 1944 02ac 01       		.byte	0x1
 1945 02ad 49       		.uleb128 0x49
 1946 02ae 13       		.uleb128 0x13
 1947 02af 01       		.uleb128 0x1
 1948 02b0 13       		.uleb128 0x13
 1949 02b1 00       		.byte	0
 1950 02b2 00       		.byte	0
 1951 02b3 2F       		.uleb128 0x2f
 1952 02b4 21       		.uleb128 0x21
ARM GAS  C:\Users\Chuck\AppData\Local\Temp\ccSziqGQ.s 			page 37


 1953 02b5 00       		.byte	0
 1954 02b6 49       		.uleb128 0x49
 1955 02b7 13       		.uleb128 0x13
 1956 02b8 2F       		.uleb128 0x2f
 1957 02b9 0B       		.uleb128 0xb
 1958 02ba 00       		.byte	0
 1959 02bb 00       		.byte	0
 1960 02bc 30       		.uleb128 0x30
 1961 02bd 34       		.uleb128 0x34
 1962 02be 00       		.byte	0
 1963 02bf 47       		.uleb128 0x47
 1964 02c0 13       		.uleb128 0x13
 1965 02c1 02       		.uleb128 0x2
 1966 02c2 18       		.uleb128 0x18
 1967 02c3 00       		.byte	0
 1968 02c4 00       		.byte	0
 1969 02c5 00       		.byte	0
 1970              		.section	.debug_aranges,"",%progbits
 1971 0000 4C000000 		.4byte	0x4c
 1972 0004 0200     		.2byte	0x2
 1973 0006 00000000 		.4byte	.Ldebug_info0
 1974 000a 04       		.byte	0x4
 1975 000b 00       		.byte	0
 1976 000c 0000     		.2byte	0
 1977 000e 0000     		.2byte	0
 1978 0010 00000000 		.4byte	.LFB158
 1979 0014 48000000 		.4byte	.LFE158-.LFB158
 1980 0018 00000000 		.4byte	.LFB159
 1981 001c 50000000 		.4byte	.LFE159-.LFB159
 1982 0020 00000000 		.4byte	.LFB160
 1983 0024 22000000 		.4byte	.LFE160-.LFB160
 1984 0028 00000000 		.4byte	.LFB163
 1985 002c 1C000000 		.4byte	.LFE163-.LFB163
 1986 0030 00000000 		.4byte	.LFB165
 1987 0034 24000000 		.4byte	.LFE165-.LFB165
 1988 0038 00000000 		.4byte	.LFB167
 1989 003c 30000000 		.4byte	.LFE167-.LFB167
 1990 0040 00000000 		.4byte	.LFB168
 1991 0044 18000000 		.4byte	.LFE168-.LFB168
 1992 0048 00000000 		.4byte	0
 1993 004c 00000000 		.4byte	0
 1994              		.section	.debug_ranges,"",%progbits
 1995              	.Ldebug_ranges0:
 1996 0000 00000000 		.4byte	.LFB158
 1997 0004 48000000 		.4byte	.LFE158
 1998 0008 00000000 		.4byte	.LFB159
 1999 000c 50000000 		.4byte	.LFE159
 2000 0010 00000000 		.4byte	.LFB160
 2001 0014 22000000 		.4byte	.LFE160
 2002 0018 00000000 		.4byte	.LFB163
 2003 001c 1C000000 		.4byte	.LFE163
 2004 0020 00000000 		.4byte	.LFB165
 2005 0024 24000000 		.4byte	.LFE165
 2006 0028 00000000 		.4byte	.LFB167
 2007 002c 30000000 		.4byte	.LFE167
 2008 0030 00000000 		.4byte	.LFB168
 2009 0034 18000000 		.4byte	.LFE168
ARM GAS  C:\Users\Chuck\AppData\Local\Temp\ccSziqGQ.s 			page 38


 2010 0038 00000000 		.4byte	0
 2011 003c 00000000 		.4byte	0
 2012              		.section	.debug_line,"",%progbits
 2013              	.Ldebug_line0:
 2014 0000 F8020000 		.section	.debug_str,"MS",%progbits,1
 2014      02006602 
 2014      00000201 
 2014      FB0E0D00 
 2014      01010101 
 2015              	.LASF78:
 2016 0000 7374645F 		.ascii	"std_msgs\000"
 2016      6D736773 
 2016      00
 2017              	.LASF43:
 2018 0009 48617264 		.ascii	"HardwareSerial\000"
 2018      77617265 
 2018      53657269 
 2018      616C00
 2019              	.LASF2:
 2020 0018 73686F72 		.ascii	"short int\000"
 2020      7420696E 
 2020      7400
 2021              	.LASF17:
 2022 0022 73697A65 		.ascii	"size_t\000"
 2022      5F7400
 2023              	.LASF65:
 2024 0029 5F5A4E31 		.ascii	"_ZN14HardwareSerialC2Ev\000"
 2024      34486172 
 2024      64776172 
 2024      65536572 
 2024      69616C43 
 2025              	.LASF18:
 2026 0041 73697A65 		.ascii	"sizetype\000"
 2026      74797065 
 2026      00
 2027              	.LASF76:
 2028 004a 726F7373 		.ascii	"rosserial_msgs/RequestParam\000"
 2028      65726961 
 2028      6C5F6D73 
 2028      67732F52 
 2028      65717565 
 2029              	.LASF47:
 2030 0066 62656769 		.ascii	"begin\000"
 2030      6E00
 2031              	.LASF53:
 2032 006c 5F5A4E31 		.ascii	"_ZN14HardwareSerial5writeEh\000"
 2032      34486172 
 2032      64776172 
 2032      65536572 
 2032      69616C35 
 2033              	.LASF72:
 2034 0088 2E5C726F 		.ascii	".\\ros_lib\\Uarts.cpp\000"
 2034      735F6C69 
 2034      625C5561 
 2034      7274732E 
 2034      63707000 
 2035              	.LASF4:
ARM GAS  C:\Users\Chuck\AppData\Local\Temp\ccSziqGQ.s 			page 39


 2036 009c 5F5F7569 		.ascii	"__uint16_t\000"
 2036      6E743136 
 2036      5F7400
 2037              	.LASF35:
 2038 00a7 746F7069 		.ascii	"topic_name\000"
 2038      635F6E61 
 2038      6D6500
 2039              	.LASF29:
 2040 00b2 6765744D 		.ascii	"getMD5\000"
 2040      443500
 2041              	.LASF74:
 2042 00b9 5F5A4E33 		.ascii	"_ZN3ros3Msg19serializeAvrFloat64EPhf\000"
 2042      726F7333 
 2042      4D736731 
 2042      39736572 
 2042      69616C69 
 2043              	.LASF13:
 2044 00de 75696E74 		.ascii	"uint8_t\000"
 2044      385F7400 
 2045              	.LASF49:
 2046 00e6 5F5A4E31 		.ascii	"_ZN14HardwareSerial5beginEm\000"
 2046      34486172 
 2046      64776172 
 2046      65536572 
 2046      69616C35 
 2047              	.LASF32:
 2048 0102 726F7373 		.ascii	"rosserial_msgs\000"
 2048      65726961 
 2048      6C5F6D73 
 2048      677300
 2049              	.LASF36:
 2050 0111 6D657373 		.ascii	"message_type\000"
 2050      6167655F 
 2050      74797065 
 2050      00
 2051              	.LASF48:
 2052 011e 5F5A4E31 		.ascii	"_ZN14rosserial_msgs9TopicInfo6getMD5Ev\000"
 2052      34726F73 
 2052      73657269 
 2052      616C5F6D 
 2052      73677339 
 2053              	.LASF21:
 2054 0145 666C6F61 		.ascii	"float\000"
 2054      7400
 2055              	.LASF50:
 2056 014b 72656164 		.ascii	"read\000"
 2056      00
 2057              	.LASF10:
 2058 0150 6C6F6E67 		.ascii	"long long int\000"
 2058      206C6F6E 
 2058      6720696E 
 2058      7400
 2059              	.LASF58:
 2060 015e 5F5A4E34 		.ascii	"_ZN4Uart4readEv\000"
 2060      55617274 
 2060      34726561 
 2060      64457600 
ARM GAS  C:\Users\Chuck\AppData\Local\Temp\ccSziqGQ.s 			page 40


 2061              	.LASF71:
 2062 016e 474E5520 		.ascii	"GNU C++ 4.9.3 20150303 (release) [ARM/embedded-4_9-"
 2062      432B2B20 
 2062      342E392E 
 2062      33203230 
 2062      31353033 
 2063 01a1 6272616E 		.ascii	"branch revision 221220] -mcpu=cortex-m0 -mthumb -g "
 2063      63682072 
 2063      65766973 
 2063      696F6E20 
 2063      32323132 
 2064 01d4 2D4F3020 		.ascii	"-O0 -ffunction-sections -ffat-lto-objects -fno-rtti"
 2064      2D666675 
 2064      6E637469 
 2064      6F6E2D73 
 2064      65637469 
 2065 0207 202D666E 		.ascii	" -fno-exceptions -funsigned-char -funsigned-bitfiel"
 2065      6F2D6578 
 2065      63657074 
 2065      696F6E73 
 2065      202D6675 
 2066 023a 6473202D 		.ascii	"ds -fshort-enums\000"
 2066      6673686F 
 2066      72742D65 
 2066      6E756D73 
 2066      00
 2067              	.LASF42:
 2068 024b 5F5A4E31 		.ascii	"_ZN14rosserial_msgs9TopicInfo7getTypeEv\000"
 2068      34726F73 
 2068      73657269 
 2068      616C5F6D 
 2068      73677339 
 2069              	.LASF31:
 2070 0273 64657365 		.ascii	"deserializeAvrFloat64\000"
 2070      7269616C 
 2070      697A6541 
 2070      7672466C 
 2070      6F617436 
 2071              	.LASF46:
 2072 0289 7E486172 		.ascii	"~HardwareSerial\000"
 2072      64776172 
 2072      65536572 
 2072      69616C00 
 2073              	.LASF56:
 2074 0299 55617274 		.ascii	"Uart\000"
 2074      00
 2075              	.LASF3:
 2076 029e 5F5F7569 		.ascii	"__uint8_t\000"
 2076      6E74385F 
 2076      7400
 2077              	.LASF34:
 2078 02a8 746F7069 		.ascii	"topic_id\000"
 2078      635F6964 
 2078      00
 2079              	.LASF33:
 2080 02b1 546F7069 		.ascii	"TopicInfo\000"
 2080      63496E66 
ARM GAS  C:\Users\Chuck\AppData\Local\Temp\ccSziqGQ.s 			page 41


 2080      6F00
 2081              	.LASF67:
 2082 02bb 5F5F696E 		.ascii	"__initialize_p\000"
 2082      69746961 
 2082      6C697A65 
 2082      5F7000
 2083              	.LASF57:
 2084 02ca 5F5A4E34 		.ascii	"_ZN4Uart5beginEm\000"
 2084      55617274 
 2084      35626567 
 2084      696E456D 
 2084      00
 2085              	.LASF27:
 2086 02db 67657454 		.ascii	"getType\000"
 2086      79706500 
 2087              	.LASF22:
 2088 02e3 6C6F6E67 		.ascii	"long double\000"
 2088      20646F75 
 2088      626C6500 
 2089              	.LASF64:
 2090 02ef 62617564 		.ascii	"baud\000"
 2090      00
 2091              	.LASF1:
 2092 02f4 756E7369 		.ascii	"unsigned char\000"
 2092      676E6564 
 2092      20636861 
 2092      7200
 2093              	.LASF41:
 2094 0302 5F5A4E31 		.ascii	"_ZN14rosserial_msgs9TopicInfo11deserializeEPh\000"
 2094      34726F73 
 2094      73657269 
 2094      616C5F6D 
 2094      73677339 
 2095              	.LASF0:
 2096 0330 7369676E 		.ascii	"signed char\000"
 2096      65642063 
 2096      68617200 
 2097              	.LASF11:
 2098 033c 6C6F6E67 		.ascii	"long long unsigned int\000"
 2098      206C6F6E 
 2098      6720756E 
 2098      7369676E 
 2098      65642069 
 2099              	.LASF30:
 2100 0353 5F5A4E33 		.ascii	"_ZN3ros3Msg6getMD5Ev\000"
 2100      726F7333 
 2100      4D736736 
 2100      6765744D 
 2100      44354576 
 2101              	.LASF16:
 2102 0368 75696E74 		.ascii	"uint32_t\000"
 2102      33325F74 
 2102      00
 2103              	.LASF12:
 2104 0371 756E7369 		.ascii	"unsigned int\000"
 2104      676E6564 
 2104      20696E74 
ARM GAS  C:\Users\Chuck\AppData\Local\Temp\ccSziqGQ.s 			page 42


 2104      00
 2105              	.LASF59:
 2106 037e 5F5A4E34 		.ascii	"_ZN4Uart5writeEh\000"
 2106      55617274 
 2106      35777269 
 2106      74654568 
 2106      00
 2107              	.LASF14:
 2108 038f 75696E74 		.ascii	"uint16_t\000"
 2108      31365F74 
 2108      00
 2109              	.LASF9:
 2110 0398 6C6F6E67 		.ascii	"long unsigned int\000"
 2110      20756E73 
 2110      69676E65 
 2110      6420696E 
 2110      7400
 2111              	.LASF55:
 2112 03aa 72656733 		.ascii	"reg32\000"
 2112      3200
 2113              	.LASF5:
 2114 03b0 73686F72 		.ascii	"short unsigned int\000"
 2114      7420756E 
 2114      7369676E 
 2114      65642069 
 2114      6E7400
 2115              	.LASF25:
 2116 03c3 5F5A4E4B 		.ascii	"_ZNK3ros3Msg9serializeEPh\000"
 2116      33726F73 
 2116      334D7367 
 2116      39736572 
 2116      69616C69 
 2117              	.LASF60:
 2118 03dd 64656E6F 		.ascii	"denom\000"
 2118      6D00
 2119              	.LASF45:
 2120 03e3 5F767074 		.ascii	"_vptr.HardwareSerial\000"
 2120      722E4861 
 2120      72647761 
 2120      72655365 
 2120      7269616C 
 2121              	.LASF19:
 2122 03f8 63686172 		.ascii	"char\000"
 2122      00
 2123              	.LASF7:
 2124 03fd 6C6F6E67 		.ascii	"long int\000"
 2124      20696E74 
 2124      00
 2125              	.LASF15:
 2126 0406 696E7433 		.ascii	"int32_t\000"
 2126      325F7400 
 2127              	.LASF26:
 2128 040e 5F5A4E33 		.ascii	"_ZN3ros3Msg11deserializeEPh\000"
 2128      726F7333 
 2128      4D736731 
 2128      31646573 
 2128      65726961 
ARM GAS  C:\Users\Chuck\AppData\Local\Temp\ccSziqGQ.s 			page 43


 2129              	.LASF79:
 2130 042a 5F5F7374 		.ascii	"__static_initialization_and_destruction_0\000"
 2130      61746963 
 2130      5F696E69 
 2130      7469616C 
 2130      697A6174 
 2131              	.LASF68:
 2132 0454 5F5F7072 		.ascii	"__priority\000"
 2132      696F7269 
 2132      747900
 2133              	.LASF62:
 2134 045f 74686973 		.ascii	"this\000"
 2134      00
 2135              	.LASF63:
 2136 0464 64617461 		.ascii	"data\000"
 2136      00
 2137              	.LASF54:
 2138 0469 75696E74 		.ascii	"uint32\000"
 2138      333200
 2139              	.LASF66:
 2140 0470 5F5A4E34 		.ascii	"_ZN4UartC2Ev\000"
 2140      55617274 
 2140      43324576 
 2140      00
 2141              	.LASF28:
 2142 047d 5F5A4E33 		.ascii	"_ZN3ros3Msg7getTypeEv\000"
 2142      726F7333 
 2142      4D736737 
 2142      67657454 
 2142      79706545 
 2143              	.LASF77:
 2144 0493 5F5F7674 		.ascii	"__vtbl_ptr_type\000"
 2144      626C5F70 
 2144      74725F74 
 2144      79706500 
 2145              	.LASF80:
 2146 04a3 5F474C4F 		.ascii	"_GLOBAL__sub_I__ZN4Uart5beginEm\000"
 2146      42414C5F 
 2146      5F737562 
 2146      5F495F5F 
 2146      5A4E3455 
 2147              	.LASF69:
 2148 04c3 52455155 		.ascii	"REQUESTPARAM\000"
 2148      45535450 
 2148      4152414D 
 2148      00
 2149              	.LASF44:
 2150 04d0 5F767074 		.ascii	"_vptr.Msg\000"
 2150      722E4D73 
 2150      6700
 2151              	.LASF8:
 2152 04da 5F5F7569 		.ascii	"__uint32_t\000"
 2152      6E743332 
 2152      5F7400
 2153              	.LASF75:
 2154 04e5 5F5A4E33 		.ascii	"_ZN3ros3Msg21deserializeAvrFloat64EPKhPf\000"
 2154      726F7333 
ARM GAS  C:\Users\Chuck\AppData\Local\Temp\ccSziqGQ.s 			page 44


 2154      4D736732 
 2154      31646573 
 2154      65726961 
 2155              	.LASF6:
 2156 050e 5F5F696E 		.ascii	"__int32_t\000"
 2156      7433325F 
 2156      7400
 2157              	.LASF52:
 2158 0518 77726974 		.ascii	"write\000"
 2158      6500
 2159              	.LASF37:
 2160 051e 6D643573 		.ascii	"md5sum\000"
 2160      756D00
 2161              	.LASF38:
 2162 0525 62756666 		.ascii	"buffer_size\000"
 2162      65725F73 
 2162      697A6500 
 2163              	.LASF24:
 2164 0531 64657365 		.ascii	"deserialize\000"
 2164      7269616C 
 2164      697A6500 
 2165              	.LASF39:
 2166 053d 73657269 		.ascii	"serializeAvrFloat64\000"
 2166      616C697A 
 2166      65417672 
 2166      466C6F61 
 2166      74363400 
 2167              	.LASF20:
 2168 0551 646F7562 		.ascii	"double\000"
 2168      6C6500
 2169              	.LASF23:
 2170 0558 73657269 		.ascii	"serialize\000"
 2170      616C697A 
 2170      6500
 2171              	.LASF51:
 2172 0562 5F5A4E31 		.ascii	"_ZN14HardwareSerial4readEv\000"
 2172      34486172 
 2172      64776172 
 2172      65536572 
 2172      69616C34 
 2173              	.LASF70:
 2174 057d 55617274 		.ascii	"Uart0\000"
 2174      3000
 2175              	.LASF73:
 2176 0583 453A5C50 		.ascii	"E:\\PSoC\\RosOnAStick\\RosOnAStick.cydsn\000"
 2176      536F435C 
 2176      526F734F 
 2176      6E415374 
 2176      69636B5C 
 2177              	.LASF40:
 2178 05a9 5F5A4E4B 		.ascii	"_ZNK14rosserial_msgs9TopicInfo9serializeEPh\000"
 2178      3134726F 
 2178      73736572 
 2178      69616C5F 
 2178      6D736773 
 2179              	.LASF61:
 2180 05d5 64697669 		.ascii	"divider\000"
ARM GAS  C:\Users\Chuck\AppData\Local\Temp\ccSziqGQ.s 			page 45


 2180      64657200 
 2181              		.ident	"GCC: (GNU Tools for ARM Embedded Processors) 4.9.3 20150303 (release) [ARM/embedded-4_9-br
