ARM GAS  C:\DOCUME~1\Chuck\LOCALS~1\Temp\cchssVV8.s 			page 1


   1              		.cpu cortex-m0
   2              		.fpu softvfp
   3              		.eabi_attribute 20, 1
   4              		.eabi_attribute 21, 1
   5              		.eabi_attribute 23, 3
   6              		.eabi_attribute 24, 1
   7              		.eabi_attribute 25, 1
   8              		.eabi_attribute 26, 1
   9              		.eabi_attribute 30, 6
  10              		.eabi_attribute 34, 0
  11              		.eabi_attribute 18, 4
  12              		.code	16
  13              		.file	"duration.cpp"
  14              		.text
  15              	.Ltext0:
  16              		.cfi_sections	.debug_frame
  17              		.section	.text._ZN3ros22normalizeSecNSecSignedERlS0_,"ax",%progbits
  18              		.align	2
  19              		.global	_ZN3ros22normalizeSecNSecSignedERlS0_
  20              		.code	16
  21              		.thumb_func
  22              		.type	_ZN3ros22normalizeSecNSecSignedERlS0_, %function
  23              	_ZN3ros22normalizeSecNSecSignedERlS0_:
  24              	.LFB8:
  25              		.file 1 ".\\ros_lib\\duration.cpp"
   1:.\ros_lib/duration.cpp **** /* 
   2:.\ros_lib/duration.cpp ****  * Software License Agreement (BSD License)
   3:.\ros_lib/duration.cpp ****  *
   4:.\ros_lib/duration.cpp ****  * Copyright (c) 2011, Willow Garage, Inc.
   5:.\ros_lib/duration.cpp ****  * All rights reserved.
   6:.\ros_lib/duration.cpp ****  *
   7:.\ros_lib/duration.cpp ****  * Redistribution and use in source and binary forms, with or without
   8:.\ros_lib/duration.cpp ****  * modification, are permitted provided that the following conditions
   9:.\ros_lib/duration.cpp ****  * are met:
  10:.\ros_lib/duration.cpp ****  *
  11:.\ros_lib/duration.cpp ****  *  * Redistributions of source code must retain the above copyright
  12:.\ros_lib/duration.cpp ****  *    notice, this list of conditions and the following disclaimer.
  13:.\ros_lib/duration.cpp ****  *  * Redistributions in binary form must reproduce the above
  14:.\ros_lib/duration.cpp ****  *    copyright notice, this list of conditions and the following
  15:.\ros_lib/duration.cpp ****  *    disclaimer in the documentation and/or other materials provided
  16:.\ros_lib/duration.cpp ****  *    with the distribution.
  17:.\ros_lib/duration.cpp ****  *  * Neither the name of Willow Garage, Inc. nor the names of its
  18:.\ros_lib/duration.cpp ****  *    contributors may be used to endorse or promote prducts derived
  19:.\ros_lib/duration.cpp ****  *    from this software without specific prior written permission.
  20:.\ros_lib/duration.cpp ****  *
  21:.\ros_lib/duration.cpp ****  * THIS SOFTWARE IS PROVIDED BY THE COPYRIGHT HOLDERS AND CONTRIBUTORS
  22:.\ros_lib/duration.cpp ****  * "AS IS" AND ANY EXPRESS OR IMPLIED WARRANTIES, INCLUDING, BUT NOT
  23:.\ros_lib/duration.cpp ****  * LIMITED TO, THE IMPLIED WARRANTIES OF MERCHANTABILITY AND FITNESS
  24:.\ros_lib/duration.cpp ****  * FOR A PARTICULAR PURPOSE ARE DISCLAIMED. IN NO EVENT SHALL THE
  25:.\ros_lib/duration.cpp ****  * COPYRIGHT OWNER OR CONTRIBUTORS BE LIABLE FOR ANY DIRECT, INDIRECT,
  26:.\ros_lib/duration.cpp ****  * INCIDENTAL, SPECIAL, EXEMPLARY, OR CONSEQUENTIAL DAMAGES (INCLUDING,
  27:.\ros_lib/duration.cpp ****  * BUT NOT LIMITED TO, PROCUREMENT OF SUBSTITUTE GOODS OR SERVICES;
  28:.\ros_lib/duration.cpp ****  * LOSS OF USE, DATA, OR PROFITS; OR BUSINESS INTERRUPTION) HOWEVER
  29:.\ros_lib/duration.cpp ****  * CAUSED AND ON ANY THEORY OF LIABILITY, WHETHER IN CONTRACT, STRICT
  30:.\ros_lib/duration.cpp ****  * LIABILITY, OR TORT (INCLUDING NEGLIGENCE OR OTHERWISE) ARISING IN
  31:.\ros_lib/duration.cpp ****  * ANY WAY OUT OF THE USE OF THIS SOFTWARE, EVEN IF ADVISED OF THE
  32:.\ros_lib/duration.cpp ****  * POSSIBILITY OF SUCH DAMAGE.
ARM GAS  C:\DOCUME~1\Chuck\LOCALS~1\Temp\cchssVV8.s 			page 2


  33:.\ros_lib/duration.cpp ****  */
  34:.\ros_lib/duration.cpp **** 
  35:.\ros_lib/duration.cpp **** #include <math.h>
  36:.\ros_lib/duration.cpp **** #include "ros/duration.h"
  37:.\ros_lib/duration.cpp **** 
  38:.\ros_lib/duration.cpp **** namespace ros
  39:.\ros_lib/duration.cpp **** {
  40:.\ros_lib/duration.cpp ****   void normalizeSecNSecSigned(long &sec, long &nsec)
  41:.\ros_lib/duration.cpp ****   {
  26              		.loc 1 41 0
  27              		.cfi_startproc
  28 0000 80B5     		push	{r7, lr}
  29              	.LCFI0:
  30              		.cfi_def_cfa_offset 8
  31              		.cfi_offset 7, -8
  32              		.cfi_offset 14, -4
  33 0002 84B0     		sub	sp, sp, #16
  34              	.LCFI1:
  35              		.cfi_def_cfa_offset 24
  36 0004 00AF     		add	r7, sp, #0
  37              	.LCFI2:
  38              		.cfi_def_cfa_register 7
  39 0006 7860     		str	r0, [r7, #4]
  40 0008 3960     		str	r1, [r7]
  41              	.LBB2:
  42:.\ros_lib/duration.cpp ****     long nsec_part = nsec;
  42              		.loc 1 42 0
  43 000a 3B68     		ldr	r3, [r7]
  44 000c 1B68     		ldr	r3, [r3]
  45 000e FB60     		str	r3, [r7, #12]
  43:.\ros_lib/duration.cpp ****     long sec_part = sec;
  46              		.loc 1 43 0
  47 0010 7B68     		ldr	r3, [r7, #4]
  48 0012 1B68     		ldr	r3, [r3]
  49 0014 BB60     		str	r3, [r7, #8]
  44:.\ros_lib/duration.cpp ****      
  45:.\ros_lib/duration.cpp ****     while (nsec_part > 1000000000L)
  50              		.loc 1 45 0
  51 0016 06E0     		b	.L2
  52              	.L4:
  46:.\ros_lib/duration.cpp ****     {
  47:.\ros_lib/duration.cpp ****       nsec_part -= 1000000000L;
  53              		.loc 1 47 0
  54 0018 FB68     		ldr	r3, [r7, #12]
  55 001a 124A     		ldr	r2, .L7
  56 001c 9B18     		add	r3, r3, r2
  57 001e FB60     		str	r3, [r7, #12]
  48:.\ros_lib/duration.cpp ****       ++sec_part;
  58              		.loc 1 48 0
  59 0020 BB68     		ldr	r3, [r7, #8]
  60 0022 0133     		add	r3, r3, #1
  61 0024 BB60     		str	r3, [r7, #8]
  62              	.L2:
  45:.\ros_lib/duration.cpp ****     while (nsec_part > 1000000000L)
  63              		.loc 1 45 0 discriminator 1
  64 0026 0123     		mov	r3, #1
  65 0028 F968     		ldr	r1, [r7, #12]
ARM GAS  C:\DOCUME~1\Chuck\LOCALS~1\Temp\cchssVV8.s 			page 3


  66 002a 0F4A     		ldr	r2, .L7+4
  67 002c 9142     		cmp	r1, r2
  68 002e 00DC     		bgt	.L3
  69 0030 0023     		mov	r3, #0
  70              	.L3:
  71 0032 DBB2     		uxtb	r3, r3
  72 0034 002B     		cmp	r3, #0
  73 0036 EFD1     		bne	.L4
  49:.\ros_lib/duration.cpp ****     }
  50:.\ros_lib/duration.cpp ****     while (nsec_part < 0)
  74              		.loc 1 50 0
  75 0038 06E0     		b	.L5
  76              	.L6:
  51:.\ros_lib/duration.cpp ****     {
  52:.\ros_lib/duration.cpp ****       nsec_part += 1000000000L;
  77              		.loc 1 52 0
  78 003a FB68     		ldr	r3, [r7, #12]
  79 003c 0A4A     		ldr	r2, .L7+4
  80 003e 9B18     		add	r3, r3, r2
  81 0040 FB60     		str	r3, [r7, #12]
  53:.\ros_lib/duration.cpp ****       --sec_part;
  82              		.loc 1 53 0
  83 0042 BB68     		ldr	r3, [r7, #8]
  84 0044 013B     		sub	r3, r3, #1
  85 0046 BB60     		str	r3, [r7, #8]
  86              	.L5:
  50:.\ros_lib/duration.cpp ****     while (nsec_part < 0)
  87              		.loc 1 50 0 discriminator 1
  88 0048 FB68     		ldr	r3, [r7, #12]
  89 004a DB0F     		lsr	r3, r3, #31
  90 004c DBB2     		uxtb	r3, r3
  91 004e 002B     		cmp	r3, #0
  92 0050 F3D1     		bne	.L6
  54:.\ros_lib/duration.cpp ****     }
  55:.\ros_lib/duration.cpp ****     sec = sec_part;
  93              		.loc 1 55 0
  94 0052 7B68     		ldr	r3, [r7, #4]
  95 0054 BA68     		ldr	r2, [r7, #8]
  96 0056 1A60     		str	r2, [r3]
  56:.\ros_lib/duration.cpp ****     nsec = nsec_part;
  97              		.loc 1 56 0
  98 0058 3B68     		ldr	r3, [r7]
  99 005a FA68     		ldr	r2, [r7, #12]
 100 005c 1A60     		str	r2, [r3]
 101              	.LBE2:
  57:.\ros_lib/duration.cpp ****   }
 102              		.loc 1 57 0
 103 005e BD46     		mov	sp, r7
 104 0060 04B0     		add	sp, sp, #16
 105              		@ sp needed for prologue
 106 0062 80BD     		pop	{r7, pc}
 107              	.L8:
 108              		.align	2
 109              	.L7:
 110 0064 003665C4 		.word	-1000000000
 111 0068 00CA9A3B 		.word	1000000000
 112              		.cfi_endproc
ARM GAS  C:\DOCUME~1\Chuck\LOCALS~1\Temp\cchssVV8.s 			page 4


 113              	.LFE8:
 114              		.size	_ZN3ros22normalizeSecNSecSignedERlS0_, .-_ZN3ros22normalizeSecNSecSignedERlS0_
 115              		.section	.text._ZN3ros8DurationpLERKS0_,"ax",%progbits
 116              		.align	2
 117              		.global	_ZN3ros8DurationpLERKS0_
 118              		.code	16
 119              		.thumb_func
 120              		.type	_ZN3ros8DurationpLERKS0_, %function
 121              	_ZN3ros8DurationpLERKS0_:
 122              	.LFB9:
  58:.\ros_lib/duration.cpp **** 
  59:.\ros_lib/duration.cpp ****   Duration& Duration::operator+=(const Duration &rhs)
  60:.\ros_lib/duration.cpp ****   {
 123              		.loc 1 60 0
 124              		.cfi_startproc
 125 0000 80B5     		push	{r7, lr}
 126              	.LCFI3:
 127              		.cfi_def_cfa_offset 8
 128              		.cfi_offset 7, -8
 129              		.cfi_offset 14, -4
 130 0002 82B0     		sub	sp, sp, #8
 131              	.LCFI4:
 132              		.cfi_def_cfa_offset 16
 133 0004 00AF     		add	r7, sp, #0
 134              	.LCFI5:
 135              		.cfi_def_cfa_register 7
 136 0006 7860     		str	r0, [r7, #4]
 137 0008 3960     		str	r1, [r7]
  61:.\ros_lib/duration.cpp ****     sec += rhs.sec;
 138              		.loc 1 61 0
 139 000a 7B68     		ldr	r3, [r7, #4]
 140 000c 1A68     		ldr	r2, [r3]
 141 000e 3B68     		ldr	r3, [r7]
 142 0010 1B68     		ldr	r3, [r3]
 143 0012 D218     		add	r2, r2, r3
 144 0014 7B68     		ldr	r3, [r7, #4]
 145 0016 1A60     		str	r2, [r3]
  62:.\ros_lib/duration.cpp ****     nsec += rhs.nsec;
 146              		.loc 1 62 0
 147 0018 7B68     		ldr	r3, [r7, #4]
 148 001a 5A68     		ldr	r2, [r3, #4]
 149 001c 3B68     		ldr	r3, [r7]
 150 001e 5B68     		ldr	r3, [r3, #4]
 151 0020 D218     		add	r2, r2, r3
 152 0022 7B68     		ldr	r3, [r7, #4]
 153 0024 5A60     		str	r2, [r3, #4]
  63:.\ros_lib/duration.cpp ****     normalizeSecNSecSigned(sec, nsec);
 154              		.loc 1 63 0
 155 0026 7A68     		ldr	r2, [r7, #4]
 156 0028 7B68     		ldr	r3, [r7, #4]
 157 002a 0433     		add	r3, r3, #4
 158 002c 101C     		mov	r0, r2
 159 002e 191C     		mov	r1, r3
 160 0030 FFF7FEFF 		bl	_ZN3ros22normalizeSecNSecSignedERlS0_
  64:.\ros_lib/duration.cpp ****     return *this;
 161              		.loc 1 64 0
 162 0034 7B68     		ldr	r3, [r7, #4]
ARM GAS  C:\DOCUME~1\Chuck\LOCALS~1\Temp\cchssVV8.s 			page 5


  65:.\ros_lib/duration.cpp ****   }
 163              		.loc 1 65 0
 164 0036 181C     		mov	r0, r3
 165 0038 BD46     		mov	sp, r7
 166 003a 02B0     		add	sp, sp, #8
 167              		@ sp needed for prologue
 168 003c 80BD     		pop	{r7, pc}
 169              		.cfi_endproc
 170              	.LFE9:
 171              		.size	_ZN3ros8DurationpLERKS0_, .-_ZN3ros8DurationpLERKS0_
 172 003e C046     		.section	.text._ZN3ros8DurationmIERKS0_,"ax",%progbits
 173              		.align	2
 174              		.global	_ZN3ros8DurationmIERKS0_
 175              		.code	16
 176              		.thumb_func
 177              		.type	_ZN3ros8DurationmIERKS0_, %function
 178              	_ZN3ros8DurationmIERKS0_:
 179              	.LFB10:
  66:.\ros_lib/duration.cpp **** 
  67:.\ros_lib/duration.cpp ****   Duration& Duration::operator-=(const Duration &rhs){
 180              		.loc 1 67 0
 181              		.cfi_startproc
 182 0000 80B5     		push	{r7, lr}
 183              	.LCFI6:
 184              		.cfi_def_cfa_offset 8
 185              		.cfi_offset 7, -8
 186              		.cfi_offset 14, -4
 187 0002 82B0     		sub	sp, sp, #8
 188              	.LCFI7:
 189              		.cfi_def_cfa_offset 16
 190 0004 00AF     		add	r7, sp, #0
 191              	.LCFI8:
 192              		.cfi_def_cfa_register 7
 193 0006 7860     		str	r0, [r7, #4]
 194 0008 3960     		str	r1, [r7]
  68:.\ros_lib/duration.cpp ****     sec += -rhs.sec;
 195              		.loc 1 68 0
 196 000a 7B68     		ldr	r3, [r7, #4]
 197 000c 1A68     		ldr	r2, [r3]
 198 000e 3B68     		ldr	r3, [r7]
 199 0010 1B68     		ldr	r3, [r3]
 200 0012 D21A     		sub	r2, r2, r3
 201 0014 7B68     		ldr	r3, [r7, #4]
 202 0016 1A60     		str	r2, [r3]
  69:.\ros_lib/duration.cpp ****     nsec += -rhs.nsec;
 203              		.loc 1 69 0
 204 0018 7B68     		ldr	r3, [r7, #4]
 205 001a 5A68     		ldr	r2, [r3, #4]
 206 001c 3B68     		ldr	r3, [r7]
 207 001e 5B68     		ldr	r3, [r3, #4]
 208 0020 D21A     		sub	r2, r2, r3
 209 0022 7B68     		ldr	r3, [r7, #4]
 210 0024 5A60     		str	r2, [r3, #4]
  70:.\ros_lib/duration.cpp ****     normalizeSecNSecSigned(sec, nsec);
 211              		.loc 1 70 0
 212 0026 7A68     		ldr	r2, [r7, #4]
 213 0028 7B68     		ldr	r3, [r7, #4]
ARM GAS  C:\DOCUME~1\Chuck\LOCALS~1\Temp\cchssVV8.s 			page 6


 214 002a 0433     		add	r3, r3, #4
 215 002c 101C     		mov	r0, r2
 216 002e 191C     		mov	r1, r3
 217 0030 FFF7FEFF 		bl	_ZN3ros22normalizeSecNSecSignedERlS0_
  71:.\ros_lib/duration.cpp ****     return *this;
 218              		.loc 1 71 0
 219 0034 7B68     		ldr	r3, [r7, #4]
  72:.\ros_lib/duration.cpp ****   }
 220              		.loc 1 72 0
 221 0036 181C     		mov	r0, r3
 222 0038 BD46     		mov	sp, r7
 223 003a 02B0     		add	sp, sp, #8
 224              		@ sp needed for prologue
 225 003c 80BD     		pop	{r7, pc}
 226              		.cfi_endproc
 227              	.LFE10:
 228              		.size	_ZN3ros8DurationmIERKS0_, .-_ZN3ros8DurationmIERKS0_
 229              		.global	__aeabi_i2d
 230              		.global	__aeabi_dmul
 231              		.global	__aeabi_d2iz
 232 003e C046     		.section	.text._ZN3ros8DurationmLEd,"ax",%progbits
 233              		.align	2
 234              		.global	_ZN3ros8DurationmLEd
 235              		.code	16
 236              		.thumb_func
 237              		.type	_ZN3ros8DurationmLEd, %function
 238              	_ZN3ros8DurationmLEd:
 239              	.LFB11:
  73:.\ros_lib/duration.cpp ****   #ifndef ROS_NO_FLOATS
  74:.\ros_lib/duration.cpp ****   Duration& Duration::operator*=(double scale){
 240              		.loc 1 74 0
 241              		.cfi_startproc
 242 0000 90B5     		push	{r4, r7, lr}
 243              	.LCFI9:
 244              		.cfi_def_cfa_offset 12
 245              		.cfi_offset 4, -12
 246              		.cfi_offset 7, -8
 247              		.cfi_offset 14, -4
 248 0002 85B0     		sub	sp, sp, #20
 249              	.LCFI10:
 250              		.cfi_def_cfa_offset 32
 251 0004 00AF     		add	r7, sp, #0
 252              	.LCFI11:
 253              		.cfi_def_cfa_register 7
 254 0006 F860     		str	r0, [r7, #12]
 255 0008 3A60     		str	r2, [r7]
 256 000a 7B60     		str	r3, [r7, #4]
  75:.\ros_lib/duration.cpp ****     sec *= scale;
 257              		.loc 1 75 0
 258 000c FB68     		ldr	r3, [r7, #12]
 259 000e 1B68     		ldr	r3, [r3]
 260 0010 181C     		mov	r0, r3
 261 0012 FFF7FEFF 		bl	__aeabi_i2d
 262 0016 031C     		mov	r3, r0
 263 0018 0C1C     		mov	r4, r1
 264 001a 181C     		mov	r0, r3
 265 001c 211C     		mov	r1, r4
ARM GAS  C:\DOCUME~1\Chuck\LOCALS~1\Temp\cchssVV8.s 			page 7


 266 001e 3A68     		ldr	r2, [r7]
 267 0020 7B68     		ldr	r3, [r7, #4]
 268 0022 FFF7FEFF 		bl	__aeabi_dmul
 269 0026 031C     		mov	r3, r0
 270 0028 0C1C     		mov	r4, r1
 271 002a 181C     		mov	r0, r3
 272 002c 211C     		mov	r1, r4
 273 002e FFF7FEFF 		bl	__aeabi_d2iz
 274 0032 021C     		mov	r2, r0
 275 0034 FB68     		ldr	r3, [r7, #12]
 276 0036 1A60     		str	r2, [r3]
  76:.\ros_lib/duration.cpp ****     nsec *= scale;
 277              		.loc 1 76 0
 278 0038 FB68     		ldr	r3, [r7, #12]
 279 003a 5B68     		ldr	r3, [r3, #4]
 280 003c 181C     		mov	r0, r3
 281 003e FFF7FEFF 		bl	__aeabi_i2d
 282 0042 031C     		mov	r3, r0
 283 0044 0C1C     		mov	r4, r1
 284 0046 181C     		mov	r0, r3
 285 0048 211C     		mov	r1, r4
 286 004a 3A68     		ldr	r2, [r7]
 287 004c 7B68     		ldr	r3, [r7, #4]
 288 004e FFF7FEFF 		bl	__aeabi_dmul
 289 0052 031C     		mov	r3, r0
 290 0054 0C1C     		mov	r4, r1
 291 0056 181C     		mov	r0, r3
 292 0058 211C     		mov	r1, r4
 293 005a FFF7FEFF 		bl	__aeabi_d2iz
 294 005e 021C     		mov	r2, r0
 295 0060 FB68     		ldr	r3, [r7, #12]
 296 0062 5A60     		str	r2, [r3, #4]
  77:.\ros_lib/duration.cpp ****     normalizeSecNSecSigned(sec, nsec);
 297              		.loc 1 77 0
 298 0064 FA68     		ldr	r2, [r7, #12]
 299 0066 FB68     		ldr	r3, [r7, #12]
 300 0068 0433     		add	r3, r3, #4
 301 006a 101C     		mov	r0, r2
 302 006c 191C     		mov	r1, r3
 303 006e FFF7FEFF 		bl	_ZN3ros22normalizeSecNSecSignedERlS0_
  78:.\ros_lib/duration.cpp ****     return *this;
 304              		.loc 1 78 0
 305 0072 FB68     		ldr	r3, [r7, #12]
  79:.\ros_lib/duration.cpp ****   }
 306              		.loc 1 79 0
 307 0074 181C     		mov	r0, r3
 308 0076 BD46     		mov	sp, r7
 309 0078 05B0     		add	sp, sp, #20
 310              		@ sp needed for prologue
 311 007a 90BD     		pop	{r4, r7, pc}
 312              		.cfi_endproc
 313              	.LFE11:
 314              		.size	_ZN3ros8DurationmLEd, .-_ZN3ros8DurationmLEd
 315              		.text
 316              	.Letext0:
 317              		.file 2 ".\\ros_lib\\ros/duration.h"
 318              		.section	.debug_info,"",%progbits
ARM GAS  C:\DOCUME~1\Chuck\LOCALS~1\Temp\cchssVV8.s 			page 8


 319              	.Ldebug_info0:
 320 0000 07030000 		.4byte	0x307
 321 0004 0200     		.2byte	0x2
 322 0006 00000000 		.4byte	.Ldebug_abbrev0
 323 000a 04       		.byte	0x4
 324 000b 01       		.uleb128 0x1
 325 000c 96000000 		.4byte	.LASF30
 326 0010 04       		.byte	0x4
 327 0011 22020000 		.4byte	.LASF31
 328 0015 00000000 		.4byte	.LASF32
 329 0019 00000000 		.4byte	.Ldebug_ranges0+0
 330 001d 00000000 		.4byte	0
 331 0021 00000000 		.4byte	0
 332 0025 00000000 		.4byte	.Ldebug_line0
 333 0029 02       		.uleb128 0x2
 334 002a 01       		.byte	0x1
 335 002b 06       		.byte	0x6
 336 002c 16020000 		.4byte	.LASF0
 337 0030 02       		.uleb128 0x2
 338 0031 01       		.byte	0x1
 339 0032 08       		.byte	0x8
 340 0033 58010000 		.4byte	.LASF1
 341 0037 02       		.uleb128 0x2
 342 0038 02       		.byte	0x2
 343 0039 05       		.byte	0x5
 344 003a D3010000 		.4byte	.LASF2
 345 003e 02       		.uleb128 0x2
 346 003f 02       		.byte	0x2
 347 0040 07       		.byte	0x7
 348 0041 15010000 		.4byte	.LASF3
 349 0045 03       		.uleb128 0x3
 350 0046 04       		.byte	0x4
 351 0047 05       		.byte	0x5
 352 0048 696E7400 		.ascii	"int\000"
 353 004c 02       		.uleb128 0x2
 354 004d 04       		.byte	0x4
 355 004e 07       		.byte	0x7
 356 004f 66010000 		.4byte	.LASF4
 357 0053 02       		.uleb128 0x2
 358 0054 08       		.byte	0x8
 359 0055 05       		.byte	0x5
 360 0056 C0010000 		.4byte	.LASF5
 361 005a 02       		.uleb128 0x2
 362 005b 08       		.byte	0x8
 363 005c 07       		.byte	0x7
 364 005d 8A010000 		.4byte	.LASF6
 365 0061 02       		.uleb128 0x2
 366 0062 04       		.byte	0x4
 367 0063 05       		.byte	0x5
 368 0064 F6010000 		.4byte	.LASF7
 369 0068 02       		.uleb128 0x2
 370 0069 04       		.byte	0x4
 371 006a 07       		.byte	0x7
 372 006b B7010000 		.4byte	.LASF8
 373 006f 02       		.uleb128 0x2
 374 0070 04       		.byte	0x4
 375 0071 07       		.byte	0x7
ARM GAS  C:\DOCUME~1\Chuck\LOCALS~1\Temp\cchssVV8.s 			page 9


 376 0072 03010000 		.4byte	.LASF9
 377 0076 02       		.uleb128 0x2
 378 0077 01       		.byte	0x1
 379 0078 08       		.byte	0x8
 380 0079 FF010000 		.4byte	.LASF10
 381 007d 02       		.uleb128 0x2
 382 007e 08       		.byte	0x8
 383 007f 04       		.byte	0x4
 384 0080 32010000 		.4byte	.LASF11
 385 0084 02       		.uleb128 0x2
 386 0085 04       		.byte	0x4
 387 0086 04       		.byte	0x4
 388 0087 10020000 		.4byte	.LASF12
 389 008b 02       		.uleb128 0x2
 390 008c 08       		.byte	0x8
 391 008d 04       		.byte	0x4
 392 008e 04020000 		.4byte	.LASF13
 393 0092 04       		.uleb128 0x4
 394 0093 726F7300 		.ascii	"ros\000"
 395 0097 02       		.byte	0x2
 396 0098 28       		.byte	0x28
 397 0099 D7010000 		.4byte	0x1d7
 398 009d 05       		.uleb128 0x5
 399 009e 58000000 		.4byte	.LASF15
 400 00a2 08       		.byte	0x8
 401 00a3 02       		.byte	0x2
 402 00a4 2C       		.byte	0x2c
 403 00a5 B9010000 		.4byte	0x1b9
 404 00a9 06       		.uleb128 0x6
 405 00aa 73656300 		.ascii	"sec\000"
 406 00ae 02       		.byte	0x2
 407 00af 2F       		.byte	0x2f
 408 00b0 61000000 		.4byte	0x61
 409 00b4 02       		.byte	0x2
 410 00b5 23       		.byte	0x23
 411 00b6 00       		.uleb128 0
 412 00b7 07       		.uleb128 0x7
 413 00b8 CE010000 		.4byte	.LASF14
 414 00bc 02       		.byte	0x2
 415 00bd 2F       		.byte	0x2f
 416 00be 61000000 		.4byte	0x61
 417 00c2 02       		.byte	0x2
 418 00c3 23       		.byte	0x23
 419 00c4 04       		.uleb128 0x4
 420 00c5 08       		.uleb128 0x8
 421 00c6 01       		.byte	0x1
 422 00c7 58000000 		.4byte	.LASF15
 423 00cb 02       		.byte	0x2
 424 00cc 31       		.byte	0x31
 425 00cd D7010000 		.4byte	0x1d7
 426 00d1 01       		.byte	0x1
 427 00d2 DA000000 		.4byte	0xda
 428 00d6 E1000000 		.4byte	0xe1
 429 00da 09       		.uleb128 0x9
 430 00db D7010000 		.4byte	0x1d7
 431 00df 01       		.byte	0x1
 432 00e0 00       		.byte	0
ARM GAS  C:\DOCUME~1\Chuck\LOCALS~1\Temp\cchssVV8.s 			page 10


 433 00e1 08       		.uleb128 0x8
 434 00e2 01       		.byte	0x1
 435 00e3 58000000 		.4byte	.LASF15
 436 00e7 02       		.byte	0x2
 437 00e8 32       		.byte	0x32
 438 00e9 D7010000 		.4byte	0x1d7
 439 00ed 01       		.byte	0x1
 440 00ee F6000000 		.4byte	0xf6
 441 00f2 07010000 		.4byte	0x107
 442 00f6 09       		.uleb128 0x9
 443 00f7 D7010000 		.4byte	0x1d7
 444 00fb 01       		.byte	0x1
 445 00fc 0A       		.uleb128 0xa
 446 00fd 61000000 		.4byte	0x61
 447 0101 0A       		.uleb128 0xa
 448 0102 61000000 		.4byte	0x61
 449 0106 00       		.byte	0
 450 0107 0B       		.uleb128 0xb
 451 0108 01       		.byte	0x1
 452 0109 39010000 		.4byte	.LASF17
 453 010d 02       		.byte	0x2
 454 010e 37       		.byte	0x37
 455 010f 5F020000 		.4byte	.LASF19
 456 0113 7D000000 		.4byte	0x7d
 457 0117 01       		.byte	0x1
 458 0118 20010000 		.4byte	0x120
 459 011c 27010000 		.4byte	0x127
 460 0120 09       		.uleb128 0x9
 461 0121 DD010000 		.4byte	0x1dd
 462 0125 01       		.byte	0x1
 463 0126 00       		.byte	0
 464 0127 0C       		.uleb128 0xc
 465 0128 01       		.byte	0x1
 466 0129 E1000000 		.4byte	.LASF16
 467 012d 02       		.byte	0x2
 468 012e 38       		.byte	0x38
 469 012f 75000000 		.4byte	.LASF24
 470 0133 01       		.byte	0x1
 471 0134 3C010000 		.4byte	0x13c
 472 0138 48010000 		.4byte	0x148
 473 013c 09       		.uleb128 0x9
 474 013d D7010000 		.4byte	0x1d7
 475 0141 01       		.byte	0x1
 476 0142 0A       		.uleb128 0xa
 477 0143 7D000000 		.4byte	0x7d
 478 0147 00       		.byte	0
 479 0148 0B       		.uleb128 0xb
 480 0149 01       		.byte	0x1
 481 014a A1010000 		.4byte	.LASF18
 482 014e 02       		.byte	0x2
 483 014f 3B       		.byte	0x3b
 484 0150 3F010000 		.4byte	.LASF20
 485 0154 E3010000 		.4byte	0x1e3
 486 0158 01       		.byte	0x1
 487 0159 61010000 		.4byte	0x161
 488 015d 6D010000 		.4byte	0x16d
 489 0161 09       		.uleb128 0x9
ARM GAS  C:\DOCUME~1\Chuck\LOCALS~1\Temp\cchssVV8.s 			page 11


 490 0162 D7010000 		.4byte	0x1d7
 491 0166 01       		.byte	0x1
 492 0167 0A       		.uleb128 0xa
 493 0168 E9010000 		.4byte	0x1e9
 494 016c 00       		.byte	0
 495 016d 0D       		.uleb128 0xd
 496 016e 9D000000 		.4byte	0x9d
 497 0172 0B       		.uleb128 0xb
 498 0173 01       		.byte	0x1
 499 0174 AC010000 		.4byte	.LASF21
 500 0178 02       		.byte	0x2
 501 0179 3C       		.byte	0x3c
 502 017a DD010000 		.4byte	.LASF22
 503 017e E3010000 		.4byte	0x1e3
 504 0182 01       		.byte	0x1
 505 0183 8B010000 		.4byte	0x18b
 506 0187 97010000 		.4byte	0x197
 507 018b 09       		.uleb128 0x9
 508 018c D7010000 		.4byte	0x1d7
 509 0190 01       		.byte	0x1
 510 0191 0A       		.uleb128 0xa
 511 0192 E9010000 		.4byte	0x1e9
 512 0196 00       		.byte	0
 513 0197 0E       		.uleb128 0xe
 514 0198 01       		.byte	0x1
 515 0199 6A000000 		.4byte	.LASF23
 516 019d 02       		.byte	0x2
 517 019e 3E       		.byte	0x3e
 518 019f E9000000 		.4byte	.LASF25
 519 01a3 E3010000 		.4byte	0x1e3
 520 01a7 01       		.byte	0x1
 521 01a8 AC010000 		.4byte	0x1ac
 522 01ac 09       		.uleb128 0x9
 523 01ad D7010000 		.4byte	0x1d7
 524 01b1 01       		.byte	0x1
 525 01b2 0A       		.uleb128 0xa
 526 01b3 7D000000 		.4byte	0x7d
 527 01b7 00       		.byte	0
 528 01b8 00       		.byte	0
 529 01b9 0D       		.uleb128 0xd
 530 01ba 9D000000 		.4byte	0x9d
 531 01be 0F       		.uleb128 0xf
 532 01bf 01       		.byte	0x1
 533 01c0 73010000 		.4byte	.LASF33
 534 01c4 01       		.byte	0x1
 535 01c5 28       		.byte	0x28
 536 01c6 39020000 		.4byte	.LASF34
 537 01ca 01       		.byte	0x1
 538 01cb 0A       		.uleb128 0xa
 539 01cc EF010000 		.4byte	0x1ef
 540 01d0 0A       		.uleb128 0xa
 541 01d1 EF010000 		.4byte	0x1ef
 542 01d5 00       		.byte	0
 543 01d6 00       		.byte	0
 544 01d7 10       		.uleb128 0x10
 545 01d8 04       		.byte	0x4
 546 01d9 9D000000 		.4byte	0x9d
ARM GAS  C:\DOCUME~1\Chuck\LOCALS~1\Temp\cchssVV8.s 			page 12


 547 01dd 10       		.uleb128 0x10
 548 01de 04       		.byte	0x4
 549 01df B9010000 		.4byte	0x1b9
 550 01e3 11       		.uleb128 0x11
 551 01e4 04       		.byte	0x4
 552 01e5 9D000000 		.4byte	0x9d
 553 01e9 11       		.uleb128 0x11
 554 01ea 04       		.byte	0x4
 555 01eb 6D010000 		.4byte	0x16d
 556 01ef 11       		.uleb128 0x11
 557 01f0 04       		.byte	0x4
 558 01f1 61000000 		.4byte	0x61
 559 01f5 12       		.uleb128 0x12
 560 01f6 BE010000 		.4byte	0x1be
 561 01fa 00000000 		.4byte	.LFB8
 562 01fe 6C000000 		.4byte	.LFE8
 563 0202 00000000 		.4byte	.LLST0
 564 0206 01       		.byte	0x1
 565 0207 4E020000 		.4byte	0x24e
 566 020b 13       		.uleb128 0x13
 567 020c 73656300 		.ascii	"sec\000"
 568 0210 01       		.byte	0x1
 569 0211 28       		.byte	0x28
 570 0212 4E020000 		.4byte	0x24e
 571 0216 02       		.byte	0x2
 572 0217 91       		.byte	0x91
 573 0218 6C       		.sleb128 -20
 574 0219 14       		.uleb128 0x14
 575 021a CE010000 		.4byte	.LASF14
 576 021e 01       		.byte	0x1
 577 021f 28       		.byte	0x28
 578 0220 53020000 		.4byte	0x253
 579 0224 02       		.byte	0x2
 580 0225 91       		.byte	0x91
 581 0226 68       		.sleb128 -24
 582 0227 15       		.uleb128 0x15
 583 0228 0A000000 		.4byte	.LBB2
 584 022c 5E000000 		.4byte	.LBE2
 585 0230 16       		.uleb128 0x16
 586 0231 28010000 		.4byte	.LASF26
 587 0235 01       		.byte	0x1
 588 0236 2A       		.byte	0x2a
 589 0237 61000000 		.4byte	0x61
 590 023b 02       		.byte	0x2
 591 023c 91       		.byte	0x91
 592 023d 74       		.sleb128 -12
 593 023e 16       		.uleb128 0x16
 594 023f 61000000 		.4byte	.LASF27
 595 0243 01       		.byte	0x1
 596 0244 2B       		.byte	0x2b
 597 0245 61000000 		.4byte	0x61
 598 0249 02       		.byte	0x2
 599 024a 91       		.byte	0x91
 600 024b 70       		.sleb128 -16
 601 024c 00       		.byte	0
 602 024d 00       		.byte	0
 603 024e 0D       		.uleb128 0xd
ARM GAS  C:\DOCUME~1\Chuck\LOCALS~1\Temp\cchssVV8.s 			page 13


 604 024f EF010000 		.4byte	0x1ef
 605 0253 0D       		.uleb128 0xd
 606 0254 EF010000 		.4byte	0x1ef
 607 0258 17       		.uleb128 0x17
 608 0259 48010000 		.4byte	0x148
 609 025d 01       		.byte	0x1
 610 025e 00000000 		.4byte	.LFB9
 611 0262 3E000000 		.4byte	.LFE9
 612 0266 38000000 		.4byte	.LLST1
 613 026a 73020000 		.4byte	0x273
 614 026e 01       		.byte	0x1
 615 026f 8F020000 		.4byte	0x28f
 616 0273 18       		.uleb128 0x18
 617 0274 FE000000 		.4byte	.LASF28
 618 0278 8F020000 		.4byte	0x28f
 619 027c 01       		.byte	0x1
 620 027d 02       		.byte	0x2
 621 027e 91       		.byte	0x91
 622 027f 74       		.sleb128 -12
 623 0280 13       		.uleb128 0x13
 624 0281 72687300 		.ascii	"rhs\000"
 625 0285 01       		.byte	0x1
 626 0286 3B       		.byte	0x3b
 627 0287 94020000 		.4byte	0x294
 628 028b 02       		.byte	0x2
 629 028c 91       		.byte	0x91
 630 028d 70       		.sleb128 -16
 631 028e 00       		.byte	0
 632 028f 0D       		.uleb128 0xd
 633 0290 D7010000 		.4byte	0x1d7
 634 0294 0D       		.uleb128 0xd
 635 0295 E9010000 		.4byte	0x1e9
 636 0299 19       		.uleb128 0x19
 637 029a 72010000 		.4byte	0x172
 638 029e 01       		.byte	0x1
 639 029f 43       		.byte	0x43
 640 02a0 00000000 		.4byte	.LFB10
 641 02a4 3E000000 		.4byte	.LFE10
 642 02a8 70000000 		.4byte	.LLST2
 643 02ac B5020000 		.4byte	0x2b5
 644 02b0 01       		.byte	0x1
 645 02b1 D1020000 		.4byte	0x2d1
 646 02b5 18       		.uleb128 0x18
 647 02b6 FE000000 		.4byte	.LASF28
 648 02ba 8F020000 		.4byte	0x28f
 649 02be 01       		.byte	0x1
 650 02bf 02       		.byte	0x2
 651 02c0 91       		.byte	0x91
 652 02c1 74       		.sleb128 -12
 653 02c2 13       		.uleb128 0x13
 654 02c3 72687300 		.ascii	"rhs\000"
 655 02c7 01       		.byte	0x1
 656 02c8 43       		.byte	0x43
 657 02c9 D1020000 		.4byte	0x2d1
 658 02cd 02       		.byte	0x2
 659 02ce 91       		.byte	0x91
 660 02cf 70       		.sleb128 -16
ARM GAS  C:\DOCUME~1\Chuck\LOCALS~1\Temp\cchssVV8.s 			page 14


 661 02d0 00       		.byte	0
 662 02d1 0D       		.uleb128 0xd
 663 02d2 E9010000 		.4byte	0x1e9
 664 02d6 1A       		.uleb128 0x1a
 665 02d7 97010000 		.4byte	0x197
 666 02db 01       		.byte	0x1
 667 02dc 4A       		.byte	0x4a
 668 02dd 00000000 		.4byte	.LFB11
 669 02e1 7C000000 		.4byte	.LFE11
 670 02e5 A8000000 		.4byte	.LLST3
 671 02e9 EE020000 		.4byte	0x2ee
 672 02ed 01       		.byte	0x1
 673 02ee 18       		.uleb128 0x18
 674 02ef FE000000 		.4byte	.LASF28
 675 02f3 8F020000 		.4byte	0x28f
 676 02f7 01       		.byte	0x1
 677 02f8 02       		.byte	0x2
 678 02f9 91       		.byte	0x91
 679 02fa 6C       		.sleb128 -20
 680 02fb 14       		.uleb128 0x14
 681 02fc 90000000 		.4byte	.LASF29
 682 0300 01       		.byte	0x1
 683 0301 4A       		.byte	0x4a
 684 0302 7D000000 		.4byte	0x7d
 685 0306 02       		.byte	0x2
 686 0307 91       		.byte	0x91
 687 0308 60       		.sleb128 -32
 688 0309 00       		.byte	0
 689 030a 00       		.byte	0
 690              		.section	.debug_abbrev,"",%progbits
 691              	.Ldebug_abbrev0:
 692 0000 01       		.uleb128 0x1
 693 0001 11       		.uleb128 0x11
 694 0002 01       		.byte	0x1
 695 0003 25       		.uleb128 0x25
 696 0004 0E       		.uleb128 0xe
 697 0005 13       		.uleb128 0x13
 698 0006 0B       		.uleb128 0xb
 699 0007 03       		.uleb128 0x3
 700 0008 0E       		.uleb128 0xe
 701 0009 1B       		.uleb128 0x1b
 702 000a 0E       		.uleb128 0xe
 703 000b 55       		.uleb128 0x55
 704 000c 06       		.uleb128 0x6
 705 000d 11       		.uleb128 0x11
 706 000e 01       		.uleb128 0x1
 707 000f 52       		.uleb128 0x52
 708 0010 01       		.uleb128 0x1
 709 0011 10       		.uleb128 0x10
 710 0012 06       		.uleb128 0x6
 711 0013 00       		.byte	0
 712 0014 00       		.byte	0
 713 0015 02       		.uleb128 0x2
 714 0016 24       		.uleb128 0x24
 715 0017 00       		.byte	0
 716 0018 0B       		.uleb128 0xb
 717 0019 0B       		.uleb128 0xb
ARM GAS  C:\DOCUME~1\Chuck\LOCALS~1\Temp\cchssVV8.s 			page 15


 718 001a 3E       		.uleb128 0x3e
 719 001b 0B       		.uleb128 0xb
 720 001c 03       		.uleb128 0x3
 721 001d 0E       		.uleb128 0xe
 722 001e 00       		.byte	0
 723 001f 00       		.byte	0
 724 0020 03       		.uleb128 0x3
 725 0021 24       		.uleb128 0x24
 726 0022 00       		.byte	0
 727 0023 0B       		.uleb128 0xb
 728 0024 0B       		.uleb128 0xb
 729 0025 3E       		.uleb128 0x3e
 730 0026 0B       		.uleb128 0xb
 731 0027 03       		.uleb128 0x3
 732 0028 08       		.uleb128 0x8
 733 0029 00       		.byte	0
 734 002a 00       		.byte	0
 735 002b 04       		.uleb128 0x4
 736 002c 39       		.uleb128 0x39
 737 002d 01       		.byte	0x1
 738 002e 03       		.uleb128 0x3
 739 002f 08       		.uleb128 0x8
 740 0030 3A       		.uleb128 0x3a
 741 0031 0B       		.uleb128 0xb
 742 0032 3B       		.uleb128 0x3b
 743 0033 0B       		.uleb128 0xb
 744 0034 01       		.uleb128 0x1
 745 0035 13       		.uleb128 0x13
 746 0036 00       		.byte	0
 747 0037 00       		.byte	0
 748 0038 05       		.uleb128 0x5
 749 0039 02       		.uleb128 0x2
 750 003a 01       		.byte	0x1
 751 003b 03       		.uleb128 0x3
 752 003c 0E       		.uleb128 0xe
 753 003d 0B       		.uleb128 0xb
 754 003e 0B       		.uleb128 0xb
 755 003f 3A       		.uleb128 0x3a
 756 0040 0B       		.uleb128 0xb
 757 0041 3B       		.uleb128 0x3b
 758 0042 0B       		.uleb128 0xb
 759 0043 01       		.uleb128 0x1
 760 0044 13       		.uleb128 0x13
 761 0045 00       		.byte	0
 762 0046 00       		.byte	0
 763 0047 06       		.uleb128 0x6
 764 0048 0D       		.uleb128 0xd
 765 0049 00       		.byte	0
 766 004a 03       		.uleb128 0x3
 767 004b 08       		.uleb128 0x8
 768 004c 3A       		.uleb128 0x3a
 769 004d 0B       		.uleb128 0xb
 770 004e 3B       		.uleb128 0x3b
 771 004f 0B       		.uleb128 0xb
 772 0050 49       		.uleb128 0x49
 773 0051 13       		.uleb128 0x13
 774 0052 38       		.uleb128 0x38
ARM GAS  C:\DOCUME~1\Chuck\LOCALS~1\Temp\cchssVV8.s 			page 16


 775 0053 0A       		.uleb128 0xa
 776 0054 00       		.byte	0
 777 0055 00       		.byte	0
 778 0056 07       		.uleb128 0x7
 779 0057 0D       		.uleb128 0xd
 780 0058 00       		.byte	0
 781 0059 03       		.uleb128 0x3
 782 005a 0E       		.uleb128 0xe
 783 005b 3A       		.uleb128 0x3a
 784 005c 0B       		.uleb128 0xb
 785 005d 3B       		.uleb128 0x3b
 786 005e 0B       		.uleb128 0xb
 787 005f 49       		.uleb128 0x49
 788 0060 13       		.uleb128 0x13
 789 0061 38       		.uleb128 0x38
 790 0062 0A       		.uleb128 0xa
 791 0063 00       		.byte	0
 792 0064 00       		.byte	0
 793 0065 08       		.uleb128 0x8
 794 0066 2E       		.uleb128 0x2e
 795 0067 01       		.byte	0x1
 796 0068 3F       		.uleb128 0x3f
 797 0069 0C       		.uleb128 0xc
 798 006a 03       		.uleb128 0x3
 799 006b 0E       		.uleb128 0xe
 800 006c 3A       		.uleb128 0x3a
 801 006d 0B       		.uleb128 0xb
 802 006e 3B       		.uleb128 0x3b
 803 006f 0B       		.uleb128 0xb
 804 0070 49       		.uleb128 0x49
 805 0071 13       		.uleb128 0x13
 806 0072 3C       		.uleb128 0x3c
 807 0073 0C       		.uleb128 0xc
 808 0074 64       		.uleb128 0x64
 809 0075 13       		.uleb128 0x13
 810 0076 01       		.uleb128 0x1
 811 0077 13       		.uleb128 0x13
 812 0078 00       		.byte	0
 813 0079 00       		.byte	0
 814 007a 09       		.uleb128 0x9
 815 007b 05       		.uleb128 0x5
 816 007c 00       		.byte	0
 817 007d 49       		.uleb128 0x49
 818 007e 13       		.uleb128 0x13
 819 007f 34       		.uleb128 0x34
 820 0080 0C       		.uleb128 0xc
 821 0081 00       		.byte	0
 822 0082 00       		.byte	0
 823 0083 0A       		.uleb128 0xa
 824 0084 05       		.uleb128 0x5
 825 0085 00       		.byte	0
 826 0086 49       		.uleb128 0x49
 827 0087 13       		.uleb128 0x13
 828 0088 00       		.byte	0
 829 0089 00       		.byte	0
 830 008a 0B       		.uleb128 0xb
 831 008b 2E       		.uleb128 0x2e
ARM GAS  C:\DOCUME~1\Chuck\LOCALS~1\Temp\cchssVV8.s 			page 17


 832 008c 01       		.byte	0x1
 833 008d 3F       		.uleb128 0x3f
 834 008e 0C       		.uleb128 0xc
 835 008f 03       		.uleb128 0x3
 836 0090 0E       		.uleb128 0xe
 837 0091 3A       		.uleb128 0x3a
 838 0092 0B       		.uleb128 0xb
 839 0093 3B       		.uleb128 0x3b
 840 0094 0B       		.uleb128 0xb
 841 0095 8740     		.uleb128 0x2007
 842 0097 0E       		.uleb128 0xe
 843 0098 49       		.uleb128 0x49
 844 0099 13       		.uleb128 0x13
 845 009a 3C       		.uleb128 0x3c
 846 009b 0C       		.uleb128 0xc
 847 009c 64       		.uleb128 0x64
 848 009d 13       		.uleb128 0x13
 849 009e 01       		.uleb128 0x1
 850 009f 13       		.uleb128 0x13
 851 00a0 00       		.byte	0
 852 00a1 00       		.byte	0
 853 00a2 0C       		.uleb128 0xc
 854 00a3 2E       		.uleb128 0x2e
 855 00a4 01       		.byte	0x1
 856 00a5 3F       		.uleb128 0x3f
 857 00a6 0C       		.uleb128 0xc
 858 00a7 03       		.uleb128 0x3
 859 00a8 0E       		.uleb128 0xe
 860 00a9 3A       		.uleb128 0x3a
 861 00aa 0B       		.uleb128 0xb
 862 00ab 3B       		.uleb128 0x3b
 863 00ac 0B       		.uleb128 0xb
 864 00ad 8740     		.uleb128 0x2007
 865 00af 0E       		.uleb128 0xe
 866 00b0 3C       		.uleb128 0x3c
 867 00b1 0C       		.uleb128 0xc
 868 00b2 64       		.uleb128 0x64
 869 00b3 13       		.uleb128 0x13
 870 00b4 01       		.uleb128 0x1
 871 00b5 13       		.uleb128 0x13
 872 00b6 00       		.byte	0
 873 00b7 00       		.byte	0
 874 00b8 0D       		.uleb128 0xd
 875 00b9 26       		.uleb128 0x26
 876 00ba 00       		.byte	0
 877 00bb 49       		.uleb128 0x49
 878 00bc 13       		.uleb128 0x13
 879 00bd 00       		.byte	0
 880 00be 00       		.byte	0
 881 00bf 0E       		.uleb128 0xe
 882 00c0 2E       		.uleb128 0x2e
 883 00c1 01       		.byte	0x1
 884 00c2 3F       		.uleb128 0x3f
 885 00c3 0C       		.uleb128 0xc
 886 00c4 03       		.uleb128 0x3
 887 00c5 0E       		.uleb128 0xe
 888 00c6 3A       		.uleb128 0x3a
ARM GAS  C:\DOCUME~1\Chuck\LOCALS~1\Temp\cchssVV8.s 			page 18


 889 00c7 0B       		.uleb128 0xb
 890 00c8 3B       		.uleb128 0x3b
 891 00c9 0B       		.uleb128 0xb
 892 00ca 8740     		.uleb128 0x2007
 893 00cc 0E       		.uleb128 0xe
 894 00cd 49       		.uleb128 0x49
 895 00ce 13       		.uleb128 0x13
 896 00cf 3C       		.uleb128 0x3c
 897 00d0 0C       		.uleb128 0xc
 898 00d1 64       		.uleb128 0x64
 899 00d2 13       		.uleb128 0x13
 900 00d3 00       		.byte	0
 901 00d4 00       		.byte	0
 902 00d5 0F       		.uleb128 0xf
 903 00d6 2E       		.uleb128 0x2e
 904 00d7 01       		.byte	0x1
 905 00d8 3F       		.uleb128 0x3f
 906 00d9 0C       		.uleb128 0xc
 907 00da 03       		.uleb128 0x3
 908 00db 0E       		.uleb128 0xe
 909 00dc 3A       		.uleb128 0x3a
 910 00dd 0B       		.uleb128 0xb
 911 00de 3B       		.uleb128 0x3b
 912 00df 0B       		.uleb128 0xb
 913 00e0 8740     		.uleb128 0x2007
 914 00e2 0E       		.uleb128 0xe
 915 00e3 3C       		.uleb128 0x3c
 916 00e4 0C       		.uleb128 0xc
 917 00e5 00       		.byte	0
 918 00e6 00       		.byte	0
 919 00e7 10       		.uleb128 0x10
 920 00e8 0F       		.uleb128 0xf
 921 00e9 00       		.byte	0
 922 00ea 0B       		.uleb128 0xb
 923 00eb 0B       		.uleb128 0xb
 924 00ec 49       		.uleb128 0x49
 925 00ed 13       		.uleb128 0x13
 926 00ee 00       		.byte	0
 927 00ef 00       		.byte	0
 928 00f0 11       		.uleb128 0x11
 929 00f1 10       		.uleb128 0x10
 930 00f2 00       		.byte	0
 931 00f3 0B       		.uleb128 0xb
 932 00f4 0B       		.uleb128 0xb
 933 00f5 49       		.uleb128 0x49
 934 00f6 13       		.uleb128 0x13
 935 00f7 00       		.byte	0
 936 00f8 00       		.byte	0
 937 00f9 12       		.uleb128 0x12
 938 00fa 2E       		.uleb128 0x2e
 939 00fb 01       		.byte	0x1
 940 00fc 47       		.uleb128 0x47
 941 00fd 13       		.uleb128 0x13
 942 00fe 11       		.uleb128 0x11
 943 00ff 01       		.uleb128 0x1
 944 0100 12       		.uleb128 0x12
 945 0101 01       		.uleb128 0x1
ARM GAS  C:\DOCUME~1\Chuck\LOCALS~1\Temp\cchssVV8.s 			page 19


 946 0102 40       		.uleb128 0x40
 947 0103 06       		.uleb128 0x6
 948 0104 9742     		.uleb128 0x2117
 949 0106 0C       		.uleb128 0xc
 950 0107 01       		.uleb128 0x1
 951 0108 13       		.uleb128 0x13
 952 0109 00       		.byte	0
 953 010a 00       		.byte	0
 954 010b 13       		.uleb128 0x13
 955 010c 05       		.uleb128 0x5
 956 010d 00       		.byte	0
 957 010e 03       		.uleb128 0x3
 958 010f 08       		.uleb128 0x8
 959 0110 3A       		.uleb128 0x3a
 960 0111 0B       		.uleb128 0xb
 961 0112 3B       		.uleb128 0x3b
 962 0113 0B       		.uleb128 0xb
 963 0114 49       		.uleb128 0x49
 964 0115 13       		.uleb128 0x13
 965 0116 02       		.uleb128 0x2
 966 0117 0A       		.uleb128 0xa
 967 0118 00       		.byte	0
 968 0119 00       		.byte	0
 969 011a 14       		.uleb128 0x14
 970 011b 05       		.uleb128 0x5
 971 011c 00       		.byte	0
 972 011d 03       		.uleb128 0x3
 973 011e 0E       		.uleb128 0xe
 974 011f 3A       		.uleb128 0x3a
 975 0120 0B       		.uleb128 0xb
 976 0121 3B       		.uleb128 0x3b
 977 0122 0B       		.uleb128 0xb
 978 0123 49       		.uleb128 0x49
 979 0124 13       		.uleb128 0x13
 980 0125 02       		.uleb128 0x2
 981 0126 0A       		.uleb128 0xa
 982 0127 00       		.byte	0
 983 0128 00       		.byte	0
 984 0129 15       		.uleb128 0x15
 985 012a 0B       		.uleb128 0xb
 986 012b 01       		.byte	0x1
 987 012c 11       		.uleb128 0x11
 988 012d 01       		.uleb128 0x1
 989 012e 12       		.uleb128 0x12
 990 012f 01       		.uleb128 0x1
 991 0130 00       		.byte	0
 992 0131 00       		.byte	0
 993 0132 16       		.uleb128 0x16
 994 0133 34       		.uleb128 0x34
 995 0134 00       		.byte	0
 996 0135 03       		.uleb128 0x3
 997 0136 0E       		.uleb128 0xe
 998 0137 3A       		.uleb128 0x3a
 999 0138 0B       		.uleb128 0xb
 1000 0139 3B       		.uleb128 0x3b
 1001 013a 0B       		.uleb128 0xb
 1002 013b 49       		.uleb128 0x49
ARM GAS  C:\DOCUME~1\Chuck\LOCALS~1\Temp\cchssVV8.s 			page 20


 1003 013c 13       		.uleb128 0x13
 1004 013d 02       		.uleb128 0x2
 1005 013e 0A       		.uleb128 0xa
 1006 013f 00       		.byte	0
 1007 0140 00       		.byte	0
 1008 0141 17       		.uleb128 0x17
 1009 0142 2E       		.uleb128 0x2e
 1010 0143 01       		.byte	0x1
 1011 0144 47       		.uleb128 0x47
 1012 0145 13       		.uleb128 0x13
 1013 0146 3A       		.uleb128 0x3a
 1014 0147 0B       		.uleb128 0xb
 1015 0148 11       		.uleb128 0x11
 1016 0149 01       		.uleb128 0x1
 1017 014a 12       		.uleb128 0x12
 1018 014b 01       		.uleb128 0x1
 1019 014c 40       		.uleb128 0x40
 1020 014d 06       		.uleb128 0x6
 1021 014e 64       		.uleb128 0x64
 1022 014f 13       		.uleb128 0x13
 1023 0150 9642     		.uleb128 0x2116
 1024 0152 0C       		.uleb128 0xc
 1025 0153 01       		.uleb128 0x1
 1026 0154 13       		.uleb128 0x13
 1027 0155 00       		.byte	0
 1028 0156 00       		.byte	0
 1029 0157 18       		.uleb128 0x18
 1030 0158 05       		.uleb128 0x5
 1031 0159 00       		.byte	0
 1032 015a 03       		.uleb128 0x3
 1033 015b 0E       		.uleb128 0xe
 1034 015c 49       		.uleb128 0x49
 1035 015d 13       		.uleb128 0x13
 1036 015e 34       		.uleb128 0x34
 1037 015f 0C       		.uleb128 0xc
 1038 0160 02       		.uleb128 0x2
 1039 0161 0A       		.uleb128 0xa
 1040 0162 00       		.byte	0
 1041 0163 00       		.byte	0
 1042 0164 19       		.uleb128 0x19
 1043 0165 2E       		.uleb128 0x2e
 1044 0166 01       		.byte	0x1
 1045 0167 47       		.uleb128 0x47
 1046 0168 13       		.uleb128 0x13
 1047 0169 3A       		.uleb128 0x3a
 1048 016a 0B       		.uleb128 0xb
 1049 016b 3B       		.uleb128 0x3b
 1050 016c 0B       		.uleb128 0xb
 1051 016d 11       		.uleb128 0x11
 1052 016e 01       		.uleb128 0x1
 1053 016f 12       		.uleb128 0x12
 1054 0170 01       		.uleb128 0x1
 1055 0171 40       		.uleb128 0x40
 1056 0172 06       		.uleb128 0x6
 1057 0173 64       		.uleb128 0x64
 1058 0174 13       		.uleb128 0x13
 1059 0175 9642     		.uleb128 0x2116
ARM GAS  C:\DOCUME~1\Chuck\LOCALS~1\Temp\cchssVV8.s 			page 21


 1060 0177 0C       		.uleb128 0xc
 1061 0178 01       		.uleb128 0x1
 1062 0179 13       		.uleb128 0x13
 1063 017a 00       		.byte	0
 1064 017b 00       		.byte	0
 1065 017c 1A       		.uleb128 0x1a
 1066 017d 2E       		.uleb128 0x2e
 1067 017e 01       		.byte	0x1
 1068 017f 47       		.uleb128 0x47
 1069 0180 13       		.uleb128 0x13
 1070 0181 3A       		.uleb128 0x3a
 1071 0182 0B       		.uleb128 0xb
 1072 0183 3B       		.uleb128 0x3b
 1073 0184 0B       		.uleb128 0xb
 1074 0185 11       		.uleb128 0x11
 1075 0186 01       		.uleb128 0x1
 1076 0187 12       		.uleb128 0x12
 1077 0188 01       		.uleb128 0x1
 1078 0189 40       		.uleb128 0x40
 1079 018a 06       		.uleb128 0x6
 1080 018b 64       		.uleb128 0x64
 1081 018c 13       		.uleb128 0x13
 1082 018d 9642     		.uleb128 0x2116
 1083 018f 0C       		.uleb128 0xc
 1084 0190 00       		.byte	0
 1085 0191 00       		.byte	0
 1086 0192 00       		.byte	0
 1087              		.section	.debug_loc,"",%progbits
 1088              	.Ldebug_loc0:
 1089              	.LLST0:
 1090 0000 00000000 		.4byte	.LFB8
 1091 0004 02000000 		.4byte	.LCFI0
 1092 0008 0200     		.2byte	0x2
 1093 000a 7D       		.byte	0x7d
 1094 000b 00       		.sleb128 0
 1095 000c 02000000 		.4byte	.LCFI0
 1096 0010 04000000 		.4byte	.LCFI1
 1097 0014 0200     		.2byte	0x2
 1098 0016 7D       		.byte	0x7d
 1099 0017 08       		.sleb128 8
 1100 0018 04000000 		.4byte	.LCFI1
 1101 001c 06000000 		.4byte	.LCFI2
 1102 0020 0200     		.2byte	0x2
 1103 0022 7D       		.byte	0x7d
 1104 0023 18       		.sleb128 24
 1105 0024 06000000 		.4byte	.LCFI2
 1106 0028 6C000000 		.4byte	.LFE8
 1107 002c 0200     		.2byte	0x2
 1108 002e 77       		.byte	0x77
 1109 002f 18       		.sleb128 24
 1110 0030 00000000 		.4byte	0
 1111 0034 00000000 		.4byte	0
 1112              	.LLST1:
 1113 0038 00000000 		.4byte	.LFB9
 1114 003c 02000000 		.4byte	.LCFI3
 1115 0040 0200     		.2byte	0x2
 1116 0042 7D       		.byte	0x7d
ARM GAS  C:\DOCUME~1\Chuck\LOCALS~1\Temp\cchssVV8.s 			page 22


 1117 0043 00       		.sleb128 0
 1118 0044 02000000 		.4byte	.LCFI3
 1119 0048 04000000 		.4byte	.LCFI4
 1120 004c 0200     		.2byte	0x2
 1121 004e 7D       		.byte	0x7d
 1122 004f 08       		.sleb128 8
 1123 0050 04000000 		.4byte	.LCFI4
 1124 0054 06000000 		.4byte	.LCFI5
 1125 0058 0200     		.2byte	0x2
 1126 005a 7D       		.byte	0x7d
 1127 005b 10       		.sleb128 16
 1128 005c 06000000 		.4byte	.LCFI5
 1129 0060 3E000000 		.4byte	.LFE9
 1130 0064 0200     		.2byte	0x2
 1131 0066 77       		.byte	0x77
 1132 0067 10       		.sleb128 16
 1133 0068 00000000 		.4byte	0
 1134 006c 00000000 		.4byte	0
 1135              	.LLST2:
 1136 0070 00000000 		.4byte	.LFB10
 1137 0074 02000000 		.4byte	.LCFI6
 1138 0078 0200     		.2byte	0x2
 1139 007a 7D       		.byte	0x7d
 1140 007b 00       		.sleb128 0
 1141 007c 02000000 		.4byte	.LCFI6
 1142 0080 04000000 		.4byte	.LCFI7
 1143 0084 0200     		.2byte	0x2
 1144 0086 7D       		.byte	0x7d
 1145 0087 08       		.sleb128 8
 1146 0088 04000000 		.4byte	.LCFI7
 1147 008c 06000000 		.4byte	.LCFI8
 1148 0090 0200     		.2byte	0x2
 1149 0092 7D       		.byte	0x7d
 1150 0093 10       		.sleb128 16
 1151 0094 06000000 		.4byte	.LCFI8
 1152 0098 3E000000 		.4byte	.LFE10
 1153 009c 0200     		.2byte	0x2
 1154 009e 77       		.byte	0x77
 1155 009f 10       		.sleb128 16
 1156 00a0 00000000 		.4byte	0
 1157 00a4 00000000 		.4byte	0
 1158              	.LLST3:
 1159 00a8 00000000 		.4byte	.LFB11
 1160 00ac 02000000 		.4byte	.LCFI9
 1161 00b0 0200     		.2byte	0x2
 1162 00b2 7D       		.byte	0x7d
 1163 00b3 00       		.sleb128 0
 1164 00b4 02000000 		.4byte	.LCFI9
 1165 00b8 04000000 		.4byte	.LCFI10
 1166 00bc 0200     		.2byte	0x2
 1167 00be 7D       		.byte	0x7d
 1168 00bf 0C       		.sleb128 12
 1169 00c0 04000000 		.4byte	.LCFI10
 1170 00c4 06000000 		.4byte	.LCFI11
 1171 00c8 0200     		.2byte	0x2
 1172 00ca 7D       		.byte	0x7d
 1173 00cb 20       		.sleb128 32
ARM GAS  C:\DOCUME~1\Chuck\LOCALS~1\Temp\cchssVV8.s 			page 23


 1174 00cc 06000000 		.4byte	.LCFI11
 1175 00d0 7C000000 		.4byte	.LFE11
 1176 00d4 0200     		.2byte	0x2
 1177 00d6 77       		.byte	0x77
 1178 00d7 20       		.sleb128 32
 1179 00d8 00000000 		.4byte	0
 1180 00dc 00000000 		.4byte	0
 1181              		.section	.debug_aranges,"",%progbits
 1182 0000 34000000 		.4byte	0x34
 1183 0004 0200     		.2byte	0x2
 1184 0006 00000000 		.4byte	.Ldebug_info0
 1185 000a 04       		.byte	0x4
 1186 000b 00       		.byte	0
 1187 000c 0000     		.2byte	0
 1188 000e 0000     		.2byte	0
 1189 0010 00000000 		.4byte	.LFB8
 1190 0014 6C000000 		.4byte	.LFE8-.LFB8
 1191 0018 00000000 		.4byte	.LFB9
 1192 001c 3E000000 		.4byte	.LFE9-.LFB9
 1193 0020 00000000 		.4byte	.LFB10
 1194 0024 3E000000 		.4byte	.LFE10-.LFB10
 1195 0028 00000000 		.4byte	.LFB11
 1196 002c 7C000000 		.4byte	.LFE11-.LFB11
 1197 0030 00000000 		.4byte	0
 1198 0034 00000000 		.4byte	0
 1199              		.section	.debug_ranges,"",%progbits
 1200              	.Ldebug_ranges0:
 1201 0000 00000000 		.4byte	.LFB8
 1202 0004 6C000000 		.4byte	.LFE8
 1203 0008 00000000 		.4byte	.LFB9
 1204 000c 3E000000 		.4byte	.LFE9
 1205 0010 00000000 		.4byte	.LFB10
 1206 0014 3E000000 		.4byte	.LFE10
 1207 0018 00000000 		.4byte	.LFB11
 1208 001c 7C000000 		.4byte	.LFE11
 1209 0020 00000000 		.4byte	0
 1210 0024 00000000 		.4byte	0
 1211              		.section	.debug_line,"",%progbits
 1212              	.Ldebug_line0:
 1213 0000 B3000000 		.section	.debug_str,"MS",%progbits,1
 1213      02004900 
 1213      00000201 
 1213      FB0E0D00 
 1213      01010101 
 1214              	.LASF32:
 1215 0000 433A5C44 		.ascii	"C:\\Documents and Settings\\Chuck\\My Documents\\PS"
 1215      6F63756D 
 1215      656E7473 
 1215      20616E64 
 1215      20536574 
 1216 002f 6F432043 		.ascii	"oC Creator\\RosOnAStick\\RosOnAStick.cydsn\000"
 1216      72656174 
 1216      6F725C52 
 1216      6F734F6E 
 1216      41537469 
 1217              	.LASF15:
 1218 0058 44757261 		.ascii	"Duration\000"
ARM GAS  C:\DOCUME~1\Chuck\LOCALS~1\Temp\cchssVV8.s 			page 24


 1218      74696F6E 
 1218      00
 1219              	.LASF27:
 1220 0061 7365635F 		.ascii	"sec_part\000"
 1220      70617274 
 1220      00
 1221              	.LASF23:
 1222 006a 6F706572 		.ascii	"operator*=\000"
 1222      61746F72 
 1222      2A3D00
 1223              	.LASF24:
 1224 0075 5F5A4E33 		.ascii	"_ZN3ros8Duration7fromSecEd\000"
 1224      726F7338 
 1224      44757261 
 1224      74696F6E 
 1224      3766726F 
 1225              	.LASF29:
 1226 0090 7363616C 		.ascii	"scale\000"
 1226      6500
 1227              	.LASF30:
 1228 0096 474E5520 		.ascii	"GNU C++ 4.7.3 20130312 (release) [ARM/embedded-4_7-"
 1228      432B2B20 
 1228      342E372E 
 1228      33203230 
 1228      31333033 
 1229 00c9 6272616E 		.ascii	"branch revision 196615]\000"
 1229      63682072 
 1229      65766973 
 1229      696F6E20 
 1229      31393636 
 1230              	.LASF16:
 1231 00e1 66726F6D 		.ascii	"fromSec\000"
 1231      53656300 
 1232              	.LASF25:
 1233 00e9 5F5A4E33 		.ascii	"_ZN3ros8DurationmLEd\000"
 1233      726F7338 
 1233      44757261 
 1233      74696F6E 
 1233      6D4C4564 
 1234              	.LASF28:
 1235 00fe 74686973 		.ascii	"this\000"
 1235      00
 1236              	.LASF9:
 1237 0103 6C6F6E67 		.ascii	"long unsigned int\000"
 1237      20756E73 
 1237      69676E65 
 1237      6420696E 
 1237      7400
 1238              	.LASF3:
 1239 0115 73686F72 		.ascii	"short unsigned int\000"
 1239      7420756E 
 1239      7369676E 
 1239      65642069 
 1239      6E7400
 1240              	.LASF26:
 1241 0128 6E736563 		.ascii	"nsec_part\000"
 1241      5F706172 
ARM GAS  C:\DOCUME~1\Chuck\LOCALS~1\Temp\cchssVV8.s 			page 25


 1241      7400
 1242              	.LASF11:
 1243 0132 646F7562 		.ascii	"double\000"
 1243      6C6500
 1244              	.LASF17:
 1245 0139 746F5365 		.ascii	"toSec\000"
 1245      6300
 1246              	.LASF20:
 1247 013f 5F5A4E33 		.ascii	"_ZN3ros8DurationpLERKS0_\000"
 1247      726F7338 
 1247      44757261 
 1247      74696F6E 
 1247      704C4552 
 1248              	.LASF1:
 1249 0158 756E7369 		.ascii	"unsigned char\000"
 1249      676E6564 
 1249      20636861 
 1249      7200
 1250              	.LASF4:
 1251 0166 756E7369 		.ascii	"unsigned int\000"
 1251      676E6564 
 1251      20696E74 
 1251      00
 1252              	.LASF33:
 1253 0173 6E6F726D 		.ascii	"normalizeSecNSecSigned\000"
 1253      616C697A 
 1253      65536563 
 1253      4E536563 
 1253      5369676E 
 1254              	.LASF6:
 1255 018a 6C6F6E67 		.ascii	"long long unsigned int\000"
 1255      206C6F6E 
 1255      6720756E 
 1255      7369676E 
 1255      65642069 
 1256              	.LASF18:
 1257 01a1 6F706572 		.ascii	"operator+=\000"
 1257      61746F72 
 1257      2B3D00
 1258              	.LASF21:
 1259 01ac 6F706572 		.ascii	"operator-=\000"
 1259      61746F72 
 1259      2D3D00
 1260              	.LASF8:
 1261 01b7 73697A65 		.ascii	"sizetype\000"
 1261      74797065 
 1261      00
 1262              	.LASF5:
 1263 01c0 6C6F6E67 		.ascii	"long long int\000"
 1263      206C6F6E 
 1263      6720696E 
 1263      7400
 1264              	.LASF14:
 1265 01ce 6E736563 		.ascii	"nsec\000"
 1265      00
 1266              	.LASF2:
 1267 01d3 73686F72 		.ascii	"short int\000"
ARM GAS  C:\DOCUME~1\Chuck\LOCALS~1\Temp\cchssVV8.s 			page 26


 1267      7420696E 
 1267      7400
 1268              	.LASF22:
 1269 01dd 5F5A4E33 		.ascii	"_ZN3ros8DurationmIERKS0_\000"
 1269      726F7338 
 1269      44757261 
 1269      74696F6E 
 1269      6D494552 
 1270              	.LASF7:
 1271 01f6 6C6F6E67 		.ascii	"long int\000"
 1271      20696E74 
 1271      00
 1272              	.LASF10:
 1273 01ff 63686172 		.ascii	"char\000"
 1273      00
 1274              	.LASF13:
 1275 0204 6C6F6E67 		.ascii	"long double\000"
 1275      20646F75 
 1275      626C6500 
 1276              	.LASF12:
 1277 0210 666C6F61 		.ascii	"float\000"
 1277      7400
 1278              	.LASF0:
 1279 0216 7369676E 		.ascii	"signed char\000"
 1279      65642063 
 1279      68617200 
 1280              	.LASF31:
 1281 0222 2E5C726F 		.ascii	".\\ros_lib\\duration.cpp\000"
 1281      735F6C69 
 1281      625C6475 
 1281      72617469 
 1281      6F6E2E63 
 1282              	.LASF34:
 1283 0239 5F5A4E33 		.ascii	"_ZN3ros22normalizeSecNSecSignedERlS0_\000"
 1283      726F7332 
 1283      326E6F72 
 1283      6D616C69 
 1283      7A655365 
 1284              	.LASF19:
 1285 025f 5F5A4E4B 		.ascii	"_ZNK3ros8Duration5toSecEv\000"
 1285      33726F73 
 1285      38447572 
 1285      6174696F 
 1285      6E35746F 
 1286              		.ident	"GCC: (GNU Tools for ARM Embedded Processors) 4.7.3 20130312 (release) [ARM/embedded-4_7-br
