ARM GAS  C:\DOCUME~1\Chuck\LOCALS~1\Temp\ccCsEGdP.s 			page 1


   1              		.cpu cortex-m0
   2              		.fpu softvfp
   3              		.eabi_attribute 20, 1
   4              		.eabi_attribute 21, 1
   5              		.eabi_attribute 23, 3
   6              		.eabi_attribute 24, 1
   7              		.eabi_attribute 25, 1
   8              		.eabi_attribute 26, 1
   9              		.eabi_attribute 30, 6
  10              		.eabi_attribute 34, 0
  11              		.eabi_attribute 18, 4
  12              		.code	16
  13              		.file	"isnprintf.cpp"
  14              		.text
  15              	.Ltext0:
  16              		.cfi_sections	.debug_frame
  17              		.section	.text._ZL8add_charPPcPiic,"ax",%progbits
  18              		.align	2
  19              		.code	16
  20              		.thumb_func
  21              		.type	_ZL8add_charPPcPiic, %function
  22              	_ZL8add_charPPcPiic:
  23              	.LFB0:
  24              		.file 1 ".\\ros_lib\\isnprintf.cpp"
   1:.\ros_lib/isnprintf.cpp **** /******************************************************************************
   2:.\ros_lib/isnprintf.cpp **** * derived from http://www.cypress.com/?id=4&rID=81086, license terms unknown
   3:.\ros_lib/isnprintf.cpp **** * modifications (c) C. Harrison CC BY 3.0 http://creativecommons.org/licenses/by/3.0/
   4:.\ros_lib/isnprintf.cpp **** *This file is for isnprintf()
   5:.\ros_lib/isnprintf.cpp **** *The isnprintf() is a simple snprintf() and only can print string with %s,%d,%c,%x.
   6:.\ros_lib/isnprintf.cpp **** *******************************************************************************/
   7:.\ros_lib/isnprintf.cpp **** #include "isnprintf.h"
   8:.\ros_lib/isnprintf.cpp **** 
   9:.\ros_lib/isnprintf.cpp **** static void add_char(char **ps, int* pchars_generated, int buf_len, char ch)
  10:.\ros_lib/isnprintf.cpp **** {
  25              		.loc 1 10 0
  26              		.cfi_startproc
  27 0000 80B5     		push	{r7, lr}
  28              	.LCFI0:
  29              		.cfi_def_cfa_offset 8
  30              		.cfi_offset 7, -8
  31              		.cfi_offset 14, -4
  32 0002 84B0     		sub	sp, sp, #16
  33              	.LCFI1:
  34              		.cfi_def_cfa_offset 24
  35 0004 00AF     		add	r7, sp, #0
  36              	.LCFI2:
  37              		.cfi_def_cfa_register 7
  38 0006 F860     		str	r0, [r7, #12]
  39 0008 B960     		str	r1, [r7, #8]
  40 000a 7A60     		str	r2, [r7, #4]
  41 000c 1A1C     		mov	r2, r3
  42 000e FB1C     		add	r3, r7, #3
  43 0010 1A70     		strb	r2, [r3]
  11:.\ros_lib/isnprintf.cpp ****    if((*pchars_generated)++ < buf_len)
  44              		.loc 1 11 0
  45 0012 BB68     		ldr	r3, [r7, #8]
  46 0014 1B68     		ldr	r3, [r3]
ARM GAS  C:\DOCUME~1\Chuck\LOCALS~1\Temp\ccCsEGdP.s 			page 2


  47 0016 0122     		mov	r2, #1
  48 0018 7968     		ldr	r1, [r7, #4]
  49 001a 8B42     		cmp	r3, r1
  50 001c 00DB     		blt	.L2
  51 001e 0022     		mov	r2, #0
  52              	.L2:
  53 0020 D2B2     		uxtb	r2, r2
  54 0022 591C     		add	r1, r3, #1
  55 0024 BB68     		ldr	r3, [r7, #8]
  56 0026 1960     		str	r1, [r3]
  57 0028 002A     		cmp	r2, #0
  58 002a 07D0     		beq	.L3
  12:.\ros_lib/isnprintf.cpp ****    {
  13:.\ros_lib/isnprintf.cpp ****        *(*ps)++ = ch;
  59              		.loc 1 13 0
  60 002c FB68     		ldr	r3, [r7, #12]
  61 002e 1B68     		ldr	r3, [r3]
  62 0030 FA1C     		add	r2, r7, #3
  63 0032 1278     		ldrb	r2, [r2]
  64 0034 1A70     		strb	r2, [r3]
  65 0036 5A1C     		add	r2, r3, #1
  66 0038 FB68     		ldr	r3, [r7, #12]
  67 003a 1A60     		str	r2, [r3]
  68              	.L3:
  14:.\ros_lib/isnprintf.cpp ****    }
  15:.\ros_lib/isnprintf.cpp ****    if (*pchars_generated == buf_len)
  69              		.loc 1 15 0
  70 003c BB68     		ldr	r3, [r7, #8]
  71 003e 1A68     		ldr	r2, [r3]
  72 0040 7B68     		ldr	r3, [r7, #4]
  73 0042 9A42     		cmp	r2, r3
  74 0044 04D1     		bne	.L1
  16:.\ros_lib/isnprintf.cpp ****    {
  17:.\ros_lib/isnprintf.cpp ****        *(*ps-1) = 0;
  75              		.loc 1 17 0
  76 0046 FB68     		ldr	r3, [r7, #12]
  77 0048 1B68     		ldr	r3, [r3]
  78 004a 013B     		sub	r3, r3, #1
  79 004c 0022     		mov	r2, #0
  80 004e 1A70     		strb	r2, [r3]
  81              	.L1:
  18:.\ros_lib/isnprintf.cpp ****    }
  19:.\ros_lib/isnprintf.cpp **** }
  82              		.loc 1 19 0
  83 0050 BD46     		mov	sp, r7
  84 0052 04B0     		add	sp, sp, #16
  85              		@ sp needed for prologue
  86 0054 80BD     		pop	{r7, pc}
  87              		.cfi_endproc
  88              	.LFE0:
  89              		.size	_ZL8add_charPPcPiic, .-_ZL8add_charPPcPiic
  90 0056 C046     		.section	.rodata
  91              		.align	2
  92              	.LC0:
  93 0000 30313233 		.ascii	"0123456789abcdef\000"
  93      34353637 
  93      38396162 
ARM GAS  C:\DOCUME~1\Chuck\LOCALS~1\Temp\ccCsEGdP.s 			page 3


  93      63646566 
  93      00
  94 0011 000000   		.section	.text._ZL6changeh,"ax",%progbits
  95              		.align	2
  96              		.code	16
  97              		.thumb_func
  98              		.type	_ZL6changeh, %function
  99              	_ZL6changeh:
 100              	.LFB1:
  20:.\ros_lib/isnprintf.cpp **** 
  21:.\ros_lib/isnprintf.cpp ****       
  22:.\ros_lib/isnprintf.cpp **** static char* change(uint8_t Index)
  23:.\ros_lib/isnprintf.cpp **** {
 101              		.loc 1 23 0
 102              		.cfi_startproc
 103 0000 80B5     		push	{r7, lr}
 104              	.LCFI3:
 105              		.cfi_def_cfa_offset 8
 106              		.cfi_offset 7, -8
 107              		.cfi_offset 14, -4
 108 0002 82B0     		sub	sp, sp, #8
 109              	.LCFI4:
 110              		.cfi_def_cfa_offset 16
 111 0004 00AF     		add	r7, sp, #0
 112              	.LCFI5:
 113              		.cfi_def_cfa_register 7
 114 0006 021C     		mov	r2, r0
 115 0008 FB1D     		add	r3, r7, #7
 116 000a 1A70     		strb	r2, [r3]
  24:.\ros_lib/isnprintf.cpp ****     return (char*)("0123456789abcdef"+Index);
 117              		.loc 1 24 0
 118 000c FB1D     		add	r3, r7, #7
 119 000e 1A78     		ldrb	r2, [r3]
 120 0010 024B     		ldr	r3, .L7
 121 0012 D318     		add	r3, r2, r3
  25:.\ros_lib/isnprintf.cpp **** }
 122              		.loc 1 25 0
 123 0014 181C     		mov	r0, r3
 124 0016 BD46     		mov	sp, r7
 125 0018 02B0     		add	sp, sp, #8
 126              		@ sp needed for prologue
 127 001a 80BD     		pop	{r7, pc}
 128              	.L8:
 129              		.align	2
 130              	.L7:
 131 001c 00000000 		.word	.LC0
 132              		.cfi_endproc
 133              	.LFE1:
 134              		.size	_ZL6changeh, .-_ZL6changeh
 135              		.global	__aeabi_uidivmod
 136              		.global	__aeabi_uidiv
 137              		.section	.text._Z9isnprintfPciPKcz,"ax",%progbits
 138              		.align	2
 139              		.global	_Z9isnprintfPciPKcz
 140              		.code	16
 141              		.thumb_func
 142              		.type	_Z9isnprintfPciPKcz, %function
ARM GAS  C:\DOCUME~1\Chuck\LOCALS~1\Temp\ccCsEGdP.s 			page 4


 143              	_Z9isnprintfPciPKcz:
 144              	.LFB2:
  26:.\ros_lib/isnprintf.cpp **** 
  27:.\ros_lib/isnprintf.cpp **** 
  28:.\ros_lib/isnprintf.cpp **** int isnprintf(char *s, int buf_len, const char *pszFmt,...)
  29:.\ros_lib/isnprintf.cpp **** {
 145              		.loc 1 29 0
 146              		.cfi_startproc
 147 0000 0CB4     		push	{r2, r3}
 148              	.LCFI6:
 149              		.cfi_def_cfa_offset 8
 150 0002 80B5     		push	{r7, lr}
 151              	.LCFI7:
 152              		.cfi_def_cfa_offset 16
 153              		.cfi_offset 7, -16
 154              		.cfi_offset 14, -12
 155 0004 8EB0     		sub	sp, sp, #56
 156              	.LCFI8:
 157              		.cfi_def_cfa_offset 72
 158 0006 00AF     		add	r7, sp, #0
 159              	.LCFI9:
 160              		.cfi_def_cfa_register 7
 161 0008 7860     		str	r0, [r7, #4]
 162 000a 3960     		str	r1, [r7]
 163              	.LBB2:
  30:.\ros_lib/isnprintf.cpp ****     int chars_generated=0;
 164              		.loc 1 30 0
 165 000c 0023     		mov	r3, #0
 166 000e BB61     		str	r3, [r7, #24]
  31:.\ros_lib/isnprintf.cpp ****     char *pszVal;
  32:.\ros_lib/isnprintf.cpp ****     uint32_t iVal, xVal, i = 0, index = 1;
 167              		.loc 1 32 0
 168 0010 0023     		mov	r3, #0
 169 0012 BB62     		str	r3, [r7, #40]
 170 0014 0123     		mov	r3, #1
 171 0016 7B62     		str	r3, [r7, #36]
  33:.\ros_lib/isnprintf.cpp ****     uint8_t buffer[12];
  34:.\ros_lib/isnprintf.cpp ****     char cVal;
  35:.\ros_lib/isnprintf.cpp ****     uint32_t *pArg;
  36:.\ros_lib/isnprintf.cpp ****     pArg =(uint32_t *)&pszFmt;
 172              		.loc 1 36 0
 173 0018 4023     		mov	r3, #64
 174 001a DB19     		add	r3, r3, r7
 175 001c 3B62     		str	r3, [r7, #32]
  37:.\ros_lib/isnprintf.cpp **** 
  38:.\ros_lib/isnprintf.cpp ****     while(*pszFmt)
 176              		.loc 1 38 0
 177 001e 0CE1     		b	.L10
 178              	.L28:
  39:.\ros_lib/isnprintf.cpp ****     {
  40:.\ros_lib/isnprintf.cpp ****         if('%' != *pszFmt)
 179              		.loc 1 40 0
 180 0020 3B6C     		ldr	r3, [r7, #64]
 181 0022 1B78     		ldrb	r3, [r3]
 182 0024 252B     		cmp	r3, #37
 183 0026 0BD0     		beq	.L11
  41:.\ros_lib/isnprintf.cpp ****         {
ARM GAS  C:\DOCUME~1\Chuck\LOCALS~1\Temp\ccCsEGdP.s 			page 5


  42:.\ros_lib/isnprintf.cpp ****             add_char(&s, &chars_generated, buf_len, *pszFmt);
 184              		.loc 1 42 0
 185 0028 3B6C     		ldr	r3, [r7, #64]
 186 002a 1B78     		ldrb	r3, [r3]
 187 002c 381D     		add	r0, r7, #4
 188 002e 391C     		mov	r1, r7
 189 0030 1831     		add	r1, r1, #24
 190 0032 3A68     		ldr	r2, [r7]
 191 0034 FFF7FEFF 		bl	_ZL8add_charPPcPiic
  43:.\ros_lib/isnprintf.cpp ****             pszFmt++;
 192              		.loc 1 43 0
 193 0038 3B6C     		ldr	r3, [r7, #64]
 194 003a 0133     		add	r3, r3, #1
 195 003c 3B64     		str	r3, [r7, #64]
  44:.\ros_lib/isnprintf.cpp ****             continue;
 196              		.loc 1 44 0
 197 003e FCE0     		b	.L10
 198              	.L11:
  45:.\ros_lib/isnprintf.cpp ****         }
  46:.\ros_lib/isnprintf.cpp ****         pszFmt++;
 199              		.loc 1 46 0
 200 0040 3B6C     		ldr	r3, [r7, #64]
 201 0042 0133     		add	r3, r3, #1
 202 0044 3B64     		str	r3, [r7, #64]
  47:.\ros_lib/isnprintf.cpp **** 
  48:.\ros_lib/isnprintf.cpp ****         if(*pszFmt == 's')
 203              		.loc 1 48 0
 204 0046 3B6C     		ldr	r3, [r7, #64]
 205 0048 1B78     		ldrb	r3, [r3]
 206 004a 732B     		cmp	r3, #115
 207 004c 1FD1     		bne	.L12
  49:.\ros_lib/isnprintf.cpp ****         {
  50:.\ros_lib/isnprintf.cpp ****             pszVal = (char*)pArg[index++];
 208              		.loc 1 50 0
 209 004e 7B6A     		ldr	r3, [r7, #36]
 210 0050 9B00     		lsl	r3, r3, #2
 211 0052 3A6A     		ldr	r2, [r7, #32]
 212 0054 D318     		add	r3, r2, r3
 213 0056 1B68     		ldr	r3, [r3]
 214 0058 7B63     		str	r3, [r7, #52]
 215 005a 7B6A     		ldr	r3, [r7, #36]
 216 005c 0133     		add	r3, r3, #1
 217 005e 7B62     		str	r3, [r7, #36]
  51:.\ros_lib/isnprintf.cpp ****             for(; *pszVal != '\0'; pszVal++)
 218              		.loc 1 51 0
 219 0060 0AE0     		b	.L13
 220              	.L14:
  52:.\ros_lib/isnprintf.cpp ****                 add_char(&s, &chars_generated, buf_len, *pszVal);
 221              		.loc 1 52 0 discriminator 2
 222 0062 7B6B     		ldr	r3, [r7, #52]
 223 0064 1B78     		ldrb	r3, [r3]
 224 0066 381D     		add	r0, r7, #4
 225 0068 391C     		mov	r1, r7
 226 006a 1831     		add	r1, r1, #24
 227 006c 3A68     		ldr	r2, [r7]
 228 006e FFF7FEFF 		bl	_ZL8add_charPPcPiic
  51:.\ros_lib/isnprintf.cpp ****             for(; *pszVal != '\0'; pszVal++)
ARM GAS  C:\DOCUME~1\Chuck\LOCALS~1\Temp\ccCsEGdP.s 			page 6


 229              		.loc 1 51 0 discriminator 2
 230 0072 7B6B     		ldr	r3, [r7, #52]
 231 0074 0133     		add	r3, r3, #1
 232 0076 7B63     		str	r3, [r7, #52]
 233              	.L13:
  51:.\ros_lib/isnprintf.cpp ****             for(; *pszVal != '\0'; pszVal++)
 234              		.loc 1 51 0 is_stmt 0 discriminator 1
 235 0078 7B6B     		ldr	r3, [r7, #52]
 236 007a 1B78     		ldrb	r3, [r3]
 237 007c 5A1E     		sub	r2, r3, #1
 238 007e 9341     		sbc	r3, r3, r2
 239 0080 DBB2     		uxtb	r3, r3
 240 0082 002B     		cmp	r3, #0
 241 0084 EDD1     		bne	.L14
  53:.\ros_lib/isnprintf.cpp ****             pszFmt++;
 242              		.loc 1 53 0 is_stmt 1
 243 0086 3B6C     		ldr	r3, [r7, #64]
 244 0088 0133     		add	r3, r3, #1
 245 008a 3B64     		str	r3, [r7, #64]
  54:.\ros_lib/isnprintf.cpp ****             continue;
 246              		.loc 1 54 0
 247 008c D5E0     		b	.L10
 248              	.L12:
  55:.\ros_lib/isnprintf.cpp ****         }
  56:.\ros_lib/isnprintf.cpp ****         if(*pszFmt == 'd')
 249              		.loc 1 56 0
 250 008e 3B6C     		ldr	r3, [r7, #64]
 251 0090 1B78     		ldrb	r3, [r3]
 252 0092 642B     		cmp	r3, #100
 253 0094 56D1     		bne	.L15
  57:.\ros_lib/isnprintf.cpp ****         {
  58:.\ros_lib/isnprintf.cpp ****             iVal = pArg[index++];
 254              		.loc 1 58 0
 255 0096 7B6A     		ldr	r3, [r7, #36]
 256 0098 9B00     		lsl	r3, r3, #2
 257 009a 3A6A     		ldr	r2, [r7, #32]
 258 009c D318     		add	r3, r2, r3
 259 009e 1B68     		ldr	r3, [r3]
 260 00a0 3B63     		str	r3, [r7, #48]
 261 00a2 7B6A     		ldr	r3, [r7, #36]
 262 00a4 0133     		add	r3, r3, #1
 263 00a6 7B62     		str	r3, [r7, #36]
  59:.\ros_lib/isnprintf.cpp ****             // handle negative sign
  60:.\ros_lib/isnprintf.cpp ****             if (iVal & 0x8000) {
 264              		.loc 1 60 0
 265 00a8 3A6B     		ldr	r2, [r7, #48]
 266 00aa 8023     		mov	r3, #128
 267 00ac 1B02     		lsl	r3, r3, #8
 268 00ae 1340     		and	r3, r2
 269 00b0 0CD0     		beq	.L16
  61:.\ros_lib/isnprintf.cpp ****               iVal = ~iVal + 1;
 270              		.loc 1 61 0
 271 00b2 3B6B     		ldr	r3, [r7, #48]
 272 00b4 5B42     		neg	r3, r3
 273 00b6 3B63     		str	r3, [r7, #48]
  62:.\ros_lib/isnprintf.cpp ****               add_char(&s, &chars_generated, buf_len, '-');
 274              		.loc 1 62 0
ARM GAS  C:\DOCUME~1\Chuck\LOCALS~1\Temp\ccCsEGdP.s 			page 7


 275 00b8 391D     		add	r1, r7, #4
 276 00ba 3A1C     		mov	r2, r7
 277 00bc 1832     		add	r2, r2, #24
 278 00be 3B68     		ldr	r3, [r7]
 279 00c0 081C     		mov	r0, r1
 280 00c2 111C     		mov	r1, r2
 281 00c4 1A1C     		mov	r2, r3
 282 00c6 2D23     		mov	r3, #45
 283 00c8 FFF7FEFF 		bl	_ZL8add_charPPcPiic
 284              	.L16:
  63:.\ros_lib/isnprintf.cpp ****             }
  64:.\ros_lib/isnprintf.cpp ****             i = 0;
 285              		.loc 1 64 0
 286 00cc 0023     		mov	r3, #0
 287 00ce BB62     		str	r3, [r7, #40]
 288              	.L17:
  65:.\ros_lib/isnprintf.cpp ****             do{
  66:.\ros_lib/isnprintf.cpp ****                 buffer[i++] = iVal % 10;
 289              		.loc 1 66 0 discriminator 1
 290 00d0 3B6B     		ldr	r3, [r7, #48]
 291 00d2 181C     		mov	r0, r3
 292 00d4 0A21     		mov	r1, #10
 293 00d6 FFF7FEFF 		bl	__aeabi_uidivmod
 294 00da 0B1C     		mov	r3, r1
 295 00dc DAB2     		uxtb	r2, r3
 296 00de 391C     		mov	r1, r7
 297 00e0 0C31     		add	r1, r1, #12
 298 00e2 BB6A     		ldr	r3, [r7, #40]
 299 00e4 CB18     		add	r3, r1, r3
 300 00e6 1A70     		strb	r2, [r3]
 301 00e8 BB6A     		ldr	r3, [r7, #40]
 302 00ea 0133     		add	r3, r3, #1
 303 00ec BB62     		str	r3, [r7, #40]
  67:.\ros_lib/isnprintf.cpp ****                 iVal /= 10;
 304              		.loc 1 67 0 discriminator 1
 305 00ee 3B6B     		ldr	r3, [r7, #48]
 306 00f0 181C     		mov	r0, r3
 307 00f2 0A21     		mov	r1, #10
 308 00f4 FFF7FEFF 		bl	__aeabi_uidiv
 309 00f8 031C     		mov	r3, r0
 310 00fa 3B63     		str	r3, [r7, #48]
  65:.\ros_lib/isnprintf.cpp ****             do{
 311              		.loc 1 65 0 discriminator 1
 312 00fc 3B6B     		ldr	r3, [r7, #48]
 313 00fe 5A1E     		sub	r2, r3, #1
 314 0100 9341     		sbc	r3, r3, r2
 315 0102 DBB2     		uxtb	r3, r3
 316 0104 002B     		cmp	r3, #0
 317 0106 E3D1     		bne	.L17
  68:.\ros_lib/isnprintf.cpp ****             }while(iVal);
  69:.\ros_lib/isnprintf.cpp ****             while(i > 0)
 318              		.loc 1 69 0
 319 0108 12E0     		b	.L18
 320              	.L19:
  70:.\ros_lib/isnprintf.cpp ****             {
  71:.\ros_lib/isnprintf.cpp ****                 i--;
 321              		.loc 1 71 0
ARM GAS  C:\DOCUME~1\Chuck\LOCALS~1\Temp\ccCsEGdP.s 			page 8


 322 010a BB6A     		ldr	r3, [r7, #40]
 323 010c 013B     		sub	r3, r3, #1
 324 010e BB62     		str	r3, [r7, #40]
  72:.\ros_lib/isnprintf.cpp ****                 add_char(&s, &chars_generated, buf_len, *change(buffer[i]));
 325              		.loc 1 72 0
 326 0110 3A1C     		mov	r2, r7
 327 0112 0C32     		add	r2, r2, #12
 328 0114 BB6A     		ldr	r3, [r7, #40]
 329 0116 D318     		add	r3, r2, r3
 330 0118 1B78     		ldrb	r3, [r3]
 331 011a 181C     		mov	r0, r3
 332 011c FFF7FEFF 		bl	_ZL6changeh
 333 0120 031C     		mov	r3, r0
 334 0122 1B78     		ldrb	r3, [r3]
 335 0124 381D     		add	r0, r7, #4
 336 0126 391C     		mov	r1, r7
 337 0128 1831     		add	r1, r1, #24
 338 012a 3A68     		ldr	r2, [r7]
 339 012c FFF7FEFF 		bl	_ZL8add_charPPcPiic
 340              	.L18:
  69:.\ros_lib/isnprintf.cpp ****             while(i > 0)
 341              		.loc 1 69 0 discriminator 1
 342 0130 BB6A     		ldr	r3, [r7, #40]
 343 0132 5A1E     		sub	r2, r3, #1
 344 0134 9341     		sbc	r3, r3, r2
 345 0136 DBB2     		uxtb	r3, r3
 346 0138 002B     		cmp	r3, #0
 347 013a E6D1     		bne	.L19
  73:.\ros_lib/isnprintf.cpp ****             }
  74:.\ros_lib/isnprintf.cpp ****             pszFmt++;
 348              		.loc 1 74 0
 349 013c 3B6C     		ldr	r3, [r7, #64]
 350 013e 0133     		add	r3, r3, #1
 351 0140 3B64     		str	r3, [r7, #64]
  75:.\ros_lib/isnprintf.cpp ****             continue;
 352              		.loc 1 75 0
 353 0142 7AE0     		b	.L10
 354              	.L15:
  76:.\ros_lib/isnprintf.cpp ****         }
  77:.\ros_lib/isnprintf.cpp ****         if(*pszFmt == 'c')
 355              		.loc 1 77 0
 356 0144 3B6C     		ldr	r3, [r7, #64]
 357 0146 1B78     		ldrb	r3, [r3]
 358 0148 632B     		cmp	r3, #99
 359 014a 17D1     		bne	.L20
  78:.\ros_lib/isnprintf.cpp ****         {
  79:.\ros_lib/isnprintf.cpp ****             cVal = (char)pArg[index++];
 360              		.loc 1 79 0
 361 014c 7B6A     		ldr	r3, [r7, #36]
 362 014e 9B00     		lsl	r3, r3, #2
 363 0150 3A6A     		ldr	r2, [r7, #32]
 364 0152 D318     		add	r3, r2, r3
 365 0154 1A68     		ldr	r2, [r3]
 366 0156 3B1C     		mov	r3, r7
 367 0158 1F33     		add	r3, r3, #31
 368 015a 1A70     		strb	r2, [r3]
 369 015c 7B6A     		ldr	r3, [r7, #36]
ARM GAS  C:\DOCUME~1\Chuck\LOCALS~1\Temp\ccCsEGdP.s 			page 9


 370 015e 0133     		add	r3, r3, #1
 371 0160 7B62     		str	r3, [r7, #36]
  80:.\ros_lib/isnprintf.cpp ****             add_char(&s, &chars_generated, buf_len, cVal);
 372              		.loc 1 80 0
 373 0162 381D     		add	r0, r7, #4
 374 0164 391C     		mov	r1, r7
 375 0166 1831     		add	r1, r1, #24
 376 0168 3A68     		ldr	r2, [r7]
 377 016a 3B1C     		mov	r3, r7
 378 016c 1F33     		add	r3, r3, #31
 379 016e 1B78     		ldrb	r3, [r3]
 380 0170 FFF7FEFF 		bl	_ZL8add_charPPcPiic
  81:.\ros_lib/isnprintf.cpp ****             pszFmt++;
 381              		.loc 1 81 0
 382 0174 3B6C     		ldr	r3, [r7, #64]
 383 0176 0133     		add	r3, r3, #1
 384 0178 3B64     		str	r3, [r7, #64]
  82:.\ros_lib/isnprintf.cpp ****             continue;
 385              		.loc 1 82 0
 386 017a 5EE0     		b	.L10
 387              	.L20:
  83:.\ros_lib/isnprintf.cpp ****         }
  84:.\ros_lib/isnprintf.cpp ****         if(*pszFmt == 'x')
 388              		.loc 1 84 0
 389 017c 3B6C     		ldr	r3, [r7, #64]
 390 017e 1B78     		ldrb	r3, [r3]
 391 0180 782B     		cmp	r3, #120
 392 0182 57D1     		bne	.L21
  85:.\ros_lib/isnprintf.cpp ****         {
  86:.\ros_lib/isnprintf.cpp ****             xVal = pArg[index++];
 393              		.loc 1 86 0
 394 0184 7B6A     		ldr	r3, [r7, #36]
 395 0186 9B00     		lsl	r3, r3, #2
 396 0188 3A6A     		ldr	r2, [r7, #32]
 397 018a D318     		add	r3, r2, r3
 398 018c 1B68     		ldr	r3, [r3]
 399 018e FB62     		str	r3, [r7, #44]
 400 0190 7B6A     		ldr	r3, [r7, #36]
 401 0192 0133     		add	r3, r3, #1
 402 0194 7B62     		str	r3, [r7, #36]
  87:.\ros_lib/isnprintf.cpp ****             i = 0;
 403              		.loc 1 87 0
 404 0196 0023     		mov	r3, #0
 405 0198 BB62     		str	r3, [r7, #40]
 406              	.L22:
  88:.\ros_lib/isnprintf.cpp ****             do{
  89:.\ros_lib/isnprintf.cpp ****                 buffer[i++] = xVal % 16;
 407              		.loc 1 89 0 discriminator 1
 408 019a FB6A     		ldr	r3, [r7, #44]
 409 019c DAB2     		uxtb	r2, r3
 410 019e 0F23     		mov	r3, #15
 411 01a0 1340     		and	r3, r2
 412 01a2 DAB2     		uxtb	r2, r3
 413 01a4 391C     		mov	r1, r7
 414 01a6 0C31     		add	r1, r1, #12
 415 01a8 BB6A     		ldr	r3, [r7, #40]
 416 01aa CB18     		add	r3, r1, r3
ARM GAS  C:\DOCUME~1\Chuck\LOCALS~1\Temp\ccCsEGdP.s 			page 10


 417 01ac 1A70     		strb	r2, [r3]
 418 01ae BB6A     		ldr	r3, [r7, #40]
 419 01b0 0133     		add	r3, r3, #1
 420 01b2 BB62     		str	r3, [r7, #40]
  90:.\ros_lib/isnprintf.cpp ****                 xVal /= 16;
 421              		.loc 1 90 0 discriminator 1
 422 01b4 FB6A     		ldr	r3, [r7, #44]
 423 01b6 1B09     		lsr	r3, r3, #4
 424 01b8 FB62     		str	r3, [r7, #44]
  88:.\ros_lib/isnprintf.cpp ****             do{
 425              		.loc 1 88 0 discriminator 1
 426 01ba FB6A     		ldr	r3, [r7, #44]
 427 01bc 5A1E     		sub	r2, r3, #1
 428 01be 9341     		sbc	r3, r3, r2
 429 01c0 DBB2     		uxtb	r3, r3
 430 01c2 002B     		cmp	r3, #0
 431 01c4 E9D1     		bne	.L22
  91:.\ros_lib/isnprintf.cpp ****             }while(xVal);
  92:.\ros_lib/isnprintf.cpp ****             if(i%2!=0)
 432              		.loc 1 92 0
 433 01c6 BA6A     		ldr	r2, [r7, #40]
 434 01c8 0123     		mov	r3, #1
 435 01ca 1340     		and	r3, r2
 436 01cc 08D0     		beq	.L23
  93:.\ros_lib/isnprintf.cpp ****                 buffer[i++]=0;
 437              		.loc 1 93 0
 438 01ce 3A1C     		mov	r2, r7
 439 01d0 0C32     		add	r2, r2, #12
 440 01d2 BB6A     		ldr	r3, [r7, #40]
 441 01d4 D318     		add	r3, r2, r3
 442 01d6 0022     		mov	r2, #0
 443 01d8 1A70     		strb	r2, [r3]
 444 01da BB6A     		ldr	r3, [r7, #40]
 445 01dc 0133     		add	r3, r3, #1
 446 01de BB62     		str	r3, [r7, #40]
 447              	.L23:
  94:.\ros_lib/isnprintf.cpp ****             if(i<2)
 448              		.loc 1 94 0
 449 01e0 BB6A     		ldr	r3, [r7, #40]
 450 01e2 012B     		cmp	r3, #1
 451 01e4 1CD8     		bhi	.L25
  95:.\ros_lib/isnprintf.cpp ****                 buffer[i++]=0;
 452              		.loc 1 95 0
 453 01e6 3A1C     		mov	r2, r7
 454 01e8 0C32     		add	r2, r2, #12
 455 01ea BB6A     		ldr	r3, [r7, #40]
 456 01ec D318     		add	r3, r2, r3
 457 01ee 0022     		mov	r2, #0
 458 01f0 1A70     		strb	r2, [r3]
 459 01f2 BB6A     		ldr	r3, [r7, #40]
 460 01f4 0133     		add	r3, r3, #1
 461 01f6 BB62     		str	r3, [r7, #40]
  96:.\ros_lib/isnprintf.cpp **** 
  97:.\ros_lib/isnprintf.cpp ****             while(i > 0)
 462              		.loc 1 97 0
 463 01f8 12E0     		b	.L25
 464              	.L26:
ARM GAS  C:\DOCUME~1\Chuck\LOCALS~1\Temp\ccCsEGdP.s 			page 11


  98:.\ros_lib/isnprintf.cpp ****             {
  99:.\ros_lib/isnprintf.cpp ****                 i--;
 465              		.loc 1 99 0
 466 01fa BB6A     		ldr	r3, [r7, #40]
 467 01fc 013B     		sub	r3, r3, #1
 468 01fe BB62     		str	r3, [r7, #40]
 100:.\ros_lib/isnprintf.cpp ****                 add_char(&s, &chars_generated, buf_len, *change(buffer[i]));
 469              		.loc 1 100 0
 470 0200 3A1C     		mov	r2, r7
 471 0202 0C32     		add	r2, r2, #12
 472 0204 BB6A     		ldr	r3, [r7, #40]
 473 0206 D318     		add	r3, r2, r3
 474 0208 1B78     		ldrb	r3, [r3]
 475 020a 181C     		mov	r0, r3
 476 020c FFF7FEFF 		bl	_ZL6changeh
 477 0210 031C     		mov	r3, r0
 478 0212 1B78     		ldrb	r3, [r3]
 479 0214 381D     		add	r0, r7, #4
 480 0216 391C     		mov	r1, r7
 481 0218 1831     		add	r1, r1, #24
 482 021a 3A68     		ldr	r2, [r7]
 483 021c FFF7FEFF 		bl	_ZL8add_charPPcPiic
 484              	.L25:
  97:.\ros_lib/isnprintf.cpp ****             while(i > 0)
 485              		.loc 1 97 0 discriminator 1
 486 0220 BB6A     		ldr	r3, [r7, #40]
 487 0222 5A1E     		sub	r2, r3, #1
 488 0224 9341     		sbc	r3, r3, r2
 489 0226 DBB2     		uxtb	r3, r3
 490 0228 002B     		cmp	r3, #0
 491 022a E6D1     		bne	.L26
 101:.\ros_lib/isnprintf.cpp ****             }
 102:.\ros_lib/isnprintf.cpp ****             pszFmt++;
 492              		.loc 1 102 0
 493 022c 3B6C     		ldr	r3, [r7, #64]
 494 022e 0133     		add	r3, r3, #1
 495 0230 3B64     		str	r3, [r7, #64]
 103:.\ros_lib/isnprintf.cpp ****             continue;
 496              		.loc 1 103 0
 497 0232 02E0     		b	.L10
 498              	.L21:
 104:.\ros_lib/isnprintf.cpp ****         }
 105:.\ros_lib/isnprintf.cpp ****         if(pszFmt == '\0')
 499              		.loc 1 105 0
 500 0234 3B6C     		ldr	r3, [r7, #64]
 501 0236 002B     		cmp	r3, #0
 502 0238 08D0     		beq	.L31
 503              	.L10:
  38:.\ros_lib/isnprintf.cpp ****     while(*pszFmt)
 504              		.loc 1 38 0 discriminator 1
 505 023a 3B6C     		ldr	r3, [r7, #64]
 506 023c 1B78     		ldrb	r3, [r3]
 507 023e 5A1E     		sub	r2, r3, #1
 508 0240 9341     		sbc	r3, r3, r2
 509 0242 DBB2     		uxtb	r3, r3
 510 0244 002B     		cmp	r3, #0
 511 0246 00D0     		beq	.LCB442
ARM GAS  C:\DOCUME~1\Chuck\LOCALS~1\Temp\ccCsEGdP.s 			page 12


 512 0248 EAE6     		b	.L28	@long jump
 513              	.LCB442:
 514 024a 00E0     		b	.L27
 515              	.L31:
 106:.\ros_lib/isnprintf.cpp ****         {
 107:.\ros_lib/isnprintf.cpp ****             break;
 516              		.loc 1 107 0
 517 024c C046     		mov	r8, r8
 518              	.L27:
 108:.\ros_lib/isnprintf.cpp ****         }
 109:.\ros_lib/isnprintf.cpp ****     }
 110:.\ros_lib/isnprintf.cpp ****     if (chars_generated < buf_len)
 519              		.loc 1 110 0
 520 024e BA69     		ldr	r2, [r7, #24]
 521 0250 3B68     		ldr	r3, [r7]
 522 0252 9A42     		cmp	r2, r3
 523 0254 02DA     		bge	.L29
 111:.\ros_lib/isnprintf.cpp ****     {
 112:.\ros_lib/isnprintf.cpp ****         *s = '\0';
 524              		.loc 1 112 0
 525 0256 7B68     		ldr	r3, [r7, #4]
 526 0258 0022     		mov	r2, #0
 527 025a 1A70     		strb	r2, [r3]
 528              	.L29:
 113:.\ros_lib/isnprintf.cpp ****     }
 114:.\ros_lib/isnprintf.cpp ****     return chars_generated;
 529              		.loc 1 114 0
 530 025c BB69     		ldr	r3, [r7, #24]
 531              	.LBE2:
 115:.\ros_lib/isnprintf.cpp **** }
 532              		.loc 1 115 0
 533 025e 181C     		mov	r0, r3
 534 0260 BD46     		mov	sp, r7
 535 0262 0EB0     		add	sp, sp, #56
 536              		@ sp needed for prologue
 537 0264 80BC     		pop	{r7}
 538 0266 08BC     		pop	{r3}
 539 0268 02B0     		add	sp, sp, #8
 540 026a 1847     		bx	r3
 541              		.cfi_endproc
 542              	.LFE2:
 543              		.size	_Z9isnprintfPciPKcz, .-_Z9isnprintfPciPKcz
 544              		.text
 545              	.Letext0:
 546              		.file 2 "c:\\program files\\cypress\\psoc creator\\3.0\\psoc creator\\import\\gnu_cs\\arm\\4.7.3\\
 547              		.section	.debug_info,"",%progbits
 548              	.Ldebug_info0:
 549 0000 10020000 		.4byte	0x210
 550 0004 0200     		.2byte	0x2
 551 0006 00000000 		.4byte	.Ldebug_abbrev0
 552 000a 04       		.byte	0x4
 553 000b 01       		.uleb128 0x1
 554 000c 7A000000 		.4byte	.LASF25
 555 0010 04       		.byte	0x4
 556 0011 D2010000 		.4byte	.LASF26
 557 0015 00000000 		.4byte	.LASF27
 558 0019 00000000 		.4byte	.Ldebug_ranges0+0
ARM GAS  C:\DOCUME~1\Chuck\LOCALS~1\Temp\ccCsEGdP.s 			page 13


 559 001d 00000000 		.4byte	0
 560 0021 00000000 		.4byte	0
 561 0025 00000000 		.4byte	.Ldebug_line0
 562 0029 02       		.uleb128 0x2
 563 002a 01       		.byte	0x1
 564 002b 06       		.byte	0x6
 565 002c C0010000 		.4byte	.LASF0
 566 0030 03       		.uleb128 0x3
 567 0031 45010000 		.4byte	.LASF5
 568 0035 02       		.byte	0x2
 569 0036 2A       		.byte	0x2a
 570 0037 3B000000 		.4byte	0x3b
 571 003b 02       		.uleb128 0x2
 572 003c 01       		.byte	0x1
 573 003d 08       		.byte	0x8
 574 003e C5000000 		.4byte	.LASF1
 575 0042 02       		.uleb128 0x2
 576 0043 02       		.byte	0x2
 577 0044 05       		.byte	0x5
 578 0045 80010000 		.4byte	.LASF2
 579 0049 02       		.uleb128 0x2
 580 004a 02       		.byte	0x2
 581 004b 07       		.byte	0x7
 582 004c F1000000 		.4byte	.LASF3
 583 0050 02       		.uleb128 0x2
 584 0051 04       		.byte	0x4
 585 0052 05       		.byte	0x5
 586 0053 AE010000 		.4byte	.LASF4
 587 0057 03       		.uleb128 0x3
 588 0058 A5010000 		.4byte	.LASF6
 589 005c 02       		.byte	0x2
 590 005d 50       		.byte	0x50
 591 005e 62000000 		.4byte	0x62
 592 0062 02       		.uleb128 0x2
 593 0063 04       		.byte	0x4
 594 0064 07       		.byte	0x7
 595 0065 DF000000 		.4byte	.LASF7
 596 0069 02       		.uleb128 0x2
 597 006a 08       		.byte	0x8
 598 006b 05       		.byte	0x5
 599 006c 62010000 		.4byte	.LASF8
 600 0070 02       		.uleb128 0x2
 601 0071 08       		.byte	0x8
 602 0072 07       		.byte	0x7
 603 0073 2E010000 		.4byte	.LASF9
 604 0077 04       		.uleb128 0x4
 605 0078 04       		.byte	0x4
 606 0079 05       		.byte	0x5
 607 007a 696E7400 		.ascii	"int\000"
 608 007e 02       		.uleb128 0x2
 609 007f 04       		.byte	0x4
 610 0080 07       		.byte	0x7
 611 0081 1C010000 		.4byte	.LASF10
 612 0085 05       		.uleb128 0x5
 613 0086 B7010000 		.4byte	.LASF28
 614 008a 01       		.byte	0x1
 615 008b 09       		.byte	0x9
ARM GAS  C:\DOCUME~1\Chuck\LOCALS~1\Temp\ccCsEGdP.s 			page 14


 616 008c 00000000 		.4byte	.LFB0
 617 0090 56000000 		.4byte	.LFE0
 618 0094 00000000 		.4byte	.LLST0
 619 0098 01       		.byte	0x1
 620 0099 D4000000 		.4byte	0xd4
 621 009d 06       		.uleb128 0x6
 622 009e 707300   		.ascii	"ps\000"
 623 00a1 01       		.byte	0x1
 624 00a2 09       		.byte	0x9
 625 00a3 D4000000 		.4byte	0xd4
 626 00a7 02       		.byte	0x2
 627 00a8 91       		.byte	0x91
 628 00a9 74       		.sleb128 -12
 629 00aa 07       		.uleb128 0x7
 630 00ab 69000000 		.4byte	.LASF11
 631 00af 01       		.byte	0x1
 632 00b0 09       		.byte	0x9
 633 00b1 E7000000 		.4byte	0xe7
 634 00b5 02       		.byte	0x2
 635 00b6 91       		.byte	0x91
 636 00b7 70       		.sleb128 -16
 637 00b8 07       		.uleb128 0x7
 638 00b9 04010000 		.4byte	.LASF12
 639 00bd 01       		.byte	0x1
 640 00be 09       		.byte	0x9
 641 00bf 77000000 		.4byte	0x77
 642 00c3 02       		.byte	0x2
 643 00c4 91       		.byte	0x91
 644 00c5 6C       		.sleb128 -20
 645 00c6 06       		.uleb128 0x6
 646 00c7 636800   		.ascii	"ch\000"
 647 00ca 01       		.byte	0x1
 648 00cb 09       		.byte	0x9
 649 00cc E0000000 		.4byte	0xe0
 650 00d0 02       		.byte	0x2
 651 00d1 91       		.byte	0x91
 652 00d2 6B       		.sleb128 -21
 653 00d3 00       		.byte	0
 654 00d4 08       		.uleb128 0x8
 655 00d5 04       		.byte	0x4
 656 00d6 DA000000 		.4byte	0xda
 657 00da 08       		.uleb128 0x8
 658 00db 04       		.byte	0x4
 659 00dc E0000000 		.4byte	0xe0
 660 00e0 02       		.uleb128 0x2
 661 00e1 01       		.byte	0x1
 662 00e2 08       		.byte	0x8
 663 00e3 75010000 		.4byte	.LASF13
 664 00e7 08       		.uleb128 0x8
 665 00e8 04       		.byte	0x4
 666 00e9 77000000 		.4byte	0x77
 667 00ed 09       		.uleb128 0x9
 668 00ee 52010000 		.4byte	.LASF29
 669 00f2 01       		.byte	0x1
 670 00f3 16       		.byte	0x16
 671 00f4 DA000000 		.4byte	0xda
 672 00f8 00000000 		.4byte	.LFB1
ARM GAS  C:\DOCUME~1\Chuck\LOCALS~1\Temp\ccCsEGdP.s 			page 15


 673 00fc 20000000 		.4byte	.LFE1
 674 0100 38000000 		.4byte	.LLST1
 675 0104 01       		.byte	0x1
 676 0105 18010000 		.4byte	0x118
 677 0109 07       		.uleb128 0x7
 678 010a CC010000 		.4byte	.LASF14
 679 010e 01       		.byte	0x1
 680 010f 16       		.byte	0x16
 681 0110 30000000 		.4byte	0x30
 682 0114 02       		.byte	0x2
 683 0115 91       		.byte	0x91
 684 0116 77       		.sleb128 -9
 685 0117 00       		.byte	0
 686 0118 0A       		.uleb128 0xa
 687 0119 01       		.byte	0x1
 688 011a 58000000 		.4byte	.LASF30
 689 011e 01       		.byte	0x1
 690 011f 1C       		.byte	0x1c
 691 0120 91010000 		.4byte	.LASF31
 692 0124 77000000 		.4byte	0x77
 693 0128 00000000 		.4byte	.LFB2
 694 012c 6C020000 		.4byte	.LFE2
 695 0130 70000000 		.4byte	.LLST2
 696 0134 01       		.byte	0x1
 697 0135 EB010000 		.4byte	0x1eb
 698 0139 06       		.uleb128 0x6
 699 013a 7300     		.ascii	"s\000"
 700 013c 01       		.byte	0x1
 701 013d 1C       		.byte	0x1c
 702 013e DA000000 		.4byte	0xda
 703 0142 03       		.byte	0x3
 704 0143 91       		.byte	0x91
 705 0144 BC7F     		.sleb128 -68
 706 0146 07       		.uleb128 0x7
 707 0147 04010000 		.4byte	.LASF12
 708 014b 01       		.byte	0x1
 709 014c 1C       		.byte	0x1c
 710 014d 77000000 		.4byte	0x77
 711 0151 03       		.byte	0x3
 712 0152 91       		.byte	0x91
 713 0153 B87F     		.sleb128 -72
 714 0155 07       		.uleb128 0x7
 715 0156 62000000 		.4byte	.LASF15
 716 015a 01       		.byte	0x1
 717 015b 1C       		.byte	0x1c
 718 015c EB010000 		.4byte	0x1eb
 719 0160 02       		.byte	0x2
 720 0161 91       		.byte	0x91
 721 0162 78       		.sleb128 -8
 722 0163 0B       		.uleb128 0xb
 723 0164 0C       		.uleb128 0xc
 724 0165 0C000000 		.4byte	.LBB2
 725 0169 5E020000 		.4byte	.LBE2
 726 016d 0D       		.uleb128 0xd
 727 016e 0C010000 		.4byte	.LASF16
 728 0172 01       		.byte	0x1
 729 0173 1E       		.byte	0x1e
ARM GAS  C:\DOCUME~1\Chuck\LOCALS~1\Temp\ccCsEGdP.s 			page 16


 730 0174 77000000 		.4byte	0x77
 731 0178 02       		.byte	0x2
 732 0179 91       		.byte	0x91
 733 017a 50       		.sleb128 -48
 734 017b 0D       		.uleb128 0xd
 735 017c D8000000 		.4byte	.LASF17
 736 0180 01       		.byte	0x1
 737 0181 1F       		.byte	0x1f
 738 0182 DA000000 		.4byte	0xda
 739 0186 02       		.byte	0x2
 740 0187 91       		.byte	0x91
 741 0188 6C       		.sleb128 -20
 742 0189 0D       		.uleb128 0xd
 743 018a 29010000 		.4byte	.LASF18
 744 018e 01       		.byte	0x1
 745 018f 20       		.byte	0x20
 746 0190 57000000 		.4byte	0x57
 747 0194 02       		.byte	0x2
 748 0195 91       		.byte	0x91
 749 0196 68       		.sleb128 -24
 750 0197 0D       		.uleb128 0xd
 751 0198 4D010000 		.4byte	.LASF19
 752 019c 01       		.byte	0x1
 753 019d 20       		.byte	0x20
 754 019e 57000000 		.4byte	0x57
 755 01a2 02       		.byte	0x2
 756 01a3 91       		.byte	0x91
 757 01a4 64       		.sleb128 -28
 758 01a5 0E       		.uleb128 0xe
 759 01a6 6900     		.ascii	"i\000"
 760 01a8 01       		.byte	0x1
 761 01a9 20       		.byte	0x20
 762 01aa 57000000 		.4byte	0x57
 763 01ae 02       		.byte	0x2
 764 01af 91       		.byte	0x91
 765 01b0 60       		.sleb128 -32
 766 01b1 0D       		.uleb128 0xd
 767 01b2 7A010000 		.4byte	.LASF20
 768 01b6 01       		.byte	0x1
 769 01b7 20       		.byte	0x20
 770 01b8 57000000 		.4byte	0x57
 771 01bc 02       		.byte	0x2
 772 01bd 91       		.byte	0x91
 773 01be 5C       		.sleb128 -36
 774 01bf 0D       		.uleb128 0xd
 775 01c0 8A010000 		.4byte	.LASF21
 776 01c4 01       		.byte	0x1
 777 01c5 21       		.byte	0x21
 778 01c6 F6010000 		.4byte	0x1f6
 779 01ca 02       		.byte	0x2
 780 01cb 91       		.byte	0x91
 781 01cc 44       		.sleb128 -60
 782 01cd 0D       		.uleb128 0xd
 783 01ce D3000000 		.4byte	.LASF22
 784 01d2 01       		.byte	0x1
 785 01d3 22       		.byte	0x22
 786 01d4 E0000000 		.4byte	0xe0
ARM GAS  C:\DOCUME~1\Chuck\LOCALS~1\Temp\ccCsEGdP.s 			page 17


 787 01d8 02       		.byte	0x2
 788 01d9 91       		.byte	0x91
 789 01da 57       		.sleb128 -41
 790 01db 0D       		.uleb128 0xd
 791 01dc 70010000 		.4byte	.LASF23
 792 01e0 01       		.byte	0x1
 793 01e1 23       		.byte	0x23
 794 01e2 0D020000 		.4byte	0x20d
 795 01e6 02       		.byte	0x2
 796 01e7 91       		.byte	0x91
 797 01e8 58       		.sleb128 -40
 798 01e9 00       		.byte	0
 799 01ea 00       		.byte	0
 800 01eb 08       		.uleb128 0x8
 801 01ec 04       		.byte	0x4
 802 01ed F1010000 		.4byte	0x1f1
 803 01f1 0F       		.uleb128 0xf
 804 01f2 E0000000 		.4byte	0xe0
 805 01f6 10       		.uleb128 0x10
 806 01f7 3B000000 		.4byte	0x3b
 807 01fb 06020000 		.4byte	0x206
 808 01ff 11       		.uleb128 0x11
 809 0200 06020000 		.4byte	0x206
 810 0204 0B       		.byte	0xb
 811 0205 00       		.byte	0
 812 0206 02       		.uleb128 0x2
 813 0207 04       		.byte	0x4
 814 0208 07       		.byte	0x7
 815 0209 59010000 		.4byte	.LASF24
 816 020d 08       		.uleb128 0x8
 817 020e 04       		.byte	0x4
 818 020f 57000000 		.4byte	0x57
 819 0213 00       		.byte	0
 820              		.section	.debug_abbrev,"",%progbits
 821              	.Ldebug_abbrev0:
 822 0000 01       		.uleb128 0x1
 823 0001 11       		.uleb128 0x11
 824 0002 01       		.byte	0x1
 825 0003 25       		.uleb128 0x25
 826 0004 0E       		.uleb128 0xe
 827 0005 13       		.uleb128 0x13
 828 0006 0B       		.uleb128 0xb
 829 0007 03       		.uleb128 0x3
 830 0008 0E       		.uleb128 0xe
 831 0009 1B       		.uleb128 0x1b
 832 000a 0E       		.uleb128 0xe
 833 000b 55       		.uleb128 0x55
 834 000c 06       		.uleb128 0x6
 835 000d 11       		.uleb128 0x11
 836 000e 01       		.uleb128 0x1
 837 000f 52       		.uleb128 0x52
 838 0010 01       		.uleb128 0x1
 839 0011 10       		.uleb128 0x10
 840 0012 06       		.uleb128 0x6
 841 0013 00       		.byte	0
 842 0014 00       		.byte	0
 843 0015 02       		.uleb128 0x2
ARM GAS  C:\DOCUME~1\Chuck\LOCALS~1\Temp\ccCsEGdP.s 			page 18


 844 0016 24       		.uleb128 0x24
 845 0017 00       		.byte	0
 846 0018 0B       		.uleb128 0xb
 847 0019 0B       		.uleb128 0xb
 848 001a 3E       		.uleb128 0x3e
 849 001b 0B       		.uleb128 0xb
 850 001c 03       		.uleb128 0x3
 851 001d 0E       		.uleb128 0xe
 852 001e 00       		.byte	0
 853 001f 00       		.byte	0
 854 0020 03       		.uleb128 0x3
 855 0021 16       		.uleb128 0x16
 856 0022 00       		.byte	0
 857 0023 03       		.uleb128 0x3
 858 0024 0E       		.uleb128 0xe
 859 0025 3A       		.uleb128 0x3a
 860 0026 0B       		.uleb128 0xb
 861 0027 3B       		.uleb128 0x3b
 862 0028 0B       		.uleb128 0xb
 863 0029 49       		.uleb128 0x49
 864 002a 13       		.uleb128 0x13
 865 002b 00       		.byte	0
 866 002c 00       		.byte	0
 867 002d 04       		.uleb128 0x4
 868 002e 24       		.uleb128 0x24
 869 002f 00       		.byte	0
 870 0030 0B       		.uleb128 0xb
 871 0031 0B       		.uleb128 0xb
 872 0032 3E       		.uleb128 0x3e
 873 0033 0B       		.uleb128 0xb
 874 0034 03       		.uleb128 0x3
 875 0035 08       		.uleb128 0x8
 876 0036 00       		.byte	0
 877 0037 00       		.byte	0
 878 0038 05       		.uleb128 0x5
 879 0039 2E       		.uleb128 0x2e
 880 003a 01       		.byte	0x1
 881 003b 03       		.uleb128 0x3
 882 003c 0E       		.uleb128 0xe
 883 003d 3A       		.uleb128 0x3a
 884 003e 0B       		.uleb128 0xb
 885 003f 3B       		.uleb128 0x3b
 886 0040 0B       		.uleb128 0xb
 887 0041 11       		.uleb128 0x11
 888 0042 01       		.uleb128 0x1
 889 0043 12       		.uleb128 0x12
 890 0044 01       		.uleb128 0x1
 891 0045 40       		.uleb128 0x40
 892 0046 06       		.uleb128 0x6
 893 0047 9742     		.uleb128 0x2117
 894 0049 0C       		.uleb128 0xc
 895 004a 01       		.uleb128 0x1
 896 004b 13       		.uleb128 0x13
 897 004c 00       		.byte	0
 898 004d 00       		.byte	0
 899 004e 06       		.uleb128 0x6
 900 004f 05       		.uleb128 0x5
ARM GAS  C:\DOCUME~1\Chuck\LOCALS~1\Temp\ccCsEGdP.s 			page 19


 901 0050 00       		.byte	0
 902 0051 03       		.uleb128 0x3
 903 0052 08       		.uleb128 0x8
 904 0053 3A       		.uleb128 0x3a
 905 0054 0B       		.uleb128 0xb
 906 0055 3B       		.uleb128 0x3b
 907 0056 0B       		.uleb128 0xb
 908 0057 49       		.uleb128 0x49
 909 0058 13       		.uleb128 0x13
 910 0059 02       		.uleb128 0x2
 911 005a 0A       		.uleb128 0xa
 912 005b 00       		.byte	0
 913 005c 00       		.byte	0
 914 005d 07       		.uleb128 0x7
 915 005e 05       		.uleb128 0x5
 916 005f 00       		.byte	0
 917 0060 03       		.uleb128 0x3
 918 0061 0E       		.uleb128 0xe
 919 0062 3A       		.uleb128 0x3a
 920 0063 0B       		.uleb128 0xb
 921 0064 3B       		.uleb128 0x3b
 922 0065 0B       		.uleb128 0xb
 923 0066 49       		.uleb128 0x49
 924 0067 13       		.uleb128 0x13
 925 0068 02       		.uleb128 0x2
 926 0069 0A       		.uleb128 0xa
 927 006a 00       		.byte	0
 928 006b 00       		.byte	0
 929 006c 08       		.uleb128 0x8
 930 006d 0F       		.uleb128 0xf
 931 006e 00       		.byte	0
 932 006f 0B       		.uleb128 0xb
 933 0070 0B       		.uleb128 0xb
 934 0071 49       		.uleb128 0x49
 935 0072 13       		.uleb128 0x13
 936 0073 00       		.byte	0
 937 0074 00       		.byte	0
 938 0075 09       		.uleb128 0x9
 939 0076 2E       		.uleb128 0x2e
 940 0077 01       		.byte	0x1
 941 0078 03       		.uleb128 0x3
 942 0079 0E       		.uleb128 0xe
 943 007a 3A       		.uleb128 0x3a
 944 007b 0B       		.uleb128 0xb
 945 007c 3B       		.uleb128 0x3b
 946 007d 0B       		.uleb128 0xb
 947 007e 49       		.uleb128 0x49
 948 007f 13       		.uleb128 0x13
 949 0080 11       		.uleb128 0x11
 950 0081 01       		.uleb128 0x1
 951 0082 12       		.uleb128 0x12
 952 0083 01       		.uleb128 0x1
 953 0084 40       		.uleb128 0x40
 954 0085 06       		.uleb128 0x6
 955 0086 9742     		.uleb128 0x2117
 956 0088 0C       		.uleb128 0xc
 957 0089 01       		.uleb128 0x1
ARM GAS  C:\DOCUME~1\Chuck\LOCALS~1\Temp\ccCsEGdP.s 			page 20


 958 008a 13       		.uleb128 0x13
 959 008b 00       		.byte	0
 960 008c 00       		.byte	0
 961 008d 0A       		.uleb128 0xa
 962 008e 2E       		.uleb128 0x2e
 963 008f 01       		.byte	0x1
 964 0090 3F       		.uleb128 0x3f
 965 0091 0C       		.uleb128 0xc
 966 0092 03       		.uleb128 0x3
 967 0093 0E       		.uleb128 0xe
 968 0094 3A       		.uleb128 0x3a
 969 0095 0B       		.uleb128 0xb
 970 0096 3B       		.uleb128 0x3b
 971 0097 0B       		.uleb128 0xb
 972 0098 8740     		.uleb128 0x2007
 973 009a 0E       		.uleb128 0xe
 974 009b 49       		.uleb128 0x49
 975 009c 13       		.uleb128 0x13
 976 009d 11       		.uleb128 0x11
 977 009e 01       		.uleb128 0x1
 978 009f 12       		.uleb128 0x12
 979 00a0 01       		.uleb128 0x1
 980 00a1 40       		.uleb128 0x40
 981 00a2 06       		.uleb128 0x6
 982 00a3 9642     		.uleb128 0x2116
 983 00a5 0C       		.uleb128 0xc
 984 00a6 01       		.uleb128 0x1
 985 00a7 13       		.uleb128 0x13
 986 00a8 00       		.byte	0
 987 00a9 00       		.byte	0
 988 00aa 0B       		.uleb128 0xb
 989 00ab 18       		.uleb128 0x18
 990 00ac 00       		.byte	0
 991 00ad 00       		.byte	0
 992 00ae 00       		.byte	0
 993 00af 0C       		.uleb128 0xc
 994 00b0 0B       		.uleb128 0xb
 995 00b1 01       		.byte	0x1
 996 00b2 11       		.uleb128 0x11
 997 00b3 01       		.uleb128 0x1
 998 00b4 12       		.uleb128 0x12
 999 00b5 01       		.uleb128 0x1
 1000 00b6 00       		.byte	0
 1001 00b7 00       		.byte	0
 1002 00b8 0D       		.uleb128 0xd
 1003 00b9 34       		.uleb128 0x34
 1004 00ba 00       		.byte	0
 1005 00bb 03       		.uleb128 0x3
 1006 00bc 0E       		.uleb128 0xe
 1007 00bd 3A       		.uleb128 0x3a
 1008 00be 0B       		.uleb128 0xb
 1009 00bf 3B       		.uleb128 0x3b
 1010 00c0 0B       		.uleb128 0xb
 1011 00c1 49       		.uleb128 0x49
 1012 00c2 13       		.uleb128 0x13
 1013 00c3 02       		.uleb128 0x2
 1014 00c4 0A       		.uleb128 0xa
ARM GAS  C:\DOCUME~1\Chuck\LOCALS~1\Temp\ccCsEGdP.s 			page 21


 1015 00c5 00       		.byte	0
 1016 00c6 00       		.byte	0
 1017 00c7 0E       		.uleb128 0xe
 1018 00c8 34       		.uleb128 0x34
 1019 00c9 00       		.byte	0
 1020 00ca 03       		.uleb128 0x3
 1021 00cb 08       		.uleb128 0x8
 1022 00cc 3A       		.uleb128 0x3a
 1023 00cd 0B       		.uleb128 0xb
 1024 00ce 3B       		.uleb128 0x3b
 1025 00cf 0B       		.uleb128 0xb
 1026 00d0 49       		.uleb128 0x49
 1027 00d1 13       		.uleb128 0x13
 1028 00d2 02       		.uleb128 0x2
 1029 00d3 0A       		.uleb128 0xa
 1030 00d4 00       		.byte	0
 1031 00d5 00       		.byte	0
 1032 00d6 0F       		.uleb128 0xf
 1033 00d7 26       		.uleb128 0x26
 1034 00d8 00       		.byte	0
 1035 00d9 49       		.uleb128 0x49
 1036 00da 13       		.uleb128 0x13
 1037 00db 00       		.byte	0
 1038 00dc 00       		.byte	0
 1039 00dd 10       		.uleb128 0x10
 1040 00de 01       		.uleb128 0x1
 1041 00df 01       		.byte	0x1
 1042 00e0 49       		.uleb128 0x49
 1043 00e1 13       		.uleb128 0x13
 1044 00e2 01       		.uleb128 0x1
 1045 00e3 13       		.uleb128 0x13
 1046 00e4 00       		.byte	0
 1047 00e5 00       		.byte	0
 1048 00e6 11       		.uleb128 0x11
 1049 00e7 21       		.uleb128 0x21
 1050 00e8 00       		.byte	0
 1051 00e9 49       		.uleb128 0x49
 1052 00ea 13       		.uleb128 0x13
 1053 00eb 2F       		.uleb128 0x2f
 1054 00ec 0B       		.uleb128 0xb
 1055 00ed 00       		.byte	0
 1056 00ee 00       		.byte	0
 1057 00ef 00       		.byte	0
 1058              		.section	.debug_loc,"",%progbits
 1059              	.Ldebug_loc0:
 1060              	.LLST0:
 1061 0000 00000000 		.4byte	.LFB0
 1062 0004 02000000 		.4byte	.LCFI0
 1063 0008 0200     		.2byte	0x2
 1064 000a 7D       		.byte	0x7d
 1065 000b 00       		.sleb128 0
 1066 000c 02000000 		.4byte	.LCFI0
 1067 0010 04000000 		.4byte	.LCFI1
 1068 0014 0200     		.2byte	0x2
 1069 0016 7D       		.byte	0x7d
 1070 0017 08       		.sleb128 8
 1071 0018 04000000 		.4byte	.LCFI1
ARM GAS  C:\DOCUME~1\Chuck\LOCALS~1\Temp\ccCsEGdP.s 			page 22


 1072 001c 06000000 		.4byte	.LCFI2
 1073 0020 0200     		.2byte	0x2
 1074 0022 7D       		.byte	0x7d
 1075 0023 18       		.sleb128 24
 1076 0024 06000000 		.4byte	.LCFI2
 1077 0028 56000000 		.4byte	.LFE0
 1078 002c 0200     		.2byte	0x2
 1079 002e 77       		.byte	0x77
 1080 002f 18       		.sleb128 24
 1081 0030 00000000 		.4byte	0
 1082 0034 00000000 		.4byte	0
 1083              	.LLST1:
 1084 0038 00000000 		.4byte	.LFB1
 1085 003c 02000000 		.4byte	.LCFI3
 1086 0040 0200     		.2byte	0x2
 1087 0042 7D       		.byte	0x7d
 1088 0043 00       		.sleb128 0
 1089 0044 02000000 		.4byte	.LCFI3
 1090 0048 04000000 		.4byte	.LCFI4
 1091 004c 0200     		.2byte	0x2
 1092 004e 7D       		.byte	0x7d
 1093 004f 08       		.sleb128 8
 1094 0050 04000000 		.4byte	.LCFI4
 1095 0054 06000000 		.4byte	.LCFI5
 1096 0058 0200     		.2byte	0x2
 1097 005a 7D       		.byte	0x7d
 1098 005b 10       		.sleb128 16
 1099 005c 06000000 		.4byte	.LCFI5
 1100 0060 20000000 		.4byte	.LFE1
 1101 0064 0200     		.2byte	0x2
 1102 0066 77       		.byte	0x77
 1103 0067 10       		.sleb128 16
 1104 0068 00000000 		.4byte	0
 1105 006c 00000000 		.4byte	0
 1106              	.LLST2:
 1107 0070 00000000 		.4byte	.LFB2
 1108 0074 02000000 		.4byte	.LCFI6
 1109 0078 0200     		.2byte	0x2
 1110 007a 7D       		.byte	0x7d
 1111 007b 00       		.sleb128 0
 1112 007c 02000000 		.4byte	.LCFI6
 1113 0080 04000000 		.4byte	.LCFI7
 1114 0084 0200     		.2byte	0x2
 1115 0086 7D       		.byte	0x7d
 1116 0087 08       		.sleb128 8
 1117 0088 04000000 		.4byte	.LCFI7
 1118 008c 06000000 		.4byte	.LCFI8
 1119 0090 0200     		.2byte	0x2
 1120 0092 7D       		.byte	0x7d
 1121 0093 10       		.sleb128 16
 1122 0094 06000000 		.4byte	.LCFI8
 1123 0098 08000000 		.4byte	.LCFI9
 1124 009c 0300     		.2byte	0x3
 1125 009e 7D       		.byte	0x7d
 1126 009f C800     		.sleb128 72
 1127 00a1 08000000 		.4byte	.LCFI9
 1128 00a5 6C020000 		.4byte	.LFE2
ARM GAS  C:\DOCUME~1\Chuck\LOCALS~1\Temp\ccCsEGdP.s 			page 23


 1129 00a9 0300     		.2byte	0x3
 1130 00ab 77       		.byte	0x77
 1131 00ac C800     		.sleb128 72
 1132 00ae 00000000 		.4byte	0
 1133 00b2 00000000 		.4byte	0
 1134              		.section	.debug_aranges,"",%progbits
 1135 0000 2C000000 		.4byte	0x2c
 1136 0004 0200     		.2byte	0x2
 1137 0006 00000000 		.4byte	.Ldebug_info0
 1138 000a 04       		.byte	0x4
 1139 000b 00       		.byte	0
 1140 000c 0000     		.2byte	0
 1141 000e 0000     		.2byte	0
 1142 0010 00000000 		.4byte	.LFB0
 1143 0014 56000000 		.4byte	.LFE0-.LFB0
 1144 0018 00000000 		.4byte	.LFB1
 1145 001c 20000000 		.4byte	.LFE1-.LFB1
 1146 0020 00000000 		.4byte	.LFB2
 1147 0024 6C020000 		.4byte	.LFE2-.LFB2
 1148 0028 00000000 		.4byte	0
 1149 002c 00000000 		.4byte	0
 1150              		.section	.debug_ranges,"",%progbits
 1151              	.Ldebug_ranges0:
 1152 0000 00000000 		.4byte	.LFB0
 1153 0004 56000000 		.4byte	.LFE0
 1154 0008 00000000 		.4byte	.LFB1
 1155 000c 20000000 		.4byte	.LFE1
 1156 0010 00000000 		.4byte	.LFB2
 1157 0014 6C020000 		.4byte	.LFE2
 1158 0018 00000000 		.4byte	0
 1159 001c 00000000 		.4byte	0
 1160              		.section	.debug_line,"",%progbits
 1161              	.Ldebug_line0:
 1162 0000 7C010000 		.section	.debug_str,"MS",%progbits,1
 1162      0200CE00 
 1162      00000201 
 1162      FB0E0D00 
 1162      01010101 
 1163              	.LASF27:
 1164 0000 433A5C44 		.ascii	"C:\\Documents and Settings\\Chuck\\My Documents\\PS"
 1164      6F63756D 
 1164      656E7473 
 1164      20616E64 
 1164      20536574 
 1165 002f 6F432043 		.ascii	"oC Creator\\RosOnAStick\\RosOnAStick.cydsn\000"
 1165      72656174 
 1165      6F725C52 
 1165      6F734F6E 
 1165      41537469 
 1166              	.LASF30:
 1167 0058 69736E70 		.ascii	"isnprintf\000"
 1167      72696E74 
 1167      6600
 1168              	.LASF15:
 1169 0062 70737A46 		.ascii	"pszFmt\000"
 1169      6D7400
 1170              	.LASF11:
ARM GAS  C:\DOCUME~1\Chuck\LOCALS~1\Temp\ccCsEGdP.s 			page 24


 1171 0069 70636861 		.ascii	"pchars_generated\000"
 1171      72735F67 
 1171      656E6572 
 1171      61746564 
 1171      00
 1172              	.LASF25:
 1173 007a 474E5520 		.ascii	"GNU C++ 4.7.3 20130312 (release) [ARM/embedded-4_7-"
 1173      432B2B20 
 1173      342E372E 
 1173      33203230 
 1173      31333033 
 1174 00ad 6272616E 		.ascii	"branch revision 196615]\000"
 1174      63682072 
 1174      65766973 
 1174      696F6E20 
 1174      31393636 
 1175              	.LASF1:
 1176 00c5 756E7369 		.ascii	"unsigned char\000"
 1176      676E6564 
 1176      20636861 
 1176      7200
 1177              	.LASF22:
 1178 00d3 6356616C 		.ascii	"cVal\000"
 1178      00
 1179              	.LASF17:
 1180 00d8 70737A56 		.ascii	"pszVal\000"
 1180      616C00
 1181              	.LASF7:
 1182 00df 6C6F6E67 		.ascii	"long unsigned int\000"
 1182      20756E73 
 1182      69676E65 
 1182      6420696E 
 1182      7400
 1183              	.LASF3:
 1184 00f1 73686F72 		.ascii	"short unsigned int\000"
 1184      7420756E 
 1184      7369676E 
 1184      65642069 
 1184      6E7400
 1185              	.LASF12:
 1186 0104 6275665F 		.ascii	"buf_len\000"
 1186      6C656E00 
 1187              	.LASF16:
 1188 010c 63686172 		.ascii	"chars_generated\000"
 1188      735F6765 
 1188      6E657261 
 1188      74656400 
 1189              	.LASF10:
 1190 011c 756E7369 		.ascii	"unsigned int\000"
 1190      676E6564 
 1190      20696E74 
 1190      00
 1191              	.LASF18:
 1192 0129 6956616C 		.ascii	"iVal\000"
 1192      00
 1193              	.LASF9:
 1194 012e 6C6F6E67 		.ascii	"long long unsigned int\000"
ARM GAS  C:\DOCUME~1\Chuck\LOCALS~1\Temp\ccCsEGdP.s 			page 25


 1194      206C6F6E 
 1194      6720756E 
 1194      7369676E 
 1194      65642069 
 1195              	.LASF5:
 1196 0145 75696E74 		.ascii	"uint8_t\000"
 1196      385F7400 
 1197              	.LASF19:
 1198 014d 7856616C 		.ascii	"xVal\000"
 1198      00
 1199              	.LASF29:
 1200 0152 6368616E 		.ascii	"change\000"
 1200      676500
 1201              	.LASF24:
 1202 0159 73697A65 		.ascii	"sizetype\000"
 1202      74797065 
 1202      00
 1203              	.LASF8:
 1204 0162 6C6F6E67 		.ascii	"long long int\000"
 1204      206C6F6E 
 1204      6720696E 
 1204      7400
 1205              	.LASF23:
 1206 0170 70417267 		.ascii	"pArg\000"
 1206      00
 1207              	.LASF13:
 1208 0175 63686172 		.ascii	"char\000"
 1208      00
 1209              	.LASF20:
 1210 017a 696E6465 		.ascii	"index\000"
 1210      7800
 1211              	.LASF2:
 1212 0180 73686F72 		.ascii	"short int\000"
 1212      7420696E 
 1212      7400
 1213              	.LASF21:
 1214 018a 62756666 		.ascii	"buffer\000"
 1214      657200
 1215              	.LASF31:
 1216 0191 5F5A3969 		.ascii	"_Z9isnprintfPciPKcz\000"
 1216      736E7072 
 1216      696E7466 
 1216      50636950 
 1216      4B637A00 
 1217              	.LASF6:
 1218 01a5 75696E74 		.ascii	"uint32_t\000"
 1218      33325F74 
 1218      00
 1219              	.LASF4:
 1220 01ae 6C6F6E67 		.ascii	"long int\000"
 1220      20696E74 
 1220      00
 1221              	.LASF28:
 1222 01b7 6164645F 		.ascii	"add_char\000"
 1222      63686172 
 1222      00
 1223              	.LASF0:
ARM GAS  C:\DOCUME~1\Chuck\LOCALS~1\Temp\ccCsEGdP.s 			page 26


 1224 01c0 7369676E 		.ascii	"signed char\000"
 1224      65642063 
 1224      68617200 
 1225              	.LASF14:
 1226 01cc 496E6465 		.ascii	"Index\000"
 1226      7800
 1227              	.LASF26:
 1228 01d2 2E5C726F 		.ascii	".\\ros_lib\\isnprintf.cpp\000"
 1228      735F6C69 
 1228      625C6973 
 1228      6E707269 
 1228      6E74662E 
 1229              		.ident	"GCC: (GNU Tools for ARM Embedded Processors) 4.7.3 20130312 (release) [ARM/embedded-4_7-br
