ARM GAS  C:\DOCUME~1\Chuck\LOCALS~1\Temp\ccKzHrOQ.s 			page 1


   1              		.cpu cortex-m0
   2              		.fpu softvfp
   3              		.eabi_attribute 20, 1
   4              		.eabi_attribute 21, 1
   5              		.eabi_attribute 23, 3
   6              		.eabi_attribute 24, 1
   7              		.eabi_attribute 25, 1
   8              		.eabi_attribute 26, 1
   9              		.eabi_attribute 30, 6
  10              		.eabi_attribute 34, 0
  11              		.eabi_attribute 18, 4
  12              		.code	16
  13              		.file	"Port0.c"
  14              		.text
  15              	.Ltext0:
  16              		.cfi_sections	.debug_frame
  17              		.section	.text.Port0_Write,"ax",%progbits
  18              		.align	2
  19              		.global	Port0_Write
  20              		.code	16
  21              		.thumb_func
  22              		.type	Port0_Write, %function
  23              	Port0_Write:
  24              	.LFB0:
  25              		.file 1 ".\\Generated_Source\\PSoC4\\Port0.c"
   1:.\Generated_Source\PSoC4/Port0.c **** /*******************************************************************************
   2:.\Generated_Source\PSoC4/Port0.c **** * File Name: Port0.c  
   3:.\Generated_Source\PSoC4/Port0.c **** * Version 2.0
   4:.\Generated_Source\PSoC4/Port0.c **** *
   5:.\Generated_Source\PSoC4/Port0.c **** * Description:
   6:.\Generated_Source\PSoC4/Port0.c **** *  This file contains API to enable firmware control of a Pins component.
   7:.\Generated_Source\PSoC4/Port0.c **** *
   8:.\Generated_Source\PSoC4/Port0.c **** * Note:
   9:.\Generated_Source\PSoC4/Port0.c **** *
  10:.\Generated_Source\PSoC4/Port0.c **** ********************************************************************************
  11:.\Generated_Source\PSoC4/Port0.c **** * Copyright 2008-2014, Cypress Semiconductor Corporation.  All rights reserved.
  12:.\Generated_Source\PSoC4/Port0.c **** * You may use this file only in accordance with the license, terms, conditions, 
  13:.\Generated_Source\PSoC4/Port0.c **** * disclaimers, and limitations in the end user license agreement accompanying 
  14:.\Generated_Source\PSoC4/Port0.c **** * the software package with which this file was provided.
  15:.\Generated_Source\PSoC4/Port0.c **** *******************************************************************************/
  16:.\Generated_Source\PSoC4/Port0.c **** 
  17:.\Generated_Source\PSoC4/Port0.c **** #include "cytypes.h"
  18:.\Generated_Source\PSoC4/Port0.c **** #include "Port0.h"
  19:.\Generated_Source\PSoC4/Port0.c **** 
  20:.\Generated_Source\PSoC4/Port0.c **** #define SetP4PinDriveMode(shift, mode)  \
  21:.\Generated_Source\PSoC4/Port0.c ****     do { \
  22:.\Generated_Source\PSoC4/Port0.c ****         Port0_PC =   (Port0_PC & \
  23:.\Generated_Source\PSoC4/Port0.c ****                                 (uint32)(~(uint32)(Port0_DRIVE_MODE_IND_MASK << (Port0_DRIVE_MODE_B
  24:.\Generated_Source\PSoC4/Port0.c ****                                 (uint32)((uint32)(mode) << (Port0_DRIVE_MODE_BITS * (shift))); \
  25:.\Generated_Source\PSoC4/Port0.c ****     } while (0)
  26:.\Generated_Source\PSoC4/Port0.c **** 
  27:.\Generated_Source\PSoC4/Port0.c **** 
  28:.\Generated_Source\PSoC4/Port0.c **** /*******************************************************************************
  29:.\Generated_Source\PSoC4/Port0.c **** * Function Name: Port0_Write
  30:.\Generated_Source\PSoC4/Port0.c **** ********************************************************************************
  31:.\Generated_Source\PSoC4/Port0.c **** *
  32:.\Generated_Source\PSoC4/Port0.c **** * Summary:
ARM GAS  C:\DOCUME~1\Chuck\LOCALS~1\Temp\ccKzHrOQ.s 			page 2


  33:.\Generated_Source\PSoC4/Port0.c **** *  Assign a new value to the digital port's data output register.  
  34:.\Generated_Source\PSoC4/Port0.c **** *
  35:.\Generated_Source\PSoC4/Port0.c **** * Parameters:  
  36:.\Generated_Source\PSoC4/Port0.c **** *  prtValue:  The value to be assigned to the Digital Port. 
  37:.\Generated_Source\PSoC4/Port0.c **** *
  38:.\Generated_Source\PSoC4/Port0.c **** * Return: 
  39:.\Generated_Source\PSoC4/Port0.c **** *  None 
  40:.\Generated_Source\PSoC4/Port0.c **** *  
  41:.\Generated_Source\PSoC4/Port0.c **** *******************************************************************************/
  42:.\Generated_Source\PSoC4/Port0.c **** void Port0_Write(uint8 value) 
  43:.\Generated_Source\PSoC4/Port0.c **** {
  26              		.loc 1 43 0
  27              		.cfi_startproc
  28 0000 80B5     		push	{r7, lr}
  29              	.LCFI0:
  30              		.cfi_def_cfa_offset 8
  31              		.cfi_offset 7, -8
  32              		.cfi_offset 14, -4
  33 0002 84B0     		sub	sp, sp, #16
  34              	.LCFI1:
  35              		.cfi_def_cfa_offset 24
  36 0004 00AF     		add	r7, sp, #0
  37              	.LCFI2:
  38              		.cfi_def_cfa_register 7
  39 0006 021C     		mov	r2, r0
  40 0008 FB1D     		add	r3, r7, #7
  41 000a 1A70     		strb	r2, [r3]
  44:.\Generated_Source\PSoC4/Port0.c ****     uint8 drVal = (uint8)(Port0_DR & (uint8)(~Port0_MASK));
  42              		.loc 1 44 0
  43 000c 0B4B     		ldr	r3, .L2
  44 000e 1B68     		ldr	r3, [r3]
  45 0010 3B1C     		mov	r3, r7
  46 0012 0F33     		add	r3, r3, #15
  47 0014 0022     		mov	r2, #0
  48 0016 1A70     		strb	r2, [r3]
  45:.\Generated_Source\PSoC4/Port0.c ****     drVal = (drVal | ((uint8)(value << Port0_SHIFT) & Port0_MASK));
  49              		.loc 1 45 0
  50 0018 3B1C     		mov	r3, r7
  51 001a 0F33     		add	r3, r3, #15
  52 001c 391C     		mov	r1, r7
  53 001e 0F31     		add	r1, r1, #15
  54 0020 FA1D     		add	r2, r7, #7
  55 0022 0978     		ldrb	r1, [r1]
  56 0024 1278     		ldrb	r2, [r2]
  57 0026 0A43     		orr	r2, r1
  58 0028 1A70     		strb	r2, [r3]
  46:.\Generated_Source\PSoC4/Port0.c ****     Port0_DR = (uint32)drVal;
  59              		.loc 1 46 0
  60 002a 044B     		ldr	r3, .L2
  61 002c 3A1C     		mov	r2, r7
  62 002e 0F32     		add	r2, r2, #15
  63 0030 1278     		ldrb	r2, [r2]
  64 0032 1A60     		str	r2, [r3]
  47:.\Generated_Source\PSoC4/Port0.c **** }
  65              		.loc 1 47 0
  66 0034 BD46     		mov	sp, r7
  67 0036 04B0     		add	sp, sp, #16
ARM GAS  C:\DOCUME~1\Chuck\LOCALS~1\Temp\ccKzHrOQ.s 			page 3


  68              		@ sp needed for prologue
  69 0038 80BD     		pop	{r7, pc}
  70              	.L3:
  71 003a C046     		.align	2
  72              	.L2:
  73 003c 00000440 		.word	1074003968
  74              		.cfi_endproc
  75              	.LFE0:
  76              		.size	Port0_Write, .-Port0_Write
  77              		.section	.text.Port0_SetDriveMode,"ax",%progbits
  78              		.align	2
  79              		.global	Port0_SetDriveMode
  80              		.code	16
  81              		.thumb_func
  82              		.type	Port0_SetDriveMode, %function
  83              	Port0_SetDriveMode:
  84              	.LFB1:
  48:.\Generated_Source\PSoC4/Port0.c **** 
  49:.\Generated_Source\PSoC4/Port0.c **** 
  50:.\Generated_Source\PSoC4/Port0.c **** /*******************************************************************************
  51:.\Generated_Source\PSoC4/Port0.c **** * Function Name: Port0_SetDriveMode
  52:.\Generated_Source\PSoC4/Port0.c **** ********************************************************************************
  53:.\Generated_Source\PSoC4/Port0.c **** *
  54:.\Generated_Source\PSoC4/Port0.c **** * Summary:
  55:.\Generated_Source\PSoC4/Port0.c **** *  Change the drive mode on the pins of the port.
  56:.\Generated_Source\PSoC4/Port0.c **** * 
  57:.\Generated_Source\PSoC4/Port0.c **** * Parameters:  
  58:.\Generated_Source\PSoC4/Port0.c **** *  mode:  Change the pins to one of the following drive modes.
  59:.\Generated_Source\PSoC4/Port0.c **** *
  60:.\Generated_Source\PSoC4/Port0.c **** *  Port0_DM_STRONG     Strong Drive 
  61:.\Generated_Source\PSoC4/Port0.c **** *  Port0_DM_OD_HI      Open Drain, Drives High 
  62:.\Generated_Source\PSoC4/Port0.c **** *  Port0_DM_OD_LO      Open Drain, Drives Low 
  63:.\Generated_Source\PSoC4/Port0.c **** *  Port0_DM_RES_UP     Resistive Pull Up 
  64:.\Generated_Source\PSoC4/Port0.c **** *  Port0_DM_RES_DWN    Resistive Pull Down 
  65:.\Generated_Source\PSoC4/Port0.c **** *  Port0_DM_RES_UPDWN  Resistive Pull Up/Down 
  66:.\Generated_Source\PSoC4/Port0.c **** *  Port0_DM_DIG_HIZ    High Impedance Digital 
  67:.\Generated_Source\PSoC4/Port0.c **** *  Port0_DM_ALG_HIZ    High Impedance Analog 
  68:.\Generated_Source\PSoC4/Port0.c **** *
  69:.\Generated_Source\PSoC4/Port0.c **** * Return: 
  70:.\Generated_Source\PSoC4/Port0.c **** *  None
  71:.\Generated_Source\PSoC4/Port0.c **** *
  72:.\Generated_Source\PSoC4/Port0.c **** *******************************************************************************/
  73:.\Generated_Source\PSoC4/Port0.c **** void Port0_SetDriveMode(uint8 mode) 
  74:.\Generated_Source\PSoC4/Port0.c **** {
  85              		.loc 1 74 0
  86              		.cfi_startproc
  87 0000 80B5     		push	{r7, lr}
  88              	.LCFI3:
  89              		.cfi_def_cfa_offset 8
  90              		.cfi_offset 7, -8
  91              		.cfi_offset 14, -4
  92 0002 82B0     		sub	sp, sp, #8
  93              	.LCFI4:
  94              		.cfi_def_cfa_offset 16
  95 0004 00AF     		add	r7, sp, #0
  96              	.LCFI5:
  97              		.cfi_def_cfa_register 7
ARM GAS  C:\DOCUME~1\Chuck\LOCALS~1\Temp\ccKzHrOQ.s 			page 4


  98 0006 021C     		mov	r2, r0
  99 0008 FB1D     		add	r3, r7, #7
 100 000a 1A70     		strb	r2, [r3]
  75:.\Generated_Source\PSoC4/Port0.c **** 	SetP4PinDriveMode(Port0__0__SHIFT, mode);
 101              		.loc 1 75 0
 102 000c 2A4B     		ldr	r3, .L5
 103 000e 2A4A     		ldr	r2, .L5
 104 0010 1268     		ldr	r2, [r2]
 105 0012 0721     		mov	r1, #7
 106 0014 101C     		mov	r0, r2
 107 0016 8843     		bic	r0, r1
 108 0018 011C     		mov	r1, r0
 109 001a FA1D     		add	r2, r7, #7
 110 001c 1278     		ldrb	r2, [r2]
 111 001e 0A43     		orr	r2, r1
 112 0020 1A60     		str	r2, [r3]
  76:.\Generated_Source\PSoC4/Port0.c **** 	SetP4PinDriveMode(Port0__1__SHIFT, mode);
 113              		.loc 1 76 0
 114 0022 254B     		ldr	r3, .L5
 115 0024 244A     		ldr	r2, .L5
 116 0026 1268     		ldr	r2, [r2]
 117 0028 3821     		mov	r1, #56
 118 002a 101C     		mov	r0, r2
 119 002c 8843     		bic	r0, r1
 120 002e 011C     		mov	r1, r0
 121 0030 FA1D     		add	r2, r7, #7
 122 0032 1278     		ldrb	r2, [r2]
 123 0034 D200     		lsl	r2, r2, #3
 124 0036 0A43     		orr	r2, r1
 125 0038 1A60     		str	r2, [r3]
  77:.\Generated_Source\PSoC4/Port0.c **** 	SetP4PinDriveMode(Port0__2__SHIFT, mode);
 126              		.loc 1 77 0
 127 003a 1F4B     		ldr	r3, .L5
 128 003c 1E4A     		ldr	r2, .L5
 129 003e 1168     		ldr	r1, [r2]
 130 0040 1E4A     		ldr	r2, .L5+4
 131 0042 1140     		and	r1, r2
 132 0044 FA1D     		add	r2, r7, #7
 133 0046 1278     		ldrb	r2, [r2]
 134 0048 9201     		lsl	r2, r2, #6
 135 004a 0A43     		orr	r2, r1
 136 004c 1A60     		str	r2, [r3]
  78:.\Generated_Source\PSoC4/Port0.c **** 	SetP4PinDriveMode(Port0__3__SHIFT, mode);
 137              		.loc 1 78 0
 138 004e 1A4B     		ldr	r3, .L5
 139 0050 194A     		ldr	r2, .L5
 140 0052 1168     		ldr	r1, [r2]
 141 0054 1A4A     		ldr	r2, .L5+8
 142 0056 1140     		and	r1, r2
 143 0058 FA1D     		add	r2, r7, #7
 144 005a 1278     		ldrb	r2, [r2]
 145 005c 5202     		lsl	r2, r2, #9
 146 005e 0A43     		orr	r2, r1
 147 0060 1A60     		str	r2, [r3]
  79:.\Generated_Source\PSoC4/Port0.c **** 	SetP4PinDriveMode(Port0__4__SHIFT, mode);
 148              		.loc 1 79 0
 149 0062 154B     		ldr	r3, .L5
ARM GAS  C:\DOCUME~1\Chuck\LOCALS~1\Temp\ccKzHrOQ.s 			page 5


 150 0064 144A     		ldr	r2, .L5
 151 0066 1168     		ldr	r1, [r2]
 152 0068 164A     		ldr	r2, .L5+12
 153 006a 1140     		and	r1, r2
 154 006c FA1D     		add	r2, r7, #7
 155 006e 1278     		ldrb	r2, [r2]
 156 0070 1203     		lsl	r2, r2, #12
 157 0072 0A43     		orr	r2, r1
 158 0074 1A60     		str	r2, [r3]
  80:.\Generated_Source\PSoC4/Port0.c **** 	SetP4PinDriveMode(Port0__5__SHIFT, mode);
 159              		.loc 1 80 0
 160 0076 104B     		ldr	r3, .L5
 161 0078 0F4A     		ldr	r2, .L5
 162 007a 1168     		ldr	r1, [r2]
 163 007c 124A     		ldr	r2, .L5+16
 164 007e 1140     		and	r1, r2
 165 0080 FA1D     		add	r2, r7, #7
 166 0082 1278     		ldrb	r2, [r2]
 167 0084 D203     		lsl	r2, r2, #15
 168 0086 0A43     		orr	r2, r1
 169 0088 1A60     		str	r2, [r3]
  81:.\Generated_Source\PSoC4/Port0.c **** 	SetP4PinDriveMode(Port0__6__SHIFT, mode);
 170              		.loc 1 81 0
 171 008a 0B4B     		ldr	r3, .L5
 172 008c 0A4A     		ldr	r2, .L5
 173 008e 1168     		ldr	r1, [r2]
 174 0090 0E4A     		ldr	r2, .L5+20
 175 0092 1140     		and	r1, r2
 176 0094 FA1D     		add	r2, r7, #7
 177 0096 1278     		ldrb	r2, [r2]
 178 0098 9204     		lsl	r2, r2, #18
 179 009a 0A43     		orr	r2, r1
 180 009c 1A60     		str	r2, [r3]
  82:.\Generated_Source\PSoC4/Port0.c **** 	SetP4PinDriveMode(Port0__7__SHIFT, mode);
 181              		.loc 1 82 0
 182 009e 064B     		ldr	r3, .L5
 183 00a0 054A     		ldr	r2, .L5
 184 00a2 1168     		ldr	r1, [r2]
 185 00a4 0A4A     		ldr	r2, .L5+24
 186 00a6 1140     		and	r1, r2
 187 00a8 FA1D     		add	r2, r7, #7
 188 00aa 1278     		ldrb	r2, [r2]
 189 00ac 5205     		lsl	r2, r2, #21
 190 00ae 0A43     		orr	r2, r1
 191 00b0 1A60     		str	r2, [r3]
  83:.\Generated_Source\PSoC4/Port0.c **** }
 192              		.loc 1 83 0
 193 00b2 BD46     		mov	sp, r7
 194 00b4 02B0     		add	sp, sp, #8
 195              		@ sp needed for prologue
 196 00b6 80BD     		pop	{r7, pc}
 197              	.L6:
 198              		.align	2
 199              	.L5:
 200 00b8 08000440 		.word	1074003976
 201 00bc 3FFEFFFF 		.word	-449
 202 00c0 FFF1FFFF 		.word	-3585
ARM GAS  C:\DOCUME~1\Chuck\LOCALS~1\Temp\ccKzHrOQ.s 			page 6


 203 00c4 FF8FFFFF 		.word	-28673
 204 00c8 FF7FFCFF 		.word	-229377
 205 00cc FFFFE3FF 		.word	-1835009
 206 00d0 FFFF1FFF 		.word	-14680065
 207              		.cfi_endproc
 208              	.LFE1:
 209              		.size	Port0_SetDriveMode, .-Port0_SetDriveMode
 210              		.section	.text.Port0_Read,"ax",%progbits
 211              		.align	2
 212              		.global	Port0_Read
 213              		.code	16
 214              		.thumb_func
 215              		.type	Port0_Read, %function
 216              	Port0_Read:
 217              	.LFB2:
  84:.\Generated_Source\PSoC4/Port0.c **** 
  85:.\Generated_Source\PSoC4/Port0.c **** 
  86:.\Generated_Source\PSoC4/Port0.c **** /*******************************************************************************
  87:.\Generated_Source\PSoC4/Port0.c **** * Function Name: Port0_Read
  88:.\Generated_Source\PSoC4/Port0.c **** ********************************************************************************
  89:.\Generated_Source\PSoC4/Port0.c **** *
  90:.\Generated_Source\PSoC4/Port0.c **** * Summary:
  91:.\Generated_Source\PSoC4/Port0.c **** *  Read the current value on the pins of the Digital Port in right justified 
  92:.\Generated_Source\PSoC4/Port0.c **** *  form.
  93:.\Generated_Source\PSoC4/Port0.c **** *
  94:.\Generated_Source\PSoC4/Port0.c **** * Parameters:  
  95:.\Generated_Source\PSoC4/Port0.c **** *  None 
  96:.\Generated_Source\PSoC4/Port0.c **** *
  97:.\Generated_Source\PSoC4/Port0.c **** * Return: 
  98:.\Generated_Source\PSoC4/Port0.c **** *  Returns the current value of the Digital Port as a right justified number
  99:.\Generated_Source\PSoC4/Port0.c **** *  
 100:.\Generated_Source\PSoC4/Port0.c **** * Note:
 101:.\Generated_Source\PSoC4/Port0.c **** *  Macro Port0_ReadPS calls this function. 
 102:.\Generated_Source\PSoC4/Port0.c **** *  
 103:.\Generated_Source\PSoC4/Port0.c **** *******************************************************************************/
 104:.\Generated_Source\PSoC4/Port0.c **** uint8 Port0_Read(void) 
 105:.\Generated_Source\PSoC4/Port0.c **** {
 218              		.loc 1 105 0
 219              		.cfi_startproc
 220 0000 80B5     		push	{r7, lr}
 221              	.LCFI6:
 222              		.cfi_def_cfa_offset 8
 223              		.cfi_offset 7, -8
 224              		.cfi_offset 14, -4
 225 0002 00AF     		add	r7, sp, #0
 226              	.LCFI7:
 227              		.cfi_def_cfa_register 7
 106:.\Generated_Source\PSoC4/Port0.c ****     return (uint8)((Port0_PS & Port0_MASK) >> Port0_SHIFT);
 228              		.loc 1 106 0
 229 0004 024B     		ldr	r3, .L9
 230 0006 1B68     		ldr	r3, [r3]
 231 0008 DBB2     		uxtb	r3, r3
 107:.\Generated_Source\PSoC4/Port0.c **** }
 232              		.loc 1 107 0
 233 000a 181C     		mov	r0, r3
 234 000c BD46     		mov	sp, r7
 235              		@ sp needed for prologue
ARM GAS  C:\DOCUME~1\Chuck\LOCALS~1\Temp\ccKzHrOQ.s 			page 7


 236 000e 80BD     		pop	{r7, pc}
 237              	.L10:
 238              		.align	2
 239              	.L9:
 240 0010 04000440 		.word	1074003972
 241              		.cfi_endproc
 242              	.LFE2:
 243              		.size	Port0_Read, .-Port0_Read
 244              		.section	.text.Port0_ReadDataReg,"ax",%progbits
 245              		.align	2
 246              		.global	Port0_ReadDataReg
 247              		.code	16
 248              		.thumb_func
 249              		.type	Port0_ReadDataReg, %function
 250              	Port0_ReadDataReg:
 251              	.LFB3:
 108:.\Generated_Source\PSoC4/Port0.c **** 
 109:.\Generated_Source\PSoC4/Port0.c **** 
 110:.\Generated_Source\PSoC4/Port0.c **** /*******************************************************************************
 111:.\Generated_Source\PSoC4/Port0.c **** * Function Name: Port0_ReadDataReg
 112:.\Generated_Source\PSoC4/Port0.c **** ********************************************************************************
 113:.\Generated_Source\PSoC4/Port0.c **** *
 114:.\Generated_Source\PSoC4/Port0.c **** * Summary:
 115:.\Generated_Source\PSoC4/Port0.c **** *  Read the current value assigned to a Digital Port's data output register
 116:.\Generated_Source\PSoC4/Port0.c **** *
 117:.\Generated_Source\PSoC4/Port0.c **** * Parameters:  
 118:.\Generated_Source\PSoC4/Port0.c **** *  None 
 119:.\Generated_Source\PSoC4/Port0.c **** *
 120:.\Generated_Source\PSoC4/Port0.c **** * Return: 
 121:.\Generated_Source\PSoC4/Port0.c **** *  Returns the current value assigned to the Digital Port's data output register
 122:.\Generated_Source\PSoC4/Port0.c **** *  
 123:.\Generated_Source\PSoC4/Port0.c **** *******************************************************************************/
 124:.\Generated_Source\PSoC4/Port0.c **** uint8 Port0_ReadDataReg(void) 
 125:.\Generated_Source\PSoC4/Port0.c **** {
 252              		.loc 1 125 0
 253              		.cfi_startproc
 254 0000 80B5     		push	{r7, lr}
 255              	.LCFI8:
 256              		.cfi_def_cfa_offset 8
 257              		.cfi_offset 7, -8
 258              		.cfi_offset 14, -4
 259 0002 00AF     		add	r7, sp, #0
 260              	.LCFI9:
 261              		.cfi_def_cfa_register 7
 126:.\Generated_Source\PSoC4/Port0.c ****     return (uint8)((Port0_DR & Port0_MASK) >> Port0_SHIFT);
 262              		.loc 1 126 0
 263 0004 024B     		ldr	r3, .L13
 264 0006 1B68     		ldr	r3, [r3]
 265 0008 DBB2     		uxtb	r3, r3
 127:.\Generated_Source\PSoC4/Port0.c **** }
 266              		.loc 1 127 0
 267 000a 181C     		mov	r0, r3
 268 000c BD46     		mov	sp, r7
 269              		@ sp needed for prologue
 270 000e 80BD     		pop	{r7, pc}
 271              	.L14:
 272              		.align	2
ARM GAS  C:\DOCUME~1\Chuck\LOCALS~1\Temp\ccKzHrOQ.s 			page 8


 273              	.L13:
 274 0010 00000440 		.word	1074003968
 275              		.cfi_endproc
 276              	.LFE3:
 277              		.size	Port0_ReadDataReg, .-Port0_ReadDataReg
 278              		.section	.text.Port0_ClearInterrupt,"ax",%progbits
 279              		.align	2
 280              		.global	Port0_ClearInterrupt
 281              		.code	16
 282              		.thumb_func
 283              		.type	Port0_ClearInterrupt, %function
 284              	Port0_ClearInterrupt:
 285              	.LFB4:
 128:.\Generated_Source\PSoC4/Port0.c **** 
 129:.\Generated_Source\PSoC4/Port0.c **** 
 130:.\Generated_Source\PSoC4/Port0.c **** /* If Interrupts Are Enabled for this Pins component */ 
 131:.\Generated_Source\PSoC4/Port0.c **** #if defined(Port0_INTSTAT) 
 132:.\Generated_Source\PSoC4/Port0.c **** 
 133:.\Generated_Source\PSoC4/Port0.c ****     /*******************************************************************************
 134:.\Generated_Source\PSoC4/Port0.c ****     * Function Name: Port0_ClearInterrupt
 135:.\Generated_Source\PSoC4/Port0.c ****     ********************************************************************************
 136:.\Generated_Source\PSoC4/Port0.c ****     *
 137:.\Generated_Source\PSoC4/Port0.c ****     * Summary:
 138:.\Generated_Source\PSoC4/Port0.c ****     *  Clears any active interrupts attached to port and returns the value of the 
 139:.\Generated_Source\PSoC4/Port0.c ****     *  interrupt status register.
 140:.\Generated_Source\PSoC4/Port0.c ****     *
 141:.\Generated_Source\PSoC4/Port0.c ****     * Parameters:  
 142:.\Generated_Source\PSoC4/Port0.c ****     *  None 
 143:.\Generated_Source\PSoC4/Port0.c ****     *
 144:.\Generated_Source\PSoC4/Port0.c ****     * Return: 
 145:.\Generated_Source\PSoC4/Port0.c ****     *  Returns the value of the interrupt status register
 146:.\Generated_Source\PSoC4/Port0.c ****     *  
 147:.\Generated_Source\PSoC4/Port0.c ****     *******************************************************************************/
 148:.\Generated_Source\PSoC4/Port0.c ****     uint8 Port0_ClearInterrupt(void) 
 149:.\Generated_Source\PSoC4/Port0.c ****     {
 286              		.loc 1 149 0
 287              		.cfi_startproc
 288 0000 80B5     		push	{r7, lr}
 289              	.LCFI10:
 290              		.cfi_def_cfa_offset 8
 291              		.cfi_offset 7, -8
 292              		.cfi_offset 14, -4
 293 0002 82B0     		sub	sp, sp, #8
 294              	.LCFI11:
 295              		.cfi_def_cfa_offset 16
 296 0004 00AF     		add	r7, sp, #0
 297              	.LCFI12:
 298              		.cfi_def_cfa_register 7
 150:.\Generated_Source\PSoC4/Port0.c **** 		uint8 maskedStatus = (uint8)(Port0_INTSTAT & Port0_MASK);
 299              		.loc 1 150 0
 300 0006 074B     		ldr	r3, .L17
 301 0008 1A68     		ldr	r2, [r3]
 302 000a FB1D     		add	r3, r7, #7
 303 000c 1A70     		strb	r2, [r3]
 151:.\Generated_Source\PSoC4/Port0.c **** 		Port0_INTSTAT = maskedStatus;
 304              		.loc 1 151 0
 305 000e 054B     		ldr	r3, .L17
ARM GAS  C:\DOCUME~1\Chuck\LOCALS~1\Temp\ccKzHrOQ.s 			page 9


 306 0010 FA1D     		add	r2, r7, #7
 307 0012 1278     		ldrb	r2, [r2]
 308 0014 1A60     		str	r2, [r3]
 152:.\Generated_Source\PSoC4/Port0.c ****         return maskedStatus >> Port0_SHIFT;
 309              		.loc 1 152 0
 310 0016 FB1D     		add	r3, r7, #7
 311 0018 1B78     		ldrb	r3, [r3]
 153:.\Generated_Source\PSoC4/Port0.c ****     }
 312              		.loc 1 153 0
 313 001a 181C     		mov	r0, r3
 314 001c BD46     		mov	sp, r7
 315 001e 02B0     		add	sp, sp, #8
 316              		@ sp needed for prologue
 317 0020 80BD     		pop	{r7, pc}
 318              	.L18:
 319 0022 C046     		.align	2
 320              	.L17:
 321 0024 10000440 		.word	1074003984
 322              		.cfi_endproc
 323              	.LFE4:
 324              		.size	Port0_ClearInterrupt, .-Port0_ClearInterrupt
 325              		.text
 326              	.Letext0:
 327              		.file 2 ".\\Generated_Source\\PSoC4\\cytypes.h"
 328              		.section	.debug_info,"",%progbits
 329              	.Ldebug_info0:
 330 0000 64010000 		.4byte	0x164
 331 0004 0200     		.2byte	0x2
 332 0006 00000000 		.4byte	.Ldebug_abbrev0
 333 000a 04       		.byte	0x4
 334 000b 01       		.uleb128 0x1
 335 000c 6A010000 		.4byte	.LASF24
 336 0010 01       		.byte	0x1
 337 0011 B6000000 		.4byte	.LASF25
 338 0015 00000000 		.4byte	.LASF26
 339 0019 00000000 		.4byte	.Ldebug_ranges0+0
 340 001d 00000000 		.4byte	0
 341 0021 00000000 		.4byte	0
 342 0025 00000000 		.4byte	.Ldebug_line0
 343 0029 02       		.uleb128 0x2
 344 002a 01       		.byte	0x1
 345 002b 06       		.byte	0x6
 346 002c CE010000 		.4byte	.LASF0
 347 0030 02       		.uleb128 0x2
 348 0031 01       		.byte	0x1
 349 0032 08       		.byte	0x8
 350 0033 7D000000 		.4byte	.LASF1
 351 0037 02       		.uleb128 0x2
 352 0038 02       		.byte	0x2
 353 0039 05       		.byte	0x5
 354 003a 5A010000 		.4byte	.LASF2
 355 003e 02       		.uleb128 0x2
 356 003f 02       		.byte	0x2
 357 0040 07       		.byte	0x7
 358 0041 A3000000 		.4byte	.LASF3
 359 0045 02       		.uleb128 0x2
 360 0046 04       		.byte	0x4
ARM GAS  C:\DOCUME~1\Chuck\LOCALS~1\Temp\ccKzHrOQ.s 			page 10


 361 0047 05       		.byte	0x5
 362 0048 C5010000 		.4byte	.LASF4
 363 004c 02       		.uleb128 0x2
 364 004d 04       		.byte	0x4
 365 004e 07       		.byte	0x7
 366 004f 91000000 		.4byte	.LASF5
 367 0053 02       		.uleb128 0x2
 368 0054 08       		.byte	0x8
 369 0055 05       		.byte	0x5
 370 0056 2F010000 		.4byte	.LASF6
 371 005a 02       		.uleb128 0x2
 372 005b 08       		.byte	0x8
 373 005c 07       		.byte	0x7
 374 005d 13010000 		.4byte	.LASF7
 375 0061 03       		.uleb128 0x3
 376 0062 04       		.byte	0x4
 377 0063 05       		.byte	0x5
 378 0064 696E7400 		.ascii	"int\000"
 379 0068 02       		.uleb128 0x2
 380 0069 04       		.byte	0x4
 381 006a 07       		.byte	0x7
 382 006b FA000000 		.4byte	.LASF8
 383 006f 04       		.uleb128 0x4
 384 0070 64010000 		.4byte	.LASF9
 385 0074 02       		.byte	0x2
 386 0075 5B       		.byte	0x5b
 387 0076 30000000 		.4byte	0x30
 388 007a 04       		.uleb128 0x4
 389 007b F3000000 		.4byte	.LASF10
 390 007f 02       		.byte	0x2
 391 0080 5D       		.byte	0x5d
 392 0081 4C000000 		.4byte	0x4c
 393 0085 02       		.uleb128 0x2
 394 0086 04       		.byte	0x4
 395 0087 04       		.byte	0x4
 396 0088 77000000 		.4byte	.LASF11
 397 008c 02       		.uleb128 0x2
 398 008d 08       		.byte	0x8
 399 008e 04       		.byte	0x4
 400 008f D7000000 		.4byte	.LASF12
 401 0093 02       		.uleb128 0x2
 402 0094 01       		.byte	0x1
 403 0095 08       		.byte	0x8
 404 0096 4A010000 		.4byte	.LASF13
 405 009a 04       		.uleb128 0x4
 406 009b 6B000000 		.4byte	.LASF14
 407 009f 02       		.byte	0x2
 408 00a0 F2       		.byte	0xf2
 409 00a1 A5000000 		.4byte	0xa5
 410 00a5 05       		.uleb128 0x5
 411 00a6 7A000000 		.4byte	0x7a
 412 00aa 06       		.uleb128 0x6
 413 00ab 01       		.byte	0x1
 414 00ac 07010000 		.4byte	.LASF15
 415 00b0 01       		.byte	0x1
 416 00b1 2A       		.byte	0x2a
 417 00b2 01       		.byte	0x1
ARM GAS  C:\DOCUME~1\Chuck\LOCALS~1\Temp\ccKzHrOQ.s 			page 11


 418 00b3 00000000 		.4byte	.LFB0
 419 00b7 40000000 		.4byte	.LFE0
 420 00bb 00000000 		.4byte	.LLST0
 421 00bf 01       		.byte	0x1
 422 00c0 E1000000 		.4byte	0xe1
 423 00c4 07       		.uleb128 0x7
 424 00c5 71000000 		.4byte	.LASF17
 425 00c9 01       		.byte	0x1
 426 00ca 2A       		.byte	0x2a
 427 00cb 6F000000 		.4byte	0x6f
 428 00cf 02       		.byte	0x2
 429 00d0 91       		.byte	0x91
 430 00d1 6F       		.sleb128 -17
 431 00d2 08       		.uleb128 0x8
 432 00d3 8B000000 		.4byte	.LASF22
 433 00d7 01       		.byte	0x1
 434 00d8 2C       		.byte	0x2c
 435 00d9 6F000000 		.4byte	0x6f
 436 00dd 02       		.byte	0x2
 437 00de 91       		.byte	0x91
 438 00df 77       		.sleb128 -9
 439 00e0 00       		.byte	0
 440 00e1 06       		.uleb128 0x6
 441 00e2 01       		.byte	0x1
 442 00e3 58000000 		.4byte	.LASF16
 443 00e7 01       		.byte	0x1
 444 00e8 49       		.byte	0x49
 445 00e9 01       		.byte	0x1
 446 00ea 00000000 		.4byte	.LFB1
 447 00ee D4000000 		.4byte	.LFE1
 448 00f2 38000000 		.4byte	.LLST1
 449 00f6 01       		.byte	0x1
 450 00f7 0A010000 		.4byte	0x10a
 451 00fb 07       		.uleb128 0x7
 452 00fc 2A010000 		.4byte	.LASF18
 453 0100 01       		.byte	0x1
 454 0101 49       		.byte	0x49
 455 0102 6F000000 		.4byte	0x6f
 456 0106 02       		.byte	0x2
 457 0107 91       		.byte	0x91
 458 0108 77       		.sleb128 -9
 459 0109 00       		.byte	0
 460 010a 09       		.uleb128 0x9
 461 010b 01       		.byte	0x1
 462 010c 4F010000 		.4byte	.LASF19
 463 0110 01       		.byte	0x1
 464 0111 68       		.byte	0x68
 465 0112 01       		.byte	0x1
 466 0113 6F000000 		.4byte	0x6f
 467 0117 00000000 		.4byte	.LFB2
 468 011b 14000000 		.4byte	.LFE2
 469 011f 70000000 		.4byte	.LLST2
 470 0123 01       		.byte	0x1
 471 0124 09       		.uleb128 0x9
 472 0125 01       		.byte	0x1
 473 0126 B3010000 		.4byte	.LASF20
 474 012a 01       		.byte	0x1
ARM GAS  C:\DOCUME~1\Chuck\LOCALS~1\Temp\ccKzHrOQ.s 			page 12


 475 012b 7C       		.byte	0x7c
 476 012c 01       		.byte	0x1
 477 012d 6F000000 		.4byte	0x6f
 478 0131 00000000 		.4byte	.LFB3
 479 0135 14000000 		.4byte	.LFE3
 480 0139 9C000000 		.4byte	.LLST3
 481 013d 01       		.byte	0x1
 482 013e 0A       		.uleb128 0xa
 483 013f 01       		.byte	0x1
 484 0140 DE000000 		.4byte	.LASF21
 485 0144 01       		.byte	0x1
 486 0145 94       		.byte	0x94
 487 0146 01       		.byte	0x1
 488 0147 6F000000 		.4byte	0x6f
 489 014b 00000000 		.4byte	.LFB4
 490 014f 28000000 		.4byte	.LFE4
 491 0153 C8000000 		.4byte	.LLST4
 492 0157 01       		.byte	0x1
 493 0158 08       		.uleb128 0x8
 494 0159 3D010000 		.4byte	.LASF23
 495 015d 01       		.byte	0x1
 496 015e 96       		.byte	0x96
 497 015f 6F000000 		.4byte	0x6f
 498 0163 02       		.byte	0x2
 499 0164 91       		.byte	0x91
 500 0165 77       		.sleb128 -9
 501 0166 00       		.byte	0
 502 0167 00       		.byte	0
 503              		.section	.debug_abbrev,"",%progbits
 504              	.Ldebug_abbrev0:
 505 0000 01       		.uleb128 0x1
 506 0001 11       		.uleb128 0x11
 507 0002 01       		.byte	0x1
 508 0003 25       		.uleb128 0x25
 509 0004 0E       		.uleb128 0xe
 510 0005 13       		.uleb128 0x13
 511 0006 0B       		.uleb128 0xb
 512 0007 03       		.uleb128 0x3
 513 0008 0E       		.uleb128 0xe
 514 0009 1B       		.uleb128 0x1b
 515 000a 0E       		.uleb128 0xe
 516 000b 55       		.uleb128 0x55
 517 000c 06       		.uleb128 0x6
 518 000d 11       		.uleb128 0x11
 519 000e 01       		.uleb128 0x1
 520 000f 52       		.uleb128 0x52
 521 0010 01       		.uleb128 0x1
 522 0011 10       		.uleb128 0x10
 523 0012 06       		.uleb128 0x6
 524 0013 00       		.byte	0
 525 0014 00       		.byte	0
 526 0015 02       		.uleb128 0x2
 527 0016 24       		.uleb128 0x24
 528 0017 00       		.byte	0
 529 0018 0B       		.uleb128 0xb
 530 0019 0B       		.uleb128 0xb
 531 001a 3E       		.uleb128 0x3e
ARM GAS  C:\DOCUME~1\Chuck\LOCALS~1\Temp\ccKzHrOQ.s 			page 13


 532 001b 0B       		.uleb128 0xb
 533 001c 03       		.uleb128 0x3
 534 001d 0E       		.uleb128 0xe
 535 001e 00       		.byte	0
 536 001f 00       		.byte	0
 537 0020 03       		.uleb128 0x3
 538 0021 24       		.uleb128 0x24
 539 0022 00       		.byte	0
 540 0023 0B       		.uleb128 0xb
 541 0024 0B       		.uleb128 0xb
 542 0025 3E       		.uleb128 0x3e
 543 0026 0B       		.uleb128 0xb
 544 0027 03       		.uleb128 0x3
 545 0028 08       		.uleb128 0x8
 546 0029 00       		.byte	0
 547 002a 00       		.byte	0
 548 002b 04       		.uleb128 0x4
 549 002c 16       		.uleb128 0x16
 550 002d 00       		.byte	0
 551 002e 03       		.uleb128 0x3
 552 002f 0E       		.uleb128 0xe
 553 0030 3A       		.uleb128 0x3a
 554 0031 0B       		.uleb128 0xb
 555 0032 3B       		.uleb128 0x3b
 556 0033 0B       		.uleb128 0xb
 557 0034 49       		.uleb128 0x49
 558 0035 13       		.uleb128 0x13
 559 0036 00       		.byte	0
 560 0037 00       		.byte	0
 561 0038 05       		.uleb128 0x5
 562 0039 35       		.uleb128 0x35
 563 003a 00       		.byte	0
 564 003b 49       		.uleb128 0x49
 565 003c 13       		.uleb128 0x13
 566 003d 00       		.byte	0
 567 003e 00       		.byte	0
 568 003f 06       		.uleb128 0x6
 569 0040 2E       		.uleb128 0x2e
 570 0041 01       		.byte	0x1
 571 0042 3F       		.uleb128 0x3f
 572 0043 0C       		.uleb128 0xc
 573 0044 03       		.uleb128 0x3
 574 0045 0E       		.uleb128 0xe
 575 0046 3A       		.uleb128 0x3a
 576 0047 0B       		.uleb128 0xb
 577 0048 3B       		.uleb128 0x3b
 578 0049 0B       		.uleb128 0xb
 579 004a 27       		.uleb128 0x27
 580 004b 0C       		.uleb128 0xc
 581 004c 11       		.uleb128 0x11
 582 004d 01       		.uleb128 0x1
 583 004e 12       		.uleb128 0x12
 584 004f 01       		.uleb128 0x1
 585 0050 40       		.uleb128 0x40
 586 0051 06       		.uleb128 0x6
 587 0052 9742     		.uleb128 0x2117
 588 0054 0C       		.uleb128 0xc
ARM GAS  C:\DOCUME~1\Chuck\LOCALS~1\Temp\ccKzHrOQ.s 			page 14


 589 0055 01       		.uleb128 0x1
 590 0056 13       		.uleb128 0x13
 591 0057 00       		.byte	0
 592 0058 00       		.byte	0
 593 0059 07       		.uleb128 0x7
 594 005a 05       		.uleb128 0x5
 595 005b 00       		.byte	0
 596 005c 03       		.uleb128 0x3
 597 005d 0E       		.uleb128 0xe
 598 005e 3A       		.uleb128 0x3a
 599 005f 0B       		.uleb128 0xb
 600 0060 3B       		.uleb128 0x3b
 601 0061 0B       		.uleb128 0xb
 602 0062 49       		.uleb128 0x49
 603 0063 13       		.uleb128 0x13
 604 0064 02       		.uleb128 0x2
 605 0065 0A       		.uleb128 0xa
 606 0066 00       		.byte	0
 607 0067 00       		.byte	0
 608 0068 08       		.uleb128 0x8
 609 0069 34       		.uleb128 0x34
 610 006a 00       		.byte	0
 611 006b 03       		.uleb128 0x3
 612 006c 0E       		.uleb128 0xe
 613 006d 3A       		.uleb128 0x3a
 614 006e 0B       		.uleb128 0xb
 615 006f 3B       		.uleb128 0x3b
 616 0070 0B       		.uleb128 0xb
 617 0071 49       		.uleb128 0x49
 618 0072 13       		.uleb128 0x13
 619 0073 02       		.uleb128 0x2
 620 0074 0A       		.uleb128 0xa
 621 0075 00       		.byte	0
 622 0076 00       		.byte	0
 623 0077 09       		.uleb128 0x9
 624 0078 2E       		.uleb128 0x2e
 625 0079 00       		.byte	0
 626 007a 3F       		.uleb128 0x3f
 627 007b 0C       		.uleb128 0xc
 628 007c 03       		.uleb128 0x3
 629 007d 0E       		.uleb128 0xe
 630 007e 3A       		.uleb128 0x3a
 631 007f 0B       		.uleb128 0xb
 632 0080 3B       		.uleb128 0x3b
 633 0081 0B       		.uleb128 0xb
 634 0082 27       		.uleb128 0x27
 635 0083 0C       		.uleb128 0xc
 636 0084 49       		.uleb128 0x49
 637 0085 13       		.uleb128 0x13
 638 0086 11       		.uleb128 0x11
 639 0087 01       		.uleb128 0x1
 640 0088 12       		.uleb128 0x12
 641 0089 01       		.uleb128 0x1
 642 008a 40       		.uleb128 0x40
 643 008b 06       		.uleb128 0x6
 644 008c 9742     		.uleb128 0x2117
 645 008e 0C       		.uleb128 0xc
ARM GAS  C:\DOCUME~1\Chuck\LOCALS~1\Temp\ccKzHrOQ.s 			page 15


 646 008f 00       		.byte	0
 647 0090 00       		.byte	0
 648 0091 0A       		.uleb128 0xa
 649 0092 2E       		.uleb128 0x2e
 650 0093 01       		.byte	0x1
 651 0094 3F       		.uleb128 0x3f
 652 0095 0C       		.uleb128 0xc
 653 0096 03       		.uleb128 0x3
 654 0097 0E       		.uleb128 0xe
 655 0098 3A       		.uleb128 0x3a
 656 0099 0B       		.uleb128 0xb
 657 009a 3B       		.uleb128 0x3b
 658 009b 0B       		.uleb128 0xb
 659 009c 27       		.uleb128 0x27
 660 009d 0C       		.uleb128 0xc
 661 009e 49       		.uleb128 0x49
 662 009f 13       		.uleb128 0x13
 663 00a0 11       		.uleb128 0x11
 664 00a1 01       		.uleb128 0x1
 665 00a2 12       		.uleb128 0x12
 666 00a3 01       		.uleb128 0x1
 667 00a4 40       		.uleb128 0x40
 668 00a5 06       		.uleb128 0x6
 669 00a6 9742     		.uleb128 0x2117
 670 00a8 0C       		.uleb128 0xc
 671 00a9 00       		.byte	0
 672 00aa 00       		.byte	0
 673 00ab 00       		.byte	0
 674              		.section	.debug_loc,"",%progbits
 675              	.Ldebug_loc0:
 676              	.LLST0:
 677 0000 00000000 		.4byte	.LFB0
 678 0004 02000000 		.4byte	.LCFI0
 679 0008 0200     		.2byte	0x2
 680 000a 7D       		.byte	0x7d
 681 000b 00       		.sleb128 0
 682 000c 02000000 		.4byte	.LCFI0
 683 0010 04000000 		.4byte	.LCFI1
 684 0014 0200     		.2byte	0x2
 685 0016 7D       		.byte	0x7d
 686 0017 08       		.sleb128 8
 687 0018 04000000 		.4byte	.LCFI1
 688 001c 06000000 		.4byte	.LCFI2
 689 0020 0200     		.2byte	0x2
 690 0022 7D       		.byte	0x7d
 691 0023 18       		.sleb128 24
 692 0024 06000000 		.4byte	.LCFI2
 693 0028 40000000 		.4byte	.LFE0
 694 002c 0200     		.2byte	0x2
 695 002e 77       		.byte	0x77
 696 002f 18       		.sleb128 24
 697 0030 00000000 		.4byte	0
 698 0034 00000000 		.4byte	0
 699              	.LLST1:
 700 0038 00000000 		.4byte	.LFB1
 701 003c 02000000 		.4byte	.LCFI3
 702 0040 0200     		.2byte	0x2
ARM GAS  C:\DOCUME~1\Chuck\LOCALS~1\Temp\ccKzHrOQ.s 			page 16


 703 0042 7D       		.byte	0x7d
 704 0043 00       		.sleb128 0
 705 0044 02000000 		.4byte	.LCFI3
 706 0048 04000000 		.4byte	.LCFI4
 707 004c 0200     		.2byte	0x2
 708 004e 7D       		.byte	0x7d
 709 004f 08       		.sleb128 8
 710 0050 04000000 		.4byte	.LCFI4
 711 0054 06000000 		.4byte	.LCFI5
 712 0058 0200     		.2byte	0x2
 713 005a 7D       		.byte	0x7d
 714 005b 10       		.sleb128 16
 715 005c 06000000 		.4byte	.LCFI5
 716 0060 D4000000 		.4byte	.LFE1
 717 0064 0200     		.2byte	0x2
 718 0066 77       		.byte	0x77
 719 0067 10       		.sleb128 16
 720 0068 00000000 		.4byte	0
 721 006c 00000000 		.4byte	0
 722              	.LLST2:
 723 0070 00000000 		.4byte	.LFB2
 724 0074 02000000 		.4byte	.LCFI6
 725 0078 0200     		.2byte	0x2
 726 007a 7D       		.byte	0x7d
 727 007b 00       		.sleb128 0
 728 007c 02000000 		.4byte	.LCFI6
 729 0080 04000000 		.4byte	.LCFI7
 730 0084 0200     		.2byte	0x2
 731 0086 7D       		.byte	0x7d
 732 0087 08       		.sleb128 8
 733 0088 04000000 		.4byte	.LCFI7
 734 008c 14000000 		.4byte	.LFE2
 735 0090 0200     		.2byte	0x2
 736 0092 77       		.byte	0x77
 737 0093 08       		.sleb128 8
 738 0094 00000000 		.4byte	0
 739 0098 00000000 		.4byte	0
 740              	.LLST3:
 741 009c 00000000 		.4byte	.LFB3
 742 00a0 02000000 		.4byte	.LCFI8
 743 00a4 0200     		.2byte	0x2
 744 00a6 7D       		.byte	0x7d
 745 00a7 00       		.sleb128 0
 746 00a8 02000000 		.4byte	.LCFI8
 747 00ac 04000000 		.4byte	.LCFI9
 748 00b0 0200     		.2byte	0x2
 749 00b2 7D       		.byte	0x7d
 750 00b3 08       		.sleb128 8
 751 00b4 04000000 		.4byte	.LCFI9
 752 00b8 14000000 		.4byte	.LFE3
 753 00bc 0200     		.2byte	0x2
 754 00be 77       		.byte	0x77
 755 00bf 08       		.sleb128 8
 756 00c0 00000000 		.4byte	0
 757 00c4 00000000 		.4byte	0
 758              	.LLST4:
 759 00c8 00000000 		.4byte	.LFB4
ARM GAS  C:\DOCUME~1\Chuck\LOCALS~1\Temp\ccKzHrOQ.s 			page 17


 760 00cc 02000000 		.4byte	.LCFI10
 761 00d0 0200     		.2byte	0x2
 762 00d2 7D       		.byte	0x7d
 763 00d3 00       		.sleb128 0
 764 00d4 02000000 		.4byte	.LCFI10
 765 00d8 04000000 		.4byte	.LCFI11
 766 00dc 0200     		.2byte	0x2
 767 00de 7D       		.byte	0x7d
 768 00df 08       		.sleb128 8
 769 00e0 04000000 		.4byte	.LCFI11
 770 00e4 06000000 		.4byte	.LCFI12
 771 00e8 0200     		.2byte	0x2
 772 00ea 7D       		.byte	0x7d
 773 00eb 10       		.sleb128 16
 774 00ec 06000000 		.4byte	.LCFI12
 775 00f0 28000000 		.4byte	.LFE4
 776 00f4 0200     		.2byte	0x2
 777 00f6 77       		.byte	0x77
 778 00f7 10       		.sleb128 16
 779 00f8 00000000 		.4byte	0
 780 00fc 00000000 		.4byte	0
 781              		.section	.debug_aranges,"",%progbits
 782 0000 3C000000 		.4byte	0x3c
 783 0004 0200     		.2byte	0x2
 784 0006 00000000 		.4byte	.Ldebug_info0
 785 000a 04       		.byte	0x4
 786 000b 00       		.byte	0
 787 000c 0000     		.2byte	0
 788 000e 0000     		.2byte	0
 789 0010 00000000 		.4byte	.LFB0
 790 0014 40000000 		.4byte	.LFE0-.LFB0
 791 0018 00000000 		.4byte	.LFB1
 792 001c D4000000 		.4byte	.LFE1-.LFB1
 793 0020 00000000 		.4byte	.LFB2
 794 0024 14000000 		.4byte	.LFE2-.LFB2
 795 0028 00000000 		.4byte	.LFB3
 796 002c 14000000 		.4byte	.LFE3-.LFB3
 797 0030 00000000 		.4byte	.LFB4
 798 0034 28000000 		.4byte	.LFE4-.LFB4
 799 0038 00000000 		.4byte	0
 800 003c 00000000 		.4byte	0
 801              		.section	.debug_ranges,"",%progbits
 802              	.Ldebug_ranges0:
 803 0000 00000000 		.4byte	.LFB0
 804 0004 40000000 		.4byte	.LFE0
 805 0008 00000000 		.4byte	.LFB1
 806 000c D4000000 		.4byte	.LFE1
 807 0010 00000000 		.4byte	.LFB2
 808 0014 14000000 		.4byte	.LFE2
 809 0018 00000000 		.4byte	.LFB3
 810 001c 14000000 		.4byte	.LFE3
 811 0020 00000000 		.4byte	.LFB4
 812 0024 28000000 		.4byte	.LFE4
 813 0028 00000000 		.4byte	0
 814 002c 00000000 		.4byte	0
 815              		.section	.debug_line,"",%progbits
 816              	.Ldebug_line0:
ARM GAS  C:\DOCUME~1\Chuck\LOCALS~1\Temp\ccKzHrOQ.s 			page 18


 817 0000 AD000000 		.section	.debug_str,"MS",%progbits,1
 817      02004400 
 817      00000201 
 817      FB0E0D00 
 817      01010101 
 818              	.LASF26:
 819 0000 433A5C44 		.ascii	"C:\\Documents and Settings\\Chuck\\My Documents\\PS"
 819      6F63756D 
 819      656E7473 
 819      20616E64 
 819      20536574 
 820 002f 6F432043 		.ascii	"oC Creator\\RosOnAStick\\RosOnAStick.cydsn\000"
 820      72656174 
 820      6F725C52 
 820      6F734F6E 
 820      41537469 
 821              	.LASF16:
 822 0058 506F7274 		.ascii	"Port0_SetDriveMode\000"
 822      305F5365 
 822      74447269 
 822      76654D6F 
 822      646500
 823              	.LASF14:
 824 006b 72656733 		.ascii	"reg32\000"
 824      3200
 825              	.LASF17:
 826 0071 76616C75 		.ascii	"value\000"
 826      6500
 827              	.LASF11:
 828 0077 666C6F61 		.ascii	"float\000"
 828      7400
 829              	.LASF1:
 830 007d 756E7369 		.ascii	"unsigned char\000"
 830      676E6564 
 830      20636861 
 830      7200
 831              	.LASF22:
 832 008b 64725661 		.ascii	"drVal\000"
 832      6C00
 833              	.LASF5:
 834 0091 6C6F6E67 		.ascii	"long unsigned int\000"
 834      20756E73 
 834      69676E65 
 834      6420696E 
 834      7400
 835              	.LASF3:
 836 00a3 73686F72 		.ascii	"short unsigned int\000"
 836      7420756E 
 836      7369676E 
 836      65642069 
 836      6E7400
 837              	.LASF25:
 838 00b6 2E5C4765 		.ascii	".\\Generated_Source\\PSoC4\\Port0.c\000"
 838      6E657261 
 838      7465645F 
 838      536F7572 
 838      63655C50 
ARM GAS  C:\DOCUME~1\Chuck\LOCALS~1\Temp\ccKzHrOQ.s 			page 19


 839              	.LASF12:
 840 00d7 646F7562 		.ascii	"double\000"
 840      6C6500
 841              	.LASF21:
 842 00de 506F7274 		.ascii	"Port0_ClearInterrupt\000"
 842      305F436C 
 842      65617249 
 842      6E746572 
 842      72757074 
 843              	.LASF10:
 844 00f3 75696E74 		.ascii	"uint32\000"
 844      333200
 845              	.LASF8:
 846 00fa 756E7369 		.ascii	"unsigned int\000"
 846      676E6564 
 846      20696E74 
 846      00
 847              	.LASF15:
 848 0107 506F7274 		.ascii	"Port0_Write\000"
 848      305F5772 
 848      69746500 
 849              	.LASF7:
 850 0113 6C6F6E67 		.ascii	"long long unsigned int\000"
 850      206C6F6E 
 850      6720756E 
 850      7369676E 
 850      65642069 
 851              	.LASF18:
 852 012a 6D6F6465 		.ascii	"mode\000"
 852      00
 853              	.LASF6:
 854 012f 6C6F6E67 		.ascii	"long long int\000"
 854      206C6F6E 
 854      6720696E 
 854      7400
 855              	.LASF23:
 856 013d 6D61736B 		.ascii	"maskedStatus\000"
 856      65645374 
 856      61747573 
 856      00
 857              	.LASF13:
 858 014a 63686172 		.ascii	"char\000"
 858      00
 859              	.LASF19:
 860 014f 506F7274 		.ascii	"Port0_Read\000"
 860      305F5265 
 860      616400
 861              	.LASF2:
 862 015a 73686F72 		.ascii	"short int\000"
 862      7420696E 
 862      7400
 863              	.LASF9:
 864 0164 75696E74 		.ascii	"uint8\000"
 864      3800
 865              	.LASF24:
 866 016a 474E5520 		.ascii	"GNU C 4.7.3 20130312 (release) [ARM/embedded-4_7-br"
 866      4320342E 
ARM GAS  C:\DOCUME~1\Chuck\LOCALS~1\Temp\ccKzHrOQ.s 			page 20


 866      372E3320 
 866      32303133 
 866      30333132 
 867 019d 616E6368 		.ascii	"anch revision 196615]\000"
 867      20726576 
 867      6973696F 
 867      6E203139 
 867      36363135 
 868              	.LASF20:
 869 01b3 506F7274 		.ascii	"Port0_ReadDataReg\000"
 869      305F5265 
 869      61644461 
 869      74615265 
 869      6700
 870              	.LASF4:
 871 01c5 6C6F6E67 		.ascii	"long int\000"
 871      20696E74 
 871      00
 872              	.LASF0:
 873 01ce 7369676E 		.ascii	"signed char\000"
 873      65642063 
 873      68617200 
 874              		.ident	"GCC: (GNU Tools for ARM Embedded Processors) 4.7.3 20130312 (release) [ARM/embedded-4_7-br
