--------------- Rebuild Started: 01/12/2015 22:21:35 Project: RosOnAStick, Configuration: ARM GCC 4.7.3 Debug ---------------
Deleting file ".\CortexM0\ARM_GCC_473\Debug\main.o"
Deleting file ".\CortexM0\ARM_GCC_473\Debug\Uarts.o"
Deleting file ".\CortexM0\ARM_GCC_473\Debug\cxxabi-compat.o"
Deleting file ".\CortexM0\ARM_GCC_473\Debug\duration.o"
Deleting file ".\CortexM0\ARM_GCC_473\Debug\init.o"
Deleting file ".\CortexM0\ARM_GCC_473\Debug\isnprintf.o"
Deleting file ".\CortexM0\ARM_GCC_473\Debug\SysTimer.o"
Deleting file ".\CortexM0\ARM_GCC_473\Debug\time.o"
Deleting file ".\CortexM0\ARM_GCC_473\Debug\ADC.o"
Deleting file ".\CortexM0\ARM_GCC_473\Debug\Blink.o"
Deleting file ".\CortexM0\ARM_GCC_473\Debug\HelloWorld.o"
Deleting file ".\CortexM0\ARM_GCC_473\Debug\button_example.o"
Deleting file ".\CortexM0\ARM_GCC_473\Debug\ServoControl.o"
Deleting file ".\CortexM0\ARM_GCC_473\Debug\Encoder.o"
Deleting file ".\CortexM0\ARM_GCC_473\Debug\StepperControl.o"
Deleting file ".\CortexM0\ARM_GCC_473\Debug\capsense_button.o"
Deleting file ".\CortexM0\ARM_GCC_473\Debug\UpDownCount.o"
Deleting file ".\CortexM0\ARM_GCC_473\Debug\cyfitter_cfg.o"
Deleting file ".\CortexM0\ARM_GCC_473\Debug\cybootloader.o"
Deleting file ".\CortexM0\ARM_GCC_473\Debug\cymetadata.o"
Deleting file ".\CortexM0\ARM_GCC_473\Debug\Bootloadable.o"
Deleting file ".\CortexM0\ARM_GCC_473\Debug\ROSSerial_UART_Clock.o"
Deleting file ".\CortexM0\ARM_GCC_473\Debug\ROSSerial_UART.o"
Deleting file ".\CortexM0\ARM_GCC_473\Debug\ROSSerial_UART_SPI_UART.o"
Deleting file ".\CortexM0\ARM_GCC_473\Debug\ROSSerial_UART_SPI_UART_INT.o"
Deleting file ".\CortexM0\ARM_GCC_473\Debug\ROSSerial_UART_PM.o"
Deleting file ".\CortexM0\ARM_GCC_473\Debug\ROSSerial_UART_UART.o"
Deleting file ".\CortexM0\ARM_GCC_473\Debug\ROSSerial_UART_BOOT.o"
Deleting file ".\CortexM0\ARM_GCC_473\Debug\ROSSerial_UART_UART_BOOT.o"
Deleting file ".\CortexM0\ARM_GCC_473\Debug\P1_6.o"
Deleting file ".\CortexM0\ARM_GCC_473\Debug\Port0.o"
Deleting file ".\CortexM0\ARM_GCC_473\Debug\ADC_SAR_SEQ.o"
Deleting file ".\CortexM0\ARM_GCC_473\Debug\ADC_SAR_SEQ_PM.o"
Deleting file ".\CortexM0\ARM_GCC_473\Debug\ADC_SAR_SEQ_INT.o"
Deleting file ".\CortexM0\ARM_GCC_473\Debug\PWM_1.o"
Deleting file ".\CortexM0\ARM_GCC_473\Debug\PWM_1_PM.o"
Deleting file ".\CortexM0\ARM_GCC_473\Debug\QuadDec_1.o"
Deleting file ".\CortexM0\ARM_GCC_473\Debug\QuadDec_1_PM.o"
Deleting file ".\CortexM0\ARM_GCC_473\Debug\PWM_Pin.o"
Deleting file ".\CortexM0\ARM_GCC_473\Debug\Quad_In_A.o"
Deleting file ".\CortexM0\ARM_GCC_473\Debug\Quad_In_B.o"
Deleting file ".\CortexM0\ARM_GCC_473\Debug\Quad_Clock.o"
Deleting file ".\CortexM0\ARM_GCC_473\Debug\PWM_Clock.o"
Deleting file ".\CortexM0\ARM_GCC_473\Debug\Step_A_N.o"
Deleting file ".\CortexM0\ARM_GCC_473\Debug\Step_A_P.o"
Deleting file ".\CortexM0\ARM_GCC_473\Debug\Step_B_N.o"
Deleting file ".\CortexM0\ARM_GCC_473\Debug\CapSense.o"
Deleting file ".\CortexM0\ARM_GCC_473\Debug\CapSense_PM.o"
Deleting file ".\CortexM0\ARM_GCC_473\Debug\CapSense_CSHL.o"
Deleting file ".\CortexM0\ARM_GCC_473\Debug\CapSense_INT.o"
Deleting file ".\CortexM0\ARM_GCC_473\Debug\CapSense_TunerHelper.o"
Deleting file ".\CortexM0\ARM_GCC_473\Debug\CapSense_SMS.o"
Deleting file ".\CortexM0\ARM_GCC_473\Debug\Stepper_Control.o"
Deleting file ".\CortexM0\ARM_GCC_473\Debug\Step_B_P.o"
Deleting file ".\CortexM0\ARM_GCC_473\Debug\ROSSerial_UART_tx.o"
Deleting file ".\CortexM0\ARM_GCC_473\Debug\ROSSerial_UART_rx.o"
Deleting file ".\CortexM0\ARM_GCC_473\Debug\ADC_SAR_SEQ_intClock.o"
Deleting file ".\CortexM0\ARM_GCC_473\Debug\ADC_SAR_SEQ_IRQ.o"
Deleting file ".\CortexM0\ARM_GCC_473\Debug\CapSense_SampleClk.o"
Deleting file ".\CortexM0\ARM_GCC_473\Debug\CapSense_Sns.o"
Deleting file ".\CortexM0\ARM_GCC_473\Debug\CapSense_SenseClk.o"
Deleting file ".\CortexM0\ARM_GCC_473\Debug\Cm0Start.o"
Deleting file ".\CortexM0\ARM_GCC_473\Debug\CyBootAsmGnu.o"
Deleting file ".\CortexM0\ARM_GCC_473\Debug\CyFlash.o"
Deleting file ".\CortexM0\ARM_GCC_473\Debug\CyLib.o"
Deleting file ".\CortexM0\ARM_GCC_473\Debug\cyPm.o"
Deleting file ".\CortexM0\ARM_GCC_473\Debug\cyutils.o"
Deleting file ".\CortexM0\ARM_GCC_473\Debug\UpDown.o"
Deleting file ".\CortexM0\ARM_GCC_473\Debug\UpDown_PM.o"
Deleting file ".\CortexM0\ARM_GCC_473\Debug\UD_Ref.o"
Deleting file ".\CortexM0\ARM_GCC_473\Debug\UD_Signal.o"
Deleting file ".\CortexM0\ARM_GCC_473\Debug\RosOnAStick.hex"
Deleting file ".\CortexM0\ARM_GCC_473\Debug\RosOnAStick.elf"
Deleting file ".\CortexM0\ARM_GCC_473\Debug\RosOnAStick.map"
Deleting file ".\CortexM0\ARM_GCC_473\Debug\RosOnAStick.cyacd"
Deleting file ".\RosOnAStick.cycdx"
Deleting file ".\RosOnAStick.svd"
Deleting file ".\RosOnAStick.rpt"
Deleting file ".\RosOnAStick_timing.html"
Deleting file ".\CortexM0\ARM_GCC_473\Debug\.deps\C_FILE.P"
Deleting file ".\CortexM0\ARM_GCC_473\Debug\.deps\ARM_C_FILE.P"
Deleting file ".\CortexM0\ARM_GCC_473\Debug\.deps\GNU_ARM_ASM_FILE.P"
cydsfit.exe "-.appdatapath" "C:\Documents and Settings\Chuck\Local Settings\Application Data\Cypress Semiconductor\PSoC Creator\3.0" "-.fdsnotice" "-.fdswarpdepfile=warp_dependencies.txt" "-.fdselabdepfile=elab_dependencies.txt" "-.fdsbldfile=generated_files.txt" "-p" "C:\Documents and Settings\Chuck\My Documents\PSoC Creator\RosOnAStick\RosOnAStick.cydsn\RosOnAStick.cyprj" "-d" "CY8C4245AXI-483" "-s" "C:\Documents and Settings\Chuck\My Documents\PSoC Creator\RosOnAStick\RosOnAStick.cydsn\Generated_Source\PSoC4" "--" "-yv2" "-v3" "-ygs" "-q10" "-o2" "-.fftcfgtype=LE"
Elaborating Design...
HDL Generation ...
Synthesis ...
Place and Route ...
Tech mapping ...
Info: mpr.M0037: Unused pieces of the design have been optimized out. See the Tech mapping section of the report file for details. (App=cydsfit)
Analog Placement ...
Analog Routing ...
Analog Code Generation ...
Digital Placement ...
Digital Routing ...
Bitstream Generation ...
Static timing analysis ...
API Generation ...
Dependency Generation ...
Clean Temporary Files ...
arm-none-eabi-gcc.exe -I. -I./Generated_Source/PSoC4 -Wno-main -mcpu=cortex-m0 -mthumb -Wall -g -D DEBUG -Wa,-alh=.\CortexM0\ARM_GCC_473\Debug\main.lst -ffunction-sections -fno-rtti -fno-exceptions -funsigned-char -funsigned-bitfields -fshort-enums -I./ros_lib -c .\main.cpp -o .\CortexM0\ARM_GCC_473\Debug\main.o
arm-none-eabi-gcc.exe -I. -I./Generated_Source/PSoC4 -Wno-main -mcpu=cortex-m0 -mthumb -Wall -g -D DEBUG -Wa,-alh=.\CortexM0\ARM_GCC_473\Debug\Uarts.lst -ffunction-sections -fno-rtti -fno-exceptions -funsigned-char -funsigned-bitfields -fshort-enums -I./ros_lib -c .\ros_lib\Uarts.cpp -o .\CortexM0\ARM_GCC_473\Debug\Uarts.o
arm-none-eabi-gcc.exe -I. -I./Generated_Source/PSoC4 -Wno-main -mcpu=cortex-m0 -mthumb -Wall -g -D DEBUG -Wa,-alh=.\CortexM0\ARM_GCC_473\Debug\cxxabi-compat.lst -ffunction-sections -fno-rtti -fno-exceptions -funsigned-char -funsigned-bitfields -fshort-enums -I./ros_lib -c .\ros_lib\cxxabi-compat.cpp -o .\CortexM0\ARM_GCC_473\Debug\cxxabi-compat.o
arm-none-eabi-gcc.exe -I. -I./Generated_Source/PSoC4 -Wno-main -mcpu=cortex-m0 -mthumb -Wall -g -D DEBUG -Wa,-alh=.\CortexM0\ARM_GCC_473\Debug\duration.lst -ffunction-sections -fno-rtti -fno-exceptions -funsigned-char -funsigned-bitfields -fshort-enums -I./ros_lib -c .\ros_lib\duration.cpp -o .\CortexM0\ARM_GCC_473\Debug\duration.o
arm-none-eabi-gcc.exe -I. -I./Generated_Source/PSoC4 -Wno-main -mcpu=cortex-m0 -mthumb -Wall -g -D DEBUG -Wa,-alh=.\CortexM0\ARM_GCC_473\Debug\init.lst -ffunction-sections -fno-rtti -fno-exceptions -funsigned-char -funsigned-bitfields -fshort-enums -I./ros_lib -c .\ros_lib\init.cpp -o .\CortexM0\ARM_GCC_473\Debug\init.o
arm-none-eabi-gcc.exe -I. -I./Generated_Source/PSoC4 -Wno-main -mcpu=cortex-m0 -mthumb -Wall -g -D DEBUG -Wa,-alh=.\CortexM0\ARM_GCC_473\Debug\isnprintf.lst -ffunction-sections -fno-rtti -fno-exceptions -funsigned-char -funsigned-bitfields -fshort-enums -I./ros_lib -c .\ros_lib\isnprintf.cpp -o .\CortexM0\ARM_GCC_473\Debug\isnprintf.o
arm-none-eabi-gcc.exe -I. -I./Generated_Source/PSoC4 -Wno-main -mcpu=cortex-m0 -mthumb -Wall -g -D DEBUG -Wa,-alh=.\CortexM0\ARM_GCC_473\Debug\SysTimer.lst -ffunction-sections -fno-rtti -fno-exceptions -funsigned-char -funsigned-bitfields -fshort-enums -I./ros_lib -c .\ros_lib\SysTimer.cpp -o .\CortexM0\ARM_GCC_473\Debug\SysTimer.o
arm-none-eabi-gcc.exe -I. -I./Generated_Source/PSoC4 -Wno-main -mcpu=cortex-m0 -mthumb -Wall -g -D DEBUG -Wa,-alh=.\CortexM0\ARM_GCC_473\Debug\time.lst -ffunction-sections -fno-rtti -fno-exceptions -funsigned-char -funsigned-bitfields -fshort-enums -I./ros_lib -c .\ros_lib\time.cpp -o .\CortexM0\ARM_GCC_473\Debug\time.o
arm-none-eabi-gcc.exe -I. -I./Generated_Source/PSoC4 -Wno-main -mcpu=cortex-m0 -mthumb -Wall -g -D DEBUG -Wa,-alh=.\CortexM0\ARM_GCC_473\Debug\ADC.lst -ffunction-sections -fno-rtti -fno-exceptions -funsigned-char -funsigned-bitfields -fshort-enums -I./ros_lib -c .\ros_lib\examples\ADC\ADC.cpp -o .\CortexM0\ARM_GCC_473\Debug\ADC.o
arm-none-eabi-gcc.exe -I. -I./Generated_Source/PSoC4 -Wno-main -mcpu=cortex-m0 -mthumb -Wall -g -D DEBUG -Wa,-alh=.\CortexM0\ARM_GCC_473\Debug\Blink.lst -ffunction-sections -fno-rtti -fno-exceptions -funsigned-char -funsigned-bitfields -fshort-enums -I./ros_lib -c .\ros_lib\examples\Blink\Blink.cpp -o .\CortexM0\ARM_GCC_473\Debug\Blink.o
arm-none-eabi-gcc.exe -I. -I./Generated_Source/PSoC4 -Wno-main -mcpu=cortex-m0 -mthumb -Wall -g -D DEBUG -Wa,-alh=.\CortexM0\ARM_GCC_473\Debug\HelloWorld.lst -ffunction-sections -fno-rtti -fno-exceptions -funsigned-char -funsigned-bitfields -fshort-enums -I./ros_lib -c .\ros_lib\examples\HelloWorld\HelloWorld.cpp -o .\CortexM0\ARM_GCC_473\Debug\HelloWorld.o
arm-none-eabi-gcc.exe -I. -I./Generated_Source/PSoC4 -Wno-main -mcpu=cortex-m0 -mthumb -Wall -g -D DEBUG -Wa,-alh=.\CortexM0\ARM_GCC_473\Debug\button_example.lst -ffunction-sections -fno-rtti -fno-exceptions -funsigned-char -funsigned-bitfields -fshort-enums -I./ros_lib -c .\ros_lib\examples\button_example\button_example.cpp -o .\CortexM0\ARM_GCC_473\Debug\button_example.o
arm-none-eabi-gcc.exe -I. -I./Generated_Source/PSoC4 -Wno-main -mcpu=cortex-m0 -mthumb -Wall -g -D DEBUG -Wa,-alh=.\CortexM0\ARM_GCC_473\Debug\ServoControl.lst -ffunction-sections -fno-rtti -fno-exceptions -funsigned-char -funsigned-bitfields -fshort-enums -I./ros_lib -c .\ros_lib\examples\ServoControl\ServoControl.cpp -o .\CortexM0\ARM_GCC_473\Debug\ServoControl.o
arm-none-eabi-gcc.exe -I. -I./Generated_Source/PSoC4 -Wno-main -mcpu=cortex-m0 -mthumb -Wall -g -D DEBUG -Wa,-alh=.\CortexM0\ARM_GCC_473\Debug\Encoder.lst -ffunction-sections -fno-rtti -fno-exceptions -funsigned-char -funsigned-bitfields -fshort-enums -I./ros_lib -c .\ros_lib\examples\Encoder\Encoder.cpp -o .\CortexM0\ARM_GCC_473\Debug\Encoder.o
arm-none-eabi-gcc.exe -I. -I./Generated_Source/PSoC4 -Wno-main -mcpu=cortex-m0 -mthumb -Wall -g -D DEBUG -Wa,-alh=.\CortexM0\ARM_GCC_473\Debug\StepperControl.lst -ffunction-sections -fno-rtti -fno-exceptions -funsigned-char -funsigned-bitfields -fshort-enums -I./ros_lib -c .\ros_lib\examples\StepperControl\StepperControl.cpp -o .\CortexM0\ARM_GCC_473\Debug\StepperControl.o
arm-none-eabi-gcc.exe -I. -I./Generated_Source/PSoC4 -Wno-main -mcpu=cortex-m0 -mthumb -Wall -g -D DEBUG -Wa,-alh=.\CortexM0\ARM_GCC_473\Debug\capsense_button.lst -ffunction-sections -fno-rtti -fno-exceptions -funsigned-char -funsigned-bitfields -fshort-enums -I./ros_lib -c .\ros_lib\examples\capsense_button\capsense_button.cpp -o .\CortexM0\ARM_GCC_473\Debug\capsense_button.o
.\ros_lib\examples\capsense_button\capsense_button.cpp:64:1: error: expected '}' at end of input
The command 'arm-none-eabi-gcc.exe' failed with exit code '1'.
--------------- Rebuild Failed: 01/12/2015 22:22:24 ---------------
