--------------- Clean Started: 08/12/2014 00:19:52 Project: RosOnAStick, Configuration: ARM GCC 4.7.3 Debug ---------------
Deleting file ".\CortexM0\ARM_GCC_473\Debug\main.o"
Deleting file ".\CortexM0\ARM_GCC_473\Debug\Uarts.o"
Deleting file ".\CortexM0\ARM_GCC_473\Debug\cxxabi-compat.o"
Deleting file ".\CortexM0\ARM_GCC_473\Debug\duration.o"
Deleting file ".\CortexM0\ARM_GCC_473\Debug\init.o"
Deleting file ".\CortexM0\ARM_GCC_473\Debug\isnprintf.o"
Deleting file ".\CortexM0\ARM_GCC_473\Debug\SysTimer.o"
Deleting file ".\CortexM0\ARM_GCC_473\Debug\time.o"
Deleting file ".\CortexM0\ARM_GCC_473\Debug\ADC.o"
Deleting file ".\CortexM0\ARM_GCC_473\Debug\Blink.o"
Deleting file ".\CortexM0\ARM_GCC_473\Debug\HelloWorld.o"
Deleting file ".\CortexM0\ARM_GCC_473\Debug\button_example.o"
Deleting file ".\CortexM0\ARM_GCC_473\Debug\ServoControl.o"
Deleting file ".\CortexM0\ARM_GCC_473\Debug\Encoder.o"
Deleting file ".\CortexM0\ARM_GCC_473\Debug\StepperControl.o"
Deleting file ".\CortexM0\ARM_GCC_473\Debug\capsense_button.o"
Deleting file ".\CortexM0\ARM_GCC_473\Debug\cyfitter_cfg.o"
Deleting file ".\CortexM0\ARM_GCC_473\Debug\cymetadata.o"
Deleting file ".\CortexM0\ARM_GCC_473\Debug\Cm0Start.o"
Deleting file ".\CortexM0\ARM_GCC_473\Debug\CyBootAsmGnu.o"
Deleting file ".\CortexM0\ARM_GCC_473\Debug\CyFlash.o"
Deleting file ".\CortexM0\ARM_GCC_473\Debug\CyLib.o"
Deleting file ".\CortexM0\ARM_GCC_473\Debug\cyPm.o"
Deleting file ".\CortexM0\ARM_GCC_473\Debug\cyutils.o"
Deleting file ".\CortexM0\ARM_GCC_473\Debug\cybootloader.o"
Deleting file ".\CortexM0\ARM_GCC_473\Debug\Bootloadable.o"
Deleting file ".\CortexM0\ARM_GCC_473\Debug\ROSSerial_UART.o"
Deleting file ".\CortexM0\ARM_GCC_473\Debug\ROSSerial_UART_SPI_UART.o"
Deleting file ".\CortexM0\ARM_GCC_473\Debug\ROSSerial_UART_SPI_UART_INT.o"
Deleting file ".\CortexM0\ARM_GCC_473\Debug\ROSSerial_UART_PM.o"
Deleting file ".\CortexM0\ARM_GCC_473\Debug\ROSSerial_UART_UART.o"
Deleting file ".\CortexM0\ARM_GCC_473\Debug\ROSSerial_UART_BOOT.o"
Deleting file ".\CortexM0\ARM_GCC_473\Debug\ROSSerial_UART_UART_BOOT.o"
Deleting file ".\CortexM0\ARM_GCC_473\Debug\ROSSerial_UART_tx.o"
Deleting file ".\CortexM0\ARM_GCC_473\Debug\ROSSerial_UART_rx.o"
Deleting file ".\CortexM0\ARM_GCC_473\Debug\ROSSerial_UART_Clock.o"
Deleting file ".\CortexM0\ARM_GCC_473\Debug\P1_6.o"
Deleting file ".\CortexM0\ARM_GCC_473\Debug\Port0.o"
Deleting file ".\CortexM0\ARM_GCC_473\Debug\PWM_1.o"
Deleting file ".\CortexM0\ARM_GCC_473\Debug\PWM_1_PM.o"
Deleting file ".\CortexM0\ARM_GCC_473\Debug\QuadDec_1.o"
Deleting file ".\CortexM0\ARM_GCC_473\Debug\QuadDec_1_PM.o"
Deleting file ".\CortexM0\ARM_GCC_473\Debug\PWM_Pin.o"
Deleting file ".\CortexM0\ARM_GCC_473\Debug\Quad_In_A.o"
Deleting file ".\CortexM0\ARM_GCC_473\Debug\Quad_In_B.o"
Deleting file ".\RosOnAStick.cycdx"
Deleting file ".\RosOnAStick.svd"
Deleting file ".\RosOnAStick.rpt"
Deleting file ".\RosOnAStick_timing.html"
--------------- Clean Succeeded: 08/12/2014 00:19:53 ---------------
