ARM GAS  C:\DOCUME~1\Chuck\LOCALS~1\Temp\cc5iu3pU.s 			page 1


   1              		.cpu cortex-m0
   2              		.fpu softvfp
   3              		.eabi_attribute 20, 1
   4              		.eabi_attribute 21, 1
   5              		.eabi_attribute 23, 3
   6              		.eabi_attribute 24, 1
   7              		.eabi_attribute 25, 1
   8              		.eabi_attribute 26, 1
   9              		.eabi_attribute 30, 6
  10              		.eabi_attribute 34, 0
  11              		.eabi_attribute 18, 4
  12              		.code	16
  13              		.file	"ROSSerial_UART_SPI_UART_INT.c"
  14              		.text
  15              	.Ltext0:
  16              		.cfi_sections	.debug_frame
  17              		.section	.text.ROSSerial_UART_SPI_UART_ISR,"ax",%progbits
  18              		.align	2
  19              		.global	ROSSerial_UART_SPI_UART_ISR
  20              		.code	16
  21              		.thumb_func
  22              		.type	ROSSerial_UART_SPI_UART_ISR, %function
  23              	ROSSerial_UART_SPI_UART_ISR:
  24              	.LFB0:
  25              		.file 1 ".\\Generated_Source\\PSoC4\\ROSSerial_UART_SPI_UART_INT.c"
   1:.\Generated_Source\PSoC4/ROSSerial_UART_SPI_UART_INT.c **** /*******************************************************************************
   2:.\Generated_Source\PSoC4/ROSSerial_UART_SPI_UART_INT.c **** * File Name: ROSSerial_UART_SPI_UART_INT.c
   3:.\Generated_Source\PSoC4/ROSSerial_UART_SPI_UART_INT.c **** * Version 1.20
   4:.\Generated_Source\PSoC4/ROSSerial_UART_SPI_UART_INT.c **** *
   5:.\Generated_Source\PSoC4/ROSSerial_UART_SPI_UART_INT.c **** * Description:
   6:.\Generated_Source\PSoC4/ROSSerial_UART_SPI_UART_INT.c **** *  This file provides the source code to the Interrupt Service Routine for
   7:.\Generated_Source\PSoC4/ROSSerial_UART_SPI_UART_INT.c **** *  the SCB Component in SPI and UART modes.
   8:.\Generated_Source\PSoC4/ROSSerial_UART_SPI_UART_INT.c **** *
   9:.\Generated_Source\PSoC4/ROSSerial_UART_SPI_UART_INT.c **** * Note:
  10:.\Generated_Source\PSoC4/ROSSerial_UART_SPI_UART_INT.c **** *
  11:.\Generated_Source\PSoC4/ROSSerial_UART_SPI_UART_INT.c **** ********************************************************************************
  12:.\Generated_Source\PSoC4/ROSSerial_UART_SPI_UART_INT.c **** * Copyright 2013-2014, Cypress Semiconductor Corporation.  All rights reserved.
  13:.\Generated_Source\PSoC4/ROSSerial_UART_SPI_UART_INT.c **** * You may use this file only in accordance with the license, terms, conditions,
  14:.\Generated_Source\PSoC4/ROSSerial_UART_SPI_UART_INT.c **** * disclaimers, and limitations in the end user license agreement accompanying
  15:.\Generated_Source\PSoC4/ROSSerial_UART_SPI_UART_INT.c **** * the software package with which this file was provided.
  16:.\Generated_Source\PSoC4/ROSSerial_UART_SPI_UART_INT.c **** *******************************************************************************/
  17:.\Generated_Source\PSoC4/ROSSerial_UART_SPI_UART_INT.c **** 
  18:.\Generated_Source\PSoC4/ROSSerial_UART_SPI_UART_INT.c **** #include "ROSSerial_UART_PVT.h"
  19:.\Generated_Source\PSoC4/ROSSerial_UART_SPI_UART_INT.c **** #include "ROSSerial_UART_SPI_UART_PVT.h"
  20:.\Generated_Source\PSoC4/ROSSerial_UART_SPI_UART_INT.c **** 
  21:.\Generated_Source\PSoC4/ROSSerial_UART_SPI_UART_INT.c **** 
  22:.\Generated_Source\PSoC4/ROSSerial_UART_SPI_UART_INT.c **** /*******************************************************************************
  23:.\Generated_Source\PSoC4/ROSSerial_UART_SPI_UART_INT.c **** * Function Name: ROSSerial_UART_SPI_UART_ISR
  24:.\Generated_Source\PSoC4/ROSSerial_UART_SPI_UART_INT.c **** ********************************************************************************
  25:.\Generated_Source\PSoC4/ROSSerial_UART_SPI_UART_INT.c **** *
  26:.\Generated_Source\PSoC4/ROSSerial_UART_SPI_UART_INT.c **** * Summary:
  27:.\Generated_Source\PSoC4/ROSSerial_UART_SPI_UART_INT.c **** *  Handles the Interrupt Service Routine for the SCB SPI or UART modes.
  28:.\Generated_Source\PSoC4/ROSSerial_UART_SPI_UART_INT.c **** *
  29:.\Generated_Source\PSoC4/ROSSerial_UART_SPI_UART_INT.c **** * Parameters:
  30:.\Generated_Source\PSoC4/ROSSerial_UART_SPI_UART_INT.c **** *  None
  31:.\Generated_Source\PSoC4/ROSSerial_UART_SPI_UART_INT.c **** *
  32:.\Generated_Source\PSoC4/ROSSerial_UART_SPI_UART_INT.c **** * Return:
ARM GAS  C:\DOCUME~1\Chuck\LOCALS~1\Temp\cc5iu3pU.s 			page 2


  33:.\Generated_Source\PSoC4/ROSSerial_UART_SPI_UART_INT.c **** *  None
  34:.\Generated_Source\PSoC4/ROSSerial_UART_SPI_UART_INT.c **** *
  35:.\Generated_Source\PSoC4/ROSSerial_UART_SPI_UART_INT.c **** *******************************************************************************/
  36:.\Generated_Source\PSoC4/ROSSerial_UART_SPI_UART_INT.c **** CY_ISR(ROSSerial_UART_SPI_UART_ISR)
  37:.\Generated_Source\PSoC4/ROSSerial_UART_SPI_UART_INT.c **** {
  26              		.loc 1 37 0
  27              		.cfi_startproc
  28 0000 80B5     		push	{r7, lr}
  29              	.LCFI0:
  30              		.cfi_def_cfa_offset 8
  31              		.cfi_offset 7, -8
  32              		.cfi_offset 14, -4
  33 0002 84B0     		sub	sp, sp, #16
  34              	.LCFI1:
  35              		.cfi_def_cfa_offset 24
  36 0004 00AF     		add	r7, sp, #0
  37              	.LCFI2:
  38              		.cfi_def_cfa_register 7
  38:.\Generated_Source\PSoC4/ROSSerial_UART_SPI_UART_INT.c **** #if(ROSSerial_UART_INTERNAL_RX_SW_BUFFER_CONST)
  39:.\Generated_Source\PSoC4/ROSSerial_UART_SPI_UART_INT.c ****     uint32 locHead;
  40:.\Generated_Source\PSoC4/ROSSerial_UART_SPI_UART_INT.c ****     uint32 dataRx;
  41:.\Generated_Source\PSoC4/ROSSerial_UART_SPI_UART_INT.c **** #endif /* (ROSSerial_UART_INTERNAL_RX_SW_BUFFER_CONST) */
  42:.\Generated_Source\PSoC4/ROSSerial_UART_SPI_UART_INT.c **** 
  43:.\Generated_Source\PSoC4/ROSSerial_UART_SPI_UART_INT.c **** #if(ROSSerial_UART_INTERNAL_TX_SW_BUFFER_CONST)
  44:.\Generated_Source\PSoC4/ROSSerial_UART_SPI_UART_INT.c ****     uint32 locTail;
  45:.\Generated_Source\PSoC4/ROSSerial_UART_SPI_UART_INT.c **** #endif /* (ROSSerial_UART_INTERNAL_TX_SW_BUFFER_CONST) */
  46:.\Generated_Source\PSoC4/ROSSerial_UART_SPI_UART_INT.c **** 
  47:.\Generated_Source\PSoC4/ROSSerial_UART_SPI_UART_INT.c ****     if(NULL != ROSSerial_UART_customIntrHandler)
  39              		.loc 1 47 0
  40 0006 334B     		ldr	r3, .L14
  41 0008 1B68     		ldr	r3, [r3]
  42 000a 002B     		cmp	r3, #0
  43 000c 02D0     		beq	.L2
  48:.\Generated_Source\PSoC4/ROSSerial_UART_SPI_UART_INT.c ****     {
  49:.\Generated_Source\PSoC4/ROSSerial_UART_SPI_UART_INT.c ****         ROSSerial_UART_customIntrHandler();
  44              		.loc 1 49 0
  45 000e 314B     		ldr	r3, .L14
  46 0010 1B68     		ldr	r3, [r3]
  47 0012 9847     		blx	r3
  48              	.L2:
  50:.\Generated_Source\PSoC4/ROSSerial_UART_SPI_UART_INT.c ****     }
  51:.\Generated_Source\PSoC4/ROSSerial_UART_SPI_UART_INT.c **** 
  52:.\Generated_Source\PSoC4/ROSSerial_UART_SPI_UART_INT.c ****     #if(ROSSerial_UART_CHECK_SPI_WAKE_ENABLE)
  53:.\Generated_Source\PSoC4/ROSSerial_UART_SPI_UART_INT.c ****     {
  54:.\Generated_Source\PSoC4/ROSSerial_UART_SPI_UART_INT.c ****         /* Clear SPI wakeup source */
  55:.\Generated_Source\PSoC4/ROSSerial_UART_SPI_UART_INT.c ****         ROSSerial_UART_ClearSpiExtClkInterruptSource(ROSSerial_UART_INTR_SPI_EC_WAKE_UP);
  56:.\Generated_Source\PSoC4/ROSSerial_UART_SPI_UART_INT.c ****     }
  57:.\Generated_Source\PSoC4/ROSSerial_UART_SPI_UART_INT.c ****     #endif
  58:.\Generated_Source\PSoC4/ROSSerial_UART_SPI_UART_INT.c **** 
  59:.\Generated_Source\PSoC4/ROSSerial_UART_SPI_UART_INT.c ****     #if(ROSSerial_UART_CHECK_RX_SW_BUFFER)
  60:.\Generated_Source\PSoC4/ROSSerial_UART_SPI_UART_INT.c ****     {
  61:.\Generated_Source\PSoC4/ROSSerial_UART_SPI_UART_INT.c ****         if(ROSSerial_UART_CHECK_INTR_RX_MASKED(ROSSerial_UART_INTR_RX_NOT_EMPTY))
  49              		.loc 1 61 0
  50 0014 304B     		ldr	r3, .L14+4
  51 0016 1A68     		ldr	r2, [r3]
  52 0018 0423     		mov	r3, #4
  53 001a 1340     		and	r3, r2
ARM GAS  C:\DOCUME~1\Chuck\LOCALS~1\Temp\cc5iu3pU.s 			page 3


  54 001c 26D0     		beq	.L3
  62:.\Generated_Source\PSoC4/ROSSerial_UART_SPI_UART_INT.c ****         {
  63:.\Generated_Source\PSoC4/ROSSerial_UART_SPI_UART_INT.c ****             while(0u != ROSSerial_UART_GET_RX_FIFO_ENTRIES)
  55              		.loc 1 63 0
  56 001e 1DE0     		b	.L4
  57              	.L7:
  64:.\Generated_Source\PSoC4/ROSSerial_UART_SPI_UART_INT.c ****             {
  65:.\Generated_Source\PSoC4/ROSSerial_UART_SPI_UART_INT.c ****                 /* Get data from RX FIFO */
  66:.\Generated_Source\PSoC4/ROSSerial_UART_SPI_UART_INT.c ****                 dataRx = ROSSerial_UART_RX_FIFO_RD_REG;
  58              		.loc 1 66 0
  59 0020 2E4B     		ldr	r3, .L14+8
  60 0022 1B68     		ldr	r3, [r3]
  61 0024 7B60     		str	r3, [r7, #4]
  67:.\Generated_Source\PSoC4/ROSSerial_UART_SPI_UART_INT.c **** 
  68:.\Generated_Source\PSoC4/ROSSerial_UART_SPI_UART_INT.c ****                 /* Move local head index */
  69:.\Generated_Source\PSoC4/ROSSerial_UART_SPI_UART_INT.c ****                 locHead = (ROSSerial_UART_rxBufferHead + 1u);
  62              		.loc 1 69 0
  63 0026 2E4B     		ldr	r3, .L14+12
  64 0028 1B68     		ldr	r3, [r3]
  65 002a 0133     		add	r3, r3, #1
  66 002c FB60     		str	r3, [r7, #12]
  70:.\Generated_Source\PSoC4/ROSSerial_UART_SPI_UART_INT.c **** 
  71:.\Generated_Source\PSoC4/ROSSerial_UART_SPI_UART_INT.c ****                 /* Adjust local head index */
  72:.\Generated_Source\PSoC4/ROSSerial_UART_SPI_UART_INT.c ****                 if(ROSSerial_UART_RX_BUFFER_SIZE == locHead)
  67              		.loc 1 72 0
  68 002e FB68     		ldr	r3, [r7, #12]
  69 0030 412B     		cmp	r3, #65
  70 0032 01D1     		bne	.L5
  73:.\Generated_Source\PSoC4/ROSSerial_UART_SPI_UART_INT.c ****                 {
  74:.\Generated_Source\PSoC4/ROSSerial_UART_SPI_UART_INT.c ****                     locHead = 0u;
  71              		.loc 1 74 0
  72 0034 0023     		mov	r3, #0
  73 0036 FB60     		str	r3, [r7, #12]
  74              	.L5:
  75:.\Generated_Source\PSoC4/ROSSerial_UART_SPI_UART_INT.c ****                 }
  76:.\Generated_Source\PSoC4/ROSSerial_UART_SPI_UART_INT.c **** 
  77:.\Generated_Source\PSoC4/ROSSerial_UART_SPI_UART_INT.c ****                 if(locHead == ROSSerial_UART_rxBufferTail)
  75              		.loc 1 77 0
  76 0038 2A4B     		ldr	r3, .L14+16
  77 003a 1B68     		ldr	r3, [r3]
  78 003c FA68     		ldr	r2, [r7, #12]
  79 003e 9A42     		cmp	r2, r3
  80 0040 03D1     		bne	.L6
  78:.\Generated_Source\PSoC4/ROSSerial_UART_SPI_UART_INT.c ****                 {
  79:.\Generated_Source\PSoC4/ROSSerial_UART_SPI_UART_INT.c ****                     /* Overflow: through away new data */
  80:.\Generated_Source\PSoC4/ROSSerial_UART_SPI_UART_INT.c ****                     ROSSerial_UART_rxBufferOverflow = (uint8) ROSSerial_UART_INTR_RX_OVERFLOW;
  81              		.loc 1 80 0
  82 0042 294B     		ldr	r3, .L14+20
  83 0044 2022     		mov	r2, #32
  84 0046 1A70     		strb	r2, [r3]
  85 0048 08E0     		b	.L4
  86              	.L6:
  81:.\Generated_Source\PSoC4/ROSSerial_UART_SPI_UART_INT.c ****                 }
  82:.\Generated_Source\PSoC4/ROSSerial_UART_SPI_UART_INT.c ****                 else
  83:.\Generated_Source\PSoC4/ROSSerial_UART_SPI_UART_INT.c ****                 {
  84:.\Generated_Source\PSoC4/ROSSerial_UART_SPI_UART_INT.c ****                     /* Store received data */
  85:.\Generated_Source\PSoC4/ROSSerial_UART_SPI_UART_INT.c ****                     ROSSerial_UART_PutWordInRxBuffer(locHead, dataRx);
ARM GAS  C:\DOCUME~1\Chuck\LOCALS~1\Temp\cc5iu3pU.s 			page 4


  87              		.loc 1 85 0
  88 004a 7B68     		ldr	r3, [r7, #4]
  89 004c DAB2     		uxtb	r2, r3
  90 004e 2749     		ldr	r1, .L14+24
  91 0050 FB68     		ldr	r3, [r7, #12]
  92 0052 CB18     		add	r3, r1, r3
  93 0054 1A70     		strb	r2, [r3]
  86:.\Generated_Source\PSoC4/ROSSerial_UART_SPI_UART_INT.c **** 
  87:.\Generated_Source\PSoC4/ROSSerial_UART_SPI_UART_INT.c ****                     /* Move head index */
  88:.\Generated_Source\PSoC4/ROSSerial_UART_SPI_UART_INT.c ****                     ROSSerial_UART_rxBufferHead = locHead;
  94              		.loc 1 88 0
  95 0056 224B     		ldr	r3, .L14+12
  96 0058 FA68     		ldr	r2, [r7, #12]
  97 005a 1A60     		str	r2, [r3]
  98              	.L4:
  63:.\Generated_Source\PSoC4/ROSSerial_UART_SPI_UART_INT.c ****             while(0u != ROSSerial_UART_GET_RX_FIFO_ENTRIES)
  99              		.loc 1 63 0 discriminator 1
 100 005c 244B     		ldr	r3, .L14+28
 101 005e 1A68     		ldr	r2, [r3]
 102 0060 0F23     		mov	r3, #15
 103 0062 1340     		and	r3, r2
 104 0064 DCD1     		bne	.L7
  89:.\Generated_Source\PSoC4/ROSSerial_UART_SPI_UART_INT.c ****                 }
  90:.\Generated_Source\PSoC4/ROSSerial_UART_SPI_UART_INT.c ****             }
  91:.\Generated_Source\PSoC4/ROSSerial_UART_SPI_UART_INT.c **** 
  92:.\Generated_Source\PSoC4/ROSSerial_UART_SPI_UART_INT.c ****             ROSSerial_UART_ClearRxInterruptSource(ROSSerial_UART_INTR_RX_NOT_EMPTY);
 105              		.loc 1 92 0
 106 0066 234B     		ldr	r3, .L14+32
 107 0068 0422     		mov	r2, #4
 108 006a 1A60     		str	r2, [r3]
 109              	.L3:
  93:.\Generated_Source\PSoC4/ROSSerial_UART_SPI_UART_INT.c ****         }
  94:.\Generated_Source\PSoC4/ROSSerial_UART_SPI_UART_INT.c ****     }
  95:.\Generated_Source\PSoC4/ROSSerial_UART_SPI_UART_INT.c ****     #endif
  96:.\Generated_Source\PSoC4/ROSSerial_UART_SPI_UART_INT.c **** 
  97:.\Generated_Source\PSoC4/ROSSerial_UART_SPI_UART_INT.c **** 
  98:.\Generated_Source\PSoC4/ROSSerial_UART_SPI_UART_INT.c ****     #if(ROSSerial_UART_CHECK_TX_SW_BUFFER)
  99:.\Generated_Source\PSoC4/ROSSerial_UART_SPI_UART_INT.c ****     {
 100:.\Generated_Source\PSoC4/ROSSerial_UART_SPI_UART_INT.c ****         if(ROSSerial_UART_CHECK_INTR_TX_MASKED(ROSSerial_UART_INTR_TX_NOT_FULL))
 110              		.loc 1 100 0
 111 006c 224B     		ldr	r3, .L14+36
 112 006e 1A68     		ldr	r2, [r3]
 113 0070 0223     		mov	r3, #2
 114 0072 1340     		and	r3, r2
 115 0074 2AD0     		beq	.L1
 101:.\Generated_Source\PSoC4/ROSSerial_UART_SPI_UART_INT.c ****         {
 102:.\Generated_Source\PSoC4/ROSSerial_UART_SPI_UART_INT.c ****             /* Put data into TX FIFO */
 103:.\Generated_Source\PSoC4/ROSSerial_UART_SPI_UART_INT.c ****             while(ROSSerial_UART_FIFO_SIZE != ROSSerial_UART_GET_TX_FIFO_ENTRIES)
 116              		.loc 1 103 0
 117 0076 20E0     		b	.L9
 118              	.L13:
 104:.\Generated_Source\PSoC4/ROSSerial_UART_SPI_UART_INT.c ****             {
 105:.\Generated_Source\PSoC4/ROSSerial_UART_SPI_UART_INT.c ****                 /* Check for a room in TX software buffer */
 106:.\Generated_Source\PSoC4/ROSSerial_UART_SPI_UART_INT.c ****                 if(ROSSerial_UART_txBufferHead != ROSSerial_UART_txBufferTail)
 119              		.loc 1 106 0
 120 0078 204B     		ldr	r3, .L14+40
 121 007a 1A68     		ldr	r2, [r3]
ARM GAS  C:\DOCUME~1\Chuck\LOCALS~1\Temp\cc5iu3pU.s 			page 5


 122 007c 204B     		ldr	r3, .L14+44
 123 007e 1B68     		ldr	r3, [r3]
 124 0080 9A42     		cmp	r2, r3
 125 0082 13D0     		beq	.L10
 107:.\Generated_Source\PSoC4/ROSSerial_UART_SPI_UART_INT.c ****                 {
 108:.\Generated_Source\PSoC4/ROSSerial_UART_SPI_UART_INT.c ****                     /* Move local tail index */
 109:.\Generated_Source\PSoC4/ROSSerial_UART_SPI_UART_INT.c ****                     locTail = (ROSSerial_UART_txBufferTail + 1u);
 126              		.loc 1 109 0
 127 0084 1E4B     		ldr	r3, .L14+44
 128 0086 1B68     		ldr	r3, [r3]
 129 0088 0133     		add	r3, r3, #1
 130 008a BB60     		str	r3, [r7, #8]
 110:.\Generated_Source\PSoC4/ROSSerial_UART_SPI_UART_INT.c **** 
 111:.\Generated_Source\PSoC4/ROSSerial_UART_SPI_UART_INT.c ****                     /* Adjust local tail index */
 112:.\Generated_Source\PSoC4/ROSSerial_UART_SPI_UART_INT.c ****                     if(ROSSerial_UART_TX_BUFFER_SIZE == locTail)
 131              		.loc 1 112 0
 132 008c BB68     		ldr	r3, [r7, #8]
 133 008e 802B     		cmp	r3, #128
 134 0090 01D1     		bne	.L11
 113:.\Generated_Source\PSoC4/ROSSerial_UART_SPI_UART_INT.c ****                     {
 114:.\Generated_Source\PSoC4/ROSSerial_UART_SPI_UART_INT.c ****                         locTail = 0u;
 135              		.loc 1 114 0
 136 0092 0023     		mov	r3, #0
 137 0094 BB60     		str	r3, [r7, #8]
 138              	.L11:
 115:.\Generated_Source\PSoC4/ROSSerial_UART_SPI_UART_INT.c ****                     }
 116:.\Generated_Source\PSoC4/ROSSerial_UART_SPI_UART_INT.c **** 
 117:.\Generated_Source\PSoC4/ROSSerial_UART_SPI_UART_INT.c ****                     /* Put data into TX FIFO */
 118:.\Generated_Source\PSoC4/ROSSerial_UART_SPI_UART_INT.c ****                     ROSSerial_UART_TX_FIFO_WR_REG = ROSSerial_UART_GetWordFromTxBuffer(locTail);
 139              		.loc 1 118 0
 140 0096 1B4B     		ldr	r3, .L14+48
 141 0098 1B49     		ldr	r1, .L14+52
 142 009a BA68     		ldr	r2, [r7, #8]
 143 009c 8A18     		add	r2, r1, r2
 144 009e 1278     		ldrb	r2, [r2]
 145 00a0 D2B2     		uxtb	r2, r2
 146 00a2 1A60     		str	r2, [r3]
 119:.\Generated_Source\PSoC4/ROSSerial_UART_SPI_UART_INT.c **** 
 120:.\Generated_Source\PSoC4/ROSSerial_UART_SPI_UART_INT.c ****                     /* Move tail index */
 121:.\Generated_Source\PSoC4/ROSSerial_UART_SPI_UART_INT.c ****                     ROSSerial_UART_txBufferTail = locTail;
 147              		.loc 1 121 0
 148 00a4 164B     		ldr	r3, .L14+44
 149 00a6 BA68     		ldr	r2, [r7, #8]
 150 00a8 1A60     		str	r2, [r3]
 151 00aa 06E0     		b	.L9
 152              	.L10:
 122:.\Generated_Source\PSoC4/ROSSerial_UART_SPI_UART_INT.c ****                 }
 123:.\Generated_Source\PSoC4/ROSSerial_UART_SPI_UART_INT.c ****                 else
 124:.\Generated_Source\PSoC4/ROSSerial_UART_SPI_UART_INT.c ****                 {
 125:.\Generated_Source\PSoC4/ROSSerial_UART_SPI_UART_INT.c ****                     /* TX software buffer is empty: complete transmition */
 126:.\Generated_Source\PSoC4/ROSSerial_UART_SPI_UART_INT.c ****                     ROSSerial_UART_DISABLE_INTR_TX(ROSSerial_UART_INTR_TX_NOT_FULL);
 153              		.loc 1 126 0
 154 00ac 174B     		ldr	r3, .L14+56
 155 00ae 174A     		ldr	r2, .L14+56
 156 00b0 1268     		ldr	r2, [r2]
 157 00b2 0221     		mov	r1, #2
 158 00b4 8A43     		bic	r2, r1
ARM GAS  C:\DOCUME~1\Chuck\LOCALS~1\Temp\cc5iu3pU.s 			page 6


 159 00b6 1A60     		str	r2, [r3]
 127:.\Generated_Source\PSoC4/ROSSerial_UART_SPI_UART_INT.c ****                     break;
 160              		.loc 1 127 0
 161 00b8 05E0     		b	.L12
 162              	.L9:
 103:.\Generated_Source\PSoC4/ROSSerial_UART_SPI_UART_INT.c ****             while(ROSSerial_UART_FIFO_SIZE != ROSSerial_UART_GET_TX_FIFO_ENTRIES)
 163              		.loc 1 103 0 discriminator 1
 164 00ba 154B     		ldr	r3, .L14+60
 165 00bc 1A68     		ldr	r2, [r3]
 166 00be 0F23     		mov	r3, #15
 167 00c0 1340     		and	r3, r2
 168 00c2 082B     		cmp	r3, #8
 169 00c4 D8D1     		bne	.L13
 170              	.L12:
 128:.\Generated_Source\PSoC4/ROSSerial_UART_SPI_UART_INT.c ****                 }
 129:.\Generated_Source\PSoC4/ROSSerial_UART_SPI_UART_INT.c ****             }
 130:.\Generated_Source\PSoC4/ROSSerial_UART_SPI_UART_INT.c **** 
 131:.\Generated_Source\PSoC4/ROSSerial_UART_SPI_UART_INT.c ****             ROSSerial_UART_ClearTxInterruptSource(ROSSerial_UART_INTR_TX_NOT_FULL);
 171              		.loc 1 131 0
 172 00c6 134B     		ldr	r3, .L14+64
 173 00c8 0222     		mov	r2, #2
 174 00ca 1A60     		str	r2, [r3]
 175              	.L1:
 132:.\Generated_Source\PSoC4/ROSSerial_UART_SPI_UART_INT.c ****         }
 133:.\Generated_Source\PSoC4/ROSSerial_UART_SPI_UART_INT.c ****     }
 134:.\Generated_Source\PSoC4/ROSSerial_UART_SPI_UART_INT.c ****     #endif
 135:.\Generated_Source\PSoC4/ROSSerial_UART_SPI_UART_INT.c **** }
 176              		.loc 1 135 0
 177 00cc BD46     		mov	sp, r7
 178 00ce 04B0     		add	sp, sp, #16
 179              		@ sp needed for prologue
 180 00d0 80BD     		pop	{r7, pc}
 181              	.L15:
 182 00d2 C046     		.align	2
 183              	.L14:
 184 00d4 00000000 		.word	ROSSerial_UART_customIntrHandler
 185 00d8 CC0F0640 		.word	1074139084
 186 00dc 40030640 		.word	1074135872
 187 00e0 00000000 		.word	ROSSerial_UART_rxBufferHead
 188 00e4 00000000 		.word	ROSSerial_UART_rxBufferTail
 189 00e8 00000000 		.word	ROSSerial_UART_rxBufferOverflow
 190 00ec 00000000 		.word	ROSSerial_UART_rxBufferInternal
 191 00f0 08030640 		.word	1074135816
 192 00f4 C00F0640 		.word	1074139072
 193 00f8 8C0F0640 		.word	1074139020
 194 00fc 00000000 		.word	ROSSerial_UART_txBufferHead
 195 0100 00000000 		.word	ROSSerial_UART_txBufferTail
 196 0104 40020640 		.word	1074135616
 197 0108 00000000 		.word	ROSSerial_UART_txBufferInternal
 198 010c 880F0640 		.word	1074139016
 199 0110 08020640 		.word	1074135560
 200 0114 800F0640 		.word	1074139008
 201              		.cfi_endproc
 202              	.LFE0:
 203              		.size	ROSSerial_UART_SPI_UART_ISR, .-ROSSerial_UART_SPI_UART_ISR
 204              		.text
 205              	.Letext0:
ARM GAS  C:\DOCUME~1\Chuck\LOCALS~1\Temp\cc5iu3pU.s 			page 7


 206              		.file 2 "./Generated_Source/PSoC4/cytypes.h"
 207              		.file 3 ".\\Generated_Source\\PSoC4\\ROSSerial_UART_PVT.h"
 208              		.file 4 ".\\Generated_Source\\PSoC4\\ROSSerial_UART_SPI_UART_PVT.h"
 209              		.section	.debug_info,"",%progbits
 210              	.Ldebug_info0:
 211 0000 9E010000 		.4byte	0x19e
 212 0004 0200     		.2byte	0x2
 213 0006 00000000 		.4byte	.Ldebug_abbrev0
 214 000a 04       		.byte	0x4
 215 000b 01       		.uleb128 0x1
 216 000c 5D020000 		.4byte	.LASF28
 217 0010 01       		.byte	0x1
 218 0011 48010000 		.4byte	.LASF29
 219 0015 00000000 		.4byte	.LASF30
 220 0019 00000000 		.4byte	.Ldebug_ranges0+0
 221 001d 00000000 		.4byte	0
 222 0021 00000000 		.4byte	0
 223 0025 00000000 		.4byte	.Ldebug_line0
 224 0029 02       		.uleb128 0x2
 225 002a 01       		.byte	0x1
 226 002b 06       		.byte	0x6
 227 002c AF020000 		.4byte	.LASF0
 228 0030 02       		.uleb128 0x2
 229 0031 01       		.byte	0x1
 230 0032 08       		.byte	0x8
 231 0033 E1000000 		.4byte	.LASF1
 232 0037 02       		.uleb128 0x2
 233 0038 02       		.byte	0x2
 234 0039 05       		.byte	0x5
 235 003a 33020000 		.4byte	.LASF2
 236 003e 02       		.uleb128 0x2
 237 003f 02       		.byte	0x2
 238 0040 07       		.byte	0x7
 239 0041 7A000000 		.4byte	.LASF3
 240 0045 02       		.uleb128 0x2
 241 0046 04       		.byte	0x4
 242 0047 05       		.byte	0x5
 243 0048 A6020000 		.4byte	.LASF4
 244 004c 02       		.uleb128 0x2
 245 004d 04       		.byte	0x4
 246 004e 07       		.byte	0x7
 247 004f EF000000 		.4byte	.LASF5
 248 0053 02       		.uleb128 0x2
 249 0054 08       		.byte	0x8
 250 0055 05       		.byte	0x5
 251 0056 04020000 		.4byte	.LASF6
 252 005a 02       		.uleb128 0x2
 253 005b 08       		.byte	0x8
 254 005c 07       		.byte	0x7
 255 005d CF010000 		.4byte	.LASF7
 256 0061 03       		.uleb128 0x3
 257 0062 04       		.byte	0x4
 258 0063 05       		.byte	0x5
 259 0064 696E7400 		.ascii	"int\000"
 260 0068 02       		.uleb128 0x2
 261 0069 04       		.byte	0x4
 262 006a 07       		.byte	0x7
ARM GAS  C:\DOCUME~1\Chuck\LOCALS~1\Temp\cc5iu3pU.s 			page 8


 263 006b A6010000 		.4byte	.LASF8
 264 006f 04       		.uleb128 0x4
 265 0070 21010000 		.4byte	.LASF9
 266 0074 02       		.byte	0x2
 267 0075 5B       		.byte	0x5b
 268 0076 30000000 		.4byte	0x30
 269 007a 04       		.uleb128 0x4
 270 007b 7F010000 		.4byte	.LASF10
 271 007f 02       		.byte	0x2
 272 0080 5D       		.byte	0x5d
 273 0081 4C000000 		.4byte	0x4c
 274 0085 02       		.uleb128 0x2
 275 0086 04       		.byte	0x4
 276 0087 04       		.byte	0x4
 277 0088 D4000000 		.4byte	.LASF11
 278 008c 02       		.uleb128 0x2
 279 008d 08       		.byte	0x8
 280 008e 04       		.byte	0x4
 281 008f A9000000 		.4byte	.LASF12
 282 0093 02       		.uleb128 0x2
 283 0094 01       		.byte	0x1
 284 0095 08       		.byte	0x8
 285 0096 12020000 		.4byte	.LASF13
 286 009a 05       		.uleb128 0x5
 287 009b 6F000000 		.4byte	0x6f
 288 009f 04       		.uleb128 0x4
 289 00a0 58000000 		.4byte	.LASF14
 290 00a4 02       		.byte	0x2
 291 00a5 F2       		.byte	0xf2
 292 00a6 AA000000 		.4byte	0xaa
 293 00aa 05       		.uleb128 0x5
 294 00ab 7A000000 		.4byte	0x7a
 295 00af 06       		.uleb128 0x6
 296 00b0 E6010000 		.4byte	.LASF15
 297 00b4 02       		.byte	0x2
 298 00b5 0201     		.2byte	0x102
 299 00b7 BB000000 		.4byte	0xbb
 300 00bb 07       		.uleb128 0x7
 301 00bc 04       		.byte	0x4
 302 00bd C1000000 		.4byte	0xc1
 303 00c1 08       		.uleb128 0x8
 304 00c2 01       		.byte	0x1
 305 00c3 02       		.uleb128 0x2
 306 00c4 04       		.byte	0x4
 307 00c5 07       		.byte	0x7
 308 00c6 FB010000 		.4byte	.LASF16
 309 00ca 09       		.uleb128 0x9
 310 00cb 01       		.byte	0x1
 311 00cc 8D000000 		.4byte	.LASF31
 312 00d0 01       		.byte	0x1
 313 00d1 24       		.byte	0x24
 314 00d2 01       		.byte	0x1
 315 00d3 00000000 		.4byte	.LFB0
 316 00d7 18010000 		.4byte	.LFE0
 317 00db 00000000 		.4byte	.LLST0
 318 00df 01       		.byte	0x1
 319 00e0 0F010000 		.4byte	0x10f
ARM GAS  C:\DOCUME~1\Chuck\LOCALS~1\Temp\cc5iu3pU.s 			page 9


 320 00e4 0A       		.uleb128 0xa
 321 00e5 CC000000 		.4byte	.LASF17
 322 00e9 01       		.byte	0x1
 323 00ea 27       		.byte	0x27
 324 00eb 7A000000 		.4byte	0x7a
 325 00ef 02       		.byte	0x2
 326 00f0 91       		.byte	0x91
 327 00f1 74       		.sleb128 -12
 328 00f2 0A       		.uleb128 0xa
 329 00f3 DA000000 		.4byte	.LASF18
 330 00f7 01       		.byte	0x1
 331 00f8 28       		.byte	0x28
 332 00f9 7A000000 		.4byte	0x7a
 333 00fd 02       		.byte	0x2
 334 00fe 91       		.byte	0x91
 335 00ff 6C       		.sleb128 -20
 336 0100 0A       		.uleb128 0xa
 337 0101 F3010000 		.4byte	.LASF19
 338 0105 01       		.byte	0x1
 339 0106 2C       		.byte	0x2c
 340 0107 7A000000 		.4byte	0x7a
 341 010b 02       		.byte	0x2
 342 010c 91       		.byte	0x91
 343 010d 70       		.sleb128 -16
 344 010e 00       		.byte	0
 345 010f 0B       		.uleb128 0xb
 346 0110 27010000 		.4byte	.LASF20
 347 0114 03       		.byte	0x3
 348 0115 37       		.byte	0x37
 349 0116 AF000000 		.4byte	0xaf
 350 011a 01       		.byte	0x1
 351 011b 01       		.byte	0x1
 352 011c 0B       		.uleb128 0xb
 353 011d 17020000 		.4byte	.LASF21
 354 0121 04       		.byte	0x4
 355 0122 1E       		.byte	0x1e
 356 0123 AA000000 		.4byte	0xaa
 357 0127 01       		.byte	0x1
 358 0128 01       		.byte	0x1
 359 0129 0B       		.uleb128 0xb
 360 012a B0000000 		.4byte	.LASF22
 361 012e 04       		.byte	0x4
 362 012f 1F       		.byte	0x1f
 363 0130 AA000000 		.4byte	0xaa
 364 0134 01       		.byte	0x1
 365 0135 01       		.byte	0x1
 366 0136 0B       		.uleb128 0xb
 367 0137 86010000 		.4byte	.LASF23
 368 013b 04       		.byte	0x4
 369 013c 20       		.byte	0x20
 370 013d 9A000000 		.4byte	0x9a
 371 0141 01       		.byte	0x1
 372 0142 01       		.byte	0x1
 373 0143 0B       		.uleb128 0xb
 374 0144 B3010000 		.4byte	.LASF24
 375 0148 04       		.byte	0x4
 376 0149 24       		.byte	0x24
ARM GAS  C:\DOCUME~1\Chuck\LOCALS~1\Temp\cc5iu3pU.s 			page 10


 377 014a AA000000 		.4byte	0xaa
 378 014e 01       		.byte	0x1
 379 014f 01       		.byte	0x1
 380 0150 0B       		.uleb128 0xb
 381 0151 5E000000 		.4byte	.LASF25
 382 0155 04       		.byte	0x4
 383 0156 25       		.byte	0x25
 384 0157 AA000000 		.4byte	0xaa
 385 015b 01       		.byte	0x1
 386 015c 01       		.byte	0x1
 387 015d 0C       		.uleb128 0xc
 388 015e 6F000000 		.4byte	0x6f
 389 0162 6D010000 		.4byte	0x16d
 390 0166 0D       		.uleb128 0xd
 391 0167 C3000000 		.4byte	0xc3
 392 016b 40       		.byte	0x40
 393 016c 00       		.byte	0
 394 016d 0B       		.uleb128 0xb
 395 016e 01010000 		.4byte	.LASF26
 396 0172 04       		.byte	0x4
 397 0173 29       		.byte	0x29
 398 0174 7A010000 		.4byte	0x17a
 399 0178 01       		.byte	0x1
 400 0179 01       		.byte	0x1
 401 017a 05       		.uleb128 0x5
 402 017b 5D010000 		.4byte	0x15d
 403 017f 0C       		.uleb128 0xc
 404 0180 6F000000 		.4byte	0x6f
 405 0184 8F010000 		.4byte	0x18f
 406 0188 0D       		.uleb128 0xd
 407 0189 C3000000 		.4byte	0xc3
 408 018d 7F       		.byte	0x7f
 409 018e 00       		.byte	0
 410 018f 0B       		.uleb128 0xb
 411 0190 3D020000 		.4byte	.LASF27
 412 0194 04       		.byte	0x4
 413 0195 2D       		.byte	0x2d
 414 0196 9C010000 		.4byte	0x19c
 415 019a 01       		.byte	0x1
 416 019b 01       		.byte	0x1
 417 019c 05       		.uleb128 0x5
 418 019d 7F010000 		.4byte	0x17f
 419 01a1 00       		.byte	0
 420              		.section	.debug_abbrev,"",%progbits
 421              	.Ldebug_abbrev0:
 422 0000 01       		.uleb128 0x1
 423 0001 11       		.uleb128 0x11
 424 0002 01       		.byte	0x1
 425 0003 25       		.uleb128 0x25
 426 0004 0E       		.uleb128 0xe
 427 0005 13       		.uleb128 0x13
 428 0006 0B       		.uleb128 0xb
 429 0007 03       		.uleb128 0x3
 430 0008 0E       		.uleb128 0xe
 431 0009 1B       		.uleb128 0x1b
 432 000a 0E       		.uleb128 0xe
 433 000b 55       		.uleb128 0x55
ARM GAS  C:\DOCUME~1\Chuck\LOCALS~1\Temp\cc5iu3pU.s 			page 11


 434 000c 06       		.uleb128 0x6
 435 000d 11       		.uleb128 0x11
 436 000e 01       		.uleb128 0x1
 437 000f 52       		.uleb128 0x52
 438 0010 01       		.uleb128 0x1
 439 0011 10       		.uleb128 0x10
 440 0012 06       		.uleb128 0x6
 441 0013 00       		.byte	0
 442 0014 00       		.byte	0
 443 0015 02       		.uleb128 0x2
 444 0016 24       		.uleb128 0x24
 445 0017 00       		.byte	0
 446 0018 0B       		.uleb128 0xb
 447 0019 0B       		.uleb128 0xb
 448 001a 3E       		.uleb128 0x3e
 449 001b 0B       		.uleb128 0xb
 450 001c 03       		.uleb128 0x3
 451 001d 0E       		.uleb128 0xe
 452 001e 00       		.byte	0
 453 001f 00       		.byte	0
 454 0020 03       		.uleb128 0x3
 455 0021 24       		.uleb128 0x24
 456 0022 00       		.byte	0
 457 0023 0B       		.uleb128 0xb
 458 0024 0B       		.uleb128 0xb
 459 0025 3E       		.uleb128 0x3e
 460 0026 0B       		.uleb128 0xb
 461 0027 03       		.uleb128 0x3
 462 0028 08       		.uleb128 0x8
 463 0029 00       		.byte	0
 464 002a 00       		.byte	0
 465 002b 04       		.uleb128 0x4
 466 002c 16       		.uleb128 0x16
 467 002d 00       		.byte	0
 468 002e 03       		.uleb128 0x3
 469 002f 0E       		.uleb128 0xe
 470 0030 3A       		.uleb128 0x3a
 471 0031 0B       		.uleb128 0xb
 472 0032 3B       		.uleb128 0x3b
 473 0033 0B       		.uleb128 0xb
 474 0034 49       		.uleb128 0x49
 475 0035 13       		.uleb128 0x13
 476 0036 00       		.byte	0
 477 0037 00       		.byte	0
 478 0038 05       		.uleb128 0x5
 479 0039 35       		.uleb128 0x35
 480 003a 00       		.byte	0
 481 003b 49       		.uleb128 0x49
 482 003c 13       		.uleb128 0x13
 483 003d 00       		.byte	0
 484 003e 00       		.byte	0
 485 003f 06       		.uleb128 0x6
 486 0040 16       		.uleb128 0x16
 487 0041 00       		.byte	0
 488 0042 03       		.uleb128 0x3
 489 0043 0E       		.uleb128 0xe
 490 0044 3A       		.uleb128 0x3a
ARM GAS  C:\DOCUME~1\Chuck\LOCALS~1\Temp\cc5iu3pU.s 			page 12


 491 0045 0B       		.uleb128 0xb
 492 0046 3B       		.uleb128 0x3b
 493 0047 05       		.uleb128 0x5
 494 0048 49       		.uleb128 0x49
 495 0049 13       		.uleb128 0x13
 496 004a 00       		.byte	0
 497 004b 00       		.byte	0
 498 004c 07       		.uleb128 0x7
 499 004d 0F       		.uleb128 0xf
 500 004e 00       		.byte	0
 501 004f 0B       		.uleb128 0xb
 502 0050 0B       		.uleb128 0xb
 503 0051 49       		.uleb128 0x49
 504 0052 13       		.uleb128 0x13
 505 0053 00       		.byte	0
 506 0054 00       		.byte	0
 507 0055 08       		.uleb128 0x8
 508 0056 15       		.uleb128 0x15
 509 0057 00       		.byte	0
 510 0058 27       		.uleb128 0x27
 511 0059 0C       		.uleb128 0xc
 512 005a 00       		.byte	0
 513 005b 00       		.byte	0
 514 005c 09       		.uleb128 0x9
 515 005d 2E       		.uleb128 0x2e
 516 005e 01       		.byte	0x1
 517 005f 3F       		.uleb128 0x3f
 518 0060 0C       		.uleb128 0xc
 519 0061 03       		.uleb128 0x3
 520 0062 0E       		.uleb128 0xe
 521 0063 3A       		.uleb128 0x3a
 522 0064 0B       		.uleb128 0xb
 523 0065 3B       		.uleb128 0x3b
 524 0066 0B       		.uleb128 0xb
 525 0067 27       		.uleb128 0x27
 526 0068 0C       		.uleb128 0xc
 527 0069 11       		.uleb128 0x11
 528 006a 01       		.uleb128 0x1
 529 006b 12       		.uleb128 0x12
 530 006c 01       		.uleb128 0x1
 531 006d 40       		.uleb128 0x40
 532 006e 06       		.uleb128 0x6
 533 006f 9642     		.uleb128 0x2116
 534 0071 0C       		.uleb128 0xc
 535 0072 01       		.uleb128 0x1
 536 0073 13       		.uleb128 0x13
 537 0074 00       		.byte	0
 538 0075 00       		.byte	0
 539 0076 0A       		.uleb128 0xa
 540 0077 34       		.uleb128 0x34
 541 0078 00       		.byte	0
 542 0079 03       		.uleb128 0x3
 543 007a 0E       		.uleb128 0xe
 544 007b 3A       		.uleb128 0x3a
 545 007c 0B       		.uleb128 0xb
 546 007d 3B       		.uleb128 0x3b
 547 007e 0B       		.uleb128 0xb
ARM GAS  C:\DOCUME~1\Chuck\LOCALS~1\Temp\cc5iu3pU.s 			page 13


 548 007f 49       		.uleb128 0x49
 549 0080 13       		.uleb128 0x13
 550 0081 02       		.uleb128 0x2
 551 0082 0A       		.uleb128 0xa
 552 0083 00       		.byte	0
 553 0084 00       		.byte	0
 554 0085 0B       		.uleb128 0xb
 555 0086 34       		.uleb128 0x34
 556 0087 00       		.byte	0
 557 0088 03       		.uleb128 0x3
 558 0089 0E       		.uleb128 0xe
 559 008a 3A       		.uleb128 0x3a
 560 008b 0B       		.uleb128 0xb
 561 008c 3B       		.uleb128 0x3b
 562 008d 0B       		.uleb128 0xb
 563 008e 49       		.uleb128 0x49
 564 008f 13       		.uleb128 0x13
 565 0090 3F       		.uleb128 0x3f
 566 0091 0C       		.uleb128 0xc
 567 0092 3C       		.uleb128 0x3c
 568 0093 0C       		.uleb128 0xc
 569 0094 00       		.byte	0
 570 0095 00       		.byte	0
 571 0096 0C       		.uleb128 0xc
 572 0097 01       		.uleb128 0x1
 573 0098 01       		.byte	0x1
 574 0099 49       		.uleb128 0x49
 575 009a 13       		.uleb128 0x13
 576 009b 01       		.uleb128 0x1
 577 009c 13       		.uleb128 0x13
 578 009d 00       		.byte	0
 579 009e 00       		.byte	0
 580 009f 0D       		.uleb128 0xd
 581 00a0 21       		.uleb128 0x21
 582 00a1 00       		.byte	0
 583 00a2 49       		.uleb128 0x49
 584 00a3 13       		.uleb128 0x13
 585 00a4 2F       		.uleb128 0x2f
 586 00a5 0B       		.uleb128 0xb
 587 00a6 00       		.byte	0
 588 00a7 00       		.byte	0
 589 00a8 00       		.byte	0
 590              		.section	.debug_loc,"",%progbits
 591              	.Ldebug_loc0:
 592              	.LLST0:
 593 0000 00000000 		.4byte	.LFB0
 594 0004 02000000 		.4byte	.LCFI0
 595 0008 0200     		.2byte	0x2
 596 000a 7D       		.byte	0x7d
 597 000b 00       		.sleb128 0
 598 000c 02000000 		.4byte	.LCFI0
 599 0010 04000000 		.4byte	.LCFI1
 600 0014 0200     		.2byte	0x2
 601 0016 7D       		.byte	0x7d
 602 0017 08       		.sleb128 8
 603 0018 04000000 		.4byte	.LCFI1
 604 001c 06000000 		.4byte	.LCFI2
ARM GAS  C:\DOCUME~1\Chuck\LOCALS~1\Temp\cc5iu3pU.s 			page 14


 605 0020 0200     		.2byte	0x2
 606 0022 7D       		.byte	0x7d
 607 0023 18       		.sleb128 24
 608 0024 06000000 		.4byte	.LCFI2
 609 0028 18010000 		.4byte	.LFE0
 610 002c 0200     		.2byte	0x2
 611 002e 77       		.byte	0x77
 612 002f 18       		.sleb128 24
 613 0030 00000000 		.4byte	0
 614 0034 00000000 		.4byte	0
 615              		.section	.debug_aranges,"",%progbits
 616 0000 1C000000 		.4byte	0x1c
 617 0004 0200     		.2byte	0x2
 618 0006 00000000 		.4byte	.Ldebug_info0
 619 000a 04       		.byte	0x4
 620 000b 00       		.byte	0
 621 000c 0000     		.2byte	0
 622 000e 0000     		.2byte	0
 623 0010 00000000 		.4byte	.LFB0
 624 0014 18010000 		.4byte	.LFE0-.LFB0
 625 0018 00000000 		.4byte	0
 626 001c 00000000 		.4byte	0
 627              		.section	.debug_ranges,"",%progbits
 628              	.Ldebug_ranges0:
 629 0000 00000000 		.4byte	.LFB0
 630 0004 18010000 		.4byte	.LFE0
 631 0008 00000000 		.4byte	0
 632 000c 00000000 		.4byte	0
 633              		.section	.debug_line,"",%progbits
 634              	.Ldebug_line0:
 635 0000 D7000000 		.section	.debug_str,"MS",%progbits,1
 635      02009300 
 635      00000201 
 635      FB0E0D00 
 635      01010101 
 636              	.LASF30:
 637 0000 433A5C44 		.ascii	"C:\\Documents and Settings\\Chuck\\My Documents\\PS"
 637      6F63756D 
 637      656E7473 
 637      20616E64 
 637      20536574 
 638 002f 6F432043 		.ascii	"oC Creator\\RosOnAStick\\RosOnAStick.cydsn\000"
 638      72656174 
 638      6F725C52 
 638      6F734F6E 
 638      41537469 
 639              	.LASF14:
 640 0058 72656733 		.ascii	"reg32\000"
 640      3200
 641              	.LASF25:
 642 005e 524F5353 		.ascii	"ROSSerial_UART_txBufferTail\000"
 642      65726961 
 642      6C5F5541 
 642      52545F74 
 642      78427566 
 643              	.LASF3:
 644 007a 73686F72 		.ascii	"short unsigned int\000"
ARM GAS  C:\DOCUME~1\Chuck\LOCALS~1\Temp\cc5iu3pU.s 			page 15


 644      7420756E 
 644      7369676E 
 644      65642069 
 644      6E7400
 645              	.LASF31:
 646 008d 524F5353 		.ascii	"ROSSerial_UART_SPI_UART_ISR\000"
 646      65726961 
 646      6C5F5541 
 646      52545F53 
 646      50495F55 
 647              	.LASF12:
 648 00a9 646F7562 		.ascii	"double\000"
 648      6C6500
 649              	.LASF22:
 650 00b0 524F5353 		.ascii	"ROSSerial_UART_rxBufferTail\000"
 650      65726961 
 650      6C5F5541 
 650      52545F72 
 650      78427566 
 651              	.LASF17:
 652 00cc 6C6F6348 		.ascii	"locHead\000"
 652      65616400 
 653              	.LASF11:
 654 00d4 666C6F61 		.ascii	"float\000"
 654      7400
 655              	.LASF18:
 656 00da 64617461 		.ascii	"dataRx\000"
 656      527800
 657              	.LASF1:
 658 00e1 756E7369 		.ascii	"unsigned char\000"
 658      676E6564 
 658      20636861 
 658      7200
 659              	.LASF5:
 660 00ef 6C6F6E67 		.ascii	"long unsigned int\000"
 660      20756E73 
 660      69676E65 
 660      6420696E 
 660      7400
 661              	.LASF26:
 662 0101 524F5353 		.ascii	"ROSSerial_UART_rxBufferInternal\000"
 662      65726961 
 662      6C5F5541 
 662      52545F72 
 662      78427566 
 663              	.LASF9:
 664 0121 75696E74 		.ascii	"uint8\000"
 664      3800
 665              	.LASF20:
 666 0127 524F5353 		.ascii	"ROSSerial_UART_customIntrHandler\000"
 666      65726961 
 666      6C5F5541 
 666      52545F63 
 666      7573746F 
 667              	.LASF29:
 668 0148 2E5C4765 		.ascii	".\\Generated_Source\\PSoC4\\ROSSerial_UART_SPI_UART"
 668      6E657261 
ARM GAS  C:\DOCUME~1\Chuck\LOCALS~1\Temp\cc5iu3pU.s 			page 16


 668      7465645F 
 668      536F7572 
 668      63655C50 
 669 0178 5F494E54 		.ascii	"_INT.c\000"
 669      2E6300
 670              	.LASF10:
 671 017f 75696E74 		.ascii	"uint32\000"
 671      333200
 672              	.LASF23:
 673 0186 524F5353 		.ascii	"ROSSerial_UART_rxBufferOverflow\000"
 673      65726961 
 673      6C5F5541 
 673      52545F72 
 673      78427566 
 674              	.LASF8:
 675 01a6 756E7369 		.ascii	"unsigned int\000"
 675      676E6564 
 675      20696E74 
 675      00
 676              	.LASF24:
 677 01b3 524F5353 		.ascii	"ROSSerial_UART_txBufferHead\000"
 677      65726961 
 677      6C5F5541 
 677      52545F74 
 677      78427566 
 678              	.LASF7:
 679 01cf 6C6F6E67 		.ascii	"long long unsigned int\000"
 679      206C6F6E 
 679      6720756E 
 679      7369676E 
 679      65642069 
 680              	.LASF15:
 681 01e6 63796973 		.ascii	"cyisraddress\000"
 681      72616464 
 681      72657373 
 681      00
 682              	.LASF19:
 683 01f3 6C6F6354 		.ascii	"locTail\000"
 683      61696C00 
 684              	.LASF16:
 685 01fb 73697A65 		.ascii	"sizetype\000"
 685      74797065 
 685      00
 686              	.LASF6:
 687 0204 6C6F6E67 		.ascii	"long long int\000"
 687      206C6F6E 
 687      6720696E 
 687      7400
 688              	.LASF13:
 689 0212 63686172 		.ascii	"char\000"
 689      00
 690              	.LASF21:
 691 0217 524F5353 		.ascii	"ROSSerial_UART_rxBufferHead\000"
 691      65726961 
 691      6C5F5541 
 691      52545F72 
 691      78427566 
ARM GAS  C:\DOCUME~1\Chuck\LOCALS~1\Temp\cc5iu3pU.s 			page 17


 692              	.LASF2:
 693 0233 73686F72 		.ascii	"short int\000"
 693      7420696E 
 693      7400
 694              	.LASF27:
 695 023d 524F5353 		.ascii	"ROSSerial_UART_txBufferInternal\000"
 695      65726961 
 695      6C5F5541 
 695      52545F74 
 695      78427566 
 696              	.LASF28:
 697 025d 474E5520 		.ascii	"GNU C 4.7.3 20130312 (release) [ARM/embedded-4_7-br"
 697      4320342E 
 697      372E3320 
 697      32303133 
 697      30333132 
 698 0290 616E6368 		.ascii	"anch revision 196615]\000"
 698      20726576 
 698      6973696F 
 698      6E203139 
 698      36363135 
 699              	.LASF4:
 700 02a6 6C6F6E67 		.ascii	"long int\000"
 700      20696E74 
 700      00
 701              	.LASF0:
 702 02af 7369676E 		.ascii	"signed char\000"
 702      65642063 
 702      68617200 
 703              		.ident	"GCC: (GNU Tools for ARM Embedded Processors) 4.7.3 20130312 (release) [ARM/embedded-4_7-br
