ARM GAS  C:\DOCUME~1\Chuck\LOCALS~1\Temp\cciKMvp0.s 			page 1


   1              		.cpu cortex-m0
   2              		.fpu softvfp
   3              		.eabi_attribute 20, 1
   4              		.eabi_attribute 21, 1
   5              		.eabi_attribute 23, 3
   6              		.eabi_attribute 24, 1
   7              		.eabi_attribute 25, 1
   8              		.eabi_attribute 26, 1
   9              		.eabi_attribute 30, 6
  10              		.eabi_attribute 34, 0
  11              		.eabi_attribute 18, 4
  12              		.code	16
  13              		.file	"SysTimer.cpp"
  14              		.text
  15              	.Ltext0:
  16              		.cfi_sections	.debug_frame
  17              		.global	_ZN8SysTimer7millis_E
  18              		.bss
  19              		.align	2
  20              		.type	_ZN8SysTimer7millis_E, %object
  21              		.size	_ZN8SysTimer7millis_E, 4
  22              	_ZN8SysTimer7millis_E:
  23 0000 00000000 		.space	4
  24              		.section	.text._Z11SysTick_ISRv,"ax",%progbits
  25              		.align	2
  26              		.global	_Z11SysTick_ISRv
  27              		.code	16
  28              		.thumb_func
  29              		.type	_Z11SysTick_ISRv, %function
  30              	_Z11SysTick_ISRv:
  31              	.LFB105:
  32              		.file 1 ".\\ros_lib\\SysTimer.cpp"
   1:.\ros_lib/SysTimer.cpp **** /* ========================================
   2:.\ros_lib/SysTimer.cpp ****  *
   3:.\ros_lib/SysTimer.cpp ****  * The following firmware was developed by Chuck Harrison
   4:.\ros_lib/SysTimer.cpp ****  * This work is licensed under a Creative Commons Attribution 3.0 Unported License.
   5:.\ros_lib/SysTimer.cpp ****  * 
   6:.\ros_lib/SysTimer.cpp ****  * http://creativecommons.org/licenses/by/3.0/deed.en_US
   7:.\ros_lib/SysTimer.cpp ****  * 
   8:.\ros_lib/SysTimer.cpp ****  * You are free to:
   9:.\ros_lib/SysTimer.cpp ****  * -To Share — to copy, distribute and transmit the work 
  10:.\ros_lib/SysTimer.cpp ****  * -To Remix — to adapt the work 
  11:.\ros_lib/SysTimer.cpp ****  * -To make commercial use of the work
  12:.\ros_lib/SysTimer.cpp ****  *
  13:.\ros_lib/SysTimer.cpp ****  * ========================================
  14:.\ros_lib/SysTimer.cpp ****  */
  15:.\ros_lib/SysTimer.cpp **** 
  16:.\ros_lib/SysTimer.cpp **** #include "ros.h"
  17:.\ros_lib/SysTimer.cpp **** #include "SysTimer.h"
  18:.\ros_lib/SysTimer.cpp **** 
  19:.\ros_lib/SysTimer.cpp **** uint32_t SysTimer::millis_;
  20:.\ros_lib/SysTimer.cpp **** 
  21:.\ros_lib/SysTimer.cpp **** CY_ISR(SysTick_ISR)
  22:.\ros_lib/SysTimer.cpp **** {
  33              		.loc 1 22 0
  34              		.cfi_startproc
  35 0000 80B5     		push	{r7, lr}
ARM GAS  C:\DOCUME~1\Chuck\LOCALS~1\Temp\cciKMvp0.s 			page 2


  36              	.LCFI0:
  37              		.cfi_def_cfa_offset 8
  38              		.cfi_offset 7, -8
  39              		.cfi_offset 14, -4
  40 0002 00AF     		add	r7, sp, #0
  41              	.LCFI1:
  42              		.cfi_def_cfa_register 7
  23:.\ros_lib/SysTimer.cpp ****     ++SysTimer::millis_;
  43              		.loc 1 23 0
  44 0004 034B     		ldr	r3, .L2
  45 0006 1B68     		ldr	r3, [r3]
  46 0008 5A1C     		add	r2, r3, #1
  47 000a 024B     		ldr	r3, .L2
  48 000c 1A60     		str	r2, [r3]
  24:.\ros_lib/SysTimer.cpp **** } ;
  49              		.loc 1 24 0
  50 000e BD46     		mov	sp, r7
  51              		@ sp needed for prologue
  52 0010 80BD     		pop	{r7, pc}
  53              	.L3:
  54 0012 C046     		.align	2
  55              	.L2:
  56 0014 00000000 		.word	_ZN8SysTimer7millis_E
  57              		.cfi_endproc
  58              	.LFE105:
  59              		.size	_Z11SysTick_ISRv, .-_Z11SysTick_ISRv
  60              		.section	.rodata
  61              		.align	2
  62              		.type	_ZN14rosserial_msgsL12REQUESTPARAME, %object
  63              		.size	_ZN14rosserial_msgsL12REQUESTPARAME, 28
  64              	_ZN14rosserial_msgsL12REQUESTPARAME:
  65 0000 726F7373 		.ascii	"rosserial_msgs/RequestParam\000"
  65      65726961 
  65      6C5F6D73 
  65      67732F52 
  65      65717565 
  66              		.text
  67              	.Letext0:
  68              		.file 2 "./ros_lib/rosserial_msgs/RequestParam.h"
  69              		.file 3 ".\\ros_lib\\Uarts.h"
  70              		.file 4 "c:\\program files\\cypress\\psoc creator\\3.0\\psoc creator\\import\\gnu_cs\\arm\\4.7.3\\
  71              		.file 5 "./ros_lib/ros/msg.h"
  72              		.file 6 "./ros_lib/rosserial_msgs/TopicInfo.h"
  73              		.file 7 ".\\ros_lib\\SysTimer.h"
  74              		.section	.debug_info,"",%progbits
  75              	.Ldebug_info0:
  76 0000 4A010000 		.4byte	0x14a
  77 0004 0200     		.2byte	0x2
  78 0006 00000000 		.4byte	.Ldebug_abbrev0
  79 000a 04       		.byte	0x4
  80 000b 01       		.uleb128 0x1
  81 000c 87000000 		.4byte	.LASF16
  82 0010 04       		.byte	0x4
  83 0011 D8000000 		.4byte	.LASF17
  84 0015 00000000 		.4byte	.LASF18
  85 0019 00000000 		.4byte	.Ldebug_ranges0+0
  86 001d 00000000 		.4byte	0
ARM GAS  C:\DOCUME~1\Chuck\LOCALS~1\Temp\cciKMvp0.s 			page 3


  87 0021 00000000 		.4byte	0
  88 0025 00000000 		.4byte	.Ldebug_line0
  89 0029 02       		.uleb128 0x2
  90 002a 01       		.byte	0x1
  91 002b 06       		.byte	0x6
  92 002c F6010000 		.4byte	.LASF0
  93 0030 02       		.uleb128 0x2
  94 0031 01       		.byte	0x1
  95 0032 08       		.byte	0x8
  96 0033 30010000 		.4byte	.LASF1
  97 0037 02       		.uleb128 0x2
  98 0038 02       		.byte	0x2
  99 0039 05       		.byte	0x5
 100 003a AC010000 		.4byte	.LASF2
 101 003e 02       		.uleb128 0x2
 102 003f 02       		.byte	0x2
 103 0040 07       		.byte	0x7
 104 0041 10010000 		.4byte	.LASF3
 105 0045 02       		.uleb128 0x2
 106 0046 04       		.byte	0x4
 107 0047 05       		.byte	0x5
 108 0048 DB010000 		.4byte	.LASF4
 109 004c 03       		.uleb128 0x3
 110 004d D2010000 		.4byte	.LASF19
 111 0051 04       		.byte	0x4
 112 0052 50       		.byte	0x50
 113 0053 57000000 		.4byte	0x57
 114 0057 02       		.uleb128 0x2
 115 0058 04       		.byte	0x4
 116 0059 07       		.byte	0x7
 117 005a FE000000 		.4byte	.LASF5
 118 005e 02       		.uleb128 0x2
 119 005f 08       		.byte	0x8
 120 0060 05       		.byte	0x5
 121 0061 99010000 		.4byte	.LASF6
 122 0065 02       		.uleb128 0x2
 123 0066 08       		.byte	0x8
 124 0067 07       		.byte	0x7
 125 0068 6C010000 		.4byte	.LASF7
 126 006c 04       		.uleb128 0x4
 127 006d 04       		.byte	0x4
 128 006e 05       		.byte	0x5
 129 006f 696E7400 		.ascii	"int\000"
 130 0073 02       		.uleb128 0x2
 131 0074 04       		.byte	0x4
 132 0075 07       		.byte	0x7
 133 0076 5F010000 		.4byte	.LASF8
 134 007a 02       		.uleb128 0x2
 135 007b 04       		.byte	0x4
 136 007c 07       		.byte	0x7
 137 007d 83010000 		.4byte	.LASF9
 138 0081 02       		.uleb128 0x2
 139 0082 01       		.byte	0x1
 140 0083 08       		.byte	0x8
 141 0084 A7010000 		.4byte	.LASF10
 142 0088 02       		.uleb128 0x2
 143 0089 08       		.byte	0x8
ARM GAS  C:\DOCUME~1\Chuck\LOCALS~1\Temp\cciKMvp0.s 			page 4


 144 008a 04       		.byte	0x4
 145 008b 4F010000 		.4byte	.LASF11
 146 008f 02       		.uleb128 0x2
 147 0090 04       		.byte	0x4
 148 0091 04       		.byte	0x4
 149 0092 D2000000 		.4byte	.LASF12
 150 0096 02       		.uleb128 0x2
 151 0097 08       		.byte	0x8
 152 0098 04       		.byte	0x4
 153 0099 E4010000 		.4byte	.LASF13
 154 009d 05       		.uleb128 0x5
 155 009e 726F7300 		.ascii	"ros\000"
 156 00a2 05       		.byte	0x5
 157 00a3 26       		.byte	0x26
 158 00a4 06       		.uleb128 0x6
 159 00a5 EF000000 		.4byte	.LASF20
 160 00a9 06       		.byte	0x6
 161 00aa 0A       		.byte	0xa
 162 00ab D6000000 		.4byte	0xd6
 163 00af 07       		.uleb128 0x7
 164 00b0 02020000 		.4byte	.LASF21
 165 00b4 01       		.byte	0x1
 166 00b5 C5000000 		.4byte	0xc5
 167 00b9 08       		.uleb128 0x8
 168 00ba 01       		.byte	0x1
 169 00bb 06       		.byte	0x6
 170 00bc 14       		.byte	0x14
 171 00bd 09       		.uleb128 0x9
 172 00be 8C010000 		.4byte	.LASF22
 173 00c2 00       		.sleb128 0
 174 00c3 00       		.byte	0
 175 00c4 00       		.byte	0
 176 00c5 0A       		.uleb128 0xa
 177 00c6 23010000 		.4byte	.LASF14
 178 00ca 02       		.byte	0x2
 179 00cb 0B       		.byte	0xb
 180 00cc 2C010000 		.4byte	0x12c
 181 00d0 01       		.byte	0x1
 182 00d1 B6010000 		.4byte	.LASF23
 183 00d5 00       		.byte	0
 184 00d6 0B       		.uleb128 0xb
 185 00d7 56010000 		.4byte	.LASF24
 186 00db 01       		.byte	0x1
 187 00dc 07       		.byte	0x7
 188 00dd 23       		.byte	0x23
 189 00de F0000000 		.4byte	0xf0
 190 00e2 0C       		.uleb128 0xc
 191 00e3 58000000 		.4byte	.LASF25
 192 00e7 07       		.byte	0x7
 193 00e8 2F       		.byte	0x2f
 194 00e9 4C000000 		.4byte	0x4c
 195 00ed 01       		.byte	0x1
 196 00ee 01       		.byte	0x1
 197 00ef 00       		.byte	0
 198 00f0 0D       		.uleb128 0xd
 199 00f1 01       		.byte	0x1
 200 00f2 76000000 		.4byte	.LASF26
ARM GAS  C:\DOCUME~1\Chuck\LOCALS~1\Temp\cciKMvp0.s 			page 5


 201 00f6 01       		.byte	0x1
 202 00f7 15       		.byte	0x15
 203 00f8 3E010000 		.4byte	.LASF27
 204 00fc 00000000 		.4byte	.LFB105
 205 0100 18000000 		.4byte	.LFE105
 206 0104 00000000 		.4byte	.LLST0
 207 0108 01       		.byte	0x1
 208 0109 0E       		.uleb128 0xe
 209 010a 82000000 		.4byte	.LASF28
 210 010e 01       		.byte	0x1
 211 010f 0F       		.uleb128 0xf
 212 0110 F0010000 		.4byte	.LASF15
 213 0114 03       		.byte	0x3
 214 0115 1D       		.byte	0x1d
 215 0116 09010000 		.4byte	0x109
 216 011a 01       		.byte	0x1
 217 011b 01       		.byte	0x1
 218 011c 10       		.uleb128 0x10
 219 011d 81000000 		.4byte	0x81
 220 0121 2C010000 		.4byte	0x12c
 221 0125 11       		.uleb128 0x11
 222 0126 7A000000 		.4byte	0x7a
 223 012a 1B       		.byte	0x1b
 224 012b 00       		.byte	0
 225 012c 12       		.uleb128 0x12
 226 012d 1C010000 		.4byte	0x11c
 227 0131 13       		.uleb128 0x13
 228 0132 C5000000 		.4byte	0xc5
 229 0136 05       		.byte	0x5
 230 0137 03       		.byte	0x3
 231 0138 00000000 		.4byte	_ZN14rosserial_msgsL12REQUESTPARAME
 232 013c 14       		.uleb128 0x14
 233 013d E2000000 		.4byte	0xe2
 234 0141 01       		.byte	0x1
 235 0142 13       		.byte	0x13
 236 0143 60000000 		.4byte	.LASF29
 237 0147 05       		.byte	0x5
 238 0148 03       		.byte	0x3
 239 0149 00000000 		.4byte	_ZN8SysTimer7millis_E
 240 014d 00       		.byte	0
 241              		.section	.debug_abbrev,"",%progbits
 242              	.Ldebug_abbrev0:
 243 0000 01       		.uleb128 0x1
 244 0001 11       		.uleb128 0x11
 245 0002 01       		.byte	0x1
 246 0003 25       		.uleb128 0x25
 247 0004 0E       		.uleb128 0xe
 248 0005 13       		.uleb128 0x13
 249 0006 0B       		.uleb128 0xb
 250 0007 03       		.uleb128 0x3
 251 0008 0E       		.uleb128 0xe
 252 0009 1B       		.uleb128 0x1b
 253 000a 0E       		.uleb128 0xe
 254 000b 55       		.uleb128 0x55
 255 000c 06       		.uleb128 0x6
 256 000d 11       		.uleb128 0x11
 257 000e 01       		.uleb128 0x1
ARM GAS  C:\DOCUME~1\Chuck\LOCALS~1\Temp\cciKMvp0.s 			page 6


 258 000f 52       		.uleb128 0x52
 259 0010 01       		.uleb128 0x1
 260 0011 10       		.uleb128 0x10
 261 0012 06       		.uleb128 0x6
 262 0013 00       		.byte	0
 263 0014 00       		.byte	0
 264 0015 02       		.uleb128 0x2
 265 0016 24       		.uleb128 0x24
 266 0017 00       		.byte	0
 267 0018 0B       		.uleb128 0xb
 268 0019 0B       		.uleb128 0xb
 269 001a 3E       		.uleb128 0x3e
 270 001b 0B       		.uleb128 0xb
 271 001c 03       		.uleb128 0x3
 272 001d 0E       		.uleb128 0xe
 273 001e 00       		.byte	0
 274 001f 00       		.byte	0
 275 0020 03       		.uleb128 0x3
 276 0021 16       		.uleb128 0x16
 277 0022 00       		.byte	0
 278 0023 03       		.uleb128 0x3
 279 0024 0E       		.uleb128 0xe
 280 0025 3A       		.uleb128 0x3a
 281 0026 0B       		.uleb128 0xb
 282 0027 3B       		.uleb128 0x3b
 283 0028 0B       		.uleb128 0xb
 284 0029 49       		.uleb128 0x49
 285 002a 13       		.uleb128 0x13
 286 002b 00       		.byte	0
 287 002c 00       		.byte	0
 288 002d 04       		.uleb128 0x4
 289 002e 24       		.uleb128 0x24
 290 002f 00       		.byte	0
 291 0030 0B       		.uleb128 0xb
 292 0031 0B       		.uleb128 0xb
 293 0032 3E       		.uleb128 0x3e
 294 0033 0B       		.uleb128 0xb
 295 0034 03       		.uleb128 0x3
 296 0035 08       		.uleb128 0x8
 297 0036 00       		.byte	0
 298 0037 00       		.byte	0
 299 0038 05       		.uleb128 0x5
 300 0039 39       		.uleb128 0x39
 301 003a 00       		.byte	0
 302 003b 03       		.uleb128 0x3
 303 003c 08       		.uleb128 0x8
 304 003d 3A       		.uleb128 0x3a
 305 003e 0B       		.uleb128 0xb
 306 003f 3B       		.uleb128 0x3b
 307 0040 0B       		.uleb128 0xb
 308 0041 00       		.byte	0
 309 0042 00       		.byte	0
 310 0043 06       		.uleb128 0x6
 311 0044 39       		.uleb128 0x39
 312 0045 01       		.byte	0x1
 313 0046 03       		.uleb128 0x3
 314 0047 0E       		.uleb128 0xe
ARM GAS  C:\DOCUME~1\Chuck\LOCALS~1\Temp\cciKMvp0.s 			page 7


 315 0048 3A       		.uleb128 0x3a
 316 0049 0B       		.uleb128 0xb
 317 004a 3B       		.uleb128 0x3b
 318 004b 0B       		.uleb128 0xb
 319 004c 01       		.uleb128 0x1
 320 004d 13       		.uleb128 0x13
 321 004e 00       		.byte	0
 322 004f 00       		.byte	0
 323 0050 07       		.uleb128 0x7
 324 0051 02       		.uleb128 0x2
 325 0052 01       		.byte	0x1
 326 0053 03       		.uleb128 0x3
 327 0054 0E       		.uleb128 0xe
 328 0055 3C       		.uleb128 0x3c
 329 0056 0C       		.uleb128 0xc
 330 0057 01       		.uleb128 0x1
 331 0058 13       		.uleb128 0x13
 332 0059 00       		.byte	0
 333 005a 00       		.byte	0
 334 005b 08       		.uleb128 0x8
 335 005c 04       		.uleb128 0x4
 336 005d 01       		.byte	0x1
 337 005e 0B       		.uleb128 0xb
 338 005f 0B       		.uleb128 0xb
 339 0060 3A       		.uleb128 0x3a
 340 0061 0B       		.uleb128 0xb
 341 0062 3B       		.uleb128 0x3b
 342 0063 0B       		.uleb128 0xb
 343 0064 00       		.byte	0
 344 0065 00       		.byte	0
 345 0066 09       		.uleb128 0x9
 346 0067 28       		.uleb128 0x28
 347 0068 00       		.byte	0
 348 0069 03       		.uleb128 0x3
 349 006a 0E       		.uleb128 0xe
 350 006b 1C       		.uleb128 0x1c
 351 006c 0D       		.uleb128 0xd
 352 006d 00       		.byte	0
 353 006e 00       		.byte	0
 354 006f 0A       		.uleb128 0xa
 355 0070 34       		.uleb128 0x34
 356 0071 00       		.byte	0
 357 0072 03       		.uleb128 0x3
 358 0073 0E       		.uleb128 0xe
 359 0074 3A       		.uleb128 0x3a
 360 0075 0B       		.uleb128 0xb
 361 0076 3B       		.uleb128 0x3b
 362 0077 0B       		.uleb128 0xb
 363 0078 49       		.uleb128 0x49
 364 0079 13       		.uleb128 0x13
 365 007a 3C       		.uleb128 0x3c
 366 007b 0C       		.uleb128 0xc
 367 007c 1C       		.uleb128 0x1c
 368 007d 0E       		.uleb128 0xe
 369 007e 00       		.byte	0
 370 007f 00       		.byte	0
 371 0080 0B       		.uleb128 0xb
ARM GAS  C:\DOCUME~1\Chuck\LOCALS~1\Temp\cciKMvp0.s 			page 8


 372 0081 02       		.uleb128 0x2
 373 0082 01       		.byte	0x1
 374 0083 03       		.uleb128 0x3
 375 0084 0E       		.uleb128 0xe
 376 0085 0B       		.uleb128 0xb
 377 0086 0B       		.uleb128 0xb
 378 0087 3A       		.uleb128 0x3a
 379 0088 0B       		.uleb128 0xb
 380 0089 3B       		.uleb128 0x3b
 381 008a 0B       		.uleb128 0xb
 382 008b 01       		.uleb128 0x1
 383 008c 13       		.uleb128 0x13
 384 008d 00       		.byte	0
 385 008e 00       		.byte	0
 386 008f 0C       		.uleb128 0xc
 387 0090 0D       		.uleb128 0xd
 388 0091 00       		.byte	0
 389 0092 03       		.uleb128 0x3
 390 0093 0E       		.uleb128 0xe
 391 0094 3A       		.uleb128 0x3a
 392 0095 0B       		.uleb128 0xb
 393 0096 3B       		.uleb128 0x3b
 394 0097 0B       		.uleb128 0xb
 395 0098 49       		.uleb128 0x49
 396 0099 13       		.uleb128 0x13
 397 009a 3F       		.uleb128 0x3f
 398 009b 0C       		.uleb128 0xc
 399 009c 3C       		.uleb128 0x3c
 400 009d 0C       		.uleb128 0xc
 401 009e 00       		.byte	0
 402 009f 00       		.byte	0
 403 00a0 0D       		.uleb128 0xd
 404 00a1 2E       		.uleb128 0x2e
 405 00a2 00       		.byte	0
 406 00a3 3F       		.uleb128 0x3f
 407 00a4 0C       		.uleb128 0xc
 408 00a5 03       		.uleb128 0x3
 409 00a6 0E       		.uleb128 0xe
 410 00a7 3A       		.uleb128 0x3a
 411 00a8 0B       		.uleb128 0xb
 412 00a9 3B       		.uleb128 0x3b
 413 00aa 0B       		.uleb128 0xb
 414 00ab 8740     		.uleb128 0x2007
 415 00ad 0E       		.uleb128 0xe
 416 00ae 11       		.uleb128 0x11
 417 00af 01       		.uleb128 0x1
 418 00b0 12       		.uleb128 0x12
 419 00b1 01       		.uleb128 0x1
 420 00b2 40       		.uleb128 0x40
 421 00b3 06       		.uleb128 0x6
 422 00b4 9742     		.uleb128 0x2117
 423 00b6 0C       		.uleb128 0xc
 424 00b7 00       		.byte	0
 425 00b8 00       		.byte	0
 426 00b9 0E       		.uleb128 0xe
 427 00ba 02       		.uleb128 0x2
 428 00bb 00       		.byte	0
ARM GAS  C:\DOCUME~1\Chuck\LOCALS~1\Temp\cciKMvp0.s 			page 9


 429 00bc 03       		.uleb128 0x3
 430 00bd 0E       		.uleb128 0xe
 431 00be 3C       		.uleb128 0x3c
 432 00bf 0C       		.uleb128 0xc
 433 00c0 00       		.byte	0
 434 00c1 00       		.byte	0
 435 00c2 0F       		.uleb128 0xf
 436 00c3 34       		.uleb128 0x34
 437 00c4 00       		.byte	0
 438 00c5 03       		.uleb128 0x3
 439 00c6 0E       		.uleb128 0xe
 440 00c7 3A       		.uleb128 0x3a
 441 00c8 0B       		.uleb128 0xb
 442 00c9 3B       		.uleb128 0x3b
 443 00ca 0B       		.uleb128 0xb
 444 00cb 49       		.uleb128 0x49
 445 00cc 13       		.uleb128 0x13
 446 00cd 3F       		.uleb128 0x3f
 447 00ce 0C       		.uleb128 0xc
 448 00cf 3C       		.uleb128 0x3c
 449 00d0 0C       		.uleb128 0xc
 450 00d1 00       		.byte	0
 451 00d2 00       		.byte	0
 452 00d3 10       		.uleb128 0x10
 453 00d4 01       		.uleb128 0x1
 454 00d5 01       		.byte	0x1
 455 00d6 49       		.uleb128 0x49
 456 00d7 13       		.uleb128 0x13
 457 00d8 01       		.uleb128 0x1
 458 00d9 13       		.uleb128 0x13
 459 00da 00       		.byte	0
 460 00db 00       		.byte	0
 461 00dc 11       		.uleb128 0x11
 462 00dd 21       		.uleb128 0x21
 463 00de 00       		.byte	0
 464 00df 49       		.uleb128 0x49
 465 00e0 13       		.uleb128 0x13
 466 00e1 2F       		.uleb128 0x2f
 467 00e2 0B       		.uleb128 0xb
 468 00e3 00       		.byte	0
 469 00e4 00       		.byte	0
 470 00e5 12       		.uleb128 0x12
 471 00e6 26       		.uleb128 0x26
 472 00e7 00       		.byte	0
 473 00e8 49       		.uleb128 0x49
 474 00e9 13       		.uleb128 0x13
 475 00ea 00       		.byte	0
 476 00eb 00       		.byte	0
 477 00ec 13       		.uleb128 0x13
 478 00ed 34       		.uleb128 0x34
 479 00ee 00       		.byte	0
 480 00ef 47       		.uleb128 0x47
 481 00f0 13       		.uleb128 0x13
 482 00f1 02       		.uleb128 0x2
 483 00f2 0A       		.uleb128 0xa
 484 00f3 00       		.byte	0
 485 00f4 00       		.byte	0
ARM GAS  C:\DOCUME~1\Chuck\LOCALS~1\Temp\cciKMvp0.s 			page 10


 486 00f5 14       		.uleb128 0x14
 487 00f6 34       		.uleb128 0x34
 488 00f7 00       		.byte	0
 489 00f8 47       		.uleb128 0x47
 490 00f9 13       		.uleb128 0x13
 491 00fa 3A       		.uleb128 0x3a
 492 00fb 0B       		.uleb128 0xb
 493 00fc 3B       		.uleb128 0x3b
 494 00fd 0B       		.uleb128 0xb
 495 00fe 8740     		.uleb128 0x2007
 496 0100 0E       		.uleb128 0xe
 497 0101 02       		.uleb128 0x2
 498 0102 0A       		.uleb128 0xa
 499 0103 00       		.byte	0
 500 0104 00       		.byte	0
 501 0105 00       		.byte	0
 502              		.section	.debug_loc,"",%progbits
 503              	.Ldebug_loc0:
 504              	.LLST0:
 505 0000 00000000 		.4byte	.LFB105
 506 0004 02000000 		.4byte	.LCFI0
 507 0008 0200     		.2byte	0x2
 508 000a 7D       		.byte	0x7d
 509 000b 00       		.sleb128 0
 510 000c 02000000 		.4byte	.LCFI0
 511 0010 04000000 		.4byte	.LCFI1
 512 0014 0200     		.2byte	0x2
 513 0016 7D       		.byte	0x7d
 514 0017 08       		.sleb128 8
 515 0018 04000000 		.4byte	.LCFI1
 516 001c 18000000 		.4byte	.LFE105
 517 0020 0200     		.2byte	0x2
 518 0022 77       		.byte	0x77
 519 0023 08       		.sleb128 8
 520 0024 00000000 		.4byte	0
 521 0028 00000000 		.4byte	0
 522              		.section	.debug_aranges,"",%progbits
 523 0000 1C000000 		.4byte	0x1c
 524 0004 0200     		.2byte	0x2
 525 0006 00000000 		.4byte	.Ldebug_info0
 526 000a 04       		.byte	0x4
 527 000b 00       		.byte	0
 528 000c 0000     		.2byte	0
 529 000e 0000     		.2byte	0
 530 0010 00000000 		.4byte	.LFB105
 531 0014 18000000 		.4byte	.LFE105-.LFB105
 532 0018 00000000 		.4byte	0
 533 001c 00000000 		.4byte	0
 534              		.section	.debug_ranges,"",%progbits
 535              	.Ldebug_ranges0:
 536 0000 00000000 		.4byte	.LFB105
 537 0004 18000000 		.4byte	.LFE105
 538 0008 00000000 		.4byte	0
 539 000c 00000000 		.4byte	0
 540              		.section	.debug_line,"",%progbits
 541              	.Ldebug_line0:
 542 0000 4E010000 		.section	.debug_str,"MS",%progbits,1
ARM GAS  C:\DOCUME~1\Chuck\LOCALS~1\Temp\cciKMvp0.s 			page 11


 542      02003701 
 542      00000201 
 542      FB0E0D00 
 542      01010101 
 543              	.LASF18:
 544 0000 433A5C44 		.ascii	"C:\\Documents and Settings\\Chuck\\My Documents\\PS"
 544      6F63756D 
 544      656E7473 
 544      20616E64 
 544      20536574 
 545 002f 6F432043 		.ascii	"oC Creator\\RosOnAStick\\RosOnAStick.cydsn\000"
 545      72656174 
 545      6F725C52 
 545      6F734F6E 
 545      41537469 
 546              	.LASF25:
 547 0058 6D696C6C 		.ascii	"millis_\000"
 547      69735F00 
 548              	.LASF29:
 549 0060 5F5A4E38 		.ascii	"_ZN8SysTimer7millis_E\000"
 549      53797354 
 549      696D6572 
 549      376D696C 
 549      6C69735F 
 550              	.LASF26:
 551 0076 53797354 		.ascii	"SysTick_ISR\000"
 551      69636B5F 
 551      49535200 
 552              	.LASF28:
 553 0082 55617274 		.ascii	"Uart\000"
 553      00
 554              	.LASF16:
 555 0087 474E5520 		.ascii	"GNU C++ 4.7.3 20130312 (release) [ARM/embedded-4_7-"
 555      432B2B20 
 555      342E372E 
 555      33203230 
 555      31333033 
 556 00ba 6272616E 		.ascii	"branch revision 196615]\000"
 556      63682072 
 556      65766973 
 556      696F6E20 
 556      31393636 
 557              	.LASF12:
 558 00d2 666C6F61 		.ascii	"float\000"
 558      7400
 559              	.LASF17:
 560 00d8 2E5C726F 		.ascii	".\\ros_lib\\SysTimer.cpp\000"
 560      735F6C69 
 560      625C5379 
 560      7354696D 
 560      65722E63 
 561              	.LASF20:
 562 00ef 726F7373 		.ascii	"rosserial_msgs\000"
 562      65726961 
 562      6C5F6D73 
 562      677300
 563              	.LASF5:
ARM GAS  C:\DOCUME~1\Chuck\LOCALS~1\Temp\cciKMvp0.s 			page 12


 564 00fe 6C6F6E67 		.ascii	"long unsigned int\000"
 564      20756E73 
 564      69676E65 
 564      6420696E 
 564      7400
 565              	.LASF3:
 566 0110 73686F72 		.ascii	"short unsigned int\000"
 566      7420756E 
 566      7369676E 
 566      65642069 
 566      6E7400
 567              	.LASF14:
 568 0123 52455155 		.ascii	"REQUESTPARAM\000"
 568      45535450 
 568      4152414D 
 568      00
 569              	.LASF1:
 570 0130 756E7369 		.ascii	"unsigned char\000"
 570      676E6564 
 570      20636861 
 570      7200
 571              	.LASF27:
 572 013e 5F5A3131 		.ascii	"_Z11SysTick_ISRv\000"
 572      53797354 
 572      69636B5F 
 572      49535276 
 572      00
 573              	.LASF11:
 574 014f 646F7562 		.ascii	"double\000"
 574      6C6500
 575              	.LASF24:
 576 0156 53797354 		.ascii	"SysTimer\000"
 576      696D6572 
 576      00
 577              	.LASF8:
 578 015f 756E7369 		.ascii	"unsigned int\000"
 578      676E6564 
 578      20696E74 
 578      00
 579              	.LASF7:
 580 016c 6C6F6E67 		.ascii	"long long unsigned int\000"
 580      206C6F6E 
 580      6720756E 
 580      7369676E 
 580      65642069 
 581              	.LASF9:
 582 0183 73697A65 		.ascii	"sizetype\000"
 582      74797065 
 582      00
 583              	.LASF22:
 584 018c 49445F50 		.ascii	"ID_PUBLISHER\000"
 584      55424C49 
 584      53484552 
 584      00
 585              	.LASF6:
 586 0199 6C6F6E67 		.ascii	"long long int\000"
 586      206C6F6E 
ARM GAS  C:\DOCUME~1\Chuck\LOCALS~1\Temp\cciKMvp0.s 			page 13


 586      6720696E 
 586      7400
 587              	.LASF10:
 588 01a7 63686172 		.ascii	"char\000"
 588      00
 589              	.LASF2:
 590 01ac 73686F72 		.ascii	"short int\000"
 590      7420696E 
 590      7400
 591              	.LASF23:
 592 01b6 726F7373 		.ascii	"rosserial_msgs/RequestParam\000"
 592      65726961 
 592      6C5F6D73 
 592      67732F52 
 592      65717565 
 593              	.LASF19:
 594 01d2 75696E74 		.ascii	"uint32_t\000"
 594      33325F74 
 594      00
 595              	.LASF4:
 596 01db 6C6F6E67 		.ascii	"long int\000"
 596      20696E74 
 596      00
 597              	.LASF13:
 598 01e4 6C6F6E67 		.ascii	"long double\000"
 598      20646F75 
 598      626C6500 
 599              	.LASF15:
 600 01f0 55617274 		.ascii	"Uart0\000"
 600      3000
 601              	.LASF0:
 602 01f6 7369676E 		.ascii	"signed char\000"
 602      65642063 
 602      68617200 
 603              	.LASF21:
 604 0202 546F7069 		.ascii	"TopicInfo\000"
 604      63496E66 
 604      6F00
 605              		.ident	"GCC: (GNU Tools for ARM Embedded Processors) 4.7.3 20130312 (release) [ARM/embedded-4_7-br
