ARM GAS  C:\DOCUME~1\Chuck\LOCALS~1\Temp\ccG8Zy4e.s 			page 1


   1              		.cpu cortex-m0
   2              		.fpu softvfp
   3              		.eabi_attribute 20, 1
   4              		.eabi_attribute 21, 1
   5              		.eabi_attribute 23, 3
   6              		.eabi_attribute 24, 1
   7              		.eabi_attribute 25, 1
   8              		.eabi_attribute 26, 1
   9              		.eabi_attribute 30, 6
  10              		.eabi_attribute 34, 0
  11              		.eabi_attribute 18, 4
  12              		.code	16
  13              		.file	"time.cpp"
  14              		.text
  15              	.Ltext0:
  16              		.cfi_sections	.debug_frame
  17              		.global	__aeabi_uidivmod
  18              		.global	__aeabi_uidiv
  19              		.section	.text._ZN3ros16normalizeSecNSecERmS0_,"ax",%progbits
  20              		.align	2
  21              		.global	_ZN3ros16normalizeSecNSecERmS0_
  22              		.code	16
  23              		.thumb_func
  24              		.type	_ZN3ros16normalizeSecNSecERmS0_, %function
  25              	_ZN3ros16normalizeSecNSecERmS0_:
  26              	.LFB105:
  27              		.file 1 ".\\ros_lib\\time.cpp"
   1:.\ros_lib/time.cpp **** /* 
   2:.\ros_lib/time.cpp ****  * Software License Agreement (BSD License)
   3:.\ros_lib/time.cpp ****  *
   4:.\ros_lib/time.cpp ****  * Copyright (c) 2011, Willow Garage, Inc.
   5:.\ros_lib/time.cpp ****  * All rights reserved.
   6:.\ros_lib/time.cpp ****  *
   7:.\ros_lib/time.cpp ****  * Redistribution and use in source and binary forms, with or without
   8:.\ros_lib/time.cpp ****  * modification, are permitted provided that the following conditions
   9:.\ros_lib/time.cpp ****  * are met:
  10:.\ros_lib/time.cpp ****  *
  11:.\ros_lib/time.cpp ****  *  * Redistributions of source code must retain the above copyright
  12:.\ros_lib/time.cpp ****  *    notice, this list of conditions and the following disclaimer.
  13:.\ros_lib/time.cpp ****  *  * Redistributions in binary form must reproduce the above
  14:.\ros_lib/time.cpp ****  *    copyright notice, this list of conditions and the following
  15:.\ros_lib/time.cpp ****  *    disclaimer in the documentation and/or other materials provided
  16:.\ros_lib/time.cpp ****  *    with the distribution.
  17:.\ros_lib/time.cpp ****  *  * Neither the name of Willow Garage, Inc. nor the names of its
  18:.\ros_lib/time.cpp ****  *    contributors may be used to endorse or promote prducts derived
  19:.\ros_lib/time.cpp ****  *    from this software without specific prior written permission.
  20:.\ros_lib/time.cpp ****  *
  21:.\ros_lib/time.cpp ****  * THIS SOFTWARE IS PROVIDED BY THE COPYRIGHT HOLDERS AND CONTRIBUTORS
  22:.\ros_lib/time.cpp ****  * "AS IS" AND ANY EXPRESS OR IMPLIED WARRANTIES, INCLUDING, BUT NOT
  23:.\ros_lib/time.cpp ****  * LIMITED TO, THE IMPLIED WARRANTIES OF MERCHANTABILITY AND FITNESS
  24:.\ros_lib/time.cpp ****  * FOR A PARTICULAR PURPOSE ARE DISCLAIMED. IN NO EVENT SHALL THE
  25:.\ros_lib/time.cpp ****  * COPYRIGHT OWNER OR CONTRIBUTORS BE LIABLE FOR ANY DIRECT, INDIRECT,
  26:.\ros_lib/time.cpp ****  * INCIDENTAL, SPECIAL, EXEMPLARY, OR CONSEQUENTIAL DAMAGES (INCLUDING,
  27:.\ros_lib/time.cpp ****  * BUT NOT LIMITED TO, PROCUREMENT OF SUBSTITUTE GOODS OR SERVICES;
  28:.\ros_lib/time.cpp ****  * LOSS OF USE, DATA, OR PROFITS; OR BUSINESS INTERRUPTION) HOWEVER
  29:.\ros_lib/time.cpp ****  * CAUSED AND ON ANY THEORY OF LIABILITY, WHETHER IN CONTRACT, STRICT
  30:.\ros_lib/time.cpp ****  * LIABILITY, OR TORT (INCLUDING NEGLIGENCE OR OTHERWISE) ARISING IN
ARM GAS  C:\DOCUME~1\Chuck\LOCALS~1\Temp\ccG8Zy4e.s 			page 2


  31:.\ros_lib/time.cpp ****  * ANY WAY OUT OF THE USE OF THIS SOFTWARE, EVEN IF ADVISED OF THE
  32:.\ros_lib/time.cpp ****  * POSSIBILITY OF SUCH DAMAGE.
  33:.\ros_lib/time.cpp ****  */
  34:.\ros_lib/time.cpp **** 
  35:.\ros_lib/time.cpp **** #include "ros.h"
  36:.\ros_lib/time.cpp **** #include "ros/time.h"
  37:.\ros_lib/time.cpp **** 
  38:.\ros_lib/time.cpp **** namespace ros
  39:.\ros_lib/time.cpp **** {
  40:.\ros_lib/time.cpp ****   void normalizeSecNSec(unsigned long& sec, unsigned long& nsec){
  28              		.loc 1 40 0
  29              		.cfi_startproc
  30 0000 80B5     		push	{r7, lr}
  31              	.LCFI0:
  32              		.cfi_def_cfa_offset 8
  33              		.cfi_offset 7, -8
  34              		.cfi_offset 14, -4
  35 0002 84B0     		sub	sp, sp, #16
  36              	.LCFI1:
  37              		.cfi_def_cfa_offset 24
  38 0004 00AF     		add	r7, sp, #0
  39              	.LCFI2:
  40              		.cfi_def_cfa_register 7
  41 0006 7860     		str	r0, [r7, #4]
  42 0008 3960     		str	r1, [r7]
  43              	.LBB2:
  41:.\ros_lib/time.cpp ****     unsigned long nsec_part= nsec % 1000000000UL;
  44              		.loc 1 41 0
  45 000a 3B68     		ldr	r3, [r7]
  46 000c 1B68     		ldr	r3, [r3]
  47 000e 181C     		mov	r0, r3
  48 0010 0C49     		ldr	r1, .L2
  49 0012 FFF7FEFF 		bl	__aeabi_uidivmod
  50 0016 0B1C     		mov	r3, r1
  51 0018 FB60     		str	r3, [r7, #12]
  42:.\ros_lib/time.cpp ****     unsigned long sec_part = nsec / 1000000000UL;
  52              		.loc 1 42 0
  53 001a 3B68     		ldr	r3, [r7]
  54 001c 1B68     		ldr	r3, [r3]
  55 001e 181C     		mov	r0, r3
  56 0020 0849     		ldr	r1, .L2
  57 0022 FFF7FEFF 		bl	__aeabi_uidiv
  58 0026 031C     		mov	r3, r0
  59 0028 BB60     		str	r3, [r7, #8]
  43:.\ros_lib/time.cpp ****     sec += sec_part;
  60              		.loc 1 43 0
  61 002a 7B68     		ldr	r3, [r7, #4]
  62 002c 1A68     		ldr	r2, [r3]
  63 002e BB68     		ldr	r3, [r7, #8]
  64 0030 D218     		add	r2, r2, r3
  65 0032 7B68     		ldr	r3, [r7, #4]
  66 0034 1A60     		str	r2, [r3]
  44:.\ros_lib/time.cpp ****     nsec = nsec_part;
  67              		.loc 1 44 0
  68 0036 3B68     		ldr	r3, [r7]
  69 0038 FA68     		ldr	r2, [r7, #12]
  70 003a 1A60     		str	r2, [r3]
ARM GAS  C:\DOCUME~1\Chuck\LOCALS~1\Temp\ccG8Zy4e.s 			page 3


  71              	.LBE2:
  45:.\ros_lib/time.cpp ****   }
  72              		.loc 1 45 0
  73 003c BD46     		mov	sp, r7
  74 003e 04B0     		add	sp, sp, #16
  75              		@ sp needed for prologue
  76 0040 80BD     		pop	{r7, pc}
  77              	.L3:
  78 0042 C046     		.align	2
  79              	.L2:
  80 0044 00CA9A3B 		.word	1000000000
  81              		.cfi_endproc
  82              	.LFE105:
  83              		.size	_ZN3ros16normalizeSecNSecERmS0_, .-_ZN3ros16normalizeSecNSecERmS0_
  84              		.global	__aeabi_idiv
  85              		.global	__aeabi_idivmod
  86              		.section	.text._ZN3ros4Time8fromNSecEl,"ax",%progbits
  87              		.align	2
  88              		.global	_ZN3ros4Time8fromNSecEl
  89              		.code	16
  90              		.thumb_func
  91              		.type	_ZN3ros4Time8fromNSecEl, %function
  92              	_ZN3ros4Time8fromNSecEl:
  93              	.LFB106:
  46:.\ros_lib/time.cpp **** 
  47:.\ros_lib/time.cpp ****   Time& Time::fromNSec(long t)
  48:.\ros_lib/time.cpp ****   {
  94              		.loc 1 48 0
  95              		.cfi_startproc
  96 0000 80B5     		push	{r7, lr}
  97              	.LCFI3:
  98              		.cfi_def_cfa_offset 8
  99              		.cfi_offset 7, -8
 100              		.cfi_offset 14, -4
 101 0002 82B0     		sub	sp, sp, #8
 102              	.LCFI4:
 103              		.cfi_def_cfa_offset 16
 104 0004 00AF     		add	r7, sp, #0
 105              	.LCFI5:
 106              		.cfi_def_cfa_register 7
 107 0006 7860     		str	r0, [r7, #4]
 108 0008 3960     		str	r1, [r7]
  49:.\ros_lib/time.cpp ****     sec = t / 1000000000;
 109              		.loc 1 49 0
 110 000a 3B68     		ldr	r3, [r7]
 111 000c 181C     		mov	r0, r3
 112 000e 0E49     		ldr	r1, .L6
 113 0010 FFF7FEFF 		bl	__aeabi_idiv
 114 0014 031C     		mov	r3, r0
 115 0016 1A1C     		mov	r2, r3
 116 0018 7B68     		ldr	r3, [r7, #4]
 117 001a 1A60     		str	r2, [r3]
  50:.\ros_lib/time.cpp ****     nsec = t % 1000000000;
 118              		.loc 1 50 0
 119 001c 3B68     		ldr	r3, [r7]
 120 001e 181C     		mov	r0, r3
 121 0020 0949     		ldr	r1, .L6
ARM GAS  C:\DOCUME~1\Chuck\LOCALS~1\Temp\ccG8Zy4e.s 			page 4


 122 0022 FFF7FEFF 		bl	__aeabi_idivmod
 123 0026 0B1C     		mov	r3, r1
 124 0028 1A1C     		mov	r2, r3
 125 002a 7B68     		ldr	r3, [r7, #4]
 126 002c 5A60     		str	r2, [r3, #4]
  51:.\ros_lib/time.cpp ****     normalizeSecNSec(sec, nsec);
 127              		.loc 1 51 0
 128 002e 7A68     		ldr	r2, [r7, #4]
 129 0030 7B68     		ldr	r3, [r7, #4]
 130 0032 0433     		add	r3, r3, #4
 131 0034 101C     		mov	r0, r2
 132 0036 191C     		mov	r1, r3
 133 0038 FFF7FEFF 		bl	_ZN3ros16normalizeSecNSecERmS0_
  52:.\ros_lib/time.cpp ****     return *this;
 134              		.loc 1 52 0
 135 003c 7B68     		ldr	r3, [r7, #4]
  53:.\ros_lib/time.cpp ****   }
 136              		.loc 1 53 0
 137 003e 181C     		mov	r0, r3
 138 0040 BD46     		mov	sp, r7
 139 0042 02B0     		add	sp, sp, #8
 140              		@ sp needed for prologue
 141 0044 80BD     		pop	{r7, pc}
 142              	.L7:
 143 0046 C046     		.align	2
 144              	.L6:
 145 0048 00CA9A3B 		.word	1000000000
 146              		.cfi_endproc
 147              	.LFE106:
 148              		.size	_ZN3ros4Time8fromNSecEl, .-_ZN3ros4Time8fromNSecEl
 149              		.section	.text._ZN3ros4TimepLERKNS_8DurationE,"ax",%progbits
 150              		.align	2
 151              		.global	_ZN3ros4TimepLERKNS_8DurationE
 152              		.code	16
 153              		.thumb_func
 154              		.type	_ZN3ros4TimepLERKNS_8DurationE, %function
 155              	_ZN3ros4TimepLERKNS_8DurationE:
 156              	.LFB107:
  54:.\ros_lib/time.cpp **** 
  55:.\ros_lib/time.cpp ****   Time& Time::operator +=(const Duration &rhs)
  56:.\ros_lib/time.cpp ****   {
 157              		.loc 1 56 0
 158              		.cfi_startproc
 159 0000 80B5     		push	{r7, lr}
 160              	.LCFI6:
 161              		.cfi_def_cfa_offset 8
 162              		.cfi_offset 7, -8
 163              		.cfi_offset 14, -4
 164 0002 82B0     		sub	sp, sp, #8
 165              	.LCFI7:
 166              		.cfi_def_cfa_offset 16
 167 0004 00AF     		add	r7, sp, #0
 168              	.LCFI8:
 169              		.cfi_def_cfa_register 7
 170 0006 7860     		str	r0, [r7, #4]
 171 0008 3960     		str	r1, [r7]
  57:.\ros_lib/time.cpp ****     sec = sec - 1 + rhs.sec;
ARM GAS  C:\DOCUME~1\Chuck\LOCALS~1\Temp\ccG8Zy4e.s 			page 5


 172              		.loc 1 57 0
 173 000a 7B68     		ldr	r3, [r7, #4]
 174 000c 1A68     		ldr	r2, [r3]
 175 000e 3B68     		ldr	r3, [r7]
 176 0010 1B68     		ldr	r3, [r3]
 177 0012 D318     		add	r3, r2, r3
 178 0014 5A1E     		sub	r2, r3, #1
 179 0016 7B68     		ldr	r3, [r7, #4]
 180 0018 1A60     		str	r2, [r3]
  58:.\ros_lib/time.cpp ****     nsec = nsec + 1000000000L + rhs.nsec;
 181              		.loc 1 58 0
 182 001a 7B68     		ldr	r3, [r7, #4]
 183 001c 5A68     		ldr	r2, [r3, #4]
 184 001e 3B68     		ldr	r3, [r7]
 185 0020 5B68     		ldr	r3, [r3, #4]
 186 0022 D318     		add	r3, r2, r3
 187 0024 0749     		ldr	r1, .L10
 188 0026 5A18     		add	r2, r3, r1
 189 0028 7B68     		ldr	r3, [r7, #4]
 190 002a 5A60     		str	r2, [r3, #4]
  59:.\ros_lib/time.cpp ****     normalizeSecNSec(sec, nsec);
 191              		.loc 1 59 0
 192 002c 7A68     		ldr	r2, [r7, #4]
 193 002e 7B68     		ldr	r3, [r7, #4]
 194 0030 0433     		add	r3, r3, #4
 195 0032 101C     		mov	r0, r2
 196 0034 191C     		mov	r1, r3
 197 0036 FFF7FEFF 		bl	_ZN3ros16normalizeSecNSecERmS0_
  60:.\ros_lib/time.cpp ****     return *this; 
 198              		.loc 1 60 0
 199 003a 7B68     		ldr	r3, [r7, #4]
  61:.\ros_lib/time.cpp ****   }
 200              		.loc 1 61 0
 201 003c 181C     		mov	r0, r3
 202 003e BD46     		mov	sp, r7
 203 0040 02B0     		add	sp, sp, #8
 204              		@ sp needed for prologue
 205 0042 80BD     		pop	{r7, pc}
 206              	.L11:
 207              		.align	2
 208              	.L10:
 209 0044 00CA9A3B 		.word	1000000000
 210              		.cfi_endproc
 211              	.LFE107:
 212              		.size	_ZN3ros4TimepLERKNS_8DurationE, .-_ZN3ros4TimepLERKNS_8DurationE
 213              		.section	.text._ZN3ros4TimemIERKNS_8DurationE,"ax",%progbits
 214              		.align	2
 215              		.global	_ZN3ros4TimemIERKNS_8DurationE
 216              		.code	16
 217              		.thumb_func
 218              		.type	_ZN3ros4TimemIERKNS_8DurationE, %function
 219              	_ZN3ros4TimemIERKNS_8DurationE:
 220              	.LFB108:
  62:.\ros_lib/time.cpp **** 
  63:.\ros_lib/time.cpp ****   Time& Time::operator -=(const Duration &rhs){
 221              		.loc 1 63 0
 222              		.cfi_startproc
ARM GAS  C:\DOCUME~1\Chuck\LOCALS~1\Temp\ccG8Zy4e.s 			page 6


 223 0000 80B5     		push	{r7, lr}
 224              	.LCFI9:
 225              		.cfi_def_cfa_offset 8
 226              		.cfi_offset 7, -8
 227              		.cfi_offset 14, -4
 228 0002 82B0     		sub	sp, sp, #8
 229              	.LCFI10:
 230              		.cfi_def_cfa_offset 16
 231 0004 00AF     		add	r7, sp, #0
 232              	.LCFI11:
 233              		.cfi_def_cfa_register 7
 234 0006 7860     		str	r0, [r7, #4]
 235 0008 3960     		str	r1, [r7]
  64:.\ros_lib/time.cpp ****     sec = sec - 1 - rhs.sec;
 236              		.loc 1 64 0
 237 000a 7B68     		ldr	r3, [r7, #4]
 238 000c 1A68     		ldr	r2, [r3]
 239 000e 3B68     		ldr	r3, [r7]
 240 0010 1B68     		ldr	r3, [r3]
 241 0012 D31A     		sub	r3, r2, r3
 242 0014 5A1E     		sub	r2, r3, #1
 243 0016 7B68     		ldr	r3, [r7, #4]
 244 0018 1A60     		str	r2, [r3]
  65:.\ros_lib/time.cpp ****     nsec = nsec + 1000000000L - rhs.nsec;
 245              		.loc 1 65 0
 246 001a 7B68     		ldr	r3, [r7, #4]
 247 001c 5A68     		ldr	r2, [r3, #4]
 248 001e 3B68     		ldr	r3, [r7]
 249 0020 5B68     		ldr	r3, [r3, #4]
 250 0022 D31A     		sub	r3, r2, r3
 251 0024 0749     		ldr	r1, .L14
 252 0026 5A18     		add	r2, r3, r1
 253 0028 7B68     		ldr	r3, [r7, #4]
 254 002a 5A60     		str	r2, [r3, #4]
  66:.\ros_lib/time.cpp ****     normalizeSecNSec(sec, nsec);
 255              		.loc 1 66 0
 256 002c 7A68     		ldr	r2, [r7, #4]
 257 002e 7B68     		ldr	r3, [r7, #4]
 258 0030 0433     		add	r3, r3, #4
 259 0032 101C     		mov	r0, r2
 260 0034 191C     		mov	r1, r3
 261 0036 FFF7FEFF 		bl	_ZN3ros16normalizeSecNSecERmS0_
  67:.\ros_lib/time.cpp ****     return *this;
 262              		.loc 1 67 0
 263 003a 7B68     		ldr	r3, [r7, #4]
  68:.\ros_lib/time.cpp ****   }
 264              		.loc 1 68 0
 265 003c 181C     		mov	r0, r3
 266 003e BD46     		mov	sp, r7
 267 0040 02B0     		add	sp, sp, #8
 268              		@ sp needed for prologue
 269 0042 80BD     		pop	{r7, pc}
 270              	.L15:
 271              		.align	2
 272              	.L14:
 273 0044 00CA9A3B 		.word	1000000000
 274              		.cfi_endproc
ARM GAS  C:\DOCUME~1\Chuck\LOCALS~1\Temp\ccG8Zy4e.s 			page 7


 275              	.LFE108:
 276              		.size	_ZN3ros4TimemIERKNS_8DurationE, .-_ZN3ros4TimemIERKNS_8DurationE
 277              		.section	.rodata
 278              		.align	2
 279              		.type	_ZN14rosserial_msgsL12REQUESTPARAME, %object
 280              		.size	_ZN14rosserial_msgsL12REQUESTPARAME, 28
 281              	_ZN14rosserial_msgsL12REQUESTPARAME:
 282 0000 726F7373 		.ascii	"rosserial_msgs/RequestParam\000"
 282      65726961 
 282      6C5F6D73 
 282      67732F52 
 282      65717565 
 283              		.text
 284              	.Letext0:
 285              		.file 2 "./ros_lib/ros/duration.h"
 286              		.file 3 "./ros_lib/ros/time.h"
 287              		.file 4 "./ros_lib/rosserial_msgs/RequestParam.h"
 288              		.file 5 ".\\ros_lib\\Uarts.h"
 289              		.file 6 "./ros_lib/ros/msg.h"
 290              		.file 7 "./ros_lib/rosserial_msgs/TopicInfo.h"
 291              		.section	.debug_info,"",%progbits
 292              	.Ldebug_info0:
 293 0000 D5040000 		.4byte	0x4d5
 294 0004 0200     		.2byte	0x2
 295 0006 00000000 		.4byte	.Ldebug_abbrev0
 296 000a 04       		.byte	0x4
 297 000b 01       		.uleb128 0x1
 298 000c 03010000 		.4byte	.LASF45
 299 0010 04       		.byte	0x4
 300 0011 4E010000 		.4byte	.LASF46
 301 0015 00000000 		.4byte	.LASF47
 302 0019 00000000 		.4byte	.Ldebug_ranges0+0
 303 001d 00000000 		.4byte	0
 304 0021 00000000 		.4byte	0
 305 0025 00000000 		.4byte	.Ldebug_line0
 306 0029 02       		.uleb128 0x2
 307 002a 01       		.byte	0x1
 308 002b 06       		.byte	0x6
 309 002c 5C030000 		.4byte	.LASF0
 310 0030 02       		.uleb128 0x2
 311 0031 01       		.byte	0x1
 312 0032 08       		.byte	0x8
 313 0033 B6020000 		.4byte	.LASF1
 314 0037 02       		.uleb128 0x2
 315 0038 02       		.byte	0x2
 316 0039 05       		.byte	0x5
 317 003a E7020000 		.4byte	.LASF2
 318 003e 02       		.uleb128 0x2
 319 003f 02       		.byte	0x2
 320 0040 07       		.byte	0x7
 321 0041 C4010000 		.4byte	.LASF3
 322 0045 02       		.uleb128 0x2
 323 0046 04       		.byte	0x4
 324 0047 05       		.byte	0x5
 325 0048 3C030000 		.4byte	.LASF4
 326 004c 02       		.uleb128 0x2
 327 004d 04       		.byte	0x4
ARM GAS  C:\DOCUME~1\Chuck\LOCALS~1\Temp\ccG8Zy4e.s 			page 8


 328 004e 07       		.byte	0x7
 329 004f B2010000 		.4byte	.LASF5
 330 0053 02       		.uleb128 0x2
 331 0054 08       		.byte	0x8
 332 0055 05       		.byte	0x5
 333 0056 CD020000 		.4byte	.LASF6
 334 005a 02       		.uleb128 0x2
 335 005b 08       		.byte	0x8
 336 005c 07       		.byte	0x7
 337 005d 76020000 		.4byte	.LASF7
 338 0061 03       		.uleb128 0x3
 339 0062 04       		.byte	0x4
 340 0063 05       		.byte	0x5
 341 0064 696E7400 		.ascii	"int\000"
 342 0068 02       		.uleb128 0x2
 343 0069 04       		.byte	0x4
 344 006a 07       		.byte	0x7
 345 006b 60020000 		.4byte	.LASF8
 346 006f 02       		.uleb128 0x2
 347 0070 04       		.byte	0x4
 348 0071 07       		.byte	0x7
 349 0072 C4020000 		.4byte	.LASF9
 350 0076 02       		.uleb128 0x2
 351 0077 01       		.byte	0x1
 352 0078 08       		.byte	0x8
 353 0079 45030000 		.4byte	.LASF10
 354 007d 02       		.uleb128 0x2
 355 007e 08       		.byte	0x8
 356 007f 04       		.byte	0x4
 357 0080 1C020000 		.4byte	.LASF11
 358 0084 02       		.uleb128 0x2
 359 0085 04       		.byte	0x4
 360 0086 04       		.byte	0x4
 361 0087 56030000 		.4byte	.LASF12
 362 008b 02       		.uleb128 0x2
 363 008c 08       		.byte	0x8
 364 008d 04       		.byte	0x4
 365 008e 4A030000 		.4byte	.LASF13
 366 0092 04       		.uleb128 0x4
 367 0093 726F7300 		.ascii	"ros\000"
 368 0097 06       		.byte	0x6
 369 0098 26       		.byte	0x26
 370 0099 3B030000 		.4byte	0x33b
 371 009d 05       		.uleb128 0x5
 372 009e 96000000 		.4byte	.LASF15
 373 00a2 08       		.byte	0x8
 374 00a3 02       		.byte	0x2
 375 00a4 2C       		.byte	0x2c
 376 00a5 B9010000 		.4byte	0x1b9
 377 00a9 06       		.uleb128 0x6
 378 00aa 73656300 		.ascii	"sec\000"
 379 00ae 02       		.byte	0x2
 380 00af 2F       		.byte	0x2f
 381 00b0 45000000 		.4byte	0x45
 382 00b4 02       		.byte	0x2
 383 00b5 23       		.byte	0x23
 384 00b6 00       		.uleb128 0
ARM GAS  C:\DOCUME~1\Chuck\LOCALS~1\Temp\ccG8Zy4e.s 			page 9


 385 00b7 07       		.uleb128 0x7
 386 00b8 DB020000 		.4byte	.LASF14
 387 00bc 02       		.byte	0x2
 388 00bd 2F       		.byte	0x2f
 389 00be 45000000 		.4byte	0x45
 390 00c2 02       		.byte	0x2
 391 00c3 23       		.byte	0x23
 392 00c4 04       		.uleb128 0x4
 393 00c5 08       		.uleb128 0x8
 394 00c6 01       		.byte	0x1
 395 00c7 96000000 		.4byte	.LASF15
 396 00cb 02       		.byte	0x2
 397 00cc 31       		.byte	0x31
 398 00cd 3B030000 		.4byte	0x33b
 399 00d1 01       		.byte	0x1
 400 00d2 DA000000 		.4byte	0xda
 401 00d6 E1000000 		.4byte	0xe1
 402 00da 09       		.uleb128 0x9
 403 00db 3B030000 		.4byte	0x33b
 404 00df 01       		.byte	0x1
 405 00e0 00       		.byte	0
 406 00e1 08       		.uleb128 0x8
 407 00e2 01       		.byte	0x1
 408 00e3 96000000 		.4byte	.LASF15
 409 00e7 02       		.byte	0x2
 410 00e8 32       		.byte	0x32
 411 00e9 3B030000 		.4byte	0x33b
 412 00ed 01       		.byte	0x1
 413 00ee F6000000 		.4byte	0xf6
 414 00f2 07010000 		.4byte	0x107
 415 00f6 09       		.uleb128 0x9
 416 00f7 3B030000 		.4byte	0x33b
 417 00fb 01       		.byte	0x1
 418 00fc 0A       		.uleb128 0xa
 419 00fd 45000000 		.4byte	0x45
 420 0101 0A       		.uleb128 0xa
 421 0102 45000000 		.4byte	0x45
 422 0106 00       		.byte	0
 423 0107 0B       		.uleb128 0xb
 424 0108 01       		.byte	0x1
 425 0109 23020000 		.4byte	.LASF17
 426 010d 02       		.byte	0x2
 427 010e 37       		.byte	0x37
 428 010f 68030000 		.4byte	.LASF19
 429 0113 7D000000 		.4byte	0x7d
 430 0117 01       		.byte	0x1
 431 0118 20010000 		.4byte	0x120
 432 011c 27010000 		.4byte	0x127
 433 0120 09       		.uleb128 0x9
 434 0121 41030000 		.4byte	0x341
 435 0125 01       		.byte	0x1
 436 0126 00       		.byte	0
 437 0127 0C       		.uleb128 0xc
 438 0128 01       		.byte	0x1
 439 0129 61010000 		.4byte	.LASF16
 440 012d 02       		.byte	0x2
 441 012e 38       		.byte	0x38
ARM GAS  C:\DOCUME~1\Chuck\LOCALS~1\Temp\ccG8Zy4e.s 			page 10


 442 012f AA000000 		.4byte	.LASF24
 443 0133 01       		.byte	0x1
 444 0134 3C010000 		.4byte	0x13c
 445 0138 48010000 		.4byte	0x148
 446 013c 09       		.uleb128 0x9
 447 013d 3B030000 		.4byte	0x33b
 448 0141 01       		.byte	0x1
 449 0142 0A       		.uleb128 0xa
 450 0143 7D000000 		.4byte	0x7d
 451 0147 00       		.byte	0
 452 0148 0B       		.uleb128 0xb
 453 0149 01       		.byte	0x1
 454 014a 8D020000 		.4byte	.LASF18
 455 014e 02       		.byte	0x2
 456 014f 3B       		.byte	0x3b
 457 0150 29020000 		.4byte	.LASF20
 458 0154 47030000 		.4byte	0x347
 459 0158 01       		.byte	0x1
 460 0159 61010000 		.4byte	0x161
 461 015d 6D010000 		.4byte	0x16d
 462 0161 09       		.uleb128 0x9
 463 0162 3B030000 		.4byte	0x33b
 464 0166 01       		.byte	0x1
 465 0167 0A       		.uleb128 0xa
 466 0168 4D030000 		.4byte	0x34d
 467 016c 00       		.byte	0
 468 016d 0D       		.uleb128 0xd
 469 016e 9D000000 		.4byte	0x9d
 470 0172 0B       		.uleb128 0xb
 471 0173 01       		.byte	0x1
 472 0174 AB020000 		.4byte	.LASF21
 473 0178 02       		.byte	0x2
 474 0179 3C       		.byte	0x3c
 475 017a 23030000 		.4byte	.LASF22
 476 017e 47030000 		.4byte	0x347
 477 0182 01       		.byte	0x1
 478 0183 8B010000 		.4byte	0x18b
 479 0187 97010000 		.4byte	0x197
 480 018b 09       		.uleb128 0x9
 481 018c 3B030000 		.4byte	0x33b
 482 0190 01       		.byte	0x1
 483 0191 0A       		.uleb128 0xa
 484 0192 4D030000 		.4byte	0x34d
 485 0196 00       		.byte	0
 486 0197 0E       		.uleb128 0xe
 487 0198 01       		.byte	0x1
 488 0199 9F000000 		.4byte	.LASF23
 489 019d 02       		.byte	0x2
 490 019e 3E       		.byte	0x3e
 491 019f 69010000 		.4byte	.LASF25
 492 01a3 47030000 		.4byte	0x347
 493 01a7 01       		.byte	0x1
 494 01a8 AC010000 		.4byte	0x1ac
 495 01ac 09       		.uleb128 0x9
 496 01ad 3B030000 		.4byte	0x33b
 497 01b1 01       		.byte	0x1
 498 01b2 0A       		.uleb128 0xa
ARM GAS  C:\DOCUME~1\Chuck\LOCALS~1\Temp\ccG8Zy4e.s 			page 11


 499 01b3 7D000000 		.4byte	0x7d
 500 01b7 00       		.byte	0
 501 01b8 00       		.byte	0
 502 01b9 0D       		.uleb128 0xd
 503 01ba 9D000000 		.4byte	0x9d
 504 01be 05       		.uleb128 0x5
 505 01bf 82030000 		.4byte	.LASF26
 506 01c3 08       		.byte	0x8
 507 01c4 03       		.byte	0x3
 508 01c5 2E       		.byte	0x2e
 509 01c6 1D030000 		.4byte	0x31d
 510 01ca 06       		.uleb128 0x6
 511 01cb 73656300 		.ascii	"sec\000"
 512 01cf 03       		.byte	0x3
 513 01d0 31       		.byte	0x31
 514 01d1 4C000000 		.4byte	0x4c
 515 01d5 02       		.byte	0x2
 516 01d6 23       		.byte	0x23
 517 01d7 00       		.uleb128 0
 518 01d8 07       		.uleb128 0x7
 519 01d9 DB020000 		.4byte	.LASF14
 520 01dd 03       		.byte	0x3
 521 01de 31       		.byte	0x31
 522 01df 4C000000 		.4byte	0x4c
 523 01e3 02       		.byte	0x2
 524 01e4 23       		.byte	0x23
 525 01e5 04       		.uleb128 0x4
 526 01e6 08       		.uleb128 0x8
 527 01e7 01       		.byte	0x1
 528 01e8 82030000 		.4byte	.LASF26
 529 01ec 03       		.byte	0x3
 530 01ed 33       		.byte	0x33
 531 01ee 53030000 		.4byte	0x353
 532 01f2 01       		.byte	0x1
 533 01f3 FB010000 		.4byte	0x1fb
 534 01f7 02020000 		.4byte	0x202
 535 01fb 09       		.uleb128 0x9
 536 01fc 53030000 		.4byte	0x353
 537 0200 01       		.byte	0x1
 538 0201 00       		.byte	0
 539 0202 08       		.uleb128 0x8
 540 0203 01       		.byte	0x1
 541 0204 82030000 		.4byte	.LASF26
 542 0208 03       		.byte	0x3
 543 0209 34       		.byte	0x34
 544 020a 53030000 		.4byte	0x353
 545 020e 01       		.byte	0x1
 546 020f 17020000 		.4byte	0x217
 547 0213 28020000 		.4byte	0x228
 548 0217 09       		.uleb128 0x9
 549 0218 53030000 		.4byte	0x353
 550 021c 01       		.byte	0x1
 551 021d 0A       		.uleb128 0xa
 552 021e 4C000000 		.4byte	0x4c
 553 0222 0A       		.uleb128 0xa
 554 0223 4C000000 		.4byte	0x4c
 555 0227 00       		.byte	0
ARM GAS  C:\DOCUME~1\Chuck\LOCALS~1\Temp\ccG8Zy4e.s 			page 12


 556 0228 0B       		.uleb128 0xb
 557 0229 01       		.byte	0x1
 558 022a 23020000 		.4byte	.LASF17
 559 022e 03       		.byte	0x3
 560 022f 39       		.byte	0x39
 561 0230 FC010000 		.4byte	.LASF27
 562 0234 7D000000 		.4byte	0x7d
 563 0238 01       		.byte	0x1
 564 0239 41020000 		.4byte	0x241
 565 023d 48020000 		.4byte	0x248
 566 0241 09       		.uleb128 0x9
 567 0242 59030000 		.4byte	0x359
 568 0246 01       		.byte	0x1
 569 0247 00       		.byte	0
 570 0248 0C       		.uleb128 0xc
 571 0249 01       		.byte	0x1
 572 024a 61010000 		.4byte	.LASF16
 573 024e 03       		.byte	0x3
 574 024f 3A       		.byte	0x3a
 575 0250 7E010000 		.4byte	.LASF28
 576 0254 01       		.byte	0x1
 577 0255 5D020000 		.4byte	0x25d
 578 0259 69020000 		.4byte	0x269
 579 025d 09       		.uleb128 0x9
 580 025e 53030000 		.4byte	0x353
 581 0262 01       		.byte	0x1
 582 0263 0A       		.uleb128 0xa
 583 0264 7D000000 		.4byte	0x7d
 584 0268 00       		.byte	0
 585 0269 0B       		.uleb128 0xb
 586 026a 01       		.byte	0x1
 587 026b E4010000 		.4byte	.LASF29
 588 026f 03       		.byte	0x3
 589 0270 3C       		.byte	0x3c
 590 0271 0D030000 		.4byte	.LASF30
 591 0275 4C000000 		.4byte	0x4c
 592 0279 01       		.byte	0x1
 593 027a 82020000 		.4byte	0x282
 594 027e 89020000 		.4byte	0x289
 595 0282 09       		.uleb128 0x9
 596 0283 53030000 		.4byte	0x353
 597 0287 01       		.byte	0x1
 598 0288 00       		.byte	0
 599 0289 0B       		.uleb128 0xb
 600 028a 01       		.byte	0x1
 601 028b 95010000 		.4byte	.LASF31
 602 028f 03       		.byte	0x3
 603 0290 3D       		.byte	0x3d
 604 0291 48020000 		.4byte	.LASF32
 605 0295 5F030000 		.4byte	0x35f
 606 0299 01       		.byte	0x1
 607 029a A2020000 		.4byte	0x2a2
 608 029e AE020000 		.4byte	0x2ae
 609 02a2 09       		.uleb128 0x9
 610 02a3 53030000 		.4byte	0x353
 611 02a7 01       		.byte	0x1
 612 02a8 0A       		.uleb128 0xa
ARM GAS  C:\DOCUME~1\Chuck\LOCALS~1\Temp\ccG8Zy4e.s 			page 13


 613 02a9 45000000 		.4byte	0x45
 614 02ad 00       		.byte	0
 615 02ae 0B       		.uleb128 0xb
 616 02af 01       		.byte	0x1
 617 02b0 8D020000 		.4byte	.LASF18
 618 02b4 03       		.byte	0x3
 619 02b5 3F       		.byte	0x3f
 620 02b6 58000000 		.4byte	.LASF33
 621 02ba 5F030000 		.4byte	0x35f
 622 02be 01       		.byte	0x1
 623 02bf C7020000 		.4byte	0x2c7
 624 02c3 D3020000 		.4byte	0x2d3
 625 02c7 09       		.uleb128 0x9
 626 02c8 53030000 		.4byte	0x353
 627 02cc 01       		.byte	0x1
 628 02cd 0A       		.uleb128 0xa
 629 02ce 65030000 		.4byte	0x365
 630 02d2 00       		.byte	0
 631 02d3 0B       		.uleb128 0xb
 632 02d4 01       		.byte	0x1
 633 02d5 AB020000 		.4byte	.LASF21
 634 02d9 03       		.byte	0x3
 635 02da 40       		.byte	0x40
 636 02db 77000000 		.4byte	.LASF34
 637 02df 5F030000 		.4byte	0x35f
 638 02e3 01       		.byte	0x1
 639 02e4 EC020000 		.4byte	0x2ec
 640 02e8 F8020000 		.4byte	0x2f8
 641 02ec 09       		.uleb128 0x9
 642 02ed 53030000 		.4byte	0x353
 643 02f1 01       		.byte	0x1
 644 02f2 0A       		.uleb128 0xa
 645 02f3 65030000 		.4byte	0x365
 646 02f7 00       		.byte	0
 647 02f8 0F       		.uleb128 0xf
 648 02f9 01       		.byte	0x1
 649 02fa 6E6F7700 		.ascii	"now\000"
 650 02fe 03       		.byte	0x3
 651 02ff 42       		.byte	0x42
 652 0300 98020000 		.4byte	.LASF48
 653 0304 BE010000 		.4byte	0x1be
 654 0308 01       		.byte	0x1
 655 0309 10       		.uleb128 0x10
 656 030a 01       		.byte	0x1
 657 030b E0020000 		.4byte	.LASF35
 658 030f 03       		.byte	0x3
 659 0310 43       		.byte	0x43
 660 0311 CA000000 		.4byte	.LASF37
 661 0315 01       		.byte	0x1
 662 0316 0A       		.uleb128 0xa
 663 0317 5F030000 		.4byte	0x35f
 664 031b 00       		.byte	0
 665 031c 00       		.byte	0
 666 031d 0D       		.uleb128 0xd
 667 031e BE010000 		.4byte	0x1be
 668 0322 10       		.uleb128 0x10
 669 0323 01       		.byte	0x1
ARM GAS  C:\DOCUME~1\Chuck\LOCALS~1\Temp\ccG8Zy4e.s 			page 14


 670 0324 EB010000 		.4byte	.LASF36
 671 0328 01       		.byte	0x1
 672 0329 28       		.byte	0x28
 673 032a E3000000 		.4byte	.LASF38
 674 032e 01       		.byte	0x1
 675 032f 0A       		.uleb128 0xa
 676 0330 87030000 		.4byte	0x387
 677 0334 0A       		.uleb128 0xa
 678 0335 87030000 		.4byte	0x387
 679 0339 00       		.byte	0
 680 033a 00       		.byte	0
 681 033b 11       		.uleb128 0x11
 682 033c 04       		.byte	0x4
 683 033d 9D000000 		.4byte	0x9d
 684 0341 11       		.uleb128 0x11
 685 0342 04       		.byte	0x4
 686 0343 B9010000 		.4byte	0x1b9
 687 0347 12       		.uleb128 0x12
 688 0348 04       		.byte	0x4
 689 0349 9D000000 		.4byte	0x9d
 690 034d 12       		.uleb128 0x12
 691 034e 04       		.byte	0x4
 692 034f 6D010000 		.4byte	0x16d
 693 0353 11       		.uleb128 0x11
 694 0354 04       		.byte	0x4
 695 0355 BE010000 		.4byte	0x1be
 696 0359 11       		.uleb128 0x11
 697 035a 04       		.byte	0x4
 698 035b 1D030000 		.4byte	0x31d
 699 035f 12       		.uleb128 0x12
 700 0360 04       		.byte	0x4
 701 0361 BE010000 		.4byte	0x1be
 702 0365 12       		.uleb128 0x12
 703 0366 04       		.byte	0x4
 704 0367 B9010000 		.4byte	0x1b9
 705 036b 13       		.uleb128 0x13
 706 036c A3010000 		.4byte	.LASF39
 707 0370 07       		.byte	0x7
 708 0371 0A       		.byte	0xa
 709 0372 87030000 		.4byte	0x387
 710 0376 14       		.uleb128 0x14
 711 0377 D7010000 		.4byte	.LASF43
 712 037b 04       		.byte	0x4
 713 037c 0B       		.byte	0xb
 714 037d C8040000 		.4byte	0x4c8
 715 0381 01       		.byte	0x1
 716 0382 F1020000 		.4byte	.LASF49
 717 0386 00       		.byte	0
 718 0387 12       		.uleb128 0x12
 719 0388 04       		.byte	0x4
 720 0389 4C000000 		.4byte	0x4c
 721 038d 15       		.uleb128 0x15
 722 038e 22030000 		.4byte	0x322
 723 0392 00000000 		.4byte	.LFB105
 724 0396 48000000 		.4byte	.LFE105
 725 039a 00000000 		.4byte	.LLST0
 726 039e 01       		.byte	0x1
ARM GAS  C:\DOCUME~1\Chuck\LOCALS~1\Temp\ccG8Zy4e.s 			page 15


 727 039f E6030000 		.4byte	0x3e6
 728 03a3 16       		.uleb128 0x16
 729 03a4 73656300 		.ascii	"sec\000"
 730 03a8 01       		.byte	0x1
 731 03a9 28       		.byte	0x28
 732 03aa E6030000 		.4byte	0x3e6
 733 03ae 02       		.byte	0x2
 734 03af 91       		.byte	0x91
 735 03b0 6C       		.sleb128 -20
 736 03b1 17       		.uleb128 0x17
 737 03b2 DB020000 		.4byte	.LASF14
 738 03b6 01       		.byte	0x1
 739 03b7 28       		.byte	0x28
 740 03b8 EB030000 		.4byte	0x3eb
 741 03bc 02       		.byte	0x2
 742 03bd 91       		.byte	0x91
 743 03be 68       		.sleb128 -24
 744 03bf 18       		.uleb128 0x18
 745 03c0 0A000000 		.4byte	.LBB2
 746 03c4 3C000000 		.4byte	.LBE2
 747 03c8 19       		.uleb128 0x19
 748 03c9 12020000 		.4byte	.LASF40
 749 03cd 01       		.byte	0x1
 750 03ce 29       		.byte	0x29
 751 03cf 4C000000 		.4byte	0x4c
 752 03d3 02       		.byte	0x2
 753 03d4 91       		.byte	0x91
 754 03d5 74       		.sleb128 -12
 755 03d6 19       		.uleb128 0x19
 756 03d7 6D020000 		.4byte	.LASF41
 757 03db 01       		.byte	0x1
 758 03dc 2A       		.byte	0x2a
 759 03dd 4C000000 		.4byte	0x4c
 760 03e1 02       		.byte	0x2
 761 03e2 91       		.byte	0x91
 762 03e3 70       		.sleb128 -16
 763 03e4 00       		.byte	0
 764 03e5 00       		.byte	0
 765 03e6 0D       		.uleb128 0xd
 766 03e7 87030000 		.4byte	0x387
 767 03eb 0D       		.uleb128 0xd
 768 03ec 87030000 		.4byte	0x387
 769 03f0 1A       		.uleb128 0x1a
 770 03f1 89020000 		.4byte	0x289
 771 03f5 01       		.byte	0x1
 772 03f6 2F       		.byte	0x2f
 773 03f7 00000000 		.4byte	.LFB106
 774 03fb 4C000000 		.4byte	.LFE106
 775 03ff 38000000 		.4byte	.LLST1
 776 0403 0C040000 		.4byte	0x40c
 777 0407 01       		.byte	0x1
 778 0408 26040000 		.4byte	0x426
 779 040c 1B       		.uleb128 0x1b
 780 040d 9E010000 		.4byte	.LASF42
 781 0411 26040000 		.4byte	0x426
 782 0415 01       		.byte	0x1
 783 0416 02       		.byte	0x2
ARM GAS  C:\DOCUME~1\Chuck\LOCALS~1\Temp\ccG8Zy4e.s 			page 16


 784 0417 91       		.byte	0x91
 785 0418 74       		.sleb128 -12
 786 0419 16       		.uleb128 0x16
 787 041a 7400     		.ascii	"t\000"
 788 041c 01       		.byte	0x1
 789 041d 2F       		.byte	0x2f
 790 041e 45000000 		.4byte	0x45
 791 0422 02       		.byte	0x2
 792 0423 91       		.byte	0x91
 793 0424 70       		.sleb128 -16
 794 0425 00       		.byte	0
 795 0426 0D       		.uleb128 0xd
 796 0427 53030000 		.4byte	0x353
 797 042b 1A       		.uleb128 0x1a
 798 042c AE020000 		.4byte	0x2ae
 799 0430 01       		.byte	0x1
 800 0431 37       		.byte	0x37
 801 0432 00000000 		.4byte	.LFB107
 802 0436 48000000 		.4byte	.LFE107
 803 043a 70000000 		.4byte	.LLST2
 804 043e 47040000 		.4byte	0x447
 805 0442 01       		.byte	0x1
 806 0443 63040000 		.4byte	0x463
 807 0447 1B       		.uleb128 0x1b
 808 0448 9E010000 		.4byte	.LASF42
 809 044c 26040000 		.4byte	0x426
 810 0450 01       		.byte	0x1
 811 0451 02       		.byte	0x2
 812 0452 91       		.byte	0x91
 813 0453 74       		.sleb128 -12
 814 0454 16       		.uleb128 0x16
 815 0455 72687300 		.ascii	"rhs\000"
 816 0459 01       		.byte	0x1
 817 045a 37       		.byte	0x37
 818 045b 63040000 		.4byte	0x463
 819 045f 02       		.byte	0x2
 820 0460 91       		.byte	0x91
 821 0461 70       		.sleb128 -16
 822 0462 00       		.byte	0
 823 0463 0D       		.uleb128 0xd
 824 0464 65030000 		.4byte	0x365
 825 0468 1A       		.uleb128 0x1a
 826 0469 D3020000 		.4byte	0x2d3
 827 046d 01       		.byte	0x1
 828 046e 3F       		.byte	0x3f
 829 046f 00000000 		.4byte	.LFB108
 830 0473 48000000 		.4byte	.LFE108
 831 0477 A8000000 		.4byte	.LLST3
 832 047b 84040000 		.4byte	0x484
 833 047f 01       		.byte	0x1
 834 0480 A0040000 		.4byte	0x4a0
 835 0484 1B       		.uleb128 0x1b
 836 0485 9E010000 		.4byte	.LASF42
 837 0489 26040000 		.4byte	0x426
 838 048d 01       		.byte	0x1
 839 048e 02       		.byte	0x2
 840 048f 91       		.byte	0x91
ARM GAS  C:\DOCUME~1\Chuck\LOCALS~1\Temp\ccG8Zy4e.s 			page 17


 841 0490 74       		.sleb128 -12
 842 0491 16       		.uleb128 0x16
 843 0492 72687300 		.ascii	"rhs\000"
 844 0496 01       		.byte	0x1
 845 0497 3F       		.byte	0x3f
 846 0498 A0040000 		.4byte	0x4a0
 847 049c 02       		.byte	0x2
 848 049d 91       		.byte	0x91
 849 049e 70       		.sleb128 -16
 850 049f 00       		.byte	0
 851 04a0 0D       		.uleb128 0xd
 852 04a1 65030000 		.4byte	0x365
 853 04a5 1C       		.uleb128 0x1c
 854 04a6 C5000000 		.4byte	.LASF50
 855 04aa 01       		.byte	0x1
 856 04ab 1D       		.uleb128 0x1d
 857 04ac 42020000 		.4byte	.LASF44
 858 04b0 05       		.byte	0x5
 859 04b1 1D       		.byte	0x1d
 860 04b2 A5040000 		.4byte	0x4a5
 861 04b6 01       		.byte	0x1
 862 04b7 01       		.byte	0x1
 863 04b8 1E       		.uleb128 0x1e
 864 04b9 76000000 		.4byte	0x76
 865 04bd C8040000 		.4byte	0x4c8
 866 04c1 1F       		.uleb128 0x1f
 867 04c2 6F000000 		.4byte	0x6f
 868 04c6 1B       		.byte	0x1b
 869 04c7 00       		.byte	0
 870 04c8 0D       		.uleb128 0xd
 871 04c9 B8040000 		.4byte	0x4b8
 872 04cd 20       		.uleb128 0x20
 873 04ce 76030000 		.4byte	0x376
 874 04d2 05       		.byte	0x5
 875 04d3 03       		.byte	0x3
 876 04d4 00000000 		.4byte	_ZN14rosserial_msgsL12REQUESTPARAME
 877 04d8 00       		.byte	0
 878              		.section	.debug_abbrev,"",%progbits
 879              	.Ldebug_abbrev0:
 880 0000 01       		.uleb128 0x1
 881 0001 11       		.uleb128 0x11
 882 0002 01       		.byte	0x1
 883 0003 25       		.uleb128 0x25
 884 0004 0E       		.uleb128 0xe
 885 0005 13       		.uleb128 0x13
 886 0006 0B       		.uleb128 0xb
 887 0007 03       		.uleb128 0x3
 888 0008 0E       		.uleb128 0xe
 889 0009 1B       		.uleb128 0x1b
 890 000a 0E       		.uleb128 0xe
 891 000b 55       		.uleb128 0x55
 892 000c 06       		.uleb128 0x6
 893 000d 11       		.uleb128 0x11
 894 000e 01       		.uleb128 0x1
 895 000f 52       		.uleb128 0x52
 896 0010 01       		.uleb128 0x1
 897 0011 10       		.uleb128 0x10
ARM GAS  C:\DOCUME~1\Chuck\LOCALS~1\Temp\ccG8Zy4e.s 			page 18


 898 0012 06       		.uleb128 0x6
 899 0013 00       		.byte	0
 900 0014 00       		.byte	0
 901 0015 02       		.uleb128 0x2
 902 0016 24       		.uleb128 0x24
 903 0017 00       		.byte	0
 904 0018 0B       		.uleb128 0xb
 905 0019 0B       		.uleb128 0xb
 906 001a 3E       		.uleb128 0x3e
 907 001b 0B       		.uleb128 0xb
 908 001c 03       		.uleb128 0x3
 909 001d 0E       		.uleb128 0xe
 910 001e 00       		.byte	0
 911 001f 00       		.byte	0
 912 0020 03       		.uleb128 0x3
 913 0021 24       		.uleb128 0x24
 914 0022 00       		.byte	0
 915 0023 0B       		.uleb128 0xb
 916 0024 0B       		.uleb128 0xb
 917 0025 3E       		.uleb128 0x3e
 918 0026 0B       		.uleb128 0xb
 919 0027 03       		.uleb128 0x3
 920 0028 08       		.uleb128 0x8
 921 0029 00       		.byte	0
 922 002a 00       		.byte	0
 923 002b 04       		.uleb128 0x4
 924 002c 39       		.uleb128 0x39
 925 002d 01       		.byte	0x1
 926 002e 03       		.uleb128 0x3
 927 002f 08       		.uleb128 0x8
 928 0030 3A       		.uleb128 0x3a
 929 0031 0B       		.uleb128 0xb
 930 0032 3B       		.uleb128 0x3b
 931 0033 0B       		.uleb128 0xb
 932 0034 01       		.uleb128 0x1
 933 0035 13       		.uleb128 0x13
 934 0036 00       		.byte	0
 935 0037 00       		.byte	0
 936 0038 05       		.uleb128 0x5
 937 0039 02       		.uleb128 0x2
 938 003a 01       		.byte	0x1
 939 003b 03       		.uleb128 0x3
 940 003c 0E       		.uleb128 0xe
 941 003d 0B       		.uleb128 0xb
 942 003e 0B       		.uleb128 0xb
 943 003f 3A       		.uleb128 0x3a
 944 0040 0B       		.uleb128 0xb
 945 0041 3B       		.uleb128 0x3b
 946 0042 0B       		.uleb128 0xb
 947 0043 01       		.uleb128 0x1
 948 0044 13       		.uleb128 0x13
 949 0045 00       		.byte	0
 950 0046 00       		.byte	0
 951 0047 06       		.uleb128 0x6
 952 0048 0D       		.uleb128 0xd
 953 0049 00       		.byte	0
 954 004a 03       		.uleb128 0x3
ARM GAS  C:\DOCUME~1\Chuck\LOCALS~1\Temp\ccG8Zy4e.s 			page 19


 955 004b 08       		.uleb128 0x8
 956 004c 3A       		.uleb128 0x3a
 957 004d 0B       		.uleb128 0xb
 958 004e 3B       		.uleb128 0x3b
 959 004f 0B       		.uleb128 0xb
 960 0050 49       		.uleb128 0x49
 961 0051 13       		.uleb128 0x13
 962 0052 38       		.uleb128 0x38
 963 0053 0A       		.uleb128 0xa
 964 0054 00       		.byte	0
 965 0055 00       		.byte	0
 966 0056 07       		.uleb128 0x7
 967 0057 0D       		.uleb128 0xd
 968 0058 00       		.byte	0
 969 0059 03       		.uleb128 0x3
 970 005a 0E       		.uleb128 0xe
 971 005b 3A       		.uleb128 0x3a
 972 005c 0B       		.uleb128 0xb
 973 005d 3B       		.uleb128 0x3b
 974 005e 0B       		.uleb128 0xb
 975 005f 49       		.uleb128 0x49
 976 0060 13       		.uleb128 0x13
 977 0061 38       		.uleb128 0x38
 978 0062 0A       		.uleb128 0xa
 979 0063 00       		.byte	0
 980 0064 00       		.byte	0
 981 0065 08       		.uleb128 0x8
 982 0066 2E       		.uleb128 0x2e
 983 0067 01       		.byte	0x1
 984 0068 3F       		.uleb128 0x3f
 985 0069 0C       		.uleb128 0xc
 986 006a 03       		.uleb128 0x3
 987 006b 0E       		.uleb128 0xe
 988 006c 3A       		.uleb128 0x3a
 989 006d 0B       		.uleb128 0xb
 990 006e 3B       		.uleb128 0x3b
 991 006f 0B       		.uleb128 0xb
 992 0070 49       		.uleb128 0x49
 993 0071 13       		.uleb128 0x13
 994 0072 3C       		.uleb128 0x3c
 995 0073 0C       		.uleb128 0xc
 996 0074 64       		.uleb128 0x64
 997 0075 13       		.uleb128 0x13
 998 0076 01       		.uleb128 0x1
 999 0077 13       		.uleb128 0x13
 1000 0078 00       		.byte	0
 1001 0079 00       		.byte	0
 1002 007a 09       		.uleb128 0x9
 1003 007b 05       		.uleb128 0x5
 1004 007c 00       		.byte	0
 1005 007d 49       		.uleb128 0x49
 1006 007e 13       		.uleb128 0x13
 1007 007f 34       		.uleb128 0x34
 1008 0080 0C       		.uleb128 0xc
 1009 0081 00       		.byte	0
 1010 0082 00       		.byte	0
 1011 0083 0A       		.uleb128 0xa
ARM GAS  C:\DOCUME~1\Chuck\LOCALS~1\Temp\ccG8Zy4e.s 			page 20


 1012 0084 05       		.uleb128 0x5
 1013 0085 00       		.byte	0
 1014 0086 49       		.uleb128 0x49
 1015 0087 13       		.uleb128 0x13
 1016 0088 00       		.byte	0
 1017 0089 00       		.byte	0
 1018 008a 0B       		.uleb128 0xb
 1019 008b 2E       		.uleb128 0x2e
 1020 008c 01       		.byte	0x1
 1021 008d 3F       		.uleb128 0x3f
 1022 008e 0C       		.uleb128 0xc
 1023 008f 03       		.uleb128 0x3
 1024 0090 0E       		.uleb128 0xe
 1025 0091 3A       		.uleb128 0x3a
 1026 0092 0B       		.uleb128 0xb
 1027 0093 3B       		.uleb128 0x3b
 1028 0094 0B       		.uleb128 0xb
 1029 0095 8740     		.uleb128 0x2007
 1030 0097 0E       		.uleb128 0xe
 1031 0098 49       		.uleb128 0x49
 1032 0099 13       		.uleb128 0x13
 1033 009a 3C       		.uleb128 0x3c
 1034 009b 0C       		.uleb128 0xc
 1035 009c 64       		.uleb128 0x64
 1036 009d 13       		.uleb128 0x13
 1037 009e 01       		.uleb128 0x1
 1038 009f 13       		.uleb128 0x13
 1039 00a0 00       		.byte	0
 1040 00a1 00       		.byte	0
 1041 00a2 0C       		.uleb128 0xc
 1042 00a3 2E       		.uleb128 0x2e
 1043 00a4 01       		.byte	0x1
 1044 00a5 3F       		.uleb128 0x3f
 1045 00a6 0C       		.uleb128 0xc
 1046 00a7 03       		.uleb128 0x3
 1047 00a8 0E       		.uleb128 0xe
 1048 00a9 3A       		.uleb128 0x3a
 1049 00aa 0B       		.uleb128 0xb
 1050 00ab 3B       		.uleb128 0x3b
 1051 00ac 0B       		.uleb128 0xb
 1052 00ad 8740     		.uleb128 0x2007
 1053 00af 0E       		.uleb128 0xe
 1054 00b0 3C       		.uleb128 0x3c
 1055 00b1 0C       		.uleb128 0xc
 1056 00b2 64       		.uleb128 0x64
 1057 00b3 13       		.uleb128 0x13
 1058 00b4 01       		.uleb128 0x1
 1059 00b5 13       		.uleb128 0x13
 1060 00b6 00       		.byte	0
 1061 00b7 00       		.byte	0
 1062 00b8 0D       		.uleb128 0xd
 1063 00b9 26       		.uleb128 0x26
 1064 00ba 00       		.byte	0
 1065 00bb 49       		.uleb128 0x49
 1066 00bc 13       		.uleb128 0x13
 1067 00bd 00       		.byte	0
 1068 00be 00       		.byte	0
ARM GAS  C:\DOCUME~1\Chuck\LOCALS~1\Temp\ccG8Zy4e.s 			page 21


 1069 00bf 0E       		.uleb128 0xe
 1070 00c0 2E       		.uleb128 0x2e
 1071 00c1 01       		.byte	0x1
 1072 00c2 3F       		.uleb128 0x3f
 1073 00c3 0C       		.uleb128 0xc
 1074 00c4 03       		.uleb128 0x3
 1075 00c5 0E       		.uleb128 0xe
 1076 00c6 3A       		.uleb128 0x3a
 1077 00c7 0B       		.uleb128 0xb
 1078 00c8 3B       		.uleb128 0x3b
 1079 00c9 0B       		.uleb128 0xb
 1080 00ca 8740     		.uleb128 0x2007
 1081 00cc 0E       		.uleb128 0xe
 1082 00cd 49       		.uleb128 0x49
 1083 00ce 13       		.uleb128 0x13
 1084 00cf 3C       		.uleb128 0x3c
 1085 00d0 0C       		.uleb128 0xc
 1086 00d1 64       		.uleb128 0x64
 1087 00d2 13       		.uleb128 0x13
 1088 00d3 00       		.byte	0
 1089 00d4 00       		.byte	0
 1090 00d5 0F       		.uleb128 0xf
 1091 00d6 2E       		.uleb128 0x2e
 1092 00d7 00       		.byte	0
 1093 00d8 3F       		.uleb128 0x3f
 1094 00d9 0C       		.uleb128 0xc
 1095 00da 03       		.uleb128 0x3
 1096 00db 08       		.uleb128 0x8
 1097 00dc 3A       		.uleb128 0x3a
 1098 00dd 0B       		.uleb128 0xb
 1099 00de 3B       		.uleb128 0x3b
 1100 00df 0B       		.uleb128 0xb
 1101 00e0 8740     		.uleb128 0x2007
 1102 00e2 0E       		.uleb128 0xe
 1103 00e3 49       		.uleb128 0x49
 1104 00e4 13       		.uleb128 0x13
 1105 00e5 3C       		.uleb128 0x3c
 1106 00e6 0C       		.uleb128 0xc
 1107 00e7 00       		.byte	0
 1108 00e8 00       		.byte	0
 1109 00e9 10       		.uleb128 0x10
 1110 00ea 2E       		.uleb128 0x2e
 1111 00eb 01       		.byte	0x1
 1112 00ec 3F       		.uleb128 0x3f
 1113 00ed 0C       		.uleb128 0xc
 1114 00ee 03       		.uleb128 0x3
 1115 00ef 0E       		.uleb128 0xe
 1116 00f0 3A       		.uleb128 0x3a
 1117 00f1 0B       		.uleb128 0xb
 1118 00f2 3B       		.uleb128 0x3b
 1119 00f3 0B       		.uleb128 0xb
 1120 00f4 8740     		.uleb128 0x2007
 1121 00f6 0E       		.uleb128 0xe
 1122 00f7 3C       		.uleb128 0x3c
 1123 00f8 0C       		.uleb128 0xc
 1124 00f9 00       		.byte	0
 1125 00fa 00       		.byte	0
ARM GAS  C:\DOCUME~1\Chuck\LOCALS~1\Temp\ccG8Zy4e.s 			page 22


 1126 00fb 11       		.uleb128 0x11
 1127 00fc 0F       		.uleb128 0xf
 1128 00fd 00       		.byte	0
 1129 00fe 0B       		.uleb128 0xb
 1130 00ff 0B       		.uleb128 0xb
 1131 0100 49       		.uleb128 0x49
 1132 0101 13       		.uleb128 0x13
 1133 0102 00       		.byte	0
 1134 0103 00       		.byte	0
 1135 0104 12       		.uleb128 0x12
 1136 0105 10       		.uleb128 0x10
 1137 0106 00       		.byte	0
 1138 0107 0B       		.uleb128 0xb
 1139 0108 0B       		.uleb128 0xb
 1140 0109 49       		.uleb128 0x49
 1141 010a 13       		.uleb128 0x13
 1142 010b 00       		.byte	0
 1143 010c 00       		.byte	0
 1144 010d 13       		.uleb128 0x13
 1145 010e 39       		.uleb128 0x39
 1146 010f 01       		.byte	0x1
 1147 0110 03       		.uleb128 0x3
 1148 0111 0E       		.uleb128 0xe
 1149 0112 3A       		.uleb128 0x3a
 1150 0113 0B       		.uleb128 0xb
 1151 0114 3B       		.uleb128 0x3b
 1152 0115 0B       		.uleb128 0xb
 1153 0116 01       		.uleb128 0x1
 1154 0117 13       		.uleb128 0x13
 1155 0118 00       		.byte	0
 1156 0119 00       		.byte	0
 1157 011a 14       		.uleb128 0x14
 1158 011b 34       		.uleb128 0x34
 1159 011c 00       		.byte	0
 1160 011d 03       		.uleb128 0x3
 1161 011e 0E       		.uleb128 0xe
 1162 011f 3A       		.uleb128 0x3a
 1163 0120 0B       		.uleb128 0xb
 1164 0121 3B       		.uleb128 0x3b
 1165 0122 0B       		.uleb128 0xb
 1166 0123 49       		.uleb128 0x49
 1167 0124 13       		.uleb128 0x13
 1168 0125 3C       		.uleb128 0x3c
 1169 0126 0C       		.uleb128 0xc
 1170 0127 1C       		.uleb128 0x1c
 1171 0128 0E       		.uleb128 0xe
 1172 0129 00       		.byte	0
 1173 012a 00       		.byte	0
 1174 012b 15       		.uleb128 0x15
 1175 012c 2E       		.uleb128 0x2e
 1176 012d 01       		.byte	0x1
 1177 012e 47       		.uleb128 0x47
 1178 012f 13       		.uleb128 0x13
 1179 0130 11       		.uleb128 0x11
 1180 0131 01       		.uleb128 0x1
 1181 0132 12       		.uleb128 0x12
 1182 0133 01       		.uleb128 0x1
ARM GAS  C:\DOCUME~1\Chuck\LOCALS~1\Temp\ccG8Zy4e.s 			page 23


 1183 0134 40       		.uleb128 0x40
 1184 0135 06       		.uleb128 0x6
 1185 0136 9642     		.uleb128 0x2116
 1186 0138 0C       		.uleb128 0xc
 1187 0139 01       		.uleb128 0x1
 1188 013a 13       		.uleb128 0x13
 1189 013b 00       		.byte	0
 1190 013c 00       		.byte	0
 1191 013d 16       		.uleb128 0x16
 1192 013e 05       		.uleb128 0x5
 1193 013f 00       		.byte	0
 1194 0140 03       		.uleb128 0x3
 1195 0141 08       		.uleb128 0x8
 1196 0142 3A       		.uleb128 0x3a
 1197 0143 0B       		.uleb128 0xb
 1198 0144 3B       		.uleb128 0x3b
 1199 0145 0B       		.uleb128 0xb
 1200 0146 49       		.uleb128 0x49
 1201 0147 13       		.uleb128 0x13
 1202 0148 02       		.uleb128 0x2
 1203 0149 0A       		.uleb128 0xa
 1204 014a 00       		.byte	0
 1205 014b 00       		.byte	0
 1206 014c 17       		.uleb128 0x17
 1207 014d 05       		.uleb128 0x5
 1208 014e 00       		.byte	0
 1209 014f 03       		.uleb128 0x3
 1210 0150 0E       		.uleb128 0xe
 1211 0151 3A       		.uleb128 0x3a
 1212 0152 0B       		.uleb128 0xb
 1213 0153 3B       		.uleb128 0x3b
 1214 0154 0B       		.uleb128 0xb
 1215 0155 49       		.uleb128 0x49
 1216 0156 13       		.uleb128 0x13
 1217 0157 02       		.uleb128 0x2
 1218 0158 0A       		.uleb128 0xa
 1219 0159 00       		.byte	0
 1220 015a 00       		.byte	0
 1221 015b 18       		.uleb128 0x18
 1222 015c 0B       		.uleb128 0xb
 1223 015d 01       		.byte	0x1
 1224 015e 11       		.uleb128 0x11
 1225 015f 01       		.uleb128 0x1
 1226 0160 12       		.uleb128 0x12
 1227 0161 01       		.uleb128 0x1
 1228 0162 00       		.byte	0
 1229 0163 00       		.byte	0
 1230 0164 19       		.uleb128 0x19
 1231 0165 34       		.uleb128 0x34
 1232 0166 00       		.byte	0
 1233 0167 03       		.uleb128 0x3
 1234 0168 0E       		.uleb128 0xe
 1235 0169 3A       		.uleb128 0x3a
 1236 016a 0B       		.uleb128 0xb
 1237 016b 3B       		.uleb128 0x3b
 1238 016c 0B       		.uleb128 0xb
 1239 016d 49       		.uleb128 0x49
ARM GAS  C:\DOCUME~1\Chuck\LOCALS~1\Temp\ccG8Zy4e.s 			page 24


 1240 016e 13       		.uleb128 0x13
 1241 016f 02       		.uleb128 0x2
 1242 0170 0A       		.uleb128 0xa
 1243 0171 00       		.byte	0
 1244 0172 00       		.byte	0
 1245 0173 1A       		.uleb128 0x1a
 1246 0174 2E       		.uleb128 0x2e
 1247 0175 01       		.byte	0x1
 1248 0176 47       		.uleb128 0x47
 1249 0177 13       		.uleb128 0x13
 1250 0178 3A       		.uleb128 0x3a
 1251 0179 0B       		.uleb128 0xb
 1252 017a 3B       		.uleb128 0x3b
 1253 017b 0B       		.uleb128 0xb
 1254 017c 11       		.uleb128 0x11
 1255 017d 01       		.uleb128 0x1
 1256 017e 12       		.uleb128 0x12
 1257 017f 01       		.uleb128 0x1
 1258 0180 40       		.uleb128 0x40
 1259 0181 06       		.uleb128 0x6
 1260 0182 64       		.uleb128 0x64
 1261 0183 13       		.uleb128 0x13
 1262 0184 9642     		.uleb128 0x2116
 1263 0186 0C       		.uleb128 0xc
 1264 0187 01       		.uleb128 0x1
 1265 0188 13       		.uleb128 0x13
 1266 0189 00       		.byte	0
 1267 018a 00       		.byte	0
 1268 018b 1B       		.uleb128 0x1b
 1269 018c 05       		.uleb128 0x5
 1270 018d 00       		.byte	0
 1271 018e 03       		.uleb128 0x3
 1272 018f 0E       		.uleb128 0xe
 1273 0190 49       		.uleb128 0x49
 1274 0191 13       		.uleb128 0x13
 1275 0192 34       		.uleb128 0x34
 1276 0193 0C       		.uleb128 0xc
 1277 0194 02       		.uleb128 0x2
 1278 0195 0A       		.uleb128 0xa
 1279 0196 00       		.byte	0
 1280 0197 00       		.byte	0
 1281 0198 1C       		.uleb128 0x1c
 1282 0199 02       		.uleb128 0x2
 1283 019a 00       		.byte	0
 1284 019b 03       		.uleb128 0x3
 1285 019c 0E       		.uleb128 0xe
 1286 019d 3C       		.uleb128 0x3c
 1287 019e 0C       		.uleb128 0xc
 1288 019f 00       		.byte	0
 1289 01a0 00       		.byte	0
 1290 01a1 1D       		.uleb128 0x1d
 1291 01a2 34       		.uleb128 0x34
 1292 01a3 00       		.byte	0
 1293 01a4 03       		.uleb128 0x3
 1294 01a5 0E       		.uleb128 0xe
 1295 01a6 3A       		.uleb128 0x3a
 1296 01a7 0B       		.uleb128 0xb
ARM GAS  C:\DOCUME~1\Chuck\LOCALS~1\Temp\ccG8Zy4e.s 			page 25


 1297 01a8 3B       		.uleb128 0x3b
 1298 01a9 0B       		.uleb128 0xb
 1299 01aa 49       		.uleb128 0x49
 1300 01ab 13       		.uleb128 0x13
 1301 01ac 3F       		.uleb128 0x3f
 1302 01ad 0C       		.uleb128 0xc
 1303 01ae 3C       		.uleb128 0x3c
 1304 01af 0C       		.uleb128 0xc
 1305 01b0 00       		.byte	0
 1306 01b1 00       		.byte	0
 1307 01b2 1E       		.uleb128 0x1e
 1308 01b3 01       		.uleb128 0x1
 1309 01b4 01       		.byte	0x1
 1310 01b5 49       		.uleb128 0x49
 1311 01b6 13       		.uleb128 0x13
 1312 01b7 01       		.uleb128 0x1
 1313 01b8 13       		.uleb128 0x13
 1314 01b9 00       		.byte	0
 1315 01ba 00       		.byte	0
 1316 01bb 1F       		.uleb128 0x1f
 1317 01bc 21       		.uleb128 0x21
 1318 01bd 00       		.byte	0
 1319 01be 49       		.uleb128 0x49
 1320 01bf 13       		.uleb128 0x13
 1321 01c0 2F       		.uleb128 0x2f
 1322 01c1 0B       		.uleb128 0xb
 1323 01c2 00       		.byte	0
 1324 01c3 00       		.byte	0
 1325 01c4 20       		.uleb128 0x20
 1326 01c5 34       		.uleb128 0x34
 1327 01c6 00       		.byte	0
 1328 01c7 47       		.uleb128 0x47
 1329 01c8 13       		.uleb128 0x13
 1330 01c9 02       		.uleb128 0x2
 1331 01ca 0A       		.uleb128 0xa
 1332 01cb 00       		.byte	0
 1333 01cc 00       		.byte	0
 1334 01cd 00       		.byte	0
 1335              		.section	.debug_loc,"",%progbits
 1336              	.Ldebug_loc0:
 1337              	.LLST0:
 1338 0000 00000000 		.4byte	.LFB105
 1339 0004 02000000 		.4byte	.LCFI0
 1340 0008 0200     		.2byte	0x2
 1341 000a 7D       		.byte	0x7d
 1342 000b 00       		.sleb128 0
 1343 000c 02000000 		.4byte	.LCFI0
 1344 0010 04000000 		.4byte	.LCFI1
 1345 0014 0200     		.2byte	0x2
 1346 0016 7D       		.byte	0x7d
 1347 0017 08       		.sleb128 8
 1348 0018 04000000 		.4byte	.LCFI1
 1349 001c 06000000 		.4byte	.LCFI2
 1350 0020 0200     		.2byte	0x2
 1351 0022 7D       		.byte	0x7d
 1352 0023 18       		.sleb128 24
 1353 0024 06000000 		.4byte	.LCFI2
ARM GAS  C:\DOCUME~1\Chuck\LOCALS~1\Temp\ccG8Zy4e.s 			page 26


 1354 0028 48000000 		.4byte	.LFE105
 1355 002c 0200     		.2byte	0x2
 1356 002e 77       		.byte	0x77
 1357 002f 18       		.sleb128 24
 1358 0030 00000000 		.4byte	0
 1359 0034 00000000 		.4byte	0
 1360              	.LLST1:
 1361 0038 00000000 		.4byte	.LFB106
 1362 003c 02000000 		.4byte	.LCFI3
 1363 0040 0200     		.2byte	0x2
 1364 0042 7D       		.byte	0x7d
 1365 0043 00       		.sleb128 0
 1366 0044 02000000 		.4byte	.LCFI3
 1367 0048 04000000 		.4byte	.LCFI4
 1368 004c 0200     		.2byte	0x2
 1369 004e 7D       		.byte	0x7d
 1370 004f 08       		.sleb128 8
 1371 0050 04000000 		.4byte	.LCFI4
 1372 0054 06000000 		.4byte	.LCFI5
 1373 0058 0200     		.2byte	0x2
 1374 005a 7D       		.byte	0x7d
 1375 005b 10       		.sleb128 16
 1376 005c 06000000 		.4byte	.LCFI5
 1377 0060 4C000000 		.4byte	.LFE106
 1378 0064 0200     		.2byte	0x2
 1379 0066 77       		.byte	0x77
 1380 0067 10       		.sleb128 16
 1381 0068 00000000 		.4byte	0
 1382 006c 00000000 		.4byte	0
 1383              	.LLST2:
 1384 0070 00000000 		.4byte	.LFB107
 1385 0074 02000000 		.4byte	.LCFI6
 1386 0078 0200     		.2byte	0x2
 1387 007a 7D       		.byte	0x7d
 1388 007b 00       		.sleb128 0
 1389 007c 02000000 		.4byte	.LCFI6
 1390 0080 04000000 		.4byte	.LCFI7
 1391 0084 0200     		.2byte	0x2
 1392 0086 7D       		.byte	0x7d
 1393 0087 08       		.sleb128 8
 1394 0088 04000000 		.4byte	.LCFI7
 1395 008c 06000000 		.4byte	.LCFI8
 1396 0090 0200     		.2byte	0x2
 1397 0092 7D       		.byte	0x7d
 1398 0093 10       		.sleb128 16
 1399 0094 06000000 		.4byte	.LCFI8
 1400 0098 48000000 		.4byte	.LFE107
 1401 009c 0200     		.2byte	0x2
 1402 009e 77       		.byte	0x77
 1403 009f 10       		.sleb128 16
 1404 00a0 00000000 		.4byte	0
 1405 00a4 00000000 		.4byte	0
 1406              	.LLST3:
 1407 00a8 00000000 		.4byte	.LFB108
 1408 00ac 02000000 		.4byte	.LCFI9
 1409 00b0 0200     		.2byte	0x2
 1410 00b2 7D       		.byte	0x7d
ARM GAS  C:\DOCUME~1\Chuck\LOCALS~1\Temp\ccG8Zy4e.s 			page 27


 1411 00b3 00       		.sleb128 0
 1412 00b4 02000000 		.4byte	.LCFI9
 1413 00b8 04000000 		.4byte	.LCFI10
 1414 00bc 0200     		.2byte	0x2
 1415 00be 7D       		.byte	0x7d
 1416 00bf 08       		.sleb128 8
 1417 00c0 04000000 		.4byte	.LCFI10
 1418 00c4 06000000 		.4byte	.LCFI11
 1419 00c8 0200     		.2byte	0x2
 1420 00ca 7D       		.byte	0x7d
 1421 00cb 10       		.sleb128 16
 1422 00cc 06000000 		.4byte	.LCFI11
 1423 00d0 48000000 		.4byte	.LFE108
 1424 00d4 0200     		.2byte	0x2
 1425 00d6 77       		.byte	0x77
 1426 00d7 10       		.sleb128 16
 1427 00d8 00000000 		.4byte	0
 1428 00dc 00000000 		.4byte	0
 1429              		.section	.debug_aranges,"",%progbits
 1430 0000 34000000 		.4byte	0x34
 1431 0004 0200     		.2byte	0x2
 1432 0006 00000000 		.4byte	.Ldebug_info0
 1433 000a 04       		.byte	0x4
 1434 000b 00       		.byte	0
 1435 000c 0000     		.2byte	0
 1436 000e 0000     		.2byte	0
 1437 0010 00000000 		.4byte	.LFB105
 1438 0014 48000000 		.4byte	.LFE105-.LFB105
 1439 0018 00000000 		.4byte	.LFB106
 1440 001c 4C000000 		.4byte	.LFE106-.LFB106
 1441 0020 00000000 		.4byte	.LFB107
 1442 0024 48000000 		.4byte	.LFE107-.LFB107
 1443 0028 00000000 		.4byte	.LFB108
 1444 002c 48000000 		.4byte	.LFE108-.LFB108
 1445 0030 00000000 		.4byte	0
 1446 0034 00000000 		.4byte	0
 1447              		.section	.debug_ranges,"",%progbits
 1448              	.Ldebug_ranges0:
 1449 0000 00000000 		.4byte	.LFB105
 1450 0004 48000000 		.4byte	.LFE105
 1451 0008 00000000 		.4byte	.LFB106
 1452 000c 4C000000 		.4byte	.LFE106
 1453 0010 00000000 		.4byte	.LFB107
 1454 0014 48000000 		.4byte	.LFE107
 1455 0018 00000000 		.4byte	.LFB108
 1456 001c 48000000 		.4byte	.LFE108
 1457 0020 00000000 		.4byte	0
 1458 0024 00000000 		.4byte	0
 1459              		.section	.debug_line,"",%progbits
 1460              	.Ldebug_line0:
 1461 0000 F3000000 		.section	.debug_str,"MS",%progbits,1
 1461      02009D00 
 1461      00000201 
 1461      FB0E0D00 
 1461      01010101 
 1462              	.LASF47:
 1463 0000 433A5C44 		.ascii	"C:\\Documents and Settings\\Chuck\\My Documents\\PS"
ARM GAS  C:\DOCUME~1\Chuck\LOCALS~1\Temp\ccG8Zy4e.s 			page 28


 1463      6F63756D 
 1463      656E7473 
 1463      20616E64 
 1463      20536574 
 1464 002f 6F432043 		.ascii	"oC Creator\\RosOnAStick\\RosOnAStick.cydsn\000"
 1464      72656174 
 1464      6F725C52 
 1464      6F734F6E 
 1464      41537469 
 1465              	.LASF33:
 1466 0058 5F5A4E33 		.ascii	"_ZN3ros4TimepLERKNS_8DurationE\000"
 1466      726F7334 
 1466      54696D65 
 1466      704C4552 
 1466      4B4E535F 
 1467              	.LASF34:
 1468 0077 5F5A4E33 		.ascii	"_ZN3ros4TimemIERKNS_8DurationE\000"
 1468      726F7334 
 1468      54696D65 
 1468      6D494552 
 1468      4B4E535F 
 1469              	.LASF15:
 1470 0096 44757261 		.ascii	"Duration\000"
 1470      74696F6E 
 1470      00
 1471              	.LASF23:
 1472 009f 6F706572 		.ascii	"operator*=\000"
 1472      61746F72 
 1472      2A3D00
 1473              	.LASF24:
 1474 00aa 5F5A4E33 		.ascii	"_ZN3ros8Duration7fromSecEd\000"
 1474      726F7338 
 1474      44757261 
 1474      74696F6E 
 1474      3766726F 
 1475              	.LASF50:
 1476 00c5 55617274 		.ascii	"Uart\000"
 1476      00
 1477              	.LASF37:
 1478 00ca 5F5A4E33 		.ascii	"_ZN3ros4Time6setNowERS0_\000"
 1478      726F7334 
 1478      54696D65 
 1478      36736574 
 1478      4E6F7745 
 1479              	.LASF38:
 1480 00e3 5F5A4E33 		.ascii	"_ZN3ros16normalizeSecNSecERmS0_\000"
 1480      726F7331 
 1480      366E6F72 
 1480      6D616C69 
 1480      7A655365 
 1481              	.LASF45:
 1482 0103 474E5520 		.ascii	"GNU C++ 4.7.3 20130312 (release) [ARM/embedded-4_7-"
 1482      432B2B20 
 1482      342E372E 
 1482      33203230 
 1482      31333033 
 1483 0136 6272616E 		.ascii	"branch revision 196615]\000"
ARM GAS  C:\DOCUME~1\Chuck\LOCALS~1\Temp\ccG8Zy4e.s 			page 29


 1483      63682072 
 1483      65766973 
 1483      696F6E20 
 1483      31393636 
 1484              	.LASF46:
 1485 014e 2E5C726F 		.ascii	".\\ros_lib\\time.cpp\000"
 1485      735F6C69 
 1485      625C7469 
 1485      6D652E63 
 1485      707000
 1486              	.LASF16:
 1487 0161 66726F6D 		.ascii	"fromSec\000"
 1487      53656300 
 1488              	.LASF25:
 1489 0169 5F5A4E33 		.ascii	"_ZN3ros8DurationmLEd\000"
 1489      726F7338 
 1489      44757261 
 1489      74696F6E 
 1489      6D4C4564 
 1490              	.LASF28:
 1491 017e 5F5A4E33 		.ascii	"_ZN3ros4Time7fromSecEd\000"
 1491      726F7334 
 1491      54696D65 
 1491      3766726F 
 1491      6D536563 
 1492              	.LASF31:
 1493 0195 66726F6D 		.ascii	"fromNSec\000"
 1493      4E536563 
 1493      00
 1494              	.LASF42:
 1495 019e 74686973 		.ascii	"this\000"
 1495      00
 1496              	.LASF39:
 1497 01a3 726F7373 		.ascii	"rosserial_msgs\000"
 1497      65726961 
 1497      6C5F6D73 
 1497      677300
 1498              	.LASF5:
 1499 01b2 6C6F6E67 		.ascii	"long unsigned int\000"
 1499      20756E73 
 1499      69676E65 
 1499      6420696E 
 1499      7400
 1500              	.LASF3:
 1501 01c4 73686F72 		.ascii	"short unsigned int\000"
 1501      7420756E 
 1501      7369676E 
 1501      65642069 
 1501      6E7400
 1502              	.LASF43:
 1503 01d7 52455155 		.ascii	"REQUESTPARAM\000"
 1503      45535450 
 1503      4152414D 
 1503      00
 1504              	.LASF29:
 1505 01e4 746F4E73 		.ascii	"toNsec\000"
 1505      656300
ARM GAS  C:\DOCUME~1\Chuck\LOCALS~1\Temp\ccG8Zy4e.s 			page 30


 1506              	.LASF36:
 1507 01eb 6E6F726D 		.ascii	"normalizeSecNSec\000"
 1507      616C697A 
 1507      65536563 
 1507      4E536563 
 1507      00
 1508              	.LASF27:
 1509 01fc 5F5A4E4B 		.ascii	"_ZNK3ros4Time5toSecEv\000"
 1509      33726F73 
 1509      3454696D 
 1509      6535746F 
 1509      53656345 
 1510              	.LASF40:
 1511 0212 6E736563 		.ascii	"nsec_part\000"
 1511      5F706172 
 1511      7400
 1512              	.LASF11:
 1513 021c 646F7562 		.ascii	"double\000"
 1513      6C6500
 1514              	.LASF17:
 1515 0223 746F5365 		.ascii	"toSec\000"
 1515      6300
 1516              	.LASF20:
 1517 0229 5F5A4E33 		.ascii	"_ZN3ros8DurationpLERKS0_\000"
 1517      726F7338 
 1517      44757261 
 1517      74696F6E 
 1517      704C4552 
 1518              	.LASF44:
 1519 0242 55617274 		.ascii	"Uart0\000"
 1519      3000
 1520              	.LASF32:
 1521 0248 5F5A4E33 		.ascii	"_ZN3ros4Time8fromNSecEl\000"
 1521      726F7334 
 1521      54696D65 
 1521      3866726F 
 1521      6D4E5365 
 1522              	.LASF8:
 1523 0260 756E7369 		.ascii	"unsigned int\000"
 1523      676E6564 
 1523      20696E74 
 1523      00
 1524              	.LASF41:
 1525 026d 7365635F 		.ascii	"sec_part\000"
 1525      70617274 
 1525      00
 1526              	.LASF7:
 1527 0276 6C6F6E67 		.ascii	"long long unsigned int\000"
 1527      206C6F6E 
 1527      6720756E 
 1527      7369676E 
 1527      65642069 
 1528              	.LASF18:
 1529 028d 6F706572 		.ascii	"operator+=\000"
 1529      61746F72 
 1529      2B3D00
 1530              	.LASF48:
ARM GAS  C:\DOCUME~1\Chuck\LOCALS~1\Temp\ccG8Zy4e.s 			page 31


 1531 0298 5F5A4E33 		.ascii	"_ZN3ros4Time3nowEv\000"
 1531      726F7334 
 1531      54696D65 
 1531      336E6F77 
 1531      457600
 1532              	.LASF21:
 1533 02ab 6F706572 		.ascii	"operator-=\000"
 1533      61746F72 
 1533      2D3D00
 1534              	.LASF1:
 1535 02b6 756E7369 		.ascii	"unsigned char\000"
 1535      676E6564 
 1535      20636861 
 1535      7200
 1536              	.LASF9:
 1537 02c4 73697A65 		.ascii	"sizetype\000"
 1537      74797065 
 1537      00
 1538              	.LASF6:
 1539 02cd 6C6F6E67 		.ascii	"long long int\000"
 1539      206C6F6E 
 1539      6720696E 
 1539      7400
 1540              	.LASF14:
 1541 02db 6E736563 		.ascii	"nsec\000"
 1541      00
 1542              	.LASF35:
 1543 02e0 7365744E 		.ascii	"setNow\000"
 1543      6F7700
 1544              	.LASF2:
 1545 02e7 73686F72 		.ascii	"short int\000"
 1545      7420696E 
 1545      7400
 1546              	.LASF49:
 1547 02f1 726F7373 		.ascii	"rosserial_msgs/RequestParam\000"
 1547      65726961 
 1547      6C5F6D73 
 1547      67732F52 
 1547      65717565 
 1548              	.LASF30:
 1549 030d 5F5A4E33 		.ascii	"_ZN3ros4Time6toNsecEv\000"
 1549      726F7334 
 1549      54696D65 
 1549      36746F4E 
 1549      73656345 
 1550              	.LASF22:
 1551 0323 5F5A4E33 		.ascii	"_ZN3ros8DurationmIERKS0_\000"
 1551      726F7338 
 1551      44757261 
 1551      74696F6E 
 1551      6D494552 
 1552              	.LASF4:
 1553 033c 6C6F6E67 		.ascii	"long int\000"
 1553      20696E74 
 1553      00
 1554              	.LASF10:
 1555 0345 63686172 		.ascii	"char\000"
ARM GAS  C:\DOCUME~1\Chuck\LOCALS~1\Temp\ccG8Zy4e.s 			page 32


 1555      00
 1556              	.LASF13:
 1557 034a 6C6F6E67 		.ascii	"long double\000"
 1557      20646F75 
 1557      626C6500 
 1558              	.LASF12:
 1559 0356 666C6F61 		.ascii	"float\000"
 1559      7400
 1560              	.LASF0:
 1561 035c 7369676E 		.ascii	"signed char\000"
 1561      65642063 
 1561      68617200 
 1562              	.LASF19:
 1563 0368 5F5A4E4B 		.ascii	"_ZNK3ros8Duration5toSecEv\000"
 1563      33726F73 
 1563      38447572 
 1563      6174696F 
 1563      6E35746F 
 1564              	.LASF26:
 1565 0382 54696D65 		.ascii	"Time\000"
 1565      00
 1566              		.ident	"GCC: (GNU Tools for ARM Embedded Processors) 4.7.3 20130312 (release) [ARM/embedded-4_7-br
