ARM GAS  C:\DOCUME~1\Chuck\LOCALS~1\Temp\ccO3FEtL.s 			page 1


   1              		.cpu cortex-m0
   2              		.fpu softvfp
   3              		.eabi_attribute 20, 1
   4              		.eabi_attribute 21, 1
   5              		.eabi_attribute 23, 3
   6              		.eabi_attribute 24, 1
   7              		.eabi_attribute 25, 1
   8              		.eabi_attribute 26, 1
   9              		.eabi_attribute 30, 6
  10              		.eabi_attribute 34, 0
  11              		.eabi_attribute 18, 4
  12              		.code	16
  13              		.file	"Transimpedance_PM.c"
  14              		.text
  15              	.Ltext0:
  16              		.cfi_sections	.debug_frame
  17              		.bss
  18              		.align	2
  19              	Transimpedance_backup:
  20 0000 00       		.space	1
  21 0001 000000   		.section	.text.Transimpedance_SaveConfig,"ax",%progbits
  22              		.align	2
  23              		.global	Transimpedance_SaveConfig
  24              		.code	16
  25              		.thumb_func
  26              		.type	Transimpedance_SaveConfig, %function
  27              	Transimpedance_SaveConfig:
  28              	.LFB0:
  29              		.file 1 ".\\Generated_Source\\PSoC4\\Transimpedance_PM.c"
   1:.\Generated_Source\PSoC4/Transimpedance_PM.c **** /*******************************************************************************
   2:.\Generated_Source\PSoC4/Transimpedance_PM.c **** * File Name: Transimpedance_PM.c
   3:.\Generated_Source\PSoC4/Transimpedance_PM.c **** * Version 1.0
   4:.\Generated_Source\PSoC4/Transimpedance_PM.c **** *
   5:.\Generated_Source\PSoC4/Transimpedance_PM.c **** * Description:
   6:.\Generated_Source\PSoC4/Transimpedance_PM.c **** *  This file provides the power management source code to the API for the
   7:.\Generated_Source\PSoC4/Transimpedance_PM.c **** *  OpAmp (Analog Buffer) component.
   8:.\Generated_Source\PSoC4/Transimpedance_PM.c **** *
   9:.\Generated_Source\PSoC4/Transimpedance_PM.c **** *
  10:.\Generated_Source\PSoC4/Transimpedance_PM.c **** ********************************************************************************
  11:.\Generated_Source\PSoC4/Transimpedance_PM.c **** * Copyright 2013, Cypress Semiconductor Corporation.  All rights reserved.
  12:.\Generated_Source\PSoC4/Transimpedance_PM.c **** * You may use this file only in accordance with the license, terms, conditions,
  13:.\Generated_Source\PSoC4/Transimpedance_PM.c **** * disclaimers, and limitations in the end user license agreement accompanying
  14:.\Generated_Source\PSoC4/Transimpedance_PM.c **** * the software package with which this file was provided.
  15:.\Generated_Source\PSoC4/Transimpedance_PM.c **** *******************************************************************************/
  16:.\Generated_Source\PSoC4/Transimpedance_PM.c **** 
  17:.\Generated_Source\PSoC4/Transimpedance_PM.c **** #include "Transimpedance.h"
  18:.\Generated_Source\PSoC4/Transimpedance_PM.c **** 
  19:.\Generated_Source\PSoC4/Transimpedance_PM.c **** static Transimpedance_BACKUP_STRUCT  Transimpedance_backup;
  20:.\Generated_Source\PSoC4/Transimpedance_PM.c **** 
  21:.\Generated_Source\PSoC4/Transimpedance_PM.c **** 
  22:.\Generated_Source\PSoC4/Transimpedance_PM.c **** /*******************************************************************************
  23:.\Generated_Source\PSoC4/Transimpedance_PM.c **** * Function Name: Transimpedance_SaveConfig
  24:.\Generated_Source\PSoC4/Transimpedance_PM.c **** ********************************************************************************
  25:.\Generated_Source\PSoC4/Transimpedance_PM.c **** *
  26:.\Generated_Source\PSoC4/Transimpedance_PM.c **** * Summary:
  27:.\Generated_Source\PSoC4/Transimpedance_PM.c **** *  Saves the current user configuration registers.
  28:.\Generated_Source\PSoC4/Transimpedance_PM.c **** *
ARM GAS  C:\DOCUME~1\Chuck\LOCALS~1\Temp\ccO3FEtL.s 			page 2


  29:.\Generated_Source\PSoC4/Transimpedance_PM.c **** * Parameters:
  30:.\Generated_Source\PSoC4/Transimpedance_PM.c **** *  None
  31:.\Generated_Source\PSoC4/Transimpedance_PM.c **** *
  32:.\Generated_Source\PSoC4/Transimpedance_PM.c **** * Return:
  33:.\Generated_Source\PSoC4/Transimpedance_PM.c **** *  None
  34:.\Generated_Source\PSoC4/Transimpedance_PM.c **** *
  35:.\Generated_Source\PSoC4/Transimpedance_PM.c **** *******************************************************************************/
  36:.\Generated_Source\PSoC4/Transimpedance_PM.c **** void Transimpedance_SaveConfig(void)
  37:.\Generated_Source\PSoC4/Transimpedance_PM.c **** {
  30              		.loc 1 37 0
  31              		.cfi_startproc
  32 0000 80B5     		push	{r7, lr}
  33              	.LCFI0:
  34              		.cfi_def_cfa_offset 8
  35              		.cfi_offset 7, -8
  36              		.cfi_offset 14, -4
  37 0002 00AF     		add	r7, sp, #0
  38              	.LCFI1:
  39              		.cfi_def_cfa_register 7
  38:.\Generated_Source\PSoC4/Transimpedance_PM.c **** }
  40              		.loc 1 38 0
  41 0004 BD46     		mov	sp, r7
  42              		@ sp needed for prologue
  43 0006 80BD     		pop	{r7, pc}
  44              		.cfi_endproc
  45              	.LFE0:
  46              		.size	Transimpedance_SaveConfig, .-Transimpedance_SaveConfig
  47              		.section	.text.Transimpedance_RestoreConfig,"ax",%progbits
  48              		.align	2
  49              		.global	Transimpedance_RestoreConfig
  50              		.code	16
  51              		.thumb_func
  52              		.type	Transimpedance_RestoreConfig, %function
  53              	Transimpedance_RestoreConfig:
  54              	.LFB1:
  39:.\Generated_Source\PSoC4/Transimpedance_PM.c **** 
  40:.\Generated_Source\PSoC4/Transimpedance_PM.c **** 
  41:.\Generated_Source\PSoC4/Transimpedance_PM.c **** /*******************************************************************************
  42:.\Generated_Source\PSoC4/Transimpedance_PM.c **** * Function Name: Transimpedance_RestoreConfig
  43:.\Generated_Source\PSoC4/Transimpedance_PM.c **** ********************************************************************************
  44:.\Generated_Source\PSoC4/Transimpedance_PM.c **** *
  45:.\Generated_Source\PSoC4/Transimpedance_PM.c **** * Summary:
  46:.\Generated_Source\PSoC4/Transimpedance_PM.c **** *  Restores the current user configuration registers.
  47:.\Generated_Source\PSoC4/Transimpedance_PM.c **** *
  48:.\Generated_Source\PSoC4/Transimpedance_PM.c **** * Parameters:
  49:.\Generated_Source\PSoC4/Transimpedance_PM.c **** *  None
  50:.\Generated_Source\PSoC4/Transimpedance_PM.c **** *
  51:.\Generated_Source\PSoC4/Transimpedance_PM.c **** * Return:
  52:.\Generated_Source\PSoC4/Transimpedance_PM.c **** *  None
  53:.\Generated_Source\PSoC4/Transimpedance_PM.c **** *
  54:.\Generated_Source\PSoC4/Transimpedance_PM.c **** *******************************************************************************/
  55:.\Generated_Source\PSoC4/Transimpedance_PM.c **** void Transimpedance_RestoreConfig(void)
  56:.\Generated_Source\PSoC4/Transimpedance_PM.c **** {
  55              		.loc 1 56 0
  56              		.cfi_startproc
  57 0000 80B5     		push	{r7, lr}
  58              	.LCFI2:
ARM GAS  C:\DOCUME~1\Chuck\LOCALS~1\Temp\ccO3FEtL.s 			page 3


  59              		.cfi_def_cfa_offset 8
  60              		.cfi_offset 7, -8
  61              		.cfi_offset 14, -4
  62 0002 00AF     		add	r7, sp, #0
  63              	.LCFI3:
  64              		.cfi_def_cfa_register 7
  57:.\Generated_Source\PSoC4/Transimpedance_PM.c **** }
  65              		.loc 1 57 0
  66 0004 BD46     		mov	sp, r7
  67              		@ sp needed for prologue
  68 0006 80BD     		pop	{r7, pc}
  69              		.cfi_endproc
  70              	.LFE1:
  71              		.size	Transimpedance_RestoreConfig, .-Transimpedance_RestoreConfig
  72              		.section	.text.Transimpedance_Sleep,"ax",%progbits
  73              		.align	2
  74              		.global	Transimpedance_Sleep
  75              		.code	16
  76              		.thumb_func
  77              		.type	Transimpedance_Sleep, %function
  78              	Transimpedance_Sleep:
  79              	.LFB2:
  58:.\Generated_Source\PSoC4/Transimpedance_PM.c **** 
  59:.\Generated_Source\PSoC4/Transimpedance_PM.c **** 
  60:.\Generated_Source\PSoC4/Transimpedance_PM.c **** /*******************************************************************************
  61:.\Generated_Source\PSoC4/Transimpedance_PM.c **** * Function Name: Transimpedance_Sleep
  62:.\Generated_Source\PSoC4/Transimpedance_PM.c **** ********************************************************************************
  63:.\Generated_Source\PSoC4/Transimpedance_PM.c **** *
  64:.\Generated_Source\PSoC4/Transimpedance_PM.c **** * Summary:
  65:.\Generated_Source\PSoC4/Transimpedance_PM.c **** *  Disables block's operation and saves its configuration. Should be called
  66:.\Generated_Source\PSoC4/Transimpedance_PM.c **** *  just prior to entering sleep.
  67:.\Generated_Source\PSoC4/Transimpedance_PM.c **** *
  68:.\Generated_Source\PSoC4/Transimpedance_PM.c **** * Parameters:
  69:.\Generated_Source\PSoC4/Transimpedance_PM.c **** *  None
  70:.\Generated_Source\PSoC4/Transimpedance_PM.c **** *
  71:.\Generated_Source\PSoC4/Transimpedance_PM.c **** * Return:
  72:.\Generated_Source\PSoC4/Transimpedance_PM.c **** *  None
  73:.\Generated_Source\PSoC4/Transimpedance_PM.c **** *
  74:.\Generated_Source\PSoC4/Transimpedance_PM.c **** * Global variables:
  75:.\Generated_Source\PSoC4/Transimpedance_PM.c **** *  Transimpedance_backup: The structure field 'enableState' is modified
  76:.\Generated_Source\PSoC4/Transimpedance_PM.c **** *  depending on the enable state of the block before entering to sleep mode.
  77:.\Generated_Source\PSoC4/Transimpedance_PM.c **** *
  78:.\Generated_Source\PSoC4/Transimpedance_PM.c **** *******************************************************************************/
  79:.\Generated_Source\PSoC4/Transimpedance_PM.c **** void Transimpedance_Sleep(void)
  80:.\Generated_Source\PSoC4/Transimpedance_PM.c **** {
  80              		.loc 1 80 0
  81              		.cfi_startproc
  82 0000 80B5     		push	{r7, lr}
  83              	.LCFI4:
  84              		.cfi_def_cfa_offset 8
  85              		.cfi_offset 7, -8
  86              		.cfi_offset 14, -4
  87 0002 00AF     		add	r7, sp, #0
  88              	.LCFI5:
  89              		.cfi_def_cfa_register 7
  81:.\Generated_Source\PSoC4/Transimpedance_PM.c ****     /* Save OpAmp enable state */
  82:.\Generated_Source\PSoC4/Transimpedance_PM.c ****     if((Transimpedance_OA_RES_CTRL & Transimpedance_OA_PWR_MODE_MASK) != 0u)
ARM GAS  C:\DOCUME~1\Chuck\LOCALS~1\Temp\ccO3FEtL.s 			page 4


  90              		.loc 1 82 0
  91 0004 084B     		ldr	r3, .L6
  92 0006 1A68     		ldr	r2, [r3]
  93 0008 0323     		mov	r3, #3
  94 000a 1340     		and	r3, r2
  95 000c 05D0     		beq	.L4
  83:.\Generated_Source\PSoC4/Transimpedance_PM.c ****     {
  84:.\Generated_Source\PSoC4/Transimpedance_PM.c ****         /* Component is enabled */
  85:.\Generated_Source\PSoC4/Transimpedance_PM.c ****         Transimpedance_backup.enableState = 1u;
  96              		.loc 1 85 0
  97 000e 074B     		ldr	r3, .L6+4
  98 0010 0122     		mov	r2, #1
  99 0012 1A70     		strb	r2, [r3]
  86:.\Generated_Source\PSoC4/Transimpedance_PM.c ****         /* Stops the component */
  87:.\Generated_Source\PSoC4/Transimpedance_PM.c ****         Transimpedance_Stop();
 100              		.loc 1 87 0
 101 0014 FFF7FEFF 		bl	Transimpedance_Stop
 102 0018 02E0     		b	.L5
 103              	.L4:
  88:.\Generated_Source\PSoC4/Transimpedance_PM.c ****     }
  89:.\Generated_Source\PSoC4/Transimpedance_PM.c ****     else
  90:.\Generated_Source\PSoC4/Transimpedance_PM.c ****     {
  91:.\Generated_Source\PSoC4/Transimpedance_PM.c ****         /* Component is disabled */
  92:.\Generated_Source\PSoC4/Transimpedance_PM.c ****         Transimpedance_backup.enableState = 0u;
 104              		.loc 1 92 0
 105 001a 044B     		ldr	r3, .L6+4
 106 001c 0022     		mov	r2, #0
 107 001e 1A70     		strb	r2, [r3]
 108              	.L5:
  93:.\Generated_Source\PSoC4/Transimpedance_PM.c ****     }
  94:.\Generated_Source\PSoC4/Transimpedance_PM.c ****     /* Saves the configuration */
  95:.\Generated_Source\PSoC4/Transimpedance_PM.c ****     Transimpedance_SaveConfig();
 109              		.loc 1 95 0
 110 0020 FFF7FEFF 		bl	Transimpedance_SaveConfig
  96:.\Generated_Source\PSoC4/Transimpedance_PM.c **** }
 111              		.loc 1 96 0
 112 0024 BD46     		mov	sp, r7
 113              		@ sp needed for prologue
 114 0026 80BD     		pop	{r7, pc}
 115              	.L7:
 116              		.align	2
 117              	.L6:
 118 0028 04001040 		.word	1074790404
 119 002c 00000000 		.word	Transimpedance_backup
 120              		.cfi_endproc
 121              	.LFE2:
 122              		.size	Transimpedance_Sleep, .-Transimpedance_Sleep
 123              		.section	.text.Transimpedance_Wakeup,"ax",%progbits
 124              		.align	2
 125              		.global	Transimpedance_Wakeup
 126              		.code	16
 127              		.thumb_func
 128              		.type	Transimpedance_Wakeup, %function
 129              	Transimpedance_Wakeup:
 130              	.LFB3:
  97:.\Generated_Source\PSoC4/Transimpedance_PM.c **** 
  98:.\Generated_Source\PSoC4/Transimpedance_PM.c **** 
ARM GAS  C:\DOCUME~1\Chuck\LOCALS~1\Temp\ccO3FEtL.s 			page 5


  99:.\Generated_Source\PSoC4/Transimpedance_PM.c **** /*******************************************************************************
 100:.\Generated_Source\PSoC4/Transimpedance_PM.c **** * Function Name: Transimpedance_Wakeup
 101:.\Generated_Source\PSoC4/Transimpedance_PM.c **** ********************************************************************************
 102:.\Generated_Source\PSoC4/Transimpedance_PM.c **** *
 103:.\Generated_Source\PSoC4/Transimpedance_PM.c **** * Summary:
 104:.\Generated_Source\PSoC4/Transimpedance_PM.c **** *  Enables block's operation and restores its configuration. Should be called
 105:.\Generated_Source\PSoC4/Transimpedance_PM.c **** *  just after awaking from sleep.
 106:.\Generated_Source\PSoC4/Transimpedance_PM.c **** *
 107:.\Generated_Source\PSoC4/Transimpedance_PM.c **** * Parameters:
 108:.\Generated_Source\PSoC4/Transimpedance_PM.c **** *  None
 109:.\Generated_Source\PSoC4/Transimpedance_PM.c **** *
 110:.\Generated_Source\PSoC4/Transimpedance_PM.c **** * Return:
 111:.\Generated_Source\PSoC4/Transimpedance_PM.c **** *  None
 112:.\Generated_Source\PSoC4/Transimpedance_PM.c **** *
 113:.\Generated_Source\PSoC4/Transimpedance_PM.c **** * Global variables:
 114:.\Generated_Source\PSoC4/Transimpedance_PM.c **** *  Transimpedance_backup: The structure field 'enableState' is used to
 115:.\Generated_Source\PSoC4/Transimpedance_PM.c **** *  restore the enable state of block after wakeup from sleep mode.
 116:.\Generated_Source\PSoC4/Transimpedance_PM.c **** *
 117:.\Generated_Source\PSoC4/Transimpedance_PM.c **** *******************************************************************************/
 118:.\Generated_Source\PSoC4/Transimpedance_PM.c **** void Transimpedance_Wakeup(void)
 119:.\Generated_Source\PSoC4/Transimpedance_PM.c **** {
 131              		.loc 1 119 0
 132              		.cfi_startproc
 133 0000 80B5     		push	{r7, lr}
 134              	.LCFI6:
 135              		.cfi_def_cfa_offset 8
 136              		.cfi_offset 7, -8
 137              		.cfi_offset 14, -4
 138 0002 00AF     		add	r7, sp, #0
 139              	.LCFI7:
 140              		.cfi_def_cfa_register 7
 120:.\Generated_Source\PSoC4/Transimpedance_PM.c ****     /* Restore the user configuration */
 121:.\Generated_Source\PSoC4/Transimpedance_PM.c ****     Transimpedance_RestoreConfig();
 141              		.loc 1 121 0
 142 0004 FFF7FEFF 		bl	Transimpedance_RestoreConfig
 122:.\Generated_Source\PSoC4/Transimpedance_PM.c **** 
 123:.\Generated_Source\PSoC4/Transimpedance_PM.c ****     /* Enables the component operation */
 124:.\Generated_Source\PSoC4/Transimpedance_PM.c ****     if(Transimpedance_backup.enableState == 1u)
 143              		.loc 1 124 0
 144 0008 034B     		ldr	r3, .L10
 145 000a 1B78     		ldrb	r3, [r3]
 146 000c 012B     		cmp	r3, #1
 147 000e 01D1     		bne	.L8
 125:.\Generated_Source\PSoC4/Transimpedance_PM.c ****     {
 126:.\Generated_Source\PSoC4/Transimpedance_PM.c ****         Transimpedance_Enable();
 148              		.loc 1 126 0
 149 0010 FFF7FEFF 		bl	Transimpedance_Enable
 150              	.L8:
 127:.\Generated_Source\PSoC4/Transimpedance_PM.c ****     } /* Do nothing if component was disable before */
 128:.\Generated_Source\PSoC4/Transimpedance_PM.c **** }
 151              		.loc 1 128 0
 152 0014 BD46     		mov	sp, r7
 153              		@ sp needed for prologue
 154 0016 80BD     		pop	{r7, pc}
 155              	.L11:
 156              		.align	2
 157              	.L10:
ARM GAS  C:\DOCUME~1\Chuck\LOCALS~1\Temp\ccO3FEtL.s 			page 6


 158 0018 00000000 		.word	Transimpedance_backup
 159              		.cfi_endproc
 160              	.LFE3:
 161              		.size	Transimpedance_Wakeup, .-Transimpedance_Wakeup
 162              		.text
 163              	.Letext0:
 164              		.file 2 ".\\Generated_Source\\PSoC4\\cytypes.h"
 165              		.file 3 ".\\Generated_Source\\PSoC4\\Transimpedance.h"
 166              		.section	.debug_info,"",%progbits
 167              	.Ldebug_info0:
 168 0000 32010000 		.4byte	0x132
 169 0004 0200     		.2byte	0x2
 170 0006 00000000 		.4byte	.Ldebug_abbrev0
 171 000a 04       		.byte	0x4
 172 000b 01       		.uleb128 0x1
 173 000c 99010000 		.4byte	.LASF20
 174 0010 01       		.byte	0x1
 175 0011 33010000 		.4byte	.LASF21
 176 0015 00000000 		.4byte	.LASF22
 177 0019 00000000 		.4byte	.Ldebug_ranges0+0
 178 001d 00000000 		.4byte	0
 179 0021 00000000 		.4byte	0
 180 0025 00000000 		.4byte	.Ldebug_line0
 181 0029 02       		.uleb128 0x2
 182 002a 01       		.byte	0x1
 183 002b 06       		.byte	0x6
 184 002c F7010000 		.4byte	.LASF0
 185 0030 02       		.uleb128 0x2
 186 0031 01       		.byte	0x1
 187 0032 08       		.byte	0x8
 188 0033 7E000000 		.4byte	.LASF1
 189 0037 02       		.uleb128 0x2
 190 0038 02       		.byte	0x2
 191 0039 05       		.byte	0x5
 192 003a 89010000 		.4byte	.LASF2
 193 003e 02       		.uleb128 0x2
 194 003f 02       		.byte	0x2
 195 0040 07       		.byte	0x7
 196 0041 9E000000 		.4byte	.LASF3
 197 0045 02       		.uleb128 0x2
 198 0046 04       		.byte	0x4
 199 0047 05       		.byte	0x5
 200 0048 E2010000 		.4byte	.LASF4
 201 004c 02       		.uleb128 0x2
 202 004d 04       		.byte	0x4
 203 004e 07       		.byte	0x7
 204 004f 8C000000 		.4byte	.LASF5
 205 0053 02       		.uleb128 0x2
 206 0054 08       		.byte	0x8
 207 0055 05       		.byte	0x5
 208 0056 60010000 		.4byte	.LASF6
 209 005a 02       		.uleb128 0x2
 210 005b 08       		.byte	0x8
 211 005c 07       		.byte	0x7
 212 005d E2000000 		.4byte	.LASF7
 213 0061 03       		.uleb128 0x3
 214 0062 04       		.byte	0x4
ARM GAS  C:\DOCUME~1\Chuck\LOCALS~1\Temp\ccO3FEtL.s 			page 7


 215 0063 05       		.byte	0x5
 216 0064 696E7400 		.ascii	"int\000"
 217 0068 02       		.uleb128 0x2
 218 0069 04       		.byte	0x4
 219 006a 07       		.byte	0x7
 220 006b D5000000 		.4byte	.LASF8
 221 006f 04       		.uleb128 0x4
 222 0070 93010000 		.4byte	.LASF9
 223 0074 02       		.byte	0x2
 224 0075 5B       		.byte	0x5b
 225 0076 30000000 		.4byte	0x30
 226 007a 04       		.uleb128 0x4
 227 007b CE000000 		.4byte	.LASF10
 228 007f 02       		.byte	0x2
 229 0080 5D       		.byte	0x5d
 230 0081 4C000000 		.4byte	0x4c
 231 0085 02       		.uleb128 0x2
 232 0086 04       		.byte	0x4
 233 0087 04       		.byte	0x4
 234 0088 78000000 		.4byte	.LASF11
 235 008c 02       		.uleb128 0x2
 236 008d 08       		.byte	0x8
 237 008e 04       		.byte	0x4
 238 008f B1000000 		.4byte	.LASF12
 239 0093 02       		.uleb128 0x2
 240 0094 01       		.byte	0x1
 241 0095 08       		.byte	0x8
 242 0096 6E010000 		.4byte	.LASF13
 243 009a 04       		.uleb128 0x4
 244 009b 58000000 		.4byte	.LASF14
 245 009f 02       		.byte	0x2
 246 00a0 F2       		.byte	0xf2
 247 00a1 A5000000 		.4byte	0xa5
 248 00a5 05       		.uleb128 0x5
 249 00a6 7A000000 		.4byte	0x7a
 250 00aa 06       		.uleb128 0x6
 251 00ab 01       		.byte	0x1
 252 00ac 03       		.byte	0x3
 253 00ad 1E       		.byte	0x1e
 254 00ae C1000000 		.4byte	0xc1
 255 00b2 07       		.uleb128 0x7
 256 00b3 EB010000 		.4byte	.LASF23
 257 00b7 03       		.byte	0x3
 258 00b8 20       		.byte	0x20
 259 00b9 6F000000 		.4byte	0x6f
 260 00bd 02       		.byte	0x2
 261 00be 23       		.byte	0x23
 262 00bf 00       		.uleb128 0
 263 00c0 00       		.byte	0
 264 00c1 04       		.uleb128 0x4
 265 00c2 F9000000 		.4byte	.LASF15
 266 00c6 03       		.byte	0x3
 267 00c7 21       		.byte	0x21
 268 00c8 AA000000 		.4byte	0xaa
 269 00cc 08       		.uleb128 0x8
 270 00cd 01       		.byte	0x1
 271 00ce 5E000000 		.4byte	.LASF16
ARM GAS  C:\DOCUME~1\Chuck\LOCALS~1\Temp\ccO3FEtL.s 			page 8


 272 00d2 01       		.byte	0x1
 273 00d3 24       		.byte	0x24
 274 00d4 01       		.byte	0x1
 275 00d5 00000000 		.4byte	.LFB0
 276 00d9 08000000 		.4byte	.LFE0
 277 00dd 00000000 		.4byte	.LLST0
 278 00e1 01       		.byte	0x1
 279 00e2 08       		.uleb128 0x8
 280 00e3 01       		.byte	0x1
 281 00e4 16010000 		.4byte	.LASF17
 282 00e8 01       		.byte	0x1
 283 00e9 37       		.byte	0x37
 284 00ea 01       		.byte	0x1
 285 00eb 00000000 		.4byte	.LFB1
 286 00ef 08000000 		.4byte	.LFE1
 287 00f3 2C000000 		.4byte	.LLST1
 288 00f7 01       		.byte	0x1
 289 00f8 09       		.uleb128 0x9
 290 00f9 01       		.byte	0x1
 291 00fa 03020000 		.4byte	.LASF18
 292 00fe 01       		.byte	0x1
 293 00ff 4F       		.byte	0x4f
 294 0100 01       		.byte	0x1
 295 0101 00000000 		.4byte	.LFB2
 296 0105 30000000 		.4byte	.LFE2
 297 0109 58000000 		.4byte	.LLST2
 298 010d 01       		.byte	0x1
 299 010e 09       		.uleb128 0x9
 300 010f 01       		.byte	0x1
 301 0110 73010000 		.4byte	.LASF19
 302 0114 01       		.byte	0x1
 303 0115 76       		.byte	0x76
 304 0116 01       		.byte	0x1
 305 0117 00000000 		.4byte	.LFB3
 306 011b 1C000000 		.4byte	.LFE3
 307 011f 84000000 		.4byte	.LLST3
 308 0123 01       		.byte	0x1
 309 0124 0A       		.uleb128 0xa
 310 0125 B8000000 		.4byte	.LASF24
 311 0129 01       		.byte	0x1
 312 012a 13       		.byte	0x13
 313 012b C1000000 		.4byte	0xc1
 314 012f 05       		.byte	0x5
 315 0130 03       		.byte	0x3
 316 0131 00000000 		.4byte	Transimpedance_backup
 317 0135 00       		.byte	0
 318              		.section	.debug_abbrev,"",%progbits
 319              	.Ldebug_abbrev0:
 320 0000 01       		.uleb128 0x1
 321 0001 11       		.uleb128 0x11
 322 0002 01       		.byte	0x1
 323 0003 25       		.uleb128 0x25
 324 0004 0E       		.uleb128 0xe
 325 0005 13       		.uleb128 0x13
 326 0006 0B       		.uleb128 0xb
 327 0007 03       		.uleb128 0x3
 328 0008 0E       		.uleb128 0xe
ARM GAS  C:\DOCUME~1\Chuck\LOCALS~1\Temp\ccO3FEtL.s 			page 9


 329 0009 1B       		.uleb128 0x1b
 330 000a 0E       		.uleb128 0xe
 331 000b 55       		.uleb128 0x55
 332 000c 06       		.uleb128 0x6
 333 000d 11       		.uleb128 0x11
 334 000e 01       		.uleb128 0x1
 335 000f 52       		.uleb128 0x52
 336 0010 01       		.uleb128 0x1
 337 0011 10       		.uleb128 0x10
 338 0012 06       		.uleb128 0x6
 339 0013 00       		.byte	0
 340 0014 00       		.byte	0
 341 0015 02       		.uleb128 0x2
 342 0016 24       		.uleb128 0x24
 343 0017 00       		.byte	0
 344 0018 0B       		.uleb128 0xb
 345 0019 0B       		.uleb128 0xb
 346 001a 3E       		.uleb128 0x3e
 347 001b 0B       		.uleb128 0xb
 348 001c 03       		.uleb128 0x3
 349 001d 0E       		.uleb128 0xe
 350 001e 00       		.byte	0
 351 001f 00       		.byte	0
 352 0020 03       		.uleb128 0x3
 353 0021 24       		.uleb128 0x24
 354 0022 00       		.byte	0
 355 0023 0B       		.uleb128 0xb
 356 0024 0B       		.uleb128 0xb
 357 0025 3E       		.uleb128 0x3e
 358 0026 0B       		.uleb128 0xb
 359 0027 03       		.uleb128 0x3
 360 0028 08       		.uleb128 0x8
 361 0029 00       		.byte	0
 362 002a 00       		.byte	0
 363 002b 04       		.uleb128 0x4
 364 002c 16       		.uleb128 0x16
 365 002d 00       		.byte	0
 366 002e 03       		.uleb128 0x3
 367 002f 0E       		.uleb128 0xe
 368 0030 3A       		.uleb128 0x3a
 369 0031 0B       		.uleb128 0xb
 370 0032 3B       		.uleb128 0x3b
 371 0033 0B       		.uleb128 0xb
 372 0034 49       		.uleb128 0x49
 373 0035 13       		.uleb128 0x13
 374 0036 00       		.byte	0
 375 0037 00       		.byte	0
 376 0038 05       		.uleb128 0x5
 377 0039 35       		.uleb128 0x35
 378 003a 00       		.byte	0
 379 003b 49       		.uleb128 0x49
 380 003c 13       		.uleb128 0x13
 381 003d 00       		.byte	0
 382 003e 00       		.byte	0
 383 003f 06       		.uleb128 0x6
 384 0040 13       		.uleb128 0x13
 385 0041 01       		.byte	0x1
ARM GAS  C:\DOCUME~1\Chuck\LOCALS~1\Temp\ccO3FEtL.s 			page 10


 386 0042 0B       		.uleb128 0xb
 387 0043 0B       		.uleb128 0xb
 388 0044 3A       		.uleb128 0x3a
 389 0045 0B       		.uleb128 0xb
 390 0046 3B       		.uleb128 0x3b
 391 0047 0B       		.uleb128 0xb
 392 0048 01       		.uleb128 0x1
 393 0049 13       		.uleb128 0x13
 394 004a 00       		.byte	0
 395 004b 00       		.byte	0
 396 004c 07       		.uleb128 0x7
 397 004d 0D       		.uleb128 0xd
 398 004e 00       		.byte	0
 399 004f 03       		.uleb128 0x3
 400 0050 0E       		.uleb128 0xe
 401 0051 3A       		.uleb128 0x3a
 402 0052 0B       		.uleb128 0xb
 403 0053 3B       		.uleb128 0x3b
 404 0054 0B       		.uleb128 0xb
 405 0055 49       		.uleb128 0x49
 406 0056 13       		.uleb128 0x13
 407 0057 38       		.uleb128 0x38
 408 0058 0A       		.uleb128 0xa
 409 0059 00       		.byte	0
 410 005a 00       		.byte	0
 411 005b 08       		.uleb128 0x8
 412 005c 2E       		.uleb128 0x2e
 413 005d 00       		.byte	0
 414 005e 3F       		.uleb128 0x3f
 415 005f 0C       		.uleb128 0xc
 416 0060 03       		.uleb128 0x3
 417 0061 0E       		.uleb128 0xe
 418 0062 3A       		.uleb128 0x3a
 419 0063 0B       		.uleb128 0xb
 420 0064 3B       		.uleb128 0x3b
 421 0065 0B       		.uleb128 0xb
 422 0066 27       		.uleb128 0x27
 423 0067 0C       		.uleb128 0xc
 424 0068 11       		.uleb128 0x11
 425 0069 01       		.uleb128 0x1
 426 006a 12       		.uleb128 0x12
 427 006b 01       		.uleb128 0x1
 428 006c 40       		.uleb128 0x40
 429 006d 06       		.uleb128 0x6
 430 006e 9742     		.uleb128 0x2117
 431 0070 0C       		.uleb128 0xc
 432 0071 00       		.byte	0
 433 0072 00       		.byte	0
 434 0073 09       		.uleb128 0x9
 435 0074 2E       		.uleb128 0x2e
 436 0075 00       		.byte	0
 437 0076 3F       		.uleb128 0x3f
 438 0077 0C       		.uleb128 0xc
 439 0078 03       		.uleb128 0x3
 440 0079 0E       		.uleb128 0xe
 441 007a 3A       		.uleb128 0x3a
 442 007b 0B       		.uleb128 0xb
ARM GAS  C:\DOCUME~1\Chuck\LOCALS~1\Temp\ccO3FEtL.s 			page 11


 443 007c 3B       		.uleb128 0x3b
 444 007d 0B       		.uleb128 0xb
 445 007e 27       		.uleb128 0x27
 446 007f 0C       		.uleb128 0xc
 447 0080 11       		.uleb128 0x11
 448 0081 01       		.uleb128 0x1
 449 0082 12       		.uleb128 0x12
 450 0083 01       		.uleb128 0x1
 451 0084 40       		.uleb128 0x40
 452 0085 06       		.uleb128 0x6
 453 0086 9642     		.uleb128 0x2116
 454 0088 0C       		.uleb128 0xc
 455 0089 00       		.byte	0
 456 008a 00       		.byte	0
 457 008b 0A       		.uleb128 0xa
 458 008c 34       		.uleb128 0x34
 459 008d 00       		.byte	0
 460 008e 03       		.uleb128 0x3
 461 008f 0E       		.uleb128 0xe
 462 0090 3A       		.uleb128 0x3a
 463 0091 0B       		.uleb128 0xb
 464 0092 3B       		.uleb128 0x3b
 465 0093 0B       		.uleb128 0xb
 466 0094 49       		.uleb128 0x49
 467 0095 13       		.uleb128 0x13
 468 0096 02       		.uleb128 0x2
 469 0097 0A       		.uleb128 0xa
 470 0098 00       		.byte	0
 471 0099 00       		.byte	0
 472 009a 00       		.byte	0
 473              		.section	.debug_loc,"",%progbits
 474              	.Ldebug_loc0:
 475              	.LLST0:
 476 0000 00000000 		.4byte	.LFB0
 477 0004 02000000 		.4byte	.LCFI0
 478 0008 0200     		.2byte	0x2
 479 000a 7D       		.byte	0x7d
 480 000b 00       		.sleb128 0
 481 000c 02000000 		.4byte	.LCFI0
 482 0010 04000000 		.4byte	.LCFI1
 483 0014 0200     		.2byte	0x2
 484 0016 7D       		.byte	0x7d
 485 0017 08       		.sleb128 8
 486 0018 04000000 		.4byte	.LCFI1
 487 001c 08000000 		.4byte	.LFE0
 488 0020 0200     		.2byte	0x2
 489 0022 77       		.byte	0x77
 490 0023 08       		.sleb128 8
 491 0024 00000000 		.4byte	0
 492 0028 00000000 		.4byte	0
 493              	.LLST1:
 494 002c 00000000 		.4byte	.LFB1
 495 0030 02000000 		.4byte	.LCFI2
 496 0034 0200     		.2byte	0x2
 497 0036 7D       		.byte	0x7d
 498 0037 00       		.sleb128 0
 499 0038 02000000 		.4byte	.LCFI2
ARM GAS  C:\DOCUME~1\Chuck\LOCALS~1\Temp\ccO3FEtL.s 			page 12


 500 003c 04000000 		.4byte	.LCFI3
 501 0040 0200     		.2byte	0x2
 502 0042 7D       		.byte	0x7d
 503 0043 08       		.sleb128 8
 504 0044 04000000 		.4byte	.LCFI3
 505 0048 08000000 		.4byte	.LFE1
 506 004c 0200     		.2byte	0x2
 507 004e 77       		.byte	0x77
 508 004f 08       		.sleb128 8
 509 0050 00000000 		.4byte	0
 510 0054 00000000 		.4byte	0
 511              	.LLST2:
 512 0058 00000000 		.4byte	.LFB2
 513 005c 02000000 		.4byte	.LCFI4
 514 0060 0200     		.2byte	0x2
 515 0062 7D       		.byte	0x7d
 516 0063 00       		.sleb128 0
 517 0064 02000000 		.4byte	.LCFI4
 518 0068 04000000 		.4byte	.LCFI5
 519 006c 0200     		.2byte	0x2
 520 006e 7D       		.byte	0x7d
 521 006f 08       		.sleb128 8
 522 0070 04000000 		.4byte	.LCFI5
 523 0074 30000000 		.4byte	.LFE2
 524 0078 0200     		.2byte	0x2
 525 007a 77       		.byte	0x77
 526 007b 08       		.sleb128 8
 527 007c 00000000 		.4byte	0
 528 0080 00000000 		.4byte	0
 529              	.LLST3:
 530 0084 00000000 		.4byte	.LFB3
 531 0088 02000000 		.4byte	.LCFI6
 532 008c 0200     		.2byte	0x2
 533 008e 7D       		.byte	0x7d
 534 008f 00       		.sleb128 0
 535 0090 02000000 		.4byte	.LCFI6
 536 0094 04000000 		.4byte	.LCFI7
 537 0098 0200     		.2byte	0x2
 538 009a 7D       		.byte	0x7d
 539 009b 08       		.sleb128 8
 540 009c 04000000 		.4byte	.LCFI7
 541 00a0 1C000000 		.4byte	.LFE3
 542 00a4 0200     		.2byte	0x2
 543 00a6 77       		.byte	0x77
 544 00a7 08       		.sleb128 8
 545 00a8 00000000 		.4byte	0
 546 00ac 00000000 		.4byte	0
 547              		.section	.debug_aranges,"",%progbits
 548 0000 34000000 		.4byte	0x34
 549 0004 0200     		.2byte	0x2
 550 0006 00000000 		.4byte	.Ldebug_info0
 551 000a 04       		.byte	0x4
 552 000b 00       		.byte	0
 553 000c 0000     		.2byte	0
 554 000e 0000     		.2byte	0
 555 0010 00000000 		.4byte	.LFB0
 556 0014 08000000 		.4byte	.LFE0-.LFB0
ARM GAS  C:\DOCUME~1\Chuck\LOCALS~1\Temp\ccO3FEtL.s 			page 13


 557 0018 00000000 		.4byte	.LFB1
 558 001c 08000000 		.4byte	.LFE1-.LFB1
 559 0020 00000000 		.4byte	.LFB2
 560 0024 30000000 		.4byte	.LFE2-.LFB2
 561 0028 00000000 		.4byte	.LFB3
 562 002c 1C000000 		.4byte	.LFE3-.LFB3
 563 0030 00000000 		.4byte	0
 564 0034 00000000 		.4byte	0
 565              		.section	.debug_ranges,"",%progbits
 566              	.Ldebug_ranges0:
 567 0000 00000000 		.4byte	.LFB0
 568 0004 08000000 		.4byte	.LFE0
 569 0008 00000000 		.4byte	.LFB1
 570 000c 08000000 		.4byte	.LFE1
 571 0010 00000000 		.4byte	.LFB2
 572 0014 30000000 		.4byte	.LFE2
 573 0018 00000000 		.4byte	.LFB3
 574 001c 1C000000 		.4byte	.LFE3
 575 0020 00000000 		.4byte	0
 576 0024 00000000 		.4byte	0
 577              		.section	.debug_line,"",%progbits
 578              	.Ldebug_line0:
 579 0000 B4000000 		.section	.debug_str,"MS",%progbits,1
 579      02006400 
 579      00000201 
 579      FB0E0D00 
 579      01010101 
 580              	.LASF22:
 581 0000 433A5C44 		.ascii	"C:\\Documents and Settings\\Chuck\\My Documents\\PS"
 581      6F63756D 
 581      656E7473 
 581      20616E64 
 581      20536574 
 582 002f 6F432043 		.ascii	"oC Creator\\RosOnAStick\\RosOnAStick.cydsn\000"
 582      72656174 
 582      6F725C52 
 582      6F734F6E 
 582      41537469 
 583              	.LASF14:
 584 0058 72656733 		.ascii	"reg32\000"
 584      3200
 585              	.LASF16:
 586 005e 5472616E 		.ascii	"Transimpedance_SaveConfig\000"
 586      73696D70 
 586      6564616E 
 586      63655F53 
 586      61766543 
 587              	.LASF11:
 588 0078 666C6F61 		.ascii	"float\000"
 588      7400
 589              	.LASF1:
 590 007e 756E7369 		.ascii	"unsigned char\000"
 590      676E6564 
 590      20636861 
 590      7200
 591              	.LASF5:
 592 008c 6C6F6E67 		.ascii	"long unsigned int\000"
ARM GAS  C:\DOCUME~1\Chuck\LOCALS~1\Temp\ccO3FEtL.s 			page 14


 592      20756E73 
 592      69676E65 
 592      6420696E 
 592      7400
 593              	.LASF3:
 594 009e 73686F72 		.ascii	"short unsigned int\000"
 594      7420756E 
 594      7369676E 
 594      65642069 
 594      6E7400
 595              	.LASF12:
 596 00b1 646F7562 		.ascii	"double\000"
 596      6C6500
 597              	.LASF24:
 598 00b8 5472616E 		.ascii	"Transimpedance_backup\000"
 598      73696D70 
 598      6564616E 
 598      63655F62 
 598      61636B75 
 599              	.LASF10:
 600 00ce 75696E74 		.ascii	"uint32\000"
 600      333200
 601              	.LASF8:
 602 00d5 756E7369 		.ascii	"unsigned int\000"
 602      676E6564 
 602      20696E74 
 602      00
 603              	.LASF7:
 604 00e2 6C6F6E67 		.ascii	"long long unsigned int\000"
 604      206C6F6E 
 604      6720756E 
 604      7369676E 
 604      65642069 
 605              	.LASF15:
 606 00f9 5472616E 		.ascii	"Transimpedance_BACKUP_STRUCT\000"
 606      73696D70 
 606      6564616E 
 606      63655F42 
 606      41434B55 
 607              	.LASF17:
 608 0116 5472616E 		.ascii	"Transimpedance_RestoreConfig\000"
 608      73696D70 
 608      6564616E 
 608      63655F52 
 608      6573746F 
 609              	.LASF21:
 610 0133 2E5C4765 		.ascii	".\\Generated_Source\\PSoC4\\Transimpedance_PM.c\000"
 610      6E657261 
 610      7465645F 
 610      536F7572 
 610      63655C50 
 611              	.LASF6:
 612 0160 6C6F6E67 		.ascii	"long long int\000"
 612      206C6F6E 
 612      6720696E 
 612      7400
 613              	.LASF13:
ARM GAS  C:\DOCUME~1\Chuck\LOCALS~1\Temp\ccO3FEtL.s 			page 15


 614 016e 63686172 		.ascii	"char\000"
 614      00
 615              	.LASF19:
 616 0173 5472616E 		.ascii	"Transimpedance_Wakeup\000"
 616      73696D70 
 616      6564616E 
 616      63655F57 
 616      616B6575 
 617              	.LASF2:
 618 0189 73686F72 		.ascii	"short int\000"
 618      7420696E 
 618      7400
 619              	.LASF9:
 620 0193 75696E74 		.ascii	"uint8\000"
 620      3800
 621              	.LASF20:
 622 0199 474E5520 		.ascii	"GNU C 4.7.3 20130312 (release) [ARM/embedded-4_7-br"
 622      4320342E 
 622      372E3320 
 622      32303133 
 622      30333132 
 623 01cc 616E6368 		.ascii	"anch revision 196615]\000"
 623      20726576 
 623      6973696F 
 623      6E203139 
 623      36363135 
 624              	.LASF4:
 625 01e2 6C6F6E67 		.ascii	"long int\000"
 625      20696E74 
 625      00
 626              	.LASF23:
 627 01eb 656E6162 		.ascii	"enableState\000"
 627      6C655374 
 627      61746500 
 628              	.LASF0:
 629 01f7 7369676E 		.ascii	"signed char\000"
 629      65642063 
 629      68617200 
 630              	.LASF18:
 631 0203 5472616E 		.ascii	"Transimpedance_Sleep\000"
 631      73696D70 
 631      6564616E 
 631      63655F53 
 631      6C656570 
 632              		.ident	"GCC: (GNU Tools for ARM Embedded Processors) 4.7.3 20130312 (release) [ARM/embedded-4_7-br
